<?xml version="1.0" encoding="UTF-8"?>
<robot generator="Robot 6.1.1 (Python 3.11.4 on win32)" generated="20230812 10:54:33.128" rpa="false" schemaversion="4">
<suite id="s1" name="Admin Create User" source="D:\BALANCE\vite-react-balance\test\testcases\Admin_Create_User.robot">
<test id="s1-t1" name=" CRU_28 Kiểm tra có thể xem danh sách trang kế tiếp, trước trước, 10 trang kế tiếp, 10 trang trước" line="211">
<kw name="Setup" library="common" type="SETUP">
<kw name="Set Browser Timeout" library="Browser">
<arg>${BROWSER_TIMEOUT}</arg>
<tag>Config</tag>
<tag>Setter</tag>
<doc>Sets the timeout used by most input and getter keywords.</doc>
<status status="PASS" starttime="20230812 10:54:36.634" endtime="20230812 10:54:36.650"/>
</kw>
<kw name="New Browser" library="Browser">
<arg>${BROWSER}</arg>
<arg>headless=${HEADLESS}</arg>
<tag>BrowserControl</tag>
<tag>Setter</tag>
<doc>Create a new playwright Browser with specified options.</doc>
<msg timestamp="20230812 10:54:36.653" level="INFO">{"browser": "chromium", "headless": false, "chromiumSandbox": false, "devtools": false, "handleSIGHUP": true, "handleSIGINT": true, "handleSIGTERM": true, "ignoreDefaultArgs": false, "slowMo": 0.0, "timeout": 30000.0, "tracesDir": "D:\\BALANCE\\vite-react-balance\\browser\\traces\\04c430b6-4fe2-4530-885c-dd96a7de1c87"}</msg>
<msg timestamp="20230812 10:54:38.428" level="INFO">Successfully created browser with options: {"browser":"chromium","headless":false,"chromiumSandbox":false,"devtools":false,"handleSIGHUP":true,"handleSIGINT":true,"handleSIGTERM":true,"ignoreDefaultArgs":false,"slowMo":0,"timeout":30000,"tracesDir":"D:\\BALANCE\\vite-react-balance\\browser\\traces\\04c430b6-4fe2-4530-885c-dd96a7de1c87"}</msg>
<status status="PASS" starttime="20230812 10:54:36.651" endtime="20230812 10:54:38.428"/>
</kw>
<kw name="New Page" library="Browser">
<arg>${URL_DEFAULT}</arg>
<tag>BrowserControl</tag>
<tag>Setter</tag>
<doc>Open a new Page.</doc>
<msg timestamp="20230812 10:54:41.052" level="INFO">Successfully initialized new page object and opened url: http://stag.balance.ari.com.vn/#/</msg>
<msg timestamp="20230812 10:54:41.052" level="INFO">No context was open. New context was automatically opened when this page is created.</msg>
<status status="PASS" starttime="20230812 10:54:38.428" endtime="20230812 10:54:41.052"/>
</kw>
<kw name="Evaluate" library="BuiltIn">
<var>${STATE}</var>
<arg>json.loads('''{}''')</arg>
<arg>json</arg>
<doc>Evaluates the given expression in Python and returns the result.</doc>
<msg timestamp="20230812 10:54:41.055" level="INFO">${STATE} = {}</msg>
<status status="PASS" starttime="20230812 10:54:41.053" endtime="20230812 10:54:41.055"/>
</kw>
<status status="PASS" starttime="20230812 10:54:36.633" endtime="20230812 10:54:41.055"/>
</kw>
<kw name="Login to Admin" library="common">
<kw name="Enter &quot;email&quot; in &quot;Tên đăng nhập&quot; with &quot;admin_balan@getnada.com&quot;" library="common" sourcename="Enter &quot;${type}&quot; in &quot;${name}&quot; with &quot;${text}&quot;">
<kw name="Get Random Text" library="common">
<var>${text}</var>
<arg>${type}</arg>
<arg>${text}</arg>
<kw name="Set Variable" library="BuiltIn">
<var>${symbol}</var>
<arg>_RANDOM_</arg>
<doc>Returns the given values which can then be assigned to a variables.</doc>
<msg timestamp="20230812 10:54:41.055" level="INFO">${symbol} = _RANDOM_</msg>
<status status="PASS" starttime="20230812 10:54:41.055" endtime="20230812 10:54:41.055"/>
</kw>
<kw name="Set Variable" library="BuiltIn">
<var>${new_text}</var>
<doc>Returns the given values which can then be assigned to a variables.</doc>
<msg timestamp="20230812 10:54:41.055" level="INFO">${new_text} = </msg>
<status status="PASS" starttime="20230812 10:54:41.055" endtime="20230812 10:54:41.055"/>
</kw>
<kw name="Get Regexp Matches" library="String">
<var>${containsS}</var>
<arg>${text}</arg>
<arg>_@(.+)@_</arg>
<arg>1</arg>
<doc>Returns a list of all non-overlapping matches in the given string.</doc>
<msg timestamp="20230812 10:54:41.055" level="INFO">${containsS} = []</msg>
<status status="PASS" starttime="20230812 10:54:41.055" endtime="20230812 10:54:41.055"/>
</kw>
<kw name="Get Length" library="BuiltIn">
<var>${cntS}</var>
<arg>${containsS}</arg>
<doc>Returns and logs the length of the given item as an integer.</doc>
<msg timestamp="20230812 10:54:41.055" level="INFO">Length is 0</msg>
<msg timestamp="20230812 10:54:41.055" level="INFO">${cntS} = 0</msg>
<status status="PASS" starttime="20230812 10:54:41.055" endtime="20230812 10:54:41.055"/>
</kw>
<kw name="Get Regexp Matches" library="String">
<var>${contains}</var>
<arg>${text}</arg>
<arg>${symbol}</arg>
<doc>Returns a list of all non-overlapping matches in the given string.</doc>
<msg timestamp="20230812 10:54:41.055" level="INFO">${contains} = []</msg>
<status status="PASS" starttime="20230812 10:54:41.055" endtime="20230812 10:54:41.055"/>
</kw>
<kw name="Get Length" library="BuiltIn">
<var>${cnt}</var>
<arg>${contains}</arg>
<doc>Returns and logs the length of the given item as an integer.</doc>
<msg timestamp="20230812 10:54:41.055" level="INFO">Length is 0</msg>
<msg timestamp="20230812 10:54:41.055" level="INFO">${cnt} = 0</msg>
<status status="PASS" starttime="20230812 10:54:41.055" endtime="20230812 10:54:41.055"/>
</kw>
<if>
<branch type="IF" condition="${cntS} &gt; 0">
<kw name="Set Variable" library="BuiltIn">
<var>${new_text}</var>
<arg>${STATE["${containsS[0]}"]}</arg>
<doc>Returns the given values which can then be assigned to a variables.</doc>
<status status="NOT RUN" starttime="20230812 10:54:41.055" endtime="20230812 10:54:41.055"/>
</kw>
<kw name="Set Variable" library="BuiltIn">
<var>${symbol}</var>
<arg>_@${containsS[0]}@_</arg>
<doc>Returns the given values which can then be assigned to a variables.</doc>
<status status="NOT RUN" starttime="20230812 10:54:41.055" endtime="20230812 10:54:41.055"/>
</kw>
<status status="NOT RUN" starttime="20230812 10:54:41.055" endtime="20230812 10:54:41.070"/>
</branch>
<branch type="ELSE IF" condition="${cnt} &gt; 0 and '${type}' == 'fullname'">
<kw name="Name" library="FakerLibrary">
<var>${new_text}</var>
<doc>:example: 'John Doe'</doc>
<status status="NOT RUN" starttime="20230812 10:54:41.070" endtime="20230812 10:54:41.070"/>
</kw>
<status status="NOT RUN" starttime="20230812 10:54:41.070" endtime="20230812 10:54:41.070"/>
</branch>
<branch type="ELSE IF" condition="${cnt} &gt; 0 and '${type}' == 'test name'">
<kw name="Sentence" library="FakerLibrary">
<var>${random}</var>
<arg>nb_words=3</arg>
<doc>Generate a sentence.</doc>
<status status="NOT RUN" starttime="20230812 10:54:41.070" endtime="20230812 10:54:41.070"/>
</kw>
<kw name="Split String" library="String">
<var>${words}</var>
<arg>${TEST NAME}</arg>
<arg>${SPACE}</arg>
<doc>Splits the ``string`` using ``separator`` as a delimiter string.</doc>
<status status="NOT RUN" starttime="20230812 10:54:41.070" endtime="20230812 10:54:41.070"/>
</kw>
<kw name="Set Variable" library="BuiltIn">
<var>${new_text}</var>
<arg>${words[0]} ${random}</arg>
<doc>Returns the given values which can then be assigned to a variables.</doc>
<status status="NOT RUN" starttime="20230812 10:54:41.070" endtime="20230812 10:54:41.070"/>
</kw>
<status status="NOT RUN" starttime="20230812 10:54:41.070" endtime="20230812 10:54:41.070"/>
</branch>
<branch type="ELSE IF" condition="${cnt} &gt; 0 and '${type}' == 'name code'">
<kw name="Random Int" library="FakerLibrary">
<var>${random}</var>
<arg>min=00000</arg>
<arg>max=99999</arg>
<doc>Generate a random integer between two integers ``min`` and ``max`` inclusive
while observing the provided ``step`` value.</doc>
<status status="NOT RUN" starttime="20230812 10:54:41.070" endtime="20230812 10:54:41.070"/>
</kw>
<kw name="Set Variable" library="BuiltIn">
<var>${name}</var>
<arg>USR</arg>
<doc>Returns the given values which can then be assigned to a variables.</doc>
<status status="NOT RUN" starttime="20230812 10:54:41.070" endtime="20230812 10:54:41.070"/>
</kw>
<kw name="Set Variable" library="BuiltIn">
<var>${new_text}</var>
<arg>${name}${random}</arg>
<doc>Returns the given values which can then be assigned to a variables.</doc>
<status status="NOT RUN" starttime="20230812 10:54:41.070" endtime="20230812 10:54:41.070"/>
</kw>
<status status="NOT RUN" starttime="20230812 10:54:41.070" endtime="20230812 10:54:41.070"/>
</branch>
<branch type="ELSE IF" condition="${cnt} &gt; 0 and '${type}' == 'phone_invalid'">
<kw name="Random Int" library="FakerLibrary">
<var>${new_text}</var>
<arg>min=1000000000000</arg>
<arg>max=9999999999999</arg>
<doc>Generate a random integer between two integers ``min`` and ``max`` inclusive
while observing the provided ``step`` value.</doc>
<status status="NOT RUN" starttime="20230812 10:54:41.070" endtime="20230812 10:54:41.070"/>
</kw>
<kw name="Convert To String" library="BuiltIn">
<var>${new_text}</var>
<arg>${new_text}</arg>
<doc>Converts the given item to a Unicode string.</doc>
<status status="NOT RUN" starttime="20230812 10:54:41.070" endtime="20230812 10:54:41.070"/>
</kw>
<status status="NOT RUN" starttime="20230812 10:54:41.070" endtime="20230812 10:54:41.070"/>
</branch>
<branch type="ELSE IF" condition="${cnt} &gt; 0 and '${type}' == 'percentage'">
<kw name="Random Int" library="FakerLibrary">
<var>${new_text}</var>
<arg>max=100</arg>
<doc>Generate a random integer between two integers ``min`` and ``max`` inclusive
while observing the provided ``step`` value.</doc>
<status status="NOT RUN" starttime="20230812 10:54:41.070" endtime="20230812 10:54:41.070"/>
</kw>
<kw name="Convert To String" library="BuiltIn">
<var>${new_text}</var>
<arg>${new_text}</arg>
<doc>Converts the given item to a Unicode string.</doc>
<status status="NOT RUN" starttime="20230812 10:54:41.070" endtime="20230812 10:54:41.070"/>
</kw>
<status status="NOT RUN" starttime="20230812 10:54:41.070" endtime="20230812 10:54:41.070"/>
</branch>
<branch type="ELSE IF" condition="${cnt} &gt; 0 and '${type}' == 'paragraph'">
<kw name="Paragraph" library="FakerLibrary">
<var>${new_text}</var>
<doc>Generate a paragraph.</doc>
<status status="NOT RUN" starttime="20230812 10:54:41.070" endtime="20230812 10:54:41.070"/>
</kw>
<status status="NOT RUN" starttime="20230812 10:54:41.070" endtime="20230812 10:54:41.070"/>
</branch>
<branch type="ELSE IF" condition="${cnt} &gt; 0 and '${type}' == 'email'">
<kw name="Email" library="FakerLibrary">
<var>${new_text}</var>
<status status="NOT RUN" starttime="20230812 10:54:41.070" endtime="20230812 10:54:41.070"/>
</kw>
<status status="NOT RUN" starttime="20230812 10:54:41.070" endtime="20230812 10:54:41.070"/>
</branch>
<branch type="ELSE IF" condition="${cnt} &gt; 0 and '${type}' == 'phone'">
<kw name="Random Int" library="FakerLibrary">
<var>${new_text}</var>
<arg>min=55555555</arg>
<arg>max=999999999999</arg>
<doc>Generate a random integer between two integers ``min`` and ``max`` inclusive
while observing the provided ``step`` value.</doc>
<status status="NOT RUN" starttime="20230812 10:54:41.086" endtime="20230812 10:54:41.086"/>
</kw>
<kw name="Convert To String" library="BuiltIn">
<var>${new_text}</var>
<arg>${new_text}</arg>
<doc>Converts the given item to a Unicode string.</doc>
<status status="NOT RUN" starttime="20230812 10:54:41.089" endtime="20230812 10:54:41.089"/>
</kw>
<status status="NOT RUN" starttime="20230812 10:54:41.070" endtime="20230812 10:54:41.090"/>
</branch>
<branch type="ELSE IF" condition="${cnt} &gt; 0 and '${type}' == 'phone_7'">
<kw name="Random Int" library="FakerLibrary">
<var>${new_text}</var>
<arg>min=0000000</arg>
<arg>max=9999999</arg>
<doc>Generate a random integer between two integers ``min`` and ``max`` inclusive
while observing the provided ``step`` value.</doc>
<status status="NOT RUN" starttime="20230812 10:54:41.091" endtime="20230812 10:54:41.091"/>
</kw>
<kw name="Convert To String" library="BuiltIn">
<var>${new_text}</var>
<arg>${new_text}</arg>
<doc>Converts the given item to a Unicode string.</doc>
<status status="NOT RUN" starttime="20230812 10:54:41.091" endtime="20230812 10:54:41.092"/>
</kw>
<status status="NOT RUN" starttime="20230812 10:54:41.090" endtime="20230812 10:54:41.092"/>
</branch>
<branch type="ELSE IF" condition="${cnt} &gt; 0 and '${type}' == 'phone_invalid'">
<kw name="Random Int" library="FakerLibrary">
<var>${new_text}</var>
<arg>min=0000000000000</arg>
<arg>max=9999999999999</arg>
<doc>Generate a random integer between two integers ``min`` and ``max`` inclusive
while observing the provided ``step`` value.</doc>
<status status="NOT RUN" starttime="20230812 10:54:41.093" endtime="20230812 10:54:41.093"/>
</kw>
<kw name="Convert To String" library="BuiltIn">
<var>${new_text}</var>
<arg>${new_text}</arg>
<doc>Converts the given item to a Unicode string.</doc>
<status status="NOT RUN" starttime="20230812 10:54:41.094" endtime="20230812 10:54:41.094"/>
</kw>
<status status="NOT RUN" starttime="20230812 10:54:41.092" endtime="20230812 10:54:41.094"/>
</branch>
<branch type="ELSE IF" condition="${cnt} &gt; 0 and '${type}' == 'number'">
<kw name="Random Int" library="FakerLibrary">
<var>${new_text}</var>
<arg>min=55555555</arg>
<arg>max=999999999999</arg>
<doc>Generate a random integer between two integers ``min`` and ``max`` inclusive
while observing the provided ``step`` value.</doc>
<status status="NOT RUN" starttime="20230812 10:54:41.095" endtime="20230812 10:54:41.097"/>
</kw>
<kw name="Convert To String" library="BuiltIn">
<var>${new_text}</var>
<arg>${new_text}</arg>
<doc>Converts the given item to a Unicode string.</doc>
<status status="NOT RUN" starttime="20230812 10:54:41.098" endtime="20230812 10:54:41.098"/>
</kw>
<status status="NOT RUN" starttime="20230812 10:54:41.094" endtime="20230812 10:54:41.099"/>
</branch>
<branch type="ELSE IF" condition="${cnt} &gt; 0 and '${type}' == 'otp'">
<kw name="Random Int" library="FakerLibrary">
<var>${new_text}</var>
<arg>min=100000</arg>
<arg>max=999999</arg>
<doc>Generate a random integer between two integers ``min`` and ``max`` inclusive
while observing the provided ``step`` value.</doc>
<status status="NOT RUN" starttime="20230812 10:54:41.100" endtime="20230812 10:54:41.100"/>
</kw>
<kw name="Convert To String" library="BuiltIn">
<var>${new_text}</var>
<arg>${new_text}</arg>
<doc>Converts the given item to a Unicode string.</doc>
<status status="NOT RUN" starttime="20230812 10:54:41.101" endtime="20230812 10:54:41.102"/>
</kw>
<status status="NOT RUN" starttime="20230812 10:54:41.099" endtime="20230812 10:54:41.102"/>
</branch>
<branch type="ELSE IF" condition="${cnt} &gt; 0 and '${type}' == 'color'">
<kw name="Safe Hex Color" library="FakerLibrary">
<var>${new_text}</var>
<doc>Generate a web-safe color formatted as a hex triplet.</doc>
<status status="NOT RUN" starttime="20230812 10:54:41.105" endtime="20230812 10:54:41.105"/>
</kw>
<status status="NOT RUN" starttime="20230812 10:54:41.102" endtime="20230812 10:54:41.106"/>
</branch>
<branch type="ELSE IF" condition="${cnt} &gt; 0 and '${type}' == 'date'">
<kw name="Date" library="FakerLibrary">
<var>${new_text}</var>
<arg>pattern=%d-%m-%Y</arg>
<doc>Get a date string between January 1, 1970 and now.</doc>
<status status="NOT RUN" starttime="20230812 10:54:41.109" endtime="20230812 10:54:41.109"/>
</kw>
<status status="NOT RUN" starttime="20230812 10:54:41.107" endtime="20230812 10:54:41.109"/>
</branch>
<branch type="ELSE IF" condition="${cnt} &gt; 0 and '${type}' == 'word'">
<kw name="Sentence" library="FakerLibrary">
<var>${new_text}</var>
<arg>nb_words=500</arg>
<doc>Generate a sentence.</doc>
<status status="NOT RUN" starttime="20230812 10:54:41.112" endtime="20230812 10:54:41.112"/>
</kw>
<status status="NOT RUN" starttime="20230812 10:54:41.110" endtime="20230812 10:54:41.113"/>
</branch>
<branch type="ELSE IF" condition="${cnt} &gt; 0">
<kw name="Sentence" library="FakerLibrary">
<var>${new_text}</var>
<doc>Generate a sentence.</doc>
<status status="NOT RUN" starttime="20230812 10:54:41.113" endtime="20230812 10:54:41.114"/>
</kw>
<status status="NOT RUN" starttime="20230812 10:54:41.113" endtime="20230812 10:54:41.114"/>
</branch>
<status status="PASS" starttime="20230812 10:54:41.055" endtime="20230812 10:54:41.115"/>
</if>
<kw name="Get Length" library="BuiltIn">
<var>${cnt}</var>
<arg>${text}</arg>
<doc>Returns and logs the length of the given item as an integer.</doc>
<msg timestamp="20230812 10:54:41.116" level="INFO">Length is 23</msg>
<msg timestamp="20230812 10:54:41.116" level="INFO">${cnt} = 23</msg>
<status status="PASS" starttime="20230812 10:54:41.115" endtime="20230812 10:54:41.116"/>
</kw>
<if>
<branch type="IF" condition="${cnt} &gt; 0">
<kw name="Replace String" library="String">
<var>${text}</var>
<arg>${text}</arg>
<arg>${symbol}</arg>
<arg>${new_text}</arg>
<doc>Replaces ``search_for`` in the given ``string`` with ``replace_with``.</doc>
<msg timestamp="20230812 10:54:41.118" level="INFO">${text} = admin_balan@getnada.com</msg>
<status status="PASS" starttime="20230812 10:54:41.117" endtime="20230812 10:54:41.118"/>
</kw>
<status status="PASS" starttime="20230812 10:54:41.116" endtime="20230812 10:54:41.119"/>
</branch>
<status status="PASS" starttime="20230812 10:54:41.116" endtime="20230812 10:54:41.119"/>
</if>
<msg timestamp="20230812 10:54:41.119" level="INFO">${text} = admin_balan@getnada.com</msg>
<status status="PASS" starttime="20230812 10:54:41.055" endtime="20230812 10:54:41.120"/>
</kw>
<kw name="Get Element Form Item By Name" library="common">
<var>${element}</var>
<arg>${name}</arg>
<arg>//input[contains(@class, "ant-input")]</arg>
<msg timestamp="20230812 10:54:41.121" level="INFO">${element} = xpath=//*[contains(@class, "ant-form-item-label")]/label[text()="Tên đăng nhập"]/../../*[contains(@class, "ant-form-item")]//input[contains(@class, "ant-input")]</msg>
<status status="PASS" starttime="20230812 10:54:41.120" endtime="20230812 10:54:41.121"/>
</kw>
<kw name="Clear Text" library="Browser">
<arg>${element}</arg>
<tag>PageContent</tag>
<tag>Setter</tag>
<doc>Clears the text field found by ``selector``.</doc>
<status status="PASS" starttime="20230812 10:54:41.121" endtime="20230812 10:54:41.442"/>
</kw>
<kw name="Fill Text" library="Browser">
<arg>${element}</arg>
<arg>${text}</arg>
<arg>True</arg>
<tag>PageContent</tag>
<tag>Setter</tag>
<doc>Clears and fills the given ``txt`` into the text field found by ``selector``.</doc>
<msg timestamp="20230812 10:54:41.442" level="INFO">Fills the text 'admin_balan@getnada.com' in the given field.</msg>
<status status="PASS" starttime="20230812 10:54:41.442" endtime="20230812 10:54:41.533"/>
</kw>
<kw name="Get Length" library="BuiltIn">
<var>${cnt}</var>
<arg>${text}</arg>
<doc>Returns and logs the length of the given item as an integer.</doc>
<msg timestamp="20230812 10:54:41.534" level="INFO">Length is 23</msg>
<msg timestamp="20230812 10:54:41.534" level="INFO">${cnt} = 23</msg>
<status status="PASS" starttime="20230812 10:54:41.533" endtime="20230812 10:54:41.534"/>
</kw>
<if>
<branch type="IF" condition="${cnt} &gt; 0">
<kw name="Set Global Variable" library="BuiltIn">
<arg>${STATE["${name}"]}</arg>
<arg>${text}</arg>
<doc>Makes a variable available globally in all tests and suites.</doc>
<msg timestamp="20230812 10:54:41.538" level="INFO">${STATE["Tên đăng nhập"]} = admin_balan@getnada.com</msg>
<status status="PASS" starttime="20230812 10:54:41.535" endtime="20230812 10:54:41.538"/>
</kw>
<status status="PASS" starttime="20230812 10:54:41.534" endtime="20230812 10:54:41.544"/>
</branch>
<status status="PASS" starttime="20230812 10:54:41.534" endtime="20230812 10:54:41.544"/>
</if>
<status status="PASS" starttime="20230812 10:54:41.055" endtime="20230812 10:54:41.544"/>
</kw>
<kw name="Enter &quot;text&quot; in &quot;Mật khẩu&quot; with &quot;Ari123456#&quot;" library="common" sourcename="Enter &quot;${type}&quot; in &quot;${name}&quot; with &quot;${text}&quot;">
<kw name="Get Random Text" library="common">
<var>${text}</var>
<arg>${type}</arg>
<arg>${text}</arg>
<kw name="Set Variable" library="BuiltIn">
<var>${symbol}</var>
<arg>_RANDOM_</arg>
<doc>Returns the given values which can then be assigned to a variables.</doc>
<msg timestamp="20230812 10:54:41.558" level="INFO">${symbol} = _RANDOM_</msg>
<status status="PASS" starttime="20230812 10:54:41.557" endtime="20230812 10:54:41.558"/>
</kw>
<kw name="Set Variable" library="BuiltIn">
<var>${new_text}</var>
<doc>Returns the given values which can then be assigned to a variables.</doc>
<msg timestamp="20230812 10:54:41.559" level="INFO">${new_text} = </msg>
<status status="PASS" starttime="20230812 10:54:41.558" endtime="20230812 10:54:41.559"/>
</kw>
<kw name="Get Regexp Matches" library="String">
<var>${containsS}</var>
<arg>${text}</arg>
<arg>_@(.+)@_</arg>
<arg>1</arg>
<doc>Returns a list of all non-overlapping matches in the given string.</doc>
<msg timestamp="20230812 10:54:41.561" level="INFO">${containsS} = []</msg>
<status status="PASS" starttime="20230812 10:54:41.560" endtime="20230812 10:54:41.561"/>
</kw>
<kw name="Get Length" library="BuiltIn">
<var>${cntS}</var>
<arg>${containsS}</arg>
<doc>Returns and logs the length of the given item as an integer.</doc>
<msg timestamp="20230812 10:54:41.562" level="INFO">Length is 0</msg>
<msg timestamp="20230812 10:54:41.562" level="INFO">${cntS} = 0</msg>
<status status="PASS" starttime="20230812 10:54:41.561" endtime="20230812 10:54:41.562"/>
</kw>
<kw name="Get Regexp Matches" library="String">
<var>${contains}</var>
<arg>${text}</arg>
<arg>${symbol}</arg>
<doc>Returns a list of all non-overlapping matches in the given string.</doc>
<msg timestamp="20230812 10:54:41.563" level="INFO">${contains} = []</msg>
<status status="PASS" starttime="20230812 10:54:41.562" endtime="20230812 10:54:41.563"/>
</kw>
<kw name="Get Length" library="BuiltIn">
<var>${cnt}</var>
<arg>${contains}</arg>
<doc>Returns and logs the length of the given item as an integer.</doc>
<msg timestamp="20230812 10:54:41.564" level="INFO">Length is 0</msg>
<msg timestamp="20230812 10:54:41.564" level="INFO">${cnt} = 0</msg>
<status status="PASS" starttime="20230812 10:54:41.564" endtime="20230812 10:54:41.564"/>
</kw>
<if>
<branch type="IF" condition="${cntS} &gt; 0">
<kw name="Set Variable" library="BuiltIn">
<var>${new_text}</var>
<arg>${STATE["${containsS[0]}"]}</arg>
<doc>Returns the given values which can then be assigned to a variables.</doc>
<status status="NOT RUN" starttime="20230812 10:54:41.565" endtime="20230812 10:54:41.566"/>
</kw>
<kw name="Set Variable" library="BuiltIn">
<var>${symbol}</var>
<arg>_@${containsS[0]}@_</arg>
<doc>Returns the given values which can then be assigned to a variables.</doc>
<status status="NOT RUN" starttime="20230812 10:54:41.566" endtime="20230812 10:54:41.567"/>
</kw>
<status status="NOT RUN" starttime="20230812 10:54:41.565" endtime="20230812 10:54:41.567"/>
</branch>
<branch type="ELSE IF" condition="${cnt} &gt; 0 and '${type}' == 'fullname'">
<kw name="Name" library="FakerLibrary">
<var>${new_text}</var>
<doc>:example: 'John Doe'</doc>
<status status="NOT RUN" starttime="20230812 10:54:41.567" endtime="20230812 10:54:41.567"/>
</kw>
<status status="NOT RUN" starttime="20230812 10:54:41.567" endtime="20230812 10:54:41.567"/>
</branch>
<branch type="ELSE IF" condition="${cnt} &gt; 0 and '${type}' == 'test name'">
<kw name="Sentence" library="FakerLibrary">
<var>${random}</var>
<arg>nb_words=3</arg>
<doc>Generate a sentence.</doc>
<status status="NOT RUN" starttime="20230812 10:54:41.567" endtime="20230812 10:54:41.567"/>
</kw>
<kw name="Split String" library="String">
<var>${words}</var>
<arg>${TEST NAME}</arg>
<arg>${SPACE}</arg>
<doc>Splits the ``string`` using ``separator`` as a delimiter string.</doc>
<status status="NOT RUN" starttime="20230812 10:54:41.567" endtime="20230812 10:54:41.567"/>
</kw>
<kw name="Set Variable" library="BuiltIn">
<var>${new_text}</var>
<arg>${words[0]} ${random}</arg>
<doc>Returns the given values which can then be assigned to a variables.</doc>
<status status="NOT RUN" starttime="20230812 10:54:41.567" endtime="20230812 10:54:41.567"/>
</kw>
<status status="NOT RUN" starttime="20230812 10:54:41.567" endtime="20230812 10:54:41.567"/>
</branch>
<branch type="ELSE IF" condition="${cnt} &gt; 0 and '${type}' == 'name code'">
<kw name="Random Int" library="FakerLibrary">
<var>${random}</var>
<arg>min=00000</arg>
<arg>max=99999</arg>
<doc>Generate a random integer between two integers ``min`` and ``max`` inclusive
while observing the provided ``step`` value.</doc>
<status status="NOT RUN" starttime="20230812 10:54:41.567" endtime="20230812 10:54:41.567"/>
</kw>
<kw name="Set Variable" library="BuiltIn">
<var>${name}</var>
<arg>USR</arg>
<doc>Returns the given values which can then be assigned to a variables.</doc>
<status status="NOT RUN" starttime="20230812 10:54:41.567" endtime="20230812 10:54:41.567"/>
</kw>
<kw name="Set Variable" library="BuiltIn">
<var>${new_text}</var>
<arg>${name}${random}</arg>
<doc>Returns the given values which can then be assigned to a variables.</doc>
<status status="NOT RUN" starttime="20230812 10:54:41.567" endtime="20230812 10:54:41.567"/>
</kw>
<status status="NOT RUN" starttime="20230812 10:54:41.567" endtime="20230812 10:54:41.567"/>
</branch>
<branch type="ELSE IF" condition="${cnt} &gt; 0 and '${type}' == 'phone_invalid'">
<kw name="Random Int" library="FakerLibrary">
<var>${new_text}</var>
<arg>min=1000000000000</arg>
<arg>max=9999999999999</arg>
<doc>Generate a random integer between two integers ``min`` and ``max`` inclusive
while observing the provided ``step`` value.</doc>
<status status="NOT RUN" starttime="20230812 10:54:41.567" endtime="20230812 10:54:41.567"/>
</kw>
<kw name="Convert To String" library="BuiltIn">
<var>${new_text}</var>
<arg>${new_text}</arg>
<doc>Converts the given item to a Unicode string.</doc>
<status status="NOT RUN" starttime="20230812 10:54:41.567" endtime="20230812 10:54:41.567"/>
</kw>
<status status="NOT RUN" starttime="20230812 10:54:41.567" endtime="20230812 10:54:41.567"/>
</branch>
<branch type="ELSE IF" condition="${cnt} &gt; 0 and '${type}' == 'percentage'">
<kw name="Random Int" library="FakerLibrary">
<var>${new_text}</var>
<arg>max=100</arg>
<doc>Generate a random integer between two integers ``min`` and ``max`` inclusive
while observing the provided ``step`` value.</doc>
<status status="NOT RUN" starttime="20230812 10:54:41.567" endtime="20230812 10:54:41.567"/>
</kw>
<kw name="Convert To String" library="BuiltIn">
<var>${new_text}</var>
<arg>${new_text}</arg>
<doc>Converts the given item to a Unicode string.</doc>
<status status="NOT RUN" starttime="20230812 10:54:41.567" endtime="20230812 10:54:41.567"/>
</kw>
<status status="NOT RUN" starttime="20230812 10:54:41.567" endtime="20230812 10:54:41.567"/>
</branch>
<branch type="ELSE IF" condition="${cnt} &gt; 0 and '${type}' == 'paragraph'">
<kw name="Paragraph" library="FakerLibrary">
<var>${new_text}</var>
<doc>Generate a paragraph.</doc>
<status status="NOT RUN" starttime="20230812 10:54:41.567" endtime="20230812 10:54:41.567"/>
</kw>
<status status="NOT RUN" starttime="20230812 10:54:41.567" endtime="20230812 10:54:41.567"/>
</branch>
<branch type="ELSE IF" condition="${cnt} &gt; 0 and '${type}' == 'email'">
<kw name="Email" library="FakerLibrary">
<var>${new_text}</var>
<status status="NOT RUN" starttime="20230812 10:54:41.567" endtime="20230812 10:54:41.567"/>
</kw>
<status status="NOT RUN" starttime="20230812 10:54:41.567" endtime="20230812 10:54:41.567"/>
</branch>
<branch type="ELSE IF" condition="${cnt} &gt; 0 and '${type}' == 'phone'">
<kw name="Random Int" library="FakerLibrary">
<var>${new_text}</var>
<arg>min=55555555</arg>
<arg>max=999999999999</arg>
<doc>Generate a random integer between two integers ``min`` and ``max`` inclusive
while observing the provided ``step`` value.</doc>
<status status="NOT RUN" starttime="20230812 10:54:41.567" endtime="20230812 10:54:41.567"/>
</kw>
<kw name="Convert To String" library="BuiltIn">
<var>${new_text}</var>
<arg>${new_text}</arg>
<doc>Converts the given item to a Unicode string.</doc>
<status status="NOT RUN" starttime="20230812 10:54:41.567" endtime="20230812 10:54:41.567"/>
</kw>
<status status="NOT RUN" starttime="20230812 10:54:41.567" endtime="20230812 10:54:41.567"/>
</branch>
<branch type="ELSE IF" condition="${cnt} &gt; 0 and '${type}' == 'phone_7'">
<kw name="Random Int" library="FakerLibrary">
<var>${new_text}</var>
<arg>min=0000000</arg>
<arg>max=9999999</arg>
<doc>Generate a random integer between two integers ``min`` and ``max`` inclusive
while observing the provided ``step`` value.</doc>
<status status="NOT RUN" starttime="20230812 10:54:41.567" endtime="20230812 10:54:41.567"/>
</kw>
<kw name="Convert To String" library="BuiltIn">
<var>${new_text}</var>
<arg>${new_text}</arg>
<doc>Converts the given item to a Unicode string.</doc>
<status status="NOT RUN" starttime="20230812 10:54:41.567" endtime="20230812 10:54:41.582"/>
</kw>
<status status="NOT RUN" starttime="20230812 10:54:41.567" endtime="20230812 10:54:41.582"/>
</branch>
<branch type="ELSE IF" condition="${cnt} &gt; 0 and '${type}' == 'phone_invalid'">
<kw name="Random Int" library="FakerLibrary">
<var>${new_text}</var>
<arg>min=0000000000000</arg>
<arg>max=9999999999999</arg>
<doc>Generate a random integer between two integers ``min`` and ``max`` inclusive
while observing the provided ``step`` value.</doc>
<status status="NOT RUN" starttime="20230812 10:54:41.582" endtime="20230812 10:54:41.582"/>
</kw>
<kw name="Convert To String" library="BuiltIn">
<var>${new_text}</var>
<arg>${new_text}</arg>
<doc>Converts the given item to a Unicode string.</doc>
<status status="NOT RUN" starttime="20230812 10:54:41.582" endtime="20230812 10:54:41.582"/>
</kw>
<status status="NOT RUN" starttime="20230812 10:54:41.582" endtime="20230812 10:54:41.582"/>
</branch>
<branch type="ELSE IF" condition="${cnt} &gt; 0 and '${type}' == 'number'">
<kw name="Random Int" library="FakerLibrary">
<var>${new_text}</var>
<arg>min=55555555</arg>
<arg>max=999999999999</arg>
<doc>Generate a random integer between two integers ``min`` and ``max`` inclusive
while observing the provided ``step`` value.</doc>
<status status="NOT RUN" starttime="20230812 10:54:41.582" endtime="20230812 10:54:41.582"/>
</kw>
<kw name="Convert To String" library="BuiltIn">
<var>${new_text}</var>
<arg>${new_text}</arg>
<doc>Converts the given item to a Unicode string.</doc>
<status status="NOT RUN" starttime="20230812 10:54:41.582" endtime="20230812 10:54:41.582"/>
</kw>
<status status="NOT RUN" starttime="20230812 10:54:41.582" endtime="20230812 10:54:41.582"/>
</branch>
<branch type="ELSE IF" condition="${cnt} &gt; 0 and '${type}' == 'otp'">
<kw name="Random Int" library="FakerLibrary">
<var>${new_text}</var>
<arg>min=100000</arg>
<arg>max=999999</arg>
<doc>Generate a random integer between two integers ``min`` and ``max`` inclusive
while observing the provided ``step`` value.</doc>
<status status="NOT RUN" starttime="20230812 10:54:41.582" endtime="20230812 10:54:41.582"/>
</kw>
<kw name="Convert To String" library="BuiltIn">
<var>${new_text}</var>
<arg>${new_text}</arg>
<doc>Converts the given item to a Unicode string.</doc>
<status status="NOT RUN" starttime="20230812 10:54:41.582" endtime="20230812 10:54:41.582"/>
</kw>
<status status="NOT RUN" starttime="20230812 10:54:41.582" endtime="20230812 10:54:41.582"/>
</branch>
<branch type="ELSE IF" condition="${cnt} &gt; 0 and '${type}' == 'color'">
<kw name="Safe Hex Color" library="FakerLibrary">
<var>${new_text}</var>
<doc>Generate a web-safe color formatted as a hex triplet.</doc>
<status status="NOT RUN" starttime="20230812 10:54:41.582" endtime="20230812 10:54:41.582"/>
</kw>
<status status="NOT RUN" starttime="20230812 10:54:41.582" endtime="20230812 10:54:41.582"/>
</branch>
<branch type="ELSE IF" condition="${cnt} &gt; 0 and '${type}' == 'date'">
<kw name="Date" library="FakerLibrary">
<var>${new_text}</var>
<arg>pattern=%d-%m-%Y</arg>
<doc>Get a date string between January 1, 1970 and now.</doc>
<status status="NOT RUN" starttime="20230812 10:54:41.582" endtime="20230812 10:54:41.582"/>
</kw>
<status status="NOT RUN" starttime="20230812 10:54:41.582" endtime="20230812 10:54:41.582"/>
</branch>
<branch type="ELSE IF" condition="${cnt} &gt; 0 and '${type}' == 'word'">
<kw name="Sentence" library="FakerLibrary">
<var>${new_text}</var>
<arg>nb_words=500</arg>
<doc>Generate a sentence.</doc>
<status status="NOT RUN" starttime="20230812 10:54:41.582" endtime="20230812 10:54:41.582"/>
</kw>
<status status="NOT RUN" starttime="20230812 10:54:41.582" endtime="20230812 10:54:41.582"/>
</branch>
<branch type="ELSE IF" condition="${cnt} &gt; 0">
<kw name="Sentence" library="FakerLibrary">
<var>${new_text}</var>
<doc>Generate a sentence.</doc>
<status status="NOT RUN" starttime="20230812 10:54:41.582" endtime="20230812 10:54:41.582"/>
</kw>
<status status="NOT RUN" starttime="20230812 10:54:41.582" endtime="20230812 10:54:41.582"/>
</branch>
<status status="PASS" starttime="20230812 10:54:41.565" endtime="20230812 10:54:41.582"/>
</if>
<kw name="Get Length" library="BuiltIn">
<var>${cnt}</var>
<arg>${text}</arg>
<doc>Returns and logs the length of the given item as an integer.</doc>
<msg timestamp="20230812 10:54:41.582" level="INFO">Length is 10</msg>
<msg timestamp="20230812 10:54:41.582" level="INFO">${cnt} = 10</msg>
<status status="PASS" starttime="20230812 10:54:41.582" endtime="20230812 10:54:41.582"/>
</kw>
<if>
<branch type="IF" condition="${cnt} &gt; 0">
<kw name="Replace String" library="String">
<var>${text}</var>
<arg>${text}</arg>
<arg>${symbol}</arg>
<arg>${new_text}</arg>
<doc>Replaces ``search_for`` in the given ``string`` with ``replace_with``.</doc>
<msg timestamp="20230812 10:54:41.598" level="INFO">${text} = Ari123456#</msg>
<status status="PASS" starttime="20230812 10:54:41.598" endtime="20230812 10:54:41.598"/>
</kw>
<status status="PASS" starttime="20230812 10:54:41.582" endtime="20230812 10:54:41.598"/>
</branch>
<status status="PASS" starttime="20230812 10:54:41.582" endtime="20230812 10:54:41.598"/>
</if>
<msg timestamp="20230812 10:54:41.598" level="INFO">${text} = Ari123456#</msg>
<status status="PASS" starttime="20230812 10:54:41.551" endtime="20230812 10:54:41.598"/>
</kw>
<kw name="Get Element Form Item By Name" library="common">
<var>${element}</var>
<arg>${name}</arg>
<arg>//input[contains(@class, "ant-input")]</arg>
<msg timestamp="20230812 10:54:41.598" level="INFO">${element} = xpath=//*[contains(@class, "ant-form-item-label")]/label[text()="Mật khẩu"]/../../*[contains(@class, "ant-form-item")]//input[contains(@class, "ant-input")]</msg>
<status status="PASS" starttime="20230812 10:54:41.598" endtime="20230812 10:54:41.598"/>
</kw>
<kw name="Clear Text" library="Browser">
<arg>${element}</arg>
<tag>PageContent</tag>
<tag>Setter</tag>
<doc>Clears the text field found by ``selector``.</doc>
<status status="PASS" starttime="20230812 10:54:41.598" endtime="20230812 10:54:41.675"/>
</kw>
<kw name="Fill Text" library="Browser">
<arg>${element}</arg>
<arg>${text}</arg>
<arg>True</arg>
<tag>PageContent</tag>
<tag>Setter</tag>
<doc>Clears and fills the given ``txt`` into the text field found by ``selector``.</doc>
<msg timestamp="20230812 10:54:41.675" level="INFO">Fills the text 'Ari123456#' in the given field.</msg>
<status status="PASS" starttime="20230812 10:54:41.675" endtime="20230812 10:54:41.730"/>
</kw>
<kw name="Get Length" library="BuiltIn">
<var>${cnt}</var>
<arg>${text}</arg>
<doc>Returns and logs the length of the given item as an integer.</doc>
<msg timestamp="20230812 10:54:41.731" level="INFO">Length is 10</msg>
<msg timestamp="20230812 10:54:41.731" level="INFO">${cnt} = 10</msg>
<status status="PASS" starttime="20230812 10:54:41.730" endtime="20230812 10:54:41.731"/>
</kw>
<if>
<branch type="IF" condition="${cnt} &gt; 0">
<kw name="Set Global Variable" library="BuiltIn">
<arg>${STATE["${name}"]}</arg>
<arg>${text}</arg>
<doc>Makes a variable available globally in all tests and suites.</doc>
<msg timestamp="20230812 10:54:41.735" level="INFO">${STATE["Mật khẩu"]} = Ari123456#</msg>
<status status="PASS" starttime="20230812 10:54:41.732" endtime="20230812 10:54:41.735"/>
</kw>
<status status="PASS" starttime="20230812 10:54:41.732" endtime="20230812 10:54:41.735"/>
</branch>
<status status="PASS" starttime="20230812 10:54:41.731" endtime="20230812 10:54:41.736"/>
</if>
<status status="PASS" starttime="20230812 10:54:41.545" endtime="20230812 10:54:41.736"/>
</kw>
<kw name="Click &quot;Đăng Nhập&quot; button" library="common" sourcename="Click &quot;${text}&quot; button">
<kw name="Click" library="Browser">
<arg>xpath=//button[text()='${text}']</arg>
<tag>PageContent</tag>
<tag>Setter</tag>
<doc>Simulates mouse click on the element found by ``selector``.</doc>
<status status="PASS" starttime="20230812 10:54:41.737" endtime="20230812 10:54:42.170"/>
</kw>
<kw name="Click Confirm To Action" library="common">
<kw name="Set Variable" library="BuiltIn">
<var>${element}</var>
<arg>xpath=//*[contains(@class, "ant-popover")]//*[contains(@class, "ant-btn-primary")]</arg>
<doc>Returns the given values which can then be assigned to a variables.</doc>
<msg timestamp="20230812 10:54:42.176" level="INFO">${element} = xpath=//*[contains(@class, "ant-popover")]//*[contains(@class, "ant-btn-primary")]</msg>
<status status="PASS" starttime="20230812 10:54:42.173" endtime="20230812 10:54:42.176"/>
</kw>
<kw name="Get Element Count" library="Browser">
<var>${count}</var>
<arg>${element}</arg>
<tag>Assertion</tag>
<tag>Getter</tag>
<tag>PageContent</tag>
<doc>Returns the count of elements found with ``selector``.</doc>
<msg timestamp="20230812 10:54:42.249" level="INFO">${count} = 0</msg>
<status status="PASS" starttime="20230812 10:54:42.181" endtime="20230812 10:54:42.249"/>
</kw>
<if>
<branch type="IF" condition="${count} &gt; 0">
<kw name="Click" library="Browser">
<arg>${element}</arg>
<tag>PageContent</tag>
<tag>Setter</tag>
<doc>Simulates mouse click on the element found by ``selector``.</doc>
<status status="NOT RUN" starttime="20230812 10:54:42.253" endtime="20230812 10:54:42.254"/>
</kw>
<kw name="Sleep" library="BuiltIn">
<arg>${SHOULD_TIMEOUT}</arg>
<doc>Pauses the test executed for the given time.</doc>
<status status="NOT RUN" starttime="20230812 10:54:42.255" endtime="20230812 10:54:42.256"/>
</kw>
<status status="NOT RUN" starttime="20230812 10:54:42.251" endtime="20230812 10:54:42.256"/>
</branch>
<status status="PASS" starttime="20230812 10:54:42.251" endtime="20230812 10:54:42.257"/>
</if>
<status status="PASS" starttime="20230812 10:54:42.172" endtime="20230812 10:54:42.258"/>
</kw>
<kw name="Scroll By" library="Browser">
<arg>${None}</arg>
<tag>PageContent</tag>
<tag>Setter</tag>
<doc>Scrolls an element or the page relative from current position by the given values.</doc>
<msg timestamp="20230812 10:54:42.401" level="INFO">JavaScript executed successfully.</msg>
<msg timestamp="20230812 10:54:42.401" level="INFO">JavaScript executed successfully.</msg>
<msg timestamp="20230812 10:54:42.504" level="INFO">JavaScript executed successfully.</msg>
<msg timestamp="20230812 10:54:42.504" level="INFO">JavaScript executed successfully.</msg>
<msg timestamp="20230812 10:54:42.543" level="INFO">JavaScript executed successfully.</msg>
<status status="PASS" starttime="20230812 10:54:42.259" endtime="20230812 10:54:42.543"/>
</kw>
<status status="PASS" starttime="20230812 10:54:41.737" endtime="20230812 10:54:42.543"/>
</kw>
<kw name="Wait Until Element Is Visible" library="common">
<arg>//*[@id='name-application']</arg>
<kw name="Wait For Elements State" library="Browser">
<arg>${locator}</arg>
<arg>visible</arg>
<arg>${timeout}</arg>
<arg>${message}</arg>
<tag>PageContent</tag>
<tag>Wait</tag>
<doc>Waits for the element found by ``selector`` to satisfy state option.</doc>
<msg timestamp="20230812 10:54:42.927" level="INFO">Waited for Element with selector //*[@id='name-application'] at state visible</msg>
<status status="PASS" starttime="20230812 10:54:42.549" endtime="20230812 10:54:42.928"/>
</kw>
<status status="PASS" starttime="20230812 10:54:42.544" endtime="20230812 10:54:42.928"/>
</kw>
<status status="PASS" starttime="20230812 10:54:41.055" endtime="20230812 10:54:42.928"/>
</kw>
<kw name="And Click &quot;Quản lý người dùng&quot; menu" library="common" sourcename="Click &quot;${text}&quot; menu">
<kw name="Click" library="Browser">
<arg>xpath=//span[contains(text(),'${text}')]</arg>
<tag>PageContent</tag>
<tag>Setter</tag>
<doc>Simulates mouse click on the element found by ``selector``.</doc>
<status status="PASS" starttime="20230812 10:54:42.931" endtime="20230812 10:54:43.178"/>
</kw>
<kw name="Wait Until Element Spin" library="common">
<kw name="Set Variable" library="BuiltIn">
<var>${element}</var>
<arg>xpath=//*[contains(@class, "ant-spin-spinning")]</arg>
<doc>Returns the given values which can then be assigned to a variables.</doc>
<msg timestamp="20230812 10:54:43.180" level="INFO">${element} = xpath=//*[contains(@class, "ant-spin-spinning")]</msg>
<status status="PASS" starttime="20230812 10:54:43.180" endtime="20230812 10:54:43.180"/>
</kw>
<kw name="Get Element Count" library="Browser">
<var>${count}</var>
<arg>${element}</arg>
<tag>Assertion</tag>
<tag>Getter</tag>
<tag>PageContent</tag>
<doc>Returns the count of elements found with ``selector``.</doc>
<msg timestamp="20230812 10:54:43.194" level="INFO">${count} = 0</msg>
<status status="PASS" starttime="20230812 10:54:43.181" endtime="20230812 10:54:43.195"/>
</kw>
<if>
<branch type="IF" condition="${count} &gt; 0">
<kw name="Wait Until Element Is Not Exist" library="common">
<arg>${element}</arg>
<status status="NOT RUN" starttime="20230812 10:54:43.195" endtime="20230812 10:54:43.195"/>
</kw>
<status status="NOT RUN" starttime="20230812 10:54:43.195" endtime="20230812 10:54:43.195"/>
</branch>
<status status="PASS" starttime="20230812 10:54:43.195" endtime="20230812 10:54:43.195"/>
</if>
<status status="PASS" starttime="20230812 10:54:43.179" endtime="20230812 10:54:43.195"/>
</kw>
<status status="PASS" starttime="20230812 10:54:42.929" endtime="20230812 10:54:43.195"/>
</kw>
<kw name="And Click &quot;&gt;&quot; to &quot;next&quot; page" library="common" sourcename="Click &quot;${icon}&quot; to &quot;${next}&quot; page">
<kw name="Get Elements" library="Browser">
<var>${elements}</var>
<arg>//button[contains(@id, '${next}')]</arg>
<tag>Getter</tag>
<tag>PageContent</tag>
<doc>Returns a reference to Playwright [https://playwright.dev/docs/api/class-locator|Locator]
for all matched elements by ``selector``.</doc>
<msg timestamp="20230812 10:54:43.609" level="INFO">Found Locator@//button[contains(@id, 'next')] &gt;&gt; nth=0,Locator@//button[contains(@id, 'next')] &gt;&gt; nth=1,Locator@//button[contains(@id, 'next')] &gt;&gt; nth=2 Locators successfully.</msg>
<msg timestamp="20230812 10:54:43.609" level="INFO">${elements} = ["//button[contains(@id, 'next')] &gt;&gt; nth=0", "//button[contains(@id, 'next')] &gt;&gt; nth=1", "//button[contains(@id, 'next')] &gt;&gt; nth=2"]</msg>
<status status="PASS" starttime="20230812 10:54:43.195" endtime="20230812 10:54:43.609"/>
</kw>
<if>
<branch type="IF" condition="'${next}' == 'next'">
<kw name="Click" library="Browser">
<arg>${elements}[1]</arg>
<tag>PageContent</tag>
<tag>Setter</tag>
<doc>Simulates mouse click on the element found by ``selector``.</doc>
<status status="PASS" starttime="20230812 10:54:43.611" endtime="20230812 10:54:44.063"/>
</kw>
<status status="PASS" starttime="20230812 10:54:43.610" endtime="20230812 10:54:44.063"/>
</branch>
<branch type="ELSE IF" condition="'${next}' == 'prev'">
<kw name="Click" library="Browser">
<arg>${elements}[1]</arg>
<tag>PageContent</tag>
<tag>Setter</tag>
<doc>Simulates mouse click on the element found by ``selector``.</doc>
<status status="NOT RUN" starttime="20230812 10:54:44.063" endtime="20230812 10:54:44.063"/>
</kw>
<status status="NOT RUN" starttime="20230812 10:54:44.063" endtime="20230812 10:54:44.063"/>
</branch>
<branch type="ELSE IF" condition="'${next}' != 'next'">
<kw name="Click" library="Browser">
<arg>${elements}[0]</arg>
<tag>PageContent</tag>
<tag>Setter</tag>
<doc>Simulates mouse click on the element found by ``selector``.</doc>
<status status="NOT RUN" starttime="20230812 10:54:44.063" endtime="20230812 10:54:44.063"/>
</kw>
<status status="NOT RUN" starttime="20230812 10:54:44.063" endtime="20230812 10:54:44.063"/>
</branch>
<branch type="ELSE IF" condition="'${next}' != 'prev'">
<kw name="Click" library="Browser">
<arg>${elements}[0]</arg>
<tag>PageContent</tag>
<tag>Setter</tag>
<doc>Simulates mouse click on the element found by ``selector``.</doc>
<status status="NOT RUN" starttime="20230812 10:54:44.072" endtime="20230812 10:54:44.072"/>
</kw>
<status status="NOT RUN" starttime="20230812 10:54:44.063" endtime="20230812 10:54:44.073"/>
</branch>
<status status="PASS" starttime="20230812 10:54:43.610" endtime="20230812 10:54:44.075"/>
</if>
<kw name="Wait Until Element Spin" library="common">
<kw name="Set Variable" library="BuiltIn">
<var>${element}</var>
<arg>xpath=//*[contains(@class, "ant-spin-spinning")]</arg>
<doc>Returns the given values which can then be assigned to a variables.</doc>
<msg timestamp="20230812 10:54:44.076" level="INFO">${element} = xpath=//*[contains(@class, "ant-spin-spinning")]</msg>
<status status="PASS" starttime="20230812 10:54:44.076" endtime="20230812 10:54:44.076"/>
</kw>
<kw name="Get Element Count" library="Browser">
<var>${count}</var>
<arg>${element}</arg>
<tag>Assertion</tag>
<tag>Getter</tag>
<tag>PageContent</tag>
<doc>Returns the count of elements found with ``selector``.</doc>
<msg timestamp="20230812 10:54:44.091" level="INFO">${count} = 0</msg>
<status status="PASS" starttime="20230812 10:54:44.076" endtime="20230812 10:54:44.091"/>
</kw>
<if>
<branch type="IF" condition="${count} &gt; 0">
<kw name="Wait Until Element Is Not Exist" library="common">
<arg>${element}</arg>
<status status="NOT RUN" starttime="20230812 10:54:44.091" endtime="20230812 10:54:44.091"/>
</kw>
<status status="NOT RUN" starttime="20230812 10:54:44.091" endtime="20230812 10:54:44.091"/>
</branch>
<status status="PASS" starttime="20230812 10:54:44.091" endtime="20230812 10:54:44.091"/>
</if>
<status status="PASS" starttime="20230812 10:54:44.076" endtime="20230812 10:54:44.091"/>
</kw>
<status status="PASS" starttime="20230812 10:54:43.195" endtime="20230812 10:54:44.091"/>
</kw>
<kw name="Then Show list of &quot;users&quot;" library="common" sourcename="Show list of &quot;${name}&quot;">
<kw name="Log To Console" library="BuiltIn">
<arg>****************List of ${name}****************</arg>
<doc>Logs the given message to the console.</doc>
<status status="PASS" starttime="20230812 10:54:44.091" endtime="20230812 10:54:44.091"/>
</kw>
<kw name="Wait Until Element Spin" library="common">
<kw name="Set Variable" library="BuiltIn">
<var>${element}</var>
<arg>xpath=//*[contains(@class, "ant-spin-spinning")]</arg>
<doc>Returns the given values which can then be assigned to a variables.</doc>
<msg timestamp="20230812 10:54:44.091" level="INFO">${element} = xpath=//*[contains(@class, "ant-spin-spinning")]</msg>
<status status="PASS" starttime="20230812 10:54:44.091" endtime="20230812 10:54:44.091"/>
</kw>
<kw name="Get Element Count" library="Browser">
<var>${count}</var>
<arg>${element}</arg>
<tag>Assertion</tag>
<tag>Getter</tag>
<tag>PageContent</tag>
<doc>Returns the count of elements found with ``selector``.</doc>
<msg timestamp="20230812 10:54:44.091" level="INFO">${count} = 0</msg>
<status status="PASS" starttime="20230812 10:54:44.091" endtime="20230812 10:54:44.091"/>
</kw>
<if>
<branch type="IF" condition="${count} &gt; 0">
<kw name="Wait Until Element Is Not Exist" library="common">
<arg>${element}</arg>
<status status="NOT RUN" starttime="20230812 10:54:44.091" endtime="20230812 10:54:44.091"/>
</kw>
<status status="NOT RUN" starttime="20230812 10:54:44.091" endtime="20230812 10:54:44.091"/>
</branch>
<status status="PASS" starttime="20230812 10:54:44.091" endtime="20230812 10:54:44.091"/>
</if>
<status status="PASS" starttime="20230812 10:54:44.091" endtime="20230812 10:54:44.105"/>
</kw>
<kw name="Get Elements" library="Browser">
<var>${elements}</var>
<arg>xpath=//*[contains(@class, "ant-table-row")]</arg>
<tag>Getter</tag>
<tag>PageContent</tag>
<doc>Returns a reference to Playwright [https://playwright.dev/docs/api/class-locator|Locator]
for all matched elements by ``selector``.</doc>
<msg timestamp="20230812 10:54:44.128" level="INFO">Found Locator@xpath=//*[contains(@class, "ant-table-row")] &gt;&gt; nth=0,Locator@xpath=//*[contains(@class, "ant-table-row")] &gt;&gt; nth=1,Locator@xpath=//*[contains(@class, "ant-table-row")] &gt;&gt; nth=2,Locator@xpath=//*[contains(@class, "ant-table-row")] &gt;&gt; nth=3,Locator@xpath=//*[contains(@class, "ant-table-row")] &gt;&gt; nth=4,Locator@xpath=//*[contains(@class, "ant-table-row")] &gt;&gt; nth=5,Locator@xpath=//*[contains(@class, "ant-table-row")] &gt;&gt; nth=6,Locator@xpath=//*[contains(@class, "ant-table-row")] &gt;&gt; nth=7,Locator@xpath=//*[contains(@class, "ant-table-row")] &gt;&gt; nth=8,Locator@xpath=//*[contains(@class, "ant-table-row")] &gt;&gt; nth=9 Locators successfully.</msg>
<msg timestamp="20230812 10:54:44.128" level="INFO">${elements} = ['xpath=//*[contains(@class, "ant-table-row")] &gt;&gt; nth=0', 'xpath=//*[contains(@class, "ant-table-row")] &gt;&gt; nth=1', 'xpath=//*[contains(@class, "ant-table-row")] &gt;&gt; nth=2', 'xpath=//*[contains(@class, ...</msg>
<status status="PASS" starttime="20230812 10:54:44.107" endtime="20230812 10:54:44.128"/>
</kw>
<kw name="Wait Until Element Is Visible" library="common">
<arg>${elements}[0]</arg>
<kw name="Wait For Elements State" library="Browser">
<arg>${locator}</arg>
<arg>visible</arg>
<arg>${timeout}</arg>
<arg>${message}</arg>
<tag>PageContent</tag>
<tag>Wait</tag>
<doc>Waits for the element found by ``selector`` to satisfy state option.</doc>
<msg timestamp="20230812 10:54:44.161" level="INFO">Waited for Element with selector xpath=//*[contains(@class, "ant-table-row")] &gt;&gt; nth=0 at state visible</msg>
<status status="PASS" starttime="20230812 10:54:44.131" endtime="20230812 10:54:44.161"/>
</kw>
<status status="PASS" starttime="20230812 10:54:44.128" endtime="20230812 10:54:44.161"/>
</kw>
<kw name="Set Variable" library="BuiltIn">
<var>${count}</var>
<arg>1</arg>
<doc>Returns the given values which can then be assigned to a variables.</doc>
<msg timestamp="20230812 10:54:44.165" level="INFO">${count} = 1</msg>
<status status="PASS" starttime="20230812 10:54:44.164" endtime="20230812 10:54:44.165"/>
</kw>
<kw name="Set Variable" library="BuiltIn">
<var>${stt}</var>
<arg>1</arg>
<doc>Returns the given values which can then be assigned to a variables.</doc>
<msg timestamp="20230812 10:54:44.166" level="INFO">${stt} = 1</msg>
<status status="PASS" starttime="20230812 10:54:44.166" endtime="20230812 10:54:44.166"/>
</kw>
<if>
<branch type="IF" condition="'${name}' == 'users'">
<for flavor="IN">
<var>${i}</var>
<value>@{elements}</value>
<iter>
<var name="${i}">xpath=//*[contains(@class, "ant-table-row")] &gt;&gt; nth=0</var>
<kw name="Get Text" library="Browser">
<var>${user_code}</var>
<arg>//tbody/tr[${count}]/td[1]</arg>
<tag>Assertion</tag>
<tag>Getter</tag>
<tag>PageContent</tag>
<doc>Returns text attribute of the element found by ``selector``.</doc>
<msg timestamp="20230812 10:54:44.249" level="INFO">Text: 'USR1409'</msg>
<msg timestamp="20230812 10:54:44.249" level="INFO">${user_code} = USR1409</msg>
<status status="PASS" starttime="20230812 10:54:44.169" endtime="20230812 10:54:44.249"/>
</kw>
<kw name="Get Text" library="Browser">
<var>${fullname}</var>
<arg>//tbody/tr[${count}]/td[2]</arg>
<tag>Assertion</tag>
<tag>Getter</tag>
<tag>PageContent</tag>
<doc>Returns text attribute of the element found by ``selector``.</doc>
<msg timestamp="20230812 10:54:44.291" level="INFO">Text: 'Đặng Phước Duy'</msg>
<msg timestamp="20230812 10:54:44.291" level="INFO">${fullname} = Đặng Phước Duy</msg>
<status status="PASS" starttime="20230812 10:54:44.250" endtime="20230812 10:54:44.291"/>
</kw>
<kw name="Get Text" library="Browser">
<var>${email}</var>
<arg>//tbody/tr[${count}]/td[3]</arg>
<tag>Assertion</tag>
<tag>Getter</tag>
<tag>PageContent</tag>
<doc>Returns text attribute of the element found by ``selector``.</doc>
<msg timestamp="20230812 10:54:44.324" level="INFO">Text: 'd9greenshop@gmail.com'</msg>
<msg timestamp="20230812 10:54:44.324" level="INFO">${email} = d9greenshop@gmail.com</msg>
<status status="PASS" starttime="20230812 10:54:44.291" endtime="20230812 10:54:44.324"/>
</kw>
<kw name="Get Text" library="Browser">
<var>${phone}</var>
<arg>//tbody/tr[${count}]/td[4]</arg>
<tag>Assertion</tag>
<tag>Getter</tag>
<tag>PageContent</tag>
<doc>Returns text attribute of the element found by ``selector``.</doc>
<msg timestamp="20230812 10:54:44.358" level="INFO">Text: '0987654321'</msg>
<msg timestamp="20230812 10:54:44.358" level="INFO">${phone} = 0987654321</msg>
<status status="PASS" starttime="20230812 10:54:44.324" endtime="20230812 10:54:44.358"/>
</kw>
<kw name="Get Text" library="Browser">
<var>${role}</var>
<arg>//tbody/tr[${count}]/td[5]</arg>
<tag>Assertion</tag>
<tag>Getter</tag>
<tag>PageContent</tag>
<doc>Returns text attribute of the element found by ``selector``.</doc>
<msg timestamp="20230812 10:54:44.396" level="INFO">Text: 'Đại diện cửa hàng'</msg>
<msg timestamp="20230812 10:54:44.396" level="INFO">${role} = Đại diện cửa hàng</msg>
<status status="PASS" starttime="20230812 10:54:44.358" endtime="20230812 10:54:44.396"/>
</kw>
<kw name="Log To Console" library="BuiltIn">
<arg>${stt}. Mã người dùng: ${user_code} | Họ và tên: ${fullname} | Email: ${email} | Số điện thoại: ${phone} | Vai trò: ${role}</arg>
<doc>Logs the given message to the console.</doc>
<status status="PASS" starttime="20230812 10:54:44.397" endtime="20230812 10:54:44.398"/>
</kw>
<kw name="Log To Console" library="BuiltIn">
<arg>============================================================================================================================================</arg>
<doc>Logs the given message to the console.</doc>
<status status="PASS" starttime="20230812 10:54:44.398" endtime="20230812 10:54:44.399"/>
</kw>
<kw name="Evaluate" library="BuiltIn">
<var>${count}</var>
<arg>${count} + 1</arg>
<doc>Evaluates the given expression in Python and returns the result.</doc>
<msg timestamp="20230812 10:54:44.400" level="INFO">${count} = 2</msg>
<status status="PASS" starttime="20230812 10:54:44.399" endtime="20230812 10:54:44.400"/>
</kw>
<kw name="Evaluate" library="BuiltIn">
<var>${stt}</var>
<arg>${stt} + 1</arg>
<doc>Evaluates the given expression in Python and returns the result.</doc>
<msg timestamp="20230812 10:54:44.401" level="INFO">${stt} = 2</msg>
<status status="PASS" starttime="20230812 10:54:44.400" endtime="20230812 10:54:44.401"/>
</kw>
<status status="PASS" starttime="20230812 10:54:44.168" endtime="20230812 10:54:44.401"/>
</iter>
<iter>
<var name="${i}">xpath=//*[contains(@class, "ant-table-row")] &gt;&gt; nth=1</var>
<kw name="Get Text" library="Browser">
<var>${user_code}</var>
<arg>//tbody/tr[${count}]/td[1]</arg>
<tag>Assertion</tag>
<tag>Getter</tag>
<tag>PageContent</tag>
<doc>Returns text attribute of the element found by ``selector``.</doc>
<msg timestamp="20230812 10:54:44.438" level="INFO">Text: 'USR1406'</msg>
<msg timestamp="20230812 10:54:44.438" level="INFO">${user_code} = USR1406</msg>
<status status="PASS" starttime="20230812 10:54:44.401" endtime="20230812 10:54:44.438"/>
</kw>
<kw name="Get Text" library="Browser">
<var>${fullname}</var>
<arg>//tbody/tr[${count}]/td[2]</arg>
<tag>Assertion</tag>
<tag>Getter</tag>
<tag>PageContent</tag>
<doc>Returns text attribute of the element found by ``selector``.</doc>
<msg timestamp="20230812 10:54:44.476" level="INFO">Text: 'Lê Tiến Đạt'</msg>
<msg timestamp="20230812 10:54:44.477" level="INFO">${fullname} = Lê Tiến Đạt</msg>
<status status="PASS" starttime="20230812 10:54:44.439" endtime="20230812 10:54:44.477"/>
</kw>
<kw name="Get Text" library="Browser">
<var>${email}</var>
<arg>//tbody/tr[${count}]/td[3]</arg>
<tag>Assertion</tag>
<tag>Getter</tag>
<tag>PageContent</tag>
<doc>Returns text attribute of the element found by ``selector``.</doc>
<msg timestamp="20230812 10:54:44.508" level="INFO">Text: 'lctiendat@gmail.com'</msg>
<msg timestamp="20230812 10:54:44.508" level="INFO">${email} = lctiendat@gmail.com</msg>
<status status="PASS" starttime="20230812 10:54:44.478" endtime="20230812 10:54:44.509"/>
</kw>
<kw name="Get Text" library="Browser">
<var>${phone}</var>
<arg>//tbody/tr[${count}]/td[4]</arg>
<tag>Assertion</tag>
<tag>Getter</tag>
<tag>PageContent</tag>
<doc>Returns text attribute of the element found by ``selector``.</doc>
<msg timestamp="20230812 10:54:44.522" level="INFO">Text: '0766667020'</msg>
<msg timestamp="20230812 10:54:44.538" level="INFO">${phone} = 0766667020</msg>
<status status="PASS" starttime="20230812 10:54:44.509" endtime="20230812 10:54:44.538"/>
</kw>
<kw name="Get Text" library="Browser">
<var>${role}</var>
<arg>//tbody/tr[${count}]/td[5]</arg>
<tag>Assertion</tag>
<tag>Getter</tag>
<tag>PageContent</tag>
<doc>Returns text attribute of the element found by ``selector``.</doc>
<msg timestamp="20230812 10:54:44.553" level="INFO">Text: 'Quản trị viên'</msg>
<msg timestamp="20230812 10:54:44.553" level="INFO">${role} = Quản trị viên</msg>
<status status="PASS" starttime="20230812 10:54:44.538" endtime="20230812 10:54:44.553"/>
</kw>
<kw name="Log To Console" library="BuiltIn">
<arg>${stt}. Mã người dùng: ${user_code} | Họ và tên: ${fullname} | Email: ${email} | Số điện thoại: ${phone} | Vai trò: ${role}</arg>
<doc>Logs the given message to the console.</doc>
<status status="PASS" starttime="20230812 10:54:44.553" endtime="20230812 10:54:44.553"/>
</kw>
<kw name="Log To Console" library="BuiltIn">
<arg>============================================================================================================================================</arg>
<doc>Logs the given message to the console.</doc>
<status status="PASS" starttime="20230812 10:54:44.553" endtime="20230812 10:54:44.569"/>
</kw>
<kw name="Evaluate" library="BuiltIn">
<var>${count}</var>
<arg>${count} + 1</arg>
<doc>Evaluates the given expression in Python and returns the result.</doc>
<msg timestamp="20230812 10:54:44.569" level="INFO">${count} = 3</msg>
<status status="PASS" starttime="20230812 10:54:44.569" endtime="20230812 10:54:44.569"/>
</kw>
<kw name="Evaluate" library="BuiltIn">
<var>${stt}</var>
<arg>${stt} + 1</arg>
<doc>Evaluates the given expression in Python and returns the result.</doc>
<msg timestamp="20230812 10:54:44.569" level="INFO">${stt} = 3</msg>
<status status="PASS" starttime="20230812 10:54:44.569" endtime="20230812 10:54:44.569"/>
</kw>
<status status="PASS" starttime="20230812 10:54:44.401" endtime="20230812 10:54:44.569"/>
</iter>
<iter>
<var name="${i}">xpath=//*[contains(@class, "ant-table-row")] &gt;&gt; nth=2</var>
<kw name="Get Text" library="Browser">
<var>${user_code}</var>
<arg>//tbody/tr[${count}]/td[1]</arg>
<tag>Assertion</tag>
<tag>Getter</tag>
<tag>PageContent</tag>
<doc>Returns text attribute of the element found by ``selector``.</doc>
<msg timestamp="20230812 10:54:44.604" level="INFO">Text: 'USR1323'</msg>
<msg timestamp="20230812 10:54:44.604" level="INFO">${user_code} = USR1323</msg>
<status status="PASS" starttime="20230812 10:54:44.569" endtime="20230812 10:54:44.604"/>
</kw>
<kw name="Get Text" library="Browser">
<var>${fullname}</var>
<arg>//tbody/tr[${count}]/td[2]</arg>
<tag>Assertion</tag>
<tag>Getter</tag>
<tag>PageContent</tag>
<doc>Returns text attribute of the element found by ``selector``.</doc>
<msg timestamp="20230812 10:54:44.641" level="INFO">Text: 'Nguyễn Thị Lan Anh'</msg>
<msg timestamp="20230812 10:54:44.641" level="INFO">${fullname} = Nguyễn Thị Lan Anh</msg>
<status status="PASS" starttime="20230812 10:54:44.604" endtime="20230812 10:54:44.642"/>
</kw>
<kw name="Get Text" library="Browser">
<var>${email}</var>
<arg>//tbody/tr[${count}]/td[3]</arg>
<tag>Assertion</tag>
<tag>Getter</tag>
<tag>PageContent</tag>
<doc>Returns text attribute of the element found by ``selector``.</doc>
<msg timestamp="20230812 10:54:44.675" level="INFO">Text: 'lananh8032003@gmail.com'</msg>
<msg timestamp="20230812 10:54:44.675" level="INFO">${email} = lananh8032003@gmail.com</msg>
<status status="PASS" starttime="20230812 10:54:44.643" endtime="20230812 10:54:44.675"/>
</kw>
<kw name="Get Text" library="Browser">
<var>${phone}</var>
<arg>//tbody/tr[${count}]/td[4]</arg>
<tag>Assertion</tag>
<tag>Getter</tag>
<tag>PageContent</tag>
<doc>Returns text attribute of the element found by ``selector``.</doc>
<msg timestamp="20230812 10:54:44.702" level="INFO">Text: '0335745999'</msg>
<msg timestamp="20230812 10:54:44.702" level="INFO">${phone} = 0335745999</msg>
<status status="PASS" starttime="20230812 10:54:44.675" endtime="20230812 10:54:44.702"/>
</kw>
<kw name="Get Text" library="Browser">
<var>${role}</var>
<arg>//tbody/tr[${count}]/td[5]</arg>
<tag>Assertion</tag>
<tag>Getter</tag>
<tag>PageContent</tag>
<doc>Returns text attribute of the element found by ``selector``.</doc>
<msg timestamp="20230812 10:54:44.721" level="INFO">Text: 'Đại diện NCC'</msg>
<msg timestamp="20230812 10:54:44.721" level="INFO">${role} = Đại diện NCC</msg>
<status status="PASS" starttime="20230812 10:54:44.702" endtime="20230812 10:54:44.721"/>
</kw>
<kw name="Log To Console" library="BuiltIn">
<arg>${stt}. Mã người dùng: ${user_code} | Họ và tên: ${fullname} | Email: ${email} | Số điện thoại: ${phone} | Vai trò: ${role}</arg>
<doc>Logs the given message to the console.</doc>
<status status="PASS" starttime="20230812 10:54:44.721" endtime="20230812 10:54:44.721"/>
</kw>
<kw name="Log To Console" library="BuiltIn">
<arg>============================================================================================================================================</arg>
<doc>Logs the given message to the console.</doc>
<status status="PASS" starttime="20230812 10:54:44.721" endtime="20230812 10:54:44.721"/>
</kw>
<kw name="Evaluate" library="BuiltIn">
<var>${count}</var>
<arg>${count} + 1</arg>
<doc>Evaluates the given expression in Python and returns the result.</doc>
<msg timestamp="20230812 10:54:44.721" level="INFO">${count} = 4</msg>
<status status="PASS" starttime="20230812 10:54:44.721" endtime="20230812 10:54:44.721"/>
</kw>
<kw name="Evaluate" library="BuiltIn">
<var>${stt}</var>
<arg>${stt} + 1</arg>
<doc>Evaluates the given expression in Python and returns the result.</doc>
<msg timestamp="20230812 10:54:44.721" level="INFO">${stt} = 4</msg>
<status status="PASS" starttime="20230812 10:54:44.721" endtime="20230812 10:54:44.721"/>
</kw>
<status status="PASS" starttime="20230812 10:54:44.569" endtime="20230812 10:54:44.721"/>
</iter>
<iter>
<var name="${i}">xpath=//*[contains(@class, "ant-table-row")] &gt;&gt; nth=3</var>
<kw name="Get Text" library="Browser">
<var>${user_code}</var>
<arg>//tbody/tr[${count}]/td[1]</arg>
<tag>Assertion</tag>
<tag>Getter</tag>
<tag>PageContent</tag>
<doc>Returns text attribute of the element found by ``selector``.</doc>
<msg timestamp="20230812 10:54:44.767" level="INFO">Text: 'USR1405'</msg>
<msg timestamp="20230812 10:54:44.767" level="INFO">${user_code} = USR1405</msg>
<status status="PASS" starttime="20230812 10:54:44.721" endtime="20230812 10:54:44.767"/>
</kw>
<kw name="Get Text" library="Browser">
<var>${fullname}</var>
<arg>//tbody/tr[${count}]/td[2]</arg>
<tag>Assertion</tag>
<tag>Getter</tag>
<tag>PageContent</tag>
<doc>Returns text attribute of the element found by ``selector``.</doc>
<msg timestamp="20230812 10:54:44.802" level="INFO">Text: 'LAN ANH'</msg>
<msg timestamp="20230812 10:54:44.802" level="INFO">${fullname} = LAN ANH</msg>
<status status="PASS" starttime="20230812 10:54:44.768" endtime="20230812 10:54:44.802"/>
</kw>
<kw name="Get Text" library="Browser">
<var>${email}</var>
<arg>//tbody/tr[${count}]/td[3]</arg>
<tag>Assertion</tag>
<tag>Getter</tag>
<tag>PageContent</tag>
<doc>Returns text attribute of the element found by ``selector``.</doc>
<msg timestamp="20230812 10:54:44.835" level="INFO">Text: 'lananh2003@gmail.com'</msg>
<msg timestamp="20230812 10:54:44.835" level="INFO">${email} = lananh2003@gmail.com</msg>
<status status="PASS" starttime="20230812 10:54:44.802" endtime="20230812 10:54:44.835"/>
</kw>
<kw name="Get Text" library="Browser">
<var>${phone}</var>
<arg>//tbody/tr[${count}]/td[4]</arg>
<tag>Assertion</tag>
<tag>Getter</tag>
<tag>PageContent</tag>
<doc>Returns text attribute of the element found by ``selector``.</doc>
<msg timestamp="20230812 10:54:44.865" level="INFO">Text: '0335745554'</msg>
<msg timestamp="20230812 10:54:44.865" level="INFO">${phone} = 0335745554</msg>
<status status="PASS" starttime="20230812 10:54:44.836" endtime="20230812 10:54:44.865"/>
</kw>
<kw name="Get Text" library="Browser">
<var>${role}</var>
<arg>//tbody/tr[${count}]/td[5]</arg>
<tag>Assertion</tag>
<tag>Getter</tag>
<tag>PageContent</tag>
<doc>Returns text attribute of the element found by ``selector``.</doc>
<msg timestamp="20230812 10:54:44.887" level="INFO">Text: 'Đại diện cửa hàng'</msg>
<msg timestamp="20230812 10:54:44.887" level="INFO">${role} = Đại diện cửa hàng</msg>
<status status="PASS" starttime="20230812 10:54:44.866" endtime="20230812 10:54:44.887"/>
</kw>
<kw name="Log To Console" library="BuiltIn">
<arg>${stt}. Mã người dùng: ${user_code} | Họ và tên: ${fullname} | Email: ${email} | Số điện thoại: ${phone} | Vai trò: ${role}</arg>
<doc>Logs the given message to the console.</doc>
<status status="PASS" starttime="20230812 10:54:44.887" endtime="20230812 10:54:44.887"/>
</kw>
<kw name="Log To Console" library="BuiltIn">
<arg>============================================================================================================================================</arg>
<doc>Logs the given message to the console.</doc>
<status status="PASS" starttime="20230812 10:54:44.887" endtime="20230812 10:54:44.887"/>
</kw>
<kw name="Evaluate" library="BuiltIn">
<var>${count}</var>
<arg>${count} + 1</arg>
<doc>Evaluates the given expression in Python and returns the result.</doc>
<msg timestamp="20230812 10:54:44.887" level="INFO">${count} = 5</msg>
<status status="PASS" starttime="20230812 10:54:44.887" endtime="20230812 10:54:44.887"/>
</kw>
<kw name="Evaluate" library="BuiltIn">
<var>${stt}</var>
<arg>${stt} + 1</arg>
<doc>Evaluates the given expression in Python and returns the result.</doc>
<msg timestamp="20230812 10:54:44.887" level="INFO">${stt} = 5</msg>
<status status="PASS" starttime="20230812 10:54:44.887" endtime="20230812 10:54:44.887"/>
</kw>
<status status="PASS" starttime="20230812 10:54:44.721" endtime="20230812 10:54:44.887"/>
</iter>
<iter>
<var name="${i}">xpath=//*[contains(@class, "ant-table-row")] &gt;&gt; nth=4</var>
<kw name="Get Text" library="Browser">
<var>${user_code}</var>
<arg>//tbody/tr[${count}]/td[1]</arg>
<tag>Assertion</tag>
<tag>Getter</tag>
<tag>PageContent</tag>
<doc>Returns text attribute of the element found by ``selector``.</doc>
<msg timestamp="20230812 10:54:44.935" level="INFO">Text: 'USR1404'</msg>
<msg timestamp="20230812 10:54:44.935" level="INFO">${user_code} = USR1404</msg>
<status status="PASS" starttime="20230812 10:54:44.887" endtime="20230812 10:54:44.935"/>
</kw>
<kw name="Get Text" library="Browser">
<var>${fullname}</var>
<arg>//tbody/tr[${count}]/td[2]</arg>
<tag>Assertion</tag>
<tag>Getter</tag>
<tag>PageContent</tag>
<doc>Returns text attribute of the element found by ``selector``.</doc>
<msg timestamp="20230812 10:54:44.969" level="INFO">Text: 'Hồ Văn Nhật'</msg>
<msg timestamp="20230812 10:54:44.969" level="INFO">${fullname} = Hồ Văn Nhật</msg>
<status status="PASS" starttime="20230812 10:54:44.935" endtime="20230812 10:54:44.969"/>
</kw>
<kw name="Get Text" library="Browser">
<var>${email}</var>
<arg>//tbody/tr[${count}]/td[3]</arg>
<tag>Assertion</tag>
<tag>Getter</tag>
<tag>PageContent</tag>
<doc>Returns text attribute of the element found by ``selector``.</doc>
<msg timestamp="20230812 10:54:45.000" level="INFO">Text: 'suseg@getnada.com'</msg>
<msg timestamp="20230812 10:54:45.000" level="INFO">${email} = suseg@getnada.com</msg>
<status status="PASS" starttime="20230812 10:54:44.969" endtime="20230812 10:54:45.000"/>
</kw>
<kw name="Get Text" library="Browser">
<var>${phone}</var>
<arg>//tbody/tr[${count}]/td[4]</arg>
<tag>Assertion</tag>
<tag>Getter</tag>
<tag>PageContent</tag>
<doc>Returns text attribute of the element found by ``selector``.</doc>
<msg timestamp="20230812 10:54:45.027" level="INFO">Text: '03550551234'</msg>
<msg timestamp="20230812 10:54:45.027" level="INFO">${phone} = 03550551234</msg>
<status status="PASS" starttime="20230812 10:54:45.001" endtime="20230812 10:54:45.027"/>
</kw>
<kw name="Get Text" library="Browser">
<var>${role}</var>
<arg>//tbody/tr[${count}]/td[5]</arg>
<tag>Assertion</tag>
<tag>Getter</tag>
<tag>PageContent</tag>
<doc>Returns text attribute of the element found by ``selector``.</doc>
<msg timestamp="20230812 10:54:45.054" level="INFO">Text: 'Quản trị viên'</msg>
<msg timestamp="20230812 10:54:45.054" level="INFO">${role} = Quản trị viên</msg>
<status status="PASS" starttime="20230812 10:54:45.027" endtime="20230812 10:54:45.054"/>
</kw>
<kw name="Log To Console" library="BuiltIn">
<arg>${stt}. Mã người dùng: ${user_code} | Họ và tên: ${fullname} | Email: ${email} | Số điện thoại: ${phone} | Vai trò: ${role}</arg>
<doc>Logs the given message to the console.</doc>
<status status="PASS" starttime="20230812 10:54:45.054" endtime="20230812 10:54:45.054"/>
</kw>
<kw name="Log To Console" library="BuiltIn">
<arg>============================================================================================================================================</arg>
<doc>Logs the given message to the console.</doc>
<status status="PASS" starttime="20230812 10:54:45.054" endtime="20230812 10:54:45.054"/>
</kw>
<kw name="Evaluate" library="BuiltIn">
<var>${count}</var>
<arg>${count} + 1</arg>
<doc>Evaluates the given expression in Python and returns the result.</doc>
<msg timestamp="20230812 10:54:45.054" level="INFO">${count} = 6</msg>
<status status="PASS" starttime="20230812 10:54:45.054" endtime="20230812 10:54:45.054"/>
</kw>
<kw name="Evaluate" library="BuiltIn">
<var>${stt}</var>
<arg>${stt} + 1</arg>
<doc>Evaluates the given expression in Python and returns the result.</doc>
<msg timestamp="20230812 10:54:45.054" level="INFO">${stt} = 6</msg>
<status status="PASS" starttime="20230812 10:54:45.054" endtime="20230812 10:54:45.054"/>
</kw>
<status status="PASS" starttime="20230812 10:54:44.887" endtime="20230812 10:54:45.054"/>
</iter>
<iter>
<var name="${i}">xpath=//*[contains(@class, "ant-table-row")] &gt;&gt; nth=5</var>
<kw name="Get Text" library="Browser">
<var>${user_code}</var>
<arg>//tbody/tr[${count}]/td[1]</arg>
<tag>Assertion</tag>
<tag>Getter</tag>
<tag>PageContent</tag>
<doc>Returns text attribute of the element found by ``selector``.</doc>
<msg timestamp="20230812 10:54:45.100" level="INFO">Text: 'USR1324'</msg>
<msg timestamp="20230812 10:54:45.101" level="INFO">${user_code} = USR1324</msg>
<status status="PASS" starttime="20230812 10:54:45.054" endtime="20230812 10:54:45.101"/>
</kw>
<kw name="Get Text" library="Browser">
<var>${fullname}</var>
<arg>//tbody/tr[${count}]/td[2]</arg>
<tag>Assertion</tag>
<tag>Getter</tag>
<tag>PageContent</tag>
<doc>Returns text attribute of the element found by ``selector``.</doc>
<msg timestamp="20230812 10:54:45.138" level="INFO">Text: 'Nguyễn Thị Lan Anh'</msg>
<msg timestamp="20230812 10:54:45.138" level="INFO">${fullname} = Nguyễn Thị Lan Anh</msg>
<status status="PASS" starttime="20230812 10:54:45.102" endtime="20230812 10:54:45.138"/>
</kw>
<kw name="Get Text" library="Browser">
<var>${email}</var>
<arg>//tbody/tr[${count}]/td[3]</arg>
<tag>Assertion</tag>
<tag>Getter</tag>
<tag>PageContent</tag>
<doc>Returns text attribute of the element found by ``selector``.</doc>
<msg timestamp="20230812 10:54:45.174" level="INFO">Text: '21211tt4375@mail.tdc.edu.vn'</msg>
<msg timestamp="20230812 10:54:45.175" level="INFO">${email} = 21211tt4375@mail.tdc.edu.vn</msg>
<status status="PASS" starttime="20230812 10:54:45.139" endtime="20230812 10:54:45.175"/>
</kw>
<kw name="Get Text" library="Browser">
<var>${phone}</var>
<arg>//tbody/tr[${count}]/td[4]</arg>
<tag>Assertion</tag>
<tag>Getter</tag>
<tag>PageContent</tag>
<doc>Returns text attribute of the element found by ``selector``.</doc>
<msg timestamp="20230812 10:54:45.207" level="INFO">Text: '0335745994'</msg>
<msg timestamp="20230812 10:54:45.207" level="INFO">${phone} = 0335745994</msg>
<status status="PASS" starttime="20230812 10:54:45.176" endtime="20230812 10:54:45.207"/>
</kw>
<kw name="Get Text" library="Browser">
<var>${role}</var>
<arg>//tbody/tr[${count}]/td[5]</arg>
<tag>Assertion</tag>
<tag>Getter</tag>
<tag>PageContent</tag>
<doc>Returns text attribute of the element found by ``selector``.</doc>
<msg timestamp="20230812 10:54:45.235" level="INFO">Text: 'Đại diện cửa hàng'</msg>
<msg timestamp="20230812 10:54:45.235" level="INFO">${role} = Đại diện cửa hàng</msg>
<status status="PASS" starttime="20230812 10:54:45.207" endtime="20230812 10:54:45.235"/>
</kw>
<kw name="Log To Console" library="BuiltIn">
<arg>${stt}. Mã người dùng: ${user_code} | Họ và tên: ${fullname} | Email: ${email} | Số điện thoại: ${phone} | Vai trò: ${role}</arg>
<doc>Logs the given message to the console.</doc>
<status status="PASS" starttime="20230812 10:54:45.236" endtime="20230812 10:54:45.237"/>
</kw>
<kw name="Log To Console" library="BuiltIn">
<arg>============================================================================================================================================</arg>
<doc>Logs the given message to the console.</doc>
<status status="PASS" starttime="20230812 10:54:45.237" endtime="20230812 10:54:45.239"/>
</kw>
<kw name="Evaluate" library="BuiltIn">
<var>${count}</var>
<arg>${count} + 1</arg>
<doc>Evaluates the given expression in Python and returns the result.</doc>
<msg timestamp="20230812 10:54:45.239" level="INFO">${count} = 7</msg>
<status status="PASS" starttime="20230812 10:54:45.239" endtime="20230812 10:54:45.239"/>
</kw>
<kw name="Evaluate" library="BuiltIn">
<var>${stt}</var>
<arg>${stt} + 1</arg>
<doc>Evaluates the given expression in Python and returns the result.</doc>
<msg timestamp="20230812 10:54:45.239" level="INFO">${stt} = 7</msg>
<status status="PASS" starttime="20230812 10:54:45.239" endtime="20230812 10:54:45.239"/>
</kw>
<status status="PASS" starttime="20230812 10:54:45.054" endtime="20230812 10:54:45.239"/>
</iter>
<iter>
<var name="${i}">xpath=//*[contains(@class, "ant-table-row")] &gt;&gt; nth=6</var>
<kw name="Get Text" library="Browser">
<var>${user_code}</var>
<arg>//tbody/tr[${count}]/td[1]</arg>
<tag>Assertion</tag>
<tag>Getter</tag>
<tag>PageContent</tag>
<doc>Returns text attribute of the element found by ``selector``.</doc>
<msg timestamp="20230812 10:54:45.270" level="INFO">Text: 'USR1173'</msg>
<msg timestamp="20230812 10:54:45.271" level="INFO">${user_code} = USR1173</msg>
<status status="PASS" starttime="20230812 10:54:45.239" endtime="20230812 10:54:45.271"/>
</kw>
<kw name="Get Text" library="Browser">
<var>${fullname}</var>
<arg>//tbody/tr[${count}]/td[2]</arg>
<tag>Assertion</tag>
<tag>Getter</tag>
<tag>PageContent</tag>
<doc>Returns text attribute of the element found by ``selector``.</doc>
<msg timestamp="20230812 10:54:45.308" level="INFO">Text: 'HOANG BEN'</msg>
<msg timestamp="20230812 10:54:45.308" level="INFO">${fullname} = HOANG BEN</msg>
<status status="PASS" starttime="20230812 10:54:45.272" endtime="20230812 10:54:45.308"/>
</kw>
<kw name="Get Text" library="Browser">
<var>${email}</var>
<arg>//tbody/tr[${count}]/td[3]</arg>
<tag>Assertion</tag>
<tag>Getter</tag>
<tag>PageContent</tag>
<doc>Returns text attribute of the element found by ``selector``.</doc>
<msg timestamp="20230812 10:54:45.347" level="INFO">Text: 'chstag11111@getnada.com'</msg>
<msg timestamp="20230812 10:54:45.347" level="INFO">${email} = chstag11111@getnada.com</msg>
<status status="PASS" starttime="20230812 10:54:45.309" endtime="20230812 10:54:45.347"/>
</kw>
<kw name="Get Text" library="Browser">
<var>${phone}</var>
<arg>//tbody/tr[${count}]/td[4]</arg>
<tag>Assertion</tag>
<tag>Getter</tag>
<tag>PageContent</tag>
<doc>Returns text attribute of the element found by ``selector``.</doc>
<msg timestamp="20230812 10:54:45.382" level="INFO">Text: '0941225409'</msg>
<msg timestamp="20230812 10:54:45.382" level="INFO">${phone} = 0941225409</msg>
<status status="PASS" starttime="20230812 10:54:45.348" endtime="20230812 10:54:45.382"/>
</kw>
<kw name="Get Text" library="Browser">
<var>${role}</var>
<arg>//tbody/tr[${count}]/td[5]</arg>
<tag>Assertion</tag>
<tag>Getter</tag>
<tag>PageContent</tag>
<doc>Returns text attribute of the element found by ``selector``.</doc>
<msg timestamp="20230812 10:54:45.404" level="INFO">Text: 'Đại diện cửa hàng'</msg>
<msg timestamp="20230812 10:54:45.404" level="INFO">${role} = Đại diện cửa hàng</msg>
<status status="PASS" starttime="20230812 10:54:45.383" endtime="20230812 10:54:45.404"/>
</kw>
<kw name="Log To Console" library="BuiltIn">
<arg>${stt}. Mã người dùng: ${user_code} | Họ và tên: ${fullname} | Email: ${email} | Số điện thoại: ${phone} | Vai trò: ${role}</arg>
<doc>Logs the given message to the console.</doc>
<status status="PASS" starttime="20230812 10:54:45.404" endtime="20230812 10:54:45.404"/>
</kw>
<kw name="Log To Console" library="BuiltIn">
<arg>============================================================================================================================================</arg>
<doc>Logs the given message to the console.</doc>
<status status="PASS" starttime="20230812 10:54:45.404" endtime="20230812 10:54:45.404"/>
</kw>
<kw name="Evaluate" library="BuiltIn">
<var>${count}</var>
<arg>${count} + 1</arg>
<doc>Evaluates the given expression in Python and returns the result.</doc>
<msg timestamp="20230812 10:54:45.404" level="INFO">${count} = 8</msg>
<status status="PASS" starttime="20230812 10:54:45.404" endtime="20230812 10:54:45.404"/>
</kw>
<kw name="Evaluate" library="BuiltIn">
<var>${stt}</var>
<arg>${stt} + 1</arg>
<doc>Evaluates the given expression in Python and returns the result.</doc>
<msg timestamp="20230812 10:54:45.404" level="INFO">${stt} = 8</msg>
<status status="PASS" starttime="20230812 10:54:45.404" endtime="20230812 10:54:45.404"/>
</kw>
<status status="PASS" starttime="20230812 10:54:45.239" endtime="20230812 10:54:45.404"/>
</iter>
<iter>
<var name="${i}">xpath=//*[contains(@class, "ant-table-row")] &gt;&gt; nth=7</var>
<kw name="Get Text" library="Browser">
<var>${user_code}</var>
<arg>//tbody/tr[${count}]/td[1]</arg>
<tag>Assertion</tag>
<tag>Getter</tag>
<tag>PageContent</tag>
<doc>Returns text attribute of the element found by ``selector``.</doc>
<msg timestamp="20230812 10:54:45.446" level="INFO">Text: 'USR1403'</msg>
<msg timestamp="20230812 10:54:45.447" level="INFO">${user_code} = USR1403</msg>
<status status="PASS" starttime="20230812 10:54:45.404" endtime="20230812 10:54:45.447"/>
</kw>
<kw name="Get Text" library="Browser">
<var>${fullname}</var>
<arg>//tbody/tr[${count}]/td[2]</arg>
<tag>Assertion</tag>
<tag>Getter</tag>
<tag>PageContent</tag>
<doc>Returns text attribute of the element found by ``selector``.</doc>
<msg timestamp="20230812 10:54:45.481" level="INFO">Text: 'Hồ Văn Nhật'</msg>
[...]
<tag>Getter</tag>
<tag>PageContent</tag>
<doc>Returns text attribute of the element found by ``selector``.</doc>
<msg timestamp="20230812 10:54:51.238" level="INFO">Text: '0766667020'</msg>
<msg timestamp="20230812 10:54:51.238" level="INFO">${phone} = 0766667020</msg>
<status status="PASS" starttime="20230812 10:54:51.211" endtime="20230812 10:54:51.238"/>
</kw>
<kw name="Get Text" library="Browser">
<var>${role}</var>
<arg>//tbody/tr[${count}]/td[5]</arg>
<tag>Assertion</tag>
<tag>Getter</tag>
<tag>PageContent</tag>
<doc>Returns text attribute of the element found by ``selector``.</doc>
<msg timestamp="20230812 10:54:51.254" level="INFO">Text: 'Đại diện cửa hàng'</msg>
<msg timestamp="20230812 10:54:51.254" level="INFO">${role} = Đại diện cửa hàng</msg>
<status status="PASS" starttime="20230812 10:54:51.238" endtime="20230812 10:54:51.254"/>
</kw>
<kw name="Log To Console" library="BuiltIn">
<arg>${stt}. Mã người dùng: ${user_code} | Họ và tên: ${fullname} | Email: ${email} | Số điện thoại: ${phone} | Vai trò: ${role}</arg>
<doc>Logs the given message to the console.</doc>
<status status="PASS" starttime="20230812 10:54:51.254" endtime="20230812 10:54:51.254"/>
</kw>
<kw name="Log To Console" library="BuiltIn">
<arg>============================================================================================================================================</arg>
<doc>Logs the given message to the console.</doc>
<status status="PASS" starttime="20230812 10:54:51.254" endtime="20230812 10:54:51.254"/>
</kw>
<kw name="Evaluate" library="BuiltIn">
<var>${count}</var>
<arg>${count} + 1</arg>
<doc>Evaluates the given expression in Python and returns the result.</doc>
<msg timestamp="20230812 10:54:51.270" level="INFO">${count} = 7</msg>
<status status="PASS" starttime="20230812 10:54:51.254" endtime="20230812 10:54:51.270"/>
</kw>
<kw name="Evaluate" library="BuiltIn">
<var>${stt}</var>
<arg>${stt} + 1</arg>
<doc>Evaluates the given expression in Python and returns the result.</doc>
<msg timestamp="20230812 10:54:51.270" level="INFO">${stt} = 7</msg>
<status status="PASS" starttime="20230812 10:54:51.270" endtime="20230812 10:54:51.270"/>
</kw>
<status status="PASS" starttime="20230812 10:54:51.104" endtime="20230812 10:54:51.270"/>
</iter>
<iter>
<var name="${i}">xpath=//*[contains(@class, "ant-table-row")] &gt;&gt; nth=6</var>
<kw name="Get Text" library="Browser">
<var>${user_code}</var>
<arg>//tbody/tr[${count}]/td[1]</arg>
<tag>Assertion</tag>
<tag>Getter</tag>
<tag>PageContent</tag>
<doc>Returns text attribute of the element found by ``selector``.</doc>
<msg timestamp="20230812 10:54:51.298" level="INFO">Text: 'USR0047'</msg>
<msg timestamp="20230812 10:54:51.299" level="INFO">${user_code} = USR0047</msg>
<status status="PASS" starttime="20230812 10:54:51.270" endtime="20230812 10:54:51.299"/>
</kw>
<kw name="Get Text" library="Browser">
<var>${fullname}</var>
<arg>//tbody/tr[${count}]/td[2]</arg>
<tag>Assertion</tag>
<tag>Getter</tag>
<tag>PageContent</tag>
<doc>Returns text attribute of the element found by ``selector``.</doc>
<msg timestamp="20230812 10:54:51.336" level="INFO">Text: 'Admin'</msg>
<msg timestamp="20230812 10:54:51.336" level="INFO">${fullname} = Admin</msg>
<status status="PASS" starttime="20230812 10:54:51.300" endtime="20230812 10:54:51.336"/>
</kw>
<kw name="Get Text" library="Browser">
<var>${email}</var>
<arg>//tbody/tr[${count}]/td[3]</arg>
<tag>Assertion</tag>
<tag>Getter</tag>
<tag>PageContent</tag>
<doc>Returns text attribute of the element found by ``selector``.</doc>
<msg timestamp="20230812 10:54:51.372" level="INFO">Text: 'admin_balan@getnada.com'</msg>
<msg timestamp="20230812 10:54:51.373" level="INFO">${email} = admin_balan@getnada.com</msg>
<status status="PASS" starttime="20230812 10:54:51.337" endtime="20230812 10:54:51.373"/>
</kw>
<kw name="Get Text" library="Browser">
<var>${phone}</var>
<arg>//tbody/tr[${count}]/td[4]</arg>
<tag>Assertion</tag>
<tag>Getter</tag>
<tag>PageContent</tag>
<doc>Returns text attribute of the element found by ``selector``.</doc>
<msg timestamp="20230812 10:54:51.405" level="INFO">Text: '978742782944'</msg>
<msg timestamp="20230812 10:54:51.405" level="INFO">${phone} = 978742782944</msg>
<status status="PASS" starttime="20230812 10:54:51.373" endtime="20230812 10:54:51.405"/>
</kw>
<kw name="Get Text" library="Browser">
<var>${role}</var>
<arg>//tbody/tr[${count}]/td[5]</arg>
<tag>Assertion</tag>
<tag>Getter</tag>
<tag>PageContent</tag>
<doc>Returns text attribute of the element found by ``selector``.</doc>
<msg timestamp="20230812 10:54:51.421" level="INFO">Text: 'Quản trị viên'</msg>
<msg timestamp="20230812 10:54:51.421" level="INFO">${role} = Quản trị viên</msg>
<status status="PASS" starttime="20230812 10:54:51.405" endtime="20230812 10:54:51.421"/>
</kw>
<kw name="Log To Console" library="BuiltIn">
<arg>${stt}. Mã người dùng: ${user_code} | Họ và tên: ${fullname} | Email: ${email} | Số điện thoại: ${phone} | Vai trò: ${role}</arg>
<doc>Logs the given message to the console.</doc>
<status status="PASS" starttime="20230812 10:54:51.436" endtime="20230812 10:54:51.436"/>
</kw>
<kw name="Log To Console" library="BuiltIn">
<arg>============================================================================================================================================</arg>
<doc>Logs the given message to the console.</doc>
<status status="PASS" starttime="20230812 10:54:51.436" endtime="20230812 10:54:51.436"/>
</kw>
<kw name="Evaluate" library="BuiltIn">
<var>${count}</var>
<arg>${count} + 1</arg>
<doc>Evaluates the given expression in Python and returns the result.</doc>
<msg timestamp="20230812 10:54:51.436" level="INFO">${count} = 8</msg>
<status status="PASS" starttime="20230812 10:54:51.436" endtime="20230812 10:54:51.436"/>
</kw>
<kw name="Evaluate" library="BuiltIn">
<var>${stt}</var>
<arg>${stt} + 1</arg>
<doc>Evaluates the given expression in Python and returns the result.</doc>
<msg timestamp="20230812 10:54:51.436" level="INFO">${stt} = 8</msg>
<status status="PASS" starttime="20230812 10:54:51.436" endtime="20230812 10:54:51.436"/>
</kw>
<status status="PASS" starttime="20230812 10:54:51.270" endtime="20230812 10:54:51.436"/>
</iter>
<iter>
<var name="${i}">xpath=//*[contains(@class, "ant-table-row")] &gt;&gt; nth=7</var>
<kw name="Get Text" library="Browser">
<var>${user_code}</var>
<arg>//tbody/tr[${count}]/td[1]</arg>
<tag>Assertion</tag>
<tag>Getter</tag>
<tag>PageContent</tag>
<doc>Returns text attribute of the element found by ``selector``.</doc>
<msg timestamp="20230812 10:54:51.478" level="INFO">Text: 'USR1411'</msg>
<msg timestamp="20230812 10:54:51.478" level="INFO">${user_code} = USR1411</msg>
<status status="PASS" starttime="20230812 10:54:51.436" endtime="20230812 10:54:51.478"/>
</kw>
<kw name="Get Text" library="Browser">
<var>${fullname}</var>
<arg>//tbody/tr[${count}]/td[2]</arg>
<tag>Assertion</tag>
<tag>Getter</tag>
<tag>PageContent</tag>
<doc>Returns text attribute of the element found by ``selector``.</doc>
<msg timestamp="20230812 10:54:51.515" level="INFO">Text: 'Đặng Thôi'</msg>
<msg timestamp="20230812 10:54:51.516" level="INFO">${fullname} = Đặng Thôi</msg>
<status status="PASS" starttime="20230812 10:54:51.478" endtime="20230812 10:54:51.516"/>
</kw>
<kw name="Get Text" library="Browser">
<var>${email}</var>
<arg>//tbody/tr[${count}]/td[3]</arg>
<tag>Assertion</tag>
<tag>Getter</tag>
<tag>PageContent</tag>
<doc>Returns text attribute of the element found by ``selector``.</doc>
<msg timestamp="20230812 10:54:51.550" level="INFO">Text: 'd9greenshop01@gmail.com'</msg>
<msg timestamp="20230812 10:54:51.550" level="INFO">${email} = d9greenshop01@gmail.com</msg>
<status status="PASS" starttime="20230812 10:54:51.516" endtime="20230812 10:54:51.550"/>
</kw>
<kw name="Get Text" library="Browser">
<var>${phone}</var>
<arg>//tbody/tr[${count}]/td[4]</arg>
<tag>Assertion</tag>
<tag>Getter</tag>
<tag>PageContent</tag>
<doc>Returns text attribute of the element found by ``selector``.</doc>
<msg timestamp="20230812 10:54:51.572" level="INFO">Text: '0303060320'</msg>
<msg timestamp="20230812 10:54:51.572" level="INFO">${phone} = 0303060320</msg>
<status status="PASS" starttime="20230812 10:54:51.551" endtime="20230812 10:54:51.572"/>
</kw>
<kw name="Get Text" library="Browser">
<var>${role}</var>
<arg>//tbody/tr[${count}]/td[5]</arg>
<tag>Assertion</tag>
<tag>Getter</tag>
<tag>PageContent</tag>
<doc>Returns text attribute of the element found by ``selector``.</doc>
<msg timestamp="20230812 10:54:51.602" level="INFO">Text: 'Đại diện cửa hàng'</msg>
<msg timestamp="20230812 10:54:51.602" level="INFO">${role} = Đại diện cửa hàng</msg>
<status status="PASS" starttime="20230812 10:54:51.572" endtime="20230812 10:54:51.602"/>
</kw>
<kw name="Log To Console" library="BuiltIn">
<arg>${stt}. Mã người dùng: ${user_code} | Họ và tên: ${fullname} | Email: ${email} | Số điện thoại: ${phone} | Vai trò: ${role}</arg>
<doc>Logs the given message to the console.</doc>
<status status="PASS" starttime="20230812 10:54:51.602" endtime="20230812 10:54:51.618"/>
</kw>
<kw name="Log To Console" library="BuiltIn">
<arg>============================================================================================================================================</arg>
<doc>Logs the given message to the console.</doc>
<status status="PASS" starttime="20230812 10:54:51.618" endtime="20230812 10:54:51.618"/>
</kw>
<kw name="Evaluate" library="BuiltIn">
<var>${count}</var>
<arg>${count} + 1</arg>
<doc>Evaluates the given expression in Python and returns the result.</doc>
<msg timestamp="20230812 10:54:51.618" level="INFO">${count} = 9</msg>
<status status="PASS" starttime="20230812 10:54:51.618" endtime="20230812 10:54:51.618"/>
</kw>
<kw name="Evaluate" library="BuiltIn">
<var>${stt}</var>
<arg>${stt} + 1</arg>
<doc>Evaluates the given expression in Python and returns the result.</doc>
<msg timestamp="20230812 10:54:51.618" level="INFO">${stt} = 9</msg>
<status status="PASS" starttime="20230812 10:54:51.618" endtime="20230812 10:54:51.618"/>
</kw>
<status status="PASS" starttime="20230812 10:54:51.436" endtime="20230812 10:54:51.618"/>
</iter>
<iter>
<var name="${i}">xpath=//*[contains(@class, "ant-table-row")] &gt;&gt; nth=8</var>
<kw name="Get Text" library="Browser">
<var>${user_code}</var>
<arg>//tbody/tr[${count}]/td[1]</arg>
<tag>Assertion</tag>
<tag>Getter</tag>
<tag>PageContent</tag>
<doc>Returns text attribute of the element found by ``selector``.</doc>
<msg timestamp="20230812 10:54:51.662" level="INFO">Text: 'USR1410'</msg>
<msg timestamp="20230812 10:54:51.662" level="INFO">${user_code} = USR1410</msg>
<status status="PASS" starttime="20230812 10:54:51.618" endtime="20230812 10:54:51.662"/>
</kw>
<kw name="Get Text" library="Browser">
<var>${fullname}</var>
<arg>//tbody/tr[${count}]/td[2]</arg>
<tag>Assertion</tag>
<tag>Getter</tag>
<tag>PageContent</tag>
<doc>Returns text attribute of the element found by ``selector``.</doc>
<msg timestamp="20230812 10:54:51.701" level="INFO">Text: 'Đặng Phước Duy'</msg>
<msg timestamp="20230812 10:54:51.702" level="INFO">${fullname} = Đặng Phước Duy</msg>
<status status="PASS" starttime="20230812 10:54:51.663" endtime="20230812 10:54:51.702"/>
</kw>
<kw name="Get Text" library="Browser">
<var>${email}</var>
<arg>//tbody/tr[${count}]/td[3]</arg>
<tag>Assertion</tag>
<tag>Getter</tag>
<tag>PageContent</tag>
<doc>Returns text attribute of the element found by ``selector``.</doc>
<msg timestamp="20230812 10:54:51.737" level="INFO">Text: 'greenshop@gmail.com'</msg>
<msg timestamp="20230812 10:54:51.737" level="INFO">${email} = greenshop@gmail.com</msg>
<status status="PASS" starttime="20230812 10:54:51.702" endtime="20230812 10:54:51.737"/>
</kw>
<kw name="Get Text" library="Browser">
<var>${phone}</var>
<arg>//tbody/tr[${count}]/td[4]</arg>
<tag>Assertion</tag>
<tag>Getter</tag>
<tag>PageContent</tag>
<doc>Returns text attribute of the element found by ``selector``.</doc>
<msg timestamp="20230812 10:54:51.755" level="INFO">Text: '0987654321'</msg>
<msg timestamp="20230812 10:54:51.755" level="INFO">${phone} = 0987654321</msg>
<status status="PASS" starttime="20230812 10:54:51.738" endtime="20230812 10:54:51.755"/>
</kw>
<kw name="Get Text" library="Browser">
<var>${role}</var>
<arg>//tbody/tr[${count}]/td[5]</arg>
<tag>Assertion</tag>
<tag>Getter</tag>
<tag>PageContent</tag>
<doc>Returns text attribute of the element found by ``selector``.</doc>
<msg timestamp="20230812 10:54:51.786" level="INFO">Text: 'Đại diện NCC'</msg>
<msg timestamp="20230812 10:54:51.786" level="INFO">${role} = Đại diện NCC</msg>
<status status="PASS" starttime="20230812 10:54:51.755" endtime="20230812 10:54:51.786"/>
</kw>
<kw name="Log To Console" library="BuiltIn">
<arg>${stt}. Mã người dùng: ${user_code} | Họ và tên: ${fullname} | Email: ${email} | Số điện thoại: ${phone} | Vai trò: ${role}</arg>
<doc>Logs the given message to the console.</doc>
<status status="PASS" starttime="20230812 10:54:51.801" endtime="20230812 10:54:51.801"/>
</kw>
<kw name="Log To Console" library="BuiltIn">
<arg>============================================================================================================================================</arg>
<doc>Logs the given message to the console.</doc>
<status status="PASS" starttime="20230812 10:54:51.801" endtime="20230812 10:54:51.801"/>
</kw>
<kw name="Evaluate" library="BuiltIn">
<var>${count}</var>
<arg>${count} + 1</arg>
<doc>Evaluates the given expression in Python and returns the result.</doc>
<msg timestamp="20230812 10:54:51.801" level="INFO">${count} = 10</msg>
<status status="PASS" starttime="20230812 10:54:51.801" endtime="20230812 10:54:51.801"/>
</kw>
<kw name="Evaluate" library="BuiltIn">
<var>${stt}</var>
<arg>${stt} + 1</arg>
<doc>Evaluates the given expression in Python and returns the result.</doc>
<msg timestamp="20230812 10:54:51.801" level="INFO">${stt} = 10</msg>
<status status="PASS" starttime="20230812 10:54:51.801" endtime="20230812 10:54:51.801"/>
</kw>
<status status="PASS" starttime="20230812 10:54:51.618" endtime="20230812 10:54:51.801"/>
</iter>
<iter>
<var name="${i}">xpath=//*[contains(@class, "ant-table-row")] &gt;&gt; nth=9</var>
<kw name="Get Text" library="Browser">
<var>${user_code}</var>
<arg>//tbody/tr[${count}]/td[1]</arg>
<tag>Assertion</tag>
<tag>Getter</tag>
<tag>PageContent</tag>
<doc>Returns text attribute of the element found by ``selector``.</doc>
<msg timestamp="20230812 10:54:51.842" level="INFO">Text: 'USR1408'</msg>
<msg timestamp="20230812 10:54:51.842" level="INFO">${user_code} = USR1408</msg>
<status status="PASS" starttime="20230812 10:54:51.801" endtime="20230812 10:54:51.842"/>
</kw>
<kw name="Get Text" library="Browser">
<var>${fullname}</var>
<arg>//tbody/tr[${count}]/td[2]</arg>
<tag>Assertion</tag>
<tag>Getter</tag>
<tag>PageContent</tag>
<doc>Returns text attribute of the element found by ``selector``.</doc>
<msg timestamp="20230812 10:54:51.881" level="INFO">Text: 'Lê Tiên Đạt'</msg>
<msg timestamp="20230812 10:54:51.881" level="INFO">${fullname} = Lê Tiên Đạt</msg>
<status status="PASS" starttime="20230812 10:54:51.843" endtime="20230812 10:54:51.881"/>
</kw>
<kw name="Get Text" library="Browser">
<var>${email}</var>
<arg>//tbody/tr[${count}]/td[3]</arg>
<tag>Assertion</tag>
<tag>Getter</tag>
<tag>PageContent</tag>
<doc>Returns text attribute of the element found by ``selector``.</doc>
<msg timestamp="20230812 10:54:51.918" level="INFO">Text: 'lctiendat.ncc@gmail.com'</msg>
<msg timestamp="20230812 10:54:51.918" level="INFO">${email} = lctiendat.ncc@gmail.com</msg>
<status status="PASS" starttime="20230812 10:54:51.882" endtime="20230812 10:54:51.918"/>
</kw>
<kw name="Get Text" library="Browser">
<var>${phone}</var>
<arg>//tbody/tr[${count}]/td[4]</arg>
<tag>Assertion</tag>
<tag>Getter</tag>
<tag>PageContent</tag>
<doc>Returns text attribute of the element found by ``selector``.</doc>
<msg timestamp="20230812 10:54:51.938" level="INFO">Text: '0766667020'</msg>
<msg timestamp="20230812 10:54:51.938" level="INFO">${phone} = 0766667020</msg>
<status status="PASS" starttime="20230812 10:54:51.918" endtime="20230812 10:54:51.938"/>
</kw>
<kw name="Get Text" library="Browser">
<var>${role}</var>
<arg>//tbody/tr[${count}]/td[5]</arg>
<tag>Assertion</tag>
<tag>Getter</tag>
<tag>PageContent</tag>
<doc>Returns text attribute of the element found by ``selector``.</doc>
<msg timestamp="20230812 10:54:51.969" level="INFO">Text: 'Đại diện NCC'</msg>
<msg timestamp="20230812 10:54:51.969" level="INFO">${role} = Đại diện NCC</msg>
<status status="PASS" starttime="20230812 10:54:51.938" endtime="20230812 10:54:51.969"/>
</kw>
<kw name="Log To Console" library="BuiltIn">
<arg>${stt}. Mã người dùng: ${user_code} | Họ và tên: ${fullname} | Email: ${email} | Số điện thoại: ${phone} | Vai trò: ${role}</arg>
<doc>Logs the given message to the console.</doc>
<status status="PASS" starttime="20230812 10:54:51.969" endtime="20230812 10:54:51.969"/>
</kw>
<kw name="Log To Console" library="BuiltIn">
<arg>============================================================================================================================================</arg>
<doc>Logs the given message to the console.</doc>
<status status="PASS" starttime="20230812 10:54:51.969" endtime="20230812 10:54:51.969"/>
</kw>
<kw name="Evaluate" library="BuiltIn">
<var>${count}</var>
<arg>${count} + 1</arg>
<doc>Evaluates the given expression in Python and returns the result.</doc>
<msg timestamp="20230812 10:54:51.969" level="INFO">${count} = 11</msg>
<status status="PASS" starttime="20230812 10:54:51.969" endtime="20230812 10:54:51.969"/>
</kw>
<kw name="Evaluate" library="BuiltIn">
<var>${stt}</var>
<arg>${stt} + 1</arg>
<doc>Evaluates the given expression in Python and returns the result.</doc>
<msg timestamp="20230812 10:54:51.969" level="INFO">${stt} = 11</msg>
<status status="PASS" starttime="20230812 10:54:51.969" endtime="20230812 10:54:51.969"/>
</kw>
<status status="PASS" starttime="20230812 10:54:51.801" endtime="20230812 10:54:51.969"/>
</iter>
<status status="PASS" starttime="20230812 10:54:50.301" endtime="20230812 10:54:51.969"/>
</for>
<status status="PASS" starttime="20230812 10:54:50.301" endtime="20230812 10:54:51.969"/>
</branch>
<status status="PASS" starttime="20230812 10:54:50.301" endtime="20230812 10:54:51.969"/>
</if>
<kw name="Evaluate" library="BuiltIn">
<var>${total}</var>
<arg>${count} - 1</arg>
<doc>Evaluates the given expression in Python and returns the result.</doc>
<msg timestamp="20230812 10:54:51.984" level="INFO">${total} = 10</msg>
<status status="PASS" starttime="20230812 10:54:51.984" endtime="20230812 10:54:51.984"/>
</kw>
<kw name="Log To Console" library="BuiltIn">
<arg>Tổng số lượng ${name} là: ${total}</arg>
<doc>Logs the given message to the console.</doc>
<status status="PASS" starttime="20230812 10:54:51.986" endtime="20230812 10:54:51.987"/>
</kw>
<status status="PASS" starttime="20230812 10:54:50.226" endtime="20230812 10:54:51.987"/>
</kw>
<kw name="Tear Down" library="common" type="TEARDOWN">
<kw name="Close Browser" library="Browser">
<arg>ALL</arg>
<tag>BrowserControl</tag>
<tag>Setter</tag>
<doc>Closes the current browser.</doc>
<msg timestamp="20230812 10:54:52.997" level="INFO">Closed all browsers</msg>
<status status="PASS" starttime="20230812 10:54:51.990" endtime="20230812 10:54:52.997"/>
</kw>
<status status="PASS" starttime="20230812 10:54:51.989" endtime="20230812 10:54:53.012"/>
</kw>
<status status="PASS" starttime="20230812 10:54:36.624" endtime="20230812 10:54:53.012"/>
</test>
<status status="PASS" starttime="20230812 10:54:33.128" endtime="20230812 10:54:53.012"/>
</suite>
<statistics>
<total>
<stat pass="1" fail="0" skip="0">All Tests</stat>
</total>
<tag>
</tag>
<suite>
<stat pass="1" fail="0" skip="0" id="s1" name="Admin Create User">Admin Create User</stat>
</suite>
</statistics>
<errors>
</errors>
</robot>
