<?xml version="1.0" encoding="UTF-8"?>
<robot generator="Robot 6.1 (Python 3.11.4 on win32)" generated="20230724 19:34:50.898" rpa="false" schemaversion="4">
<suite id="s1" name="Admin leave management" source="C:\Users\nhats\OneDrive\Desktop\ARI\vite-react-ari\test\testcases\Admin_leave_management.robot">
<test id="s1-t1" name="ALM-08 Check the ability to fillter the leave list by leave date" line="46">
<kw name="Setup" library="common" type="SETUP">
<kw name="Set Browser Timeout" library="Browser">
<arg>${BROWSER_TIMEOUT}</arg>
<tag>Config</tag>
<tag>Setter</tag>
<doc>Sets the timeout used by most input and getter keywords.</doc>
<status status="PASS" starttime="20230724 19:34:54.439" endtime="20230724 19:34:54.458"/>
</kw>
<kw name="New Browser" library="Browser">
<arg>${BROWSER}</arg>
<arg>headless=${HEADLESS}</arg>
<tag>BrowserControl</tag>
<tag>Setter</tag>
<doc>Create a new playwright Browser with specified options.</doc>
<msg timestamp="20230724 19:34:54.459" level="INFO">{"browser": "chromium", "headless": false, "devtools": false, "handleSIGHUP": true, "handleSIGINT": true, "handleSIGTERM": true, "slowMo": 0.0, "timeout": 30000.0, "deprecated_pos_args": [], "tracesDir": "C:\\Users\\nhats\\OneDrive\\Desktop\\ARI\\vite-react-ari\\browser\\traces\\b955deaa-7920-4dac-8308-f27a114c410d"}</msg>
<msg timestamp="20230724 19:34:55.817" level="INFO">Successfully created browser with options: {"browser":"chromium","headless":false,"devtools":false,"handleSIGHUP":true,"handleSIGINT":true,"handleSIGTERM":true,"slowMo":0,"timeout":30000,"deprecated_pos_args":[],"tracesDir":"C:\\Users\\nhats\\OneDrive\\Desktop\\ARI\\vite-react-ari\\browser\\traces\\b955deaa-7920-4dac-8308-f27a114c410d"}</msg>
<status status="PASS" starttime="20230724 19:34:54.458" endtime="20230724 19:34:55.817"/>
</kw>
<kw name="New Page" library="Browser">
<arg>${URL_DEFAULT}</arg>
<tag>BrowserControl</tag>
<tag>Setter</tag>
<doc>Open a new Page.</doc>
<msg timestamp="20230724 19:34:57.669" level="INFO">Successfully initialized new page object and opened url: http://v2.ari.com.vn/</msg>
<msg timestamp="20230724 19:34:57.670" level="INFO">No context was open. New context was automatically opened when this page is created.</msg>
<status status="PASS" starttime="20230724 19:34:55.817" endtime="20230724 19:34:57.670"/>
</kw>
<kw name="Evaluate" library="BuiltIn">
<var>${STATE}</var>
<arg>json.loads('''{}''')</arg>
<arg>json</arg>
<doc>Evaluates the given expression in Python and returns the result.</doc>
<msg timestamp="20230724 19:34:57.671" level="INFO">${STATE} = {}</msg>
<status status="PASS" starttime="20230724 19:34:57.671" endtime="20230724 19:34:57.671"/>
</kw>
<status status="PASS" starttime="20230724 19:34:54.433" endtime="20230724 19:34:57.671"/>
</kw>
<kw name="Login to admin" library="common">
<kw name="Enter &quot;email&quot; in &quot;Tên đăng nhập&quot; with &quot;admin@admin.com&quot;" library="common" sourcename="Enter &quot;${type}&quot; in &quot;${name}&quot; with &quot;${text}&quot;">
<kw name="Get Random Text" library="common">
<var>${text}</var>
<arg>${type}</arg>
<arg>${text}</arg>
<kw name="Set Variable" library="BuiltIn">
<var>${symbol}</var>
<arg>_RANDOM_</arg>
<doc>Returns the given values which can then be assigned to a variables.</doc>
<msg timestamp="20230724 19:34:57.676" level="INFO">${symbol} = _RANDOM_</msg>
<status status="PASS" starttime="20230724 19:34:57.675" endtime="20230724 19:34:57.676"/>
</kw>
<kw name="Set Variable" library="BuiltIn">
<var>${new_text}</var>
<doc>Returns the given values which can then be assigned to a variables.</doc>
<msg timestamp="20230724 19:34:57.677" level="INFO">${new_text} = </msg>
<status status="PASS" starttime="20230724 19:34:57.677" endtime="20230724 19:34:57.678"/>
</kw>
<kw name="Get Regexp Matches" library="String">
<var>${containsS}</var>
<arg>${text}</arg>
<arg>_@(.+)@_</arg>
<arg>1</arg>
<doc>Returns a list of all non-overlapping matches in the given string.</doc>
<msg timestamp="20230724 19:34:57.680" level="INFO">${containsS} = []</msg>
<status status="PASS" starttime="20230724 19:34:57.679" endtime="20230724 19:34:57.680"/>
</kw>
<kw name="Get Length" library="BuiltIn">
<var>${cntS}</var>
<arg>${containsS}</arg>
<doc>Returns and logs the length of the given item as an integer.</doc>
<msg timestamp="20230724 19:34:57.681" level="INFO">Length is 0</msg>
<msg timestamp="20230724 19:34:57.681" level="INFO">${cntS} = 0</msg>
<status status="PASS" starttime="20230724 19:34:57.681" endtime="20230724 19:34:57.681"/>
</kw>
<kw name="Get Regexp Matches" library="String">
<var>${contains}</var>
<arg>${text}</arg>
<arg>${symbol}</arg>
<doc>Returns a list of all non-overlapping matches in the given string.</doc>
<msg timestamp="20230724 19:34:57.683" level="INFO">${contains} = []</msg>
<status status="PASS" starttime="20230724 19:34:57.682" endtime="20230724 19:34:57.683"/>
</kw>
<kw name="Get Length" library="BuiltIn">
<var>${cnt}</var>
<arg>${contains}</arg>
<doc>Returns and logs the length of the given item as an integer.</doc>
<msg timestamp="20230724 19:34:57.684" level="INFO">Length is 0</msg>
<msg timestamp="20230724 19:34:57.684" level="INFO">${cnt} = 0</msg>
<status status="PASS" starttime="20230724 19:34:57.684" endtime="20230724 19:34:57.684"/>
</kw>
<if>
<branch type="IF" condition="${cntS} &gt; 0">
<kw name="Set Variable" library="BuiltIn">
<var>${new_text}</var>
<arg>${STATE["${containsS[0]}"]}</arg>
<doc>Returns the given values which can then be assigned to a variables.</doc>
<status status="NOT RUN" starttime="20230724 19:34:57.685" endtime="20230724 19:34:57.686"/>
</kw>
<kw name="Set Variable" library="BuiltIn">
<var>${symbol}</var>
<arg>_@${containsS[0]}@_</arg>
<doc>Returns the given values which can then be assigned to a variables.</doc>
<status status="NOT RUN" starttime="20230724 19:34:57.686" endtime="20230724 19:34:57.686"/>
</kw>
<status status="NOT RUN" starttime="20230724 19:34:57.685" endtime="20230724 19:34:57.686"/>
</branch>
<branch type="ELSE IF" condition="${cnt} &gt; 0 and '${type}' == 'test name'">
<kw name="Sentence" library="FakerLibrary">
<var>${random}</var>
<arg>nb_words=3</arg>
<doc>Generate a sentence.</doc>
<status status="NOT RUN" starttime="20230724 19:34:57.687" endtime="20230724 19:34:57.687"/>
</kw>
<kw name="Split String" library="String">
<var>${words}</var>
<arg>${TEST NAME}</arg>
<arg>${SPACE}</arg>
<doc>Splits the ``string`` using ``separator`` as a delimiter string.</doc>
<status status="NOT RUN" starttime="20230724 19:34:57.687" endtime="20230724 19:34:57.687"/>
</kw>
<kw name="Set Variable" library="BuiltIn">
<var>${new_text}</var>
<arg>${words[0]} ${random}</arg>
<doc>Returns the given values which can then be assigned to a variables.</doc>
<status status="NOT RUN" starttime="20230724 19:34:57.688" endtime="20230724 19:34:57.688"/>
</kw>
<status status="NOT RUN" starttime="20230724 19:34:57.686" endtime="20230724 19:34:57.688"/>
</branch>
<branch type="ELSE IF" condition="${cnt} &gt; 0 and '${type}' == 'number'">
<kw name="Random Int" library="FakerLibrary">
<var>${new_text}</var>
<arg>min=1000000000000</arg>
<arg>max=9999999999999</arg>
<doc>Generate a random integer between two integers ``min`` and ``max`` inclusive
while observing the provided ``step`` value.</doc>
<status status="NOT RUN" starttime="20230724 19:34:57.688" endtime="20230724 19:34:57.688"/>
</kw>
<kw name="Convert To String" library="BuiltIn">
<var>${new_text}</var>
<arg>${new_text}</arg>
<doc>Converts the given item to a Unicode string.</doc>
<status status="NOT RUN" starttime="20230724 19:34:57.689" endtime="20230724 19:34:57.689"/>
</kw>
<status status="NOT RUN" starttime="20230724 19:34:57.688" endtime="20230724 19:34:57.689"/>
</branch>
<branch type="ELSE IF" condition="${cnt} &gt; 0 and '${type}' == 'leave date'">
<kw name="Random Int" library="FakerLibrary">
<var>${new_text}</var>
<arg>min=0</arg>
<arg>max=16</arg>
<doc>Generate a random integer between two integers ``min`` and ``max`` inclusive
while observing the provided ``step`` value.</doc>
<status status="NOT RUN" starttime="20230724 19:34:57.690" endtime="20230724 19:34:57.690"/>
</kw>
<kw name="Convert To String" library="BuiltIn">
<var>${new_text}</var>
<arg>${new_text}</arg>
<doc>Converts the given item to a Unicode string.</doc>
<status status="NOT RUN" starttime="20230724 19:34:57.690" endtime="20230724 19:34:57.690"/>
</kw>
<status status="NOT RUN" starttime="20230724 19:34:57.689" endtime="20230724 19:34:57.690"/>
</branch>
<branch type="ELSE IF" condition="${cnt} &gt; 0 and '${type}' == 'percentage'">
<kw name="Random Int" library="FakerLibrary">
<var>${new_text}</var>
<arg>max=100</arg>
<doc>Generate a random integer between two integers ``min`` and ``max`` inclusive
while observing the provided ``step`` value.</doc>
<status status="NOT RUN" starttime="20230724 19:34:57.691" endtime="20230724 19:34:57.692"/>
</kw>
<kw name="Convert To String" library="BuiltIn">
<var>${new_text}</var>
<arg>${new_text}</arg>
<doc>Converts the given item to a Unicode string.</doc>
<status status="NOT RUN" starttime="20230724 19:34:57.693" endtime="20230724 19:34:57.693"/>
</kw>
<status status="NOT RUN" starttime="20230724 19:34:57.691" endtime="20230724 19:34:57.694"/>
</branch>
<branch type="ELSE IF" condition="${cnt} &gt; 0 and '${type}' == 'paragraph'">
<kw name="Paragraph" library="FakerLibrary">
<var>${new_text}</var>
<doc>Generate a paragraph.</doc>
<status status="NOT RUN" starttime="20230724 19:34:57.695" endtime="20230724 19:34:57.695"/>
</kw>
<status status="NOT RUN" starttime="20230724 19:34:57.694" endtime="20230724 19:34:57.696"/>
</branch>
<branch type="ELSE IF" condition="${cnt} &gt; 0 and '${type}' == 'email'">
<kw name="Email" library="FakerLibrary">
<var>${new_text}</var>
<status status="NOT RUN" starttime="20230724 19:34:57.697" endtime="20230724 19:34:57.697"/>
</kw>
<status status="NOT RUN" starttime="20230724 19:34:57.696" endtime="20230724 19:34:57.698"/>
</branch>
<branch type="ELSE IF" condition="${cnt} &gt; 0 and '${type}' == 'phone'">
<kw name="Random Int" library="FakerLibrary">
<var>${new_text}</var>
<arg>min=55555555</arg>
<arg>max=999999999999</arg>
<doc>Generate a random integer between two integers ``min`` and ``max`` inclusive
while observing the provided ``step`` value.</doc>
<status status="NOT RUN" starttime="20230724 19:34:57.699" endtime="20230724 19:34:57.700"/>
</kw>
<kw name="Convert To String" library="BuiltIn">
<var>${new_text}</var>
<arg>${new_text}</arg>
<doc>Converts the given item to a Unicode string.</doc>
<status status="NOT RUN" starttime="20230724 19:34:57.700" endtime="20230724 19:34:57.701"/>
</kw>
<status status="NOT RUN" starttime="20230724 19:34:57.698" endtime="20230724 19:34:57.701"/>
</branch>
<branch type="ELSE IF" condition="${cnt} &gt; 0 and '${type}' == 'color'">
<kw name="Safe Hex Color" library="FakerLibrary">
<var>${new_text}</var>
<doc>Generate a web-safe color formatted as a hex triplet.</doc>
<status status="NOT RUN" starttime="20230724 19:34:57.705" endtime="20230724 19:34:57.709"/>
</kw>
<status status="NOT RUN" starttime="20230724 19:34:57.703" endtime="20230724 19:34:57.709"/>
</branch>
<branch type="ELSE IF" condition="${cnt} &gt; 0 and '${type}' == 'date'">
<kw name="Date" library="FakerLibrary">
<var>${new_text}</var>
<arg>pattern=%d-%m-%Y</arg>
<doc>Get a date string between January 1, 1970 and now.</doc>
<status status="NOT RUN" starttime="20230724 19:34:57.713" endtime="20230724 19:34:57.714"/>
</kw>
<status status="NOT RUN" starttime="20230724 19:34:57.710" endtime="20230724 19:34:57.714"/>
</branch>
<branch type="ELSE IF" condition="${cnt} &gt; 0 and '${type}' == 'word'">
<kw name="Sentence" library="FakerLibrary">
<var>${new_text}</var>
<arg>nb_words=2</arg>
<doc>Generate a sentence.</doc>
<status status="NOT RUN" starttime="20230724 19:34:57.716" endtime="20230724 19:34:57.717"/>
</kw>
<status status="NOT RUN" starttime="20230724 19:34:57.715" endtime="20230724 19:34:57.717"/>
</branch>
<branch type="ELSE IF" condition="${cnt} &gt; 0">
<kw name="Sentence" library="FakerLibrary">
<var>${new_text}</var>
<doc>Generate a sentence.</doc>
<status status="NOT RUN" starttime="20230724 19:34:57.720" endtime="20230724 19:34:57.720"/>
</kw>
<status status="NOT RUN" starttime="20230724 19:34:57.718" endtime="20230724 19:34:57.720"/>
</branch>
<status status="PASS" starttime="20230724 19:34:57.684" endtime="20230724 19:34:57.720"/>
</if>
<kw name="Get Length" library="BuiltIn">
<var>${cnt}</var>
<arg>${text}</arg>
<doc>Returns and logs the length of the given item as an integer.</doc>
<msg timestamp="20230724 19:34:57.725" level="INFO">Length is 15</msg>
<msg timestamp="20230724 19:34:57.725" level="INFO">${cnt} = 15</msg>
<status status="PASS" starttime="20230724 19:34:57.724" endtime="20230724 19:34:57.725"/>
</kw>
<if>
<branch type="IF" condition="${cnt} &gt; 0">
<kw name="Replace String" library="String">
<var>${text}</var>
<arg>${text}</arg>
<arg>${symbol}</arg>
<arg>${new_text}</arg>
<doc>Replaces ``search_for`` in the given ``string`` with ``replace_with``.</doc>
<msg timestamp="20230724 19:34:57.730" level="INFO">${text} = admin@admin.com</msg>
<status status="PASS" starttime="20230724 19:34:57.727" endtime="20230724 19:34:57.730"/>
</kw>
<status status="PASS" starttime="20230724 19:34:57.726" endtime="20230724 19:34:57.731"/>
</branch>
<status status="PASS" starttime="20230724 19:34:57.726" endtime="20230724 19:34:57.733"/>
</if>
<msg timestamp="20230724 19:34:57.735" level="INFO">${text} = admin@admin.com</msg>
<status status="PASS" starttime="20230724 19:34:57.674" endtime="20230724 19:34:57.736"/>
</kw>
<kw name="Get Element Form Item By Name" library="common">
<var>${element}</var>
<arg>${name}</arg>
<arg>//input[contains(@class, "ant-input")]</arg>
<msg timestamp="20230724 19:34:57.741" level="INFO">${element} = xpath=//*[contains(@class, "ant-form-item-label")]/label[text()="Tên đăng nhập"]/../../*[contains(@class, "ant-form-item")]//input[contains(@class, "ant-input")]</msg>
<status status="PASS" starttime="20230724 19:34:57.736" endtime="20230724 19:34:57.741"/>
</kw>
<kw name="Clear Text" library="Browser">
<arg>${element}</arg>
<tag>PageContent</tag>
<tag>Setter</tag>
<doc>Clears the text field found by ``selector``.</doc>
<status status="PASS" starttime="20230724 19:34:57.741" endtime="20230724 19:34:59.134"/>
</kw>
<kw name="Fill Text" library="Browser">
<arg>${element}</arg>
<arg>${text}</arg>
<arg>True</arg>
<tag>PageContent</tag>
<tag>Setter</tag>
<doc>Clears and fills the given ``txt`` into the text field found by ``selector``.</doc>
<msg timestamp="20230724 19:34:59.145" level="INFO">Fills the text 'admin@admin.com' in the given field.</msg>
<status status="PASS" starttime="20230724 19:34:59.134" endtime="20230724 19:34:59.264"/>
</kw>
<kw name="Get Length" library="BuiltIn">
<var>${cnt}</var>
<arg>${text}</arg>
<doc>Returns and logs the length of the given item as an integer.</doc>
<msg timestamp="20230724 19:34:59.264" level="INFO">Length is 15</msg>
<msg timestamp="20230724 19:34:59.264" level="INFO">${cnt} = 15</msg>
<status status="PASS" starttime="20230724 19:34:59.264" endtime="20230724 19:34:59.264"/>
</kw>
<if>
<branch type="IF" condition="${cnt} &gt; 0">
<kw name="Set Global Variable" library="BuiltIn">
<arg>${STATE["${name}"]}</arg>
<arg>${text}</arg>
<doc>Makes a variable available globally in all tests and suites.</doc>
<msg timestamp="20230724 19:34:59.274" level="INFO">${STATE["Tên đăng nhập"]} = admin@admin.com</msg>
<status status="PASS" starttime="20230724 19:34:59.272" endtime="20230724 19:34:59.274"/>
</kw>
<status status="PASS" starttime="20230724 19:34:59.264" endtime="20230724 19:34:59.274"/>
</branch>
<status status="PASS" starttime="20230724 19:34:59.264" endtime="20230724 19:34:59.274"/>
</if>
<status status="PASS" starttime="20230724 19:34:57.673" endtime="20230724 19:34:59.274"/>
</kw>
<kw name="Enter &quot;text&quot; in &quot;Mật khẩu&quot; with &quot;Password1!&quot;" library="common" sourcename="Enter &quot;${type}&quot; in &quot;${name}&quot; with &quot;${text}&quot;">
<kw name="Get Random Text" library="common">
<var>${text}</var>
<arg>${type}</arg>
<arg>${text}</arg>
<kw name="Set Variable" library="BuiltIn">
<var>${symbol}</var>
<arg>_RANDOM_</arg>
<doc>Returns the given values which can then be assigned to a variables.</doc>
<msg timestamp="20230724 19:34:59.274" level="INFO">${symbol} = _RANDOM_</msg>
<status status="PASS" starttime="20230724 19:34:59.274" endtime="20230724 19:34:59.274"/>
</kw>
<kw name="Set Variable" library="BuiltIn">
<var>${new_text}</var>
<doc>Returns the given values which can then be assigned to a variables.</doc>
<msg timestamp="20230724 19:34:59.274" level="INFO">${new_text} = </msg>
<status status="PASS" starttime="20230724 19:34:59.274" endtime="20230724 19:34:59.274"/>
</kw>
<kw name="Get Regexp Matches" library="String">
<var>${containsS}</var>
<arg>${text}</arg>
<arg>_@(.+)@_</arg>
<arg>1</arg>
<doc>Returns a list of all non-overlapping matches in the given string.</doc>
<msg timestamp="20230724 19:34:59.282" level="INFO">${containsS} = []</msg>
<status status="PASS" starttime="20230724 19:34:59.274" endtime="20230724 19:34:59.282"/>
</kw>
<kw name="Get Length" library="BuiltIn">
<var>${cntS}</var>
<arg>${containsS}</arg>
<doc>Returns and logs the length of the given item as an integer.</doc>
<msg timestamp="20230724 19:34:59.283" level="INFO">Length is 0</msg>
<msg timestamp="20230724 19:34:59.283" level="INFO">${cntS} = 0</msg>
<status status="PASS" starttime="20230724 19:34:59.283" endtime="20230724 19:34:59.283"/>
</kw>
<kw name="Get Regexp Matches" library="String">
<var>${contains}</var>
<arg>${text}</arg>
<arg>${symbol}</arg>
<doc>Returns a list of all non-overlapping matches in the given string.</doc>
<msg timestamp="20230724 19:34:59.283" level="INFO">${contains} = []</msg>
<status status="PASS" starttime="20230724 19:34:59.283" endtime="20230724 19:34:59.283"/>
</kw>
<kw name="Get Length" library="BuiltIn">
<var>${cnt}</var>
<arg>${contains}</arg>
<doc>Returns and logs the length of the given item as an integer.</doc>
<msg timestamp="20230724 19:34:59.283" level="INFO">Length is 0</msg>
<msg timestamp="20230724 19:34:59.287" level="INFO">${cnt} = 0</msg>
<status status="PASS" starttime="20230724 19:34:59.283" endtime="20230724 19:34:59.287"/>
</kw>
<if>
<branch type="IF" condition="${cntS} &gt; 0">
<kw name="Set Variable" library="BuiltIn">
<var>${new_text}</var>
<arg>${STATE["${containsS[0]}"]}</arg>
<doc>Returns the given values which can then be assigned to a variables.</doc>
<status status="NOT RUN" starttime="20230724 19:34:59.287" endtime="20230724 19:34:59.287"/>
</kw>
<kw name="Set Variable" library="BuiltIn">
<var>${symbol}</var>
<arg>_@${containsS[0]}@_</arg>
<doc>Returns the given values which can then be assigned to a variables.</doc>
<status status="NOT RUN" starttime="20230724 19:34:59.287" endtime="20230724 19:34:59.287"/>
</kw>
<status status="NOT RUN" starttime="20230724 19:34:59.287" endtime="20230724 19:34:59.287"/>
</branch>
<branch type="ELSE IF" condition="${cnt} &gt; 0 and '${type}' == 'test name'">
<kw name="Sentence" library="FakerLibrary">
<var>${random}</var>
<arg>nb_words=3</arg>
<doc>Generate a sentence.</doc>
<status status="NOT RUN" starttime="20230724 19:34:59.290" endtime="20230724 19:34:59.290"/>
</kw>
<kw name="Split String" library="String">
<var>${words}</var>
<arg>${TEST NAME}</arg>
<arg>${SPACE}</arg>
<doc>Splits the ``string`` using ``separator`` as a delimiter string.</doc>
<status status="NOT RUN" starttime="20230724 19:34:59.290" endtime="20230724 19:34:59.292"/>
</kw>
<kw name="Set Variable" library="BuiltIn">
<var>${new_text}</var>
<arg>${words[0]} ${random}</arg>
<doc>Returns the given values which can then be assigned to a variables.</doc>
<status status="NOT RUN" starttime="20230724 19:34:59.292" endtime="20230724 19:34:59.292"/>
</kw>
<status status="NOT RUN" starttime="20230724 19:34:59.290" endtime="20230724 19:34:59.292"/>
</branch>
<branch type="ELSE IF" condition="${cnt} &gt; 0 and '${type}' == 'number'">
<kw name="Random Int" library="FakerLibrary">
<var>${new_text}</var>
<arg>min=1000000000000</arg>
<arg>max=9999999999999</arg>
<doc>Generate a random integer between two integers ``min`` and ``max`` inclusive
while observing the provided ``step`` value.</doc>
<status status="NOT RUN" starttime="20230724 19:34:59.293" endtime="20230724 19:34:59.294"/>
</kw>
<kw name="Convert To String" library="BuiltIn">
<var>${new_text}</var>
<arg>${new_text}</arg>
<doc>Converts the given item to a Unicode string.</doc>
<status status="NOT RUN" starttime="20230724 19:34:59.294" endtime="20230724 19:34:59.294"/>
</kw>
<status status="NOT RUN" starttime="20230724 19:34:59.293" endtime="20230724 19:34:59.294"/>
</branch>
<branch type="ELSE IF" condition="${cnt} &gt; 0 and '${type}' == 'leave date'">
<kw name="Random Int" library="FakerLibrary">
<var>${new_text}</var>
<arg>min=0</arg>
<arg>max=16</arg>
<doc>Generate a random integer between two integers ``min`` and ``max`` inclusive
while observing the provided ``step`` value.</doc>
<status status="NOT RUN" starttime="20230724 19:34:59.294" endtime="20230724 19:34:59.294"/>
</kw>
<kw name="Convert To String" library="BuiltIn">
<var>${new_text}</var>
<arg>${new_text}</arg>
<doc>Converts the given item to a Unicode string.</doc>
<status status="NOT RUN" starttime="20230724 19:34:59.294" endtime="20230724 19:34:59.294"/>
</kw>
<status status="NOT RUN" starttime="20230724 19:34:59.294" endtime="20230724 19:34:59.294"/>
</branch>
<branch type="ELSE IF" condition="${cnt} &gt; 0 and '${type}' == 'percentage'">
<kw name="Random Int" library="FakerLibrary">
<var>${new_text}</var>
<arg>max=100</arg>
<doc>Generate a random integer between two integers ``min`` and ``max`` inclusive
while observing the provided ``step`` value.</doc>
<status status="NOT RUN" starttime="20230724 19:34:59.294" endtime="20230724 19:34:59.294"/>
</kw>
<kw name="Convert To String" library="BuiltIn">
<var>${new_text}</var>
<arg>${new_text}</arg>
<doc>Converts the given item to a Unicode string.</doc>
<status status="NOT RUN" starttime="20230724 19:34:59.294" endtime="20230724 19:34:59.294"/>
</kw>
<status status="NOT RUN" starttime="20230724 19:34:59.294" endtime="20230724 19:34:59.294"/>
</branch>
<branch type="ELSE IF" condition="${cnt} &gt; 0 and '${type}' == 'paragraph'">
<kw name="Paragraph" library="FakerLibrary">
<var>${new_text}</var>
<doc>Generate a paragraph.</doc>
<status status="NOT RUN" starttime="20230724 19:34:59.294" endtime="20230724 19:34:59.294"/>
</kw>
<status status="NOT RUN" starttime="20230724 19:34:59.294" endtime="20230724 19:34:59.294"/>
</branch>
<branch type="ELSE IF" condition="${cnt} &gt; 0 and '${type}' == 'email'">
<kw name="Email" library="FakerLibrary">
<var>${new_text}</var>
<status status="NOT RUN" starttime="20230724 19:34:59.303" endtime="20230724 19:34:59.303"/>
</kw>
<status status="NOT RUN" starttime="20230724 19:34:59.302" endtime="20230724 19:34:59.303"/>
</branch>
<branch type="ELSE IF" condition="${cnt} &gt; 0 and '${type}' == 'phone'">
<kw name="Random Int" library="FakerLibrary">
<var>${new_text}</var>
<arg>min=55555555</arg>
<arg>max=999999999999</arg>
<doc>Generate a random integer between two integers ``min`` and ``max`` inclusive
while observing the provided ``step`` value.</doc>
<status status="NOT RUN" starttime="20230724 19:34:59.304" endtime="20230724 19:34:59.304"/>
</kw>
<kw name="Convert To String" library="BuiltIn">
<var>${new_text}</var>
<arg>${new_text}</arg>
<doc>Converts the given item to a Unicode string.</doc>
<status status="NOT RUN" starttime="20230724 19:34:59.304" endtime="20230724 19:34:59.304"/>
</kw>
<status status="NOT RUN" starttime="20230724 19:34:59.304" endtime="20230724 19:34:59.304"/>
</branch>
<branch type="ELSE IF" condition="${cnt} &gt; 0 and '${type}' == 'color'">
<kw name="Safe Hex Color" library="FakerLibrary">
<var>${new_text}</var>
<doc>Generate a web-safe color formatted as a hex triplet.</doc>
<status status="NOT RUN" starttime="20230724 19:34:59.306" endtime="20230724 19:34:59.306"/>
</kw>
<status status="NOT RUN" starttime="20230724 19:34:59.304" endtime="20230724 19:34:59.306"/>
</branch>
<branch type="ELSE IF" condition="${cnt} &gt; 0 and '${type}' == 'date'">
<kw name="Date" library="FakerLibrary">
<var>${new_text}</var>
<arg>pattern=%d-%m-%Y</arg>
<doc>Get a date string between January 1, 1970 and now.</doc>
<status status="NOT RUN" starttime="20230724 19:34:59.306" endtime="20230724 19:34:59.306"/>
</kw>
<status status="NOT RUN" starttime="20230724 19:34:59.306" endtime="20230724 19:34:59.306"/>
</branch>
<branch type="ELSE IF" condition="${cnt} &gt; 0 and '${type}' == 'word'">
<kw name="Sentence" library="FakerLibrary">
<var>${new_text}</var>
<arg>nb_words=2</arg>
<doc>Generate a sentence.</doc>
<status status="NOT RUN" starttime="20230724 19:34:59.306" endtime="20230724 19:34:59.306"/>
</kw>
<status status="NOT RUN" starttime="20230724 19:34:59.306" endtime="20230724 19:34:59.306"/>
</branch>
<branch type="ELSE IF" condition="${cnt} &gt; 0">
<kw name="Sentence" library="FakerLibrary">
<var>${new_text}</var>
<doc>Generate a sentence.</doc>
<status status="NOT RUN" starttime="20230724 19:34:59.306" endtime="20230724 19:34:59.306"/>
</kw>
<status status="NOT RUN" starttime="20230724 19:34:59.306" endtime="20230724 19:34:59.306"/>
</branch>
<status status="PASS" starttime="20230724 19:34:59.287" endtime="20230724 19:34:59.312"/>
</if>
<kw name="Get Length" library="BuiltIn">
<var>${cnt}</var>
<arg>${text}</arg>
<doc>Returns and logs the length of the given item as an integer.</doc>
<msg timestamp="20230724 19:34:59.313" level="INFO">Length is 10</msg>
<msg timestamp="20230724 19:34:59.313" level="INFO">${cnt} = 10</msg>
<status status="PASS" starttime="20230724 19:34:59.313" endtime="20230724 19:34:59.313"/>
</kw>
<if>
<branch type="IF" condition="${cnt} &gt; 0">
<kw name="Replace String" library="String">
<var>${text}</var>
<arg>${text}</arg>
<arg>${symbol}</arg>
<arg>${new_text}</arg>
<doc>Replaces ``search_for`` in the given ``string`` with ``replace_with``.</doc>
<msg timestamp="20230724 19:34:59.313" level="INFO">${text} = Password1!</msg>
<status status="PASS" starttime="20230724 19:34:59.313" endtime="20230724 19:34:59.313"/>
</kw>
<status status="PASS" starttime="20230724 19:34:59.313" endtime="20230724 19:34:59.313"/>
</branch>
<status status="PASS" starttime="20230724 19:34:59.313" endtime="20230724 19:34:59.317"/>
</if>
<msg timestamp="20230724 19:34:59.317" level="INFO">${text} = Password1!</msg>
<status status="PASS" starttime="20230724 19:34:59.274" endtime="20230724 19:34:59.317"/>
</kw>
<kw name="Get Element Form Item By Name" library="common">
<var>${element}</var>
<arg>${name}</arg>
<arg>//input[contains(@class, "ant-input")]</arg>
<msg timestamp="20230724 19:34:59.317" level="INFO">${element} = xpath=//*[contains(@class, "ant-form-item-label")]/label[text()="Mật khẩu"]/../../*[contains(@class, "ant-form-item")]//input[contains(@class, "ant-input")]</msg>
<status status="PASS" starttime="20230724 19:34:59.317" endtime="20230724 19:34:59.317"/>
</kw>
<kw name="Clear Text" library="Browser">
<arg>${element}</arg>
<tag>PageContent</tag>
<tag>Setter</tag>
<doc>Clears the text field found by ``selector``.</doc>
<status status="PASS" starttime="20230724 19:34:59.317" endtime="20230724 19:34:59.405"/>
</kw>
<kw name="Fill Text" library="Browser">
<arg>${element}</arg>
<arg>${text}</arg>
<arg>True</arg>
<tag>PageContent</tag>
<tag>Setter</tag>
<doc>Clears and fills the given ``txt`` into the text field found by ``selector``.</doc>
<msg timestamp="20230724 19:34:59.405" level="INFO">Fills the text 'Password1!' in the given field.</msg>
<status status="PASS" starttime="20230724 19:34:59.405" endtime="20230724 19:34:59.471"/>
</kw>
<kw name="Get Length" library="BuiltIn">
<var>${cnt}</var>
<arg>${text}</arg>
<doc>Returns and logs the length of the given item as an integer.</doc>
<msg timestamp="20230724 19:34:59.473" level="INFO">Length is 10</msg>
<msg timestamp="20230724 19:34:59.473" level="INFO">${cnt} = 10</msg>
<status status="PASS" starttime="20230724 19:34:59.472" endtime="20230724 19:34:59.473"/>
</kw>
<if>
<branch type="IF" condition="${cnt} &gt; 0">
<kw name="Set Global Variable" library="BuiltIn">
<arg>${STATE["${name}"]}</arg>
<arg>${text}</arg>
<doc>Makes a variable available globally in all tests and suites.</doc>
<msg timestamp="20230724 19:34:59.477" level="INFO">${STATE["Mật khẩu"]} = Password1!</msg>
<status status="PASS" starttime="20230724 19:34:59.475" endtime="20230724 19:34:59.477"/>
</kw>
<status status="PASS" starttime="20230724 19:34:59.474" endtime="20230724 19:34:59.477"/>
</branch>
<status status="PASS" starttime="20230724 19:34:59.474" endtime="20230724 19:34:59.478"/>
</if>
<status status="PASS" starttime="20230724 19:34:59.274" endtime="20230724 19:34:59.478"/>
</kw>
<kw name="Click &quot;Đăng nhập&quot; button" library="common" sourcename="Click &quot;${text}&quot; button">
<kw name="Click" library="Browser">
<arg>xpath=//button[@title = "${text}"]</arg>
<tag>PageContent</tag>
<tag>Setter</tag>
<doc>Simulates mouse click on the element found by ``selector``.</doc>
<status status="PASS" starttime="20230724 19:34:59.478" endtime="20230724 19:34:59.844"/>
</kw>
<kw name="Click Confirm To Action" library="common">
<kw name="Set Variable" library="BuiltIn">
<var>${element}</var>
<arg>xpath=//*[contains(@class, "ant-popover")]//*[contains(@class, "ant-btn-primary")]</arg>
<doc>Returns the given values which can then be assigned to a variables.</doc>
<msg timestamp="20230724 19:34:59.849" level="INFO">${element} = xpath=//*[contains(@class, "ant-popover")]//*[contains(@class, "ant-btn-primary")]</msg>
<status status="PASS" starttime="20230724 19:34:59.847" endtime="20230724 19:34:59.849"/>
</kw>
<kw name="Get Element Count" library="Browser">
<var>${count}</var>
<arg>${element}</arg>
<tag>Assertion</tag>
<tag>Getter</tag>
<tag>PageContent</tag>
<doc>Returns the count of elements found with ``selector``.</doc>
<msg timestamp="20230724 19:34:59.871" level="INFO">${count} = 0</msg>
<status status="PASS" starttime="20230724 19:34:59.849" endtime="20230724 19:34:59.871"/>
</kw>
<if>
<branch type="IF" condition="${count} &gt; 0">
<kw name="Click" library="Browser">
<arg>${element}</arg>
<tag>PageContent</tag>
<tag>Setter</tag>
<doc>Simulates mouse click on the element found by ``selector``.</doc>
<status status="NOT RUN" starttime="20230724 19:34:59.873" endtime="20230724 19:34:59.873"/>
</kw>
<kw name="Sleep" library="BuiltIn">
<arg>${SHOULD_TIMEOUT}</arg>
<doc>Pauses the test executed for the given time.</doc>
<status status="NOT RUN" starttime="20230724 19:34:59.874" endtime="20230724 19:34:59.874"/>
</kw>
<status status="NOT RUN" starttime="20230724 19:34:59.872" endtime="20230724 19:34:59.874"/>
</branch>
<status status="PASS" starttime="20230724 19:34:59.872" endtime="20230724 19:34:59.874"/>
</if>
<status status="PASS" starttime="20230724 19:34:59.844" endtime="20230724 19:34:59.874"/>
</kw>
<kw name="Scroll By" library="Browser">
<arg>${None}</arg>
<tag>PageContent</tag>
<tag>Setter</tag>
<doc>Scrolls an element or the page relative from current position by the given values.</doc>
<status status="PASS" starttime="20230724 19:34:59.874" endtime="20230724 19:34:59.944"/>
</kw>
<status status="PASS" starttime="20230724 19:34:59.478" endtime="20230724 19:34:59.948"/>
</kw>
<kw name="User look message &quot;Thành công&quot; popup" library="common" sourcename="User look message &quot;${message}&quot; popup">
<kw name="Get Regexp Matches" library="String">
<var>${contains}</var>
<arg>${message}</arg>
<arg>_@(.+)@_</arg>
<arg>1</arg>
<doc>Returns a list of all non-overlapping matches in the given string.</doc>
<msg timestamp="20230724 19:34:59.953" level="INFO">${contains} = []</msg>
<status status="PASS" starttime="20230724 19:34:59.952" endtime="20230724 19:34:59.953"/>
</kw>
<kw name="Get Length" library="BuiltIn">
<var>${cnt}</var>
<arg>${contains}</arg>
<doc>Returns and logs the length of the given item as an integer.</doc>
<msg timestamp="20230724 19:34:59.954" level="INFO">Length is 0</msg>
<msg timestamp="20230724 19:34:59.954" level="INFO">${cnt} = 0</msg>
<status status="PASS" starttime="20230724 19:34:59.954" endtime="20230724 19:34:59.954"/>
</kw>
<if>
<branch type="IF" condition="${cnt} &gt; 0">
<kw name="Replace String" library="String">
<var>${message}</var>
<arg>${message}</arg>
<arg>_@${contains[0]}@_</arg>
<arg>${STATE["${contains[0]}"]}</arg>
<doc>Replaces ``search_for`` in the given ``string`` with ``replace_with``.</doc>
<status status="NOT RUN" starttime="20230724 19:34:59.954" endtime="20230724 19:34:59.954"/>
</kw>
<status status="NOT RUN" starttime="20230724 19:34:59.954" endtime="20230724 19:34:59.954"/>
</branch>
<status status="PASS" starttime="20230724 19:34:59.954" endtime="20230724 19:34:59.954"/>
</if>
<kw name="Element Text Should Be" library="common">
<arg>id=swal2-html-container</arg>
<arg>${message}</arg>
<kw name="Get Text" library="Browser">
<arg>${locator}</arg>
<arg>equal</arg>
<arg>${expected}</arg>
<arg>${message}</arg>
<tag>Assertion</tag>
<tag>Getter</tag>
<tag>PageContent</tag>
<doc>Returns text attribute of the element found by ``selector``.</doc>
<msg timestamp="20230724 19:35:02.405" level="INFO">Text: 'Thành công'</msg>
<status status="PASS" starttime="20230724 19:34:59.954" endtime="20230724 19:35:02.405"/>
</kw>
<status status="PASS" starttime="20230724 19:34:59.954" endtime="20230724 19:35:02.405"/>
</kw>
<kw name="Set Variable" library="BuiltIn">
<var>${element}</var>
<arg>xpath=//*[contains(@class, "swal2-confirm")]</arg>
<doc>Returns the given values which can then be assigned to a variables.</doc>
<msg timestamp="20230724 19:35:02.406" level="INFO">${element} = xpath=//*[contains(@class, "swal2-confirm")]</msg>
<status status="PASS" starttime="20230724 19:35:02.406" endtime="20230724 19:35:02.406"/>
</kw>
<kw name="Run Keyword And Return Status" library="BuiltIn">
<var>${passed}</var>
<arg>Element Should Be Visible</arg>
<arg>${element}</arg>
<doc>Runs the given keyword with given arguments and returns the status as a Boolean value.</doc>
<kw name="Element Should Be Visible" library="common">
<arg>${element}</arg>
<kw name="Wait For Elements State" library="Browser">
<arg>${locator}</arg>
<arg>visible</arg>
<arg>${timeout}</arg>
<arg>${message}</arg>
<tag>PageContent</tag>
<tag>Wait</tag>
<doc>Waits for the element found by ``selector`` to satisfy state option.</doc>
<msg timestamp="20230724 19:35:02.905" level="INFO" html="true">&lt;/td&gt;&lt;/tr&gt;&lt;tr&gt;&lt;td colspan="3"&gt;&lt;a href="browser/screenshot/fail-screenshot-1.png" target="_blank"&gt;&lt;img src="browser/screenshot/fail-screenshot-1.png" width="800px"/&gt;&lt;/a&gt;</msg>
<msg timestamp="20230724 19:35:02.905" level="INFO">See also file:///C:/Users/nhats/OneDrive/Desktop/ARI/vite-react-ari/playwright-log.txt for additional details.</msg>
<msg timestamp="20230724 19:35:02.905" level="FAIL">TimeoutError: locator.waitFor: Timeout 100ms exceeded.
=========================== logs ===========================
waiting for locator('xpath=//*[contains(@class, "swal2-confirm")]') to be visible
  locator resolved to hidden &lt;button type="button" aria-label="" class="swal2-confirm…&gt;OK&lt;/button&gt;
  locator resolved to hidden &lt;button type="button" aria-label="" class="swal2-confirm…&gt;OK&lt;/button&gt;
  locator resolved to hidden &lt;button type="button" aria-label="" class="swal2-confirm…&gt;OK&lt;/button&gt;
============================================================
Tip: Use "Set Browser Timeout" for increasing the timeout or double check your locator as the targeted element(s) couldn't be found.</msg>
<status status="FAIL" starttime="20230724 19:35:02.410" endtime="20230724 19:35:02.921"/>
</kw>
<status status="FAIL" starttime="20230724 19:35:02.407" endtime="20230724 19:35:02.922"/>
</kw>
<msg timestamp="20230724 19:35:02.922" level="INFO">${passed} = False</msg>
<status status="PASS" starttime="20230724 19:35:02.406" endtime="20230724 19:35:02.922"/>
</kw>
<if>
<branch type="IF" condition="'${passed}' == 'True'">
<kw name="Click" library="Browser">
<arg>${element}</arg>
<tag>PageContent</tag>
<tag>Setter</tag>
<doc>Simulates mouse click on the element found by ``selector``.</doc>
<status status="NOT RUN" starttime="20230724 19:35:02.924" endtime="20230724 19:35:02.924"/>
</kw>
<status status="NOT RUN" starttime="20230724 19:35:02.922" endtime="20230724 19:35:02.924"/>
</branch>
<status status="PASS" starttime="20230724 19:35:02.922" endtime="20230724 19:35:02.924"/>
</if>
<kw name="Wait Until Element Is Not Exist" library="common">
<arg>${element}</arg>
<kw name="Wait For Elements State" library="Browser">
<arg>${locator}</arg>
<arg>detached</arg>
<arg>${timeout}</arg>
<arg>${message}</arg>
<tag>PageContent</tag>
<tag>Wait</tag>
<doc>Waits for the element found by ``selector`` to satisfy state option.</doc>
<msg timestamp="20230724 19:35:04.933" level="INFO">Waited for Element with selector xpath=//*[contains(@class, "swal2-confirm")] at state detached</msg>
<status status="PASS" starttime="20230724 19:35:02.926" endtime="20230724 19:35:04.935"/>
</kw>
<status status="PASS" starttime="20230724 19:35:02.924" endtime="20230724 19:35:04.935"/>
</kw>
<status status="PASS" starttime="20230724 19:34:59.948" endtime="20230724 19:35:04.935"/>
</kw>
<status status="PASS" starttime="20230724 19:34:57.672" endtime="20230724 19:35:04.935"/>
</kw>
<kw name="When Fillter the leave list by leave date with start date: 05/06/2023 and end date: 24/07/2023" library="common" sourcename="Fillter the leave list by leave date with start date: ${start_date} and end date: ${end_date}">
<kw name="Get Element" library="Browser">
<var>${element}</var>
<arg>//thead/tr[1]/th[6]/div[1]/span[2]/*[1]</arg>
<tag>Getter</tag>
<tag>PageContent</tag>
<doc>Returns a reference to a Playwright [https://playwright.dev/docs/api/class-locator|Locator].</doc>
<msg timestamp="20230724 19:35:04.974" level="INFO">Locator found successfully.</msg>
<msg timestamp="20230724 19:35:04.974" level="INFO">${element} = element=bbda5d32-30c8-48a3-9f9e-e40626a78989</msg>
<status status="PASS" starttime="20230724 19:35:04.935" endtime="20230724 19:35:04.974"/>
</kw>
<kw name="Click" library="Browser">
<arg>${element}</arg>
<tag>PageContent</tag>
<tag>Setter</tag>
<doc>Simulates mouse click on the element found by ``selector``.</doc>
<status status="PASS" starttime="20230724 19:35:04.975" endtime="20230724 19:35:05.219"/>
</kw>
<kw name="And Enter leave date in &quot;Ngày bắt đầu&quot; with &quot;${start_date}&quot;" library="common" sourcename="Enter leave date in &quot;${field}&quot; with &quot;${text}&quot;">
<kw name="Get Random Text" library="common">
<var>${text}</var>
<arg>date</arg>
<arg>${text}</arg>
<kw name="Set Variable" library="BuiltIn">
<var>${symbol}</var>
<arg>_RANDOM_</arg>
<doc>Returns the given values which can then be assigned to a variables.</doc>
<msg timestamp="20230724 19:35:05.225" level="INFO">${symbol} = _RANDOM_</msg>
<status status="PASS" starttime="20230724 19:35:05.223" endtime="20230724 19:35:05.225"/>
</kw>
<kw name="Set Variable" library="BuiltIn">
<var>${new_text}</var>
<doc>Returns the given values which can then be assigned to a variables.</doc>
<msg timestamp="20230724 19:35:05.225" level="INFO">${new_text} = </msg>
<status status="PASS" starttime="20230724 19:35:05.225" endtime="20230724 19:35:05.225"/>
</kw>
<kw name="Get Regexp Matches" library="String">
<var>${containsS}</var>
<arg>${text}</arg>
<arg>_@(.+)@_</arg>
<arg>1</arg>
<doc>Returns a list of all non-overlapping matches in the given string.</doc>
<msg timestamp="20230724 19:35:05.229" level="INFO">${containsS} = []</msg>
<status status="PASS" starttime="20230724 19:35:05.228" endtime="20230724 19:35:05.229"/>
</kw>
<kw name="Get Length" library="BuiltIn">
<var>${cntS}</var>
<arg>${containsS}</arg>
<doc>Returns and logs the length of the given item as an integer.</doc>
<msg timestamp="20230724 19:35:05.230" level="INFO">Length is 0</msg>
<msg timestamp="20230724 19:35:05.230" level="INFO">${cntS} = 0</msg>
<status status="PASS" starttime="20230724 19:35:05.230" endtime="20230724 19:35:05.230"/>
</kw>
<kw name="Get Regexp Matches" library="String">
<var>${contains}</var>
<arg>${text}</arg>
<arg>${symbol}</arg>
<doc>Returns a list of all non-overlapping matches in the given string.</doc>
<msg timestamp="20230724 19:35:05.232" level="INFO">${contains} = []</msg>
<status status="PASS" starttime="20230724 19:35:05.231" endtime="20230724 19:35:05.232"/>
</kw>
<kw name="Get Length" library="BuiltIn">
<var>${cnt}</var>
<arg>${contains}</arg>
<doc>Returns and logs the length of the given item as an integer.</doc>
<msg timestamp="20230724 19:35:05.233" level="INFO">Length is 0</msg>
<msg timestamp="20230724 19:35:05.233" level="INFO">${cnt} = 0</msg>
<status status="PASS" starttime="20230724 19:35:05.232" endtime="20230724 19:35:05.233"/>
</kw>
<if>
<branch type="IF" condition="${cntS} &gt; 0">
<kw name="Set Variable" library="BuiltIn">
<var>${new_text}</var>
<arg>${STATE["${containsS[0]}"]}</arg>
<doc>Returns the given values which can then be assigned to a variables.</doc>
<status status="NOT RUN" starttime="20230724 19:35:05.234" endtime="20230724 19:35:05.234"/>
</kw>
<kw name="Set Variable" library="BuiltIn">
<var>${symbol}</var>
<arg>_@${containsS[0]}@_</arg>
<doc>Returns the given values which can then be assigned to a variables.</doc>
<status status="NOT RUN" starttime="20230724 19:35:05.234" endtime="20230724 19:35:05.234"/>
</kw>
<status status="NOT RUN" starttime="20230724 19:35:05.233" endtime="20230724 19:35:05.235"/>
</branch>
<branch type="ELSE IF" condition="${cnt} &gt; 0 and '${type}' == 'test name'">
<kw name="Sentence" library="FakerLibrary">
<var>${random}</var>
<arg>nb_words=3</arg>
<doc>Generate a sentence.</doc>
<status status="NOT RUN" starttime="20230724 19:35:05.235" endtime="20230724 19:35:05.235"/>
</kw>
<kw name="Split String" library="String">
<var>${words}</var>
<arg>${TEST NAME}</arg>
<arg>${SPACE}</arg>
<doc>Splits the ``string`` using ``separator`` as a delimiter string.</doc>
<status status="NOT RUN" starttime="20230724 19:35:05.236" endtime="20230724 19:35:05.236"/>
</kw>
<kw name="Set Variable" library="BuiltIn">
<var>${new_text}</var>
<arg>${words[0]} ${random}</arg>
<doc>Returns the given values which can then be assigned to a variables.</doc>
<status status="NOT RUN" starttime="20230724 19:35:05.236" endtime="20230724 19:35:05.236"/>
</kw>
<status status="NOT RUN" starttime="20230724 19:35:05.235" endtime="20230724 19:35:05.237"/>
</branch>
<branch type="ELSE IF" condition="${cnt} &gt; 0 and '${type}' == 'number'">
<kw name="Random Int" library="FakerLibrary">
<var>${new_text}</var>
<arg>min=1000000000000</arg>
<arg>max=9999999999999</arg>
<doc>Generate a random integer between two integers ``min`` and ``max`` inclusive
while observing the provided ``step`` value.</doc>
<status status="NOT RUN" starttime="20230724 19:35:05.237" endtime="20230724 19:35:05.237"/>
</kw>
<kw name="Convert To String" library="BuiltIn">
<var>${new_text}</var>
<arg>${new_text}</arg>
<doc>Converts the given item to a Unicode string.</doc>
<status status="NOT RUN" starttime="20230724 19:35:05.238" endtime="20230724 19:35:05.238"/>
</kw>
<status status="NOT RUN" starttime="20230724 19:35:05.237" endtime="20230724 19:35:05.238"/>
</branch>
<branch type="ELSE IF" condition="${cnt} &gt; 0 and '${type}' == 'leave date'">
<kw name="Random Int" library="FakerLibrary">
<var>${new_text}</var>
<arg>min=0</arg>
<arg>max=16</arg>
<doc>Generate a random integer between two integers ``min`` and ``max`` inclusive
while observing the provided ``step`` value.</doc>
<status status="NOT RUN" starttime="20230724 19:35:05.239" endtime="20230724 19:35:05.239"/>
</kw>
<kw name="Convert To String" library="BuiltIn">
<var>${new_text}</var>
<arg>${new_text}</arg>
<doc>Converts the given item to a Unicode string.</doc>
<status status="NOT RUN" starttime="20230724 19:35:05.240" endtime="20230724 19:35:05.240"/>
</kw>
<status status="NOT RUN" starttime="20230724 19:35:05.238" endtime="20230724 19:35:05.241"/>
</branch>
<branch type="ELSE IF" condition="${cnt} &gt; 0 and '${type}' == 'percentage'">
<kw name="Random Int" library="FakerLibrary">
<var>${new_text}</var>
<arg>max=100</arg>
<doc>Generate a random integer between two integers ``min`` and ``max`` inclusive
while observing the provided ``step`` value.</doc>
<status status="NOT RUN" starttime="20230724 19:35:05.242" endtime="20230724 19:35:05.242"/>
</kw>
<kw name="Convert To String" library="BuiltIn">
<var>${new_text}</var>
<arg>${new_text}</arg>
<doc>Converts the given item to a Unicode string.</doc>
<status status="NOT RUN" starttime="20230724 19:35:05.245" endtime="20230724 19:35:05.245"/>
</kw>
<status status="NOT RUN" starttime="20230724 19:35:05.241" endtime="20230724 19:35:05.246"/>
</branch>
<branch type="ELSE IF" condition="${cnt} &gt; 0 and '${type}' == 'paragraph'">
<kw name="Paragraph" library="FakerLibrary">
<var>${new_text}</var>
<doc>Generate a paragraph.</doc>
<status status="NOT RUN" starttime="20230724 19:35:05.247" endtime="20230724 19:35:05.248"/>
</kw>
<status status="NOT RUN" starttime="20230724 19:35:05.247" endtime="20230724 19:35:05.248"/>
</branch>
<branch type="ELSE IF" condition="${cnt} &gt; 0 and '${type}' == 'email'">
<kw name="Email" library="FakerLibrary">
<var>${new_text}</var>
<status status="NOT RUN" starttime="20230724 19:35:05.249" endtime="20230724 19:35:05.250"/>
</kw>
<status status="NOT RUN" starttime="20230724 19:35:05.248" endtime="20230724 19:35:05.250"/>
</branch>
<branch type="ELSE IF" condition="${cnt} &gt; 0 and '${type}' == 'phone'">
<kw name="Random Int" library="FakerLibrary">
<var>${new_text}</var>
<arg>min=55555555</arg>
<arg>max=999999999999</arg>
<doc>Generate a random integer between two integers ``min`` and ``max`` inclusive
while observing the provided ``step`` value.</doc>
<status status="NOT RUN" starttime="20230724 19:35:05.251" endtime="20230724 19:35:05.251"/>
</kw>
<kw name="Convert To String" library="BuiltIn">
<var>${new_text}</var>
<arg>${new_text}</arg>
<doc>Converts the given item to a Unicode string.</doc>
<status status="NOT RUN" starttime="20230724 19:35:05.251" endtime="20230724 19:35:05.252"/>
</kw>
<status status="NOT RUN" starttime="20230724 19:35:05.250" endtime="20230724 19:35:05.252"/>
</branch>
<branch type="ELSE IF" condition="${cnt} &gt; 0 and '${type}' == 'color'">
<kw name="Safe Hex Color" library="FakerLibrary">
<var>${new_text}</var>
<doc>Generate a web-safe color formatted as a hex triplet.</doc>
<status status="NOT RUN" starttime="20230724 19:35:05.253" endtime="20230724 19:35:05.254"/>
</kw>
<status status="NOT RUN" starttime="20230724 19:35:05.252" endtime="20230724 19:35:05.254"/>
</branch>
<branch type="ELSE IF" condition="${cnt} &gt; 0 and '${type}' == 'date'">
<kw name="Date" library="FakerLibrary">
<var>${new_text}</var>
<arg>pattern=%d-%m-%Y</arg>
<doc>Get a date string between January 1, 1970 and now.</doc>
<status status="NOT RUN" starttime="20230724 19:35:05.255" endtime="20230724 19:35:05.256"/>
</kw>
<status status="NOT RUN" starttime="20230724 19:35:05.254" endtime="20230724 19:35:05.256"/>
</branch>
<branch type="ELSE IF" condition="${cnt} &gt; 0 and '${type}' == 'word'">
<kw name="Sentence" library="FakerLibrary">
<var>${new_text}</var>
<arg>nb_words=2</arg>
<doc>Generate a sentence.</doc>
<status status="NOT RUN" starttime="20230724 19:35:05.258" endtime="20230724 19:35:05.258"/>
</kw>
<status status="NOT RUN" starttime="20230724 19:35:05.256" endtime="20230724 19:35:05.258"/>
</branch>
<branch type="ELSE IF" condition="${cnt} &gt; 0">
<kw name="Sentence" library="FakerLibrary">
<var>${new_text}</var>
<doc>Generate a sentence.</doc>
<status status="NOT RUN" starttime="20230724 19:35:05.259" endtime="20230724 19:35:05.260"/>
</kw>
<status status="NOT RUN" starttime="20230724 19:35:05.258" endtime="20230724 19:35:05.260"/>
</branch>
<status status="PASS" starttime="20230724 19:35:05.233" endtime="20230724 19:35:05.260"/>
</if>
<kw name="Get Length" library="BuiltIn">
<var>${cnt}</var>
<arg>${text}</arg>
<doc>Returns and logs the length of the given item as an integer.</doc>
<msg timestamp="20230724 19:35:05.261" level="INFO">Length is 10</msg>
<msg timestamp="20230724 19:35:05.261" level="INFO">${cnt} = 10</msg>
<status status="PASS" starttime="20230724 19:35:05.260" endtime="20230724 19:35:05.261"/>
</kw>
<if>
<branch type="IF" condition="${cnt} &gt; 0">
<kw name="Replace String" library="String">
<var>${text}</var>
<arg>${text}</arg>
<arg>${symbol}</arg>
<arg>${new_text}</arg>
<doc>Replaces ``search_for`` in the given ``string`` with ``replace_with``.</doc>
<msg timestamp="20230724 19:35:05.263" level="INFO">${text} = 05/06/2023</msg>
<status status="PASS" starttime="20230724 19:35:05.262" endtime="20230724 19:35:05.263"/>
</kw>
<status status="PASS" starttime="20230724 19:35:05.261" endtime="20230724 19:35:05.264"/>
</branch>
<status status="PASS" starttime="20230724 19:35:05.261" endtime="20230724 19:35:05.264"/>
</if>
<msg timestamp="20230724 19:35:05.265" level="INFO">${text} = 05/06/2023</msg>
<status status="PASS" starttime="20230724 19:35:05.222" endtime="20230724 19:35:05.265"/>
</kw>
<kw name="Set Variable" library="BuiltIn">
<var>${element}</var>
<arg>xpath=//input[@placeholder="${field}"]</arg>
<doc>Returns the given values which can then be assigned to a variables.</doc>
<msg timestamp="20230724 19:35:05.266" level="INFO">${element} = xpath=//input[@placeholder="Ngày bắt đầu"]</msg>
<status status="PASS" starttime="20230724 19:35:05.265" endtime="20230724 19:35:05.266"/>
</kw>
<kw name="Click" library="Browser">
<arg>${element}</arg>
<tag>PageContent</tag>
<tag>Setter</tag>
<doc>Simulates mouse click on the element found by ``selector``.</doc>
<status status="PASS" starttime="20230724 19:35:05.266" endtime="20230724 19:35:06.115"/>
</kw>
<kw name="Clear Text" library="Browser">
<arg>${element}</arg>
<tag>PageContent</tag>
<tag>Setter</tag>
<doc>Clears the text field found by ``selector``.</doc>
<status status="PASS" starttime="20230724 19:35:06.115" endtime="20230724 19:35:06.297"/>
</kw>
<kw name="Fill Text" library="Browser">
<arg>${element}</arg>
<arg>${text}</arg>
<tag>PageContent</tag>
<tag>Setter</tag>
<doc>Clears and fills the given ``txt`` into the text field found by ``selector``.</doc>
<msg timestamp="20230724 19:35:06.303" level="INFO">Fills the text '05/06/2023' in the given field.</msg>
<status status="PASS" starttime="20230724 19:35:06.302" endtime="20230724 19:35:06.553"/>
</kw>
<status status="PASS" starttime="20230724 19:35:05.220" endtime="20230724 19:35:06.553"/>
</kw>
<kw name="And Enter leave date in &quot;Ngày kết thúc&quot; with &quot;${end_date}&quot;" library="common" sourcename="Enter leave date in &quot;${field}&quot; with &quot;${text}&quot;">
<kw name="Get Random Text" library="common">
<var>${text}</var>
<arg>date</arg>
<arg>${text}</arg>
<kw name="Set Variable" library="BuiltIn">
<var>${symbol}</var>
<arg>_RANDOM_</arg>
<doc>Returns the given values which can then be assigned to a variables.</doc>
<msg timestamp="20230724 19:35:06.557" level="INFO">${symbol} = _RANDOM_</msg>
<status status="PASS" starttime="20230724 19:35:06.556" endtime="20230724 19:35:06.557"/>
</kw>
<kw name="Set Variable" library="BuiltIn">
<var>${new_text}</var>
<doc>Returns the given values which can then be assigned to a variables.</doc>
<msg timestamp="20230724 19:35:06.558" level="INFO">${new_text} = </msg>
<status status="PASS" starttime="20230724 19:35:06.557" endtime="20230724 19:35:06.558"/>
</kw>
<kw name="Get Regexp Matches" library="String">
<var>${containsS}</var>
<arg>${text}</arg>
<arg>_@(.+)@_</arg>
<arg>1</arg>
<doc>Returns a list of all non-overlapping matches in the given string.</doc>
<msg timestamp="20230724 19:35:06.560" level="INFO">${containsS} = []</msg>
<status status="PASS" starttime="20230724 19:35:06.559" endtime="20230724 19:35:06.560"/>
</kw>
<kw name="Get Length" library="BuiltIn">
<var>${cntS}</var>
<arg>${containsS}</arg>
<doc>Returns and logs the length of the given item as an integer.</doc>
<msg timestamp="20230724 19:35:06.563" level="INFO">Length is 0</msg>
<msg timestamp="20230724 19:35:06.564" level="INFO">${cntS} = 0</msg>
<status status="PASS" starttime="20230724 19:35:06.561" endtime="20230724 19:35:06.564"/>
</kw>
<kw name="Get Regexp Matches" library="String">
<var>${contains}</var>
<arg>${text}</arg>
<arg>${symbol}</arg>
<doc>Returns a list of all non-overlapping matches in the given string.</doc>
<msg timestamp="20230724 19:35:06.566" level="INFO">${contains} = []</msg>
<status status="PASS" starttime="20230724 19:35:06.565" endtime="20230724 19:35:06.566"/>
</kw>
<kw name="Get Length" library="BuiltIn">
<var>${cnt}</var>
<arg>${contains}</arg>
<doc>Returns and logs the length of the given item as an integer.</doc>
<msg timestamp="20230724 19:35:06.567" level="INFO">Length is 0</msg>
<msg timestamp="20230724 19:35:06.567" level="INFO">${cnt} = 0</msg>
<status status="PASS" starttime="20230724 19:35:06.566" endtime="20230724 19:35:06.567"/>
</kw>
<if>
<branch type="IF" condition="${cntS} &gt; 0">
<kw name="Set Variable" library="BuiltIn">
<var>${new_text}</var>
<arg>${STATE["${containsS[0]}"]}</arg>
<doc>Returns the given values which can then be assigned to a variables.</doc>
<status status="NOT RUN" starttime="20230724 19:35:06.568" endtime="20230724 19:35:06.568"/>
</kw>
<kw name="Set Variable" library="BuiltIn">
<var>${symbol}</var>
<arg>_@${containsS[0]}@_</arg>
<doc>Returns the given values which can then be assigned to a variables.</doc>
<status status="NOT RUN" starttime="20230724 19:35:06.569" endtime="20230724 19:35:06.569"/>
</kw>
<status status="NOT RUN" starttime="20230724 19:35:06.568" endtime="20230724 19:35:06.569"/>
</branch>
<branch type="ELSE IF" condition="${cnt} &gt; 0 and '${type}' == 'test name'">
<kw name="Sentence" library="FakerLibrary">
<var>${random}</var>
<arg>nb_words=3</arg>
<doc>Generate a sentence.</doc>
<status status="NOT RUN" starttime="20230724 19:35:06.571" endtime="20230724 19:35:06.571"/>
</kw>
<kw name="Split String" library="String">
<var>${words}</var>
<arg>${TEST NAME}</arg>
<arg>${SPACE}</arg>
<doc>Splits the ``string`` using ``separator`` as a delimiter string.</doc>
<status status="NOT RUN" starttime="20230724 19:35:06.572" endtime="20230724 19:35:06.572"/>
</kw>
<kw name="Set Variable" library="BuiltIn">
<var>${new_text}</var>
<arg>${words[0]} ${random}</arg>
<doc>Returns the given values which can then be assigned to a variables.</doc>
<status status="NOT RUN" starttime="20230724 19:35:06.572" endtime="20230724 19:35:06.572"/>
</kw>
<status status="NOT RUN" starttime="20230724 19:35:06.570" endtime="20230724 19:35:06.573"/>
</branch>
<branch type="ELSE IF" condition="${cnt} &gt; 0 and '${type}' == 'number'">
<kw name="Random Int" library="FakerLibrary">
<var>${new_text}</var>
<arg>min=1000000000000</arg>
<arg>max=9999999999999</arg>
<doc>Generate a random integer between two integers ``min`` and ``max`` inclusive
while observing the provided ``step`` value.</doc>
<status status="NOT RUN" starttime="20230724 19:35:06.573" endtime="20230724 19:35:06.574"/>
</kw>
<kw name="Convert To String" library="BuiltIn">
<var>${new_text}</var>
<arg>${new_text}</arg>
<doc>Converts the given item to a Unicode string.</doc>
<status status="NOT RUN" starttime="20230724 19:35:06.574" endtime="20230724 19:35:06.574"/>
</kw>
<status status="NOT RUN" starttime="20230724 19:35:06.573" endtime="20230724 19:35:06.574"/>
</branch>
<branch type="ELSE IF" condition="${cnt} &gt; 0 and '${type}' == 'leave date'">
<kw name="Random Int" library="FakerLibrary">
<var>${new_text}</var>
<arg>min=0</arg>
<arg>max=16</arg>
<doc>Generate a random integer between two integers ``min`` and ``max`` inclusive
while observing the provided ``step`` value.</doc>
<status status="NOT RUN" starttime="20230724 19:35:06.574" endtime="20230724 19:35:06.574"/>
</kw>
<kw name="Convert To String" library="BuiltIn">
<var>${new_text}</var>
<arg>${new_text}</arg>
<doc>Converts the given item to a Unicode string.</doc>
<status status="NOT RUN" starttime="20230724 19:35:06.574" endtime="20230724 19:35:06.574"/>
</kw>
<status status="NOT RUN" starttime="20230724 19:35:06.574" endtime="20230724 19:35:06.574"/>
</branch>
<branch type="ELSE IF" condition="${cnt} &gt; 0 and '${type}' == 'percentage'">
<kw name="Random Int" library="FakerLibrary">
<var>${new_text}</var>
<arg>max=100</arg>
<doc>Generate a random integer between two integers ``min`` and ``max`` inclusive
while observing the provided ``step`` value.</doc>
<status status="NOT RUN" starttime="20230724 19:35:06.574" endtime="20230724 19:35:06.574"/>
</kw>
<kw name="Convert To String" library="BuiltIn">
<var>${new_text}</var>
<arg>${new_text}</arg>
<doc>Converts the given item to a Unicode string.</doc>
<status status="NOT RUN" starttime="20230724 19:35:06.574" endtime="20230724 19:35:06.574"/>
</kw>
<status status="NOT RUN" starttime="20230724 19:35:06.574" endtime="20230724 19:35:06.574"/>
</branch>
<branch type="ELSE IF" condition="${cnt} &gt; 0 and '${type}' == 'paragraph'">
<kw name="Paragraph" library="FakerLibrary">
<var>${new_text}</var>
<doc>Generate a paragraph.</doc>
<status status="NOT RUN" starttime="20230724 19:35:06.578" endtime="20230724 19:35:06.578"/>
</kw>
<status status="NOT RUN" starttime="20230724 19:35:06.574" endtime="20230724 19:35:06.578"/>
</branch>
<branch type="ELSE IF" condition="${cnt} &gt; 0 and '${type}' == 'email'">
<kw name="Email" library="FakerLibrary">
<var>${new_text}</var>
<status status="NOT RUN" starttime="20230724 19:35:06.580" endtime="20230724 19:35:06.580"/>
</kw>
<status status="NOT RUN" starttime="20230724 19:35:06.579" endtime="20230724 19:35:06.580"/>
</branch>
<branch type="ELSE IF" condition="${cnt} &gt; 0 and '${type}' == 'phone'">
<kw name="Random Int" library="FakerLibrary">
<var>${new_text}</var>
<arg>min=55555555</arg>
<arg>max=999999999999</arg>
<doc>Generate a random integer between two integers ``min`` and ``max`` inclusive
while observing the provided ``step`` value.</doc>
<status status="NOT RUN" starttime="20230724 19:35:06.581" endtime="20230724 19:35:06.582"/>
</kw>
<kw name="Convert To String" library="BuiltIn">
<var>${new_text}</var>
<arg>${new_text}</arg>
<doc>Converts the given item to a Unicode string.</doc>
<status status="NOT RUN" starttime="20230724 19:35:06.582" endtime="20230724 19:35:06.582"/>
</kw>
<status status="NOT RUN" starttime="20230724 19:35:06.581" endtime="20230724 19:35:06.582"/>
</branch>
<branch type="ELSE IF" condition="${cnt} &gt; 0 and '${type}' == 'color'">
<kw name="Safe Hex Color" library="FakerLibrary">
<var>${new_text}</var>
<doc>Generate a web-safe color formatted as a hex triplet.</doc>
<status status="NOT RUN" starttime="20230724 19:35:06.583" endtime="20230724 19:35:06.583"/>
</kw>
<status status="NOT RUN" starttime="20230724 19:35:06.582" endtime="20230724 19:35:06.583"/>
</branch>
<branch type="ELSE IF" condition="${cnt} &gt; 0 and '${type}' == 'date'">
<kw name="Date" library="FakerLibrary">
<var>${new_text}</var>
<arg>pattern=%d-%m-%Y</arg>
<doc>Get a date string between January 1, 1970 and now.</doc>
<status status="NOT RUN" starttime="20230724 19:35:06.584" endtime="20230724 19:35:06.585"/>
</kw>
<status status="NOT RUN" starttime="20230724 19:35:06.584" endtime="20230724 19:35:06.585"/>
</branch>
<branch type="ELSE IF" condition="${cnt} &gt; 0 and '${type}' == 'word'">
<kw name="Sentence" library="FakerLibrary">
<var>${new_text}</var>
<arg>nb_words=2</arg>
<doc>Generate a sentence.</doc>
<status status="NOT RUN" starttime="20230724 19:35:06.588" endtime="20230724 19:35:06.588"/>
</kw>
<status status="NOT RUN" starttime="20230724 19:35:06.585" endtime="20230724 19:35:06.588"/>
</branch>
<branch type="ELSE IF" condition="${cnt} &gt; 0">
<kw name="Sentence" library="FakerLibrary">
<var>${new_text}</var>
<doc>Generate a sentence.</doc>
<status status="NOT RUN" starttime="20230724 19:35:06.588" endtime="20230724 19:35:06.588"/>
</kw>
<status status="NOT RUN" starttime="20230724 19:35:06.588" endtime="20230724 19:35:06.588"/>
</branch>
<status status="PASS" starttime="20230724 19:35:06.567" endtime="20230724 19:35:06.588"/>
</if>
<kw name="Get Length" library="BuiltIn">
<var>${cnt}</var>
<arg>${text}</arg>
<doc>Returns and logs the length of the given item as an integer.</doc>
<msg timestamp="20230724 19:35:06.592" level="INFO">Length is 10</msg>
<msg timestamp="20230724 19:35:06.592" level="INFO">${cnt} = 10</msg>
<status status="PASS" starttime="20230724 19:35:06.592" endtime="20230724 19:35:06.592"/>
</kw>
<if>
<branch type="IF" condition="${cnt} &gt; 0">
<kw name="Replace String" library="String">
<var>${text}</var>
<arg>${text}</arg>
<arg>${symbol}</arg>
<arg>${new_text}</arg>
<doc>Replaces ``search_for`` in the given ``string`` with ``replace_with``.</doc>
<msg timestamp="20230724 19:35:06.594" level="INFO">${text} = 24/07/2023</msg>
<status status="PASS" starttime="20230724 19:35:06.593" endtime="20230724 19:35:06.594"/>
</kw>
<status status="PASS" starttime="20230724 19:35:06.593" endtime="20230724 19:35:06.594"/>
</branch>
<status status="PASS" starttime="20230724 19:35:06.593" endtime="20230724 19:35:06.594"/>
</if>
<msg timestamp="20230724 19:35:06.596" level="INFO">${text} = 24/07/2023</msg>
<status status="PASS" starttime="20230724 19:35:06.555" endtime="20230724 19:35:06.596"/>
</kw>
<kw name="Set Variable" library="BuiltIn">
<var>${element}</var>
<arg>xpath=//input[@placeholder="${field}"]</arg>
<doc>Returns the given values which can then be assigned to a variables.</doc>
<msg timestamp="20230724 19:35:06.597" level="INFO">${element} = xpath=//input[@placeholder="Ngày kết thúc"]</msg>
<status status="PASS" starttime="20230724 19:35:06.596" endtime="20230724 19:35:06.597"/>
</kw>
<kw name="Click" library="Browser">
<arg>${element}</arg>
<tag>PageContent</tag>
<tag>Setter</tag>
<doc>Simulates mouse click on the element found by ``selector``.</doc>
<status status="PASS" starttime="20230724 19:35:06.597" endtime="20230724 19:35:06.848"/>
</kw>
<kw name="Clear Text" library="Browser">
<arg>${element}</arg>
<tag>PageContent</tag>
<tag>Setter</tag>
<doc>Clears the text field found by ``selector``.</doc>
<status status="PASS" starttime="20230724 19:35:06.849" endtime="20230724 19:35:06.912"/>
</kw>
<kw name="Fill Text" library="Browser">
<arg>${element}</arg>
<arg>${text}</arg>
<tag>PageContent</tag>
<tag>Setter</tag>
<doc>Clears and fills the given ``txt`` into the text field found by ``selector``.</doc>
<msg timestamp="20230724 19:35:06.914" level="INFO">Fills the text '24/07/2023' in the given field.</msg>
<status status="PASS" starttime="20230724 19:35:06.913" endtime="20230724 19:35:07.111"/>
</kw>
<status status="PASS" starttime="20230724 19:35:06.554" endtime="20230724 19:35:07.112"/>
</kw>
<kw name="Press Keys" library="Browser">
<arg>xpath=//input[@placeholder="Ngày kết thúc"]</arg>
<arg>Enter</arg>
<tag>PageContent</tag>
<tag>Setter</tag>
<doc>Types the given key combination into element found by ``selector``.</doc>
<status status="PASS" starttime="20230724 19:35:07.113" endtime="20230724 19:35:07.383"/>
</kw>
<kw name="And Click &quot;Tìm kiếm&quot; button" library="common" sourcename="Click &quot;${text}&quot; button">
<kw name="Click" library="Browser">
<arg>xpath=//button[@title = "${text}"]</arg>
<tag>PageContent</tag>
<tag>Setter</tag>
<doc>Simulates mouse click on the element found by ``selector``.</doc>
<status status="PASS" starttime="20230724 19:35:07.385" endtime="20230724 19:35:07.861"/>
</kw>
<kw name="Click Confirm To Action" library="common">
<kw name="Set Variable" library="BuiltIn">
<var>${element}</var>
<arg>xpath=//*[contains(@class, "ant-popover")]//*[contains(@class, "ant-btn-primary")]</arg>
<doc>Returns the given values which can then be assigned to a variables.</doc>
<msg timestamp="20230724 19:35:07.865" level="INFO">${element} = xpath=//*[contains(@class, "ant-popover")]//*[contains(@class, "ant-btn-primary")]</msg>
<status status="PASS" starttime="20230724 19:35:07.864" endtime="20230724 19:35:07.865"/>
</kw>
<kw name="Get Element Count" library="Browser">
<var>${count}</var>
<arg>${element}</arg>
<tag>Assertion</tag>
<tag>Getter</tag>
<tag>PageContent</tag>
<doc>Returns the count of elements found with ``selector``.</doc>
<msg timestamp="20230724 19:35:07.955" level="INFO">${count} = 0</msg>
<status status="PASS" starttime="20230724 19:35:07.865" endtime="20230724 19:35:07.955"/>
</kw>
<if>
<branch type="IF" condition="${count} &gt; 0">
<kw name="Click" library="Browser">
<arg>${element}</arg>
<tag>PageContent</tag>
<tag>Setter</tag>
<doc>Simulates mouse click on the element found by ``selector``.</doc>
<status status="NOT RUN" starttime="20230724 19:35:07.957" endtime="20230724 19:35:07.957"/>
</kw>
<kw name="Sleep" library="BuiltIn">
<arg>${SHOULD_TIMEOUT}</arg>
<doc>Pauses the test executed for the given time.</doc>
<status status="NOT RUN" starttime="20230724 19:35:07.958" endtime="20230724 19:35:07.958"/>
</kw>
<status status="NOT RUN" starttime="20230724 19:35:07.956" endtime="20230724 19:35:07.959"/>
</branch>
<status status="PASS" starttime="20230724 19:35:07.956" endtime="20230724 19:35:07.959"/>
</if>
<status status="PASS" starttime="20230724 19:35:07.862" endtime="20230724 19:35:07.959"/>
</kw>
<kw name="Scroll By" library="Browser">
<arg>${None}</arg>
<tag>PageContent</tag>
<tag>Setter</tag>
<doc>Scrolls an element or the page relative from current position by the given values.</doc>
<status status="PASS" starttime="20230724 19:35:07.960" endtime="20230724 19:35:08.108"/>
</kw>
<status status="PASS" starttime="20230724 19:35:07.384" endtime="20230724 19:35:08.109"/>
</kw>
<kw name="Wait Until Element Spin" library="common">
<kw name="Set Variable" library="BuiltIn">
<var>${element}</var>
<arg>xpath=//*[contains(@class, "ant-spin-spinning")]</arg>
<doc>Returns the given values which can then be assigned to a variables.</doc>
<msg timestamp="20230724 19:35:08.119" level="INFO">${element} = xpath=//*[contains(@class, "ant-spin-spinning")]</msg>
<status status="PASS" starttime="20230724 19:35:08.118" endtime="20230724 19:35:08.119"/>
</kw>
<kw name="Get Element Count" library="Browser">
<var>${count}</var>
<arg>${element}</arg>
<tag>Assertion</tag>
<tag>Getter</tag>
<tag>PageContent</tag>
<doc>Returns the count of elements found with ``selector``.</doc>
<msg timestamp="20230724 19:35:08.141" level="INFO">${count} = 1</msg>
<status status="PASS" starttime="20230724 19:35:08.120" endtime="20230724 19:35:08.141"/>
</kw>
<if>
<branch type="IF" condition="${count} &gt; 0">
<kw name="Wait Until Element Is Not Exist" library="common">
<arg>${element}</arg>
<kw name="Wait For Elements State" library="Browser">
<arg>${locator}</arg>
<arg>detached</arg>
<arg>${timeout}</arg>
<arg>${message}</arg>
<tag>PageContent</tag>
<tag>Wait</tag>
<doc>Waits for the element found by ``selector`` to satisfy state option.</doc>
<msg timestamp="20230724 19:35:09.566" level="INFO">Waited for Element with selector xpath=//*[contains(@class, "ant-spin-spinning")] at state detached</msg>
<status status="PASS" starttime="20230724 19:35:08.151" endtime="20230724 19:35:09.566"/>
</kw>
<status status="PASS" starttime="20230724 19:35:08.143" endtime="20230724 19:35:09.566"/>
</kw>
<status status="PASS" starttime="20230724 19:35:08.142" endtime="20230724 19:35:09.566"/>
</branch>
<status status="PASS" starttime="20230724 19:35:08.142" endtime="20230724 19:35:09.566"/>
</if>
<status status="PASS" starttime="20230724 19:35:08.109" endtime="20230724 19:35:09.566"/>
</kw>
<kw name="Wait Until Element Spin" library="common">
<kw name="Set Variable" library="BuiltIn">
<var>${element}</var>
<arg>xpath=//*[contains(@class, "ant-spin-spinning")]</arg>
<doc>Returns the given values which can then be assigned to a variables.</doc>
<msg timestamp="20230724 19:35:09.573" level="INFO">${element} = xpath=//*[contains(@class, "ant-spin-spinning")]</msg>
<status status="PASS" starttime="20230724 19:35:09.572" endtime="20230724 19:35:09.573"/>
</kw>
<kw name="Get Element Count" library="Browser">
<var>${count}</var>
<arg>${element}</arg>
<tag>Assertion</tag>
<tag>Getter</tag>
<tag>PageContent</tag>
<doc>Returns the count of elements found with ``selector``.</doc>
<msg timestamp="20230724 19:35:09.594" level="INFO">${count} = 0</msg>
<status status="PASS" starttime="20230724 19:35:09.573" endtime="20230724 19:35:09.594"/>
</kw>
<if>
<branch type="IF" condition="${count} &gt; 0">
<kw name="Wait Until Element Is Not Exist" library="common">
<arg>${element}</arg>
<status status="NOT RUN" starttime="20230724 19:35:09.594" endtime="20230724 19:35:09.594"/>
</kw>
<status status="NOT RUN" starttime="20230724 19:35:09.594" endtime="20230724 19:35:09.594"/>
</branch>
<status status="PASS" starttime="20230724 19:35:09.594" endtime="20230724 19:35:09.602"/>
</if>
<status status="PASS" starttime="20230724 19:35:09.566" endtime="20230724 19:35:09.603"/>
</kw>
<status status="PASS" starttime="20230724 19:35:04.935" endtime="20230724 19:35:09.603"/>
</kw>
<kw name="Then Show list of &quot;created&quot; leave date" library="common" sourcename="Show list of &quot;${name}&quot; leave date">
<kw name="Sleep" library="BuiltIn">
<arg>3</arg>
<doc>Pauses the test executed for the given time.</doc>
<msg timestamp="20230724 19:35:12.626" level="INFO">Slept 3 seconds</msg>
<status status="PASS" starttime="20230724 19:35:09.624" endtime="20230724 19:35:12.626"/>
</kw>
<kw name="Get Elements" library="Browser">
<var>${elements}</var>
<arg>xpath=//*[contains(@class, "ant-table-row")]</arg>
<tag>Getter</tag>
<tag>PageContent</tag>
<doc>Returns a reference to Playwright [https://playwright.dev/docs/api/class-locator|Locator]
for all matched elements by ``selector``.</doc>
<msg timestamp="20230724 19:35:12.644" level="INFO">Found 11 Locators successfully.</msg>
<msg timestamp="20230724 19:35:12.644" level="INFO">${elements} = ['element=cf99afb6-e24a-4400-8b7d-b1b416a08203', 'element=48eec899-55ef-40fa-95a9-9571f74fc931', 'element=a1c6ef7c-5c7d-4fa3-8318-1a412013f22b', 'element=dc8c6ccd-5ee8-4ba4-8a96-9e8c5e948f88', 'elemen...</msg>
<status status="PASS" starttime="20230724 19:35:12.626" endtime="20230724 19:35:12.644"/>
</kw>
<kw name="Set Variable" library="BuiltIn">
<var>${user_count}</var>
<arg>2</arg>
<doc>Returns the given values which can then be assigned to a variables.</doc>
<msg timestamp="20230724 19:35:12.644" level="INFO">${user_count} = 2</msg>
<status status="PASS" starttime="20230724 19:35:12.644" endtime="20230724 19:35:12.644"/>
</kw>
<kw name="Set Variable" library="BuiltIn">
<var>${stt}</var>
<arg>1</arg>
<doc>Returns the given values which can then be assigned to a variables.</doc>
<msg timestamp="20230724 19:35:12.644" level="INFO">${stt} = 1</msg>
<status status="PASS" starttime="20230724 19:35:12.644" endtime="20230724 19:35:12.644"/>
</kw>
<for flavor="IN">
<var>${item}</var>
<value>@{elements}</value>
<iter>
<var name="${item}">element=cf99afb6-e24a-4400-8b7d-b1b416a08203</var>
<kw name="Get Text" library="Browser">
<var>${username}</var>
<arg>//tbody/tr[${user_count}]/td[2]/div[1]/span[1]</arg>
<tag>Assertion</tag>
<tag>Getter</tag>
<tag>PageContent</tag>
<doc>Returns text attribute of the element found by ``selector``.</doc>
<msg timestamp="20230724 19:35:12.682" level="INFO">Text: 'Explicabo temporibus repudiandae.'</msg>
<msg timestamp="20230724 19:35:12.682" level="INFO">${username} = Explicabo temporibus repudiandae.</msg>
<status status="PASS" starttime="20230724 19:35:12.652" endtime="20230724 19:35:12.682"/>
</kw>
<kw name="Get Elements" library="Browser">
<var>${element_manager}</var>
<arg>//tbody/tr[${user_count}]/td[3]</arg>
<tag>Getter</tag>
<tag>PageContent</tag>
<doc>Returns a reference to Playwright [https://playwright.dev/docs/api/class-locator|Locator]
for all matched elements by ``selector``.</doc>
<msg timestamp="20230724 19:35:12.693" level="INFO">Found 3 Locators successfully.</msg>
<msg timestamp="20230724 19:35:12.693" level="INFO">${element_manager} = ['element=27fb89f0-89e6-4064-b5ec-6ad3ff0bba40', 'element=1c6c9d61-a7ab-4bf9-9cf0-059afbde63a3', 'element=fa559ba1-6167-46ad-8c9e-8587f1346022']</msg>
<status status="PASS" starttime="20230724 19:35:12.683" endtime="20230724 19:35:12.693"/>
</kw>
<kw name="Get Text" library="Browser">
<var>${manager}</var>
<arg>${element_manager}[0]</arg>
<tag>Assertion</tag>
<tag>Getter</tag>
<tag>PageContent</tag>
<doc>Returns text attribute of the element found by ``selector``.</doc>
<msg timestamp="20230724 19:35:12.723" level="INFO">Text: 'H\nHồ Văn Nhật'</msg>
<msg timestamp="20230724 19:35:12.723" level="INFO">${manager} = H
Hồ Văn Nhật</msg>
<status status="PASS" starttime="20230724 19:35:12.693" endtime="20230724 19:35:12.723"/>
</kw>
<kw name="Get Elements" library="Browser">
<var>${element_type}</var>
<arg>//tbody/tr[${user_count}]/td[4]</arg>
<tag>Getter</tag>
<tag>PageContent</tag>
<doc>Returns a reference to Playwright [https://playwright.dev/docs/api/class-locator|Locator]
for all matched elements by ``selector``.</doc>
<msg timestamp="20230724 19:35:12.743" level="INFO">Found 3 Locators successfully.</msg>
<msg timestamp="20230724 19:35:12.743" level="INFO">${element_type} = ['element=3c4101be-4a75-4dc7-a9b6-7cf19dff773b', 'element=05e66ace-3ea2-4c9d-8beb-e639fa9055fe', 'element=ea6f8b4f-cbd7-4826-8c24-169c932e83eb']</msg>
<status status="PASS" starttime="20230724 19:35:12.723" endtime="20230724 19:35:12.743"/>
</kw>
<kw name="Get Text" library="Browser">
<var>${type}</var>
<arg>${element_type}[0]</arg>
<tag>Assertion</tag>
<tag>Getter</tag>
<tag>PageContent</tag>
<doc>Returns text attribute of the element found by ``selector``.</doc>
<msg timestamp="20230724 19:35:12.763" level="INFO">Text: 'Nghỉ phép có lương'</msg>
<msg timestamp="20230724 19:35:12.763" level="INFO">${type} = Nghỉ phép có lương</msg>
<status status="PASS" starttime="20230724 19:35:12.744" endtime="20230724 19:35:12.763"/>
</kw>
<kw name="Get Elements" library="Browser">
<var>${element_time}</var>
<arg>//tbody/tr[${user_count}]/td[5]</arg>
<tag>Getter</tag>
<tag>PageContent</tag>
<doc>Returns a reference to Playwright [https://playwright.dev/docs/api/class-locator|Locator]
for all matched elements by ``selector``.</doc>
<msg timestamp="20230724 19:35:12.783" level="INFO">Found 3 Locators successfully.</msg>
<msg timestamp="20230724 19:35:12.783" level="INFO">${element_time} = ['element=592d3b37-6092-4656-b823-0a2f6a6d305c', 'element=5eefdd7e-67fa-4ac4-a9c3-0d052747b061', 'element=65b1930a-06c2-4031-9a08-1a0bf85b257f']</msg>
<status status="PASS" starttime="20230724 19:35:12.763" endtime="20230724 19:35:12.783"/>
</kw>
<kw name="Get Text" library="Browser">
<var>${time}</var>
<arg>${element_time}[0]</arg>
<tag>Assertion</tag>
<tag>Getter</tag>
<tag>PageContent</tag>
<doc>Returns text attribute of the element found by ``selector``.</doc>
<msg timestamp="20230724 19:35:12.804" level="INFO">Text: 'Cả ngày'</msg>
<msg timestamp="20230724 19:35:12.804" level="INFO">${time} = Cả ngày</msg>
<status status="PASS" starttime="20230724 19:35:12.784" endtime="20230724 19:35:12.804"/>
</kw>
<kw name="Get Elements" library="Browser">
<var>${element_leave_date}</var>
<arg>//tbody/tr[${user_count}]/td[6]</arg>
<tag>Getter</tag>
<tag>PageContent</tag>
<doc>Returns a reference to Playwright [https://playwright.dev/docs/api/class-locator|Locator]
for all matched elements by ``selector``.</doc>
<msg timestamp="20230724 19:35:12.823" level="INFO">Found 3 Locators successfully.</msg>
<msg timestamp="20230724 19:35:12.827" level="INFO">${element_leave_date} = ['element=0159e9b5-167d-4159-8e5b-c9eea9d9ab67', 'element=fe03712a-941d-4f90-a6ed-4f3c4b03363a', 'element=eb4619a9-8790-463c-bb75-a7bad494aba8']</msg>
<status status="PASS" starttime="20230724 19:35:12.804" endtime="20230724 19:35:12.827"/>
</kw>
<kw name="Get Text" library="Browser">
<var>${leave_date}</var>
<arg>${element_leave_date}[0]</arg>
<tag>Assertion</tag>
<tag>Getter</tag>
<tag>PageContent</tag>
<doc>Returns text attribute of the element found by ``selector``.</doc>
<msg timestamp="20230724 19:35:12.853" level="INFO">Text: '21-07-2023 =&gt; 24-07-2023'</msg>
<msg timestamp="20230724 19:35:12.853" level="INFO">${leave_date} = 21-07-2023 =&gt; 24-07-2023</msg>
<status status="PASS" starttime="20230724 19:35:12.827" endtime="20230724 19:35:12.853"/>
</kw>
<kw name="Get Text" library="Browser">
<var>${approvated_date}</var>
<arg>//tbody/tr[${user_count}]/td[8]</arg>
<tag>Assertion</tag>
<tag>Getter</tag>
<tag>PageContent</tag>
<doc>Returns text attribute of the element found by ``selector``.</doc>
<msg timestamp="20230724 19:35:12.874" level="INFO">Text: '18-07-2023'</msg>
<msg timestamp="20230724 19:35:12.874" level="INFO">${approvated_date} = 18-07-2023</msg>
<status status="PASS" starttime="20230724 19:35:12.853" endtime="20230724 19:35:12.874"/>
</kw>
<kw name="Get Text" library="Browser">
<var>${approvated_by}</var>
<arg>//tbody/tr[${user_count}]/td[9]</arg>
<tag>Assertion</tag>
<tag>Getter</tag>
<tag>PageContent</tag>
<doc>Returns text attribute of the element found by ``selector``.</doc>
<msg timestamp="20230724 19:35:12.903" level="INFO">Text: 'H\nHồ Văn Nhật'</msg>
<msg timestamp="20230724 19:35:12.903" level="INFO">${approvated_by} = H
Hồ Văn Nhật</msg>
<status status="PASS" starttime="20230724 19:35:12.874" endtime="20230724 19:35:12.903"/>
</kw>
<if>
<branch type="IF" condition="'${approvated_date}' == ''">
<kw name="Set Variable" library="BuiltIn">
<var>${status}</var>
<arg>Đang chờ phê duyệt</arg>
<doc>Returns the given values which can then be assigned to a variables.</doc>
<status status="NOT RUN" starttime="20230724 19:35:12.904" endtime="20230724 19:35:12.904"/>
</kw>
<status status="NOT RUN" starttime="20230724 19:35:12.903" endtime="20230724 19:35:12.904"/>
</branch>
<status status="PASS" starttime="20230724 19:35:12.903" endtime="20230724 19:35:12.904"/>
</if>
<if>
<branch type="IF" condition="'${name}'=='approved'">
<kw name="Set Variable" library="BuiltIn">
<var>${status}</var>
<arg>Đã phê duyệt</arg>
<doc>Returns the given values which can then be assigned to a variables.</doc>
<status status="NOT RUN" starttime="20230724 19:35:12.904" endtime="20230724 19:35:12.904"/>
</kw>
<status status="NOT RUN" starttime="20230724 19:35:12.904" endtime="20230724 19:35:12.904"/>
</branch>
<branch type="ELSE IF" condition="'${name}'=='rejected'">
<kw name="Set Variable" library="BuiltIn">
<var>${status}</var>
<arg>Từ chối phê duyệt</arg>
<doc>Returns the given values which can then be assigned to a variables.</doc>
<status status="NOT RUN" starttime="20230724 19:35:12.904" endtime="20230724 19:35:12.904"/>
</kw>
<status status="NOT RUN" starttime="20230724 19:35:12.904" endtime="20230724 19:35:12.904"/>
</branch>
<branch type="ELSE IF" condition="'${name}'=='pending'">
<kw name="Set Variable" library="BuiltIn">
<var>${status}</var>
<arg>Đang chờ phê duyệt</arg>
<doc>Returns the given values which can then be assigned to a variables.</doc>
<status status="NOT RUN" starttime="20230724 19:35:12.904" endtime="20230724 19:35:12.904"/>
</kw>
<status status="NOT RUN" starttime="20230724 19:35:12.904" endtime="20230724 19:35:12.904"/>
</branch>
<branch type="ELSE IF" condition="'${name}'=='created'">
<kw name="Set Variable" library="BuiltIn">
<var>${status}</var>
<arg>${EMPTY}</arg>
<doc>Returns the given values which can then be assigned to a variables.</doc>
<msg timestamp="20230724 19:35:12.904" level="INFO">${status} = </msg>
[...]
</kw>
<kw name="Get Text" library="Browser">
<var>${time}</var>
<arg>${element_time}[0]</arg>
<tag>Assertion</tag>
<tag>Getter</tag>
<tag>PageContent</tag>
<doc>Returns text attribute of the element found by ``selector``.</doc>
<msg timestamp="20230724 19:35:37.764" level="INFO">Text: 'Cả ngày'</msg>
<msg timestamp="20230724 19:35:37.764" level="INFO">${time} = Cả ngày</msg>
<status status="PASS" starttime="20230724 19:35:37.744" endtime="20230724 19:35:37.764"/>
</kw>
<kw name="Get Elements" library="Browser">
<var>${element_leave_date}</var>
<arg>//tbody/tr[${user_count}]/td[6]</arg>
<tag>Getter</tag>
<tag>PageContent</tag>
<doc>Returns a reference to Playwright [https://playwright.dev/docs/api/class-locator|Locator]
for all matched elements by ``selector``.</doc>
<msg timestamp="20230724 19:35:37.774" level="INFO">Found 1 Locators successfully.</msg>
<msg timestamp="20230724 19:35:37.774" level="INFO">${element_leave_date} = ['element=22030b70-9986-4086-b1ca-32e8bda26cc7']</msg>
<status status="PASS" starttime="20230724 19:35:37.764" endtime="20230724 19:35:37.774"/>
</kw>
<kw name="Get Text" library="Browser">
<var>${leave_date}</var>
<arg>${element_leave_date}[0]</arg>
<tag>Assertion</tag>
<tag>Getter</tag>
<tag>PageContent</tag>
<doc>Returns text attribute of the element found by ``selector``.</doc>
<msg timestamp="20230724 19:35:37.794" level="INFO">Text: '17-07-2023 =&gt; 28-07-2023'</msg>
<msg timestamp="20230724 19:35:37.794" level="INFO">${leave_date} = 17-07-2023 =&gt; 28-07-2023</msg>
<status status="PASS" starttime="20230724 19:35:37.774" endtime="20230724 19:35:37.794"/>
</kw>
<kw name="Get Text" library="Browser">
<var>${approvated_date}</var>
<arg>//tbody/tr[${user_count}]/td[8]</arg>
<tag>Assertion</tag>
<tag>Getter</tag>
<tag>PageContent</tag>
<doc>Returns text attribute of the element found by ``selector``.</doc>
<msg timestamp="20230724 19:35:37.813" level="INFO">Text: '16-07-2023'</msg>
<msg timestamp="20230724 19:35:37.813" level="INFO">${approvated_date} = 16-07-2023</msg>
<status status="PASS" starttime="20230724 19:35:37.794" endtime="20230724 19:35:37.813"/>
</kw>
<kw name="Get Text" library="Browser">
<var>${approvated_by}</var>
<arg>//tbody/tr[${user_count}]/td[9]</arg>
<tag>Assertion</tag>
<tag>Getter</tag>
<tag>PageContent</tag>
<doc>Returns text attribute of the element found by ``selector``.</doc>
<msg timestamp="20230724 19:35:37.854" level="INFO">Text: 'H\nHồ Văn Nhật'</msg>
<msg timestamp="20230724 19:35:37.862" level="INFO">${approvated_by} = H
Hồ Văn Nhật</msg>
<status status="PASS" starttime="20230724 19:35:37.813" endtime="20230724 19:35:37.862"/>
</kw>
<if>
<branch type="IF" condition="'${approvated_date}' == ''">
<kw name="Set Variable" library="BuiltIn">
<var>${status}</var>
<arg>Đang chờ phê duyệt</arg>
<doc>Returns the given values which can then be assigned to a variables.</doc>
<status status="NOT RUN" starttime="20230724 19:35:37.862" endtime="20230724 19:35:37.863"/>
</kw>
<status status="NOT RUN" starttime="20230724 19:35:37.862" endtime="20230724 19:35:37.863"/>
</branch>
<status status="PASS" starttime="20230724 19:35:37.862" endtime="20230724 19:35:37.863"/>
</if>
<if>
<branch type="IF" condition="'${name}'=='approved'">
<kw name="Set Variable" library="BuiltIn">
<var>${status}</var>
<arg>Đã phê duyệt</arg>
<doc>Returns the given values which can then be assigned to a variables.</doc>
<status status="NOT RUN" starttime="20230724 19:35:37.864" endtime="20230724 19:35:37.864"/>
</kw>
<status status="NOT RUN" starttime="20230724 19:35:37.863" endtime="20230724 19:35:37.864"/>
</branch>
<branch type="ELSE IF" condition="'${name}'=='rejected'">
<kw name="Set Variable" library="BuiltIn">
<var>${status}</var>
<arg>Từ chối phê duyệt</arg>
<doc>Returns the given values which can then be assigned to a variables.</doc>
<status status="NOT RUN" starttime="20230724 19:35:37.864" endtime="20230724 19:35:37.864"/>
</kw>
<status status="NOT RUN" starttime="20230724 19:35:37.864" endtime="20230724 19:35:37.864"/>
</branch>
<branch type="ELSE IF" condition="'${name}'=='pending'">
<kw name="Set Variable" library="BuiltIn">
<var>${status}</var>
<arg>Đang chờ phê duyệt</arg>
<doc>Returns the given values which can then be assigned to a variables.</doc>
<status status="NOT RUN" starttime="20230724 19:35:37.864" endtime="20230724 19:35:37.864"/>
</kw>
<status status="NOT RUN" starttime="20230724 19:35:37.864" endtime="20230724 19:35:37.864"/>
</branch>
<branch type="ELSE IF" condition="'${name}'=='created'">
<kw name="Set Variable" library="BuiltIn">
<var>${status}</var>
<arg>${EMPTY}</arg>
<doc>Returns the given values which can then be assigned to a variables.</doc>
<msg timestamp="20230724 19:35:37.864" level="INFO">${status} = </msg>
<status status="PASS" starttime="20230724 19:35:37.864" endtime="20230724 19:35:37.864"/>
</kw>
<status status="PASS" starttime="20230724 19:35:37.864" endtime="20230724 19:35:37.864"/>
</branch>
<status status="PASS" starttime="20230724 19:35:37.863" endtime="20230724 19:35:37.864"/>
</if>
<kw name="Log To Console" library="BuiltIn">
<arg>${stt}. Họ và tên: ${username} | Quản lý: ${manager} | Loại phép: ${type} | Thời gian: ${time} | Ngày nghỉ: ${leave_date} | Trạng thái: ${status} | Ngày phê duyệt: ${approvated_date} | Người phê duyệt: ${approvated_by}</arg>
<doc>Logs the given message to the console.</doc>
<status status="PASS" starttime="20230724 19:35:37.864" endtime="20230724 19:35:37.870"/>
</kw>
<kw name="Log To Console" library="BuiltIn">
<arg>================================================================================================================================================================================================================================================================</arg>
<doc>Logs the given message to the console.</doc>
<status status="PASS" starttime="20230724 19:35:37.870" endtime="20230724 19:35:37.871"/>
</kw>
<kw name="Evaluate" library="BuiltIn">
<var>${user_count}</var>
<arg>${user_count} + 1</arg>
<doc>Evaluates the given expression in Python and returns the result.</doc>
<msg timestamp="20230724 19:35:37.873" level="INFO">${user_count} = 10</msg>
<status status="PASS" starttime="20230724 19:35:37.872" endtime="20230724 19:35:37.873"/>
</kw>
<kw name="Evaluate" library="BuiltIn">
<var>${stt}</var>
<arg>${stt} + 1</arg>
<doc>Evaluates the given expression in Python and returns the result.</doc>
<msg timestamp="20230724 19:35:37.875" level="INFO">${stt} = 9</msg>
<status status="PASS" starttime="20230724 19:35:37.874" endtime="20230724 19:35:37.875"/>
</kw>
<status status="PASS" starttime="20230724 19:35:37.635" endtime="20230724 19:35:37.876"/>
</iter>
<iter>
<var name="${item}">element=d4b34512-bfcd-41f9-a13e-01dd70db0fe2</var>
<kw name="Get Text" library="Browser">
<var>${username}</var>
<arg>//tbody/tr[${user_count}]/td[2]/div[1]/span[1]</arg>
<tag>Assertion</tag>
<tag>Getter</tag>
<tag>PageContent</tag>
<doc>Returns text attribute of the element found by ``selector``.</doc>
<msg timestamp="20230724 19:35:37.915" level="INFO">Text: 'Hoàng Diệu'</msg>
<msg timestamp="20230724 19:35:37.915" level="INFO">${username} = Hoàng Diệu</msg>
<status status="PASS" starttime="20230724 19:35:37.878" endtime="20230724 19:35:37.916"/>
</kw>
<kw name="Get Elements" library="Browser">
<var>${element_manager}</var>
<arg>//tbody/tr[${user_count}]/td[3]</arg>
<tag>Getter</tag>
<tag>PageContent</tag>
<doc>Returns a reference to Playwright [https://playwright.dev/docs/api/class-locator|Locator]
for all matched elements by ``selector``.</doc>
<msg timestamp="20230724 19:35:37.933" level="INFO">Found 1 Locators successfully.</msg>
<msg timestamp="20230724 19:35:37.933" level="INFO">${element_manager} = ['element=b4a17942-9f89-49bb-ac8c-b54f88ad97ec']</msg>
<status status="PASS" starttime="20230724 19:35:37.916" endtime="20230724 19:35:37.933"/>
</kw>
<kw name="Get Text" library="Browser">
<var>${manager}</var>
<arg>${element_manager}[0]</arg>
<tag>Assertion</tag>
<tag>Getter</tag>
<tag>PageContent</tag>
<doc>Returns text attribute of the element found by ``selector``.</doc>
<msg timestamp="20230724 19:35:37.962" level="INFO">Text: 'M\nMaiores repellat error.'</msg>
<msg timestamp="20230724 19:35:37.963" level="INFO">${manager} = M
Maiores repellat error.</msg>
<status status="PASS" starttime="20230724 19:35:37.933" endtime="20230724 19:35:37.963"/>
</kw>
<kw name="Get Elements" library="Browser">
<var>${element_type}</var>
<arg>//tbody/tr[${user_count}]/td[4]</arg>
<tag>Getter</tag>
<tag>PageContent</tag>
<doc>Returns a reference to Playwright [https://playwright.dev/docs/api/class-locator|Locator]
for all matched elements by ``selector``.</doc>
<msg timestamp="20230724 19:35:37.975" level="INFO">Found 1 Locators successfully.</msg>
<msg timestamp="20230724 19:35:37.976" level="INFO">${element_type} = ['element=3baa5d46-9a27-45d4-b35e-3814de88373f']</msg>
<status status="PASS" starttime="20230724 19:35:37.963" endtime="20230724 19:35:37.976"/>
</kw>
<kw name="Get Text" library="Browser">
<var>${type}</var>
<arg>${element_type}[0]</arg>
<tag>Assertion</tag>
<tag>Getter</tag>
<tag>PageContent</tag>
<doc>Returns text attribute of the element found by ``selector``.</doc>
<msg timestamp="20230724 19:35:38.010" level="INFO">Text: 'Nghỉ phép có lương'</msg>
<msg timestamp="20230724 19:35:38.010" level="INFO">${type} = Nghỉ phép có lương</msg>
<status status="PASS" starttime="20230724 19:35:37.976" endtime="20230724 19:35:38.010"/>
</kw>
<kw name="Get Elements" library="Browser">
<var>${element_time}</var>
<arg>//tbody/tr[${user_count}]/td[5]</arg>
<tag>Getter</tag>
<tag>PageContent</tag>
<doc>Returns a reference to Playwright [https://playwright.dev/docs/api/class-locator|Locator]
for all matched elements by ``selector``.</doc>
<msg timestamp="20230724 19:35:38.023" level="INFO">Found 1 Locators successfully.</msg>
<msg timestamp="20230724 19:35:38.023" level="INFO">${element_time} = ['element=9a709882-be9e-4509-a26d-df67d906091b']</msg>
<status status="PASS" starttime="20230724 19:35:38.011" endtime="20230724 19:35:38.023"/>
</kw>
<kw name="Get Text" library="Browser">
<var>${time}</var>
<arg>${element_time}[0]</arg>
<tag>Assertion</tag>
<tag>Getter</tag>
<tag>PageContent</tag>
<doc>Returns text attribute of the element found by ``selector``.</doc>
<msg timestamp="20230724 19:35:38.043" level="INFO">Text: 'Cả ngày'</msg>
<msg timestamp="20230724 19:35:38.043" level="INFO">${time} = Cả ngày</msg>
<status status="PASS" starttime="20230724 19:35:38.023" endtime="20230724 19:35:38.043"/>
</kw>
<kw name="Get Elements" library="Browser">
<var>${element_leave_date}</var>
<arg>//tbody/tr[${user_count}]/td[6]</arg>
<tag>Getter</tag>
<tag>PageContent</tag>
<doc>Returns a reference to Playwright [https://playwright.dev/docs/api/class-locator|Locator]
for all matched elements by ``selector``.</doc>
<msg timestamp="20230724 19:35:38.054" level="INFO">Found 1 Locators successfully.</msg>
<msg timestamp="20230724 19:35:38.058" level="INFO">${element_leave_date} = ['element=2c1a0015-5b40-45d5-8e90-2d39ea6a2bbb']</msg>
<status status="PASS" starttime="20230724 19:35:38.043" endtime="20230724 19:35:38.058"/>
</kw>
<kw name="Get Text" library="Browser">
<var>${leave_date}</var>
<arg>${element_leave_date}[0]</arg>
<tag>Assertion</tag>
<tag>Getter</tag>
<tag>PageContent</tag>
<doc>Returns text attribute of the element found by ``selector``.</doc>
<msg timestamp="20230724 19:35:38.083" level="INFO">Text: '17-07-2023 =&gt; 01-08-2023'</msg>
<msg timestamp="20230724 19:35:38.083" level="INFO">${leave_date} = 17-07-2023 =&gt; 01-08-2023</msg>
<status status="PASS" starttime="20230724 19:35:38.058" endtime="20230724 19:35:38.083"/>
</kw>
<kw name="Get Text" library="Browser">
<var>${approvated_date}</var>
<arg>//tbody/tr[${user_count}]/td[8]</arg>
<tag>Assertion</tag>
<tag>Getter</tag>
<tag>PageContent</tag>
<doc>Returns text attribute of the element found by ``selector``.</doc>
<msg timestamp="20230724 19:35:38.105" level="INFO">Text: '16-07-2023'</msg>
<msg timestamp="20230724 19:35:38.105" level="INFO">${approvated_date} = 16-07-2023</msg>
<status status="PASS" starttime="20230724 19:35:38.084" endtime="20230724 19:35:38.105"/>
</kw>
<kw name="Get Text" library="Browser">
<var>${approvated_by}</var>
<arg>//tbody/tr[${user_count}]/td[9]</arg>
<tag>Assertion</tag>
<tag>Getter</tag>
<tag>PageContent</tag>
<doc>Returns text attribute of the element found by ``selector``.</doc>
<msg timestamp="20230724 19:35:38.124" level="INFO">Text: 'M\nMaiores repellat error.'</msg>
<msg timestamp="20230724 19:35:38.124" level="INFO">${approvated_by} = M
Maiores repellat error.</msg>
<status status="PASS" starttime="20230724 19:35:38.105" endtime="20230724 19:35:38.124"/>
</kw>
<if>
<branch type="IF" condition="'${approvated_date}' == ''">
<kw name="Set Variable" library="BuiltIn">
<var>${status}</var>
<arg>Đang chờ phê duyệt</arg>
<doc>Returns the given values which can then be assigned to a variables.</doc>
<status status="NOT RUN" starttime="20230724 19:35:38.124" endtime="20230724 19:35:38.124"/>
</kw>
<status status="NOT RUN" starttime="20230724 19:35:38.124" endtime="20230724 19:35:38.124"/>
</branch>
<status status="PASS" starttime="20230724 19:35:38.124" endtime="20230724 19:35:38.124"/>
</if>
<if>
<branch type="IF" condition="'${name}'=='approved'">
<kw name="Set Variable" library="BuiltIn">
<var>${status}</var>
<arg>Đã phê duyệt</arg>
<doc>Returns the given values which can then be assigned to a variables.</doc>
<status status="NOT RUN" starttime="20230724 19:35:38.124" endtime="20230724 19:35:38.124"/>
</kw>
<status status="NOT RUN" starttime="20230724 19:35:38.124" endtime="20230724 19:35:38.124"/>
</branch>
<branch type="ELSE IF" condition="'${name}'=='rejected'">
<kw name="Set Variable" library="BuiltIn">
<var>${status}</var>
<arg>Từ chối phê duyệt</arg>
<doc>Returns the given values which can then be assigned to a variables.</doc>
<status status="NOT RUN" starttime="20230724 19:35:38.132" endtime="20230724 19:35:38.132"/>
</kw>
<status status="NOT RUN" starttime="20230724 19:35:38.124" endtime="20230724 19:35:38.132"/>
</branch>
<branch type="ELSE IF" condition="'${name}'=='pending'">
<kw name="Set Variable" library="BuiltIn">
<var>${status}</var>
<arg>Đang chờ phê duyệt</arg>
<doc>Returns the given values which can then be assigned to a variables.</doc>
<status status="NOT RUN" starttime="20230724 19:35:38.132" endtime="20230724 19:35:38.133"/>
</kw>
<status status="NOT RUN" starttime="20230724 19:35:38.132" endtime="20230724 19:35:38.133"/>
</branch>
<branch type="ELSE IF" condition="'${name}'=='created'">
<kw name="Set Variable" library="BuiltIn">
<var>${status}</var>
<arg>${EMPTY}</arg>
<doc>Returns the given values which can then be assigned to a variables.</doc>
<msg timestamp="20230724 19:35:38.133" level="INFO">${status} = </msg>
<status status="PASS" starttime="20230724 19:35:38.133" endtime="20230724 19:35:38.133"/>
</kw>
<status status="PASS" starttime="20230724 19:35:38.133" endtime="20230724 19:35:38.133"/>
</branch>
<status status="PASS" starttime="20230724 19:35:38.124" endtime="20230724 19:35:38.133"/>
</if>
<kw name="Log To Console" library="BuiltIn">
<arg>${stt}. Họ và tên: ${username} | Quản lý: ${manager} | Loại phép: ${type} | Thời gian: ${time} | Ngày nghỉ: ${leave_date} | Trạng thái: ${status} | Ngày phê duyệt: ${approvated_date} | Người phê duyệt: ${approvated_by}</arg>
<doc>Logs the given message to the console.</doc>
<status status="PASS" starttime="20230724 19:35:38.133" endtime="20230724 19:35:38.133"/>
</kw>
<kw name="Log To Console" library="BuiltIn">
<arg>================================================================================================================================================================================================================================================================</arg>
<doc>Logs the given message to the console.</doc>
<status status="PASS" starttime="20230724 19:35:38.137" endtime="20230724 19:35:38.138"/>
</kw>
<kw name="Evaluate" library="BuiltIn">
<var>${user_count}</var>
<arg>${user_count} + 1</arg>
<doc>Evaluates the given expression in Python and returns the result.</doc>
<msg timestamp="20230724 19:35:38.140" level="INFO">${user_count} = 11</msg>
<status status="PASS" starttime="20230724 19:35:38.139" endtime="20230724 19:35:38.141"/>
</kw>
<kw name="Evaluate" library="BuiltIn">
<var>${stt}</var>
<arg>${stt} + 1</arg>
<doc>Evaluates the given expression in Python and returns the result.</doc>
<msg timestamp="20230724 19:35:38.143" level="INFO">${stt} = 10</msg>
<status status="PASS" starttime="20230724 19:35:38.141" endtime="20230724 19:35:38.143"/>
</kw>
<status status="PASS" starttime="20230724 19:35:37.877" endtime="20230724 19:35:38.144"/>
</iter>
<status status="PASS" starttime="20230724 19:35:35.792" endtime="20230724 19:35:38.145"/>
</for>
<kw name="Evaluate" library="BuiltIn">
<var>${total}</var>
<arg>${user_count} - 2</arg>
<doc>Evaluates the given expression in Python and returns the result.</doc>
<msg timestamp="20230724 19:35:38.147" level="INFO">${total} = 9</msg>
<status status="PASS" starttime="20230724 19:35:38.146" endtime="20230724 19:35:38.147"/>
</kw>
<if>
<branch type="IF" condition="'${name}'=='created'">
<kw name="Log To Console" library="BuiltIn">
<arg>Total number of holidays ${name}: ${total}</arg>
<doc>Logs the given message to the console.</doc>
<status status="PASS" starttime="20230724 19:35:38.148" endtime="20230724 19:35:38.149"/>
</kw>
<status status="PASS" starttime="20230724 19:35:38.147" endtime="20230724 19:35:38.149"/>
</branch>
<branch type="ELSE IF" condition="'${name}'=='approved'">
<kw name="Log To Console" library="BuiltIn">
<arg>Total number of ${name} holidays: ${total}</arg>
<doc>Logs the given message to the console.</doc>
<status status="NOT RUN" starttime="20230724 19:35:38.150" endtime="20230724 19:35:38.151"/>
</kw>
<status status="NOT RUN" starttime="20230724 19:35:38.150" endtime="20230724 19:35:38.151"/>
</branch>
<branch type="ELSE IF" condition="'${name}'=='rejected'">
<kw name="Log To Console" library="BuiltIn">
<arg>Total number of days off ${name} approval: ${total}</arg>
<doc>Logs the given message to the console.</doc>
<status status="NOT RUN" starttime="20230724 19:35:38.152" endtime="20230724 19:35:38.152"/>
</kw>
<status status="NOT RUN" starttime="20230724 19:35:38.151" endtime="20230724 19:35:38.152"/>
</branch>
<branch type="ELSE IF" condition="'${name}'=='pending'">
<kw name="Log To Console" library="BuiltIn">
<arg>Total number of days off ${name} approval: ${total}</arg>
<doc>Logs the given message to the console.</doc>
<status status="NOT RUN" starttime="20230724 19:35:38.153" endtime="20230724 19:35:38.154"/>
</kw>
<status status="NOT RUN" starttime="20230724 19:35:38.153" endtime="20230724 19:35:38.154"/>
</branch>
<status status="PASS" starttime="20230724 19:35:38.147" endtime="20230724 19:35:38.154"/>
</if>
<status status="PASS" starttime="20230724 19:35:32.772" endtime="20230724 19:35:38.155"/>
</kw>
<kw name="Tear Down" library="common" type="TEARDOWN">
<kw name="Close Browser" library="Browser">
<arg>ALL</arg>
<tag>BrowserControl</tag>
<tag>Setter</tag>
<doc>Closes the current browser.</doc>
<msg timestamp="20230724 19:35:39.103" level="INFO">Closed all browsers</msg>
<status status="PASS" starttime="20230724 19:35:38.158" endtime="20230724 19:35:39.106"/>
</kw>
<status status="PASS" starttime="20230724 19:35:38.156" endtime="20230724 19:35:39.106"/>
</kw>
<status status="PASS" starttime="20230724 19:35:16.824" endtime="20230724 19:35:39.106"/>
</test>
<status status="PASS" starttime="20230724 19:34:50.904" endtime="20230724 19:35:39.114"/>
</suite>
<statistics>
<total>
<stat pass="2" fail="0" skip="0">All Tests</stat>
</total>
<tag>
</tag>
<suite>
<stat pass="2" fail="0" skip="0" id="s1" name="Admin leave management">Admin leave management</stat>
</suite>
</statistics>
<errors>
</errors>
</robot>
