<?xml version="1.0" encoding="UTF-8"?>
<robot generator="Robot 6.1 (Python 3.11.4 on win32)" generated="20230802 08:20:15.103" rpa="false" schemaversion="4">
<suite id="s1" name="Manager View List Of Team" source="C:\Users\nhats\OneDrive\Desktop\ARI\vite-react-ari\test\testcases\Manager_View_List_Of_Team.robot">
<test id="s1-t1" name="VLOT-17 Verify that user can view the list of teams successfully" line="9">
<kw name="Setup" library="common" type="SETUP">
<kw name="Set Browser Timeout" library="Browser">
<arg>${BROWSER_TIMEOUT}</arg>
<tag>Config</tag>
<tag>Setter</tag>
<doc>Sets the timeout used by most input and getter keywords.</doc>
<status status="PASS" starttime="20230802 08:20:20.444" endtime="20230802 08:20:20.480"/>
</kw>
<kw name="New Browser" library="Browser">
<arg>${BROWSER}</arg>
<arg>headless=${HEADLESS}</arg>
<tag>BrowserControl</tag>
<tag>Setter</tag>
<doc>Create a new playwright Browser with specified options.</doc>
<msg timestamp="20230802 08:20:20.482" level="INFO">{"browser": "chromium", "headless": false, "devtools": false, "handleSIGHUP": true, "handleSIGINT": true, "handleSIGTERM": true, "slowMo": 0.0, "timeout": 30000.0, "deprecated_pos_args": [], "tracesDir": "C:\\Users\\nhats\\OneDrive\\Desktop\\ARI\\vite-react-ari\\browser\\traces\\899fe6f2-52e7-4c2c-a18f-cdbfe13bc9f9"}</msg>
<msg timestamp="20230802 08:20:22.200" level="INFO">Successfully created browser with options: {"browser":"chromium","headless":false,"devtools":false,"handleSIGHUP":true,"handleSIGINT":true,"handleSIGTERM":true,"slowMo":0,"timeout":30000,"deprecated_pos_args":[],"tracesDir":"C:\\Users\\nhats\\OneDrive\\Desktop\\ARI\\vite-react-ari\\browser\\traces\\899fe6f2-52e7-4c2c-a18f-cdbfe13bc9f9"}</msg>
<status status="PASS" starttime="20230802 08:20:20.480" endtime="20230802 08:20:22.200"/>
</kw>
<kw name="New Page" library="Browser">
<arg>${URL_DEFAULT}</arg>
<tag>BrowserControl</tag>
<tag>Setter</tag>
<doc>Open a new Page.</doc>
<msg timestamp="20230802 08:20:24.502" level="INFO">Successfully initialized new page object and opened url: http://v2.ari.com.vn/</msg>
<msg timestamp="20230802 08:20:24.502" level="INFO">No context was open. New context was automatically opened when this page is created.</msg>
<status status="PASS" starttime="20230802 08:20:22.215" endtime="20230802 08:20:24.503"/>
</kw>
<kw name="Evaluate" library="BuiltIn">
<var>${STATE}</var>
<arg>json.loads('''{}''')</arg>
<arg>json</arg>
<doc>Evaluates the given expression in Python and returns the result.</doc>
<msg timestamp="20230802 08:20:24.504" level="INFO">${STATE} = {}</msg>
<status status="PASS" starttime="20230802 08:20:24.503" endtime="20230802 08:20:24.504"/>
</kw>
<status status="PASS" starttime="20230802 08:20:20.444" endtime="20230802 08:20:24.505"/>
</kw>
<kw name="Login to Manager" library="common">
<kw name="Enter &quot;email&quot; in &quot;Tên đăng nhập&quot; with &quot;manager@gmail.com&quot;" library="common" sourcename="Enter &quot;${type}&quot; in &quot;${name}&quot; with &quot;${text}&quot;">
<kw name="Get Random Text" library="common">
<var>${text}</var>
<arg>${type}</arg>
<arg>${text}</arg>
<kw name="Set Variable" library="BuiltIn">
<var>${symbol}</var>
<arg>_RANDOM_</arg>
<doc>Returns the given values which can then be assigned to a variables.</doc>
<msg timestamp="20230802 08:20:24.505" level="INFO">${symbol} = _RANDOM_</msg>
<status status="PASS" starttime="20230802 08:20:24.505" endtime="20230802 08:20:24.505"/>
</kw>
<kw name="Set Variable" library="BuiltIn">
<var>${new_text}</var>
<doc>Returns the given values which can then be assigned to a variables.</doc>
<msg timestamp="20230802 08:20:24.521" level="INFO">${new_text} = </msg>
<status status="PASS" starttime="20230802 08:20:24.505" endtime="20230802 08:20:24.521"/>
</kw>
<kw name="Get Regexp Matches" library="String">
<var>${containsS}</var>
<arg>${text}</arg>
<arg>_@(.+)@_</arg>
<arg>1</arg>
<doc>Returns a list of all non-overlapping matches in the given string.</doc>
<msg timestamp="20230802 08:20:24.523" level="INFO">${containsS} = []</msg>
<status status="PASS" starttime="20230802 08:20:24.522" endtime="20230802 08:20:24.523"/>
</kw>
<kw name="Get Length" library="BuiltIn">
<var>${cntS}</var>
<arg>${containsS}</arg>
<doc>Returns and logs the length of the given item as an integer.</doc>
<msg timestamp="20230802 08:20:24.524" level="INFO">Length is 0</msg>
<msg timestamp="20230802 08:20:24.524" level="INFO">${cntS} = 0</msg>
<status status="PASS" starttime="20230802 08:20:24.524" endtime="20230802 08:20:24.524"/>
</kw>
<kw name="Get Regexp Matches" library="String">
<var>${contains}</var>
<arg>${text}</arg>
<arg>${symbol}</arg>
<doc>Returns a list of all non-overlapping matches in the given string.</doc>
<msg timestamp="20230802 08:20:24.528" level="INFO">${contains} = []</msg>
<status status="PASS" starttime="20230802 08:20:24.524" endtime="20230802 08:20:24.528"/>
</kw>
<kw name="Get Length" library="BuiltIn">
<var>${cnt}</var>
<arg>${contains}</arg>
<doc>Returns and logs the length of the given item as an integer.</doc>
<msg timestamp="20230802 08:20:24.529" level="INFO">Length is 0</msg>
<msg timestamp="20230802 08:20:24.529" level="INFO">${cnt} = 0</msg>
<status status="PASS" starttime="20230802 08:20:24.528" endtime="20230802 08:20:24.529"/>
</kw>
<if>
<branch type="IF" condition="${cntS} &gt; 0">
<kw name="Set Variable" library="BuiltIn">
<var>${new_text}</var>
<arg>${STATE["${containsS[0]}"]}</arg>
<doc>Returns the given values which can then be assigned to a variables.</doc>
<status status="NOT RUN" starttime="20230802 08:20:24.531" endtime="20230802 08:20:24.531"/>
</kw>
<kw name="Set Variable" library="BuiltIn">
<var>${symbol}</var>
<arg>_@${containsS[0]}@_</arg>
<doc>Returns the given values which can then be assigned to a variables.</doc>
<status status="NOT RUN" starttime="20230802 08:20:24.531" endtime="20230802 08:20:24.532"/>
</kw>
<status status="NOT RUN" starttime="20230802 08:20:24.530" endtime="20230802 08:20:24.532"/>
</branch>
<branch type="ELSE IF" condition="${cnt} &gt; 0 and '${type}' == 'test name'">
<kw name="Sentence" library="FakerLibrary">
<var>${random}</var>
<arg>nb_words=3</arg>
<doc>Generate a sentence.</doc>
<status status="NOT RUN" starttime="20230802 08:20:24.533" endtime="20230802 08:20:24.533"/>
</kw>
<kw name="Split String" library="String">
<var>${words}</var>
<arg>${TEST NAME}</arg>
<arg>${SPACE}</arg>
<doc>Splits the ``string`` using ``separator`` as a delimiter string.</doc>
<status status="NOT RUN" starttime="20230802 08:20:24.534" endtime="20230802 08:20:24.534"/>
</kw>
<kw name="Set Variable" library="BuiltIn">
<var>${new_text}</var>
<arg>${words[0]} ${random}</arg>
<doc>Returns the given values which can then be assigned to a variables.</doc>
<status status="NOT RUN" starttime="20230802 08:20:24.535" endtime="20230802 08:20:24.535"/>
</kw>
<status status="NOT RUN" starttime="20230802 08:20:24.532" endtime="20230802 08:20:24.535"/>
</branch>
<branch type="ELSE IF" condition="${cnt} &gt; 0 and '${type}' == 'number'">
<kw name="Random Int" library="FakerLibrary">
<var>${new_text}</var>
<arg>min=1000000000000</arg>
<arg>max=9999999999999</arg>
<doc>Generate a random integer between two integers ``min`` and ``max`` inclusive
while observing the provided ``step`` value.</doc>
<status status="NOT RUN" starttime="20230802 08:20:24.536" endtime="20230802 08:20:24.536"/>
</kw>
<kw name="Convert To String" library="BuiltIn">
<var>${new_text}</var>
<arg>${new_text}</arg>
<doc>Converts the given item to a Unicode string.</doc>
<status status="NOT RUN" starttime="20230802 08:20:24.537" endtime="20230802 08:20:24.537"/>
</kw>
<status status="NOT RUN" starttime="20230802 08:20:24.535" endtime="20230802 08:20:24.537"/>
</branch>
<branch type="ELSE IF" condition="${cnt} &gt; 0 and '${type}' == 'order number'">
<kw name="Random Int" library="FakerLibrary">
<var>${new_text}</var>
<arg>min=0</arg>
<arg>max=999999999</arg>
<doc>Generate a random integer between two integers ``min`` and ``max`` inclusive
while observing the provided ``step`` value.</doc>
<status status="NOT RUN" starttime="20230802 08:20:24.539" endtime="20230802 08:20:24.539"/>
</kw>
<kw name="Convert To String" library="BuiltIn">
<var>${new_text}</var>
<arg>${new_text}</arg>
<doc>Converts the given item to a Unicode string.</doc>
<status status="NOT RUN" starttime="20230802 08:20:24.540" endtime="20230802 08:20:24.541"/>
</kw>
<status status="NOT RUN" starttime="20230802 08:20:24.538" endtime="20230802 08:20:24.541"/>
</branch>
<branch type="ELSE IF" condition="${cnt} &gt; 0 and '${type}' == 'leave date valid'">
<kw name="Random Int" library="FakerLibrary">
<var>${new_text}</var>
<arg>min=0</arg>
<arg>max=16</arg>
<doc>Generate a random integer between two integers ``min`` and ``max`` inclusive
while observing the provided ``step`` value.</doc>
<status status="NOT RUN" starttime="20230802 08:20:24.542" endtime="20230802 08:20:24.542"/>
</kw>
<kw name="Convert To String" library="BuiltIn">
<var>${new_text}</var>
<arg>${new_text}</arg>
<doc>Converts the given item to a Unicode string.</doc>
<status status="NOT RUN" starttime="20230802 08:20:24.543" endtime="20230802 08:20:24.543"/>
</kw>
<status status="NOT RUN" starttime="20230802 08:20:24.541" endtime="20230802 08:20:24.544"/>
</branch>
<branch type="ELSE IF" condition="${cnt} &gt; 0 and '${type}' == 'leave date invalid'">
<kw name="Random Int" library="FakerLibrary">
<var>${new_text}</var>
<arg>min=17</arg>
<arg>max=99</arg>
<doc>Generate a random integer between two integers ``min`` and ``max`` inclusive
while observing the provided ``step`` value.</doc>
<status status="NOT RUN" starttime="20230802 08:20:24.545" endtime="20230802 08:20:24.545"/>
</kw>
<kw name="Convert To String" library="BuiltIn">
<var>${new_text}</var>
<arg>${new_text}</arg>
<doc>Converts the given item to a Unicode string.</doc>
<status status="NOT RUN" starttime="20230802 08:20:24.546" endtime="20230802 08:20:24.546"/>
</kw>
<status status="NOT RUN" starttime="20230802 08:20:24.544" endtime="20230802 08:20:24.547"/>
</branch>
<branch type="ELSE IF" condition="${cnt} &gt; 0 and '${type}' == 'percentage'">
<kw name="Random Int" library="FakerLibrary">
<var>${new_text}</var>
<arg>max=100</arg>
<doc>Generate a random integer between two integers ``min`` and ``max`` inclusive
while observing the provided ``step`` value.</doc>
<status status="NOT RUN" starttime="20230802 08:20:24.548" endtime="20230802 08:20:24.548"/>
</kw>
<kw name="Convert To String" library="BuiltIn">
<var>${new_text}</var>
<arg>${new_text}</arg>
<doc>Converts the given item to a Unicode string.</doc>
<status status="NOT RUN" starttime="20230802 08:20:24.549" endtime="20230802 08:20:24.549"/>
</kw>
<status status="NOT RUN" starttime="20230802 08:20:24.547" endtime="20230802 08:20:24.549"/>
</branch>
<branch type="ELSE IF" condition="${cnt} &gt; 0 and '${type}' == 'paragraph'">
<kw name="Paragraph" library="FakerLibrary">
<var>${new_text}</var>
<doc>Generate a paragraph.</doc>
<status status="NOT RUN" starttime="20230802 08:20:24.550" endtime="20230802 08:20:24.550"/>
</kw>
<status status="NOT RUN" starttime="20230802 08:20:24.549" endtime="20230802 08:20:24.551"/>
</branch>
<branch type="ELSE IF" condition="${cnt} &gt; 0 and '${type}' == 'email'">
<kw name="Email" library="FakerLibrary">
<var>${new_text}</var>
<status status="NOT RUN" starttime="20230802 08:20:24.552" endtime="20230802 08:20:24.552"/>
</kw>
<status status="NOT RUN" starttime="20230802 08:20:24.551" endtime="20230802 08:20:24.552"/>
</branch>
<branch type="ELSE IF" condition="${cnt} &gt; 0 and '${type}' == 'phone'">
<kw name="Random Int" library="FakerLibrary">
<var>${new_text}</var>
<arg>min=55555555</arg>
<arg>max=999999999999</arg>
<doc>Generate a random integer between two integers ``min`` and ``max`` inclusive
while observing the provided ``step`` value.</doc>
<status status="NOT RUN" starttime="20230802 08:20:24.553" endtime="20230802 08:20:24.554"/>
</kw>
<kw name="Convert To String" library="BuiltIn">
<var>${new_text}</var>
<arg>${new_text}</arg>
<doc>Converts the given item to a Unicode string.</doc>
<status status="NOT RUN" starttime="20230802 08:20:24.554" endtime="20230802 08:20:24.554"/>
</kw>
<status status="NOT RUN" starttime="20230802 08:20:24.553" endtime="20230802 08:20:24.555"/>
</branch>
<branch type="ELSE IF" condition="${cnt} &gt; 0 and '${type}' == 'color'">
<kw name="Safe Hex Color" library="FakerLibrary">
<var>${new_text}</var>
<doc>Generate a web-safe color formatted as a hex triplet.</doc>
<status status="NOT RUN" starttime="20230802 08:20:24.556" endtime="20230802 08:20:24.556"/>
</kw>
<status status="NOT RUN" starttime="20230802 08:20:24.555" endtime="20230802 08:20:24.557"/>
</branch>
<branch type="ELSE IF" condition="${cnt} &gt; 0 and '${type}' == 'date'">
<kw name="Date" library="FakerLibrary">
<var>${new_text}</var>
<arg>pattern=%d-%m-%Y</arg>
<doc>Get a date string between January 1, 1970 and now.</doc>
<status status="NOT RUN" starttime="20230802 08:20:24.558" endtime="20230802 08:20:24.558"/>
</kw>
<status status="NOT RUN" starttime="20230802 08:20:24.557" endtime="20230802 08:20:24.558"/>
</branch>
<branch type="ELSE IF" condition="${cnt} &gt; 0 and '${type}' == 'word'">
<kw name="Sentence" library="FakerLibrary">
<var>${new_text}</var>
<arg>nb_words=2</arg>
<doc>Generate a sentence.</doc>
<status status="NOT RUN" starttime="20230802 08:20:24.559" endtime="20230802 08:20:24.559"/>
</kw>
<status status="NOT RUN" starttime="20230802 08:20:24.558" endtime="20230802 08:20:24.559"/>
</branch>
<branch type="ELSE IF" condition="${cnt} &gt; 0">
<kw name="Sentence" library="FakerLibrary">
<var>${new_text}</var>
<doc>Generate a sentence.</doc>
<status status="NOT RUN" starttime="20230802 08:20:24.560" endtime="20230802 08:20:24.560"/>
</kw>
<status status="NOT RUN" starttime="20230802 08:20:24.560" endtime="20230802 08:20:24.561"/>
</branch>
<status status="PASS" starttime="20230802 08:20:24.529" endtime="20230802 08:20:24.561"/>
</if>
<kw name="Get Length" library="BuiltIn">
<var>${cnt}</var>
<arg>${text}</arg>
<doc>Returns and logs the length of the given item as an integer.</doc>
<msg timestamp="20230802 08:20:24.562" level="INFO">Length is 17</msg>
<msg timestamp="20230802 08:20:24.562" level="INFO">${cnt} = 17</msg>
<status status="PASS" starttime="20230802 08:20:24.561" endtime="20230802 08:20:24.562"/>
</kw>
<if>
<branch type="IF" condition="${cnt} &gt; 0">
<kw name="Replace String" library="String">
<var>${text}</var>
<arg>${text}</arg>
<arg>${symbol}</arg>
<arg>${new_text}</arg>
<doc>Replaces ``search_for`` in the given ``string`` with ``replace_with``.</doc>
<msg timestamp="20230802 08:20:24.564" level="INFO">${text} = manager@gmail.com</msg>
<status status="PASS" starttime="20230802 08:20:24.563" endtime="20230802 08:20:24.564"/>
</kw>
<status status="PASS" starttime="20230802 08:20:24.563" endtime="20230802 08:20:24.564"/>
</branch>
<status status="PASS" starttime="20230802 08:20:24.562" endtime="20230802 08:20:24.564"/>
</if>
<msg timestamp="20230802 08:20:24.565" level="INFO">${text} = manager@gmail.com</msg>
<status status="PASS" starttime="20230802 08:20:24.505" endtime="20230802 08:20:24.565"/>
</kw>
<kw name="Get Element Form Item By Name" library="common">
<var>${element}</var>
<arg>${name}</arg>
<arg>//input[contains(@class, "ant-input")]</arg>
<msg timestamp="20230802 08:20:24.566" level="INFO">${element} = xpath=//*[contains(@class, "ant-form-item-label")]/label[text()="Tên đăng nhập"]/../../*[contains(@class, "ant-form-item")]//input[contains(@class, "ant-input")]</msg>
<status status="PASS" starttime="20230802 08:20:24.565" endtime="20230802 08:20:24.566"/>
</kw>
<kw name="Clear Text" library="Browser">
<arg>${element}</arg>
<tag>PageContent</tag>
<tag>Setter</tag>
<doc>Clears the text field found by ``selector``.</doc>
<status status="PASS" starttime="20230802 08:20:24.567" endtime="20230802 08:20:26.510"/>
</kw>
<kw name="Fill Text" library="Browser">
<arg>${element}</arg>
<arg>${text}</arg>
<arg>True</arg>
<tag>PageContent</tag>
<tag>Setter</tag>
<doc>Clears and fills the given ``txt`` into the text field found by ``selector``.</doc>
<msg timestamp="20230802 08:20:26.512" level="INFO">Fills the text 'manager@gmail.com' in the given field.</msg>
<status status="PASS" starttime="20230802 08:20:26.511" endtime="20230802 08:20:26.585"/>
</kw>
<kw name="Get Length" library="BuiltIn">
<var>${cnt}</var>
<arg>${text}</arg>
<doc>Returns and logs the length of the given item as an integer.</doc>
<msg timestamp="20230802 08:20:26.585" level="INFO">Length is 17</msg>
<msg timestamp="20230802 08:20:26.585" level="INFO">${cnt} = 17</msg>
<status status="PASS" starttime="20230802 08:20:26.585" endtime="20230802 08:20:26.585"/>
</kw>
<if>
<branch type="IF" condition="${cnt} &gt; 0">
<kw name="Set Global Variable" library="BuiltIn">
<arg>${STATE["${name}"]}</arg>
<arg>${text}</arg>
<doc>Makes a variable available globally in all tests and suites.</doc>
<msg timestamp="20230802 08:20:26.585" level="INFO">${STATE["Tên đăng nhập"]} = manager@gmail.com</msg>
<status status="PASS" starttime="20230802 08:20:26.585" endtime="20230802 08:20:26.585"/>
</kw>
<status status="PASS" starttime="20230802 08:20:26.585" endtime="20230802 08:20:26.585"/>
</branch>
<status status="PASS" starttime="20230802 08:20:26.585" endtime="20230802 08:20:26.585"/>
</if>
<status status="PASS" starttime="20230802 08:20:24.505" endtime="20230802 08:20:26.585"/>
</kw>
<kw name="Enter &quot;text&quot; in &quot;Mật khẩu&quot; with &quot;Tester@123&quot;" library="common" sourcename="Enter &quot;${type}&quot; in &quot;${name}&quot; with &quot;${text}&quot;">
<kw name="Get Random Text" library="common">
<var>${text}</var>
<arg>${type}</arg>
<arg>${text}</arg>
<kw name="Set Variable" library="BuiltIn">
<var>${symbol}</var>
<arg>_RANDOM_</arg>
<doc>Returns the given values which can then be assigned to a variables.</doc>
<msg timestamp="20230802 08:20:26.601" level="INFO">${symbol} = _RANDOM_</msg>
<status status="PASS" starttime="20230802 08:20:26.585" endtime="20230802 08:20:26.601"/>
</kw>
<kw name="Set Variable" library="BuiltIn">
<var>${new_text}</var>
<doc>Returns the given values which can then be assigned to a variables.</doc>
<msg timestamp="20230802 08:20:26.601" level="INFO">${new_text} = </msg>
<status status="PASS" starttime="20230802 08:20:26.601" endtime="20230802 08:20:26.601"/>
</kw>
<kw name="Get Regexp Matches" library="String">
<var>${containsS}</var>
<arg>${text}</arg>
<arg>_@(.+)@_</arg>
<arg>1</arg>
<doc>Returns a list of all non-overlapping matches in the given string.</doc>
<msg timestamp="20230802 08:20:26.601" level="INFO">${containsS} = []</msg>
<status status="PASS" starttime="20230802 08:20:26.601" endtime="20230802 08:20:26.601"/>
</kw>
<kw name="Get Length" library="BuiltIn">
<var>${cntS}</var>
<arg>${containsS}</arg>
<doc>Returns and logs the length of the given item as an integer.</doc>
<msg timestamp="20230802 08:20:26.601" level="INFO">Length is 0</msg>
<msg timestamp="20230802 08:20:26.601" level="INFO">${cntS} = 0</msg>
<status status="PASS" starttime="20230802 08:20:26.601" endtime="20230802 08:20:26.601"/>
</kw>
<kw name="Get Regexp Matches" library="String">
<var>${contains}</var>
<arg>${text}</arg>
<arg>${symbol}</arg>
<doc>Returns a list of all non-overlapping matches in the given string.</doc>
<msg timestamp="20230802 08:20:26.601" level="INFO">${contains} = []</msg>
<status status="PASS" starttime="20230802 08:20:26.601" endtime="20230802 08:20:26.601"/>
</kw>
<kw name="Get Length" library="BuiltIn">
<var>${cnt}</var>
<arg>${contains}</arg>
<doc>Returns and logs the length of the given item as an integer.</doc>
<msg timestamp="20230802 08:20:26.601" level="INFO">Length is 0</msg>
<msg timestamp="20230802 08:20:26.601" level="INFO">${cnt} = 0</msg>
<status status="PASS" starttime="20230802 08:20:26.601" endtime="20230802 08:20:26.601"/>
</kw>
<if>
<branch type="IF" condition="${cntS} &gt; 0">
<kw name="Set Variable" library="BuiltIn">
<var>${new_text}</var>
<arg>${STATE["${containsS[0]}"]}</arg>
<doc>Returns the given values which can then be assigned to a variables.</doc>
<status status="NOT RUN" starttime="20230802 08:20:26.601" endtime="20230802 08:20:26.601"/>
</kw>
<kw name="Set Variable" library="BuiltIn">
<var>${symbol}</var>
<arg>_@${containsS[0]}@_</arg>
<doc>Returns the given values which can then be assigned to a variables.</doc>
<status status="NOT RUN" starttime="20230802 08:20:26.601" endtime="20230802 08:20:26.601"/>
</kw>
<status status="NOT RUN" starttime="20230802 08:20:26.601" endtime="20230802 08:20:26.601"/>
</branch>
<branch type="ELSE IF" condition="${cnt} &gt; 0 and '${type}' == 'test name'">
<kw name="Sentence" library="FakerLibrary">
<var>${random}</var>
<arg>nb_words=3</arg>
<doc>Generate a sentence.</doc>
<status status="NOT RUN" starttime="20230802 08:20:26.601" endtime="20230802 08:20:26.601"/>
</kw>
<kw name="Split String" library="String">
<var>${words}</var>
<arg>${TEST NAME}</arg>
<arg>${SPACE}</arg>
<doc>Splits the ``string`` using ``separator`` as a delimiter string.</doc>
<status status="NOT RUN" starttime="20230802 08:20:26.601" endtime="20230802 08:20:26.601"/>
</kw>
<kw name="Set Variable" library="BuiltIn">
<var>${new_text}</var>
<arg>${words[0]} ${random}</arg>
<doc>Returns the given values which can then be assigned to a variables.</doc>
<status status="NOT RUN" starttime="20230802 08:20:26.601" endtime="20230802 08:20:26.601"/>
</kw>
<status status="NOT RUN" starttime="20230802 08:20:26.601" endtime="20230802 08:20:26.601"/>
</branch>
<branch type="ELSE IF" condition="${cnt} &gt; 0 and '${type}' == 'number'">
<kw name="Random Int" library="FakerLibrary">
<var>${new_text}</var>
<arg>min=1000000000000</arg>
<arg>max=9999999999999</arg>
<doc>Generate a random integer between two integers ``min`` and ``max`` inclusive
while observing the provided ``step`` value.</doc>
<status status="NOT RUN" starttime="20230802 08:20:26.601" endtime="20230802 08:20:26.601"/>
</kw>
<kw name="Convert To String" library="BuiltIn">
<var>${new_text}</var>
<arg>${new_text}</arg>
<doc>Converts the given item to a Unicode string.</doc>
<status status="NOT RUN" starttime="20230802 08:20:26.601" endtime="20230802 08:20:26.601"/>
</kw>
<status status="NOT RUN" starttime="20230802 08:20:26.601" endtime="20230802 08:20:26.601"/>
</branch>
<branch type="ELSE IF" condition="${cnt} &gt; 0 and '${type}' == 'order number'">
<kw name="Random Int" library="FakerLibrary">
<var>${new_text}</var>
<arg>min=0</arg>
<arg>max=999999999</arg>
<doc>Generate a random integer between two integers ``min`` and ``max`` inclusive
while observing the provided ``step`` value.</doc>
<status status="NOT RUN" starttime="20230802 08:20:26.601" endtime="20230802 08:20:26.601"/>
</kw>
<kw name="Convert To String" library="BuiltIn">
<var>${new_text}</var>
<arg>${new_text}</arg>
<doc>Converts the given item to a Unicode string.</doc>
<status status="NOT RUN" starttime="20230802 08:20:26.601" endtime="20230802 08:20:26.616"/>
</kw>
<status status="NOT RUN" starttime="20230802 08:20:26.601" endtime="20230802 08:20:26.616"/>
</branch>
<branch type="ELSE IF" condition="${cnt} &gt; 0 and '${type}' == 'leave date valid'">
<kw name="Random Int" library="FakerLibrary">
<var>${new_text}</var>
<arg>min=0</arg>
<arg>max=16</arg>
<doc>Generate a random integer between two integers ``min`` and ``max`` inclusive
while observing the provided ``step`` value.</doc>
<status status="NOT RUN" starttime="20230802 08:20:26.616" endtime="20230802 08:20:26.616"/>
</kw>
<kw name="Convert To String" library="BuiltIn">
<var>${new_text}</var>
<arg>${new_text}</arg>
<doc>Converts the given item to a Unicode string.</doc>
<status status="NOT RUN" starttime="20230802 08:20:26.616" endtime="20230802 08:20:26.616"/>
</kw>
<status status="NOT RUN" starttime="20230802 08:20:26.616" endtime="20230802 08:20:26.616"/>
</branch>
<branch type="ELSE IF" condition="${cnt} &gt; 0 and '${type}' == 'leave date invalid'">
<kw name="Random Int" library="FakerLibrary">
<var>${new_text}</var>
<arg>min=17</arg>
<arg>max=99</arg>
<doc>Generate a random integer between two integers ``min`` and ``max`` inclusive
while observing the provided ``step`` value.</doc>
<status status="NOT RUN" starttime="20230802 08:20:26.616" endtime="20230802 08:20:26.616"/>
</kw>
<kw name="Convert To String" library="BuiltIn">
<var>${new_text}</var>
<arg>${new_text}</arg>
<doc>Converts the given item to a Unicode string.</doc>
<status status="NOT RUN" starttime="20230802 08:20:26.616" endtime="20230802 08:20:26.616"/>
</kw>
<status status="NOT RUN" starttime="20230802 08:20:26.616" endtime="20230802 08:20:26.616"/>
</branch>
<branch type="ELSE IF" condition="${cnt} &gt; 0 and '${type}' == 'percentage'">
<kw name="Random Int" library="FakerLibrary">
<var>${new_text}</var>
<arg>max=100</arg>
<doc>Generate a random integer between two integers ``min`` and ``max`` inclusive
while observing the provided ``step`` value.</doc>
<status status="NOT RUN" starttime="20230802 08:20:26.616" endtime="20230802 08:20:26.616"/>
</kw>
<kw name="Convert To String" library="BuiltIn">
<var>${new_text}</var>
<arg>${new_text}</arg>
<doc>Converts the given item to a Unicode string.</doc>
<status status="NOT RUN" starttime="20230802 08:20:26.616" endtime="20230802 08:20:26.616"/>
</kw>
<status status="NOT RUN" starttime="20230802 08:20:26.616" endtime="20230802 08:20:26.616"/>
</branch>
<branch type="ELSE IF" condition="${cnt} &gt; 0 and '${type}' == 'paragraph'">
<kw name="Paragraph" library="FakerLibrary">
<var>${new_text}</var>
<doc>Generate a paragraph.</doc>
<status status="NOT RUN" starttime="20230802 08:20:26.624" endtime="20230802 08:20:26.624"/>
</kw>
<status status="NOT RUN" starttime="20230802 08:20:26.624" endtime="20230802 08:20:26.624"/>
</branch>
<branch type="ELSE IF" condition="${cnt} &gt; 0 and '${type}' == 'email'">
<kw name="Email" library="FakerLibrary">
<var>${new_text}</var>
<status status="NOT RUN" starttime="20230802 08:20:26.624" endtime="20230802 08:20:26.624"/>
</kw>
<status status="NOT RUN" starttime="20230802 08:20:26.624" endtime="20230802 08:20:26.624"/>
</branch>
<branch type="ELSE IF" condition="${cnt} &gt; 0 and '${type}' == 'phone'">
<kw name="Random Int" library="FakerLibrary">
<var>${new_text}</var>
<arg>min=55555555</arg>
<arg>max=999999999999</arg>
<doc>Generate a random integer between two integers ``min`` and ``max`` inclusive
while observing the provided ``step`` value.</doc>
<status status="NOT RUN" starttime="20230802 08:20:26.624" endtime="20230802 08:20:26.624"/>
</kw>
<kw name="Convert To String" library="BuiltIn">
<var>${new_text}</var>
<arg>${new_text}</arg>
<doc>Converts the given item to a Unicode string.</doc>
<status status="NOT RUN" starttime="20230802 08:20:26.624" endtime="20230802 08:20:26.624"/>
</kw>
<status status="NOT RUN" starttime="20230802 08:20:26.624" endtime="20230802 08:20:26.624"/>
</branch>
<branch type="ELSE IF" condition="${cnt} &gt; 0 and '${type}' == 'color'">
<kw name="Safe Hex Color" library="FakerLibrary">
<var>${new_text}</var>
<doc>Generate a web-safe color formatted as a hex triplet.</doc>
<status status="NOT RUN" starttime="20230802 08:20:26.624" endtime="20230802 08:20:26.624"/>
</kw>
<status status="NOT RUN" starttime="20230802 08:20:26.624" endtime="20230802 08:20:26.624"/>
</branch>
<branch type="ELSE IF" condition="${cnt} &gt; 0 and '${type}' == 'date'">
<kw name="Date" library="FakerLibrary">
<var>${new_text}</var>
<arg>pattern=%d-%m-%Y</arg>
<doc>Get a date string between January 1, 1970 and now.</doc>
<status status="NOT RUN" starttime="20230802 08:20:26.624" endtime="20230802 08:20:26.624"/>
</kw>
<status status="NOT RUN" starttime="20230802 08:20:26.624" endtime="20230802 08:20:26.624"/>
</branch>
<branch type="ELSE IF" condition="${cnt} &gt; 0 and '${type}' == 'word'">
<kw name="Sentence" library="FakerLibrary">
<var>${new_text}</var>
<arg>nb_words=2</arg>
<doc>Generate a sentence.</doc>
<status status="NOT RUN" starttime="20230802 08:20:26.624" endtime="20230802 08:20:26.632"/>
</kw>
<status status="NOT RUN" starttime="20230802 08:20:26.624" endtime="20230802 08:20:26.632"/>
</branch>
<branch type="ELSE IF" condition="${cnt} &gt; 0">
<kw name="Sentence" library="FakerLibrary">
<var>${new_text}</var>
<doc>Generate a sentence.</doc>
<status status="NOT RUN" starttime="20230802 08:20:26.632" endtime="20230802 08:20:26.632"/>
</kw>
<status status="NOT RUN" starttime="20230802 08:20:26.632" endtime="20230802 08:20:26.632"/>
</branch>
<status status="PASS" starttime="20230802 08:20:26.601" endtime="20230802 08:20:26.632"/>
</if>
<kw name="Get Length" library="BuiltIn">
<var>${cnt}</var>
<arg>${text}</arg>
<doc>Returns and logs the length of the given item as an integer.</doc>
<msg timestamp="20230802 08:20:26.632" level="INFO">Length is 10</msg>
<msg timestamp="20230802 08:20:26.632" level="INFO">${cnt} = 10</msg>
<status status="PASS" starttime="20230802 08:20:26.632" endtime="20230802 08:20:26.632"/>
</kw>
<if>
<branch type="IF" condition="${cnt} &gt; 0">
<kw name="Replace String" library="String">
<var>${text}</var>
<arg>${text}</arg>
<arg>${symbol}</arg>
<arg>${new_text}</arg>
<doc>Replaces ``search_for`` in the given ``string`` with ``replace_with``.</doc>
<msg timestamp="20230802 08:20:26.632" level="INFO">${text} = Tester@123</msg>
<status status="PASS" starttime="20230802 08:20:26.632" endtime="20230802 08:20:26.632"/>
</kw>
<status status="PASS" starttime="20230802 08:20:26.632" endtime="20230802 08:20:26.632"/>
</branch>
<status status="PASS" starttime="20230802 08:20:26.632" endtime="20230802 08:20:26.632"/>
</if>
<msg timestamp="20230802 08:20:26.632" level="INFO">${text} = Tester@123</msg>
<status status="PASS" starttime="20230802 08:20:26.585" endtime="20230802 08:20:26.632"/>
</kw>
<kw name="Get Element Form Item By Name" library="common">
<var>${element}</var>
<arg>${name}</arg>
<arg>//input[contains(@class, "ant-input")]</arg>
<msg timestamp="20230802 08:20:26.632" level="INFO">${element} = xpath=//*[contains(@class, "ant-form-item-label")]/label[text()="Mật khẩu"]/../../*[contains(@class, "ant-form-item")]//input[contains(@class, "ant-input")]</msg>
<status status="PASS" starttime="20230802 08:20:26.632" endtime="20230802 08:20:26.632"/>
</kw>
<kw name="Clear Text" library="Browser">
<arg>${element}</arg>
<tag>PageContent</tag>
<tag>Setter</tag>
<doc>Clears the text field found by ``selector``.</doc>
<status status="PASS" starttime="20230802 08:20:26.632" endtime="20230802 08:20:26.778"/>
</kw>
<kw name="Fill Text" library="Browser">
<arg>${element}</arg>
<arg>${text}</arg>
<arg>True</arg>
<tag>PageContent</tag>
<tag>Setter</tag>
<doc>Clears and fills the given ``txt`` into the text field found by ``selector``.</doc>
<msg timestamp="20230802 08:20:26.778" level="INFO">Fills the text 'Tester@123' in the given field.</msg>
<status status="PASS" starttime="20230802 08:20:26.778" endtime="20230802 08:20:26.845"/>
</kw>
<kw name="Get Length" library="BuiltIn">
<var>${cnt}</var>
<arg>${text}</arg>
<doc>Returns and logs the length of the given item as an integer.</doc>
<msg timestamp="20230802 08:20:26.846" level="INFO">Length is 10</msg>
<msg timestamp="20230802 08:20:26.846" level="INFO">${cnt} = 10</msg>
<status status="PASS" starttime="20230802 08:20:26.845" endtime="20230802 08:20:26.846"/>
</kw>
<if>
<branch type="IF" condition="${cnt} &gt; 0">
<kw name="Set Global Variable" library="BuiltIn">
<arg>${STATE["${name}"]}</arg>
<arg>${text}</arg>
<doc>Makes a variable available globally in all tests and suites.</doc>
<msg timestamp="20230802 08:20:26.848" level="INFO">${STATE["Mật khẩu"]} = Tester@123</msg>
<status status="PASS" starttime="20230802 08:20:26.847" endtime="20230802 08:20:26.848"/>
</kw>
<status status="PASS" starttime="20230802 08:20:26.847" endtime="20230802 08:20:26.848"/>
</branch>
<status status="PASS" starttime="20230802 08:20:26.846" endtime="20230802 08:20:26.848"/>
</if>
<status status="PASS" starttime="20230802 08:20:26.585" endtime="20230802 08:20:26.848"/>
</kw>
<kw name="Click &quot;Đăng nhập&quot; button" library="common" sourcename="Click &quot;${text}&quot; button">
<kw name="Click" library="Browser">
<arg>xpath=//button[@title = "${text}"]</arg>
<tag>PageContent</tag>
<tag>Setter</tag>
<doc>Simulates mouse click on the element found by ``selector``.</doc>
<status status="PASS" starttime="20230802 08:20:26.848" endtime="20230802 08:20:27.095"/>
</kw>
<kw name="Click Confirm To Action" library="common">
<kw name="Set Variable" library="BuiltIn">
<var>${element}</var>
<arg>xpath=//*[contains(@class, "ant-popover")]//*[contains(@class, "ant-btn-primary")]</arg>
<doc>Returns the given values which can then be assigned to a variables.</doc>
<msg timestamp="20230802 08:20:27.097" level="INFO">${element} = xpath=//*[contains(@class, "ant-popover")]//*[contains(@class, "ant-btn-primary")]</msg>
<status status="PASS" starttime="20230802 08:20:27.096" endtime="20230802 08:20:27.097"/>
</kw>
<kw name="Get Element Count" library="Browser">
<var>${count}</var>
<arg>${element}</arg>
<tag>Assertion</tag>
<tag>Getter</tag>
<tag>PageContent</tag>
<doc>Returns the count of elements found with ``selector``.</doc>
<msg timestamp="20230802 08:20:27.125" level="INFO">${count} = 0</msg>
<status status="PASS" starttime="20230802 08:20:27.097" endtime="20230802 08:20:27.125"/>
</kw>
<if>
<branch type="IF" condition="${count} &gt; 0">
<kw name="Click" library="Browser">
<arg>${element}</arg>
<tag>PageContent</tag>
<tag>Setter</tag>
<doc>Simulates mouse click on the element found by ``selector``.</doc>
<status status="NOT RUN" starttime="20230802 08:20:27.125" endtime="20230802 08:20:27.125"/>
</kw>
<kw name="Sleep" library="BuiltIn">
<arg>${SHOULD_TIMEOUT}</arg>
<doc>Pauses the test executed for the given time.</doc>
<status status="NOT RUN" starttime="20230802 08:20:27.125" endtime="20230802 08:20:27.125"/>
</kw>
<status status="NOT RUN" starttime="20230802 08:20:27.125" endtime="20230802 08:20:27.125"/>
</branch>
<status status="PASS" starttime="20230802 08:20:27.125" endtime="20230802 08:20:27.125"/>
</if>
<status status="PASS" starttime="20230802 08:20:27.095" endtime="20230802 08:20:27.125"/>
</kw>
<kw name="Scroll By" library="Browser">
<arg>${None}</arg>
<tag>PageContent</tag>
<tag>Setter</tag>
<doc>Scrolls an element or the page relative from current position by the given values.</doc>
<status status="PASS" starttime="20230802 08:20:27.125" endtime="20230802 08:20:27.196"/>
</kw>
<status status="PASS" starttime="20230802 08:20:26.848" endtime="20230802 08:20:27.196"/>
</kw>
<kw name="User look message &quot;Thành công&quot; popup" library="common" sourcename="User look message &quot;${message}&quot; popup">
<kw name="Get Regexp Matches" library="String">
<var>${contains}</var>
<arg>${message}</arg>
<arg>_@(.+)@_</arg>
<arg>1</arg>
<doc>Returns a list of all non-overlapping matches in the given string.</doc>
<msg timestamp="20230802 08:20:27.211" level="INFO">${contains} = []</msg>
<status status="PASS" starttime="20230802 08:20:27.211" endtime="20230802 08:20:27.211"/>
</kw>
<kw name="Get Length" library="BuiltIn">
<var>${cnt}</var>
<arg>${contains}</arg>
<doc>Returns and logs the length of the given item as an integer.</doc>
<msg timestamp="20230802 08:20:27.211" level="INFO">Length is 0</msg>
<msg timestamp="20230802 08:20:27.211" level="INFO">${cnt} = 0</msg>
<status status="PASS" starttime="20230802 08:20:27.211" endtime="20230802 08:20:27.211"/>
</kw>
<if>
<branch type="IF" condition="${cnt} &gt; 0">
<kw name="Replace String" library="String">
<var>${message}</var>
<arg>${message}</arg>
<arg>_@${contains[0]}@_</arg>
<arg>${STATE["${contains[0]}"]}</arg>
<doc>Replaces ``search_for`` in the given ``string`` with ``replace_with``.</doc>
<status status="NOT RUN" starttime="20230802 08:20:27.211" endtime="20230802 08:20:27.211"/>
</kw>
<status status="NOT RUN" starttime="20230802 08:20:27.211" endtime="20230802 08:20:27.211"/>
</branch>
<status status="PASS" starttime="20230802 08:20:27.211" endtime="20230802 08:20:27.211"/>
</if>
<kw name="Element Text Should Be" library="common">
<arg>id=swal2-html-container</arg>
<arg>${message}</arg>
<kw name="Get Text" library="Browser">
<arg>${locator}</arg>
<arg>equal</arg>
<arg>${expected}</arg>
<arg>${message}</arg>
<tag>Assertion</tag>
<tag>Getter</tag>
<tag>PageContent</tag>
<doc>Returns text attribute of the element found by ``selector``.</doc>
<msg timestamp="20230802 08:20:29.528" level="INFO">Text: 'Thành công'</msg>
<status status="PASS" starttime="20230802 08:20:27.211" endtime="20230802 08:20:29.528"/>
</kw>
<status status="PASS" starttime="20230802 08:20:27.211" endtime="20230802 08:20:29.528"/>
</kw>
<kw name="Set Variable" library="BuiltIn">
<var>${element}</var>
<arg>xpath=//*[contains(@class, "swal2-confirm")]</arg>
<doc>Returns the given values which can then be assigned to a variables.</doc>
<msg timestamp="20230802 08:20:29.528" level="INFO">${element} = xpath=//*[contains(@class, "swal2-confirm")]</msg>
<status status="PASS" starttime="20230802 08:20:29.528" endtime="20230802 08:20:29.528"/>
</kw>
<kw name="Run Keyword And Return Status" library="BuiltIn">
<var>${passed}</var>
<arg>Element Should Be Visible</arg>
<arg>${element}</arg>
<doc>Runs the given keyword with given arguments and returns the status as a Boolean value.</doc>
<kw name="Element Should Be Visible" library="common">
<arg>${element}</arg>
<kw name="Wait For Elements State" library="Browser">
<arg>${locator}</arg>
<arg>visible</arg>
<arg>${timeout}</arg>
<arg>${message}</arg>
<tag>PageContent</tag>
<tag>Wait</tag>
<doc>Waits for the element found by ``selector`` to satisfy state option.</doc>
<msg timestamp="20230802 08:20:30.398" level="INFO" html="true">&lt;/td&gt;&lt;/tr&gt;&lt;tr&gt;&lt;td colspan="3"&gt;&lt;a href="browser/screenshot/fail-screenshot-1.png" target="_blank"&gt;&lt;img src="browser/screenshot/fail-screenshot-1.png" width="800px"/&gt;&lt;/a&gt;</msg>
<msg timestamp="20230802 08:20:30.399" level="INFO">See also file:///C:/Users/nhats/OneDrive/Desktop/ARI/vite-react-ari/playwright-log.txt for additional details.</msg>
<msg timestamp="20230802 08:20:30.399" level="FAIL">TimeoutError: locator.waitFor: Timeout 100ms exceeded.
=========================== logs ===========================
waiting for locator('xpath=//*[contains(@class, "swal2-confirm")]') to be visible
  locator resolved to hidden &lt;button type="button" aria-label="" class="swal2-confirm…&gt;OK&lt;/button&gt;
  locator resolved to hidden &lt;button type="button" aria-label="" class="swal2-confirm…&gt;OK&lt;/button&gt;
============================================================
Tip: Use "Set Browser Timeout" for increasing the timeout or double check your locator as the targeted element(s) couldn't be found.</msg>
<status status="FAIL" starttime="20230802 08:20:29.543" endtime="20230802 08:20:30.630"/>
</kw>
<status status="FAIL" starttime="20230802 08:20:29.543" endtime="20230802 08:20:30.630"/>
</kw>
<msg timestamp="20230802 08:20:30.630" level="INFO">${passed} = False</msg>
<status status="PASS" starttime="20230802 08:20:29.543" endtime="20230802 08:20:30.630"/>
</kw>
<if>
<branch type="IF" condition="'${passed}' == 'True'">
<kw name="Click" library="Browser">
<arg>${element}</arg>
<tag>PageContent</tag>
<tag>Setter</tag>
<doc>Simulates mouse click on the element found by ``selector``.</doc>
<status status="NOT RUN" starttime="20230802 08:20:30.630" endtime="20230802 08:20:30.630"/>
</kw>
<status status="NOT RUN" starttime="20230802 08:20:30.630" endtime="20230802 08:20:30.630"/>
</branch>
<status status="PASS" starttime="20230802 08:20:30.630" endtime="20230802 08:20:30.630"/>
</if>
<kw name="Wait Until Element Is Not Exist" library="common">
<arg>${element}</arg>
<kw name="Wait For Elements State" library="Browser">
<arg>${locator}</arg>
<arg>detached</arg>
<arg>${timeout}</arg>
<arg>${message}</arg>
<tag>PageContent</tag>
<tag>Wait</tag>
<doc>Waits for the element found by ``selector`` to satisfy state option.</doc>
<msg timestamp="20230802 08:20:32.426" level="INFO">Waited for Element with selector xpath=//*[contains(@class, "swal2-confirm")] at state detached</msg>
<status status="PASS" starttime="20230802 08:20:30.646" endtime="20230802 08:20:32.426"/>
</kw>
<status status="PASS" starttime="20230802 08:20:30.630" endtime="20230802 08:20:32.426"/>
</kw>
<status status="PASS" starttime="20230802 08:20:27.211" endtime="20230802 08:20:32.427"/>
</kw>
<status status="PASS" starttime="20230802 08:20:24.505" endtime="20230802 08:20:32.427"/>
</kw>
<kw name="When Click &quot;Thiết lập&quot; menu" library="common" sourcename="Click &quot;${text}&quot; menu">
<kw name="Click" library="Browser">
<arg>xpath=//li[span[contains(text(), "${text}")]]</arg>
<tag>PageContent</tag>
<tag>Setter</tag>
<doc>Simulates mouse click on the element found by ``selector``.</doc>
<status status="PASS" starttime="20230802 08:20:32.442" endtime="20230802 08:20:32.607"/>
</kw>
<kw name="Wait Until Element Spin" library="common">
<kw name="Set Variable" library="BuiltIn">
<var>${element}</var>
<arg>xpath=//*[contains(@class, "ant-spin-spinning")]</arg>
<doc>Returns the given values which can then be assigned to a variables.</doc>
<msg timestamp="20230802 08:20:32.622" level="INFO">${element} = xpath=//*[contains(@class, "ant-spin-spinning")]</msg>
<status status="PASS" starttime="20230802 08:20:32.622" endtime="20230802 08:20:32.623"/>
</kw>
<kw name="Get Element Count" library="Browser">
<var>${count}</var>
<arg>${element}</arg>
<tag>Assertion</tag>
<tag>Getter</tag>
<tag>PageContent</tag>
<doc>Returns the count of elements found with ``selector``.</doc>
<msg timestamp="20230802 08:20:32.636" level="INFO">${count} = 0</msg>
<status status="PASS" starttime="20230802 08:20:32.623" endtime="20230802 08:20:32.636"/>
</kw>
<if>
<branch type="IF" condition="${count} &gt; 0">
<kw name="Wait Until Element Is Not Exist" library="common">
<arg>${element}</arg>
<status status="NOT RUN" starttime="20230802 08:20:32.637" endtime="20230802 08:20:32.638"/>
</kw>
<status status="NOT RUN" starttime="20230802 08:20:32.636" endtime="20230802 08:20:32.638"/>
</branch>
<status status="PASS" starttime="20230802 08:20:32.636" endtime="20230802 08:20:32.638"/>
</if>
<status status="PASS" starttime="20230802 08:20:32.621" endtime="20230802 08:20:32.639"/>
</kw>
<status status="PASS" starttime="20230802 08:20:32.441" endtime="20230802 08:20:32.639"/>
</kw>
<kw name="And Click &quot;Nhóm&quot; sub menu to &quot;vn/team&quot;" library="common" sourcename="Click &quot;${text}&quot; sub menu to &quot;${url}&quot;">
<kw name="Wait Until Element Spin" library="common">
<kw name="Set Variable" library="BuiltIn">
<var>${element}</var>
<arg>xpath=//*[contains(@class, "ant-spin-spinning")]</arg>
<doc>Returns the given values which can then be assigned to a variables.</doc>
<msg timestamp="20230802 08:20:32.647" level="INFO">${element} = xpath=//*[contains(@class, "ant-spin-spinning")]</msg>
<status status="PASS" starttime="20230802 08:20:32.647" endtime="20230802 08:20:32.647"/>
</kw>
<kw name="Get Element Count" library="Browser">
<var>${count}</var>
<arg>${element}</arg>
<tag>Assertion</tag>
<tag>Getter</tag>
<tag>PageContent</tag>
<doc>Returns the count of elements found with ``selector``.</doc>
<msg timestamp="20230802 08:20:32.657" level="INFO">${count} = 0</msg>
<status status="PASS" starttime="20230802 08:20:32.647" endtime="20230802 08:20:32.657"/>
</kw>
<if>
<branch type="IF" condition="${count} &gt; 0">
<kw name="Wait Until Element Is Not Exist" library="common">
<arg>${element}</arg>
<status status="NOT RUN" starttime="20230802 08:20:32.657" endtime="20230802 08:20:32.657"/>
</kw>
<status status="NOT RUN" starttime="20230802 08:20:32.657" endtime="20230802 08:20:32.657"/>
</branch>
<status status="PASS" starttime="20230802 08:20:32.657" endtime="20230802 08:20:32.657"/>
</if>
<status status="PASS" starttime="20230802 08:20:32.647" endtime="20230802 08:20:32.657"/>
</kw>
<kw name="Click" library="Browser">
<arg>xpath=//a[contains(@class, "sub-menu") and descendant::span[contains(text(), "${text}")]]</arg>
<tag>PageContent</tag>
<tag>Setter</tag>
<doc>Simulates mouse click on the element found by ``selector``.</doc>
<status status="PASS" starttime="20230802 08:20:32.671" endtime="20230802 08:20:32.923"/>
</kw>
<kw name="Get Url" library="Browser">
<var>${curent_url}</var>
<tag>Assertion</tag>
<tag>Getter</tag>
<tag>PageContent</tag>
<doc>Returns the current URL.</doc>
<msg timestamp="20230802 08:20:32.930" level="INFO">${curent_url} = http://v2.ari.com.vn/vn/team</msg>
<status status="PASS" starttime="20230802 08:20:32.924" endtime="20230802 08:20:32.930"/>
</kw>
<kw name="Should Contain" library="BuiltIn">
<arg>${curent_url}</arg>
<arg>${URL_DEFAULT}${url}</arg>
<doc>Fails if ``container`` does not contain ``item`` one or more times.</doc>
<status status="PASS" starttime="20230802 08:20:32.930" endtime="20230802 08:20:32.930"/>
</kw>
<status status="PASS" starttime="20230802 08:20:32.647" endtime="20230802 08:20:32.930"/>
</kw>
<kw name="Then Show list of &quot;teams&quot;" library="common" sourcename="Show list of &quot;${name}&quot;">
<kw name="Wait Until Element Spin" library="common">
<kw name="Set Variable" library="BuiltIn">
<var>${element}</var>
<arg>xpath=//*[contains(@class, "ant-spin-spinning")]</arg>
<doc>Returns the given values which can then be assigned to a variables.</doc>
<msg timestamp="20230802 08:20:32.940" level="INFO">${element} = xpath=//*[contains(@class, "ant-spin-spinning")]</msg>
<status status="PASS" starttime="20230802 08:20:32.940" endtime="20230802 08:20:32.940"/>
</kw>
<kw name="Get Element Count" library="Browser">
<var>${count}</var>
<arg>${element}</arg>
<tag>Assertion</tag>
<tag>Getter</tag>
<tag>PageContent</tag>
<doc>Returns the count of elements found with ``selector``.</doc>
<msg timestamp="20230802 08:20:33.137" level="INFO">${count} = 0</msg>
<status status="PASS" starttime="20230802 08:20:32.940" endtime="20230802 08:20:33.137"/>
</kw>
<if>
<branch type="IF" condition="${count} &gt; 0">
<kw name="Wait Until Element Is Not Exist" library="common">
<arg>${element}</arg>
<status status="NOT RUN" starttime="20230802 08:20:33.142" endtime="20230802 08:20:33.142"/>
</kw>
<status status="NOT RUN" starttime="20230802 08:20:33.141" endtime="20230802 08:20:33.142"/>
</branch>
<status status="PASS" starttime="20230802 08:20:33.141" endtime="20230802 08:20:33.143"/>
</if>
<status status="PASS" starttime="20230802 08:20:32.940" endtime="20230802 08:20:33.143"/>
</kw>
<kw name="Wait Until Element Spin" library="common">
<kw name="Set Variable" library="BuiltIn">
<var>${element}</var>
<arg>xpath=//*[contains(@class, "ant-spin-spinning")]</arg>
<doc>Returns the given values which can then be assigned to a variables.</doc>
<msg timestamp="20230802 08:20:33.145" level="INFO">${element} = xpath=//*[contains(@class, "ant-spin-spinning")]</msg>
<status status="PASS" starttime="20230802 08:20:33.144" endtime="20230802 08:20:33.145"/>
</kw>
<kw name="Get Element Count" library="Browser">
<var>${count}</var>
<arg>${element}</arg>
<tag>Assertion</tag>
<tag>Getter</tag>
<tag>PageContent</tag>
<doc>Returns the count of elements found with ``selector``.</doc>
<msg timestamp="20230802 08:20:33.208" level="INFO">${count} = 1</msg>
<status status="PASS" starttime="20230802 08:20:33.145" endtime="20230802 08:20:33.209"/>
</kw>
<if>
<branch type="IF" condition="${count} &gt; 0">
<kw name="Wait Until Element Is Not Exist" library="common">
<arg>${element}</arg>
<kw name="Wait For Elements State" library="Browser">
<arg>${locator}</arg>
<arg>detached</arg>
<arg>${timeout}</arg>
<arg>${message}</arg>
<tag>PageContent</tag>
<tag>Wait</tag>
<doc>Waits for the element found by ``selector`` to satisfy state option.</doc>
<msg timestamp="20230802 08:20:34.634" level="INFO">Waited for Element with selector xpath=//*[contains(@class, "ant-spin-spinning")] at state detached</msg>
<status status="PASS" starttime="20230802 08:20:33.213" endtime="20230802 08:20:34.634"/>
</kw>
<status status="PASS" starttime="20230802 08:20:33.210" endtime="20230802 08:20:34.634"/>
</kw>
<status status="PASS" starttime="20230802 08:20:33.209" endtime="20230802 08:20:34.634"/>
</branch>
<status status="PASS" starttime="20230802 08:20:33.209" endtime="20230802 08:20:34.634"/>
</if>
<status status="PASS" starttime="20230802 08:20:33.143" endtime="20230802 08:20:34.634"/>
</kw>
<kw name="Get Elements" library="Browser">
<var>${elements}</var>
<arg>xpath=//*[contains(@class, "ant-table-row")]</arg>
<tag>Getter</tag>
<tag>PageContent</tag>
<doc>Returns a reference to Playwright [https://playwright.dev/docs/api/class-locator|Locator]
for all matched elements by ``selector``.</doc>
<msg timestamp="20230802 08:20:34.649" level="INFO">Found 2 Locators successfully.</msg>
<msg timestamp="20230802 08:20:34.649" level="INFO">${elements} = ['element=18035e61-8c1e-43aa-867a-03e45e3865c2', 'element=1ae72e94-a54d-42db-8dba-f7395a3e6d23']</msg>
<status status="PASS" starttime="20230802 08:20:34.634" endtime="20230802 08:20:34.649"/>
</kw>
<kw name="Set Variable" library="BuiltIn">
<var>${count}</var>
<arg>2</arg>
<doc>Returns the given values which can then be assigned to a variables.</doc>
<msg timestamp="20230802 08:20:34.649" level="INFO">${count} = 2</msg>
<status status="PASS" starttime="20230802 08:20:34.649" endtime="20230802 08:20:34.649"/>
</kw>
<kw name="Set Variable" library="BuiltIn">
<var>${stt}</var>
<arg>1</arg>
<doc>Returns the given values which can then be assigned to a variables.</doc>
<msg timestamp="20230802 08:20:34.664" level="INFO">${stt} = 1</msg>
<status status="PASS" starttime="20230802 08:20:34.664" endtime="20230802 08:20:34.664"/>
</kw>
<if>
<branch type="IF" condition="'${name}' == 'users'">
<for flavor="IN">
<var>${item}</var>
<value>@{elements}</value>
<iter>
<var name="${item}"/>
<kw name="Get Text" library="Browser">
<var>${fullname}</var>
<arg>//tbody/tr[${count}]/td[1]/div[1]/span[1]</arg>
<tag>Assertion</tag>
<tag>Getter</tag>
<tag>PageContent</tag>
<doc>Returns text attribute of the element found by ``selector``.</doc>
<status status="NOT RUN" starttime="20230802 08:20:34.664" endtime="20230802 08:20:34.664"/>
</kw>
<kw name="Get Text" library="Browser">
<var>${position}</var>
<arg>//tbody/tr[${count}]/td[2]</arg>
<tag>Assertion</tag>
<tag>Getter</tag>
<tag>PageContent</tag>
<doc>Returns text attribute of the element found by ``selector``.</doc>
<status status="NOT RUN" starttime="20230802 08:20:34.664" endtime="20230802 08:20:34.664"/>
</kw>
<kw name="Get Text" library="Browser">
<var>${role}</var>
<arg>//tbody/tr[${count}]/td[3]</arg>
<tag>Assertion</tag>
<tag>Getter</tag>
<tag>PageContent</tag>
<doc>Returns text attribute of the element found by ``selector``.</doc>
<status status="NOT RUN" starttime="20230802 08:20:34.664" endtime="20230802 08:20:34.664"/>
</kw>
<kw name="Get Text" library="Browser">
<var>${manager}</var>
<arg>//tbody/tr[${count}]/td[4]</arg>
<tag>Assertion</tag>
<tag>Getter</tag>
<tag>PageContent</tag>
<doc>Returns text attribute of the element found by ``selector``.</doc>
<status status="NOT RUN" starttime="20230802 08:20:34.664" endtime="20230802 08:20:34.664"/>
</kw>
<kw name="Get Text" library="Browser">
<var>${team}</var>
<arg>//tbody/tr[${count}]/td[5]</arg>
<tag>Assertion</tag>
<tag>Getter</tag>
<tag>PageContent</tag>
<doc>Returns text attribute of the element found by ``selector``.</doc>
<status status="NOT RUN" starttime="20230802 08:20:34.664" endtime="20230802 08:20:34.664"/>
</kw>
<kw name="Get Text" library="Browser">
<var>${Email}</var>
<arg>//tbody/tr[${count}]/td[6]</arg>
<tag>Assertion</tag>
<tag>Getter</tag>
<tag>PageContent</tag>
<doc>Returns text attribute of the element found by ``selector``.</doc>
<status status="NOT RUN" starttime="20230802 08:20:34.664" endtime="20230802 08:20:34.664"/>
</kw>
<kw name="Get Text" library="Browser">
<var>${phone_number}</var>
<arg>//tbody/tr[${count}]/td[7]</arg>
<tag>Assertion</tag>
<tag>Getter</tag>
<tag>PageContent</tag>
<doc>Returns text attribute of the element found by ``selector``.</doc>
<status status="NOT RUN" starttime="20230802 08:20:34.664" endtime="20230802 08:20:34.664"/>
</kw>
<if>
<branch type="IF" condition="'${manager}' == '${EMPTY}'">
<kw name="Set Variable" library="BuiltIn">
<var>${manager}</var>
<arg>Không có quản lý</arg>
<doc>Returns the given values which can then be assigned to a variables.</doc>
<status status="NOT RUN" starttime="20230802 08:20:34.664" endtime="20230802 08:20:34.664"/>
</kw>
<status status="NOT RUN" starttime="20230802 08:20:34.664" endtime="20230802 08:20:34.664"/>
</branch>
<status status="NOT RUN" starttime="20230802 08:20:34.664" endtime="20230802 08:20:34.664"/>
</if>
<if>
<branch type="IF" condition="'${team}' == '${EMPTY}'">
<kw name="Set Variable" library="BuiltIn">
<var>${team}</var>
<arg>Không có nhóm</arg>
<doc>Returns the given values which can then be assigned to a variables.</doc>
<status status="NOT RUN" starttime="20230802 08:20:34.664" endtime="20230802 08:20:34.664"/>
</kw>
<status status="NOT RUN" starttime="20230802 08:20:34.664" endtime="20230802 08:20:34.664"/>
</branch>
<status status="NOT RUN" starttime="20230802 08:20:34.664" endtime="20230802 08:20:34.664"/>
</if>
<kw name="Log To Console" library="BuiltIn">
<arg>${stt}. ${fullname} | ${position} | ${role} | ${manager} | ${team} | ${Email} | ${phone_number} |</arg>
<doc>Logs the given message to the console.</doc>
<status status="NOT RUN" starttime="20230802 08:20:34.664" endtime="20230802 08:20:34.664"/>
</kw>
<kw name="Log To Console" library="BuiltIn">
<arg>========================================================================================================</arg>
<doc>Logs the given message to the console.</doc>
<status status="NOT RUN" starttime="20230802 08:20:34.664" endtime="20230802 08:20:34.664"/>
</kw>
<kw name="Evaluate" library="BuiltIn">
<var>${count}</var>
<arg>${count} + 1</arg>
<doc>Evaluates the given expression in Python and returns the result.</doc>
<status status="NOT RUN" starttime="20230802 08:20:34.664" endtime="20230802 08:20:34.664"/>
</kw>
<kw name="Evaluate" library="BuiltIn">
<var>${stt}</var>
<arg>${stt} + 1</arg>
<doc>Evaluates the given expression in Python and returns the result.</doc>
<status status="NOT RUN" starttime="20230802 08:20:34.664" endtime="20230802 08:20:34.664"/>
</kw>
<status status="NOT RUN" starttime="20230802 08:20:34.664" endtime="20230802 08:20:34.680"/>
</iter>
<status status="NOT RUN" starttime="20230802 08:20:34.664" endtime="20230802 08:20:34.680"/>
</for>
<status status="NOT RUN" starttime="20230802 08:20:34.664" endtime="20230802 08:20:34.680"/>
</branch>
<branch type="ELSE IF" condition="'${name}' == 'teams'">
<for flavor="IN">
<var>${item}</var>
<value>@{elements}</value>
<iter>
<var name="${item}">element=18035e61-8c1e-43aa-867a-03e45e3865c2</var>
<kw name="Get Text" library="Browser">
<var>${team_name}</var>
<arg>//tbody[1]/tr[${count}]/td[1]</arg>
<tag>Assertion</tag>
<tag>Getter</tag>
<tag>PageContent</tag>
<doc>Returns text attribute of the element found by ``selector``.</doc>
<msg timestamp="20230802 08:20:34.708" level="INFO">Text: 'In assumenda ducimus assumenda beatae fa...'</msg>
<msg timestamp="20230802 08:20:34.708" level="INFO">${team_name} = In assumenda ducimus assumenda beatae fa...</msg>
<status status="PASS" starttime="20230802 08:20:34.680" endtime="20230802 08:20:34.708"/>
</kw>
<kw name="Get Text" library="Browser">
<var>${manager}</var>
<arg>//tbody/tr[${count}]/td[2]/div[1]/span[1]</arg>
<tag>Assertion</tag>
<tag>Getter</tag>
<tag>PageContent</tag>
<doc>Returns text attribute of the element found by ``selector``.</doc>
<msg timestamp="20230802 08:20:34.743" level="INFO">Text: 'Hồ Văn Nhật'</msg>
<msg timestamp="20230802 08:20:34.743" level="INFO">${manager} = Hồ Văn Nhật</msg>
<status status="PASS" starttime="20230802 08:20:34.708" endtime="20230802 08:20:34.743"/>
</kw>
<kw name="Log To Console" library="BuiltIn">
<arg>${stt}. ${team_name} || ${manager}</arg>
<doc>Logs the given message to the console.</doc>
<status status="PASS" starttime="20230802 08:20:34.743" endtime="20230802 08:20:34.759"/>
</kw>
<kw name="Log To Console" library="BuiltIn">
<arg>=======================================</arg>
<doc>Logs the given message to the console.</doc>
<status status="PASS" starttime="20230802 08:20:34.759" endtime="20230802 08:20:34.759"/>
</kw>
<kw name="Evaluate" library="BuiltIn">
<var>${count}</var>
<arg>${count} + 1</arg>
<doc>Evaluates the given expression in Python and returns the result.</doc>
<msg timestamp="20230802 08:20:34.759" level="INFO">${count} = 3</msg>
<status status="PASS" starttime="20230802 08:20:34.759" endtime="20230802 08:20:34.759"/>
</kw>
<kw name="Evaluate" library="BuiltIn">
<var>${stt}</var>
<arg>${stt} + 1</arg>
<doc>Evaluates the given expression in Python and returns the result.</doc>
<msg timestamp="20230802 08:20:34.759" level="INFO">${stt} = 2</msg>
<status status="PASS" starttime="20230802 08:20:34.759" endtime="20230802 08:20:34.759"/>
</kw>
<status status="PASS" starttime="20230802 08:20:34.680" endtime="20230802 08:20:34.759"/>
</iter>
<iter>
<var name="${item}">element=1ae72e94-a54d-42db-8dba-f7395a3e6d23</var>
<kw name="Get Text" library="Browser">
<var>${team_name}</var>
<arg>//tbody[1]/tr[${count}]/td[1]</arg>
<tag>Assertion</tag>
<tag>Getter</tag>
<tag>PageContent</tag>
<doc>Returns text attribute of the element found by ``selector``.</doc>
<msg timestamp="20230802 08:20:34.835" level="INFO">Text: 'Nhân viên ARI'</msg>
<msg timestamp="20230802 08:20:34.835" level="INFO">${team_name} = Nhân viên ARI</msg>
<status status="PASS" starttime="20230802 08:20:34.759" endtime="20230802 08:20:34.835"/>
</kw>
<kw name="Get Text" library="Browser">
<var>${manager}</var>
<arg>//tbody/tr[${count}]/td[2]/div[1]/span[1]</arg>
<tag>Assertion</tag>
<tag>Getter</tag>
<tag>PageContent</tag>
<doc>Returns text attribute of the element found by ``selector``.</doc>
<msg timestamp="20230802 08:20:34.875" level="INFO">Text: 'Hồ Văn Nhật'</msg>
<msg timestamp="20230802 08:20:34.876" level="INFO">${manager} = Hồ Văn Nhật</msg>
<status status="PASS" starttime="20230802 08:20:34.836" endtime="20230802 08:20:34.876"/>
</kw>
<kw name="Log To Console" library="BuiltIn">
<arg>${stt}. ${team_name} || ${manager}</arg>
<doc>Logs the given message to the console.</doc>
<status status="PASS" starttime="20230802 08:20:34.877" endtime="20230802 08:20:34.877"/>
</kw>
<kw name="Log To Console" library="BuiltIn">
<arg>=======================================</arg>
<doc>Logs the given message to the console.</doc>
<status status="PASS" starttime="20230802 08:20:34.877" endtime="20230802 08:20:34.877"/>
</kw>
<kw name="Evaluate" library="BuiltIn">
<var>${count}</var>
<arg>${count} + 1</arg>
<doc>Evaluates the given expression in Python and returns the result.</doc>
<msg timestamp="20230802 08:20:34.877" level="INFO">${count} = 4</msg>
<status status="PASS" starttime="20230802 08:20:34.877" endtime="20230802 08:20:34.877"/>
</kw>
<kw name="Evaluate" library="BuiltIn">
<var>${stt}</var>
<arg>${stt} + 1</arg>
<doc>Evaluates the given expression in Python and returns the result.</doc>
<msg timestamp="20230802 08:20:34.877" level="INFO">${stt} = 3</msg>
<status status="PASS" starttime="20230802 08:20:34.877" endtime="20230802 08:20:34.877"/>
</kw>
<status status="PASS" starttime="20230802 08:20:34.759" endtime="20230802 08:20:34.877"/>
</iter>
<status status="PASS" starttime="20230802 08:20:34.680" endtime="20230802 08:20:34.877"/>
</for>
<status status="PASS" starttime="20230802 08:20:34.680" endtime="20230802 08:20:34.877"/>
</branch>
<branch type="ELSE IF" condition="'${name}' == 'codes'">
<for flavor="IN">
<var>${item}</var>
<value>@{elements}</value>
<iter>
<var name="${item}"/>
<kw name="Get Text" library="Browser">
<var>${code}</var>
<arg>//tbody[1]/tr[${count}]/td[1]</arg>
<tag>Assertion</tag>
<tag>Getter</tag>
<tag>PageContent</tag>
<doc>Returns text attribute of the element found by ``selector``.</doc>
<status status="NOT RUN" starttime="20230802 08:20:34.877" endtime="20230802 08:20:34.877"/>
</kw>
<kw name="Get Text" library="Browser">
<var>${name_code}</var>
<arg>//tbody[1]/tr[${count}]/td[2]</arg>
<tag>Assertion</tag>
<tag>Getter</tag>
<tag>PageContent</tag>
<doc>Returns text attribute of the element found by ``selector``.</doc>
<status status="NOT RUN" starttime="20230802 08:20:34.877" endtime="20230802 08:20:34.877"/>
</kw>
<kw name="Get Text" library="Browser">
<var>${Description}</var>
<arg>//tbody[1]/tr[${count}]/td[3]</arg>
<tag>Assertion</tag>
<tag>Getter</tag>
<tag>PageContent</tag>
<doc>Returns text attribute of the element found by ``selector``.</doc>
<status status="NOT RUN" starttime="20230802 08:20:34.877" endtime="20230802 08:20:34.877"/>
</kw>
<kw name="Log To Console" library="BuiltIn">
<arg>${stt}. Mã: ${code} || Tên mã: ${name_code} || Mô tả: ${Description}</arg>
<doc>Logs the given message to the console.</doc>
<status status="NOT RUN" starttime="20230802 08:20:34.877" endtime="20230802 08:20:34.877"/>
</kw>
<kw name="Log To Console" library="BuiltIn">
<arg>===================================================================================</arg>
<doc>Logs the given message to the console.</doc>
<status status="NOT RUN" starttime="20230802 08:20:34.877" endtime="20230802 08:20:34.877"/>
</kw>
<kw name="Evaluate" library="BuiltIn">
<var>${count}</var>
<arg>${count} + 1</arg>
<doc>Evaluates the given expression in Python and returns the result.</doc>
<status status="NOT RUN" starttime="20230802 08:20:34.877" endtime="20230802 08:20:34.877"/>
</kw>
<kw name="Evaluate" library="BuiltIn">
<var>${stt}</var>
<arg>${stt} + 1</arg>
<doc>Evaluates the given expression in Python and returns the result.</doc>
<status status="NOT RUN" starttime="20230802 08:20:34.877" endtime="20230802 08:20:34.877"/>
</kw>
<status status="NOT RUN" starttime="20230802 08:20:34.877" endtime="20230802 08:20:34.877"/>
</iter>
<status status="NOT RUN" starttime="20230802 08:20:34.877" endtime="20230802 08:20:34.877"/>
</for>
<status status="NOT RUN" starttime="20230802 08:20:34.877" endtime="20230802 08:20:34.877"/>
</branch>
<branch type="ELSE IF" condition="'${name}' == 'data'">
<for flavor="IN">
<var>${item}</var>
<value>@{elements}</value>
<iter>
<var name="${item}"/>
<kw name="Get Text" library="Browser">
<var>${name_data}</var>
<arg>//tbody[1]/tr[${count}]/td[1]</arg>
<tag>Assertion</tag>
<tag>Getter</tag>
<tag>PageContent</tag>
<doc>Returns text attribute of the element found by ``selector``.</doc>
<status status="NOT RUN" starttime="20230802 08:20:34.893" endtime="20230802 08:20:34.893"/>
</kw>
<kw name="Get Text" library="Browser">
<var>${order}</var>
<arg>//tbody[1]/tr[${count}]/td[2]</arg>
<tag>Assertion</tag>
<tag>Getter</tag>
<tag>PageContent</tag>
<doc>Returns text attribute of the element found by ``selector``.</doc>
<status status="NOT RUN" starttime="20230802 08:20:34.893" endtime="20230802 08:20:34.895"/>
</kw>
<kw name="Log To Console" library="BuiltIn">
<arg>${stt}. Tên dữ liệu: ${name_data} || Order: ${order}</arg>
<doc>Logs the given message to the console.</doc>
<status status="NOT RUN" starttime="20230802 08:20:34.895" endtime="20230802 08:20:34.896"/>
</kw>
<kw name="Log To Console" library="BuiltIn">
<arg>===================================================================================</arg>
<doc>Logs the given message to the console.</doc>
<status status="NOT RUN" starttime="20230802 08:20:34.896" endtime="20230802 08:20:34.896"/>
</kw>
<kw name="Evaluate" library="BuiltIn">
<var>${count}</var>
<arg>${count} + 1</arg>
<doc>Evaluates the given expression in Python and returns the result.</doc>
<status status="NOT RUN" starttime="20230802 08:20:34.897" endtime="20230802 08:20:34.897"/>
</kw>
<kw name="Evaluate" library="BuiltIn">
<var>${stt}</var>
<arg>${stt} + 1</arg>
<doc>Evaluates the given expression in Python and returns the result.</doc>
<status status="NOT RUN" starttime="20230802 08:20:34.898" endtime="20230802 08:20:34.898"/>
</kw>
<status status="NOT RUN" starttime="20230802 08:20:34.893" endtime="20230802 08:20:34.898"/>
</iter>
<status status="NOT RUN" starttime="20230802 08:20:34.877" endtime="20230802 08:20:34.899"/>
</for>
<status status="NOT RUN" starttime="20230802 08:20:34.877" endtime="20230802 08:20:34.899"/>
</branch>
<branch type="ELSE IF" condition="'${name}' == 'post'">
<for flavor="IN">
<var>${item}</var>
<value>@{elements}</value>
<iter>
<var name="${item}"/>
<kw name="Get Text" library="Browser">
<var>${name_post}</var>
<arg>//tbody[1]/tr[${count}]/td[1]</arg>
<tag>Assertion</tag>
<tag>Getter</tag>
<tag>PageContent</tag>
<doc>Returns text attribute of the element found by ``selector``.</doc>
<status status="NOT RUN" starttime="20230802 08:20:34.900" endtime="20230802 08:20:34.901"/>
</kw>
<kw name="Get Text" library="Browser">
<var>${slug}</var>
<arg>//tbody[1]/tr[${count}]/td[2]</arg>
<tag>Assertion</tag>
<tag>Getter</tag>
<tag>PageContent</tag>
<doc>Returns text attribute of the element found by ``selector``.</doc>
<status status="NOT RUN" starttime="20230802 08:20:34.901" endtime="20230802 08:20:34.902"/>
</kw>
<kw name="Log To Console" library="BuiltIn">
<arg>${stt}. Tên Post: ${name_post} || Slug: ${slug}</arg>
<doc>Logs the given message to the console.</doc>
<status status="NOT RUN" starttime="20230802 08:20:34.902" endtime="20230802 08:20:34.902"/>
</kw>
<kw name="Log To Console" library="BuiltIn">
<arg>===================================================================================</arg>
<doc>Logs the given message to the console.</doc>
<status status="NOT RUN" starttime="20230802 08:20:34.903" endtime="20230802 08:20:34.903"/>
</kw>
<kw name="Evaluate" library="BuiltIn">
<var>${count}</var>
<arg>${count} + 1</arg>
<doc>Evaluates the given expression in Python and returns the result.</doc>
<status status="NOT RUN" starttime="20230802 08:20:34.903" endtime="20230802 08:20:34.904"/>
</kw>
<kw name="Evaluate" library="BuiltIn">
<var>${stt}</var>
<arg>${stt} + 1</arg>
<doc>Evaluates the given expression in Python and returns the result.</doc>
<status status="NOT RUN" starttime="20230802 08:20:34.905" endtime="20230802 08:20:34.905"/>
</kw>
<status status="NOT RUN" starttime="20230802 08:20:34.900" endtime="20230802 08:20:34.906"/>
</iter>
<status status="NOT RUN" starttime="20230802 08:20:34.899" endtime="20230802 08:20:34.907"/>
</for>
<status status="NOT RUN" starttime="20230802 08:20:34.899" endtime="20230802 08:20:34.907"/>
</branch>
<status status="PASS" starttime="20230802 08:20:34.664" endtime="20230802 08:20:34.907"/>
</if>
<kw name="Evaluate" library="BuiltIn">
<var>${total}</var>
<arg>${count} - 2</arg>
<doc>Evaluates the given expression in Python and returns the result.</doc>
<msg timestamp="20230802 08:20:34.909" level="INFO">${total} = 2</msg>
<status status="PASS" starttime="20230802 08:20:34.908" endtime="20230802 08:20:34.909"/>
</kw>
<kw name="Log To Console" library="BuiltIn">
<arg>Tổng số lượng ${name} là: ${total}</arg>
<doc>Logs the given message to the console.</doc>
<status status="PASS" starttime="20230802 08:20:34.909" endtime="20230802 08:20:34.912"/>
</kw>
<status status="PASS" starttime="20230802 08:20:32.940" endtime="20230802 08:20:34.913"/>
</kw>
<kw name="Tear Down" library="common" type="TEARDOWN">
<kw name="Close Browser" library="Browser">
<arg>ALL</arg>
<tag>BrowserControl</tag>
<tag>Setter</tag>
<doc>Closes the current browser.</doc>
<msg timestamp="20230802 08:20:36.363" level="INFO">Closed all browsers</msg>
<status status="PASS" starttime="20230802 08:20:34.915" endtime="20230802 08:20:36.363"/>
</kw>
<status status="PASS" starttime="20230802 08:20:34.914" endtime="20230802 08:20:36.363"/>
</kw>
<status status="PASS" starttime="20230802 08:20:20.444" endtime="20230802 08:20:36.363"/>
</test>
<test id="s1-t2" name="VLOT-18 Verify that Manager can search successfully when entering correct keyword to search box with &quot;Tên nhóm&quot;" line="15">
<kw name="Setup" library="common" type="SETUP">
<kw name="Set Browser Timeout" library="Browser">
<arg>${BROWSER_TIMEOUT}</arg>
<tag>Config</tag>
<tag>Setter</tag>
<doc>Sets the timeout used by most input and getter keywords.</doc>
<status status="PASS" starttime="20230802 08:20:36.407" endtime="20230802 08:20:36.408"/>
</kw>
<kw name="New Browser" library="Browser">
<arg>${BROWSER}</arg>
<arg>headless=${HEADLESS}</arg>
<tag>BrowserControl</tag>
<tag>Setter</tag>
<doc>Create a new playwright Browser with specified options.</doc>
<msg timestamp="20230802 08:20:36.411" level="INFO">{"browser": "chromium", "headless": false, "devtools": false, "handleSIGHUP": true, "handleSIGINT": true, "handleSIGTERM": true, "slowMo": 0.0, "timeout": 30000.0, "deprecated_pos_args": [], "tracesDir": "C:\\Users\\nhats\\OneDrive\\Desktop\\ARI\\vite-react-ari\\browser\\traces\\7819703c-68cd-4681-ad0f-b7251f5e8aa4"}</msg>
<msg timestamp="20230802 08:20:37.770" level="INFO">Successfully created browser with options: {"browser":"chromium","headless":false,"devtools":false,"handleSIGHUP":true,"handleSIGINT":true,"handleSIGTERM":true,"slowMo":0,"timeout":30000,"deprecated_pos_args":[],"tracesDir":"C:\\Users\\nhats\\OneDrive\\Desktop\\ARI\\vite-react-ari\\browser\\traces\\7819703c-68cd-4681-ad0f-b7251f5e8aa4"}</msg>
<status status="PASS" starttime="20230802 08:20:36.409" endtime="20230802 08:20:37.770"/>
</kw>
<kw name="New Page" library="Browser">
<arg>${URL_DEFAULT}</arg>
<tag>BrowserControl</tag>
<tag>Setter</tag>
<doc>Open a new Page.</doc>
<msg timestamp="20230802 08:20:39.740" level="INFO">Successfully initialized new page object and opened url: http://v2.ari.com.vn/</msg>
<msg timestamp="20230802 08:20:39.740" level="INFO">No context was open. New context was automatically opened when this page is created.</msg>
<status status="PASS" starttime="20230802 08:20:37.770" endtime="20230802 08:20:39.740"/>
</kw>
<kw name="Evaluate" library="BuiltIn">
<var>${STATE}</var>
<arg>json.loads('''{}''')</arg>
<arg>json</arg>
<doc>Evaluates the given expression in Python and returns the result.</doc>
<msg timestamp="20230802 08:20:39.742" level="INFO">${STATE} = {}</msg>
<status status="PASS" starttime="20230802 08:20:39.741" endtime="20230802 08:20:39.742"/>
</kw>
<status status="PASS" starttime="20230802 08:20:36.406" endtime="20230802 08:20:39.742"/>
</kw>
<kw name="Login to Manager" library="common">
<kw name="Enter &quot;email&quot; in &quot;Tên đăng nhập&quot; with &quot;manager@gmail.com&quot;" library="common" sourcename="Enter &quot;${type}&quot; in &quot;${name}&quot; with &quot;${text}&quot;">
<kw name="Get Random Text" library="common">
<var>${text}</var>
<arg>${type}</arg>
<arg>${text}</arg>
<kw name="Set Variable" library="BuiltIn">
<var>${symbol}</var>
<arg>_RANDOM_</arg>
<doc>Returns the given values which can then be assigned to a variables.</doc>
<msg timestamp="20230802 08:20:39.746" level="INFO">${symbol} = _RANDOM_</msg>
<status status="PASS" starttime="20230802 08:20:39.746" endtime="20230802 08:20:39.746"/>
</kw>
<kw name="Set Variable" library="BuiltIn">
<var>${new_text}</var>
<doc>Returns the given values which can then be assigned to a variables.</doc>
<msg timestamp="20230802 08:20:39.747" level="INFO">${new_text} = </msg>
<status status="PASS" starttime="20230802 08:20:39.747" endtime="20230802 08:20:39.747"/>
</kw>
<kw name="Get Regexp Matches" library="String">
<var>${containsS}</var>
<arg>${text}</arg>
<arg>_@(.+)@_</arg>
<arg>1</arg>
<doc>Returns a list of all non-overlapping matches in the given string.</doc>
<msg timestamp="20230802 08:20:39.748" level="INFO">${containsS} = []</msg>
<status status="PASS" starttime="20230802 08:20:39.748" endtime="20230802 08:20:39.749"/>
</kw>
<kw name="Get Length" library="BuiltIn">
<var>${cntS}</var>
<arg>${containsS}</arg>
<doc>Returns and logs the length of the given item as an integer.</doc>
<msg timestamp="20230802 08:20:39.750" level="INFO">Length is 0</msg>
<msg timestamp="20230802 08:20:39.750" level="INFO">${cntS} = 0</msg>
<status status="PASS" starttime="20230802 08:20:39.749" endtime="20230802 08:20:39.750"/>
</kw>
<kw name="Get Regexp Matches" library="String">
<var>${contains}</var>
<arg>${text}</arg>
<arg>${symbol}</arg>
<doc>Returns a list of all non-overlapping matches in the given string.</doc>
<msg timestamp="20230802 08:20:39.752" level="INFO">${contains} = []</msg>
<status status="PASS" starttime="20230802 08:20:39.751" endtime="20230802 08:20:39.752"/>
</kw>
<kw name="Get Length" library="BuiltIn">
<var>${cnt}</var>
<arg>${contains}</arg>
<doc>Returns and logs the length of the given item as an integer.</doc>
<msg timestamp="20230802 08:20:39.753" level="INFO">Length is 0</msg>
<msg timestamp="20230802 08:20:39.754" level="INFO">${cnt} = 0</msg>
<status status="PASS" starttime="20230802 08:20:39.753" endtime="20230802 08:20:39.754"/>
</kw>
<if>
<branch type="IF" condition="${cntS} &gt; 0">
<kw name="Set Variable" library="BuiltIn">
<var>${new_text}</var>
<arg>${STATE["${containsS[0]}"]}</arg>
<doc>Returns the given values which can then be assigned to a variables.</doc>
<status status="NOT RUN" starttime="20230802 08:20:39.755" endtime="20230802 08:20:39.756"/>
</kw>
<kw name="Set Variable" library="BuiltIn">
<var>${symbol}</var>
<arg>_@${containsS[0]}@_</arg>
<doc>Returns the given values which can then be assigned to a variables.</doc>
<status status="NOT RUN" starttime="20230802 08:20:39.756" endtime="20230802 08:20:39.756"/>
</kw>
<status status="NOT RUN" starttime="20230802 08:20:39.754" endtime="20230802 08:20:39.757"/>
</branch>
<branch type="ELSE IF" condition="${cnt} &gt; 0 and '${type}' == 'test name'">
<kw name="Sentence" library="FakerLibrary">
<var>${random}</var>
<arg>nb_words=3</arg>
<doc>Generate a sentence.</doc>
<status status="NOT RUN" starttime="20230802 08:20:39.758" endtime="20230802 08:20:39.758"/>
</kw>
<kw name="Split String" library="String">
<var>${words}</var>
<arg>${TEST NAME}</arg>
<arg>${SPACE}</arg>
<doc>Splits the ``string`` using ``separator`` as a delimiter string.</doc>
<status status="NOT RUN" starttime="20230802 08:20:39.758" endtime="20230802 08:20:39.759"/>
</kw>
<kw name="Set Variable" library="BuiltIn">
<var>${new_text}</var>
<arg>${words[0]} ${random}</arg>
<doc>Returns the given values which can then be assigned to a variables.</doc>
<status status="NOT RUN" starttime="20230802 08:20:39.759" endtime="20230802 08:20:39.759"/>
</kw>
<status status="NOT RUN" starttime="20230802 08:20:39.757" endtime="20230802 08:20:39.760"/>
</branch>
<branch type="ELSE IF" condition="${cnt} &gt; 0 and '${type}' == 'number'">
<kw name="Random Int" library="FakerLibrary">
<var>${new_text}</var>
<arg>min=1000000000000</arg>
<arg>max=9999999999999</arg>
<doc>Generate a random integer between two integers ``min`` and ``max`` inclusive
while observing the provided ``step`` value.</doc>
<status status="NOT RUN" starttime="20230802 08:20:39.761" endtime="20230802 08:20:39.761"/>
</kw>
<kw name="Convert To String" library="BuiltIn">
<var>${new_text}</var>
<arg>${new_text}</arg>
<doc>Converts the given item to a Unicode string.</doc>
<status status="NOT RUN" starttime="20230802 08:20:39.761" endtime="20230802 08:20:39.762"/>
</kw>
<status status="NOT RUN" starttime="20230802 08:20:39.760" endtime="20230802 08:20:39.762"/>
</branch>
<branch type="ELSE IF" condition="${cnt} &gt; 0 and '${type}' == 'order number'">
<kw name="Random Int" library="FakerLibrary">
<var>${new_text}</var>
<arg>min=0</arg>
<arg>max=999999999</arg>
<doc>Generate a random integer between two integers ``min`` and ``max`` inclusive
while observing the provided ``step`` value.</doc>
<status status="NOT RUN" starttime="20230802 08:20:39.763" endtime="20230802 08:20:39.763"/>
</kw>
<kw name="Convert To String" library="BuiltIn">
<var>${new_text}</var>
<arg>${new_text}</arg>
<doc>Converts the given item to a Unicode string.</doc>
<status status="NOT RUN" starttime="20230802 08:20:39.764" endtime="20230802 08:20:39.764"/>
</kw>
<status status="NOT RUN" starttime="20230802 08:20:39.762" endtime="20230802 08:20:39.764"/>
</branch>
<branch type="ELSE IF" condition="${cnt} &gt; 0 and '${type}' == 'leave date valid'">
<kw name="Random Int" library="FakerLibrary">
<var>${new_text}</var>
<arg>min=0</arg>
<arg>max=16</arg>
<doc>Generate a random integer between two integers ``min`` and ``max`` inclusive
while observing the provided ``step`` value.</doc>
<status status="NOT RUN" starttime="20230802 08:20:39.765" endtime="20230802 08:20:39.766"/>
</kw>
<kw name="Convert To String" library="BuiltIn">
<var>${new_text}</var>
<arg>${new_text}</arg>
<doc>Converts the given item to a Unicode string.</doc>
<status status="NOT RUN" starttime="20230802 08:20:39.766" endtime="20230802 08:20:39.767"/>
</kw>
<status status="NOT RUN" starttime="20230802 08:20:39.764" endtime="20230802 08:20:39.767"/>
</branch>
<branch type="ELSE IF" condition="${cnt} &gt; 0 and '${type}' == 'leave date invalid'">
<kw name="Random Int" library="FakerLibrary">
<var>${new_text}</var>
<arg>min=17</arg>
<arg>max=99</arg>
<doc>Generate a random integer between two integers ``min`` and ``max`` inclusive
while observing the provided ``step`` value.</doc>
<status status="NOT RUN" starttime="20230802 08:20:39.768" endtime="20230802 08:20:39.768"/>
</kw>
<kw name="Convert To String" library="BuiltIn">
<var>${new_text}</var>
<arg>${new_text}</arg>
<doc>Converts the given item to a Unicode string.</doc>
<status status="NOT RUN" starttime="20230802 08:20:39.769" endtime="20230802 08:20:39.769"/>
</kw>
<status status="NOT RUN" starttime="20230802 08:20:39.767" endtime="20230802 08:20:39.770"/>
</branch>
<branch type="ELSE IF" condition="${cnt} &gt; 0 and '${type}' == 'percentage'">
<kw name="Random Int" library="FakerLibrary">
<var>${new_text}</var>
<arg>max=100</arg>
<doc>Generate a random integer between two integers ``min`` and ``max`` inclusive
while observing the provided ``step`` value.</doc>
<status status="NOT RUN" starttime="20230802 08:20:39.771" endtime="20230802 08:20:39.772"/>
</kw>
<kw name="Convert To String" library="BuiltIn">
<var>${new_text}</var>
<arg>${new_text}</arg>
<doc>Converts the given item to a Unicode string.</doc>
<status status="NOT RUN" starttime="20230802 08:20:39.772" endtime="20230802 08:20:39.772"/>
</kw>
<status status="NOT RUN" starttime="20230802 08:20:39.770" endtime="20230802 08:20:39.773"/>
</branch>
<branch type="ELSE IF" condition="${cnt} &gt; 0 and '${type}' == 'paragraph'">
<kw name="Paragraph" library="FakerLibrary">
<var>${new_text}</var>
<doc>Generate a paragraph.</doc>
<status status="NOT RUN" starttime="20230802 08:20:39.774" endtime="20230802 08:20:39.774"/>
</kw>
<status status="NOT RUN" starttime="20230802 08:20:39.773" endtime="20230802 08:20:39.774"/>
</branch>
<branch type="ELSE IF" condition="${cnt} &gt; 0 and '${type}' == 'email'">
<kw name="Email" library="FakerLibrary">
<var>${new_text}</var>
<status status="NOT RUN" starttime="20230802 08:20:39.776" endtime="20230802 08:20:39.777"/>
</kw>
<status status="NOT RUN" starttime="20230802 08:20:39.775" endtime="20230802 08:20:39.777"/>
</branch>
<branch type="ELSE IF" condition="${cnt} &gt; 0 and '${type}' == 'phone'">
<kw name="Random Int" library="FakerLibrary">
<var>${new_text}</var>
<arg>min=55555555</arg>
<arg>max=999999999999</arg>
<doc>Generate a random integer between two integers ``min`` and ``max`` inclusive
while observing the provided ``step`` value.</doc>
<status status="NOT RUN" starttime="20230802 08:20:39.781" endtime="20230802 08:20:39.782"/>
</kw>
<kw name="Convert To String" library="BuiltIn">
<var>${new_text}</var>
<arg>${new_text}</arg>
<doc>Converts the given item to a Unicode string.</doc>
[...]
</kw>
<status status="PASS" starttime="20230802 08:21:06.329" endtime="20230802 08:21:07.739"/>
</kw>
<status status="PASS" starttime="20230802 08:21:06.329" endtime="20230802 08:21:07.739"/>
</branch>
<status status="PASS" starttime="20230802 08:21:06.328" endtime="20230802 08:21:07.739"/>
</if>
<status status="PASS" starttime="20230802 08:21:06.303" endtime="20230802 08:21:07.739"/>
</kw>
<kw name="Get Random Text" library="common">
<var>${text}</var>
<arg>${type}</arg>
<arg>${text}</arg>
<kw name="Set Variable" library="BuiltIn">
<var>${symbol}</var>
<arg>_RANDOM_</arg>
<doc>Returns the given values which can then be assigned to a variables.</doc>
<msg timestamp="20230802 08:21:07.739" level="INFO">${symbol} = _RANDOM_</msg>
<status status="PASS" starttime="20230802 08:21:07.739" endtime="20230802 08:21:07.739"/>
</kw>
<kw name="Set Variable" library="BuiltIn">
<var>${new_text}</var>
<doc>Returns the given values which can then be assigned to a variables.</doc>
<msg timestamp="20230802 08:21:07.739" level="INFO">${new_text} = </msg>
<status status="PASS" starttime="20230802 08:21:07.739" endtime="20230802 08:21:07.739"/>
</kw>
<kw name="Get Regexp Matches" library="String">
<var>${containsS}</var>
<arg>${text}</arg>
<arg>_@(.+)@_</arg>
<arg>1</arg>
<doc>Returns a list of all non-overlapping matches in the given string.</doc>
<msg timestamp="20230802 08:21:07.739" level="INFO">${containsS} = []</msg>
<status status="PASS" starttime="20230802 08:21:07.739" endtime="20230802 08:21:07.739"/>
</kw>
<kw name="Get Length" library="BuiltIn">
<var>${cntS}</var>
<arg>${containsS}</arg>
<doc>Returns and logs the length of the given item as an integer.</doc>
<msg timestamp="20230802 08:21:07.739" level="INFO">Length is 0</msg>
<msg timestamp="20230802 08:21:07.739" level="INFO">${cntS} = 0</msg>
<status status="PASS" starttime="20230802 08:21:07.739" endtime="20230802 08:21:07.739"/>
</kw>
<kw name="Get Regexp Matches" library="String">
<var>${contains}</var>
<arg>${text}</arg>
<arg>${symbol}</arg>
<doc>Returns a list of all non-overlapping matches in the given string.</doc>
<msg timestamp="20230802 08:21:07.755" level="INFO">${contains} = ['_RANDOM_']</msg>
<status status="PASS" starttime="20230802 08:21:07.739" endtime="20230802 08:21:07.755"/>
</kw>
<kw name="Get Length" library="BuiltIn">
<var>${cnt}</var>
<arg>${contains}</arg>
<doc>Returns and logs the length of the given item as an integer.</doc>
<msg timestamp="20230802 08:21:07.755" level="INFO">Length is 1</msg>
<msg timestamp="20230802 08:21:07.755" level="INFO">${cnt} = 1</msg>
<status status="PASS" starttime="20230802 08:21:07.755" endtime="20230802 08:21:07.755"/>
</kw>
<if>
<branch type="IF" condition="${cntS} &gt; 0">
<kw name="Set Variable" library="BuiltIn">
<var>${new_text}</var>
<arg>${STATE["${containsS[0]}"]}</arg>
<doc>Returns the given values which can then be assigned to a variables.</doc>
<status status="NOT RUN" starttime="20230802 08:21:07.755" endtime="20230802 08:21:07.755"/>
</kw>
<kw name="Set Variable" library="BuiltIn">
<var>${symbol}</var>
<arg>_@${containsS[0]}@_</arg>
<doc>Returns the given values which can then be assigned to a variables.</doc>
<status status="NOT RUN" starttime="20230802 08:21:07.755" endtime="20230802 08:21:07.755"/>
</kw>
<status status="NOT RUN" starttime="20230802 08:21:07.755" endtime="20230802 08:21:07.755"/>
</branch>
<branch type="ELSE IF" condition="${cnt} &gt; 0 and '${type}' == 'test name'">
<kw name="Sentence" library="FakerLibrary">
<var>${random}</var>
<arg>nb_words=3</arg>
<doc>Generate a sentence.</doc>
<status status="NOT RUN" starttime="20230802 08:21:07.755" endtime="20230802 08:21:07.755"/>
</kw>
<kw name="Split String" library="String">
<var>${words}</var>
<arg>${TEST NAME}</arg>
<arg>${SPACE}</arg>
<doc>Splits the ``string`` using ``separator`` as a delimiter string.</doc>
<status status="NOT RUN" starttime="20230802 08:21:07.762" endtime="20230802 08:21:07.762"/>
</kw>
<kw name="Set Variable" library="BuiltIn">
<var>${new_text}</var>
<arg>${words[0]} ${random}</arg>
<doc>Returns the given values which can then be assigned to a variables.</doc>
<status status="NOT RUN" starttime="20230802 08:21:07.762" endtime="20230802 08:21:07.762"/>
</kw>
<status status="NOT RUN" starttime="20230802 08:21:07.755" endtime="20230802 08:21:07.762"/>
</branch>
<branch type="ELSE IF" condition="${cnt} &gt; 0 and '${type}' == 'number'">
<kw name="Random Int" library="FakerLibrary">
<var>${new_text}</var>
<arg>min=1000000000000</arg>
<arg>max=9999999999999</arg>
<doc>Generate a random integer between two integers ``min`` and ``max`` inclusive
while observing the provided ``step`` value.</doc>
<status status="NOT RUN" starttime="20230802 08:21:07.762" endtime="20230802 08:21:07.762"/>
</kw>
<kw name="Convert To String" library="BuiltIn">
<var>${new_text}</var>
<arg>${new_text}</arg>
<doc>Converts the given item to a Unicode string.</doc>
<status status="NOT RUN" starttime="20230802 08:21:07.762" endtime="20230802 08:21:07.762"/>
</kw>
<status status="NOT RUN" starttime="20230802 08:21:07.762" endtime="20230802 08:21:07.762"/>
</branch>
<branch type="ELSE IF" condition="${cnt} &gt; 0 and '${type}' == 'order number'">
<kw name="Random Int" library="FakerLibrary">
<var>${new_text}</var>
<arg>min=0</arg>
<arg>max=999999999</arg>
<doc>Generate a random integer between two integers ``min`` and ``max`` inclusive
while observing the provided ``step`` value.</doc>
<status status="NOT RUN" starttime="20230802 08:21:07.762" endtime="20230802 08:21:07.762"/>
</kw>
<kw name="Convert To String" library="BuiltIn">
<var>${new_text}</var>
<arg>${new_text}</arg>
<doc>Converts the given item to a Unicode string.</doc>
<status status="NOT RUN" starttime="20230802 08:21:07.762" endtime="20230802 08:21:07.762"/>
</kw>
<status status="NOT RUN" starttime="20230802 08:21:07.762" endtime="20230802 08:21:07.762"/>
</branch>
<branch type="ELSE IF" condition="${cnt} &gt; 0 and '${type}' == 'leave date valid'">
<kw name="Random Int" library="FakerLibrary">
<var>${new_text}</var>
<arg>min=0</arg>
<arg>max=16</arg>
<doc>Generate a random integer between two integers ``min`` and ``max`` inclusive
while observing the provided ``step`` value.</doc>
<status status="NOT RUN" starttime="20230802 08:21:07.762" endtime="20230802 08:21:07.762"/>
</kw>
<kw name="Convert To String" library="BuiltIn">
<var>${new_text}</var>
<arg>${new_text}</arg>
<doc>Converts the given item to a Unicode string.</doc>
<status status="NOT RUN" starttime="20230802 08:21:07.762" endtime="20230802 08:21:07.762"/>
</kw>
<status status="NOT RUN" starttime="20230802 08:21:07.762" endtime="20230802 08:21:07.762"/>
</branch>
<branch type="ELSE IF" condition="${cnt} &gt; 0 and '${type}' == 'leave date invalid'">
<kw name="Random Int" library="FakerLibrary">
<var>${new_text}</var>
<arg>min=17</arg>
<arg>max=99</arg>
<doc>Generate a random integer between two integers ``min`` and ``max`` inclusive
while observing the provided ``step`` value.</doc>
<status status="NOT RUN" starttime="20230802 08:21:07.771" endtime="20230802 08:21:07.771"/>
</kw>
<kw name="Convert To String" library="BuiltIn">
<var>${new_text}</var>
<arg>${new_text}</arg>
<doc>Converts the given item to a Unicode string.</doc>
<status status="NOT RUN" starttime="20230802 08:21:07.771" endtime="20230802 08:21:07.771"/>
</kw>
<status status="NOT RUN" starttime="20230802 08:21:07.762" endtime="20230802 08:21:07.771"/>
</branch>
<branch type="ELSE IF" condition="${cnt} &gt; 0 and '${type}' == 'percentage'">
<kw name="Random Int" library="FakerLibrary">
<var>${new_text}</var>
<arg>max=100</arg>
<doc>Generate a random integer between two integers ``min`` and ``max`` inclusive
while observing the provided ``step`` value.</doc>
<status status="NOT RUN" starttime="20230802 08:21:07.771" endtime="20230802 08:21:07.771"/>
</kw>
<kw name="Convert To String" library="BuiltIn">
<var>${new_text}</var>
<arg>${new_text}</arg>
<doc>Converts the given item to a Unicode string.</doc>
<status status="NOT RUN" starttime="20230802 08:21:07.771" endtime="20230802 08:21:07.771"/>
</kw>
<status status="NOT RUN" starttime="20230802 08:21:07.771" endtime="20230802 08:21:07.771"/>
</branch>
<branch type="ELSE IF" condition="${cnt} &gt; 0 and '${type}' == 'paragraph'">
<kw name="Paragraph" library="FakerLibrary">
<var>${new_text}</var>
<doc>Generate a paragraph.</doc>
<status status="NOT RUN" starttime="20230802 08:21:07.771" endtime="20230802 08:21:07.771"/>
</kw>
<status status="NOT RUN" starttime="20230802 08:21:07.771" endtime="20230802 08:21:07.771"/>
</branch>
<branch type="ELSE IF" condition="${cnt} &gt; 0 and '${type}' == 'email'">
<kw name="Email" library="FakerLibrary">
<var>${new_text}</var>
<status status="NOT RUN" starttime="20230802 08:21:07.771" endtime="20230802 08:21:07.771"/>
</kw>
<status status="NOT RUN" starttime="20230802 08:21:07.771" endtime="20230802 08:21:07.771"/>
</branch>
<branch type="ELSE IF" condition="${cnt} &gt; 0 and '${type}' == 'phone'">
<kw name="Random Int" library="FakerLibrary">
<var>${new_text}</var>
<arg>min=55555555</arg>
<arg>max=999999999999</arg>
<doc>Generate a random integer between two integers ``min`` and ``max`` inclusive
while observing the provided ``step`` value.</doc>
<status status="NOT RUN" starttime="20230802 08:21:07.771" endtime="20230802 08:21:07.771"/>
</kw>
<kw name="Convert To String" library="BuiltIn">
<var>${new_text}</var>
<arg>${new_text}</arg>
<doc>Converts the given item to a Unicode string.</doc>
<status status="NOT RUN" starttime="20230802 08:21:07.771" endtime="20230802 08:21:07.771"/>
</kw>
<status status="NOT RUN" starttime="20230802 08:21:07.771" endtime="20230802 08:21:07.771"/>
</branch>
<branch type="ELSE IF" condition="${cnt} &gt; 0 and '${type}' == 'color'">
<kw name="Safe Hex Color" library="FakerLibrary">
<var>${new_text}</var>
<doc>Generate a web-safe color formatted as a hex triplet.</doc>
<status status="NOT RUN" starttime="20230802 08:21:07.771" endtime="20230802 08:21:07.771"/>
</kw>
<status status="NOT RUN" starttime="20230802 08:21:07.771" endtime="20230802 08:21:07.771"/>
</branch>
<branch type="ELSE IF" condition="${cnt} &gt; 0 and '${type}' == 'date'">
<kw name="Date" library="FakerLibrary">
<var>${new_text}</var>
<arg>pattern=%d-%m-%Y</arg>
<doc>Get a date string between January 1, 1970 and now.</doc>
<status status="NOT RUN" starttime="20230802 08:21:07.771" endtime="20230802 08:21:07.771"/>
</kw>
<status status="NOT RUN" starttime="20230802 08:21:07.771" endtime="20230802 08:21:07.771"/>
</branch>
<branch type="ELSE IF" condition="${cnt} &gt; 0 and '${type}' == 'word'">
<kw name="Sentence" library="FakerLibrary">
<var>${new_text}</var>
<arg>nb_words=2</arg>
<doc>Generate a sentence.</doc>
<status status="NOT RUN" starttime="20230802 08:21:07.771" endtime="20230802 08:21:07.771"/>
</kw>
<status status="NOT RUN" starttime="20230802 08:21:07.771" endtime="20230802 08:21:07.771"/>
</branch>
<branch type="ELSE IF" condition="${cnt} &gt; 0">
<kw name="Sentence" library="FakerLibrary">
<var>${new_text}</var>
<doc>Generate a sentence.</doc>
<msg timestamp="20230802 08:21:07.771" level="INFO">${new_text} = Adipisci quibusdam nemo cumque doloribus magni facilis.</msg>
<status status="PASS" starttime="20230802 08:21:07.771" endtime="20230802 08:21:07.771"/>
</kw>
<status status="PASS" starttime="20230802 08:21:07.771" endtime="20230802 08:21:07.771"/>
</branch>
<status status="PASS" starttime="20230802 08:21:07.755" endtime="20230802 08:21:07.771"/>
</if>
<kw name="Get Length" library="BuiltIn">
<var>${cnt}</var>
<arg>${text}</arg>
<doc>Returns and logs the length of the given item as an integer.</doc>
<msg timestamp="20230802 08:21:07.771" level="INFO">Length is 8</msg>
<msg timestamp="20230802 08:21:07.771" level="INFO">${cnt} = 8</msg>
<status status="PASS" starttime="20230802 08:21:07.771" endtime="20230802 08:21:07.771"/>
</kw>
<if>
<branch type="IF" condition="${cnt} &gt; 0">
<kw name="Replace String" library="String">
<var>${text}</var>
<arg>${text}</arg>
<arg>${symbol}</arg>
<arg>${new_text}</arg>
<doc>Replaces ``search_for`` in the given ``string`` with ``replace_with``.</doc>
<msg timestamp="20230802 08:21:07.771" level="INFO">${text} = Adipisci quibusdam nemo cumque doloribus magni facilis.</msg>
<status status="PASS" starttime="20230802 08:21:07.771" endtime="20230802 08:21:07.771"/>
</kw>
<status status="PASS" starttime="20230802 08:21:07.771" endtime="20230802 08:21:07.771"/>
</branch>
<status status="PASS" starttime="20230802 08:21:07.771" endtime="20230802 08:21:07.771"/>
</if>
<msg timestamp="20230802 08:21:07.771" level="INFO">${text} = Adipisci quibusdam nemo cumque doloribus magni facilis.</msg>
<status status="PASS" starttime="20230802 08:21:07.739" endtime="20230802 08:21:07.771"/>
</kw>
<kw name="Set Variable" library="BuiltIn">
<var>${element}</var>
<arg>//input[@placeholder="${name}"]</arg>
<doc>Returns the given values which can then be assigned to a variables.</doc>
<msg timestamp="20230802 08:21:07.771" level="INFO">${element} = //input[@placeholder="Tìm kiếm"]</msg>
<status status="PASS" starttime="20230802 08:21:07.771" endtime="20230802 08:21:07.771"/>
</kw>
<kw name="Clear Text" library="Browser">
<arg>${element}</arg>
<tag>PageContent</tag>
<tag>Setter</tag>
<doc>Clears the text field found by ``selector``.</doc>
<status status="PASS" starttime="20230802 08:21:07.771" endtime="20230802 08:21:07.819"/>
</kw>
<kw name="Fill Text" library="Browser">
<arg>${element}</arg>
<arg>${text}</arg>
<arg>True</arg>
<tag>PageContent</tag>
<tag>Setter</tag>
<doc>Clears and fills the given ``txt`` into the text field found by ``selector``.</doc>
<msg timestamp="20230802 08:21:07.822" level="INFO">Fills the text 'Adipisci quibusdam nemo cumque doloribus magni facilis.' in the given field.</msg>
<status status="PASS" starttime="20230802 08:21:07.820" endtime="20230802 08:21:07.852"/>
</kw>
<kw name="Get Length" library="BuiltIn">
<var>${cnt}</var>
<arg>${text}</arg>
<doc>Returns and logs the length of the given item as an integer.</doc>
<msg timestamp="20230802 08:21:07.855" level="INFO">Length is 55</msg>
<msg timestamp="20230802 08:21:07.855" level="INFO">${cnt} = 55</msg>
<status status="PASS" starttime="20230802 08:21:07.854" endtime="20230802 08:21:07.855"/>
</kw>
<if>
<branch type="IF" condition="${cnt} &gt; 0">
<kw name="Set Global Variable" library="BuiltIn">
<arg>${STATE["${name}"]}</arg>
<arg>${text}</arg>
<doc>Makes a variable available globally in all tests and suites.</doc>
<msg timestamp="20230802 08:21:07.857" level="INFO">${STATE["Tìm kiếm"]} = Adipisci quibusdam nemo cumque doloribus magni facilis.</msg>
<status status="PASS" starttime="20230802 08:21:07.856" endtime="20230802 08:21:07.858"/>
</kw>
<status status="PASS" starttime="20230802 08:21:07.855" endtime="20230802 08:21:07.858"/>
</branch>
<status status="PASS" starttime="20230802 08:21:07.855" endtime="20230802 08:21:07.859"/>
</if>
<kw name="Sleep" library="BuiltIn">
<arg>4</arg>
<doc>Pauses the test executed for the given time.</doc>
<msg timestamp="20230802 08:21:11.859" level="INFO">Slept 4 seconds</msg>
<status status="PASS" starttime="20230802 08:21:07.859" endtime="20230802 08:21:11.859"/>
</kw>
<status status="PASS" starttime="20230802 08:21:06.032" endtime="20230802 08:21:11.859"/>
</kw>
<kw name="Then No team are shown" library="common" sourcename="No ${name} are shown">
<kw name="Wait Until Element Spin" library="common">
<kw name="Set Variable" library="BuiltIn">
<var>${element}</var>
<arg>xpath=//*[contains(@class, "ant-spin-spinning")]</arg>
<doc>Returns the given values which can then be assigned to a variables.</doc>
<msg timestamp="20230802 08:21:11.859" level="INFO">${element} = xpath=//*[contains(@class, "ant-spin-spinning")]</msg>
<status status="PASS" starttime="20230802 08:21:11.859" endtime="20230802 08:21:11.859"/>
</kw>
<kw name="Get Element Count" library="Browser">
<var>${count}</var>
<arg>${element}</arg>
<tag>Assertion</tag>
<tag>Getter</tag>
<tag>PageContent</tag>
<doc>Returns the count of elements found with ``selector``.</doc>
<msg timestamp="20230802 08:21:11.867" level="INFO">${count} = 0</msg>
<status status="PASS" starttime="20230802 08:21:11.859" endtime="20230802 08:21:11.867"/>
</kw>
<if>
<branch type="IF" condition="${count} &gt; 0">
<kw name="Wait Until Element Is Not Exist" library="common">
<arg>${element}</arg>
<status status="NOT RUN" starttime="20230802 08:21:11.872" endtime="20230802 08:21:11.872"/>
</kw>
<status status="NOT RUN" starttime="20230802 08:21:11.872" endtime="20230802 08:21:11.874"/>
</branch>
<status status="PASS" starttime="20230802 08:21:11.872" endtime="20230802 08:21:11.874"/>
</if>
<status status="PASS" starttime="20230802 08:21:11.859" endtime="20230802 08:21:11.874"/>
</kw>
<kw name="Set Variable" library="BuiltIn">
<var>${element}</var>
<arg>//div[@class="bg-gray-100 text-gray-400 py-4"]</arg>
<doc>Returns the given values which can then be assigned to a variables.</doc>
<msg timestamp="20230802 08:21:11.876" level="INFO">${element} = //div[@class="bg-gray-100 text-gray-400 py-4"]</msg>
<status status="PASS" starttime="20230802 08:21:11.875" endtime="20230802 08:21:11.876"/>
</kw>
<kw name="Wait Until Element Is Visible" library="common">
<arg>${element}</arg>
<kw name="Wait For Elements State" library="Browser">
<arg>${locator}</arg>
<arg>visible</arg>
<arg>${timeout}</arg>
<arg>${message}</arg>
<tag>PageContent</tag>
<tag>Wait</tag>
<doc>Waits for the element found by ``selector`` to satisfy state option.</doc>
<msg timestamp="20230802 08:21:11.896" level="INFO">Waited for Element with selector //div[@class="bg-gray-100 text-gray-400 py-4"] at state visible</msg>
<status status="PASS" starttime="20230802 08:21:11.878" endtime="20230802 08:21:11.897"/>
</kw>
<status status="PASS" starttime="20230802 08:21:11.876" endtime="20230802 08:21:11.897"/>
</kw>
<kw name="Get Text" library="Browser">
<var>${text}</var>
<arg>${element}</arg>
<tag>Assertion</tag>
<tag>Getter</tag>
<tag>PageContent</tag>
<doc>Returns text attribute of the element found by ``selector``.</doc>
<msg timestamp="20230802 08:21:11.931" level="INFO">Text: 'Trống'</msg>
<msg timestamp="20230802 08:21:11.932" level="INFO">${text} = Trống</msg>
<status status="PASS" starttime="20230802 08:21:11.897" endtime="20230802 08:21:11.932"/>
</kw>
<kw name="Run Keyword If" library="BuiltIn">
<arg>'${text}' == 'Trống'</arg>
<arg>Log To Console</arg>
<arg>Không có ${name} nào ứng với từ khóa tìm kiếm</arg>
<doc>Runs the given keyword with the given arguments, if ``condition`` is true.</doc>
<kw name="Log To Console" library="BuiltIn">
<arg>Không có ${name} nào ứng với từ khóa tìm kiếm</arg>
<doc>Logs the given message to the console.</doc>
<status status="PASS" starttime="20230802 08:21:11.933" endtime="20230802 08:21:11.939"/>
</kw>
<status status="PASS" starttime="20230802 08:21:11.932" endtime="20230802 08:21:11.939"/>
</kw>
<status status="PASS" starttime="20230802 08:21:11.859" endtime="20230802 08:21:11.939"/>
</kw>
<kw name="Tear Down" library="common" type="TEARDOWN">
<kw name="Close Browser" library="Browser">
<arg>ALL</arg>
<tag>BrowserControl</tag>
<tag>Setter</tag>
<doc>Closes the current browser.</doc>
<msg timestamp="20230802 08:21:13.611" level="INFO">Closed all browsers</msg>
<status status="PASS" starttime="20230802 08:21:11.941" endtime="20230802 08:21:13.611"/>
</kw>
<status status="PASS" starttime="20230802 08:21:11.940" endtime="20230802 08:21:13.611"/>
</kw>
<status status="PASS" starttime="20230802 08:20:55.202" endtime="20230802 08:21:13.611"/>
</test>
<status status="PASS" starttime="20230802 08:20:15.112" endtime="20230802 08:21:13.627"/>
</suite>
<statistics>
<total>
<stat pass="3" fail="0" skip="0">All Tests</stat>
</total>
<tag>
</tag>
<suite>
<stat pass="3" fail="0" skip="0" id="s1" name="Manager View List Of Team">Manager View List Of Team</stat>
</suite>
</statistics>
<errors>
</errors>
</robot>
