<?xml version="1.0" encoding="UTF-8"?>
<robot generator="Robot 6.1 (Python 3.11.4 on win32)" generated="20230722 15:21:15.101" rpa="false" schemaversion="4">
<suite id="s1" name="Test" source="C:\Users\nhats\OneDrive\Desktop\ARI\vite-react-ari\test\testcases\test.robot">
<test id="s1-t1" name="EDT-03 Verify that edit team unsuccessfull because no enter &quot;Quản lý&quot; field" line="9">
<kw name="Setup" library="common" type="SETUP">
<kw name="Set Browser Timeout" library="Browser">
<arg>${BROWSER_TIMEOUT}</arg>
<tag>Config</tag>
<tag>Setter</tag>
<doc>Sets the timeout used by most input and getter keywords.</doc>
<status status="PASS" starttime="20230722 15:21:19.336" endtime="20230722 15:21:19.363"/>
</kw>
<kw name="New Browser" library="Browser">
<arg>${BROWSER}</arg>
<arg>headless=${HEADLESS}</arg>
<tag>BrowserControl</tag>
<tag>Setter</tag>
<doc>Create a new playwright Browser with specified options.</doc>
<msg timestamp="20230722 15:21:19.367" level="INFO">{"browser": "chromium", "headless": false, "devtools": false, "handleSIGHUP": true, "handleSIGINT": true, "handleSIGTERM": true, "slowMo": 0.0, "timeout": 30000.0, "deprecated_pos_args": [], "tracesDir": "C:\\Users\\nhats\\OneDrive\\Desktop\\ARI\\vite-react-ari\\browser\\traces\\89da80c2-8a65-4f27-be3e-b78f38d88c73"}</msg>
<msg timestamp="20230722 15:21:21.752" level="INFO">Successfully created browser with options: {"browser":"chromium","headless":false,"devtools":false,"handleSIGHUP":true,"handleSIGINT":true,"handleSIGTERM":true,"slowMo":0,"timeout":30000,"deprecated_pos_args":[],"tracesDir":"C:\\Users\\nhats\\OneDrive\\Desktop\\ARI\\vite-react-ari\\browser\\traces\\89da80c2-8a65-4f27-be3e-b78f38d88c73"}</msg>
<status status="PASS" starttime="20230722 15:21:19.364" endtime="20230722 15:21:21.752"/>
</kw>
<kw name="New Page" library="Browser">
<arg>${URL_DEFAULT}</arg>
<tag>BrowserControl</tag>
<tag>Setter</tag>
<doc>Open a new Page.</doc>
<msg timestamp="20230722 15:21:24.515" level="INFO">Successfully initialized new page object and opened url: http://v2.ari.com.vn/</msg>
<msg timestamp="20230722 15:21:24.515" level="INFO">No context was open. New context was automatically opened when this page is created.</msg>
<status status="PASS" starttime="20230722 15:21:21.752" endtime="20230722 15:21:24.516"/>
</kw>
<kw name="Evaluate" library="BuiltIn">
<var>${STATE}</var>
<arg>json.loads('''{}''')</arg>
<arg>json</arg>
<doc>Evaluates the given expression in Python and returns the result.</doc>
<msg timestamp="20230722 15:21:24.518" level="INFO">${STATE} = {}</msg>
<status status="PASS" starttime="20230722 15:21:24.517" endtime="20230722 15:21:24.518"/>
</kw>
<status status="PASS" starttime="20230722 15:21:19.336" endtime="20230722 15:21:24.519"/>
</kw>
<kw name="When Go to page edit team" library="common">
<kw name="Login to admin" library="common">
<kw name="Enter &quot;email&quot; in &quot;Tên đăng nhập&quot; with &quot;admin@admin.com&quot;" library="common" sourcename="Enter &quot;${type}&quot; in &quot;${name}&quot; with &quot;${text}&quot;">
<kw name="Get Random Text" library="common">
<var>${text}</var>
<arg>${type}</arg>
<arg>${text}</arg>
<kw name="Set Variable" library="BuiltIn">
<var>${symbol}</var>
<arg>_RANDOM_</arg>
<doc>Returns the given values which can then be assigned to a variables.</doc>
<msg timestamp="20230722 15:21:24.532" level="INFO">${symbol} = _RANDOM_</msg>
<status status="PASS" starttime="20230722 15:21:24.532" endtime="20230722 15:21:24.532"/>
</kw>
<kw name="Set Variable" library="BuiltIn">
<var>${new_text}</var>
<doc>Returns the given values which can then be assigned to a variables.</doc>
<msg timestamp="20230722 15:21:24.532" level="INFO">${new_text} = </msg>
<status status="PASS" starttime="20230722 15:21:24.532" endtime="20230722 15:21:24.532"/>
</kw>
<kw name="Get Regexp Matches" library="String">
<var>${containsS}</var>
<arg>${text}</arg>
<arg>_@(.+)@_</arg>
<arg>1</arg>
<doc>Returns a list of all non-overlapping matches in the given string.</doc>
<msg timestamp="20230722 15:21:24.532" level="INFO">${containsS} = []</msg>
<status status="PASS" starttime="20230722 15:21:24.532" endtime="20230722 15:21:24.532"/>
</kw>
<kw name="Get Length" library="BuiltIn">
<var>${cntS}</var>
<arg>${containsS}</arg>
<doc>Returns and logs the length of the given item as an integer.</doc>
<msg timestamp="20230722 15:21:24.532" level="INFO">Length is 0</msg>
<msg timestamp="20230722 15:21:24.532" level="INFO">${cntS} = 0</msg>
<status status="PASS" starttime="20230722 15:21:24.532" endtime="20230722 15:21:24.532"/>
</kw>
<kw name="Get Regexp Matches" library="String">
<var>${contains}</var>
<arg>${text}</arg>
<arg>${symbol}</arg>
<doc>Returns a list of all non-overlapping matches in the given string.</doc>
<msg timestamp="20230722 15:21:24.539" level="INFO">${contains} = []</msg>
<status status="PASS" starttime="20230722 15:21:24.532" endtime="20230722 15:21:24.540"/>
</kw>
<kw name="Get Length" library="BuiltIn">
<var>${cnt}</var>
<arg>${contains}</arg>
<doc>Returns and logs the length of the given item as an integer.</doc>
<msg timestamp="20230722 15:21:24.541" level="INFO">Length is 0</msg>
<msg timestamp="20230722 15:21:24.542" level="INFO">${cnt} = 0</msg>
<status status="PASS" starttime="20230722 15:21:24.540" endtime="20230722 15:21:24.542"/>
</kw>
<if>
<branch type="IF" condition="${cntS} &gt; 0">
<kw name="Set Variable" library="BuiltIn">
<var>${new_text}</var>
<arg>${STATE["${containsS[0]}"]}</arg>
<doc>Returns the given values which can then be assigned to a variables.</doc>
<status status="NOT RUN" starttime="20230722 15:21:24.546" endtime="20230722 15:21:24.546"/>
</kw>
<kw name="Set Variable" library="BuiltIn">
<var>${symbol}</var>
<arg>_@${containsS[0]}@_</arg>
<doc>Returns the given values which can then be assigned to a variables.</doc>
<status status="NOT RUN" starttime="20230722 15:21:24.547" endtime="20230722 15:21:24.548"/>
</kw>
<status status="NOT RUN" starttime="20230722 15:21:24.544" endtime="20230722 15:21:24.548"/>
</branch>
<branch type="ELSE IF" condition="${cnt} &gt; 0 and '${type}' == 'test name'">
<kw name="Sentence" library="FakerLibrary">
<var>${random}</var>
<arg>nb_words=3</arg>
<doc>Generate a sentence.</doc>
<status status="NOT RUN" starttime="20230722 15:21:24.550" endtime="20230722 15:21:24.550"/>
</kw>
<kw name="Split String" library="String">
<var>${words}</var>
<arg>${TEST NAME}</arg>
<arg>${SPACE}</arg>
<doc>Splits the ``string`` using ``separator`` as a delimiter string.</doc>
<status status="NOT RUN" starttime="20230722 15:21:24.551" endtime="20230722 15:21:24.555"/>
</kw>
<kw name="Set Variable" library="BuiltIn">
<var>${new_text}</var>
<arg>${words[0]} ${random}</arg>
<doc>Returns the given values which can then be assigned to a variables.</doc>
<status status="NOT RUN" starttime="20230722 15:21:24.555" endtime="20230722 15:21:24.556"/>
</kw>
<status status="NOT RUN" starttime="20230722 15:21:24.548" endtime="20230722 15:21:24.556"/>
</branch>
<branch type="ELSE IF" condition="${cnt} &gt; 0 and '${type}' == 'number'">
<kw name="Random Int" library="FakerLibrary">
<var>${new_text}</var>
<arg>min=1000000000000</arg>
<arg>max=9999999999999</arg>
<doc>Generate a random integer between two integers ``min`` and ``max`` inclusive
while observing the provided ``step`` value.</doc>
<status status="NOT RUN" starttime="20230722 15:21:24.557" endtime="20230722 15:21:24.557"/>
</kw>
<kw name="Convert To String" library="BuiltIn">
<var>${new_text}</var>
<arg>${new_text}</arg>
<doc>Converts the given item to a Unicode string.</doc>
<status status="NOT RUN" starttime="20230722 15:21:24.558" endtime="20230722 15:21:24.558"/>
</kw>
<status status="NOT RUN" starttime="20230722 15:21:24.556" endtime="20230722 15:21:24.567"/>
</branch>
<branch type="ELSE IF" condition="${cnt} &gt; 0 and '${type}' == 'leave date'">
<kw name="Random Int" library="FakerLibrary">
<var>${new_text}</var>
<arg>min=0</arg>
<arg>max=16</arg>
<doc>Generate a random integer between two integers ``min`` and ``max`` inclusive
while observing the provided ``step`` value.</doc>
<status status="NOT RUN" starttime="20230722 15:21:24.571" endtime="20230722 15:21:24.572"/>
</kw>
<kw name="Convert To String" library="BuiltIn">
<var>${new_text}</var>
<arg>${new_text}</arg>
<doc>Converts the given item to a Unicode string.</doc>
<status status="NOT RUN" starttime="20230722 15:21:24.574" endtime="20230722 15:21:24.574"/>
</kw>
<status status="NOT RUN" starttime="20230722 15:21:24.568" endtime="20230722 15:21:24.575"/>
</branch>
<branch type="ELSE IF" condition="${cnt} &gt; 0 and '${type}' == 'percentage'">
<kw name="Random Int" library="FakerLibrary">
<var>${new_text}</var>
<arg>max=100</arg>
<doc>Generate a random integer between two integers ``min`` and ``max`` inclusive
while observing the provided ``step`` value.</doc>
<status status="NOT RUN" starttime="20230722 15:21:24.586" endtime="20230722 15:21:24.586"/>
</kw>
<kw name="Convert To String" library="BuiltIn">
<var>${new_text}</var>
<arg>${new_text}</arg>
<doc>Converts the given item to a Unicode string.</doc>
<status status="NOT RUN" starttime="20230722 15:21:24.587" endtime="20230722 15:21:24.587"/>
</kw>
<status status="NOT RUN" starttime="20230722 15:21:24.575" endtime="20230722 15:21:24.587"/>
</branch>
<branch type="ELSE IF" condition="${cnt} &gt; 0 and '${type}' == 'paragraph'">
<kw name="Paragraph" library="FakerLibrary">
<var>${new_text}</var>
<doc>Generate a paragraph.</doc>
<status status="NOT RUN" starttime="20230722 15:21:24.587" endtime="20230722 15:21:24.590"/>
</kw>
<status status="NOT RUN" starttime="20230722 15:21:24.587" endtime="20230722 15:21:24.590"/>
</branch>
<branch type="ELSE IF" condition="${cnt} &gt; 0 and '${type}' == 'email'">
<kw name="Email" library="FakerLibrary">
<var>${new_text}</var>
<status status="NOT RUN" starttime="20230722 15:21:24.591" endtime="20230722 15:21:24.599"/>
</kw>
<status status="NOT RUN" starttime="20230722 15:21:24.590" endtime="20230722 15:21:24.600"/>
</branch>
<branch type="ELSE IF" condition="${cnt} &gt; 0 and '${type}' == 'phone'">
<kw name="Random Int" library="FakerLibrary">
<var>${new_text}</var>
<arg>min=55555555</arg>
<arg>max=999999999999</arg>
<doc>Generate a random integer between two integers ``min`` and ``max`` inclusive
while observing the provided ``step`` value.</doc>
<status status="NOT RUN" starttime="20230722 15:21:24.602" endtime="20230722 15:21:24.602"/>
</kw>
<kw name="Convert To String" library="BuiltIn">
<var>${new_text}</var>
<arg>${new_text}</arg>
<doc>Converts the given item to a Unicode string.</doc>
<status status="NOT RUN" starttime="20230722 15:21:24.603" endtime="20230722 15:21:24.604"/>
</kw>
<status status="NOT RUN" starttime="20230722 15:21:24.601" endtime="20230722 15:21:24.605"/>
</branch>
<branch type="ELSE IF" condition="${cnt} &gt; 0 and '${type}' == 'color'">
<kw name="Safe Hex Color" library="FakerLibrary">
<var>${new_text}</var>
<doc>Generate a web-safe color formatted as a hex triplet.</doc>
<status status="NOT RUN" starttime="20230722 15:21:24.607" endtime="20230722 15:21:24.607"/>
</kw>
<status status="NOT RUN" starttime="20230722 15:21:24.605" endtime="20230722 15:21:24.607"/>
</branch>
<branch type="ELSE IF" condition="${cnt} &gt; 0 and '${type}' == 'date'">
<kw name="Date" library="FakerLibrary">
<var>${new_text}</var>
<arg>pattern=%d-%m-%Y</arg>
<doc>Get a date string between January 1, 1970 and now.</doc>
<status status="NOT RUN" starttime="20230722 15:21:24.616" endtime="20230722 15:21:24.617"/>
</kw>
<status status="NOT RUN" starttime="20230722 15:21:24.608" endtime="20230722 15:21:24.617"/>
</branch>
<branch type="ELSE IF" condition="${cnt} &gt; 0 and '${type}' == 'word'">
<kw name="Sentence" library="FakerLibrary">
<var>${new_text}</var>
<arg>nb_words=2</arg>
<doc>Generate a sentence.</doc>
<status status="NOT RUN" starttime="20230722 15:21:24.618" endtime="20230722 15:21:24.618"/>
</kw>
<status status="NOT RUN" starttime="20230722 15:21:24.617" endtime="20230722 15:21:24.619"/>
</branch>
<branch type="ELSE IF" condition="${cnt} &gt; 0">
<kw name="Sentence" library="FakerLibrary">
<var>${new_text}</var>
<doc>Generate a sentence.</doc>
<status status="NOT RUN" starttime="20230722 15:21:24.619" endtime="20230722 15:21:24.619"/>
</kw>
<status status="NOT RUN" starttime="20230722 15:21:24.619" endtime="20230722 15:21:24.619"/>
</branch>
<status status="PASS" starttime="20230722 15:21:24.543" endtime="20230722 15:21:24.620"/>
</if>
<kw name="Get Length" library="BuiltIn">
<var>${cnt}</var>
<arg>${text}</arg>
<doc>Returns and logs the length of the given item as an integer.</doc>
<msg timestamp="20230722 15:21:24.620" level="INFO">Length is 15</msg>
<msg timestamp="20230722 15:21:24.621" level="INFO">${cnt} = 15</msg>
<status status="PASS" starttime="20230722 15:21:24.620" endtime="20230722 15:21:24.621"/>
</kw>
<if>
<branch type="IF" condition="${cnt} &gt; 0">
<kw name="Replace String" library="String">
<var>${text}</var>
<arg>${text}</arg>
<arg>${symbol}</arg>
<arg>${new_text}</arg>
<doc>Replaces ``search_for`` in the given ``string`` with ``replace_with``.</doc>
<msg timestamp="20230722 15:21:24.623" level="INFO">${text} = admin@admin.com</msg>
<status status="PASS" starttime="20230722 15:21:24.622" endtime="20230722 15:21:24.623"/>
</kw>
<status status="PASS" starttime="20230722 15:21:24.621" endtime="20230722 15:21:24.624"/>
</branch>
<status status="PASS" starttime="20230722 15:21:24.621" endtime="20230722 15:21:24.624"/>
</if>
<msg timestamp="20230722 15:21:24.624" level="INFO">${text} = admin@admin.com</msg>
<status status="PASS" starttime="20230722 15:21:24.529" endtime="20230722 15:21:24.624"/>
</kw>
<kw name="Get Element Form Item By Name" library="common">
<var>${element}</var>
<arg>${name}</arg>
<arg>//input[contains(@class, "ant-input")]</arg>
<msg timestamp="20230722 15:21:24.636" level="INFO">${element} = xpath=//*[contains(@class, "ant-form-item-label")]/label[text()="Tên đăng nhập"]/../../*[contains(@class, "ant-form-item")]//input[contains(@class, "ant-input")]</msg>
<status status="PASS" starttime="20230722 15:21:24.634" endtime="20230722 15:21:24.636"/>
</kw>
<kw name="Clear Text" library="Browser">
<arg>${element}</arg>
<tag>PageContent</tag>
<tag>Setter</tag>
<doc>Clears the text field found by ``selector``.</doc>
<status status="PASS" starttime="20230722 15:21:24.638" endtime="20230722 15:21:27.555"/>
</kw>
<kw name="Fill Text" library="Browser">
<arg>${element}</arg>
<arg>${text}</arg>
<arg>True</arg>
<tag>PageContent</tag>
<tag>Setter</tag>
<doc>Clears and fills the given ``txt`` into the text field found by ``selector``.</doc>
<msg timestamp="20230722 15:21:27.555" level="INFO">Fills the text 'admin@admin.com' in the given field.</msg>
<status status="PASS" starttime="20230722 15:21:27.555" endtime="20230722 15:21:27.671"/>
</kw>
<kw name="Get Length" library="BuiltIn">
<var>${cnt}</var>
<arg>${text}</arg>
<doc>Returns and logs the length of the given item as an integer.</doc>
<msg timestamp="20230722 15:21:27.678" level="INFO">Length is 15</msg>
<msg timestamp="20230722 15:21:27.679" level="INFO">${cnt} = 15</msg>
<status status="PASS" starttime="20230722 15:21:27.677" endtime="20230722 15:21:27.679"/>
</kw>
<if>
<branch type="IF" condition="${cnt} &gt; 0">
<kw name="Set Global Variable" library="BuiltIn">
<arg>${STATE["${name}"]}</arg>
<arg>${text}</arg>
<doc>Makes a variable available globally in all tests and suites.</doc>
<msg timestamp="20230722 15:21:27.682" level="INFO">${STATE["Tên đăng nhập"]} = admin@admin.com</msg>
<status status="PASS" starttime="20230722 15:21:27.681" endtime="20230722 15:21:27.682"/>
</kw>
<status status="PASS" starttime="20230722 15:21:27.680" endtime="20230722 15:21:27.682"/>
</branch>
<status status="PASS" starttime="20230722 15:21:27.679" endtime="20230722 15:21:27.682"/>
</if>
<status status="PASS" starttime="20230722 15:21:24.528" endtime="20230722 15:21:27.682"/>
</kw>
<kw name="Enter &quot;text&quot; in &quot;Mật khẩu&quot; with &quot;Password1!&quot;" library="common" sourcename="Enter &quot;${type}&quot; in &quot;${name}&quot; with &quot;${text}&quot;">
<kw name="Get Random Text" library="common">
<var>${text}</var>
<arg>${type}</arg>
<arg>${text}</arg>
<kw name="Set Variable" library="BuiltIn">
<var>${symbol}</var>
<arg>_RANDOM_</arg>
<doc>Returns the given values which can then be assigned to a variables.</doc>
<msg timestamp="20230722 15:21:27.682" level="INFO">${symbol} = _RANDOM_</msg>
<status status="PASS" starttime="20230722 15:21:27.682" endtime="20230722 15:21:27.682"/>
</kw>
<kw name="Set Variable" library="BuiltIn">
<var>${new_text}</var>
<doc>Returns the given values which can then be assigned to a variables.</doc>
<msg timestamp="20230722 15:21:27.691" level="INFO">${new_text} = </msg>
<status status="PASS" starttime="20230722 15:21:27.690" endtime="20230722 15:21:27.693"/>
</kw>
<kw name="Get Regexp Matches" library="String">
<var>${containsS}</var>
<arg>${text}</arg>
<arg>_@(.+)@_</arg>
<arg>1</arg>
<doc>Returns a list of all non-overlapping matches in the given string.</doc>
<msg timestamp="20230722 15:21:27.695" level="INFO">${containsS} = []</msg>
<status status="PASS" starttime="20230722 15:21:27.694" endtime="20230722 15:21:27.695"/>
</kw>
<kw name="Get Length" library="BuiltIn">
<var>${cntS}</var>
<arg>${containsS}</arg>
<doc>Returns and logs the length of the given item as an integer.</doc>
<msg timestamp="20230722 15:21:27.697" level="INFO">Length is 0</msg>
<msg timestamp="20230722 15:21:27.697" level="INFO">${cntS} = 0</msg>
<status status="PASS" starttime="20230722 15:21:27.696" endtime="20230722 15:21:27.698"/>
</kw>
<kw name="Get Regexp Matches" library="String">
<var>${contains}</var>
<arg>${text}</arg>
<arg>${symbol}</arg>
<doc>Returns a list of all non-overlapping matches in the given string.</doc>
<msg timestamp="20230722 15:21:27.700" level="INFO">${contains} = []</msg>
<status status="PASS" starttime="20230722 15:21:27.698" endtime="20230722 15:21:27.700"/>
</kw>
<kw name="Get Length" library="BuiltIn">
<var>${cnt}</var>
<arg>${contains}</arg>
<doc>Returns and logs the length of the given item as an integer.</doc>
<msg timestamp="20230722 15:21:27.701" level="INFO">Length is 0</msg>
<msg timestamp="20230722 15:21:27.701" level="INFO">${cnt} = 0</msg>
<status status="PASS" starttime="20230722 15:21:27.700" endtime="20230722 15:21:27.701"/>
</kw>
<if>
<branch type="IF" condition="${cntS} &gt; 0">
<kw name="Set Variable" library="BuiltIn">
<var>${new_text}</var>
<arg>${STATE["${containsS[0]}"]}</arg>
<doc>Returns the given values which can then be assigned to a variables.</doc>
<status status="NOT RUN" starttime="20230722 15:21:27.702" endtime="20230722 15:21:27.702"/>
</kw>
<kw name="Set Variable" library="BuiltIn">
<var>${symbol}</var>
<arg>_@${containsS[0]}@_</arg>
<doc>Returns the given values which can then be assigned to a variables.</doc>
<status status="NOT RUN" starttime="20230722 15:21:27.702" endtime="20230722 15:21:27.702"/>
</kw>
<status status="NOT RUN" starttime="20230722 15:21:27.702" endtime="20230722 15:21:27.702"/>
</branch>
<branch type="ELSE IF" condition="${cnt} &gt; 0 and '${type}' == 'test name'">
<kw name="Sentence" library="FakerLibrary">
<var>${random}</var>
<arg>nb_words=3</arg>
<doc>Generate a sentence.</doc>
<status status="NOT RUN" starttime="20230722 15:21:27.702" endtime="20230722 15:21:27.702"/>
</kw>
<kw name="Split String" library="String">
<var>${words}</var>
<arg>${TEST NAME}</arg>
<arg>${SPACE}</arg>
<doc>Splits the ``string`` using ``separator`` as a delimiter string.</doc>
<status status="NOT RUN" starttime="20230722 15:21:27.702" endtime="20230722 15:21:27.706"/>
</kw>
<kw name="Set Variable" library="BuiltIn">
<var>${new_text}</var>
<arg>${words[0]} ${random}</arg>
<doc>Returns the given values which can then be assigned to a variables.</doc>
<status status="NOT RUN" starttime="20230722 15:21:27.706" endtime="20230722 15:21:27.707"/>
</kw>
<status status="NOT RUN" starttime="20230722 15:21:27.702" endtime="20230722 15:21:27.707"/>
</branch>
<branch type="ELSE IF" condition="${cnt} &gt; 0 and '${type}' == 'number'">
<kw name="Random Int" library="FakerLibrary">
<var>${new_text}</var>
<arg>min=1000000000000</arg>
<arg>max=9999999999999</arg>
<doc>Generate a random integer between two integers ``min`` and ``max`` inclusive
while observing the provided ``step`` value.</doc>
<status status="NOT RUN" starttime="20230722 15:21:27.710" endtime="20230722 15:21:27.711"/>
</kw>
<kw name="Convert To String" library="BuiltIn">
<var>${new_text}</var>
<arg>${new_text}</arg>
<doc>Converts the given item to a Unicode string.</doc>
<status status="NOT RUN" starttime="20230722 15:21:27.711" endtime="20230722 15:21:27.712"/>
</kw>
<status status="NOT RUN" starttime="20230722 15:21:27.707" endtime="20230722 15:21:27.714"/>
</branch>
<branch type="ELSE IF" condition="${cnt} &gt; 0 and '${type}' == 'leave date'">
<kw name="Random Int" library="FakerLibrary">
<var>${new_text}</var>
<arg>min=0</arg>
<arg>max=16</arg>
<doc>Generate a random integer between two integers ``min`` and ``max`` inclusive
while observing the provided ``step`` value.</doc>
<status status="NOT RUN" starttime="20230722 15:21:27.717" endtime="20230722 15:21:27.718"/>
</kw>
<kw name="Convert To String" library="BuiltIn">
<var>${new_text}</var>
<arg>${new_text}</arg>
<doc>Converts the given item to a Unicode string.</doc>
<status status="NOT RUN" starttime="20230722 15:21:27.718" endtime="20230722 15:21:27.718"/>
</kw>
<status status="NOT RUN" starttime="20230722 15:21:27.715" endtime="20230722 15:21:27.718"/>
</branch>
<branch type="ELSE IF" condition="${cnt} &gt; 0 and '${type}' == 'percentage'">
<kw name="Random Int" library="FakerLibrary">
<var>${new_text}</var>
<arg>max=100</arg>
<doc>Generate a random integer between two integers ``min`` and ``max`` inclusive
while observing the provided ``step`` value.</doc>
<status status="NOT RUN" starttime="20230722 15:21:27.721" endtime="20230722 15:21:27.722"/>
</kw>
<kw name="Convert To String" library="BuiltIn">
<var>${new_text}</var>
<arg>${new_text}</arg>
<doc>Converts the given item to a Unicode string.</doc>
<status status="NOT RUN" starttime="20230722 15:21:27.723" endtime="20230722 15:21:27.724"/>
</kw>
<status status="NOT RUN" starttime="20230722 15:21:27.720" endtime="20230722 15:21:27.726"/>
</branch>
<branch type="ELSE IF" condition="${cnt} &gt; 0 and '${type}' == 'paragraph'">
<kw name="Paragraph" library="FakerLibrary">
<var>${new_text}</var>
<doc>Generate a paragraph.</doc>
<status status="NOT RUN" starttime="20230722 15:21:27.728" endtime="20230722 15:21:27.730"/>
</kw>
<status status="NOT RUN" starttime="20230722 15:21:27.727" endtime="20230722 15:21:27.730"/>
</branch>
<branch type="ELSE IF" condition="${cnt} &gt; 0 and '${type}' == 'email'">
<kw name="Email" library="FakerLibrary">
<var>${new_text}</var>
<status status="NOT RUN" starttime="20230722 15:21:27.733" endtime="20230722 15:21:27.733"/>
</kw>
<status status="NOT RUN" starttime="20230722 15:21:27.732" endtime="20230722 15:21:27.734"/>
</branch>
<branch type="ELSE IF" condition="${cnt} &gt; 0 and '${type}' == 'phone'">
<kw name="Random Int" library="FakerLibrary">
<var>${new_text}</var>
<arg>min=55555555</arg>
<arg>max=999999999999</arg>
<doc>Generate a random integer between two integers ``min`` and ``max`` inclusive
while observing the provided ``step`` value.</doc>
<status status="NOT RUN" starttime="20230722 15:21:27.734" endtime="20230722 15:21:27.735"/>
</kw>
<kw name="Convert To String" library="BuiltIn">
<var>${new_text}</var>
<arg>${new_text}</arg>
<doc>Converts the given item to a Unicode string.</doc>
<status status="NOT RUN" starttime="20230722 15:21:27.735" endtime="20230722 15:21:27.735"/>
</kw>
<status status="NOT RUN" starttime="20230722 15:21:27.734" endtime="20230722 15:21:27.736"/>
</branch>
<branch type="ELSE IF" condition="${cnt} &gt; 0 and '${type}' == 'color'">
<kw name="Safe Hex Color" library="FakerLibrary">
<var>${new_text}</var>
<doc>Generate a web-safe color formatted as a hex triplet.</doc>
<status status="NOT RUN" starttime="20230722 15:21:27.737" endtime="20230722 15:21:27.737"/>
</kw>
<status status="NOT RUN" starttime="20230722 15:21:27.736" endtime="20230722 15:21:27.737"/>
</branch>
<branch type="ELSE IF" condition="${cnt} &gt; 0 and '${type}' == 'date'">
<kw name="Date" library="FakerLibrary">
<var>${new_text}</var>
<arg>pattern=%d-%m-%Y</arg>
<doc>Get a date string between January 1, 1970 and now.</doc>
<status status="NOT RUN" starttime="20230722 15:21:27.740" endtime="20230722 15:21:27.740"/>
</kw>
<status status="NOT RUN" starttime="20230722 15:21:27.739" endtime="20230722 15:21:27.740"/>
</branch>
<branch type="ELSE IF" condition="${cnt} &gt; 0 and '${type}' == 'word'">
<kw name="Sentence" library="FakerLibrary">
<var>${new_text}</var>
<arg>nb_words=2</arg>
<doc>Generate a sentence.</doc>
<status status="NOT RUN" starttime="20230722 15:21:27.748" endtime="20230722 15:21:27.748"/>
</kw>
<status status="NOT RUN" starttime="20230722 15:21:27.740" endtime="20230722 15:21:27.749"/>
</branch>
<branch type="ELSE IF" condition="${cnt} &gt; 0">
<kw name="Sentence" library="FakerLibrary">
<var>${new_text}</var>
<doc>Generate a sentence.</doc>
<status status="NOT RUN" starttime="20230722 15:21:27.752" endtime="20230722 15:21:27.752"/>
</kw>
<status status="NOT RUN" starttime="20230722 15:21:27.749" endtime="20230722 15:21:27.752"/>
</branch>
<status status="PASS" starttime="20230722 15:21:27.702" endtime="20230722 15:21:27.752"/>
</if>
<kw name="Get Length" library="BuiltIn">
<var>${cnt}</var>
<arg>${text}</arg>
<doc>Returns and logs the length of the given item as an integer.</doc>
<msg timestamp="20230722 15:21:27.752" level="INFO">Length is 10</msg>
<msg timestamp="20230722 15:21:27.752" level="INFO">${cnt} = 10</msg>
<status status="PASS" starttime="20230722 15:21:27.752" endtime="20230722 15:21:27.752"/>
</kw>
<if>
<branch type="IF" condition="${cnt} &gt; 0">
<kw name="Replace String" library="String">
<var>${text}</var>
<arg>${text}</arg>
<arg>${symbol}</arg>
<arg>${new_text}</arg>
<doc>Replaces ``search_for`` in the given ``string`` with ``replace_with``.</doc>
<msg timestamp="20230722 15:21:27.752" level="INFO">${text} = Password1!</msg>
<status status="PASS" starttime="20230722 15:21:27.752" endtime="20230722 15:21:27.752"/>
</kw>
<status status="PASS" starttime="20230722 15:21:27.752" endtime="20230722 15:21:27.752"/>
</branch>
<status status="PASS" starttime="20230722 15:21:27.752" endtime="20230722 15:21:27.762"/>
</if>
<msg timestamp="20230722 15:21:27.762" level="INFO">${text} = Password1!</msg>
<status status="PASS" starttime="20230722 15:21:27.682" endtime="20230722 15:21:27.762"/>
</kw>
<kw name="Get Element Form Item By Name" library="common">
<var>${element}</var>
<arg>${name}</arg>
<arg>//input[contains(@class, "ant-input")]</arg>
<msg timestamp="20230722 15:21:27.771" level="INFO">${element} = xpath=//*[contains(@class, "ant-form-item-label")]/label[text()="Mật khẩu"]/../../*[contains(@class, "ant-form-item")]//input[contains(@class, "ant-input")]</msg>
<status status="PASS" starttime="20230722 15:21:27.762" endtime="20230722 15:21:27.771"/>
</kw>
<kw name="Clear Text" library="Browser">
<arg>${element}</arg>
<tag>PageContent</tag>
<tag>Setter</tag>
<doc>Clears the text field found by ``selector``.</doc>
<status status="PASS" starttime="20230722 15:21:27.772" endtime="20230722 15:21:28.036"/>
</kw>
<kw name="Fill Text" library="Browser">
<arg>${element}</arg>
<arg>${text}</arg>
<arg>True</arg>
<tag>PageContent</tag>
<tag>Setter</tag>
<doc>Clears and fills the given ``txt`` into the text field found by ``selector``.</doc>
<msg timestamp="20230722 15:21:28.038" level="INFO">Fills the text 'Password1!' in the given field.</msg>
<status status="PASS" starttime="20230722 15:21:28.037" endtime="20230722 15:21:28.140"/>
</kw>
<kw name="Get Length" library="BuiltIn">
<var>${cnt}</var>
<arg>${text}</arg>
<doc>Returns and logs the length of the given item as an integer.</doc>
<msg timestamp="20230722 15:21:28.144" level="INFO">Length is 10</msg>
<msg timestamp="20230722 15:21:28.145" level="INFO">${cnt} = 10</msg>
<status status="PASS" starttime="20230722 15:21:28.141" endtime="20230722 15:21:28.145"/>
</kw>
<if>
<branch type="IF" condition="${cnt} &gt; 0">
<kw name="Set Global Variable" library="BuiltIn">
<arg>${STATE["${name}"]}</arg>
<arg>${text}</arg>
<doc>Makes a variable available globally in all tests and suites.</doc>
<msg timestamp="20230722 15:21:28.150" level="INFO">${STATE["Mật khẩu"]} = Password1!</msg>
<status status="PASS" starttime="20230722 15:21:28.148" endtime="20230722 15:21:28.151"/>
</kw>
<status status="PASS" starttime="20230722 15:21:28.146" endtime="20230722 15:21:28.151"/>
</branch>
<status status="PASS" starttime="20230722 15:21:28.145" endtime="20230722 15:21:28.151"/>
</if>
<status status="PASS" starttime="20230722 15:21:27.682" endtime="20230722 15:21:28.152"/>
</kw>
<kw name="Click &quot;Đăng nhập&quot; button" library="common" sourcename="Click &quot;${text}&quot; button">
<kw name="Click" library="Browser">
<arg>xpath=//button[@title = "${text}"]</arg>
<tag>PageContent</tag>
<tag>Setter</tag>
<doc>Simulates mouse click on the element found by ``selector``.</doc>
<status status="PASS" starttime="20230722 15:21:28.154" endtime="20230722 15:21:28.553"/>
</kw>
<kw name="Click Confirm To Action" library="common">
<kw name="Set Variable" library="BuiltIn">
<var>${element}</var>
<arg>xpath=//*[contains(@class, "ant-popover")]//*[contains(@class, "ant-btn-primary")]</arg>
<doc>Returns the given values which can then be assigned to a variables.</doc>
<msg timestamp="20230722 15:21:28.555" level="INFO">${element} = xpath=//*[contains(@class, "ant-popover")]//*[contains(@class, "ant-btn-primary")]</msg>
<status status="PASS" starttime="20230722 15:21:28.554" endtime="20230722 15:21:28.555"/>
</kw>
<kw name="Get Element Count" library="Browser">
<var>${count}</var>
<arg>${element}</arg>
<tag>Assertion</tag>
<tag>Getter</tag>
<tag>PageContent</tag>
<doc>Returns the count of elements found with ``selector``.</doc>
<msg timestamp="20230722 15:21:28.590" level="INFO">${count} = 0</msg>
<status status="PASS" starttime="20230722 15:21:28.555" endtime="20230722 15:21:28.590"/>
</kw>
<if>
<branch type="IF" condition="${count} &gt; 0">
<kw name="Click" library="Browser">
<arg>${element}</arg>
<tag>PageContent</tag>
<tag>Setter</tag>
<doc>Simulates mouse click on the element found by ``selector``.</doc>
<status status="NOT RUN" starttime="20230722 15:21:28.591" endtime="20230722 15:21:28.593"/>
</kw>
<kw name="Sleep" library="BuiltIn">
<arg>${SHOULD_TIMEOUT}</arg>
<doc>Pauses the test executed for the given time.</doc>
<status status="NOT RUN" starttime="20230722 15:21:28.598" endtime="20230722 15:21:28.599"/>
</kw>
<status status="NOT RUN" starttime="20230722 15:21:28.590" endtime="20230722 15:21:28.599"/>
</branch>
<status status="PASS" starttime="20230722 15:21:28.590" endtime="20230722 15:21:28.600"/>
</if>
<status status="PASS" starttime="20230722 15:21:28.553" endtime="20230722 15:21:28.600"/>
</kw>
<kw name="Scroll By" library="Browser">
<arg>${None}</arg>
<tag>PageContent</tag>
<tag>Setter</tag>
<doc>Scrolls an element or the page relative from current position by the given values.</doc>
<status status="PASS" starttime="20230722 15:21:28.601" endtime="20230722 15:21:28.789"/>
</kw>
<status status="PASS" starttime="20230722 15:21:28.152" endtime="20230722 15:21:28.789"/>
</kw>
<kw name="User look message &quot;Thành công&quot; popup" library="common" sourcename="User look message &quot;${message}&quot; popup">
<kw name="Get Regexp Matches" library="String">
<var>${contains}</var>
<arg>${message}</arg>
<arg>_@(.+)@_</arg>
<arg>1</arg>
<doc>Returns a list of all non-overlapping matches in the given string.</doc>
<msg timestamp="20230722 15:21:28.797" level="INFO">${contains} = []</msg>
<status status="PASS" starttime="20230722 15:21:28.794" endtime="20230722 15:21:28.798"/>
</kw>
<kw name="Get Length" library="BuiltIn">
<var>${cnt}</var>
<arg>${contains}</arg>
<doc>Returns and logs the length of the given item as an integer.</doc>
<msg timestamp="20230722 15:21:28.799" level="INFO">Length is 0</msg>
<msg timestamp="20230722 15:21:28.800" level="INFO">${cnt} = 0</msg>
<status status="PASS" starttime="20230722 15:21:28.799" endtime="20230722 15:21:28.800"/>
</kw>
<if>
<branch type="IF" condition="${cnt} &gt; 0">
<kw name="Replace String" library="String">
<var>${message}</var>
<arg>${message}</arg>
<arg>_@${contains[0]}@_</arg>
<arg>${STATE["${contains[0]}"]}</arg>
<doc>Replaces ``search_for`` in the given ``string`` with ``replace_with``.</doc>
<status status="NOT RUN" starttime="20230722 15:21:28.802" endtime="20230722 15:21:28.802"/>
</kw>
<status status="NOT RUN" starttime="20230722 15:21:28.801" endtime="20230722 15:21:28.803"/>
</branch>
<status status="PASS" starttime="20230722 15:21:28.801" endtime="20230722 15:21:28.803"/>
</if>
<kw name="Element Text Should Be" library="common">
<arg>id=swal2-html-container</arg>
<arg>${message}</arg>
<kw name="Get Text" library="Browser">
<arg>${locator}</arg>
<arg>equal</arg>
<arg>${expected}</arg>
<arg>${message}</arg>
<tag>Assertion</tag>
<tag>Getter</tag>
<tag>PageContent</tag>
<doc>Returns text attribute of the element found by ``selector``.</doc>
<msg timestamp="20230722 15:21:31.241" level="INFO">Text: 'Thành công'</msg>
<status status="PASS" starttime="20230722 15:21:28.808" endtime="20230722 15:21:31.243"/>
</kw>
<status status="PASS" starttime="20230722 15:21:28.803" endtime="20230722 15:21:31.244"/>
</kw>
<kw name="Set Variable" library="BuiltIn">
<var>${element}</var>
<arg>xpath=//*[contains(@class, "swal2-confirm")]</arg>
<doc>Returns the given values which can then be assigned to a variables.</doc>
<msg timestamp="20230722 15:21:31.247" level="INFO">${element} = xpath=//*[contains(@class, "swal2-confirm")]</msg>
<status status="PASS" starttime="20230722 15:21:31.246" endtime="20230722 15:21:31.247"/>
</kw>
<kw name="Run Keyword And Return Status" library="BuiltIn">
<var>${passed}</var>
<arg>Element Should Be Visible</arg>
<arg>${element}</arg>
<doc>Runs the given keyword with given arguments and returns the status as a Boolean value.</doc>
<kw name="Element Should Be Visible" library="common">
<arg>${element}</arg>
<kw name="Wait For Elements State" library="Browser">
<arg>${locator}</arg>
<arg>visible</arg>
<arg>${timeout}</arg>
<arg>${message}</arg>
<tag>PageContent</tag>
<tag>Wait</tag>
<doc>Waits for the element found by ``selector`` to satisfy state option.</doc>
<msg timestamp="20230722 15:21:31.992" level="INFO" html="true">&lt;/td&gt;&lt;/tr&gt;&lt;tr&gt;&lt;td colspan="3"&gt;&lt;a href="browser/screenshot/fail-screenshot-1.png" target="_blank"&gt;&lt;img src="browser/screenshot/fail-screenshot-1.png" width="800px"/&gt;&lt;/a&gt;</msg>
<msg timestamp="20230722 15:21:31.992" level="INFO">See also file:///C:/Users/nhats/OneDrive/Desktop/ARI/vite-react-ari/playwright-log.txt for additional details.</msg>
<msg timestamp="20230722 15:21:31.992" level="FAIL">TimeoutError: locator.waitFor: Timeout 100ms exceeded.
=========================== logs ===========================
waiting for locator('xpath=//*[contains(@class, "swal2-confirm")]') to be visible
============================================================
Tip: Use "Set Browser Timeout" for increasing the timeout or double check your locator as the targeted element(s) couldn't be found.</msg>
<status status="FAIL" starttime="20230722 15:21:31.252" endtime="20230722 15:21:32.007"/>
</kw>
<status status="FAIL" starttime="20230722 15:21:31.249" endtime="20230722 15:21:32.007"/>
</kw>
<msg timestamp="20230722 15:21:32.009" level="INFO">${passed} = False</msg>
<status status="PASS" starttime="20230722 15:21:31.248" endtime="20230722 15:21:32.009"/>
</kw>
<if>
<branch type="IF" condition="'${passed}' == 'True'">
<kw name="Click" library="Browser">
<arg>${element}</arg>
<tag>PageContent</tag>
<tag>Setter</tag>
<doc>Simulates mouse click on the element found by ``selector``.</doc>
<status status="NOT RUN" starttime="20230722 15:21:32.013" endtime="20230722 15:21:32.013"/>
</kw>
<status status="NOT RUN" starttime="20230722 15:21:32.010" endtime="20230722 15:21:32.013"/>
</branch>
<status status="PASS" starttime="20230722 15:21:32.010" endtime="20230722 15:21:32.014"/>
</if>
<kw name="Wait Until Element Is Not Exist" library="common">
<arg>${element}</arg>
<kw name="Wait For Elements State" library="Browser">
<arg>${locator}</arg>
<arg>detached</arg>
<arg>${timeout}</arg>
<arg>${message}</arg>
<tag>PageContent</tag>
<tag>Wait</tag>
<doc>Waits for the element found by ``selector`` to satisfy state option.</doc>
<msg timestamp="20230722 15:21:34.798" level="INFO">Waited for Element with selector xpath=//*[contains(@class, "swal2-confirm")] at state detached</msg>
<status status="PASS" starttime="20230722 15:21:32.017" endtime="20230722 15:21:34.799"/>
</kw>
<status status="PASS" starttime="20230722 15:21:32.014" endtime="20230722 15:21:34.800"/>
</kw>
<status status="PASS" starttime="20230722 15:21:28.791" endtime="20230722 15:21:34.800"/>
</kw>
<status status="PASS" starttime="20230722 15:21:24.525" endtime="20230722 15:21:34.800"/>
</kw>
<kw name="When Click &quot;Thiết lập&quot; menu" library="common" sourcename="Click &quot;${text}&quot; menu">
<kw name="Click" library="Browser">
<arg>xpath=//li[span[contains(text(), "${text}")]]</arg>
<tag>PageContent</tag>
<tag>Setter</tag>
<doc>Simulates mouse click on the element found by ``selector``.</doc>
<status status="PASS" starttime="20230722 15:21:34.804" endtime="20230722 15:21:35.132"/>
</kw>
<kw name="Wait Until Element Spin" library="common">
<kw name="Set Variable" library="BuiltIn">
<var>${element}</var>
<arg>xpath=//*[contains(@class, "ant-spin-spinning")]</arg>
<doc>Returns the given values which can then be assigned to a variables.</doc>
<msg timestamp="20230722 15:21:35.135" level="INFO">${element} = xpath=//*[contains(@class, "ant-spin-spinning")]</msg>
<status status="PASS" starttime="20230722 15:21:35.134" endtime="20230722 15:21:35.135"/>
</kw>
<kw name="Get Element Count" library="Browser">
<var>${count}</var>
<arg>${element}</arg>
<tag>Assertion</tag>
<tag>Getter</tag>
<tag>PageContent</tag>
<doc>Returns the count of elements found with ``selector``.</doc>
<msg timestamp="20230722 15:21:35.167" level="INFO">${count} = 0</msg>
<status status="PASS" starttime="20230722 15:21:35.136" endtime="20230722 15:21:35.167"/>
</kw>
<if>
<branch type="IF" condition="${count} &gt; 0">
<kw name="Wait Until Element Is Not Exist" library="common">
<arg>${element}</arg>
<status status="NOT RUN" starttime="20230722 15:21:35.171" endtime="20230722 15:21:35.171"/>
</kw>
<status status="NOT RUN" starttime="20230722 15:21:35.170" endtime="20230722 15:21:35.171"/>
</branch>
<status status="PASS" starttime="20230722 15:21:35.167" endtime="20230722 15:21:35.172"/>
</if>
<status status="PASS" starttime="20230722 15:21:35.133" endtime="20230722 15:21:35.172"/>
</kw>
<status status="PASS" starttime="20230722 15:21:34.803" endtime="20230722 15:21:35.172"/>
</kw>
<kw name="And Click &quot;Nhóm&quot; sub menu to &quot;vn/team&quot;" library="common" sourcename="Click &quot;${text}&quot; sub menu to &quot;${url}&quot;">
<kw name="Wait Until Element Spin" library="common">
<kw name="Set Variable" library="BuiltIn">
<var>${element}</var>
<arg>xpath=//*[contains(@class, "ant-spin-spinning")]</arg>
<doc>Returns the given values which can then be assigned to a variables.</doc>
<msg timestamp="20230722 15:21:35.182" level="INFO">${element} = xpath=//*[contains(@class, "ant-spin-spinning")]</msg>
<status status="PASS" starttime="20230722 15:21:35.181" endtime="20230722 15:21:35.182"/>
</kw>
<kw name="Get Element Count" library="Browser">
<var>${count}</var>
<arg>${element}</arg>
<tag>Assertion</tag>
<tag>Getter</tag>
<tag>PageContent</tag>
<doc>Returns the count of elements found with ``selector``.</doc>
<msg timestamp="20230722 15:21:35.203" level="INFO">${count} = 0</msg>
<status status="PASS" starttime="20230722 15:21:35.183" endtime="20230722 15:21:35.203"/>
</kw>
<if>
<branch type="IF" condition="${count} &gt; 0">
<kw name="Wait Until Element Is Not Exist" library="common">
<arg>${element}</arg>
<status status="NOT RUN" starttime="20230722 15:21:35.215" endtime="20230722 15:21:35.215"/>
</kw>
<status status="NOT RUN" starttime="20230722 15:21:35.210" endtime="20230722 15:21:35.215"/>
</branch>
<status status="PASS" starttime="20230722 15:21:35.209" endtime="20230722 15:21:35.216"/>
</if>
<status status="PASS" starttime="20230722 15:21:35.172" endtime="20230722 15:21:35.216"/>
</kw>
<kw name="Click" library="Browser">
<arg>xpath=//a[contains(@class, "sub-menu") and descendant::span[contains(text(), "${text}")]]</arg>
<tag>PageContent</tag>
<tag>Setter</tag>
<doc>Simulates mouse click on the element found by ``selector``.</doc>
<status status="PASS" starttime="20230722 15:21:35.217" endtime="20230722 15:21:35.521"/>
</kw>
<kw name="Get Url" library="Browser">
<var>${curent_url}</var>
<tag>Assertion</tag>
<tag>Getter</tag>
<tag>PageContent</tag>
<doc>Returns the current URL.</doc>
<msg timestamp="20230722 15:21:35.532" level="INFO">${curent_url} = http://v2.ari.com.vn/vn/team</msg>
<status status="PASS" starttime="20230722 15:21:35.521" endtime="20230722 15:21:35.532"/>
</kw>
<kw name="Should Contain" library="BuiltIn">
<arg>${curent_url}</arg>
<arg>${URL_DEFAULT}${url}</arg>
<doc>Fails if ``container`` does not contain ``item`` one or more times.</doc>
<status status="PASS" starttime="20230722 15:21:35.533" endtime="20230722 15:21:35.534"/>
</kw>
<status status="PASS" starttime="20230722 15:21:35.172" endtime="20230722 15:21:35.534"/>
</kw>
<kw name="Select the team with &quot;invalid&quot; to edit" library="common" sourcename="Select the ${text} with &quot;${name}&quot; to edit">
<kw name="Wait Until Element Spin" library="common">
<kw name="Set Variable" library="BuiltIn">
<var>${element}</var>
<arg>xpath=//*[contains(@class, "ant-spin-spinning")]</arg>
<doc>Returns the given values which can then be assigned to a variables.</doc>
<msg timestamp="20230722 15:21:35.538" level="INFO">${element} = xpath=//*[contains(@class, "ant-spin-spinning")]</msg>
<status status="PASS" starttime="20230722 15:21:35.537" endtime="20230722 15:21:35.538"/>
</kw>
<kw name="Get Element Count" library="Browser">
<var>${count}</var>
<arg>${element}</arg>
<tag>Assertion</tag>
<tag>Getter</tag>
<tag>PageContent</tag>
<doc>Returns the count of elements found with ``selector``.</doc>
<msg timestamp="20230722 15:21:35.568" level="INFO">${count} = 1</msg>
<status status="PASS" starttime="20230722 15:21:35.539" endtime="20230722 15:21:35.568"/>
</kw>
<if>
<branch type="IF" condition="${count} &gt; 0">
<kw name="Wait Until Element Is Not Exist" library="common">
<arg>${element}</arg>
<kw name="Wait For Elements State" library="Browser">
<arg>${locator}</arg>
<arg>detached</arg>
<arg>${timeout}</arg>
<arg>${message}</arg>
<tag>PageContent</tag>
<tag>Wait</tag>
<doc>Waits for the element found by ``selector`` to satisfy state option.</doc>
<msg timestamp="20230722 15:21:38.570" level="INFO">Waited for Element with selector xpath=//*[contains(@class, "ant-spin-spinning")] at state detached</msg>
<status status="PASS" starttime="20230722 15:21:35.573" endtime="20230722 15:21:38.570"/>
</kw>
<status status="PASS" starttime="20230722 15:21:35.570" endtime="20230722 15:21:38.570"/>
</kw>
<status status="PASS" starttime="20230722 15:21:35.568" endtime="20230722 15:21:38.570"/>
</branch>
<status status="PASS" starttime="20230722 15:21:35.568" endtime="20230722 15:21:38.570"/>
</if>
<status status="PASS" starttime="20230722 15:21:35.536" endtime="20230722 15:21:38.572"/>
</kw>
<kw name="Get Elements" library="Browser">
<var>${elements}</var>
<arg>xpath=//button[@title="Sửa"]</arg>
<tag>Getter</tag>
<tag>PageContent</tag>
<doc>Returns a reference to Playwright [https://playwright.dev/docs/api/class-locator|Locator]
for all matched elements by ``selector``.</doc>
<msg timestamp="20230722 15:21:38.595" level="INFO">Found 11 Locators successfully.</msg>
<msg timestamp="20230722 15:21:38.595" level="INFO">${elements} = ['element=769eda96-27fa-4709-8b40-eb5e99e5eccb', 'element=0a6fca17-62ea-4850-8ac3-41bef1788f41', 'element=e77b3083-8d2f-4ec7-b940-bf2de4554783', 'element=05ce5cdc-191f-4840-aff6-25c3dfcb9d81', 'elemen...</msg>
<status status="PASS" starttime="20230722 15:21:38.572" endtime="20230722 15:21:38.595"/>
</kw>
<kw name="Get Length" library="BuiltIn">
<var>${elementCount}</var>
<arg>${elements}</arg>
<doc>Returns and logs the length of the given item as an integer.</doc>
<msg timestamp="20230722 15:21:38.595" level="INFO">Length is 11</msg>
<msg timestamp="20230722 15:21:38.595" level="INFO">${elementCount} = 11</msg>
<status status="PASS" starttime="20230722 15:21:38.595" endtime="20230722 15:21:38.595"/>
</kw>
<if>
<branch type="IF" condition="'${name}'=='team has been deleted'">
<kw name="Evaluate" library="BuiltIn">
<var>${randomIndex}</var>
<arg>${elementCount}-3</arg>
<doc>Evaluates the given expression in Python and returns the result.</doc>
<status status="NOT RUN" starttime="20230722 15:21:38.601" endtime="20230722 15:21:38.601"/>
</kw>
<status status="NOT RUN" starttime="20230722 15:21:38.600" endtime="20230722 15:21:38.601"/>
</branch>
<branch type="ELSE IF" condition="'${name}'=='Còn những yêu cầu nghỉ cần duyệt'">
<kw name="Evaluate" library="BuiltIn">
<var>${randomIndex}</var>
<arg>${elementCount}-8</arg>
<doc>Evaluates the given expression in Python and returns the result.</doc>
<status status="NOT RUN" starttime="20230722 15:21:38.602" endtime="20230722 15:21:38.602"/>
</kw>
<status status="NOT RUN" starttime="20230722 15:21:38.601" endtime="20230722 15:21:38.602"/>
</branch>
<branch type="ELSE IF" condition="'${name}'=='invalid'">
<kw name="Evaluate" library="BuiltIn">
<var>${randomIndex}</var>
<arg>${elementCount}-5</arg>
<doc>Evaluates the given expression in Python and returns the result.</doc>
<msg timestamp="20230722 15:21:38.602" level="INFO">${randomIndex} = 6</msg>
<status status="PASS" starttime="20230722 15:21:38.602" endtime="20230722 15:21:38.602"/>
</kw>
<status status="PASS" starttime="20230722 15:21:38.602" endtime="20230722 15:21:38.602"/>
</branch>
<status status="PASS" starttime="20230722 15:21:38.595" endtime="20230722 15:21:38.602"/>
</if>
<kw name="Click" library="Browser">
<arg>${elements}[${randomIndex}]</arg>
<tag>PageContent</tag>
<tag>Setter</tag>
<doc>Simulates mouse click on the element found by ``selector``.</doc>
<status status="PASS" starttime="20230722 15:21:38.602" endtime="20230722 15:21:38.852"/>
</kw>
<kw name="Wait Until Element Spin" library="common">
<kw name="Set Variable" library="BuiltIn">
<var>${element}</var>
<arg>xpath=//*[contains(@class, "ant-spin-spinning")]</arg>
<doc>Returns the given values which can then be assigned to a variables.</doc>
<msg timestamp="20230722 15:21:38.859" level="INFO">${element} = xpath=//*[contains(@class, "ant-spin-spinning")]</msg>
<status status="PASS" starttime="20230722 15:21:38.852" endtime="20230722 15:21:38.860"/>
</kw>
<kw name="Get Element Count" library="Browser">
<var>${count}</var>
<arg>${element}</arg>
<tag>Assertion</tag>
<tag>Getter</tag>
<tag>PageContent</tag>
<doc>Returns the count of elements found with ``selector``.</doc>
<msg timestamp="20230722 15:21:38.888" level="INFO">${count} = 1</msg>
<status status="PASS" starttime="20230722 15:21:38.861" endtime="20230722 15:21:38.888"/>
</kw>
<if>
<branch type="IF" condition="${count} &gt; 0">
<kw name="Wait Until Element Is Not Exist" library="common">
<arg>${element}</arg>
<kw name="Wait For Elements State" library="Browser">
<arg>${locator}</arg>
<arg>detached</arg>
<arg>${timeout}</arg>
<arg>${message}</arg>
<tag>PageContent</tag>
<tag>Wait</tag>
<doc>Waits for the element found by ``selector`` to satisfy state option.</doc>
<msg timestamp="20230722 15:21:39.288" level="INFO">Waited for Element with selector xpath=//*[contains(@class, "ant-spin-spinning")] at state detached</msg>
<status status="PASS" starttime="20230722 15:21:38.896" endtime="20230722 15:21:39.289"/>
</kw>
<status status="PASS" starttime="20230722 15:21:38.888" endtime="20230722 15:21:39.289"/>
</kw>
<status status="PASS" starttime="20230722 15:21:38.888" endtime="20230722 15:21:39.289"/>
</branch>
<status status="PASS" starttime="20230722 15:21:38.888" endtime="20230722 15:21:39.290"/>
</if>
<status status="PASS" starttime="20230722 15:21:38.852" endtime="20230722 15:21:39.293"/>
</kw>
<kw name="Wait Until Element Spin" library="common">
<kw name="Set Variable" library="BuiltIn">
<var>${element}</var>
<arg>xpath=//*[contains(@class, "ant-spin-spinning")]</arg>
<doc>Returns the given values which can then be assigned to a variables.</doc>
<msg timestamp="20230722 15:21:39.297" level="INFO">${element} = xpath=//*[contains(@class, "ant-spin-spinning")]</msg>
<status status="PASS" starttime="20230722 15:21:39.295" endtime="20230722 15:21:39.297"/>
</kw>
<kw name="Get Element Count" library="Browser">
<var>${count}</var>
<arg>${element}</arg>
<tag>Assertion</tag>
<tag>Getter</tag>
<tag>PageContent</tag>
<doc>Returns the count of elements found with ``selector``.</doc>
<msg timestamp="20230722 15:21:39.338" level="INFO">${count} = 1</msg>
<status status="PASS" starttime="20230722 15:21:39.298" endtime="20230722 15:21:39.338"/>
</kw>
<if>
<branch type="IF" condition="${count} &gt; 0">
<kw name="Wait Until Element Is Not Exist" library="common">
<arg>${element}</arg>
<kw name="Wait For Elements State" library="Browser">
<arg>${locator}</arg>
<arg>detached</arg>
<arg>${timeout}</arg>
<arg>${message}</arg>
<tag>PageContent</tag>
<tag>Wait</tag>
<doc>Waits for the element found by ``selector`` to satisfy state option.</doc>
<msg timestamp="20230722 15:21:40.253" level="INFO">Waited for Element with selector xpath=//*[contains(@class, "ant-spin-spinning")] at state detached</msg>
<status status="PASS" starttime="20230722 15:21:39.346" endtime="20230722 15:21:40.253"/>
</kw>
<status status="PASS" starttime="20230722 15:21:39.340" endtime="20230722 15:21:40.254"/>
</kw>
<status status="PASS" starttime="20230722 15:21:39.339" endtime="20230722 15:21:40.254"/>
</branch>
<status status="PASS" starttime="20230722 15:21:39.339" endtime="20230722 15:21:40.254"/>
</if>
<status status="PASS" starttime="20230722 15:21:39.293" endtime="20230722 15:21:40.254"/>
</kw>
<status status="PASS" starttime="20230722 15:21:35.535" endtime="20230722 15:21:40.254"/>
</kw>
<kw name="Wait Until Element Spin" library="common">
<kw name="Set Variable" library="BuiltIn">
<var>${element}</var>
<arg>xpath=//*[contains(@class, "ant-spin-spinning")]</arg>
<doc>Returns the given values which can then be assigned to a variables.</doc>
<msg timestamp="20230722 15:21:40.255" level="INFO">${element} = xpath=//*[contains(@class, "ant-spin-spinning")]</msg>
<status status="PASS" starttime="20230722 15:21:40.255" endtime="20230722 15:21:40.255"/>
</kw>
<kw name="Get Element Count" library="Browser">
<var>${count}</var>
<arg>${element}</arg>
<tag>Assertion</tag>
<tag>Getter</tag>
<tag>PageContent</tag>
<doc>Returns the count of elements found with ``selector``.</doc>
<msg timestamp="20230722 15:21:40.268" level="INFO">${count} = 0</msg>
<status status="PASS" starttime="20230722 15:21:40.256" endtime="20230722 15:21:40.268"/>
</kw>
<if>
<branch type="IF" condition="${count} &gt; 0">
<kw name="Wait Until Element Is Not Exist" library="common">
<arg>${element}</arg>
<status status="NOT RUN" starttime="20230722 15:21:40.269" endtime="20230722 15:21:40.269"/>
</kw>
<status status="NOT RUN" starttime="20230722 15:21:40.268" endtime="20230722 15:21:40.269"/>
</branch>
<status status="PASS" starttime="20230722 15:21:40.268" endtime="20230722 15:21:40.270"/>
</if>
<status status="PASS" starttime="20230722 15:21:40.255" endtime="20230722 15:21:40.270"/>
</kw>
<status status="PASS" starttime="20230722 15:21:24.523" endtime="20230722 15:21:40.270"/>
</kw>
<kw name="And Delele select in &quot;Quản lý&quot; field" library="common">
<kw name="Get Element" library="Browser">
<var>${elements}</var>
<arg>//span[@class='ant-select-clear']</arg>
<tag>Getter</tag>
<tag>PageContent</tag>
<doc>Returns a reference to a Playwright [https://playwright.dev/docs/api/class-locator|Locator].</doc>
<msg timestamp="20230722 15:21:40.306" level="INFO">Locator found successfully.</msg>
<msg timestamp="20230722 15:21:40.308" level="INFO">${elements} = element=f781e9e1-4c32-4101-acca-7c04bcf16a7e</msg>
<status status="PASS" starttime="20230722 15:21:40.273" endtime="20230722 15:21:40.308"/>
</kw>
<kw name="Click" library="Browser">
<arg>${elements}</arg>
<tag>PageContent</tag>
<tag>Setter</tag>
<doc>Simulates mouse click on the element found by ``selector``.</doc>
<status status="PASS" starttime="20230722 15:21:40.309" endtime="20230722 15:21:40.498"/>
</kw>
<status status="PASS" starttime="20230722 15:21:40.272" endtime="20230722 15:21:40.498"/>
</kw>
<kw name="Then Required message &quot;Quản lý&quot; displayed under &quot;Xin vui lòng chọn quản lý&quot; field" library="common" sourcename="Required message &quot;${name}&quot; displayed under &quot;${text}&quot; field">
<kw name="Get Element Form Item By Name" library="common">
<var>${element}</var>
<arg>${name}</arg>
<arg>//*[contains(@class, "ant-form-item-explain-error")]</arg>
<msg timestamp="20230722 15:21:40.502" level="INFO">${element} = xpath=//*[contains(@class, "ant-form-item-label")]/label[text()="Quản lý"]/../../*[contains(@class, "ant-form-item")]//*[contains(@class, "ant-form-item-explain-error")]</msg>
<status status="PASS" starttime="20230722 15:21:40.502" endtime="20230722 15:21:40.502"/>
</kw>
<kw name="Wait Until Element Is Visible" library="common">
<arg>${element}</arg>
<kw name="Wait For Elements State" library="Browser">
<arg>${locator}</arg>
<arg>visible</arg>
<arg>${timeout}</arg>
<arg>${message}</arg>
<tag>PageContent</tag>
<tag>Wait</tag>
<doc>Waits for the element found by ``selector`` to satisfy state option.</doc>
<msg timestamp="20230722 15:21:40.601" level="INFO">Waited for Element with selector xpath=//*[contains(@class, "ant-form-item-label")]/label[text()="Quản lý"]/../../*[contains(@class, "ant-form-item")]//*[contains(@class, "ant-form-item-explain-error")] at state visible</msg>
<status status="PASS" starttime="20230722 15:21:40.502" endtime="20230722 15:21:40.601"/>
</kw>
<status status="PASS" starttime="20230722 15:21:40.502" endtime="20230722 15:21:40.601"/>
</kw>
<kw name="Element Text Should Be" library="common">
<arg>${element}</arg>
<arg>${text}</arg>
<kw name="Get Text" library="Browser">
<arg>${locator}</arg>
<arg>equal</arg>
<arg>${expected}</arg>
<arg>${message}</arg>
<tag>Assertion</tag>
<tag>Getter</tag>
<tag>PageContent</tag>
<doc>Returns text attribute of the element found by ``selector``.</doc>
<msg timestamp="20230722 15:21:40.705" level="INFO">Text: 'Xin vui lòng chọn quản lý'</msg>
<status status="PASS" starttime="20230722 15:21:40.614" endtime="20230722 15:21:40.705"/>
</kw>
<status status="PASS" starttime="20230722 15:21:40.601" endtime="20230722 15:21:40.705"/>
</kw>
<status status="PASS" starttime="20230722 15:21:40.501" endtime="20230722 15:21:40.705"/>
</kw>
<kw name="Tear Down" library="common" type="TEARDOWN">
<kw name="Close Browser" library="Browser">
<arg>ALL</arg>
<tag>BrowserControl</tag>
<tag>Setter</tag>
<doc>Closes the current browser.</doc>
<msg timestamp="20230722 15:21:41.759" level="INFO">Closed all browsers</msg>
<status status="PASS" starttime="20230722 15:21:40.722" endtime="20230722 15:21:41.759"/>
</kw>
<status status="PASS" starttime="20230722 15:21:40.722" endtime="20230722 15:21:41.761"/>
</kw>
<tag>@regression</tag>
<tag>@smoketest</tag>
<status status="PASS" starttime="20230722 15:21:19.331" endtime="20230722 15:21:41.762"/>
</test>
<status status="PASS" starttime="20230722 15:21:15.101" endtime="20230722 15:21:41.782"/>
</suite>
<statistics>
<total>
<stat pass="1" fail="0" skip="0">All Tests</stat>
</total>
<tag>
<stat pass="1" fail="0" skip="0">@regression</stat>
<stat pass="1" fail="0" skip="0">@smoketest</stat>
</tag>
<suite>
<stat pass="1" fail="0" skip="0" id="s1" name="Test">Test</stat>
</suite>
</statistics>
<errors>
</errors>
</robot>
