<?xml version="1.0" encoding="UTF-8"?>
<robot generator="Robot 6.1.1 (Python 3.11.4 on win32)" generated="20230812 15:34:37.926" rpa="false" schemaversion="4">
<suite id="s1" name="Profile" source="D:\BALANCE\vite-react-balance\test\testcases\Profile.robot">
<test id="s1-t1" name="PRO_27: Kiểm tra có thể hủy thao tác thành công khi thay đổi mật khẩu" line="220">
<kw name="Setup" library="common" type="SETUP">
<kw name="Set Browser Timeout" library="Browser">
<arg>${BROWSER_TIMEOUT}</arg>
<tag>Config</tag>
<tag>Setter</tag>
<doc>Sets the timeout used by most input and getter keywords.</doc>
<status status="PASS" starttime="20230812 15:34:41.227" endtime="20230812 15:34:41.244"/>
</kw>
<kw name="New Browser" library="Browser">
<arg>${BROWSER}</arg>
<arg>headless=${HEADLESS}</arg>
<tag>BrowserControl</tag>
<tag>Setter</tag>
<doc>Create a new playwright Browser with specified options.</doc>
<msg timestamp="20230812 15:34:41.247" level="INFO">{"browser": "chromium", "headless": false, "chromiumSandbox": false, "devtools": false, "handleSIGHUP": true, "handleSIGINT": true, "handleSIGTERM": true, "ignoreDefaultArgs": false, "slowMo": 0.0, "timeout": 30000.0, "tracesDir": "D:\\BALANCE\\vite-react-balance\\browser\\traces\\373fe8f6-3b06-4b56-a3bc-3f7bd09eeb87"}</msg>
<msg timestamp="20230812 15:34:42.697" level="INFO">Successfully created browser with options: {"browser":"chromium","headless":false,"chromiumSandbox":false,"devtools":false,"handleSIGHUP":true,"handleSIGINT":true,"handleSIGTERM":true,"ignoreDefaultArgs":false,"slowMo":0,"timeout":30000,"tracesDir":"D:\\BALANCE\\vite-react-balance\\browser\\traces\\373fe8f6-3b06-4b56-a3bc-3f7bd09eeb87"}</msg>
<status status="PASS" starttime="20230812 15:34:41.247" endtime="20230812 15:34:42.697"/>
</kw>
<kw name="New Page" library="Browser">
<arg>${URL_DEFAULT}</arg>
<tag>BrowserControl</tag>
<tag>Setter</tag>
<doc>Open a new Page.</doc>
<msg timestamp="20230812 15:34:46.310" level="INFO">Successfully initialized new page object and opened url: http://stag.balance.ari.com.vn/#/</msg>
<msg timestamp="20230812 15:34:46.310" level="INFO">No context was open. New context was automatically opened when this page is created.</msg>
<status status="PASS" starttime="20230812 15:34:42.697" endtime="20230812 15:34:46.311"/>
</kw>
<kw name="Evaluate" library="BuiltIn">
<var>${STATE}</var>
<arg>json.loads('''{}''')</arg>
<arg>json</arg>
<doc>Evaluates the given expression in Python and returns the result.</doc>
<msg timestamp="20230812 15:34:46.313" level="INFO">${STATE} = {}</msg>
<status status="PASS" starttime="20230812 15:34:46.312" endtime="20230812 15:34:46.313"/>
</kw>
<status status="PASS" starttime="20230812 15:34:41.227" endtime="20230812 15:34:46.313"/>
</kw>
<kw name="When Go to change password page">
<kw name="When Login to Store" library="common" sourcename="Login to ${user}">
<if>
<branch type="IF" condition="'${user}' == 'Admin'">
<kw name="Enter &quot;email&quot; in &quot;Tên đăng nhập&quot; with &quot;admin_balan@getnada.com&quot;" library="common" sourcename="Enter &quot;${type}&quot; in &quot;${name}&quot; with &quot;${text}&quot;">
<status status="NOT RUN" starttime="20230812 15:34:46.321" endtime="20230812 15:34:46.321"/>
</kw>
<status status="NOT RUN" starttime="20230812 15:34:46.319" endtime="20230812 15:34:46.321"/>
</branch>
<branch type="ELSE IF" condition="'${user}' == 'Store'">
<kw name="Enter &quot;email&quot; in &quot;Tên đăng nhập&quot; with &quot;chstag11111@getnada.com&quot;" library="common" sourcename="Enter &quot;${type}&quot; in &quot;${name}&quot; with &quot;${text}&quot;">
<kw name="Get Random Text" library="common">
<var>${text}</var>
<arg>${type}</arg>
<arg>${text}</arg>
<kw name="Set Variable" library="BuiltIn">
<var>${symbol}</var>
<arg>_RANDOM_</arg>
<doc>Returns the given values which can then be assigned to a variables.</doc>
<msg timestamp="20230812 15:34:46.325" level="INFO">${symbol} = _RANDOM_</msg>
<status status="PASS" starttime="20230812 15:34:46.325" endtime="20230812 15:34:46.325"/>
</kw>
<kw name="Set Variable" library="BuiltIn">
<var>${new_text}</var>
<doc>Returns the given values which can then be assigned to a variables.</doc>
<msg timestamp="20230812 15:34:46.326" level="INFO">${new_text} = </msg>
<status status="PASS" starttime="20230812 15:34:46.326" endtime="20230812 15:34:46.326"/>
</kw>
<kw name="Get Regexp Matches" library="String">
<var>${containsS}</var>
<arg>${text}</arg>
<arg>_@(.+)@_</arg>
<arg>1</arg>
<doc>Returns a list of all non-overlapping matches in the given string.</doc>
<msg timestamp="20230812 15:34:46.328" level="INFO">${containsS} = []</msg>
<status status="PASS" starttime="20230812 15:34:46.327" endtime="20230812 15:34:46.329"/>
</kw>
<kw name="Get Length" library="BuiltIn">
<var>${cntS}</var>
<arg>${containsS}</arg>
<doc>Returns and logs the length of the given item as an integer.</doc>
<msg timestamp="20230812 15:34:46.330" level="INFO">Length is 0</msg>
<msg timestamp="20230812 15:34:46.330" level="INFO">${cntS} = 0</msg>
<status status="PASS" starttime="20230812 15:34:46.329" endtime="20230812 15:34:46.330"/>
</kw>
<kw name="Get Regexp Matches" library="String">
<var>${contains}</var>
<arg>${text}</arg>
<arg>${symbol}</arg>
<doc>Returns a list of all non-overlapping matches in the given string.</doc>
<msg timestamp="20230812 15:34:46.332" level="INFO">${contains} = []</msg>
<status status="PASS" starttime="20230812 15:34:46.331" endtime="20230812 15:34:46.332"/>
</kw>
<kw name="Get Length" library="BuiltIn">
<var>${cnt}</var>
<arg>${contains}</arg>
<doc>Returns and logs the length of the given item as an integer.</doc>
<msg timestamp="20230812 15:34:46.334" level="INFO">Length is 0</msg>
<msg timestamp="20230812 15:34:46.334" level="INFO">${cnt} = 0</msg>
<status status="PASS" starttime="20230812 15:34:46.333" endtime="20230812 15:34:46.334"/>
</kw>
<if>
<branch type="IF" condition="${cntS} &gt; 0">
<kw name="Set Variable" library="BuiltIn">
<var>${new_text}</var>
<arg>${STATE["${containsS[0]}"]}</arg>
<doc>Returns the given values which can then be assigned to a variables.</doc>
<status status="NOT RUN" starttime="20230812 15:34:46.337" endtime="20230812 15:34:46.337"/>
</kw>
<kw name="Set Variable" library="BuiltIn">
<var>${symbol}</var>
<arg>_@${containsS[0]}@_</arg>
<doc>Returns the given values which can then be assigned to a variables.</doc>
<status status="NOT RUN" starttime="20230812 15:34:46.338" endtime="20230812 15:34:46.338"/>
</kw>
<status status="NOT RUN" starttime="20230812 15:34:46.335" endtime="20230812 15:34:46.339"/>
</branch>
<branch type="ELSE IF" condition="${cnt} &gt; 0 and '${type}' == 'fullname'">
<kw name="Name" library="FakerLibrary">
<var>${new_text}</var>
<doc>:example: 'John Doe'</doc>
<status status="NOT RUN" starttime="20230812 15:34:46.340" endtime="20230812 15:34:46.340"/>
</kw>
<status status="NOT RUN" starttime="20230812 15:34:46.339" endtime="20230812 15:34:46.340"/>
</branch>
<branch type="ELSE IF" condition="${cnt} &gt; 0 and '${type}' == 'test name'">
<kw name="Sentence" library="FakerLibrary">
<var>${random}</var>
<arg>nb_words=3</arg>
<doc>Generate a sentence.</doc>
<status status="NOT RUN" starttime="20230812 15:34:46.341" endtime="20230812 15:34:46.342"/>
</kw>
<kw name="Split String" library="String">
<var>${words}</var>
<arg>${TEST NAME}</arg>
<arg>${SPACE}</arg>
<doc>Splits the ``string`` using ``separator`` as a delimiter string.</doc>
<status status="NOT RUN" starttime="20230812 15:34:46.342" endtime="20230812 15:34:46.343"/>
</kw>
<kw name="Set Variable" library="BuiltIn">
<var>${new_text}</var>
<arg>${words[0]} ${random}</arg>
<doc>Returns the given values which can then be assigned to a variables.</doc>
<status status="NOT RUN" starttime="20230812 15:34:46.343" endtime="20230812 15:34:46.344"/>
</kw>
<status status="NOT RUN" starttime="20230812 15:34:46.341" endtime="20230812 15:34:46.344"/>
</branch>
<branch type="ELSE IF" condition="${cnt} &gt; 0 and '${type}' == 'name code'">
<kw name="Random Int" library="FakerLibrary">
<var>${random}</var>
<arg>min=00000</arg>
<arg>max=99999</arg>
<doc>Generate a random integer between two integers ``min`` and ``max`` inclusive
while observing the provided ``step`` value.</doc>
<status status="NOT RUN" starttime="20230812 15:34:46.345" endtime="20230812 15:34:46.345"/>
</kw>
<kw name="Set Variable" library="BuiltIn">
<var>${name}</var>
<arg>USR</arg>
<doc>Returns the given values which can then be assigned to a variables.</doc>
<status status="NOT RUN" starttime="20230812 15:34:46.346" endtime="20230812 15:34:46.346"/>
</kw>
<kw name="Set Variable" library="BuiltIn">
<var>${new_text}</var>
<arg>${name}${random}</arg>
<doc>Returns the given values which can then be assigned to a variables.</doc>
<status status="NOT RUN" starttime="20230812 15:34:46.353" endtime="20230812 15:34:46.353"/>
</kw>
<status status="NOT RUN" starttime="20230812 15:34:46.344" endtime="20230812 15:34:46.353"/>
</branch>
<branch type="ELSE IF" condition="${cnt} &gt; 0 and '${type}' == 'phone_invalid'">
<kw name="Random Int" library="FakerLibrary">
<var>${new_text}</var>
<arg>min=1000000000000</arg>
<arg>max=9999999999999</arg>
<doc>Generate a random integer between two integers ``min`` and ``max`` inclusive
while observing the provided ``step`` value.</doc>
<status status="NOT RUN" starttime="20230812 15:34:46.353" endtime="20230812 15:34:46.356"/>
</kw>
<kw name="Convert To String" library="BuiltIn">
<var>${new_text}</var>
<arg>${new_text}</arg>
<doc>Converts the given item to a Unicode string.</doc>
<status status="NOT RUN" starttime="20230812 15:34:46.356" endtime="20230812 15:34:46.356"/>
</kw>
<status status="NOT RUN" starttime="20230812 15:34:46.353" endtime="20230812 15:34:46.356"/>
</branch>
<branch type="ELSE IF" condition="${cnt} &gt; 0 and '${type}' == 'percentage'">
<kw name="Random Int" library="FakerLibrary">
<var>${new_text}</var>
<arg>max=100</arg>
<doc>Generate a random integer between two integers ``min`` and ``max`` inclusive
while observing the provided ``step`` value.</doc>
<status status="NOT RUN" starttime="20230812 15:34:46.356" endtime="20230812 15:34:46.356"/>
</kw>
<kw name="Convert To String" library="BuiltIn">
<var>${new_text}</var>
<arg>${new_text}</arg>
<doc>Converts the given item to a Unicode string.</doc>
<status status="NOT RUN" starttime="20230812 15:34:46.356" endtime="20230812 15:34:46.356"/>
</kw>
<status status="NOT RUN" starttime="20230812 15:34:46.356" endtime="20230812 15:34:46.356"/>
</branch>
<branch type="ELSE IF" condition="${cnt} &gt; 0 and '${type}' == 'paragraph'">
<kw name="Paragraph" library="FakerLibrary">
<var>${new_text}</var>
<doc>Generate a paragraph.</doc>
<status status="NOT RUN" starttime="20230812 15:34:46.361" endtime="20230812 15:34:46.361"/>
</kw>
<status status="NOT RUN" starttime="20230812 15:34:46.361" endtime="20230812 15:34:46.361"/>
</branch>
<branch type="ELSE IF" condition="${cnt} &gt; 0 and '${type}' == 'email'">
<kw name="Email" library="FakerLibrary">
<var>${new_text}</var>
<status status="NOT RUN" starttime="20230812 15:34:46.361" endtime="20230812 15:34:46.366"/>
</kw>
<status status="NOT RUN" starttime="20230812 15:34:46.361" endtime="20230812 15:34:46.366"/>
</branch>
<branch type="ELSE IF" condition="${cnt} &gt; 0 and '${type}' == 'phone'">
<kw name="Random Int" library="FakerLibrary">
<var>${new_text}</var>
<arg>min=55555555</arg>
<arg>max=999999999999</arg>
<doc>Generate a random integer between two integers ``min`` and ``max`` inclusive
while observing the provided ``step`` value.</doc>
<status status="NOT RUN" starttime="20230812 15:34:46.366" endtime="20230812 15:34:46.368"/>
</kw>
<kw name="Convert To String" library="BuiltIn">
<var>${new_text}</var>
<arg>${new_text}</arg>
<doc>Converts the given item to a Unicode string.</doc>
<status status="NOT RUN" starttime="20230812 15:34:46.368" endtime="20230812 15:34:46.368"/>
</kw>
<status status="NOT RUN" starttime="20230812 15:34:46.366" endtime="20230812 15:34:46.368"/>
</branch>
<branch type="ELSE IF" condition="${cnt} &gt; 0 and '${type}' == 'phone_7'">
<kw name="Random Int" library="FakerLibrary">
<var>${new_text}</var>
<arg>min=0000000</arg>
<arg>max=9999999</arg>
<doc>Generate a random integer between two integers ``min`` and ``max`` inclusive
while observing the provided ``step`` value.</doc>
<status status="NOT RUN" starttime="20230812 15:34:46.374" endtime="20230812 15:34:46.374"/>
</kw>
<kw name="Convert To String" library="BuiltIn">
<var>${new_text}</var>
<arg>${new_text}</arg>
<doc>Converts the given item to a Unicode string.</doc>
<status status="NOT RUN" starttime="20230812 15:34:46.375" endtime="20230812 15:34:46.375"/>
</kw>
<status status="NOT RUN" starttime="20230812 15:34:46.368" endtime="20230812 15:34:46.375"/>
</branch>
<branch type="ELSE IF" condition="${cnt} &gt; 0 and '${type}' == 'phone_invalid'">
<kw name="Random Int" library="FakerLibrary">
<var>${new_text}</var>
<arg>min=0000000000000</arg>
<arg>max=9999999999999</arg>
<doc>Generate a random integer between two integers ``min`` and ``max`` inclusive
while observing the provided ``step`` value.</doc>
<status status="NOT RUN" starttime="20230812 15:34:46.376" endtime="20230812 15:34:46.376"/>
</kw>
<kw name="Convert To String" library="BuiltIn">
<var>${new_text}</var>
<arg>${new_text}</arg>
<doc>Converts the given item to a Unicode string.</doc>
<status status="NOT RUN" starttime="20230812 15:34:46.376" endtime="20230812 15:34:46.381"/>
</kw>
<status status="NOT RUN" starttime="20230812 15:34:46.376" endtime="20230812 15:34:46.393"/>
</branch>
<branch type="ELSE IF" condition="${cnt} &gt; 0 and '${type}' == 'number'">
<kw name="Random Int" library="FakerLibrary">
<var>${new_text}</var>
<arg>min=55555555</arg>
<arg>max=999999999999</arg>
<doc>Generate a random integer between two integers ``min`` and ``max`` inclusive
while observing the provided ``step`` value.</doc>
<status status="NOT RUN" starttime="20230812 15:34:46.399" endtime="20230812 15:34:46.400"/>
</kw>
<kw name="Convert To String" library="BuiltIn">
<var>${new_text}</var>
<arg>${new_text}</arg>
<doc>Converts the given item to a Unicode string.</doc>
<status status="NOT RUN" starttime="20230812 15:34:46.401" endtime="20230812 15:34:46.402"/>
</kw>
<status status="NOT RUN" starttime="20230812 15:34:46.393" endtime="20230812 15:34:46.402"/>
</branch>
<branch type="ELSE IF" condition="${cnt} &gt; 0 and '${type}' == 'otp'">
<kw name="Random Int" library="FakerLibrary">
<var>${new_text}</var>
<arg>min=100000</arg>
<arg>max=999999</arg>
<doc>Generate a random integer between two integers ``min`` and ``max`` inclusive
while observing the provided ``step`` value.</doc>
<status status="NOT RUN" starttime="20230812 15:34:46.404" endtime="20230812 15:34:46.405"/>
</kw>
<kw name="Convert To String" library="BuiltIn">
<var>${new_text}</var>
<arg>${new_text}</arg>
<doc>Converts the given item to a Unicode string.</doc>
<status status="NOT RUN" starttime="20230812 15:34:46.405" endtime="20230812 15:34:46.405"/>
</kw>
<status status="NOT RUN" starttime="20230812 15:34:46.403" endtime="20230812 15:34:46.406"/>
</branch>
<branch type="ELSE IF" condition="${cnt} &gt; 0 and '${type}' == 'color'">
<kw name="Safe Hex Color" library="FakerLibrary">
<var>${new_text}</var>
<doc>Generate a web-safe color formatted as a hex triplet.</doc>
<status status="NOT RUN" starttime="20230812 15:34:46.406" endtime="20230812 15:34:46.406"/>
</kw>
<status status="NOT RUN" starttime="20230812 15:34:46.406" endtime="20230812 15:34:46.406"/>
</branch>
<branch type="ELSE IF" condition="${cnt} &gt; 0 and '${type}' == 'date'">
<kw name="Date" library="FakerLibrary">
<var>${new_text}</var>
<arg>pattern=%d-%m-%Y</arg>
<doc>Get a date string between January 1, 1970 and now.</doc>
<status status="NOT RUN" starttime="20230812 15:34:46.433" endtime="20230812 15:34:46.435"/>
</kw>
<status status="NOT RUN" starttime="20230812 15:34:46.406" endtime="20230812 15:34:46.439"/>
</branch>
<branch type="ELSE IF" condition="${cnt} &gt; 0 and '${type}' == 'word'">
<kw name="Sentence" library="FakerLibrary">
<var>${new_text}</var>
<arg>nb_words=500</arg>
<doc>Generate a sentence.</doc>
<status status="NOT RUN" starttime="20230812 15:34:46.445" endtime="20230812 15:34:46.446"/>
</kw>
<status status="NOT RUN" starttime="20230812 15:34:46.439" endtime="20230812 15:34:46.446"/>
</branch>
<branch type="ELSE IF" condition="${cnt} &gt; 0">
<kw name="Sentence" library="FakerLibrary">
<var>${new_text}</var>
<doc>Generate a sentence.</doc>
<status status="NOT RUN" starttime="20230812 15:34:46.446" endtime="20230812 15:34:46.446"/>
</kw>
<status status="NOT RUN" starttime="20230812 15:34:46.446" endtime="20230812 15:34:46.446"/>
</branch>
<status status="PASS" starttime="20230812 15:34:46.334" endtime="20230812 15:34:46.446"/>
</if>
<kw name="Get Length" library="BuiltIn">
<var>${cnt}</var>
<arg>${text}</arg>
<doc>Returns and logs the length of the given item as an integer.</doc>
<msg timestamp="20230812 15:34:46.462" level="INFO">Length is 23</msg>
<msg timestamp="20230812 15:34:46.465" level="INFO">${cnt} = 23</msg>
<status status="PASS" starttime="20230812 15:34:46.458" endtime="20230812 15:34:46.513"/>
</kw>
<if>
<branch type="IF" condition="${cnt} &gt; 0">
<kw name="Replace String" library="String">
<var>${text}</var>
<arg>${text}</arg>
<arg>${symbol}</arg>
<arg>${new_text}</arg>
<doc>Replaces ``search_for`` in the given ``string`` with ``replace_with``.</doc>
<msg timestamp="20230812 15:34:46.518" level="INFO">${text} = chstag11111@getnada.com</msg>
<status status="PASS" starttime="20230812 15:34:46.516" endtime="20230812 15:34:46.518"/>
</kw>
<status status="PASS" starttime="20230812 15:34:46.513" endtime="20230812 15:34:46.519"/>
</branch>
<status status="PASS" starttime="20230812 15:34:46.513" endtime="20230812 15:34:46.519"/>
</if>
<msg timestamp="20230812 15:34:46.524" level="INFO">${text} = chstag11111@getnada.com</msg>
<status status="PASS" starttime="20230812 15:34:46.324" endtime="20230812 15:34:46.525"/>
</kw>
<kw name="Get Element Form Item By Name" library="common">
<var>${element}</var>
<arg>${name}</arg>
<arg>//input[contains(@class, "ant-input")]</arg>
<msg timestamp="20230812 15:34:46.534" level="INFO">${element} = xpath=//*[contains(@class, "ant-form-item-label")]/label[text()="Tên đăng nhập"]/../../*[contains(@class, "ant-form-item")]//input[contains(@class, "ant-input")]</msg>
<status status="PASS" starttime="20230812 15:34:46.525" endtime="20230812 15:34:46.535"/>
</kw>
<kw name="Clear Text" library="Browser">
<arg>${element}</arg>
<tag>PageContent</tag>
<tag>Setter</tag>
<doc>Clears the text field found by ``selector``.</doc>
<status status="PASS" starttime="20230812 15:34:46.535" endtime="20230812 15:34:46.833"/>
</kw>
<kw name="Fill Text" library="Browser">
<arg>${element}</arg>
<arg>${text}</arg>
<arg>True</arg>
<tag>PageContent</tag>
<tag>Setter</tag>
<doc>Clears and fills the given ``txt`` into the text field found by ``selector``.</doc>
<msg timestamp="20230812 15:34:46.834" level="INFO">Fills the text 'chstag11111@getnada.com' in the given field.</msg>
<status status="PASS" starttime="20230812 15:34:46.834" endtime="20230812 15:34:46.918"/>
</kw>
<kw name="Get Length" library="BuiltIn">
<var>${cnt}</var>
<arg>${text}</arg>
<doc>Returns and logs the length of the given item as an integer.</doc>
<msg timestamp="20230812 15:34:46.919" level="INFO">Length is 23</msg>
<msg timestamp="20230812 15:34:46.920" level="INFO">${cnt} = 23</msg>
<status status="PASS" starttime="20230812 15:34:46.919" endtime="20230812 15:34:46.920"/>
</kw>
<if>
<branch type="IF" condition="${cnt} &gt; 0">
<kw name="Set Global Variable" library="BuiltIn">
<arg>${STATE["${name}"]}</arg>
<arg>${text}</arg>
<doc>Makes a variable available globally in all tests and suites.</doc>
<msg timestamp="20230812 15:34:46.925" level="INFO">${STATE["Tên đăng nhập"]} = chstag11111@getnada.com</msg>
<status status="PASS" starttime="20230812 15:34:46.921" endtime="20230812 15:34:46.925"/>
</kw>
<status status="PASS" starttime="20230812 15:34:46.920" endtime="20230812 15:34:46.925"/>
</branch>
<status status="PASS" starttime="20230812 15:34:46.920" endtime="20230812 15:34:46.925"/>
</if>
<status status="PASS" starttime="20230812 15:34:46.323" endtime="20230812 15:34:46.925"/>
</kw>
<status status="PASS" starttime="20230812 15:34:46.321" endtime="20230812 15:34:46.925"/>
</branch>
<branch type="ELSE IF" condition="'${user}' == 'Supplier'">
<kw name="Enter &quot;email&quot; in &quot;Tên đăng nhập&quot; with &quot;nccstag11111@getnada.com&quot;" library="common" sourcename="Enter &quot;${type}&quot; in &quot;${name}&quot; with &quot;${text}&quot;">
<status status="NOT RUN" starttime="20230812 15:34:46.927" endtime="20230812 15:34:46.927"/>
</kw>
<status status="NOT RUN" starttime="20230812 15:34:46.925" endtime="20230812 15:34:46.927"/>
</branch>
<status status="PASS" starttime="20230812 15:34:46.319" endtime="20230812 15:34:46.927"/>
</if>
<kw name="Enter &quot;text&quot; in &quot;Mật khẩu&quot; with &quot;Ari123456#&quot;" library="common" sourcename="Enter &quot;${type}&quot; in &quot;${name}&quot; with &quot;${text}&quot;">
<kw name="Get Random Text" library="common">
<var>${text}</var>
<arg>${type}</arg>
<arg>${text}</arg>
<kw name="Set Variable" library="BuiltIn">
<var>${symbol}</var>
<arg>_RANDOM_</arg>
<doc>Returns the given values which can then be assigned to a variables.</doc>
<msg timestamp="20230812 15:34:46.927" level="INFO">${symbol} = _RANDOM_</msg>
<status status="PASS" starttime="20230812 15:34:46.927" endtime="20230812 15:34:46.927"/>
</kw>
<kw name="Set Variable" library="BuiltIn">
<var>${new_text}</var>
<doc>Returns the given values which can then be assigned to a variables.</doc>
<msg timestamp="20230812 15:34:46.932" level="INFO">${new_text} = </msg>
<status status="PASS" starttime="20230812 15:34:46.927" endtime="20230812 15:34:46.932"/>
</kw>
<kw name="Get Regexp Matches" library="String">
<var>${containsS}</var>
<arg>${text}</arg>
<arg>_@(.+)@_</arg>
<arg>1</arg>
<doc>Returns a list of all non-overlapping matches in the given string.</doc>
<msg timestamp="20230812 15:34:46.932" level="INFO">${containsS} = []</msg>
<status status="PASS" starttime="20230812 15:34:46.932" endtime="20230812 15:34:46.932"/>
</kw>
<kw name="Get Length" library="BuiltIn">
<var>${cntS}</var>
<arg>${containsS}</arg>
<doc>Returns and logs the length of the given item as an integer.</doc>
<msg timestamp="20230812 15:34:46.932" level="INFO">Length is 0</msg>
<msg timestamp="20230812 15:34:46.932" level="INFO">${cntS} = 0</msg>
<status status="PASS" starttime="20230812 15:34:46.932" endtime="20230812 15:34:46.932"/>
</kw>
<kw name="Get Regexp Matches" library="String">
<var>${contains}</var>
<arg>${text}</arg>
<arg>${symbol}</arg>
<doc>Returns a list of all non-overlapping matches in the given string.</doc>
<msg timestamp="20230812 15:34:46.932" level="INFO">${contains} = []</msg>
<status status="PASS" starttime="20230812 15:34:46.932" endtime="20230812 15:34:46.932"/>
</kw>
<kw name="Get Length" library="BuiltIn">
<var>${cnt}</var>
<arg>${contains}</arg>
<doc>Returns and logs the length of the given item as an integer.</doc>
<msg timestamp="20230812 15:34:46.937" level="INFO">Length is 0</msg>
<msg timestamp="20230812 15:34:46.937" level="INFO">${cnt} = 0</msg>
<status status="PASS" starttime="20230812 15:34:46.937" endtime="20230812 15:34:46.937"/>
</kw>
<if>
<branch type="IF" condition="${cntS} &gt; 0">
<kw name="Set Variable" library="BuiltIn">
<var>${new_text}</var>
<arg>${STATE["${containsS[0]}"]}</arg>
<doc>Returns the given values which can then be assigned to a variables.</doc>
<status status="NOT RUN" starttime="20230812 15:34:46.937" endtime="20230812 15:34:46.937"/>
</kw>
<kw name="Set Variable" library="BuiltIn">
<var>${symbol}</var>
<arg>_@${containsS[0]}@_</arg>
<doc>Returns the given values which can then be assigned to a variables.</doc>
<status status="NOT RUN" starttime="20230812 15:34:46.937" endtime="20230812 15:34:46.940"/>
</kw>
<status status="NOT RUN" starttime="20230812 15:34:46.937" endtime="20230812 15:34:46.940"/>
</branch>
<branch type="ELSE IF" condition="${cnt} &gt; 0 and '${type}' == 'fullname'">
<kw name="Name" library="FakerLibrary">
<var>${new_text}</var>
<doc>:example: 'John Doe'</doc>
<status status="NOT RUN" starttime="20230812 15:34:46.940" endtime="20230812 15:34:46.940"/>
</kw>
<status status="NOT RUN" starttime="20230812 15:34:46.940" endtime="20230812 15:34:46.940"/>
</branch>
<branch type="ELSE IF" condition="${cnt} &gt; 0 and '${type}' == 'test name'">
<kw name="Sentence" library="FakerLibrary">
<var>${random}</var>
<arg>nb_words=3</arg>
<doc>Generate a sentence.</doc>
<status status="NOT RUN" starttime="20230812 15:34:46.940" endtime="20230812 15:34:46.940"/>
</kw>
<kw name="Split String" library="String">
<var>${words}</var>
<arg>${TEST NAME}</arg>
<arg>${SPACE}</arg>
<doc>Splits the ``string`` using ``separator`` as a delimiter string.</doc>
<status status="NOT RUN" starttime="20230812 15:34:46.940" endtime="20230812 15:34:46.940"/>
</kw>
<kw name="Set Variable" library="BuiltIn">
<var>${new_text}</var>
<arg>${words[0]} ${random}</arg>
<doc>Returns the given values which can then be assigned to a variables.</doc>
<status status="NOT RUN" starttime="20230812 15:34:46.940" endtime="20230812 15:34:46.945"/>
</kw>
<status status="NOT RUN" starttime="20230812 15:34:46.940" endtime="20230812 15:34:46.945"/>
</branch>
<branch type="ELSE IF" condition="${cnt} &gt; 0 and '${type}' == 'name code'">
<kw name="Random Int" library="FakerLibrary">
<var>${random}</var>
<arg>min=00000</arg>
<arg>max=99999</arg>
<doc>Generate a random integer between two integers ``min`` and ``max`` inclusive
while observing the provided ``step`` value.</doc>
<status status="NOT RUN" starttime="20230812 15:34:46.946" endtime="20230812 15:34:46.946"/>
</kw>
<kw name="Set Variable" library="BuiltIn">
<var>${name}</var>
<arg>USR</arg>
<doc>Returns the given values which can then be assigned to a variables.</doc>
<status status="NOT RUN" starttime="20230812 15:34:46.946" endtime="20230812 15:34:46.946"/>
</kw>
<kw name="Set Variable" library="BuiltIn">
<var>${new_text}</var>
<arg>${name}${random}</arg>
<doc>Returns the given values which can then be assigned to a variables.</doc>
<status status="NOT RUN" starttime="20230812 15:34:46.946" endtime="20230812 15:34:46.946"/>
</kw>
<status status="NOT RUN" starttime="20230812 15:34:46.945" endtime="20230812 15:34:46.946"/>
</branch>
<branch type="ELSE IF" condition="${cnt} &gt; 0 and '${type}' == 'phone_invalid'">
<kw name="Random Int" library="FakerLibrary">
<var>${new_text}</var>
<arg>min=1000000000000</arg>
<arg>max=9999999999999</arg>
<doc>Generate a random integer between two integers ``min`` and ``max`` inclusive
while observing the provided ``step`` value.</doc>
<status status="NOT RUN" starttime="20230812 15:34:46.946" endtime="20230812 15:34:46.946"/>
</kw>
<kw name="Convert To String" library="BuiltIn">
<var>${new_text}</var>
<arg>${new_text}</arg>
<doc>Converts the given item to a Unicode string.</doc>
<status status="NOT RUN" starttime="20230812 15:34:46.946" endtime="20230812 15:34:46.946"/>
</kw>
<status status="NOT RUN" starttime="20230812 15:34:46.946" endtime="20230812 15:34:46.951"/>
</branch>
<branch type="ELSE IF" condition="${cnt} &gt; 0 and '${type}' == 'percentage'">
<kw name="Random Int" library="FakerLibrary">
<var>${new_text}</var>
<arg>max=100</arg>
<doc>Generate a random integer between two integers ``min`` and ``max`` inclusive
while observing the provided ``step`` value.</doc>
<status status="NOT RUN" starttime="20230812 15:34:46.951" endtime="20230812 15:34:46.951"/>
</kw>
<kw name="Convert To String" library="BuiltIn">
<var>${new_text}</var>
<arg>${new_text}</arg>
<doc>Converts the given item to a Unicode string.</doc>
<status status="NOT RUN" starttime="20230812 15:34:46.951" endtime="20230812 15:34:46.951"/>
</kw>
<status status="NOT RUN" starttime="20230812 15:34:46.951" endtime="20230812 15:34:46.951"/>
</branch>
<branch type="ELSE IF" condition="${cnt} &gt; 0 and '${type}' == 'paragraph'">
<kw name="Paragraph" library="FakerLibrary">
<var>${new_text}</var>
<doc>Generate a paragraph.</doc>
<status status="NOT RUN" starttime="20230812 15:34:46.951" endtime="20230812 15:34:46.951"/>
</kw>
<status status="NOT RUN" starttime="20230812 15:34:46.951" endtime="20230812 15:34:46.951"/>
</branch>
<branch type="ELSE IF" condition="${cnt} &gt; 0 and '${type}' == 'email'">
<kw name="Email" library="FakerLibrary">
<var>${new_text}</var>
<status status="NOT RUN" starttime="20230812 15:34:46.956" endtime="20230812 15:34:46.956"/>
</kw>
<status status="NOT RUN" starttime="20230812 15:34:46.951" endtime="20230812 15:34:46.956"/>
</branch>
<branch type="ELSE IF" condition="${cnt} &gt; 0 and '${type}' == 'phone'">
<kw name="Random Int" library="FakerLibrary">
<var>${new_text}</var>
<arg>min=55555555</arg>
<arg>max=999999999999</arg>
<doc>Generate a random integer between two integers ``min`` and ``max`` inclusive
while observing the provided ``step`` value.</doc>
<status status="NOT RUN" starttime="20230812 15:34:46.956" endtime="20230812 15:34:46.956"/>
</kw>
<kw name="Convert To String" library="BuiltIn">
<var>${new_text}</var>
<arg>${new_text}</arg>
<doc>Converts the given item to a Unicode string.</doc>
<status status="NOT RUN" starttime="20230812 15:34:46.956" endtime="20230812 15:34:46.956"/>
</kw>
<status status="NOT RUN" starttime="20230812 15:34:46.956" endtime="20230812 15:34:46.956"/>
</branch>
<branch type="ELSE IF" condition="${cnt} &gt; 0 and '${type}' == 'phone_7'">
<kw name="Random Int" library="FakerLibrary">
<var>${new_text}</var>
<arg>min=0000000</arg>
<arg>max=9999999</arg>
<doc>Generate a random integer between two integers ``min`` and ``max`` inclusive
while observing the provided ``step`` value.</doc>
<status status="NOT RUN" starttime="20230812 15:34:46.961" endtime="20230812 15:34:46.961"/>
</kw>
<kw name="Convert To String" library="BuiltIn">
<var>${new_text}</var>
<arg>${new_text}</arg>
<doc>Converts the given item to a Unicode string.</doc>
<status status="NOT RUN" starttime="20230812 15:34:46.961" endtime="20230812 15:34:46.961"/>
</kw>
<status status="NOT RUN" starttime="20230812 15:34:46.956" endtime="20230812 15:34:46.961"/>
</branch>
<branch type="ELSE IF" condition="${cnt} &gt; 0 and '${type}' == 'phone_invalid'">
<kw name="Random Int" library="FakerLibrary">
<var>${new_text}</var>
<arg>min=0000000000000</arg>
<arg>max=9999999999999</arg>
<doc>Generate a random integer between two integers ``min`` and ``max`` inclusive
while observing the provided ``step`` value.</doc>
<status status="NOT RUN" starttime="20230812 15:34:46.961" endtime="20230812 15:34:46.961"/>
</kw>
<kw name="Convert To String" library="BuiltIn">
<var>${new_text}</var>
<arg>${new_text}</arg>
<doc>Converts the given item to a Unicode string.</doc>
<status status="NOT RUN" starttime="20230812 15:34:46.961" endtime="20230812 15:34:46.961"/>
</kw>
<status status="NOT RUN" starttime="20230812 15:34:46.961" endtime="20230812 15:34:46.961"/>
</branch>
<branch type="ELSE IF" condition="${cnt} &gt; 0 and '${type}' == 'number'">
<kw name="Random Int" library="FakerLibrary">
<var>${new_text}</var>
<arg>min=55555555</arg>
<arg>max=999999999999</arg>
<doc>Generate a random integer between two integers ``min`` and ``max`` inclusive
while observing the provided ``step`` value.</doc>
<status status="NOT RUN" starttime="20230812 15:34:46.961" endtime="20230812 15:34:46.966"/>
</kw>
<kw name="Convert To String" library="BuiltIn">
<var>${new_text}</var>
<arg>${new_text}</arg>
<doc>Converts the given item to a Unicode string.</doc>
<status status="NOT RUN" starttime="20230812 15:34:46.966" endtime="20230812 15:34:46.966"/>
</kw>
<status status="NOT RUN" starttime="20230812 15:34:46.961" endtime="20230812 15:34:46.966"/>
</branch>
<branch type="ELSE IF" condition="${cnt} &gt; 0 and '${type}' == 'otp'">
<kw name="Random Int" library="FakerLibrary">
<var>${new_text}</var>
<arg>min=100000</arg>
<arg>max=999999</arg>
<doc>Generate a random integer between two integers ``min`` and ``max`` inclusive
while observing the provided ``step`` value.</doc>
<status status="NOT RUN" starttime="20230812 15:34:46.966" endtime="20230812 15:34:46.966"/>
</kw>
<kw name="Convert To String" library="BuiltIn">
<var>${new_text}</var>
<arg>${new_text}</arg>
<doc>Converts the given item to a Unicode string.</doc>
<status status="NOT RUN" starttime="20230812 15:34:46.966" endtime="20230812 15:34:46.966"/>
</kw>
<status status="NOT RUN" starttime="20230812 15:34:46.966" endtime="20230812 15:34:46.966"/>
</branch>
<branch type="ELSE IF" condition="${cnt} &gt; 0 and '${type}' == 'color'">
<kw name="Safe Hex Color" library="FakerLibrary">
<var>${new_text}</var>
<doc>Generate a web-safe color formatted as a hex triplet.</doc>
<status status="NOT RUN" starttime="20230812 15:34:46.971" endtime="20230812 15:34:46.971"/>
</kw>
<status status="NOT RUN" starttime="20230812 15:34:46.966" endtime="20230812 15:34:46.971"/>
</branch>
<branch type="ELSE IF" condition="${cnt} &gt; 0 and '${type}' == 'date'">
<kw name="Date" library="FakerLibrary">
<var>${new_text}</var>
<arg>pattern=%d-%m-%Y</arg>
<doc>Get a date string between January 1, 1970 and now.</doc>
<status status="NOT RUN" starttime="20230812 15:34:46.972" endtime="20230812 15:34:46.972"/>
</kw>
<status status="NOT RUN" starttime="20230812 15:34:46.971" endtime="20230812 15:34:46.972"/>
</branch>
<branch type="ELSE IF" condition="${cnt} &gt; 0 and '${type}' == 'word'">
<kw name="Sentence" library="FakerLibrary">
<var>${new_text}</var>
<arg>nb_words=500</arg>
<doc>Generate a sentence.</doc>
<status status="NOT RUN" starttime="20230812 15:34:46.972" endtime="20230812 15:34:46.972"/>
</kw>
<status status="NOT RUN" starttime="20230812 15:34:46.972" endtime="20230812 15:34:46.972"/>
</branch>
<branch type="ELSE IF" condition="${cnt} &gt; 0">
<kw name="Sentence" library="FakerLibrary">
<var>${new_text}</var>
<doc>Generate a sentence.</doc>
<status status="NOT RUN" starttime="20230812 15:34:46.976" endtime="20230812 15:34:46.976"/>
</kw>
<status status="NOT RUN" starttime="20230812 15:34:46.972" endtime="20230812 15:34:46.976"/>
</branch>
<status status="PASS" starttime="20230812 15:34:46.937" endtime="20230812 15:34:46.976"/>
</if>
<kw name="Get Length" library="BuiltIn">
<var>${cnt}</var>
<arg>${text}</arg>
<doc>Returns and logs the length of the given item as an integer.</doc>
<msg timestamp="20230812 15:34:46.976" level="INFO">Length is 10</msg>
<msg timestamp="20230812 15:34:46.976" level="INFO">${cnt} = 10</msg>
<status status="PASS" starttime="20230812 15:34:46.976" endtime="20230812 15:34:46.976"/>
</kw>
<if>
<branch type="IF" condition="${cnt} &gt; 0">
<kw name="Replace String" library="String">
<var>${text}</var>
<arg>${text}</arg>
<arg>${symbol}</arg>
<arg>${new_text}</arg>
<doc>Replaces ``search_for`` in the given ``string`` with ``replace_with``.</doc>
<msg timestamp="20230812 15:34:46.981" level="INFO">${text} = Ari123456#</msg>
<status status="PASS" starttime="20230812 15:34:46.981" endtime="20230812 15:34:46.981"/>
</kw>
<status status="PASS" starttime="20230812 15:34:46.976" endtime="20230812 15:34:46.981"/>
</branch>
<status status="PASS" starttime="20230812 15:34:46.976" endtime="20230812 15:34:46.981"/>
</if>
<msg timestamp="20230812 15:34:46.981" level="INFO">${text} = Ari123456#</msg>
<status status="PASS" starttime="20230812 15:34:46.927" endtime="20230812 15:34:46.981"/>
</kw>
<kw name="Get Element Form Item By Name" library="common">
<var>${element}</var>
<arg>${name}</arg>
<arg>//input[contains(@class, "ant-input")]</arg>
<msg timestamp="20230812 15:34:46.981" level="INFO">${element} = xpath=//*[contains(@class, "ant-form-item-label")]/label[text()="Mật khẩu"]/../../*[contains(@class, "ant-form-item")]//input[contains(@class, "ant-input")]</msg>
<status status="PASS" starttime="20230812 15:34:46.981" endtime="20230812 15:34:46.981"/>
</kw>
<kw name="Clear Text" library="Browser">
<arg>${element}</arg>
<tag>PageContent</tag>
<tag>Setter</tag>
<doc>Clears the text field found by ``selector``.</doc>
<status status="PASS" starttime="20230812 15:34:46.986" endtime="20230812 15:34:47.094"/>
</kw>
<kw name="Fill Text" library="Browser">
<arg>${element}</arg>
<arg>${text}</arg>
<arg>True</arg>
<tag>PageContent</tag>
<tag>Setter</tag>
<doc>Clears and fills the given ``txt`` into the text field found by ``selector``.</doc>
<msg timestamp="20230812 15:34:47.095" level="INFO">Fills the text 'Ari123456#' in the given field.</msg>
<status status="PASS" starttime="20230812 15:34:47.095" endtime="20230812 15:34:47.142"/>
</kw>
<kw name="Get Length" library="BuiltIn">
<var>${cnt}</var>
<arg>${text}</arg>
<doc>Returns and logs the length of the given item as an integer.</doc>
<msg timestamp="20230812 15:34:47.144" level="INFO">Length is 10</msg>
<msg timestamp="20230812 15:34:47.144" level="INFO">${cnt} = 10</msg>
<status status="PASS" starttime="20230812 15:34:47.143" endtime="20230812 15:34:47.144"/>
</kw>
<if>
<branch type="IF" condition="${cnt} &gt; 0">
<kw name="Set Global Variable" library="BuiltIn">
<arg>${STATE["${name}"]}</arg>
<arg>${text}</arg>
<doc>Makes a variable available globally in all tests and suites.</doc>
<msg timestamp="20230812 15:34:47.150" level="INFO">${STATE["Mật khẩu"]} = Ari123456#</msg>
<status status="PASS" starttime="20230812 15:34:47.146" endtime="20230812 15:34:47.151"/>
</kw>
<status status="PASS" starttime="20230812 15:34:47.144" endtime="20230812 15:34:47.151"/>
</branch>
<status status="PASS" starttime="20230812 15:34:47.144" endtime="20230812 15:34:47.151"/>
</if>
<status status="PASS" starttime="20230812 15:34:46.927" endtime="20230812 15:34:47.152"/>
</kw>
<kw name="Click &quot;Đăng Nhập&quot; button" library="common" sourcename="Click &quot;${text}&quot; button">
<kw name="Click" library="Browser">
<arg>xpath=//button[text()='${text}']</arg>
<tag>PageContent</tag>
<tag>Setter</tag>
<doc>Simulates mouse click on the element found by ``selector``.</doc>
<status status="PASS" starttime="20230812 15:34:47.154" endtime="20230812 15:34:47.499"/>
</kw>
<kw name="Click Confirm To Action" library="common">
<kw name="Set Variable" library="BuiltIn">
<var>${element}</var>
<arg>xpath=//*[contains(@class, "ant-popover")]//*[contains(@class, "ant-btn-primary")]</arg>
<doc>Returns the given values which can then be assigned to a variables.</doc>
<msg timestamp="20230812 15:34:47.501" level="INFO">${element} = xpath=//*[contains(@class, "ant-popover")]//*[contains(@class, "ant-btn-primary")]</msg>
<status status="PASS" starttime="20230812 15:34:47.501" endtime="20230812 15:34:47.501"/>
</kw>
<kw name="Get Element Count" library="Browser">
<var>${count}</var>
<arg>${element}</arg>
<tag>Assertion</tag>
<tag>Getter</tag>
<tag>PageContent</tag>
<doc>Returns the count of elements found with ``selector``.</doc>
<msg timestamp="20230812 15:34:47.599" level="INFO">${count} = 0</msg>
<status status="PASS" starttime="20230812 15:34:47.501" endtime="20230812 15:34:47.599"/>
</kw>
<if>
<branch type="IF" condition="${count} &gt; 0">
<kw name="Click" library="Browser">
<arg>${element}</arg>
<tag>PageContent</tag>
<tag>Setter</tag>
<doc>Simulates mouse click on the element found by ``selector``.</doc>
<status status="NOT RUN" starttime="20230812 15:34:47.601" endtime="20230812 15:34:47.601"/>
</kw>
<kw name="Sleep" library="BuiltIn">
<arg>${SHOULD_TIMEOUT}</arg>
<doc>Pauses the test executed for the given time.</doc>
<status status="NOT RUN" starttime="20230812 15:34:47.602" endtime="20230812 15:34:47.602"/>
</kw>
<status status="NOT RUN" starttime="20230812 15:34:47.600" endtime="20230812 15:34:47.603"/>
</branch>
<status status="PASS" starttime="20230812 15:34:47.599" endtime="20230812 15:34:47.603"/>
</if>
<status status="PASS" starttime="20230812 15:34:47.500" endtime="20230812 15:34:47.603"/>
</kw>
<kw name="Scroll By" library="Browser">
<arg>${None}</arg>
<tag>PageContent</tag>
<tag>Setter</tag>
<doc>Scrolls an element or the page relative from current position by the given values.</doc>
<msg timestamp="20230812 15:34:47.693" level="INFO">JavaScript executed successfully.</msg>
<msg timestamp="20230812 15:34:47.694" level="INFO">JavaScript executed successfully.</msg>
<msg timestamp="20230812 15:34:47.861" level="INFO">JavaScript executed successfully.</msg>
<msg timestamp="20230812 15:34:47.861" level="INFO">JavaScript executed successfully.</msg>
<msg timestamp="20230812 15:34:47.887" level="INFO">JavaScript executed successfully.</msg>
<status status="PASS" starttime="20230812 15:34:47.604" endtime="20230812 15:34:47.887"/>
</kw>
<status status="PASS" starttime="20230812 15:34:47.153" endtime="20230812 15:34:47.887"/>
</kw>
<kw name="Wait Until Element Is Visible" library="common">
<arg>//*[@id='name-application']</arg>
<kw name="Wait For Elements State" library="Browser">
<arg>${locator}</arg>
<arg>visible</arg>
<arg>${timeout}</arg>
<arg>${message}</arg>
<tag>PageContent</tag>
<tag>Wait</tag>
<doc>Waits for the element found by ``selector`` to satisfy state option.</doc>
<msg timestamp="20230812 15:34:48.167" level="INFO">Waited for Element with selector //*[@id='name-application'] at state visible</msg>
<status status="PASS" starttime="20230812 15:34:47.891" endtime="20230812 15:34:48.167"/>
</kw>
<status status="PASS" starttime="20230812 15:34:47.887" endtime="20230812 15:34:48.167"/>
</kw>
<status status="PASS" starttime="20230812 15:34:46.318" endtime="20230812 15:34:48.168"/>
</kw>
<kw name="And Click Avatar">
<kw name="Click" library="Browser">
<arg>//section[@id='dropdown-profile']</arg>
<tag>PageContent</tag>
<tag>Setter</tag>
<doc>Simulates mouse click on the element found by ``selector``.</doc>
<status status="PASS" starttime="20230812 15:34:48.169" endtime="20230812 15:34:48.566"/>
</kw>
<status status="PASS" starttime="20230812 15:34:48.168" endtime="20230812 15:34:48.566"/>
</kw>
<kw name="And Click Profile with &quot;Đổi mật khẩu&quot;" sourcename="Click Profile with &quot;${name}&quot;">
<kw name="Click" library="Browser">
<arg>//li[contains(text(), '${name}')]</arg>
<tag>PageContent</tag>
<tag>Setter</tag>
<doc>Simulates mouse click on the element found by ``selector``.</doc>
<status status="PASS" starttime="20230812 15:34:48.566" endtime="20230812 15:34:48.920"/>
</kw>
<status status="PASS" starttime="20230812 15:34:48.566" endtime="20230812 15:34:48.920"/>
</kw>
<status status="PASS" starttime="20230812 15:34:46.315" endtime="20230812 15:34:48.920"/>
</kw>
<kw name="And Enter &quot;text&quot; in &quot;Mật khẩu hiện tại&quot; with &quot;Ari123456#&quot;" library="common" sourcename="Enter &quot;${type}&quot; in &quot;${name}&quot; with &quot;${text}&quot;">
<kw name="Get Random Text" library="common">
<var>${text}</var>
<arg>${type}</arg>
<arg>${text}</arg>
<kw name="Set Variable" library="BuiltIn">
<var>${symbol}</var>
<arg>_RANDOM_</arg>
<doc>Returns the given values which can then be assigned to a variables.</doc>
<msg timestamp="20230812 15:34:48.951" level="INFO">${symbol} = _RANDOM_</msg>
<status status="PASS" starttime="20230812 15:34:48.950" endtime="20230812 15:34:48.951"/>
</kw>
<kw name="Set Variable" library="BuiltIn">
<var>${new_text}</var>
<doc>Returns the given values which can then be assigned to a variables.</doc>
<msg timestamp="20230812 15:34:48.952" level="INFO">${new_text} = </msg>
<status status="PASS" starttime="20230812 15:34:48.952" endtime="20230812 15:34:48.952"/>
</kw>
<kw name="Get Regexp Matches" library="String">
<var>${containsS}</var>
<arg>${text}</arg>
<arg>_@(.+)@_</arg>
<arg>1</arg>
<doc>Returns a list of all non-overlapping matches in the given string.</doc>
<msg timestamp="20230812 15:34:48.953" level="INFO">${containsS} = []</msg>
<status status="PASS" starttime="20230812 15:34:48.952" endtime="20230812 15:34:48.953"/>
</kw>
<kw name="Get Length" library="BuiltIn">
<var>${cntS}</var>
<arg>${containsS}</arg>
<doc>Returns and logs the length of the given item as an integer.</doc>
<msg timestamp="20230812 15:34:48.954" level="INFO">Length is 0</msg>
<msg timestamp="20230812 15:34:48.954" level="INFO">${cntS} = 0</msg>
<status status="PASS" starttime="20230812 15:34:48.953" endtime="20230812 15:34:48.954"/>
</kw>
<kw name="Get Regexp Matches" library="String">
<var>${contains}</var>
<arg>${text}</arg>
<arg>${symbol}</arg>
<doc>Returns a list of all non-overlapping matches in the given string.</doc>
<msg timestamp="20230812 15:34:48.955" level="INFO">${contains} = []</msg>
<status status="PASS" starttime="20230812 15:34:48.954" endtime="20230812 15:34:48.955"/>
</kw>
<kw name="Get Length" library="BuiltIn">
<var>${cnt}</var>
<arg>${contains}</arg>
<doc>Returns and logs the length of the given item as an integer.</doc>
<msg timestamp="20230812 15:34:48.955" level="INFO">Length is 0</msg>
<msg timestamp="20230812 15:34:48.955" level="INFO">${cnt} = 0</msg>
<status status="PASS" starttime="20230812 15:34:48.955" endtime="20230812 15:34:48.955"/>
</kw>
<if>
<branch type="IF" condition="${cntS} &gt; 0">
<kw name="Set Variable" library="BuiltIn">
<var>${new_text}</var>
<arg>${STATE["${containsS[0]}"]}</arg>
<doc>Returns the given values which can then be assigned to a variables.</doc>
<status status="NOT RUN" starttime="20230812 15:34:48.956" endtime="20230812 15:34:48.956"/>
</kw>
<kw name="Set Variable" library="BuiltIn">
<var>${symbol}</var>
<arg>_@${containsS[0]}@_</arg>
<doc>Returns the given values which can then be assigned to a variables.</doc>
<status status="NOT RUN" starttime="20230812 15:34:48.956" endtime="20230812 15:34:48.956"/>
</kw>
<status status="NOT RUN" starttime="20230812 15:34:48.955" endtime="20230812 15:34:48.956"/>
</branch>
<branch type="ELSE IF" condition="${cnt} &gt; 0 and '${type}' == 'fullname'">
<kw name="Name" library="FakerLibrary">
<var>${new_text}</var>
<doc>:example: 'John Doe'</doc>
<status status="NOT RUN" starttime="20230812 15:34:48.957" endtime="20230812 15:34:48.957"/>
</kw>
<status status="NOT RUN" starttime="20230812 15:34:48.956" endtime="20230812 15:34:48.957"/>
</branch>
<branch type="ELSE IF" condition="${cnt} &gt; 0 and '${type}' == 'test name'">
<kw name="Sentence" library="FakerLibrary">
<var>${random}</var>
<arg>nb_words=3</arg>
<doc>Generate a sentence.</doc>
<status status="NOT RUN" starttime="20230812 15:34:48.958" endtime="20230812 15:34:48.958"/>
</kw>
<kw name="Split String" library="String">
<var>${words}</var>
<arg>${TEST NAME}</arg>
<arg>${SPACE}</arg>
<doc>Splits the ``string`` using ``separator`` as a delimiter string.</doc>
<status status="NOT RUN" starttime="20230812 15:34:48.959" endtime="20230812 15:34:48.959"/>
</kw>
<kw name="Set Variable" library="BuiltIn">
<var>${new_text}</var>
<arg>${words[0]} ${random}</arg>
<doc>Returns the given values which can then be assigned to a variables.</doc>
<status status="NOT RUN" starttime="20230812 15:34:48.959" endtime="20230812 15:34:48.959"/>
</kw>
<status status="NOT RUN" starttime="20230812 15:34:48.958" endtime="20230812 15:34:48.959"/>
</branch>
<branch type="ELSE IF" condition="${cnt} &gt; 0 and '${type}' == 'name code'">
<kw name="Random Int" library="FakerLibrary">
<var>${random}</var>
<arg>min=00000</arg>
<arg>max=99999</arg>
<doc>Generate a random integer between two integers ``min`` and ``max`` inclusive
while observing the provided ``step`` value.</doc>
<status status="NOT RUN" starttime="20230812 15:34:48.960" endtime="20230812 15:34:48.960"/>
</kw>
<kw name="Set Variable" library="BuiltIn">
<var>${name}</var>
<arg>USR</arg>
<doc>Returns the given values which can then be assigned to a variables.</doc>
<status status="NOT RUN" starttime="20230812 15:34:48.960" endtime="20230812 15:34:48.960"/>
</kw>
<kw name="Set Variable" library="BuiltIn">
<var>${new_text}</var>
<arg>${name}${random}</arg>
<doc>Returns the given values which can then be assigned to a variables.</doc>
<status status="NOT RUN" starttime="20230812 15:34:48.960" endtime="20230812 15:34:48.960"/>
</kw>
<status status="NOT RUN" starttime="20230812 15:34:48.960" endtime="20230812 15:34:48.960"/>
</branch>
<branch type="ELSE IF" condition="${cnt} &gt; 0 and '${type}' == 'phone_invalid'">
<kw name="Random Int" library="FakerLibrary">
<var>${new_text}</var>
<arg>min=1000000000000</arg>
<arg>max=9999999999999</arg>
<doc>Generate a random integer between two integers ``min`` and ``max`` inclusive
while observing the provided ``step`` value.</doc>
<status status="NOT RUN" starttime="20230812 15:34:48.960" endtime="20230812 15:34:48.960"/>
</kw>
<kw name="Convert To String" library="BuiltIn">
<var>${new_text}</var>
<arg>${new_text}</arg>
<doc>Converts the given item to a Unicode string.</doc>
<status status="NOT RUN" starttime="20230812 15:34:48.966" endtime="20230812 15:34:48.966"/>
</kw>
<status status="NOT RUN" starttime="20230812 15:34:48.960" endtime="20230812 15:34:48.966"/>
</branch>
<branch type="ELSE IF" condition="${cnt} &gt; 0 and '${type}' == 'percentage'">
<kw name="Random Int" library="FakerLibrary">
<var>${new_text}</var>
<arg>max=100</arg>
<doc>Generate a random integer between two integers ``min`` and ``max`` inclusive
while observing the provided ``step`` value.</doc>
<status status="NOT RUN" starttime="20230812 15:34:48.966" endtime="20230812 15:34:48.966"/>
</kw>
<kw name="Convert To String" library="BuiltIn">
<var>${new_text}</var>
<arg>${new_text}</arg>
<doc>Converts the given item to a Unicode string.</doc>
<status status="NOT RUN" starttime="20230812 15:34:48.966" endtime="20230812 15:34:48.966"/>
</kw>
<status status="NOT RUN" starttime="20230812 15:34:48.966" endtime="20230812 15:34:48.966"/>
</branch>
<branch type="ELSE IF" condition="${cnt} &gt; 0 and '${type}' == 'paragraph'">
<kw name="Paragraph" library="FakerLibrary">
<var>${new_text}</var>
<doc>Generate a paragraph.</doc>
<status status="NOT RUN" starttime="20230812 15:34:48.966" endtime="20230812 15:34:48.966"/>
</kw>
<status status="NOT RUN" starttime="20230812 15:34:48.966" endtime="20230812 15:34:48.971"/>
</branch>
<branch type="ELSE IF" condition="${cnt} &gt; 0 and '${type}' == 'email'">
<kw name="Email" library="FakerLibrary">
<var>${new_text}</var>
<status status="NOT RUN" starttime="20230812 15:34:48.971" endtime="20230812 15:34:48.971"/>
</kw>
<status status="NOT RUN" starttime="20230812 15:34:48.971" endtime="20230812 15:34:48.971"/>
</branch>
<branch type="ELSE IF" condition="${cnt} &gt; 0 and '${type}' == 'phone'">
<kw name="Random Int" library="FakerLibrary">
<var>${new_text}</var>
<arg>min=55555555</arg>
<arg>max=999999999999</arg>
<doc>Generate a random integer between two integers ``min`` and ``max`` inclusive
while observing the provided ``step`` value.</doc>
<status status="NOT RUN" starttime="20230812 15:34:48.971" endtime="20230812 15:34:48.971"/>
</kw>
<kw name="Convert To String" library="BuiltIn">
<var>${new_text}</var>
<arg>${new_text}</arg>
<doc>Converts the given item to a Unicode string.</doc>
<status status="NOT RUN" starttime="20230812 15:34:48.971" endtime="20230812 15:34:48.971"/>
</kw>
<status status="NOT RUN" starttime="20230812 15:34:48.971" endtime="20230812 15:34:48.971"/>
</branch>
<branch type="ELSE IF" condition="${cnt} &gt; 0 and '${type}' == 'phone_7'">
<kw name="Random Int" library="FakerLibrary">
<var>${new_text}</var>
<arg>min=0000000</arg>
<arg>max=9999999</arg>
<doc>Generate a random integer between two integers ``min`` and ``max`` inclusive
while observing the provided ``step`` value.</doc>
<status status="NOT RUN" starttime="20230812 15:34:48.971" endtime="20230812 15:34:48.977"/>
</kw>
<kw name="Convert To String" library="BuiltIn">
<var>${new_text}</var>
<arg>${new_text}</arg>
<doc>Converts the given item to a Unicode string.</doc>
<status status="NOT RUN" starttime="20230812 15:34:48.977" endtime="20230812 15:34:48.978"/>
</kw>
<status status="NOT RUN" starttime="20230812 15:34:48.971" endtime="20230812 15:34:48.978"/>
</branch>
<branch type="ELSE IF" condition="${cnt} &gt; 0 and '${type}' == 'phone_invalid'">
<kw name="Random Int" library="FakerLibrary">
<var>${new_text}</var>
<arg>min=0000000000000</arg>
<arg>max=9999999999999</arg>
<doc>Generate a random integer between two integers ``min`` and ``max`` inclusive
while observing the provided ``step`` value.</doc>
<status status="NOT RUN" starttime="20230812 15:34:48.979" endtime="20230812 15:34:48.979"/>
</kw>
<kw name="Convert To String" library="BuiltIn">
<var>${new_text}</var>
<arg>${new_text}</arg>
<doc>Converts the given item to a Unicode string.</doc>
<status status="NOT RUN" starttime="20230812 15:34:48.980" endtime="20230812 15:34:48.980"/>
</kw>
<status status="NOT RUN" starttime="20230812 15:34:48.978" endtime="20230812 15:34:48.980"/>
</branch>
<branch type="ELSE IF" condition="${cnt} &gt; 0 and '${type}' == 'number'">
<kw name="Random Int" library="FakerLibrary">
<var>${new_text}</var>
<arg>min=55555555</arg>
<arg>max=999999999999</arg>
<doc>Generate a random integer between two integers ``min`` and ``max`` inclusive
while observing the provided ``step`` value.</doc>
<status status="NOT RUN" starttime="20230812 15:34:48.982" endtime="20230812 15:34:48.982"/>
</kw>
<kw name="Convert To String" library="BuiltIn">
<var>${new_text}</var>
<arg>${new_text}</arg>
<doc>Converts the given item to a Unicode string.</doc>
<status status="NOT RUN" starttime="20230812 15:34:48.982" endtime="20230812 15:34:48.983"/>
</kw>
<status status="NOT RUN" starttime="20230812 15:34:48.981" endtime="20230812 15:34:48.983"/>
</branch>
<branch type="ELSE IF" condition="${cnt} &gt; 0 and '${type}' == 'otp'">
<kw name="Random Int" library="FakerLibrary">
<var>${new_text}</var>
<arg>min=100000</arg>
<arg>max=999999</arg>
<doc>Generate a random integer between two integers ``min`` and ``max`` inclusive
while observing the provided ``step`` value.</doc>
<status status="NOT RUN" starttime="20230812 15:34:48.984" endtime="20230812 15:34:48.984"/>
</kw>
<kw name="Convert To String" library="BuiltIn">
<var>${new_text}</var>
<arg>${new_text}</arg>
<doc>Converts the given item to a Unicode string.</doc>
<status status="NOT RUN" starttime="20230812 15:34:48.985" endtime="20230812 15:34:48.985"/>
</kw>
<status status="NOT RUN" starttime="20230812 15:34:48.983" endtime="20230812 15:34:48.985"/>
</branch>
<branch type="ELSE IF" condition="${cnt} &gt; 0 and '${type}' == 'color'">
<kw name="Safe Hex Color" library="FakerLibrary">
<var>${new_text}</var>
<doc>Generate a web-safe color formatted as a hex triplet.</doc>
<status status="NOT RUN" starttime="20230812 15:34:48.987" endtime="20230812 15:34:48.987"/>
</kw>
<status status="NOT RUN" starttime="20230812 15:34:48.986" endtime="20230812 15:34:48.987"/>
</branch>
<branch type="ELSE IF" condition="${cnt} &gt; 0 and '${type}' == 'date'">
<kw name="Date" library="FakerLibrary">
<var>${new_text}</var>
<arg>pattern=%d-%m-%Y</arg>
<doc>Get a date string between January 1, 1970 and now.</doc>
<status status="NOT RUN" starttime="20230812 15:34:48.988" endtime="20230812 15:34:48.988"/>
</kw>
<status status="NOT RUN" starttime="20230812 15:34:48.987" endtime="20230812 15:34:48.989"/>
</branch>
<branch type="ELSE IF" condition="${cnt} &gt; 0 and '${type}' == 'word'">
<kw name="Sentence" library="FakerLibrary">
<var>${new_text}</var>
<arg>nb_words=500</arg>
<doc>Generate a sentence.</doc>
<status status="NOT RUN" starttime="20230812 15:34:48.990" endtime="20230812 15:34:48.990"/>
</kw>
<status status="NOT RUN" starttime="20230812 15:34:48.989" endtime="20230812 15:34:48.990"/>
</branch>
<branch type="ELSE IF" condition="${cnt} &gt; 0">
<kw name="Sentence" library="FakerLibrary">
<var>${new_text}</var>
<doc>Generate a sentence.</doc>
<status status="NOT RUN" starttime="20230812 15:34:48.992" endtime="20230812 15:34:48.992"/>
</kw>
<status status="NOT RUN" starttime="20230812 15:34:48.991" endtime="20230812 15:34:48.992"/>
</branch>
<status status="PASS" starttime="20230812 15:34:48.955" endtime="20230812 15:34:48.993"/>
</if>
<kw name="Get Length" library="BuiltIn">
<var>${cnt}</var>
<arg>${text}</arg>
<doc>Returns and logs the length of the given item as an integer.</doc>
<msg timestamp="20230812 15:34:48.997" level="INFO">Length is 10</msg>
<msg timestamp="20230812 15:34:48.997" level="INFO">${cnt} = 10</msg>
<status status="PASS" starttime="20230812 15:34:48.995" endtime="20230812 15:34:48.998"/>
</kw>
<if>
<branch type="IF" condition="${cnt} &gt; 0">
<kw name="Replace String" library="String">
<var>${text}</var>
<arg>${text}</arg>
<arg>${symbol}</arg>
<arg>${new_text}</arg>
<doc>Replaces ``search_for`` in the given ``string`` with ``replace_with``.</doc>
<msg timestamp="20230812 15:34:49.001" level="INFO">${text} = Ari123456#</msg>
<status status="PASS" starttime="20230812 15:34:48.999" endtime="20230812 15:34:49.001"/>
</kw>
<status status="PASS" starttime="20230812 15:34:48.998" endtime="20230812 15:34:49.001"/>
</branch>
<status status="PASS" starttime="20230812 15:34:48.998" endtime="20230812 15:34:49.001"/>
</if>
<msg timestamp="20230812 15:34:49.002" level="INFO">${text} = Ari123456#</msg>
<status status="PASS" starttime="20230812 15:34:48.949" endtime="20230812 15:34:49.002"/>
</kw>
<kw name="Get Element Form Item By Name" library="common">
<var>${element}</var>
<arg>${name}</arg>
<arg>//input[contains(@class, "ant-input")]</arg>
<msg timestamp="20230812 15:34:49.003" level="INFO">${element} = xpath=//*[contains(@class, "ant-form-item-label")]/label[text()="Mật khẩu hiện tại"]/../../*[contains(@class, "ant-form-item")]//input[contains(@class, "ant-input")]</msg>
<status status="PASS" starttime="20230812 15:34:49.002" endtime="20230812 15:34:49.003"/>
</kw>
<kw name="Clear Text" library="Browser">
<arg>${element}</arg>
<tag>PageContent</tag>
<tag>Setter</tag>
<doc>Clears the text field found by ``selector``.</doc>
<status status="PASS" starttime="20230812 15:34:49.005" endtime="20230812 15:34:49.299"/>
</kw>
<kw name="Fill Text" library="Browser">
<arg>${element}</arg>
<arg>${text}</arg>
<arg>True</arg>
<tag>PageContent</tag>
<tag>Setter</tag>
<doc>Clears and fills the given ``txt`` into the text field found by ``selector``.</doc>
<msg timestamp="20230812 15:34:49.300" level="INFO">Fills the text 'Ari123456#' in the given field.</msg>
<status status="PASS" starttime="20230812 15:34:49.300" endtime="20230812 15:34:49.336"/>
</kw>
<kw name="Get Length" library="BuiltIn">
<var>${cnt}</var>
<arg>${text}</arg>
<doc>Returns and logs the length of the given item as an integer.</doc>
<msg timestamp="20230812 15:34:49.337" level="INFO">Length is 10</msg>
<msg timestamp="20230812 15:34:49.337" level="INFO">${cnt} = 10</msg>
<status status="PASS" starttime="20230812 15:34:49.336" endtime="20230812 15:34:49.337"/>
</kw>
<if>
<branch type="IF" condition="${cnt} &gt; 0">
<kw name="Set Global Variable" library="BuiltIn">
<arg>${STATE["${name}"]}</arg>
<arg>${text}</arg>
<doc>Makes a variable available globally in all tests and suites.</doc>
<msg timestamp="20230812 15:34:49.341" level="INFO">${STATE["Mật khẩu hiện tại"]} = Ari123456#</msg>
<status status="PASS" starttime="20230812 15:34:49.339" endtime="20230812 15:34:49.342"/>
</kw>
<status status="PASS" starttime="20230812 15:34:49.338" endtime="20230812 15:34:49.342"/>
</branch>
<status status="PASS" starttime="20230812 15:34:49.337" endtime="20230812 15:34:49.343"/>
</if>
<status status="PASS" starttime="20230812 15:34:48.948" endtime="20230812 15:34:49.343"/>
</kw>
<kw name="And Enter &quot;text&quot; in &quot;Mật khẩu mới&quot; with &quot;Nhat@01101999&quot;" library="common" sourcename="Enter &quot;${type}&quot; in &quot;${name}&quot; with &quot;${text}&quot;">
<kw name="Get Random Text" library="common">
<var>${text}</var>
<arg>${type}</arg>
<arg>${text}</arg>
<kw name="Set Variable" library="BuiltIn">
<var>${symbol}</var>
<arg>_RANDOM_</arg>
<doc>Returns the given values which can then be assigned to a variables.</doc>
<msg timestamp="20230812 15:34:49.347" level="INFO">${symbol} = _RANDOM_</msg>
<status status="PASS" starttime="20230812 15:34:49.346" endtime="20230812 15:34:49.347"/>
</kw>
<kw name="Set Variable" library="BuiltIn">
<var>${new_text}</var>
<doc>Returns the given values which can then be assigned to a variables.</doc>
<msg timestamp="20230812 15:34:49.347" level="INFO">${new_text} = </msg>
<status status="PASS" starttime="20230812 15:34:49.347" endtime="20230812 15:34:49.347"/>
</kw>
<kw name="Get Regexp Matches" library="String">
<var>${containsS}</var>
<arg>${text}</arg>
<arg>_@(.+)@_</arg>
<arg>1</arg>
<doc>Returns a list of all non-overlapping matches in the given string.</doc>
<msg timestamp="20230812 15:34:49.347" level="INFO">${containsS} = []</msg>
<status status="PASS" starttime="20230812 15:34:49.347" endtime="20230812 15:34:49.347"/>
</kw>
<kw name="Get Length" library="BuiltIn">
<var>${cntS}</var>
<arg>${containsS}</arg>
<doc>Returns and logs the length of the given item as an integer.</doc>
<msg timestamp="20230812 15:34:49.347" level="INFO">Length is 0</msg>
<msg timestamp="20230812 15:34:49.347" level="INFO">${cntS} = 0</msg>
<status status="PASS" starttime="20230812 15:34:49.347" endtime="20230812 15:34:49.347"/>
</kw>
<kw name="Get Regexp Matches" library="String">
<var>${contains}</var>
<arg>${text}</arg>
<arg>${symbol}</arg>
<doc>Returns a list of all non-overlapping matches in the given string.</doc>
<msg timestamp="20230812 15:34:49.347" level="INFO">${contains} = []</msg>
<status status="PASS" starttime="20230812 15:34:49.347" endtime="20230812 15:34:49.347"/>
</kw>
<kw name="Get Length" library="BuiltIn">
<var>${cnt}</var>
<arg>${contains}</arg>
<doc>Returns and logs the length of the given item as an integer.</doc>
<msg timestamp="20230812 15:34:49.347" level="INFO">Length is 0</msg>
<msg timestamp="20230812 15:34:49.347" level="INFO">${cnt} = 0</msg>
<status status="PASS" starttime="20230812 15:34:49.347" endtime="20230812 15:34:49.347"/>
</kw>
<if>
<branch type="IF" condition="${cntS} &gt; 0">
<kw name="Set Variable" library="BuiltIn">
<var>${new_text}</var>
<arg>${STATE["${containsS[0]}"]}</arg>
<doc>Returns the given values which can then be assigned to a variables.</doc>
<status status="NOT RUN" starttime="20230812 15:34:49.347" endtime="20230812 15:34:49.347"/>
</kw>
<kw name="Set Variable" library="BuiltIn">
<var>${symbol}</var>
<arg>_@${containsS[0]}@_</arg>
<doc>Returns the given values which can then be assigned to a variables.</doc>
<status status="NOT RUN" starttime="20230812 15:34:49.347" endtime="20230812 15:34:49.347"/>
</kw>
<status status="NOT RUN" starttime="20230812 15:34:49.347" endtime="20230812 15:34:49.347"/>
</branch>
<branch type="ELSE IF" condition="${cnt} &gt; 0 and '${type}' == 'fullname'">
<kw name="Name" library="FakerLibrary">
<var>${new_text}</var>
<doc>:example: 'John Doe'</doc>
<status status="NOT RUN" starttime="20230812 15:34:49.354" endtime="20230812 15:34:49.354"/>
</kw>
<status status="NOT RUN" starttime="20230812 15:34:49.353" endtime="20230812 15:34:49.354"/>
</branch>
<branch type="ELSE IF" condition="${cnt} &gt; 0 and '${type}' == 'test name'">
<kw name="Sentence" library="FakerLibrary">
<var>${random}</var>
<arg>nb_words=3</arg>
<doc>Generate a sentence.</doc>
<status status="NOT RUN" starttime="20230812 15:34:49.356" endtime="20230812 15:34:49.356"/>
</kw>
<kw name="Split String" library="String">
<var>${words}</var>
<arg>${TEST NAME}</arg>
<arg>${SPACE}</arg>
<doc>Splits the ``string`` using ``separator`` as a delimiter string.</doc>
<status status="NOT RUN" starttime="20230812 15:34:49.357" endtime="20230812 15:34:49.357"/>
</kw>
<kw name="Set Variable" library="BuiltIn">
<var>${new_text}</var>
<arg>${words[0]} ${random}</arg>
<doc>Returns the given values which can then be assigned to a variables.</doc>
<status status="NOT RUN" starttime="20230812 15:34:49.357" endtime="20230812 15:34:49.358"/>
</kw>
<status status="NOT RUN" starttime="20230812 15:34:49.355" endtime="20230812 15:34:49.359"/>
</branch>
<branch type="ELSE IF" condition="${cnt} &gt; 0 and '${type}' == 'name code'">
<kw name="Random Int" library="FakerLibrary">
<var>${random}</var>
<arg>min=00000</arg>
<arg>max=99999</arg>
<doc>Generate a random integer between two integers ``min`` and ``max`` inclusive
while observing the provided ``step`` value.</doc>
<status status="NOT RUN" starttime="20230812 15:34:49.360" endtime="20230812 15:34:49.360"/>
</kw>
<kw name="Set Variable" library="BuiltIn">
<var>${name}</var>
<arg>USR</arg>
<doc>Returns the given values which can then be assigned to a variables.</doc>
<status status="NOT RUN" starttime="20230812 15:34:49.360" endtime="20230812 15:34:49.360"/>
</kw>
<kw name="Set Variable" library="BuiltIn">
<var>${new_text}</var>
<arg>${name}${random}</arg>
<doc>Returns the given values which can then be assigned to a variables.</doc>
<status status="NOT RUN" starttime="20230812 15:34:49.361" endtime="20230812 15:34:49.361"/>
</kw>
<status status="NOT RUN" starttime="20230812 15:34:49.359" endtime="20230812 15:34:49.361"/>
</branch>
<branch type="ELSE IF" condition="${cnt} &gt; 0 and '${type}' == 'phone_invalid'">
<kw name="Random Int" library="FakerLibrary">
<var>${new_text}</var>
<arg>min=1000000000000</arg>
<arg>max=9999999999999</arg>
<doc>Generate a random integer between two integers ``min`` and ``max`` inclusive
while observing the provided ``step`` value.</doc>
<status status="NOT RUN" starttime="20230812 15:34:49.362" endtime="20230812 15:34:49.362"/>
</kw>
<kw name="Convert To String" library="BuiltIn">
<var>${new_text}</var>
<arg>${new_text}</arg>
<doc>Converts the given item to a Unicode string.</doc>
<status status="NOT RUN" starttime="20230812 15:34:49.362" endtime="20230812 15:34:49.362"/>
</kw>
<status status="NOT RUN" starttime="20230812 15:34:49.361" endtime="20230812 15:34:49.362"/>
</branch>
<branch type="ELSE IF" condition="${cnt} &gt; 0 and '${type}' == 'percentage'">
<kw name="Random Int" library="FakerLibrary">
<var>${new_text}</var>
<arg>max=100</arg>
<doc>Generate a random integer between two integers ``min`` and ``max`` inclusive
while observing the provided ``step`` value.</doc>
<status status="NOT RUN" starttime="20230812 15:34:49.363" endtime="20230812 15:34:49.363"/>
</kw>
<kw name="Convert To String" library="BuiltIn">
<var>${new_text}</var>
<arg>${new_text}</arg>
<doc>Converts the given item to a Unicode string.</doc>
<status status="NOT RUN" starttime="20230812 15:34:49.363" endtime="20230812 15:34:49.364"/>
</kw>
<status status="NOT RUN" starttime="20230812 15:34:49.363" endtime="20230812 15:34:49.364"/>
</branch>
<branch type="ELSE IF" condition="${cnt} &gt; 0 and '${type}' == 'paragraph'">
<kw name="Paragraph" library="FakerLibrary">
<var>${new_text}</var>
<doc>Generate a paragraph.</doc>
<status status="NOT RUN" starttime="20230812 15:34:49.364" endtime="20230812 15:34:49.364"/>
</kw>
<status status="NOT RUN" starttime="20230812 15:34:49.364" endtime="20230812 15:34:49.364"/>
</branch>
<branch type="ELSE IF" condition="${cnt} &gt; 0 and '${type}' == 'email'">
<kw name="Email" library="FakerLibrary">
<var>${new_text}</var>
<status status="NOT RUN" starttime="20230812 15:34:49.365" endtime="20230812 15:34:49.365"/>
</kw>
<status status="NOT RUN" starttime="20230812 15:34:49.365" endtime="20230812 15:34:49.365"/>
</branch>
<branch type="ELSE IF" condition="${cnt} &gt; 0 and '${type}' == 'phone'">
<kw name="Random Int" library="FakerLibrary">
<var>${new_text}</var>
<arg>min=55555555</arg>
<arg>max=999999999999</arg>
<doc>Generate a random integer between two integers ``min`` and ``max`` inclusive
while observing the provided ``step`` value.</doc>
<status status="NOT RUN" starttime="20230812 15:34:49.366" endtime="20230812 15:34:49.366"/>
</kw>
<kw name="Convert To String" library="BuiltIn">
<var>${new_text}</var>
<arg>${new_text}</arg>
<doc>Converts the given item to a Unicode string.</doc>
<status status="NOT RUN" starttime="20230812 15:34:49.366" endtime="20230812 15:34:49.366"/>
</kw>
<status status="NOT RUN" starttime="20230812 15:34:49.365" endtime="20230812 15:34:49.367"/>
</branch>
<branch type="ELSE IF" condition="${cnt} &gt; 0 and '${type}' == 'phone_7'">
<kw name="Random Int" library="FakerLibrary">
<var>${new_text}</var>
<arg>min=0000000</arg>
<arg>max=9999999</arg>
<doc>Generate a random integer between two integers ``min`` and ``max`` inclusive
while observing the provided ``step`` value.</doc>
<status status="NOT RUN" starttime="20230812 15:34:49.367" endtime="20230812 15:34:49.367"/>
</kw>
<kw name="Convert To String" library="BuiltIn">
<var>${new_text}</var>
<arg>${new_text}</arg>
<doc>Converts the given item to a Unicode string.</doc>
<status status="NOT RUN" starttime="20230812 15:34:49.369" endtime="20230812 15:34:49.369"/>
</kw>
<status status="NOT RUN" starttime="20230812 15:34:49.367" endtime="20230812 15:34:49.369"/>
</branch>
<branch type="ELSE IF" condition="${cnt} &gt; 0 and '${type}' == 'phone_invalid'">
<kw name="Random Int" library="FakerLibrary">
<var>${new_text}</var>
<arg>min=0000000000000</arg>
<arg>max=9999999999999</arg>
<doc>Generate a random integer between two integers ``min`` and ``max`` inclusive
while observing the provided ``step`` value.</doc>
<status status="NOT RUN" starttime="20230812 15:34:49.369" endtime="20230812 15:34:49.370"/>
</kw>
<kw name="Convert To String" library="BuiltIn">
<var>${new_text}</var>
<arg>${new_text}</arg>
<doc>Converts the given item to a Unicode string.</doc>
<status status="NOT RUN" starttime="20230812 15:34:49.370" endtime="20230812 15:34:49.371"/>
</kw>
<status status="NOT RUN" starttime="20230812 15:34:49.369" endtime="20230812 15:34:49.371"/>
</branch>
<branch type="ELSE IF" condition="${cnt} &gt; 0 and '${type}' == 'number'">
<kw name="Random Int" library="FakerLibrary">
<var>${new_text}</var>
<arg>min=55555555</arg>
<arg>max=999999999999</arg>
<doc>Generate a random integer between two integers ``min`` and ``max`` inclusive
while observing the provided ``step`` value.</doc>
<status status="NOT RUN" starttime="20230812 15:34:49.372" endtime="20230812 15:34:49.373"/>
</kw>
<kw name="Convert To String" library="BuiltIn">
<var>${new_text}</var>
<arg>${new_text}</arg>
<doc>Converts the given item to a Unicode string.</doc>
<status status="NOT RUN" starttime="20230812 15:34:49.374" endtime="20230812 15:34:49.374"/>
</kw>
<status status="NOT RUN" starttime="20230812 15:34:49.371" endtime="20230812 15:34:49.374"/>
</branch>
<branch type="ELSE IF" condition="${cnt} &gt; 0 and '${type}' == 'otp'">
<kw name="Random Int" library="FakerLibrary">
<var>${new_text}</var>
<arg>min=100000</arg>
<arg>max=999999</arg>
<doc>Generate a random integer between two integers ``min`` and ``max`` inclusive
while observing the provided ``step`` value.</doc>
<status status="NOT RUN" starttime="20230812 15:34:49.375" endtime="20230812 15:34:49.377"/>
</kw>
<kw name="Convert To String" library="BuiltIn">
<var>${new_text}</var>
<arg>${new_text}</arg>
<doc>Converts the given item to a Unicode string.</doc>
<status status="NOT RUN" starttime="20230812 15:34:49.377" endtime="20230812 15:34:49.377"/>
</kw>
<status status="NOT RUN" starttime="20230812 15:34:49.375" endtime="20230812 15:34:49.377"/>
</branch>
<branch type="ELSE IF" condition="${cnt} &gt; 0 and '${type}' == 'color'">
<kw name="Safe Hex Color" library="FakerLibrary">
<var>${new_text}</var>
<doc>Generate a web-safe color formatted as a hex triplet.</doc>
<status status="NOT RUN" starttime="20230812 15:34:49.377" endtime="20230812 15:34:49.377"/>
</kw>
<status status="NOT RUN" starttime="20230812 15:34:49.377" endtime="20230812 15:34:49.377"/>
</branch>
<branch type="ELSE IF" condition="${cnt} &gt; 0 and '${type}' == 'date'">
<kw name="Date" library="FakerLibrary">
<var>${new_text}</var>
<arg>pattern=%d-%m-%Y</arg>
<doc>Get a date string between January 1, 1970 and now.</doc>
<status status="NOT RUN" starttime="20230812 15:34:49.377" endtime="20230812 15:34:49.377"/>
</kw>
<status status="NOT RUN" starttime="20230812 15:34:49.377" endtime="20230812 15:34:49.377"/>
</branch>
<branch type="ELSE IF" condition="${cnt} &gt; 0 and '${type}' == 'word'">
<kw name="Sentence" library="FakerLibrary">
<var>${new_text}</var>
<arg>nb_words=500</arg>
<doc>Generate a sentence.</doc>
<status status="NOT RUN" starttime="20230812 15:34:49.377" endtime="20230812 15:34:49.377"/>
</kw>
<status status="NOT RUN" starttime="20230812 15:34:49.377" endtime="20230812 15:34:49.377"/>
</branch>
<branch type="ELSE IF" condition="${cnt} &gt; 0">
<kw name="Sentence" library="FakerLibrary">
<var>${new_text}</var>
<doc>Generate a sentence.</doc>
<status status="NOT RUN" starttime="20230812 15:34:49.377" endtime="20230812 15:34:49.377"/>
</kw>
<status status="NOT RUN" starttime="20230812 15:34:49.377" endtime="20230812 15:34:49.377"/>
</branch>
<status status="PASS" starttime="20230812 15:34:49.347" endtime="20230812 15:34:49.377"/>
</if>
<kw name="Get Length" library="BuiltIn">
<var>${cnt}</var>
<arg>${text}</arg>
<doc>Returns and logs the length of the given item as an integer.</doc>
<msg timestamp="20230812 15:34:49.377" level="INFO">Length is 13</msg>
<msg timestamp="20230812 15:34:49.377" level="INFO">${cnt} = 13</msg>
<status status="PASS" starttime="20230812 15:34:49.377" endtime="20230812 15:34:49.377"/>
</kw>
<if>
<branch type="IF" condition="${cnt} &gt; 0">
<kw name="Replace String" library="String">
<var>${text}</var>
<arg>${text}</arg>
<arg>${symbol}</arg>
<arg>${new_text}</arg>
<doc>Replaces ``search_for`` in the given ``string`` with ``replace_with``.</doc>
<msg timestamp="20230812 15:34:49.377" level="INFO">${text} = Nhat@01101999</msg>
<status status="PASS" starttime="20230812 15:34:49.377" endtime="20230812 15:34:49.377"/>
</kw>
<status status="PASS" starttime="20230812 15:34:49.377" endtime="20230812 15:34:49.377"/>
</branch>
<status status="PASS" starttime="20230812 15:34:49.377" endtime="20230812 15:34:49.377"/>
</if>
<msg timestamp="20230812 15:34:49.377" level="INFO">${text} = Nhat@01101999</msg>
<status status="PASS" starttime="20230812 15:34:49.343" endtime="20230812 15:34:49.377"/>
</kw>
<kw name="Get Element Form Item By Name" library="common">
<var>${element}</var>
<arg>${name}</arg>
<arg>//input[contains(@class, "ant-input")]</arg>
<msg timestamp="20230812 15:34:49.377" level="INFO">${element} = xpath=//*[contains(@class, "ant-form-item-label")]/label[text()="Mật khẩu mới"]/../../*[contains(@class, "ant-form-item")]//input[contains(@class, "ant-input")]</msg>
<status status="PASS" starttime="20230812 15:34:49.377" endtime="20230812 15:34:49.377"/>
</kw>
<kw name="Clear Text" library="Browser">
<arg>${element}</arg>
<tag>PageContent</tag>
<tag>Setter</tag>
<doc>Clears the text field found by ``selector``.</doc>
<status status="PASS" starttime="20230812 15:34:49.377" endtime="20230812 15:34:49.426"/>
</kw>
<kw name="Fill Text" library="Browser">
<arg>${element}</arg>
<arg>${text}</arg>
<arg>True</arg>
<tag>PageContent</tag>
<tag>Setter</tag>
<doc>Clears and fills the given ``txt`` into the text field found by ``selector``.</doc>
<msg timestamp="20230812 15:34:49.426" level="INFO">Fills the text 'Nhat@01101999' in the given field.</msg>
<status status="PASS" starttime="20230812 15:34:49.426" endtime="20230812 15:34:49.461"/>
</kw>
<kw name="Get Length" library="BuiltIn">
<var>${cnt}</var>
<arg>${text}</arg>
<doc>Returns and logs the length of the given item as an integer.</doc>
<msg timestamp="20230812 15:34:49.461" level="INFO">Length is 13</msg>
<msg timestamp="20230812 15:34:49.461" level="INFO">${cnt} = 13</msg>
<status status="PASS" starttime="20230812 15:34:49.461" endtime="20230812 15:34:49.461"/>
</kw>
<if>
<branch type="IF" condition="${cnt} &gt; 0">
<kw name="Set Global Variable" library="BuiltIn">
<arg>${STATE["${name}"]}</arg>
<arg>${text}</arg>
<doc>Makes a variable available globally in all tests and suites.</doc>
<msg timestamp="20230812 15:34:49.461" level="INFO">${STATE["Mật khẩu mới"]} = Nhat@01101999</msg>
<status status="PASS" starttime="20230812 15:34:49.461" endtime="20230812 15:34:49.461"/>
</kw>
<status status="PASS" starttime="20230812 15:34:49.461" endtime="20230812 15:34:49.461"/>
</branch>
<status status="PASS" starttime="20230812 15:34:49.461" endtime="20230812 15:34:49.461"/>
</if>
<status status="PASS" starttime="20230812 15:34:49.343" endtime="20230812 15:34:49.461"/>
</kw>
<kw name="And Enter &quot;text&quot; in &quot;Xác nhận mật khẩu&quot; with &quot;Nhat@01101999&quot;" library="common" sourcename="Enter &quot;${type}&quot; in &quot;${name}&quot; with &quot;${text}&quot;">
<kw name="Get Random Text" library="common">
<var>${text}</var>
<arg>${type}</arg>
<arg>${text}</arg>
<kw name="Set Variable" library="BuiltIn">
<var>${symbol}</var>
<arg>_RANDOM_</arg>
<doc>Returns the given values which can then be assigned to a variables.</doc>
<msg timestamp="20230812 15:34:49.466" level="INFO">${symbol} = _RANDOM_</msg>
<status status="PASS" starttime="20230812 15:34:49.466" endtime="20230812 15:34:49.466"/>
</kw>
<kw name="Set Variable" library="BuiltIn">
<var>${new_text}</var>
<doc>Returns the given values which can then be assigned to a variables.</doc>
<msg timestamp="20230812 15:34:49.466" level="INFO">${new_text} = </msg>
<status status="PASS" starttime="20230812 15:34:49.466" endtime="20230812 15:34:49.466"/>
</kw>
<kw name="Get Regexp Matches" library="String">
<var>${containsS}</var>
<arg>${text}</arg>
<arg>_@(.+)@_</arg>
<arg>1</arg>
<doc>Returns a list of all non-overlapping matches in the given string.</doc>
<msg timestamp="20230812 15:34:49.466" level="INFO">${containsS} = []</msg>
<status status="PASS" starttime="20230812 15:34:49.466" endtime="20230812 15:34:49.466"/>
</kw>
<kw name="Get Length" library="BuiltIn">
<var>${cntS}</var>
<arg>${containsS}</arg>
<doc>Returns and logs the length of the given item as an integer.</doc>
<msg timestamp="20230812 15:34:49.466" level="INFO">Length is 0</msg>
<msg timestamp="20230812 15:34:49.472" level="INFO">${cntS} = 0</msg>
<status status="PASS" starttime="20230812 15:34:49.466" endtime="20230812 15:34:49.472"/>
</kw>
<kw name="Get Regexp Matches" library="String">
<var>${contains}</var>
<arg>${text}</arg>
<arg>${symbol}</arg>
<doc>Returns a list of all non-overlapping matches in the given string.</doc>
<msg timestamp="20230812 15:34:49.473" level="INFO">${contains} = []</msg>
<status status="PASS" starttime="20230812 15:34:49.472" endtime="20230812 15:34:49.473"/>
</kw>
<kw name="Get Length" library="BuiltIn">
<var>${cnt}</var>
<arg>${contains}</arg>
<doc>Returns and logs the length of the given item as an integer.</doc>
<msg timestamp="20230812 15:34:49.474" level="INFO">Length is 0</msg>
<msg timestamp="20230812 15:34:49.474" level="INFO">${cnt} = 0</msg>
<status status="PASS" starttime="20230812 15:34:49.473" endtime="20230812 15:34:49.474"/>
</kw>
<if>
<branch type="IF" condition="${cntS} &gt; 0">
<kw name="Set Variable" library="BuiltIn">
<var>${new_text}</var>
<arg>${STATE["${containsS[0]}"]}</arg>
<doc>Returns the given values which can then be assigned to a variables.</doc>
<status status="NOT RUN" starttime="20230812 15:34:49.476" endtime="20230812 15:34:49.476"/>
</kw>
<kw name="Set Variable" library="BuiltIn">
<var>${symbol}</var>
<arg>_@${containsS[0]}@_</arg>
<doc>Returns the given values which can then be assigned to a variables.</doc>
<status status="NOT RUN" starttime="20230812 15:34:49.476" endtime="20230812 15:34:49.477"/>
</kw>
<status status="NOT RUN" starttime="20230812 15:34:49.475" endtime="20230812 15:34:49.477"/>
</branch>
<branch type="ELSE IF" condition="${cnt} &gt; 0 and '${type}' == 'fullname'">
<kw name="Name" library="FakerLibrary">
<var>${new_text}</var>
<doc>:example: 'John Doe'</doc>
<status status="NOT RUN" starttime="20230812 15:34:49.477" endtime="20230812 15:34:49.477"/>
</kw>
<status status="NOT RUN" starttime="20230812 15:34:49.477" endtime="20230812 15:34:49.478"/>
</branch>
[...]
<var>${name}</var>
<arg>USR</arg>
<doc>Returns the given values which can then be assigned to a variables.</doc>
<status status="NOT RUN" starttime="20230812 15:34:49.480" endtime="20230812 15:34:49.480"/>
</kw>
<kw name="Set Variable" library="BuiltIn">
<var>${new_text}</var>
<arg>${name}${random}</arg>
<doc>Returns the given values which can then be assigned to a variables.</doc>
<status status="NOT RUN" starttime="20230812 15:34:49.481" endtime="20230812 15:34:49.481"/>
</kw>
<status status="NOT RUN" starttime="20230812 15:34:49.479" endtime="20230812 15:34:49.481"/>
</branch>
<branch type="ELSE IF" condition="${cnt} &gt; 0 and '${type}' == 'phone_invalid'">
<kw name="Random Int" library="FakerLibrary">
<var>${new_text}</var>
<arg>min=1000000000000</arg>
<arg>max=9999999999999</arg>
<doc>Generate a random integer between two integers ``min`` and ``max`` inclusive
while observing the provided ``step`` value.</doc>
<status status="NOT RUN" starttime="20230812 15:34:49.481" endtime="20230812 15:34:49.482"/>
</kw>
<kw name="Convert To String" library="BuiltIn">
<var>${new_text}</var>
<arg>${new_text}</arg>
<doc>Converts the given item to a Unicode string.</doc>
<status status="NOT RUN" starttime="20230812 15:34:49.482" endtime="20230812 15:34:49.482"/>
</kw>
<status status="NOT RUN" starttime="20230812 15:34:49.481" endtime="20230812 15:34:49.482"/>
</branch>
<branch type="ELSE IF" condition="${cnt} &gt; 0 and '${type}' == 'percentage'">
<kw name="Random Int" library="FakerLibrary">
<var>${new_text}</var>
<arg>max=100</arg>
<doc>Generate a random integer between two integers ``min`` and ``max`` inclusive
while observing the provided ``step`` value.</doc>
<status status="NOT RUN" starttime="20230812 15:34:49.483" endtime="20230812 15:34:49.483"/>
</kw>
<kw name="Convert To String" library="BuiltIn">
<var>${new_text}</var>
<arg>${new_text}</arg>
<doc>Converts the given item to a Unicode string.</doc>
<status status="NOT RUN" starttime="20230812 15:34:49.483" endtime="20230812 15:34:49.483"/>
</kw>
<status status="NOT RUN" starttime="20230812 15:34:49.482" endtime="20230812 15:34:49.483"/>
</branch>
<branch type="ELSE IF" condition="${cnt} &gt; 0 and '${type}' == 'paragraph'">
<kw name="Paragraph" library="FakerLibrary">
<var>${new_text}</var>
<doc>Generate a paragraph.</doc>
<status status="NOT RUN" starttime="20230812 15:34:49.484" endtime="20230812 15:34:49.484"/>
</kw>
<status status="NOT RUN" starttime="20230812 15:34:49.483" endtime="20230812 15:34:49.484"/>
</branch>
<branch type="ELSE IF" condition="${cnt} &gt; 0 and '${type}' == 'email'">
<kw name="Email" library="FakerLibrary">
<var>${new_text}</var>
<status status="NOT RUN" starttime="20230812 15:34:49.485" endtime="20230812 15:34:49.485"/>
</kw>
<status status="NOT RUN" starttime="20230812 15:34:49.484" endtime="20230812 15:34:49.485"/>
</branch>
<branch type="ELSE IF" condition="${cnt} &gt; 0 and '${type}' == 'phone'">
<kw name="Random Int" library="FakerLibrary">
<var>${new_text}</var>
<arg>min=55555555</arg>
<arg>max=999999999999</arg>
<doc>Generate a random integer between two integers ``min`` and ``max`` inclusive
while observing the provided ``step`` value.</doc>
<status status="NOT RUN" starttime="20230812 15:34:49.485" endtime="20230812 15:34:49.485"/>
</kw>
<kw name="Convert To String" library="BuiltIn">
<var>${new_text}</var>
<arg>${new_text}</arg>
<doc>Converts the given item to a Unicode string.</doc>
<status status="NOT RUN" starttime="20230812 15:34:49.487" endtime="20230812 15:34:49.487"/>
</kw>
<status status="NOT RUN" starttime="20230812 15:34:49.485" endtime="20230812 15:34:49.487"/>
</branch>
<branch type="ELSE IF" condition="${cnt} &gt; 0 and '${type}' == 'phone_7'">
<kw name="Random Int" library="FakerLibrary">
<var>${new_text}</var>
<arg>min=0000000</arg>
<arg>max=9999999</arg>
<doc>Generate a random integer between two integers ``min`` and ``max`` inclusive
while observing the provided ``step`` value.</doc>
<status status="NOT RUN" starttime="20230812 15:34:49.488" endtime="20230812 15:34:49.489"/>
</kw>
<kw name="Convert To String" library="BuiltIn">
<var>${new_text}</var>
<arg>${new_text}</arg>
<doc>Converts the given item to a Unicode string.</doc>
<status status="NOT RUN" starttime="20230812 15:34:49.489" endtime="20230812 15:34:49.490"/>
</kw>
<status status="NOT RUN" starttime="20230812 15:34:49.488" endtime="20230812 15:34:49.490"/>
</branch>
<branch type="ELSE IF" condition="${cnt} &gt; 0 and '${type}' == 'phone_invalid'">
<kw name="Random Int" library="FakerLibrary">
<var>${new_text}</var>
<arg>min=0000000000000</arg>
<arg>max=9999999999999</arg>
<doc>Generate a random integer between two integers ``min`` and ``max`` inclusive
while observing the provided ``step`` value.</doc>
<status status="NOT RUN" starttime="20230812 15:34:49.491" endtime="20230812 15:34:49.491"/>
</kw>
<kw name="Convert To String" library="BuiltIn">
<var>${new_text}</var>
<arg>${new_text}</arg>
<doc>Converts the given item to a Unicode string.</doc>
<status status="NOT RUN" starttime="20230812 15:34:49.493" endtime="20230812 15:34:49.493"/>
</kw>
<status status="NOT RUN" starttime="20230812 15:34:49.490" endtime="20230812 15:34:49.493"/>
</branch>
<branch type="ELSE IF" condition="${cnt} &gt; 0 and '${type}' == 'number'">
<kw name="Random Int" library="FakerLibrary">
<var>${new_text}</var>
<arg>min=55555555</arg>
<arg>max=999999999999</arg>
<doc>Generate a random integer between two integers ``min`` and ``max`` inclusive
while observing the provided ``step`` value.</doc>
<status status="NOT RUN" starttime="20230812 15:34:49.493" endtime="20230812 15:34:49.493"/>
</kw>
<kw name="Convert To String" library="BuiltIn">
<var>${new_text}</var>
<arg>${new_text}</arg>
<doc>Converts the given item to a Unicode string.</doc>
<status status="NOT RUN" starttime="20230812 15:34:49.493" endtime="20230812 15:34:49.493"/>
</kw>
<status status="NOT RUN" starttime="20230812 15:34:49.493" endtime="20230812 15:34:49.493"/>
</branch>
<branch type="ELSE IF" condition="${cnt} &gt; 0 and '${type}' == 'otp'">
<kw name="Random Int" library="FakerLibrary">
<var>${new_text}</var>
<arg>min=100000</arg>
<arg>max=999999</arg>
<doc>Generate a random integer between two integers ``min`` and ``max`` inclusive
while observing the provided ``step`` value.</doc>
<status status="NOT RUN" starttime="20230812 15:34:49.493" endtime="20230812 15:34:49.493"/>
</kw>
<kw name="Convert To String" library="BuiltIn">
<var>${new_text}</var>
<arg>${new_text}</arg>
<doc>Converts the given item to a Unicode string.</doc>
<status status="NOT RUN" starttime="20230812 15:34:49.493" endtime="20230812 15:34:49.493"/>
</kw>
<status status="NOT RUN" starttime="20230812 15:34:49.493" endtime="20230812 15:34:49.493"/>
</branch>
<branch type="ELSE IF" condition="${cnt} &gt; 0 and '${type}' == 'color'">
<kw name="Safe Hex Color" library="FakerLibrary">
<var>${new_text}</var>
<doc>Generate a web-safe color formatted as a hex triplet.</doc>
<status status="NOT RUN" starttime="20230812 15:34:49.496" endtime="20230812 15:34:49.496"/>
</kw>
<status status="NOT RUN" starttime="20230812 15:34:49.493" endtime="20230812 15:34:49.496"/>
</branch>
<branch type="ELSE IF" condition="${cnt} &gt; 0 and '${type}' == 'date'">
<kw name="Date" library="FakerLibrary">
<var>${new_text}</var>
<arg>pattern=%d-%m-%Y</arg>
<doc>Get a date string between January 1, 1970 and now.</doc>
<status status="NOT RUN" starttime="20230812 15:34:49.496" endtime="20230812 15:34:49.496"/>
</kw>
<status status="NOT RUN" starttime="20230812 15:34:49.496" endtime="20230812 15:34:49.496"/>
</branch>
<branch type="ELSE IF" condition="${cnt} &gt; 0 and '${type}' == 'word'">
<kw name="Sentence" library="FakerLibrary">
<var>${new_text}</var>
<arg>nb_words=500</arg>
<doc>Generate a sentence.</doc>
<status status="NOT RUN" starttime="20230812 15:34:49.496" endtime="20230812 15:34:49.496"/>
</kw>
<status status="NOT RUN" starttime="20230812 15:34:49.496" endtime="20230812 15:34:49.496"/>
</branch>
<branch type="ELSE IF" condition="${cnt} &gt; 0">
<kw name="Sentence" library="FakerLibrary">
<var>${new_text}</var>
<doc>Generate a sentence.</doc>
<status status="NOT RUN" starttime="20230812 15:34:49.496" endtime="20230812 15:34:49.496"/>
</kw>
<status status="NOT RUN" starttime="20230812 15:34:49.496" endtime="20230812 15:34:49.496"/>
</branch>
<status status="PASS" starttime="20230812 15:34:49.475" endtime="20230812 15:34:49.496"/>
</if>
<kw name="Get Length" library="BuiltIn">
<var>${cnt}</var>
<arg>${text}</arg>
<doc>Returns and logs the length of the given item as an integer.</doc>
<msg timestamp="20230812 15:34:49.496" level="INFO">Length is 13</msg>
<msg timestamp="20230812 15:34:49.496" level="INFO">${cnt} = 13</msg>
<status status="PASS" starttime="20230812 15:34:49.496" endtime="20230812 15:34:49.496"/>
</kw>
<if>
<branch type="IF" condition="${cnt} &gt; 0">
<kw name="Replace String" library="String">
<var>${text}</var>
<arg>${text}</arg>
<arg>${symbol}</arg>
<arg>${new_text}</arg>
<doc>Replaces ``search_for`` in the given ``string`` with ``replace_with``.</doc>
<msg timestamp="20230812 15:34:49.496" level="INFO">${text} = Nhat@01101999</msg>
<status status="PASS" starttime="20230812 15:34:49.496" endtime="20230812 15:34:49.496"/>
</kw>
<status status="PASS" starttime="20230812 15:34:49.496" endtime="20230812 15:34:49.496"/>
</branch>
<status status="PASS" starttime="20230812 15:34:49.496" endtime="20230812 15:34:49.496"/>
</if>
<msg timestamp="20230812 15:34:49.496" level="INFO">${text} = Nhat@01101999</msg>
<status status="PASS" starttime="20230812 15:34:49.466" endtime="20230812 15:34:49.496"/>
</kw>
<kw name="Get Element Form Item By Name" library="common">
<var>${element}</var>
<arg>${name}</arg>
<arg>//input[contains(@class, "ant-input")]</arg>
<msg timestamp="20230812 15:34:49.496" level="INFO">${element} = xpath=//*[contains(@class, "ant-form-item-label")]/label[text()="Xác nhận mật khẩu"]/../../*[contains(@class, "ant-form-item")]//input[contains(@class, "ant-input")]</msg>
<status status="PASS" starttime="20230812 15:34:49.496" endtime="20230812 15:34:49.496"/>
</kw>
<kw name="Clear Text" library="Browser">
<arg>${element}</arg>
<tag>PageContent</tag>
<tag>Setter</tag>
<doc>Clears the text field found by ``selector``.</doc>
<status status="PASS" starttime="20230812 15:34:49.496" endtime="20230812 15:34:49.551"/>
</kw>
<kw name="Fill Text" library="Browser">
<arg>${element}</arg>
<arg>${text}</arg>
<arg>True</arg>
<tag>PageContent</tag>
<tag>Setter</tag>
<doc>Clears and fills the given ``txt`` into the text field found by ``selector``.</doc>
<msg timestamp="20230812 15:34:49.552" level="INFO">Fills the text 'Nhat@01101999' in the given field.</msg>
<status status="PASS" starttime="20230812 15:34:49.552" endtime="20230812 15:34:49.576"/>
</kw>
<kw name="Get Length" library="BuiltIn">
<var>${cnt}</var>
<arg>${text}</arg>
<doc>Returns and logs the length of the given item as an integer.</doc>
<msg timestamp="20230812 15:34:49.587" level="INFO">Length is 13</msg>
<msg timestamp="20230812 15:34:49.587" level="INFO">${cnt} = 13</msg>
<status status="PASS" starttime="20230812 15:34:49.586" endtime="20230812 15:34:49.587"/>
</kw>
<if>
<branch type="IF" condition="${cnt} &gt; 0">
<kw name="Set Global Variable" library="BuiltIn">
<arg>${STATE["${name}"]}</arg>
<arg>${text}</arg>
<doc>Makes a variable available globally in all tests and suites.</doc>
<msg timestamp="20230812 15:34:49.592" level="INFO">${STATE["Xác nhận mật khẩu"]} = Nhat@01101999</msg>
<status status="PASS" starttime="20230812 15:34:49.589" endtime="20230812 15:34:49.592"/>
</kw>
<status status="PASS" starttime="20230812 15:34:49.588" endtime="20230812 15:34:49.592"/>
</branch>
<status status="PASS" starttime="20230812 15:34:49.587" endtime="20230812 15:34:49.592"/>
</if>
<status status="PASS" starttime="20230812 15:34:49.466" endtime="20230812 15:34:49.592"/>
</kw>
<kw name="And Click &quot;Hủy thao tác&quot; button" library="common" sourcename="Click &quot;${text}&quot; button">
<kw name="Click" library="Browser">
<arg>xpath=//button[text()='${text}']</arg>
<tag>PageContent</tag>
<tag>Setter</tag>
<doc>Simulates mouse click on the element found by ``selector``.</doc>
<status status="PASS" starttime="20230812 15:34:49.592" endtime="20230812 15:34:49.693"/>
</kw>
<kw name="Click Confirm To Action" library="common">
<kw name="Set Variable" library="BuiltIn">
<var>${element}</var>
<arg>xpath=//*[contains(@class, "ant-popover")]//*[contains(@class, "ant-btn-primary")]</arg>
<doc>Returns the given values which can then be assigned to a variables.</doc>
<msg timestamp="20230812 15:34:49.694" level="INFO">${element} = xpath=//*[contains(@class, "ant-popover")]//*[contains(@class, "ant-btn-primary")]</msg>
<status status="PASS" starttime="20230812 15:34:49.694" endtime="20230812 15:34:49.694"/>
</kw>
<kw name="Get Element Count" library="Browser">
<var>${count}</var>
<arg>${element}</arg>
<tag>Assertion</tag>
<tag>Getter</tag>
<tag>PageContent</tag>
<doc>Returns the count of elements found with ``selector``.</doc>
<msg timestamp="20230812 15:34:49.700" level="INFO">${count} = 0</msg>
<status status="PASS" starttime="20230812 15:34:49.695" endtime="20230812 15:34:49.700"/>
</kw>
<if>
<branch type="IF" condition="${count} &gt; 0">
<kw name="Click" library="Browser">
<arg>${element}</arg>
<tag>PageContent</tag>
<tag>Setter</tag>
<doc>Simulates mouse click on the element found by ``selector``.</doc>
<status status="NOT RUN" starttime="20230812 15:34:49.701" endtime="20230812 15:34:49.702"/>
</kw>
<kw name="Sleep" library="BuiltIn">
<arg>${SHOULD_TIMEOUT}</arg>
<doc>Pauses the test executed for the given time.</doc>
<status status="NOT RUN" starttime="20230812 15:34:49.702" endtime="20230812 15:34:49.702"/>
</kw>
<status status="NOT RUN" starttime="20230812 15:34:49.700" endtime="20230812 15:34:49.702"/>
</branch>
<status status="PASS" starttime="20230812 15:34:49.700" endtime="20230812 15:34:49.703"/>
</if>
<status status="PASS" starttime="20230812 15:34:49.693" endtime="20230812 15:34:49.703"/>
</kw>
<kw name="Scroll By" library="Browser">
<arg>${None}</arg>
<tag>PageContent</tag>
<tag>Setter</tag>
<doc>Scrolls an element or the page relative from current position by the given values.</doc>
<msg timestamp="20230812 15:34:49.714" level="INFO">JavaScript executed successfully.</msg>
<msg timestamp="20230812 15:34:49.714" level="INFO">JavaScript executed successfully.</msg>
<msg timestamp="20230812 15:34:49.726" level="INFO">JavaScript executed successfully.</msg>
<msg timestamp="20230812 15:34:49.726" level="INFO">JavaScript executed successfully.</msg>
<msg timestamp="20230812 15:34:49.726" level="INFO">JavaScript executed successfully.</msg>
<status status="PASS" starttime="20230812 15:34:49.703" endtime="20230812 15:34:49.726"/>
</kw>
<status status="PASS" starttime="20230812 15:34:49.592" endtime="20230812 15:34:49.726"/>
</kw>
<kw name="Then User look in &quot;Mật khẩu hiện tại&quot; with &quot;&quot;" sourcename="User look in &quot;${name}&quot; with &quot;${text}&quot;">
<kw name="Get Element Form Item By Name" library="common">
<var>${element}</var>
<arg>${name}</arg>
<arg>//input[contains(@class, "ant-input")]</arg>
<msg timestamp="20230812 15:34:49.735" level="INFO">${element} = xpath=//*[contains(@class, "ant-form-item-label")]/label[text()="Mật khẩu hiện tại"]/../../*[contains(@class, "ant-form-item")]//input[contains(@class, "ant-input")]</msg>
<status status="PASS" starttime="20230812 15:34:49.726" endtime="20230812 15:34:49.735"/>
</kw>
<kw name="Element Text Should Be" library="common">
<arg>${element}</arg>
<arg>${text}</arg>
<kw name="Get Text" library="Browser">
<arg>${locator}</arg>
<arg>equal</arg>
<arg>${expected}</arg>
<arg>${message}</arg>
<tag>Assertion</tag>
<tag>Getter</tag>
<tag>PageContent</tag>
<doc>Returns text attribute of the element found by ``selector``.</doc>
<msg timestamp="20230812 15:34:49.787" level="INFO">Text: ''</msg>
<status status="PASS" starttime="20230812 15:34:49.736" endtime="20230812 15:34:49.787"/>
</kw>
<status status="PASS" starttime="20230812 15:34:49.735" endtime="20230812 15:34:49.788"/>
</kw>
<status status="PASS" starttime="20230812 15:34:49.726" endtime="20230812 15:34:49.788"/>
</kw>
<kw name="And User look in &quot;Mật khẩu mới&quot; with &quot;&quot;" sourcename="User look in &quot;${name}&quot; with &quot;${text}&quot;">
<kw name="Get Element Form Item By Name" library="common">
<var>${element}</var>
<arg>${name}</arg>
<arg>//input[contains(@class, "ant-input")]</arg>
<msg timestamp="20230812 15:34:49.790" level="INFO">${element} = xpath=//*[contains(@class, "ant-form-item-label")]/label[text()="Mật khẩu mới"]/../../*[contains(@class, "ant-form-item")]//input[contains(@class, "ant-input")]</msg>
<status status="PASS" starttime="20230812 15:34:49.789" endtime="20230812 15:34:49.790"/>
</kw>
<kw name="Element Text Should Be" library="common">
<arg>${element}</arg>
<arg>${text}</arg>
<kw name="Get Text" library="Browser">
<arg>${locator}</arg>
<arg>equal</arg>
<arg>${expected}</arg>
<arg>${message}</arg>
<tag>Assertion</tag>
<tag>Getter</tag>
<tag>PageContent</tag>
<doc>Returns text attribute of the element found by ``selector``.</doc>
<msg timestamp="20230812 15:34:49.823" level="INFO">Text: ''</msg>
<status status="PASS" starttime="20230812 15:34:49.793" endtime="20230812 15:34:49.823"/>
</kw>
<status status="PASS" starttime="20230812 15:34:49.790" endtime="20230812 15:34:49.824"/>
</kw>
<status status="PASS" starttime="20230812 15:34:49.789" endtime="20230812 15:34:49.824"/>
</kw>
<kw name="And User look in &quot;Xác nhận mật khẩu&quot; with &quot;&quot;" sourcename="User look in &quot;${name}&quot; with &quot;${text}&quot;">
<kw name="Get Element Form Item By Name" library="common">
<var>${element}</var>
<arg>${name}</arg>
<arg>//input[contains(@class, "ant-input")]</arg>
<msg timestamp="20230812 15:34:49.826" level="INFO">${element} = xpath=//*[contains(@class, "ant-form-item-label")]/label[text()="Xác nhận mật khẩu"]/../../*[contains(@class, "ant-form-item")]//input[contains(@class, "ant-input")]</msg>
<status status="PASS" starttime="20230812 15:34:49.826" endtime="20230812 15:34:49.826"/>
</kw>
<kw name="Element Text Should Be" library="common">
<arg>${element}</arg>
<arg>${text}</arg>
<kw name="Get Text" library="Browser">
<arg>${locator}</arg>
<arg>equal</arg>
<arg>${expected}</arg>
<arg>${message}</arg>
<tag>Assertion</tag>
<tag>Getter</tag>
<tag>PageContent</tag>
<doc>Returns text attribute of the element found by ``selector``.</doc>
<msg timestamp="20230812 15:34:49.848" level="INFO">Text: ''</msg>
<status status="PASS" starttime="20230812 15:34:49.829" endtime="20230812 15:34:49.848"/>
</kw>
<status status="PASS" starttime="20230812 15:34:49.827" endtime="20230812 15:34:49.848"/>
</kw>
<status status="PASS" starttime="20230812 15:34:49.825" endtime="20230812 15:34:49.848"/>
</kw>
<kw name="Tear Down" library="common" type="TEARDOWN">
<kw name="Close Browser" library="Browser">
<arg>ALL</arg>
<tag>BrowserControl</tag>
<tag>Setter</tag>
<doc>Closes the current browser.</doc>
<msg timestamp="20230812 15:34:50.424" level="INFO">Closed all browsers</msg>
<status status="PASS" starttime="20230812 15:34:49.856" endtime="20230812 15:34:50.425"/>
</kw>
<status status="PASS" starttime="20230812 15:34:49.856" endtime="20230812 15:34:50.425"/>
</kw>
<tag>@regression</tag>
<tag>@smoketest</tag>
<status status="PASS" starttime="20230812 15:34:41.216" endtime="20230812 15:34:50.425"/>
</test>
<status status="PASS" starttime="20230812 15:34:37.929" endtime="20230812 15:34:50.434"/>
</suite>
<statistics>
<total>
<stat pass="1" fail="0" skip="0">All Tests</stat>
</total>
<tag>
<stat pass="1" fail="0" skip="0">@regression</stat>
<stat pass="1" fail="0" skip="0">@smoketest</stat>
</tag>
<suite>
<stat pass="1" fail="0" skip="0" id="s1" name="Profile">Profile</stat>
</suite>
</statistics>
<errors>
</errors>
</robot>
