<?xml version="1.0" encoding="UTF-8"?>
<robot generator="Robot 6.1 (Python 3.11.4 on win32)" generated="20230731 09:02:36.497" rpa="false" schemaversion="4">
<suite id="s1" name="Test" source="C:\Users\nhats\OneDrive\Desktop\ARI\vite-react-ari\test\testcases\test.robot">
<test id="s1-t1" name="EP-09 Verify that Edit Post with News is successful &amp; &quot;Lưu lại&quot; button" line="8">
<kw name="Setup" library="common" type="SETUP">
<kw name="Set Browser Timeout" library="Browser">
<arg>${BROWSER_TIMEOUT}</arg>
<tag>Config</tag>
<tag>Setter</tag>
<doc>Sets the timeout used by most input and getter keywords.</doc>
<status status="PASS" starttime="20230731 09:02:42.307" endtime="20230731 09:02:42.324"/>
</kw>
<kw name="New Browser" library="Browser">
<arg>${BROWSER}</arg>
<arg>headless=${HEADLESS}</arg>
<tag>BrowserControl</tag>
<tag>Setter</tag>
<doc>Create a new playwright Browser with specified options.</doc>
<msg timestamp="20230731 09:02:42.327" level="INFO">{"browser": "chromium", "headless": false, "devtools": false, "handleSIGHUP": true, "handleSIGINT": true, "handleSIGTERM": true, "slowMo": 0.0, "timeout": 30000.0, "deprecated_pos_args": [], "tracesDir": "C:\\Users\\nhats\\OneDrive\\Desktop\\ARI\\vite-react-ari\\browser\\traces\\4cb83ce2-ff17-4075-ab95-5552f686f781"}</msg>
<msg timestamp="20230731 09:02:44.639" level="INFO">Successfully created browser with options: {"browser":"chromium","headless":false,"devtools":false,"handleSIGHUP":true,"handleSIGINT":true,"handleSIGTERM":true,"slowMo":0,"timeout":30000,"deprecated_pos_args":[],"tracesDir":"C:\\Users\\nhats\\OneDrive\\Desktop\\ARI\\vite-react-ari\\browser\\traces\\4cb83ce2-ff17-4075-ab95-5552f686f781"}</msg>
<status status="PASS" starttime="20230731 09:02:42.325" endtime="20230731 09:02:44.640"/>
</kw>
<kw name="New Page" library="Browser">
<arg>${URL_DEFAULT}</arg>
<tag>BrowserControl</tag>
<tag>Setter</tag>
<doc>Open a new Page.</doc>
<msg timestamp="20230731 09:02:47.545" level="INFO">Successfully initialized new page object and opened url: http://v2.ari.com.vn/</msg>
<msg timestamp="20230731 09:02:47.545" level="INFO">No context was open. New context was automatically opened when this page is created.</msg>
<status status="PASS" starttime="20230731 09:02:44.641" endtime="20230731 09:02:47.546"/>
</kw>
<kw name="Evaluate" library="BuiltIn">
<var>${STATE}</var>
<arg>json.loads('''{}''')</arg>
<arg>json</arg>
<doc>Evaluates the given expression in Python and returns the result.</doc>
<msg timestamp="20230731 09:02:47.548" level="INFO">${STATE} = {}</msg>
<status status="PASS" starttime="20230731 09:02:47.546" endtime="20230731 09:02:47.548"/>
</kw>
<status status="PASS" starttime="20230731 09:02:42.305" endtime="20230731 09:02:47.548"/>
</kw>
<kw name="When Go to edit post News page" library="common" sourcename="Go to ${name} post ${type} page">
<kw name="Login to admin" library="common">
<kw name="Enter &quot;email&quot; in &quot;Tên đăng nhập&quot; with &quot;hovannhat@admin.com&quot;" library="common" sourcename="Enter &quot;${type}&quot; in &quot;${name}&quot; with &quot;${text}&quot;">
<kw name="Get Random Text" library="common">
<var>${text}</var>
<arg>${type}</arg>
<arg>${text}</arg>
<kw name="Set Variable" library="BuiltIn">
<var>${symbol}</var>
<arg>_RANDOM_</arg>
<doc>Returns the given values which can then be assigned to a variables.</doc>
<msg timestamp="20230731 09:02:47.566" level="INFO">${symbol} = _RANDOM_</msg>
<status status="PASS" starttime="20230731 09:02:47.565" endtime="20230731 09:02:47.566"/>
</kw>
<kw name="Set Variable" library="BuiltIn">
<var>${new_text}</var>
<doc>Returns the given values which can then be assigned to a variables.</doc>
<msg timestamp="20230731 09:02:47.567" level="INFO">${new_text} = </msg>
<status status="PASS" starttime="20230731 09:02:47.566" endtime="20230731 09:02:47.567"/>
</kw>
<kw name="Get Regexp Matches" library="String">
<var>${containsS}</var>
<arg>${text}</arg>
<arg>_@(.+)@_</arg>
<arg>1</arg>
<doc>Returns a list of all non-overlapping matches in the given string.</doc>
<msg timestamp="20230731 09:02:47.569" level="INFO">${containsS} = []</msg>
<status status="PASS" starttime="20230731 09:02:47.568" endtime="20230731 09:02:47.569"/>
</kw>
<kw name="Get Length" library="BuiltIn">
<var>${cntS}</var>
<arg>${containsS}</arg>
<doc>Returns and logs the length of the given item as an integer.</doc>
<msg timestamp="20230731 09:02:47.570" level="INFO">Length is 0</msg>
<msg timestamp="20230731 09:02:47.570" level="INFO">${cntS} = 0</msg>
<status status="PASS" starttime="20230731 09:02:47.569" endtime="20230731 09:02:47.570"/>
</kw>
<kw name="Get Regexp Matches" library="String">
<var>${contains}</var>
<arg>${text}</arg>
<arg>${symbol}</arg>
<doc>Returns a list of all non-overlapping matches in the given string.</doc>
<msg timestamp="20230731 09:02:47.572" level="INFO">${contains} = []</msg>
<status status="PASS" starttime="20230731 09:02:47.571" endtime="20230731 09:02:47.572"/>
</kw>
<kw name="Get Length" library="BuiltIn">
<var>${cnt}</var>
<arg>${contains}</arg>
<doc>Returns and logs the length of the given item as an integer.</doc>
<msg timestamp="20230731 09:02:47.574" level="INFO">Length is 0</msg>
<msg timestamp="20230731 09:02:47.574" level="INFO">${cnt} = 0</msg>
<status status="PASS" starttime="20230731 09:02:47.573" endtime="20230731 09:02:47.574"/>
</kw>
<if>
<branch type="IF" condition="${cntS} &gt; 0">
<kw name="Set Variable" library="BuiltIn">
<var>${new_text}</var>
<arg>${STATE["${containsS[0]}"]}</arg>
<doc>Returns the given values which can then be assigned to a variables.</doc>
<status status="NOT RUN" starttime="20230731 09:02:47.576" endtime="20230731 09:02:47.576"/>
</kw>
<kw name="Set Variable" library="BuiltIn">
<var>${symbol}</var>
<arg>_@${containsS[0]}@_</arg>
<doc>Returns the given values which can then be assigned to a variables.</doc>
<status status="NOT RUN" starttime="20230731 09:02:47.577" endtime="20230731 09:02:47.577"/>
</kw>
<status status="NOT RUN" starttime="20230731 09:02:47.575" endtime="20230731 09:02:47.577"/>
</branch>
<branch type="ELSE IF" condition="${cnt} &gt; 0 and '${type}' == 'test name'">
<kw name="Sentence" library="FakerLibrary">
<var>${random}</var>
<arg>nb_words=3</arg>
<doc>Generate a sentence.</doc>
<status status="NOT RUN" starttime="20230731 09:02:47.579" endtime="20230731 09:02:47.579"/>
</kw>
<kw name="Split String" library="String">
<var>${words}</var>
<arg>${TEST NAME}</arg>
<arg>${SPACE}</arg>
<doc>Splits the ``string`` using ``separator`` as a delimiter string.</doc>
<status status="NOT RUN" starttime="20230731 09:02:47.580" endtime="20230731 09:02:47.580"/>
</kw>
<kw name="Set Variable" library="BuiltIn">
<var>${new_text}</var>
<arg>${words[0]} ${random}</arg>
<doc>Returns the given values which can then be assigned to a variables.</doc>
<status status="NOT RUN" starttime="20230731 09:02:47.580" endtime="20230731 09:02:47.581"/>
</kw>
<status status="NOT RUN" starttime="20230731 09:02:47.578" endtime="20230731 09:02:47.581"/>
</branch>
<branch type="ELSE IF" condition="${cnt} &gt; 0 and '${type}' == 'number'">
<kw name="Random Int" library="FakerLibrary">
<var>${new_text}</var>
<arg>min=1000000000000</arg>
<arg>max=9999999999999</arg>
<doc>Generate a random integer between two integers ``min`` and ``max`` inclusive
while observing the provided ``step`` value.</doc>
<status status="NOT RUN" starttime="20230731 09:02:47.582" endtime="20230731 09:02:47.582"/>
</kw>
<kw name="Convert To String" library="BuiltIn">
<var>${new_text}</var>
<arg>${new_text}</arg>
<doc>Converts the given item to a Unicode string.</doc>
<status status="NOT RUN" starttime="20230731 09:02:47.583" endtime="20230731 09:02:47.583"/>
</kw>
<status status="NOT RUN" starttime="20230731 09:02:47.581" endtime="20230731 09:02:47.584"/>
</branch>
<branch type="ELSE IF" condition="${cnt} &gt; 0 and '${type}' == 'order number'">
<kw name="Random Int" library="FakerLibrary">
<var>${new_text}</var>
<arg>min=0</arg>
<arg>max=999999999</arg>
<doc>Generate a random integer between two integers ``min`` and ``max`` inclusive
while observing the provided ``step`` value.</doc>
<status status="NOT RUN" starttime="20230731 09:02:47.585" endtime="20230731 09:02:47.585"/>
</kw>
<kw name="Convert To String" library="BuiltIn">
<var>${new_text}</var>
<arg>${new_text}</arg>
<doc>Converts the given item to a Unicode string.</doc>
<status status="NOT RUN" starttime="20230731 09:02:47.586" endtime="20230731 09:02:47.586"/>
</kw>
<status status="NOT RUN" starttime="20230731 09:02:47.584" endtime="20230731 09:02:47.586"/>
</branch>
<branch type="ELSE IF" condition="${cnt} &gt; 0 and '${type}' == 'leave date valid'">
<kw name="Random Int" library="FakerLibrary">
<var>${new_text}</var>
<arg>min=0</arg>
<arg>max=16</arg>
<doc>Generate a random integer between two integers ``min`` and ``max`` inclusive
while observing the provided ``step`` value.</doc>
<status status="NOT RUN" starttime="20230731 09:02:47.588" endtime="20230731 09:02:47.588"/>
</kw>
<kw name="Convert To String" library="BuiltIn">
<var>${new_text}</var>
<arg>${new_text}</arg>
<doc>Converts the given item to a Unicode string.</doc>
<status status="NOT RUN" starttime="20230731 09:02:47.589" endtime="20230731 09:02:47.589"/>
</kw>
<status status="NOT RUN" starttime="20230731 09:02:47.587" endtime="20230731 09:02:47.590"/>
</branch>
<branch type="ELSE IF" condition="${cnt} &gt; 0 and '${type}' == 'leave date invalid'">
<kw name="Random Int" library="FakerLibrary">
<var>${new_text}</var>
<arg>min=17</arg>
<arg>max=99</arg>
<doc>Generate a random integer between two integers ``min`` and ``max`` inclusive
while observing the provided ``step`` value.</doc>
<status status="NOT RUN" starttime="20230731 09:02:47.594" endtime="20230731 09:02:47.594"/>
</kw>
<kw name="Convert To String" library="BuiltIn">
<var>${new_text}</var>
<arg>${new_text}</arg>
<doc>Converts the given item to a Unicode string.</doc>
<status status="NOT RUN" starttime="20230731 09:02:47.595" endtime="20230731 09:02:47.596"/>
</kw>
<status status="NOT RUN" starttime="20230731 09:02:47.590" endtime="20230731 09:02:47.596"/>
</branch>
<branch type="ELSE IF" condition="${cnt} &gt; 0 and '${type}' == 'percentage'">
<kw name="Random Int" library="FakerLibrary">
<var>${new_text}</var>
<arg>max=100</arg>
<doc>Generate a random integer between two integers ``min`` and ``max`` inclusive
while observing the provided ``step`` value.</doc>
<status status="NOT RUN" starttime="20230731 09:02:47.598" endtime="20230731 09:02:47.598"/>
</kw>
<kw name="Convert To String" library="BuiltIn">
<var>${new_text}</var>
<arg>${new_text}</arg>
<doc>Converts the given item to a Unicode string.</doc>
<status status="NOT RUN" starttime="20230731 09:02:47.599" endtime="20230731 09:02:47.600"/>
</kw>
<status status="NOT RUN" starttime="20230731 09:02:47.597" endtime="20230731 09:02:47.600"/>
</branch>
<branch type="ELSE IF" condition="${cnt} &gt; 0 and '${type}' == 'paragraph'">
<kw name="Paragraph" library="FakerLibrary">
<var>${new_text}</var>
<doc>Generate a paragraph.</doc>
<status status="NOT RUN" starttime="20230731 09:02:47.601" endtime="20230731 09:02:47.602"/>
</kw>
<status status="NOT RUN" starttime="20230731 09:02:47.600" endtime="20230731 09:02:47.602"/>
</branch>
<branch type="ELSE IF" condition="${cnt} &gt; 0 and '${type}' == 'email'">
<kw name="Email" library="FakerLibrary">
<var>${new_text}</var>
<status status="NOT RUN" starttime="20230731 09:02:47.603" endtime="20230731 09:02:47.603"/>
</kw>
<status status="NOT RUN" starttime="20230731 09:02:47.602" endtime="20230731 09:02:47.603"/>
</branch>
<branch type="ELSE IF" condition="${cnt} &gt; 0 and '${type}' == 'phone'">
<kw name="Random Int" library="FakerLibrary">
<var>${new_text}</var>
<arg>min=55555555</arg>
<arg>max=999999999999</arg>
<doc>Generate a random integer between two integers ``min`` and ``max`` inclusive
while observing the provided ``step`` value.</doc>
<status status="NOT RUN" starttime="20230731 09:02:47.604" endtime="20230731 09:02:47.604"/>
</kw>
<kw name="Convert To String" library="BuiltIn">
<var>${new_text}</var>
<arg>${new_text}</arg>
<doc>Converts the given item to a Unicode string.</doc>
<status status="NOT RUN" starttime="20230731 09:02:47.605" endtime="20230731 09:02:47.606"/>
</kw>
<status status="NOT RUN" starttime="20230731 09:02:47.603" endtime="20230731 09:02:47.606"/>
</branch>
<branch type="ELSE IF" condition="${cnt} &gt; 0 and '${type}' == 'color'">
<kw name="Safe Hex Color" library="FakerLibrary">
<var>${new_text}</var>
<doc>Generate a web-safe color formatted as a hex triplet.</doc>
<status status="NOT RUN" starttime="20230731 09:02:47.609" endtime="20230731 09:02:47.609"/>
</kw>
<status status="NOT RUN" starttime="20230731 09:02:47.607" endtime="20230731 09:02:47.609"/>
</branch>
<branch type="ELSE IF" condition="${cnt} &gt; 0 and '${type}' == 'date'">
<kw name="Date" library="FakerLibrary">
<var>${new_text}</var>
<arg>pattern=%d-%m-%Y</arg>
<doc>Get a date string between January 1, 1970 and now.</doc>
<status status="NOT RUN" starttime="20230731 09:02:47.611" endtime="20230731 09:02:47.611"/>
</kw>
<status status="NOT RUN" starttime="20230731 09:02:47.610" endtime="20230731 09:02:47.612"/>
</branch>
<branch type="ELSE IF" condition="${cnt} &gt; 0 and '${type}' == 'word'">
<kw name="Sentence" library="FakerLibrary">
<var>${new_text}</var>
<arg>nb_words=2</arg>
<doc>Generate a sentence.</doc>
<status status="NOT RUN" starttime="20230731 09:02:47.613" endtime="20230731 09:02:47.614"/>
</kw>
<status status="NOT RUN" starttime="20230731 09:02:47.612" endtime="20230731 09:02:47.614"/>
</branch>
<branch type="ELSE IF" condition="${cnt} &gt; 0">
<kw name="Sentence" library="FakerLibrary">
<var>${new_text}</var>
<doc>Generate a sentence.</doc>
<status status="NOT RUN" starttime="20230731 09:02:47.615" endtime="20230731 09:02:47.616"/>
</kw>
<status status="NOT RUN" starttime="20230731 09:02:47.615" endtime="20230731 09:02:47.616"/>
</branch>
<status status="PASS" starttime="20230731 09:02:47.575" endtime="20230731 09:02:47.616"/>
</if>
<kw name="Get Length" library="BuiltIn">
<var>${cnt}</var>
<arg>${text}</arg>
<doc>Returns and logs the length of the given item as an integer.</doc>
<msg timestamp="20230731 09:02:47.618" level="INFO">Length is 19</msg>
<msg timestamp="20230731 09:02:47.618" level="INFO">${cnt} = 19</msg>
<status status="PASS" starttime="20230731 09:02:47.617" endtime="20230731 09:02:47.618"/>
</kw>
<if>
<branch type="IF" condition="${cnt} &gt; 0">
<kw name="Replace String" library="String">
<var>${text}</var>
<arg>${text}</arg>
<arg>${symbol}</arg>
<arg>${new_text}</arg>
<doc>Replaces ``search_for`` in the given ``string`` with ``replace_with``.</doc>
<msg timestamp="20230731 09:02:47.620" level="INFO">${text} = hovannhat@admin.com</msg>
<status status="PASS" starttime="20230731 09:02:47.619" endtime="20230731 09:02:47.620"/>
</kw>
<status status="PASS" starttime="20230731 09:02:47.619" endtime="20230731 09:02:47.621"/>
</branch>
<status status="PASS" starttime="20230731 09:02:47.618" endtime="20230731 09:02:47.621"/>
</if>
<msg timestamp="20230731 09:02:47.622" level="INFO">${text} = hovannhat@admin.com</msg>
<status status="PASS" starttime="20230731 09:02:47.564" endtime="20230731 09:02:47.622"/>
</kw>
<kw name="Get Element Form Item By Name" library="common">
<var>${element}</var>
<arg>${name}</arg>
<arg>//input[contains(@class, "ant-input")]</arg>
<msg timestamp="20230731 09:02:47.644" level="INFO">${element} = xpath=//*[contains(@class, "ant-form-item-label")]/label[text()="Tên đăng nhập"]/../../*[contains(@class, "ant-form-item")]//input[contains(@class, "ant-input")]</msg>
<status status="PASS" starttime="20230731 09:02:47.622" endtime="20230731 09:02:47.644"/>
</kw>
<kw name="Clear Text" library="Browser">
<arg>${element}</arg>
<tag>PageContent</tag>
<tag>Setter</tag>
<doc>Clears the text field found by ``selector``.</doc>
<status status="PASS" starttime="20230731 09:02:47.645" endtime="20230731 09:02:50.376"/>
</kw>
<kw name="Fill Text" library="Browser">
<arg>${element}</arg>
<arg>${text}</arg>
<arg>True</arg>
<tag>PageContent</tag>
<tag>Setter</tag>
<doc>Clears and fills the given ``txt`` into the text field found by ``selector``.</doc>
<msg timestamp="20230731 09:02:50.378" level="INFO">Fills the text 'hovannhat@admin.com' in the given field.</msg>
<status status="PASS" starttime="20230731 09:02:50.377" endtime="20230731 09:02:50.459"/>
</kw>
<kw name="Get Length" library="BuiltIn">
<var>${cnt}</var>
<arg>${text}</arg>
<doc>Returns and logs the length of the given item as an integer.</doc>
<msg timestamp="20230731 09:02:50.460" level="INFO">Length is 19</msg>
<msg timestamp="20230731 09:02:50.460" level="INFO">${cnt} = 19</msg>
<status status="PASS" starttime="20230731 09:02:50.459" endtime="20230731 09:02:50.460"/>
</kw>
<if>
<branch type="IF" condition="${cnt} &gt; 0">
<kw name="Set Global Variable" library="BuiltIn">
<arg>${STATE["${name}"]}</arg>
<arg>${text}</arg>
<doc>Makes a variable available globally in all tests and suites.</doc>
<msg timestamp="20230731 09:02:50.464" level="INFO">${STATE["Tên đăng nhập"]} = hovannhat@admin.com</msg>
<status status="PASS" starttime="20230731 09:02:50.461" endtime="20230731 09:02:50.464"/>
</kw>
<status status="PASS" starttime="20230731 09:02:50.461" endtime="20230731 09:02:50.464"/>
</branch>
<status status="PASS" starttime="20230731 09:02:50.460" endtime="20230731 09:02:50.464"/>
</if>
<status status="PASS" starttime="20230731 09:02:47.563" endtime="20230731 09:02:50.465"/>
</kw>
<kw name="Enter &quot;text&quot; in &quot;Mật khẩu&quot; with &quot;Nhat@01101999&quot;" library="common" sourcename="Enter &quot;${type}&quot; in &quot;${name}&quot; with &quot;${text}&quot;">
<kw name="Get Random Text" library="common">
<var>${text}</var>
<arg>${type}</arg>
<arg>${text}</arg>
<kw name="Set Variable" library="BuiltIn">
<var>${symbol}</var>
<arg>_RANDOM_</arg>
<doc>Returns the given values which can then be assigned to a variables.</doc>
<msg timestamp="20230731 09:02:50.468" level="INFO">${symbol} = _RANDOM_</msg>
<status status="PASS" starttime="20230731 09:02:50.467" endtime="20230731 09:02:50.468"/>
</kw>
<kw name="Set Variable" library="BuiltIn">
<var>${new_text}</var>
<doc>Returns the given values which can then be assigned to a variables.</doc>
<msg timestamp="20230731 09:02:50.469" level="INFO">${new_text} = </msg>
<status status="PASS" starttime="20230731 09:02:50.468" endtime="20230731 09:02:50.469"/>
</kw>
<kw name="Get Regexp Matches" library="String">
<var>${containsS}</var>
<arg>${text}</arg>
<arg>_@(.+)@_</arg>
<arg>1</arg>
<doc>Returns a list of all non-overlapping matches in the given string.</doc>
<msg timestamp="20230731 09:02:50.470" level="INFO">${containsS} = []</msg>
<status status="PASS" starttime="20230731 09:02:50.470" endtime="20230731 09:02:50.471"/>
</kw>
<kw name="Get Length" library="BuiltIn">
<var>${cntS}</var>
<arg>${containsS}</arg>
<doc>Returns and logs the length of the given item as an integer.</doc>
<msg timestamp="20230731 09:02:50.472" level="INFO">Length is 0</msg>
<msg timestamp="20230731 09:02:50.473" level="INFO">${cntS} = 0</msg>
<status status="PASS" starttime="20230731 09:02:50.471" endtime="20230731 09:02:50.473"/>
</kw>
<kw name="Get Regexp Matches" library="String">
<var>${contains}</var>
<arg>${text}</arg>
<arg>${symbol}</arg>
<doc>Returns a list of all non-overlapping matches in the given string.</doc>
<msg timestamp="20230731 09:02:50.474" level="INFO">${contains} = []</msg>
<status status="PASS" starttime="20230731 09:02:50.474" endtime="20230731 09:02:50.474"/>
</kw>
<kw name="Get Length" library="BuiltIn">
<var>${cnt}</var>
<arg>${contains}</arg>
<doc>Returns and logs the length of the given item as an integer.</doc>
<msg timestamp="20230731 09:02:50.476" level="INFO">Length is 0</msg>
<msg timestamp="20230731 09:02:50.476" level="INFO">${cnt} = 0</msg>
<status status="PASS" starttime="20230731 09:02:50.475" endtime="20230731 09:02:50.476"/>
</kw>
<if>
<branch type="IF" condition="${cntS} &gt; 0">
<kw name="Set Variable" library="BuiltIn">
<var>${new_text}</var>
<arg>${STATE["${containsS[0]}"]}</arg>
<doc>Returns the given values which can then be assigned to a variables.</doc>
<status status="NOT RUN" starttime="20230731 09:02:50.477" endtime="20230731 09:02:50.478"/>
</kw>
<kw name="Set Variable" library="BuiltIn">
<var>${symbol}</var>
<arg>_@${containsS[0]}@_</arg>
<doc>Returns the given values which can then be assigned to a variables.</doc>
<status status="NOT RUN" starttime="20230731 09:02:50.478" endtime="20230731 09:02:50.478"/>
</kw>
<status status="NOT RUN" starttime="20230731 09:02:50.477" endtime="20230731 09:02:50.479"/>
</branch>
<branch type="ELSE IF" condition="${cnt} &gt; 0 and '${type}' == 'test name'">
<kw name="Sentence" library="FakerLibrary">
<var>${random}</var>
<arg>nb_words=3</arg>
<doc>Generate a sentence.</doc>
<status status="NOT RUN" starttime="20230731 09:02:50.480" endtime="20230731 09:02:50.480"/>
</kw>
<kw name="Split String" library="String">
<var>${words}</var>
<arg>${TEST NAME}</arg>
<arg>${SPACE}</arg>
<doc>Splits the ``string`` using ``separator`` as a delimiter string.</doc>
<status status="NOT RUN" starttime="20230731 09:02:50.480" endtime="20230731 09:02:50.481"/>
</kw>
<kw name="Set Variable" library="BuiltIn">
<var>${new_text}</var>
<arg>${words[0]} ${random}</arg>
<doc>Returns the given values which can then be assigned to a variables.</doc>
<status status="NOT RUN" starttime="20230731 09:02:50.481" endtime="20230731 09:02:50.481"/>
</kw>
<status status="NOT RUN" starttime="20230731 09:02:50.479" endtime="20230731 09:02:50.481"/>
</branch>
<branch type="ELSE IF" condition="${cnt} &gt; 0 and '${type}' == 'number'">
<kw name="Random Int" library="FakerLibrary">
<var>${new_text}</var>
<arg>min=1000000000000</arg>
<arg>max=9999999999999</arg>
<doc>Generate a random integer between two integers ``min`` and ``max`` inclusive
while observing the provided ``step`` value.</doc>
<status status="NOT RUN" starttime="20230731 09:02:50.482" endtime="20230731 09:02:50.483"/>
</kw>
<kw name="Convert To String" library="BuiltIn">
<var>${new_text}</var>
<arg>${new_text}</arg>
<doc>Converts the given item to a Unicode string.</doc>
<status status="NOT RUN" starttime="20230731 09:02:50.483" endtime="20230731 09:02:50.483"/>
</kw>
<status status="NOT RUN" starttime="20230731 09:02:50.482" endtime="20230731 09:02:50.484"/>
</branch>
<branch type="ELSE IF" condition="${cnt} &gt; 0 and '${type}' == 'order number'">
<kw name="Random Int" library="FakerLibrary">
<var>${new_text}</var>
<arg>min=0</arg>
<arg>max=999999999</arg>
<doc>Generate a random integer between two integers ``min`` and ``max`` inclusive
while observing the provided ``step`` value.</doc>
<status status="NOT RUN" starttime="20230731 09:02:50.484" endtime="20230731 09:02:50.485"/>
</kw>
<kw name="Convert To String" library="BuiltIn">
<var>${new_text}</var>
<arg>${new_text}</arg>
<doc>Converts the given item to a Unicode string.</doc>
<status status="NOT RUN" starttime="20230731 09:02:50.485" endtime="20230731 09:02:50.485"/>
</kw>
<status status="NOT RUN" starttime="20230731 09:02:50.484" endtime="20230731 09:02:50.486"/>
</branch>
<branch type="ELSE IF" condition="${cnt} &gt; 0 and '${type}' == 'leave date valid'">
<kw name="Random Int" library="FakerLibrary">
<var>${new_text}</var>
<arg>min=0</arg>
<arg>max=16</arg>
<doc>Generate a random integer between two integers ``min`` and ``max`` inclusive
while observing the provided ``step`` value.</doc>
<status status="NOT RUN" starttime="20230731 09:02:50.487" endtime="20230731 09:02:50.487"/>
</kw>
<kw name="Convert To String" library="BuiltIn">
<var>${new_text}</var>
<arg>${new_text}</arg>
<doc>Converts the given item to a Unicode string.</doc>
<status status="NOT RUN" starttime="20230731 09:02:50.488" endtime="20230731 09:02:50.488"/>
</kw>
<status status="NOT RUN" starttime="20230731 09:02:50.486" endtime="20230731 09:02:50.488"/>
</branch>
<branch type="ELSE IF" condition="${cnt} &gt; 0 and '${type}' == 'leave date invalid'">
<kw name="Random Int" library="FakerLibrary">
<var>${new_text}</var>
<arg>min=17</arg>
<arg>max=99</arg>
<doc>Generate a random integer between two integers ``min`` and ``max`` inclusive
while observing the provided ``step`` value.</doc>
<status status="NOT RUN" starttime="20230731 09:02:50.490" endtime="20230731 09:02:50.490"/>
</kw>
<kw name="Convert To String" library="BuiltIn">
<var>${new_text}</var>
<arg>${new_text}</arg>
<doc>Converts the given item to a Unicode string.</doc>
<status status="NOT RUN" starttime="20230731 09:02:50.491" endtime="20230731 09:02:50.491"/>
</kw>
<status status="NOT RUN" starttime="20230731 09:02:50.489" endtime="20230731 09:02:50.492"/>
</branch>
<branch type="ELSE IF" condition="${cnt} &gt; 0 and '${type}' == 'percentage'">
<kw name="Random Int" library="FakerLibrary">
<var>${new_text}</var>
<arg>max=100</arg>
<doc>Generate a random integer between two integers ``min`` and ``max`` inclusive
while observing the provided ``step`` value.</doc>
<status status="NOT RUN" starttime="20230731 09:02:50.492" endtime="20230731 09:02:50.492"/>
</kw>
<kw name="Convert To String" library="BuiltIn">
<var>${new_text}</var>
<arg>${new_text}</arg>
<doc>Converts the given item to a Unicode string.</doc>
<status status="NOT RUN" starttime="20230731 09:02:50.493" endtime="20230731 09:02:50.493"/>
</kw>
<status status="NOT RUN" starttime="20230731 09:02:50.492" endtime="20230731 09:02:50.493"/>
</branch>
<branch type="ELSE IF" condition="${cnt} &gt; 0 and '${type}' == 'paragraph'">
<kw name="Paragraph" library="FakerLibrary">
<var>${new_text}</var>
<doc>Generate a paragraph.</doc>
<status status="NOT RUN" starttime="20230731 09:02:50.494" endtime="20230731 09:02:50.495"/>
</kw>
<status status="NOT RUN" starttime="20230731 09:02:50.494" endtime="20230731 09:02:50.495"/>
</branch>
<branch type="ELSE IF" condition="${cnt} &gt; 0 and '${type}' == 'email'">
<kw name="Email" library="FakerLibrary">
<var>${new_text}</var>
<status status="NOT RUN" starttime="20230731 09:02:50.496" endtime="20230731 09:02:50.496"/>
</kw>
<status status="NOT RUN" starttime="20230731 09:02:50.495" endtime="20230731 09:02:50.496"/>
</branch>
<branch type="ELSE IF" condition="${cnt} &gt; 0 and '${type}' == 'phone'">
<kw name="Random Int" library="FakerLibrary">
<var>${new_text}</var>
<arg>min=55555555</arg>
<arg>max=999999999999</arg>
<doc>Generate a random integer between two integers ``min`` and ``max`` inclusive
while observing the provided ``step`` value.</doc>
<status status="NOT RUN" starttime="20230731 09:02:50.498" endtime="20230731 09:02:50.498"/>
</kw>
<kw name="Convert To String" library="BuiltIn">
<var>${new_text}</var>
<arg>${new_text}</arg>
<doc>Converts the given item to a Unicode string.</doc>
<status status="NOT RUN" starttime="20230731 09:02:50.499" endtime="20230731 09:02:50.499"/>
</kw>
<status status="NOT RUN" starttime="20230731 09:02:50.497" endtime="20230731 09:02:50.499"/>
</branch>
<branch type="ELSE IF" condition="${cnt} &gt; 0 and '${type}' == 'color'">
<kw name="Safe Hex Color" library="FakerLibrary">
<var>${new_text}</var>
<doc>Generate a web-safe color formatted as a hex triplet.</doc>
<status status="NOT RUN" starttime="20230731 09:02:50.500" endtime="20230731 09:02:50.501"/>
</kw>
<status status="NOT RUN" starttime="20230731 09:02:50.500" endtime="20230731 09:02:50.501"/>
</branch>
<branch type="ELSE IF" condition="${cnt} &gt; 0 and '${type}' == 'date'">
<kw name="Date" library="FakerLibrary">
<var>${new_text}</var>
<arg>pattern=%d-%m-%Y</arg>
<doc>Get a date string between January 1, 1970 and now.</doc>
<status status="NOT RUN" starttime="20230731 09:02:50.502" endtime="20230731 09:02:50.502"/>
</kw>
<status status="NOT RUN" starttime="20230731 09:02:50.502" endtime="20230731 09:02:50.503"/>
</branch>
<branch type="ELSE IF" condition="${cnt} &gt; 0 and '${type}' == 'word'">
<kw name="Sentence" library="FakerLibrary">
<var>${new_text}</var>
<arg>nb_words=2</arg>
<doc>Generate a sentence.</doc>
<status status="NOT RUN" starttime="20230731 09:02:50.504" endtime="20230731 09:02:50.504"/>
</kw>
<status status="NOT RUN" starttime="20230731 09:02:50.503" endtime="20230731 09:02:50.504"/>
</branch>
<branch type="ELSE IF" condition="${cnt} &gt; 0">
<kw name="Sentence" library="FakerLibrary">
<var>${new_text}</var>
<doc>Generate a sentence.</doc>
<status status="NOT RUN" starttime="20230731 09:02:50.506" endtime="20230731 09:02:50.506"/>
</kw>
<status status="NOT RUN" starttime="20230731 09:02:50.505" endtime="20230731 09:02:50.506"/>
</branch>
<status status="PASS" starttime="20230731 09:02:50.476" endtime="20230731 09:02:50.507"/>
</if>
<kw name="Get Length" library="BuiltIn">
<var>${cnt}</var>
<arg>${text}</arg>
<doc>Returns and logs the length of the given item as an integer.</doc>
<msg timestamp="20230731 09:02:50.508" level="INFO">Length is 13</msg>
<msg timestamp="20230731 09:02:50.508" level="INFO">${cnt} = 13</msg>
<status status="PASS" starttime="20230731 09:02:50.507" endtime="20230731 09:02:50.508"/>
</kw>
<if>
<branch type="IF" condition="${cnt} &gt; 0">
<kw name="Replace String" library="String">
<var>${text}</var>
<arg>${text}</arg>
<arg>${symbol}</arg>
<arg>${new_text}</arg>
<doc>Replaces ``search_for`` in the given ``string`` with ``replace_with``.</doc>
<msg timestamp="20230731 09:02:50.510" level="INFO">${text} = Nhat@01101999</msg>
<status status="PASS" starttime="20230731 09:02:50.509" endtime="20230731 09:02:50.510"/>
</kw>
<status status="PASS" starttime="20230731 09:02:50.508" endtime="20230731 09:02:50.510"/>
</branch>
<status status="PASS" starttime="20230731 09:02:50.508" endtime="20230731 09:02:50.510"/>
</if>
<msg timestamp="20230731 09:02:50.511" level="INFO">${text} = Nhat@01101999</msg>
<status status="PASS" starttime="20230731 09:02:50.466" endtime="20230731 09:02:50.511"/>
</kw>
<kw name="Get Element Form Item By Name" library="common">
<var>${element}</var>
<arg>${name}</arg>
<arg>//input[contains(@class, "ant-input")]</arg>
<msg timestamp="20230731 09:02:50.512" level="INFO">${element} = xpath=//*[contains(@class, "ant-form-item-label")]/label[text()="Mật khẩu"]/../../*[contains(@class, "ant-form-item")]//input[contains(@class, "ant-input")]</msg>
<status status="PASS" starttime="20230731 09:02:50.511" endtime="20230731 09:02:50.512"/>
</kw>
<kw name="Clear Text" library="Browser">
<arg>${element}</arg>
<tag>PageContent</tag>
<tag>Setter</tag>
<doc>Clears the text field found by ``selector``.</doc>
<status status="PASS" starttime="20230731 09:02:50.513" endtime="20230731 09:02:50.679"/>
</kw>
<kw name="Fill Text" library="Browser">
<arg>${element}</arg>
<arg>${text}</arg>
<arg>True</arg>
<tag>PageContent</tag>
<tag>Setter</tag>
<doc>Clears and fills the given ``txt`` into the text field found by ``selector``.</doc>
<msg timestamp="20230731 09:02:50.682" level="INFO">Fills the text 'Nhat@01101999' in the given field.</msg>
<status status="PASS" starttime="20230731 09:02:50.681" endtime="20230731 09:02:50.760"/>
</kw>
<kw name="Get Length" library="BuiltIn">
<var>${cnt}</var>
<arg>${text}</arg>
<doc>Returns and logs the length of the given item as an integer.</doc>
<msg timestamp="20230731 09:02:50.761" level="INFO">Length is 13</msg>
<msg timestamp="20230731 09:02:50.761" level="INFO">${cnt} = 13</msg>
<status status="PASS" starttime="20230731 09:02:50.760" endtime="20230731 09:02:50.761"/>
</kw>
<if>
<branch type="IF" condition="${cnt} &gt; 0">
<kw name="Set Global Variable" library="BuiltIn">
<arg>${STATE["${name}"]}</arg>
<arg>${text}</arg>
<doc>Makes a variable available globally in all tests and suites.</doc>
<msg timestamp="20230731 09:02:50.765" level="INFO">${STATE["Mật khẩu"]} = Nhat@01101999</msg>
<status status="PASS" starttime="20230731 09:02:50.763" endtime="20230731 09:02:50.765"/>
</kw>
<status status="PASS" starttime="20230731 09:02:50.762" endtime="20230731 09:02:50.765"/>
</branch>
<status status="PASS" starttime="20230731 09:02:50.762" endtime="20230731 09:02:50.766"/>
</if>
<status status="PASS" starttime="20230731 09:02:50.465" endtime="20230731 09:02:50.766"/>
</kw>
<kw name="Click &quot;Đăng nhập&quot; button" library="common" sourcename="Click &quot;${text}&quot; button">
<kw name="Click" library="Browser">
<arg>xpath=//button[@title = "${text}"]</arg>
<tag>PageContent</tag>
<tag>Setter</tag>
<doc>Simulates mouse click on the element found by ``selector``.</doc>
<status status="PASS" starttime="20230731 09:02:50.768" endtime="20230731 09:02:51.026"/>
</kw>
<kw name="Click Confirm To Action" library="common">
<kw name="Set Variable" library="BuiltIn">
<var>${element}</var>
<arg>xpath=//*[contains(@class, "ant-popover")]//*[contains(@class, "ant-btn-primary")]</arg>
<doc>Returns the given values which can then be assigned to a variables.</doc>
<msg timestamp="20230731 09:02:51.029" level="INFO">${element} = xpath=//*[contains(@class, "ant-popover")]//*[contains(@class, "ant-btn-primary")]</msg>
<status status="PASS" starttime="20230731 09:02:51.028" endtime="20230731 09:02:51.029"/>
</kw>
<kw name="Get Element Count" library="Browser">
<var>${count}</var>
<arg>${element}</arg>
<tag>Assertion</tag>
<tag>Getter</tag>
<tag>PageContent</tag>
<doc>Returns the count of elements found with ``selector``.</doc>
<msg timestamp="20230731 09:02:51.079" level="INFO">${count} = 0</msg>
<status status="PASS" starttime="20230731 09:02:51.030" endtime="20230731 09:02:51.079"/>
</kw>
<if>
<branch type="IF" condition="${count} &gt; 0">
<kw name="Click" library="Browser">
<arg>${element}</arg>
<tag>PageContent</tag>
<tag>Setter</tag>
<doc>Simulates mouse click on the element found by ``selector``.</doc>
<status status="NOT RUN" starttime="20230731 09:02:51.082" endtime="20230731 09:02:51.083"/>
</kw>
<kw name="Sleep" library="BuiltIn">
<arg>${SHOULD_TIMEOUT}</arg>
<doc>Pauses the test executed for the given time.</doc>
<status status="NOT RUN" starttime="20230731 09:02:51.084" endtime="20230731 09:02:51.084"/>
</kw>
<status status="NOT RUN" starttime="20230731 09:02:51.081" endtime="20230731 09:02:51.084"/>
</branch>
<status status="PASS" starttime="20230731 09:02:51.081" endtime="20230731 09:02:51.085"/>
</if>
<status status="PASS" starttime="20230731 09:02:51.027" endtime="20230731 09:02:51.085"/>
</kw>
<kw name="Scroll By" library="Browser">
<arg>${None}</arg>
<tag>PageContent</tag>
<tag>Setter</tag>
<doc>Scrolls an element or the page relative from current position by the given values.</doc>
<status status="PASS" starttime="20230731 09:02:51.086" endtime="20230731 09:02:51.173"/>
</kw>
<status status="PASS" starttime="20230731 09:02:50.766" endtime="20230731 09:02:51.174"/>
</kw>
<kw name="User look message &quot;Thành công&quot; popup" library="common" sourcename="User look message &quot;${message}&quot; popup">
<kw name="Get Regexp Matches" library="String">
<var>${contains}</var>
<arg>${message}</arg>
<arg>_@(.+)@_</arg>
<arg>1</arg>
<doc>Returns a list of all non-overlapping matches in the given string.</doc>
<msg timestamp="20230731 09:02:51.179" level="INFO">${contains} = []</msg>
<status status="PASS" starttime="20230731 09:02:51.178" endtime="20230731 09:02:51.179"/>
</kw>
<kw name="Get Length" library="BuiltIn">
<var>${cnt}</var>
<arg>${contains}</arg>
<doc>Returns and logs the length of the given item as an integer.</doc>
<msg timestamp="20230731 09:02:51.181" level="INFO">Length is 0</msg>
<msg timestamp="20230731 09:02:51.181" level="INFO">${cnt} = 0</msg>
<status status="PASS" starttime="20230731 09:02:51.180" endtime="20230731 09:02:51.181"/>
</kw>
<if>
<branch type="IF" condition="${cnt} &gt; 0">
<kw name="Replace String" library="String">
<var>${message}</var>
<arg>${message}</arg>
<arg>_@${contains[0]}@_</arg>
<arg>${STATE["${contains[0]}"]}</arg>
<doc>Replaces ``search_for`` in the given ``string`` with ``replace_with``.</doc>
<status status="NOT RUN" starttime="20230731 09:02:51.182" endtime="20230731 09:02:51.183"/>
</kw>
<status status="NOT RUN" starttime="20230731 09:02:51.182" endtime="20230731 09:02:51.183"/>
</branch>
<status status="PASS" starttime="20230731 09:02:51.181" endtime="20230731 09:02:51.183"/>
</if>
<kw name="Element Text Should Be" library="common">
<arg>id=swal2-html-container</arg>
<arg>${message}</arg>
<kw name="Get Text" library="Browser">
<arg>${locator}</arg>
<arg>equal</arg>
<arg>${expected}</arg>
<arg>${message}</arg>
<tag>Assertion</tag>
<tag>Getter</tag>
<tag>PageContent</tag>
<doc>Returns text attribute of the element found by ``selector``.</doc>
<msg timestamp="20230731 09:02:53.446" level="INFO">Text: 'Thành công'</msg>
<status status="PASS" starttime="20230731 09:02:51.187" endtime="20230731 09:02:53.447"/>
</kw>
<status status="PASS" starttime="20230731 09:02:51.184" endtime="20230731 09:02:53.447"/>
</kw>
<kw name="Set Variable" library="BuiltIn">
<var>${element}</var>
<arg>xpath=//*[contains(@class, "swal2-confirm")]</arg>
<doc>Returns the given values which can then be assigned to a variables.</doc>
<msg timestamp="20230731 09:02:53.448" level="INFO">${element} = xpath=//*[contains(@class, "swal2-confirm")]</msg>
<status status="PASS" starttime="20230731 09:02:53.448" endtime="20230731 09:02:53.448"/>
</kw>
<kw name="Run Keyword And Return Status" library="BuiltIn">
<var>${passed}</var>
<arg>Element Should Be Visible</arg>
<arg>${element}</arg>
<doc>Runs the given keyword with given arguments and returns the status as a Boolean value.</doc>
<kw name="Element Should Be Visible" library="common">
<arg>${element}</arg>
<kw name="Wait For Elements State" library="Browser">
<arg>${locator}</arg>
<arg>visible</arg>
<arg>${timeout}</arg>
<arg>${message}</arg>
<tag>PageContent</tag>
<tag>Wait</tag>
<doc>Waits for the element found by ``selector`` to satisfy state option.</doc>
<msg timestamp="20230731 09:02:54.021" level="INFO" html="true">&lt;/td&gt;&lt;/tr&gt;&lt;tr&gt;&lt;td colspan="3"&gt;&lt;a href="browser/screenshot/fail-screenshot-1.png" target="_blank"&gt;&lt;img src="browser/screenshot/fail-screenshot-1.png" width="800px"/&gt;&lt;/a&gt;</msg>
<msg timestamp="20230731 09:02:54.021" level="INFO">See also file:///C:/Users/nhats/OneDrive/Desktop/ARI/vite-react-ari/playwright-log.txt for additional details.</msg>
<msg timestamp="20230731 09:02:54.021" level="FAIL">TimeoutError: locator.waitFor: Timeout 100ms exceeded.
=========================== logs ===========================
waiting for locator('xpath=//*[contains(@class, "swal2-confirm")]') to be visible
  locator resolved to hidden &lt;button type="button" aria-label="" class="swal2-confirm…&gt;OK&lt;/button&gt;
  locator resolved to hidden &lt;button type="button" aria-label="" class="swal2-confirm…&gt;OK&lt;/button&gt;
============================================================
Tip: Use "Set Browser Timeout" for increasing the timeout or double check your locator as the targeted element(s) couldn't be found.</msg>
<status status="FAIL" starttime="20230731 09:02:53.452" endtime="20230731 09:02:54.031"/>
</kw>
<status status="FAIL" starttime="20230731 09:02:53.449" endtime="20230731 09:02:54.031"/>
</kw>
<msg timestamp="20230731 09:02:54.032" level="INFO">${passed} = False</msg>
<status status="PASS" starttime="20230731 09:02:53.449" endtime="20230731 09:02:54.032"/>
</kw>
<if>
<branch type="IF" condition="'${passed}' == 'True'">
<kw name="Click" library="Browser">
<arg>${element}</arg>
<tag>PageContent</tag>
<tag>Setter</tag>
<doc>Simulates mouse click on the element found by ``selector``.</doc>
<status status="NOT RUN" starttime="20230731 09:02:54.033" endtime="20230731 09:02:54.033"/>
</kw>
<status status="NOT RUN" starttime="20230731 09:02:54.032" endtime="20230731 09:02:54.034"/>
</branch>
<status status="PASS" starttime="20230731 09:02:54.032" endtime="20230731 09:02:54.034"/>
</if>
<kw name="Wait Until Element Is Not Exist" library="common">
<arg>${element}</arg>
<kw name="Wait For Elements State" library="Browser">
<arg>${locator}</arg>
<arg>detached</arg>
<arg>${timeout}</arg>
<arg>${message}</arg>
<tag>PageContent</tag>
<tag>Wait</tag>
<doc>Waits for the element found by ``selector`` to satisfy state option.</doc>
<msg timestamp="20230731 09:02:56.667" level="INFO">Waited for Element with selector xpath=//*[contains(@class, "swal2-confirm")] at state detached</msg>
<status status="PASS" starttime="20230731 09:02:54.036" endtime="20230731 09:02:56.667"/>
</kw>
<status status="PASS" starttime="20230731 09:02:54.034" endtime="20230731 09:02:56.667"/>
</kw>
<status status="PASS" starttime="20230731 09:02:51.175" endtime="20230731 09:02:56.668"/>
</kw>
<status status="PASS" starttime="20230731 09:02:47.562" endtime="20230731 09:02:56.668"/>
</kw>
<kw name="When Click &quot;Thiết lập&quot; menu" library="common" sourcename="Click &quot;${text}&quot; menu">
<kw name="Click" library="Browser">
<arg>xpath=//li[span[contains(text(), "${text}")]]</arg>
<tag>PageContent</tag>
<tag>Setter</tag>
<doc>Simulates mouse click on the element found by ``selector``.</doc>
<status status="PASS" starttime="20230731 09:02:56.670" endtime="20230731 09:02:56.803"/>
</kw>
<kw name="Wait Until Element Spin" library="common">
<kw name="Set Variable" library="BuiltIn">
<var>${element}</var>
<arg>xpath=//*[contains(@class, "ant-spin-spinning")]</arg>
<doc>Returns the given values which can then be assigned to a variables.</doc>
<msg timestamp="20230731 09:02:56.806" level="INFO">${element} = xpath=//*[contains(@class, "ant-spin-spinning")]</msg>
<status status="PASS" starttime="20230731 09:02:56.805" endtime="20230731 09:02:56.806"/>
</kw>
<kw name="Get Element Count" library="Browser">
<var>${count}</var>
<arg>${element}</arg>
<tag>Assertion</tag>
<tag>Getter</tag>
<tag>PageContent</tag>
<doc>Returns the count of elements found with ``selector``.</doc>
<msg timestamp="20230731 09:02:56.818" level="INFO">${count} = 0</msg>
<status status="PASS" starttime="20230731 09:02:56.806" endtime="20230731 09:02:56.818"/>
</kw>
<if>
<branch type="IF" condition="${count} &gt; 0">
<kw name="Wait Until Element Is Not Exist" library="common">
<arg>${element}</arg>
<status status="NOT RUN" starttime="20230731 09:02:56.819" endtime="20230731 09:02:56.819"/>
</kw>
<status status="NOT RUN" starttime="20230731 09:02:56.818" endtime="20230731 09:02:56.819"/>
</branch>
<status status="PASS" starttime="20230731 09:02:56.818" endtime="20230731 09:02:56.819"/>
</if>
<status status="PASS" starttime="20230731 09:02:56.804" endtime="20230731 09:02:56.820"/>
</kw>
<status status="PASS" starttime="20230731 09:02:56.669" endtime="20230731 09:02:56.820"/>
</kw>
<kw name="And Click &quot;Post&quot; sub menu" library="common" sourcename="Click &quot;${text}&quot; sub menu">
<kw name="Wait Until Element Spin" library="common">
<kw name="Set Variable" library="BuiltIn">
<var>${element}</var>
<arg>xpath=//*[contains(@class, "ant-spin-spinning")]</arg>
<doc>Returns the given values which can then be assigned to a variables.</doc>
<msg timestamp="20230731 09:02:56.824" level="INFO">${element} = xpath=//*[contains(@class, "ant-spin-spinning")]</msg>
<status status="PASS" starttime="20230731 09:02:56.823" endtime="20230731 09:02:56.824"/>
</kw>
<kw name="Get Element Count" library="Browser">
<var>${count}</var>
<arg>${element}</arg>
<tag>Assertion</tag>
<tag>Getter</tag>
<tag>PageContent</tag>
<doc>Returns the count of elements found with ``selector``.</doc>
<msg timestamp="20230731 09:02:56.835" level="INFO">${count} = 0</msg>
<status status="PASS" starttime="20230731 09:02:56.825" endtime="20230731 09:02:56.836"/>
</kw>
<if>
<branch type="IF" condition="${count} &gt; 0">
<kw name="Wait Until Element Is Not Exist" library="common">
<arg>${element}</arg>
<status status="NOT RUN" starttime="20230731 09:02:56.837" endtime="20230731 09:02:56.837"/>
</kw>
<status status="NOT RUN" starttime="20230731 09:02:56.836" endtime="20230731 09:02:56.837"/>
</branch>
<status status="PASS" starttime="20230731 09:02:56.836" endtime="20230731 09:02:56.838"/>
</if>
<status status="PASS" starttime="20230731 09:02:56.822" endtime="20230731 09:02:56.838"/>
</kw>
<kw name="Click" library="Browser">
<arg>xpath=//a[contains(@class, "sub-menu") and descendant::span[contains(text(), "${text}")]]</arg>
<tag>PageContent</tag>
<tag>Setter</tag>
<doc>Simulates mouse click on the element found by ``selector``.</doc>
<status status="PASS" starttime="20230731 09:02:56.839" endtime="20230731 09:02:57.091"/>
</kw>
<kw name="Wait Until Element Spin" library="common">
<kw name="Set Variable" library="BuiltIn">
<var>${element}</var>
<arg>xpath=//*[contains(@class, "ant-spin-spinning")]</arg>
<doc>Returns the given values which can then be assigned to a variables.</doc>
<msg timestamp="20230731 09:02:57.094" level="INFO">${element} = xpath=//*[contains(@class, "ant-spin-spinning")]</msg>
<status status="PASS" starttime="20230731 09:02:57.092" endtime="20230731 09:02:57.094"/>
</kw>
<kw name="Get Element Count" library="Browser">
<var>${count}</var>
<arg>${element}</arg>
<tag>Assertion</tag>
<tag>Getter</tag>
<tag>PageContent</tag>
<doc>Returns the count of elements found with ``selector``.</doc>
<msg timestamp="20230731 09:02:57.119" level="INFO">${count} = 1</msg>
<status status="PASS" starttime="20230731 09:02:57.094" endtime="20230731 09:02:57.119"/>
</kw>
<if>
<branch type="IF" condition="${count} &gt; 0">
<kw name="Wait Until Element Is Not Exist" library="common">
<arg>${element}</arg>
<kw name="Wait For Elements State" library="Browser">
<arg>${locator}</arg>
<arg>detached</arg>
<arg>${timeout}</arg>
<arg>${message}</arg>
<tag>PageContent</tag>
<tag>Wait</tag>
<doc>Waits for the element found by ``selector`` to satisfy state option.</doc>
<msg timestamp="20230731 09:02:57.654" level="INFO">Waited for Element with selector xpath=//*[contains(@class, "ant-spin-spinning")] at state detached</msg>
<status status="PASS" starttime="20230731 09:02:57.124" endtime="20230731 09:02:57.654"/>
</kw>
<status status="PASS" starttime="20230731 09:02:57.120" endtime="20230731 09:02:57.655"/>
</kw>
<status status="PASS" starttime="20230731 09:02:57.119" endtime="20230731 09:02:57.655"/>
</branch>
<status status="PASS" starttime="20230731 09:02:57.119" endtime="20230731 09:02:57.656"/>
</if>
<status status="PASS" starttime="20230731 09:02:57.091" endtime="20230731 09:02:57.656"/>
</kw>
<kw name="Wait Until Element Spin" library="common">
<kw name="Set Variable" library="BuiltIn">
<var>${element}</var>
<arg>xpath=//*[contains(@class, "ant-spin-spinning")]</arg>
<doc>Returns the given values which can then be assigned to a variables.</doc>
<msg timestamp="20230731 09:02:57.659" level="INFO">${element} = xpath=//*[contains(@class, "ant-spin-spinning")]</msg>
<status status="PASS" starttime="20230731 09:02:57.658" endtime="20230731 09:02:57.659"/>
</kw>
<kw name="Get Element Count" library="Browser">
<var>${count}</var>
<arg>${element}</arg>
<tag>Assertion</tag>
<tag>Getter</tag>
<tag>PageContent</tag>
<doc>Returns the count of elements found with ``selector``.</doc>
<msg timestamp="20230731 09:02:57.675" level="INFO">${count} = 2</msg>
<status status="PASS" starttime="20230731 09:02:57.660" endtime="20230731 09:02:57.675"/>
</kw>
<if>
<branch type="IF" condition="${count} &gt; 0">
<kw name="Wait Until Element Is Not Exist" library="common">
<arg>${element}</arg>
<kw name="Wait For Elements State" library="Browser">
<arg>${locator}</arg>
<arg>detached</arg>
<arg>${timeout}</arg>
<arg>${message}</arg>
<tag>PageContent</tag>
<tag>Wait</tag>
<doc>Waits for the element found by ``selector`` to satisfy state option.</doc>
<msg timestamp="20230731 09:02:59.387" level="INFO">Waited for Element with selector xpath=//*[contains(@class, "ant-spin-spinning")] at state detached</msg>
<status status="PASS" starttime="20230731 09:02:57.680" endtime="20230731 09:02:59.388"/>
</kw>
<status status="PASS" starttime="20230731 09:02:57.677" endtime="20230731 09:02:59.389"/>
</kw>
<status status="PASS" starttime="20230731 09:02:57.676" endtime="20230731 09:02:59.389"/>
</branch>
<status status="PASS" starttime="20230731 09:02:57.676" endtime="20230731 09:02:59.390"/>
</if>
<status status="PASS" starttime="20230731 09:02:57.657" endtime="20230731 09:02:59.391"/>
</kw>
<status status="PASS" starttime="20230731 09:02:56.821" endtime="20230731 09:02:59.392"/>
</kw>
<if>
<branch type="IF" condition="'${type}' == 'Projects'">
<kw name="Wait Until Element Spin" library="common">
<status status="NOT RUN" starttime="20230731 09:02:59.393" endtime="20230731 09:02:59.394"/>
</kw>
<status status="NOT RUN" starttime="20230731 09:02:59.393" endtime="20230731 09:02:59.394"/>
</branch>
<branch type="ELSE IF" condition="'${type}' == 'News'">
<kw name="Click list Post_Type with &quot;${type}&quot;" library="common" sourcename="Click list ${name} with &quot;${text}&quot;">
<kw name="Set Variable" library="BuiltIn">
<var>${element}</var>
<arg>xpath=//div[contains(@class, 'truncate') and text()='${text}']</arg>
<doc>Returns the given values which can then be assigned to a variables.</doc>
<msg timestamp="20230731 09:02:59.399" level="INFO">${element} = xpath=//div[contains(@class, 'truncate') and text()='News']</msg>
<status status="PASS" starttime="20230731 09:02:59.398" endtime="20230731 09:02:59.399"/>
</kw>
<kw name="Wait Until Element Is Visible" library="common">
<arg>${element}</arg>
<kw name="Wait For Elements State" library="Browser">
<arg>${locator}</arg>
<arg>visible</arg>
<arg>${timeout}</arg>
<arg>${message}</arg>
<tag>PageContent</tag>
<tag>Wait</tag>
<doc>Waits for the element found by ``selector`` to satisfy state option.</doc>
<msg timestamp="20230731 09:02:59.421" level="INFO">Waited for Element with selector xpath=//div[contains(@class, 'truncate') and text()='News'] at state visible</msg>
<status status="PASS" starttime="20230731 09:02:59.402" endtime="20230731 09:02:59.422"/>
</kw>
<status status="PASS" starttime="20230731 09:02:59.399" endtime="20230731 09:02:59.423"/>
</kw>
<kw name="Click" library="Browser">
<arg>${element}</arg>
<tag>PageContent</tag>
<tag>Setter</tag>
<doc>Simulates mouse click on the element found by ``selector``.</doc>
<status status="PASS" starttime="20230731 09:02:59.424" endtime="20230731 09:02:59.787"/>
</kw>
<kw name="Wait Until Element Spin" library="common">
<kw name="Set Variable" library="BuiltIn">
<var>${element}</var>
<arg>xpath=//*[contains(@class, "ant-spin-spinning")]</arg>
<doc>Returns the given values which can then be assigned to a variables.</doc>
<msg timestamp="20230731 09:02:59.791" level="INFO">${element} = xpath=//*[contains(@class, "ant-spin-spinning")]</msg>
<status status="PASS" starttime="20230731 09:02:59.790" endtime="20230731 09:02:59.791"/>
</kw>
<kw name="Get Element Count" library="Browser">
<var>${count}</var>
<arg>${element}</arg>
<tag>Assertion</tag>
<tag>Getter</tag>
<tag>PageContent</tag>
<doc>Returns the count of elements found with ``selector``.</doc>
<msg timestamp="20230731 09:02:59.812" level="INFO">${count} = 1</msg>
<status status="PASS" starttime="20230731 09:02:59.791" endtime="20230731 09:02:59.812"/>
</kw>
<if>
<branch type="IF" condition="${count} &gt; 0">
<kw name="Wait Until Element Is Not Exist" library="common">
<arg>${element}</arg>
<kw name="Wait For Elements State" library="Browser">
<arg>${locator}</arg>
<arg>detached</arg>
<arg>${timeout}</arg>
<arg>${message}</arg>
<tag>PageContent</tag>
<tag>Wait</tag>
<doc>Waits for the element found by ``selector`` to satisfy state option.</doc>
<msg timestamp="20230731 09:03:01.232" level="INFO">Waited for Element with selector xpath=//*[contains(@class, "ant-spin-spinning")] at state detached</msg>
<status status="PASS" starttime="20230731 09:02:59.815" endtime="20230731 09:03:01.232"/>
</kw>
<status status="PASS" starttime="20230731 09:02:59.813" endtime="20230731 09:03:01.232"/>
</kw>
<status status="PASS" starttime="20230731 09:02:59.812" endtime="20230731 09:03:01.232"/>
</branch>
<status status="PASS" starttime="20230731 09:02:59.812" endtime="20230731 09:03:01.233"/>
</if>
<status status="PASS" starttime="20230731 09:02:59.789" endtime="20230731 09:03:01.233"/>
</kw>
<kw name="Wait Until Element Spin" library="common">
<kw name="Set Variable" library="BuiltIn">
<var>${element}</var>
<arg>xpath=//*[contains(@class, "ant-spin-spinning")]</arg>
<doc>Returns the given values which can then be assigned to a variables.</doc>
<msg timestamp="20230731 09:03:01.235" level="INFO">${element} = xpath=//*[contains(@class, "ant-spin-spinning")]</msg>
<status status="PASS" starttime="20230731 09:03:01.234" endtime="20230731 09:03:01.235"/>
</kw>
<kw name="Get Element Count" library="Browser">
<var>${count}</var>
<arg>${element}</arg>
<tag>Assertion</tag>
<tag>Getter</tag>
<tag>PageContent</tag>
<doc>Returns the count of elements found with ``selector``.</doc>
<msg timestamp="20230731 09:03:01.246" level="INFO">${count} = 0</msg>
<status status="PASS" starttime="20230731 09:03:01.236" endtime="20230731 09:03:01.246"/>
</kw>
<if>
<branch type="IF" condition="${count} &gt; 0">
<kw name="Wait Until Element Is Not Exist" library="common">
<arg>${element}</arg>
<status status="NOT RUN" starttime="20230731 09:03:01.247" endtime="20230731 09:03:01.247"/>
</kw>
<status status="NOT RUN" starttime="20230731 09:03:01.246" endtime="20230731 09:03:01.248"/>
</branch>
<status status="PASS" starttime="20230731 09:03:01.246" endtime="20230731 09:03:01.248"/>
</if>
<status status="PASS" starttime="20230731 09:03:01.233" endtime="20230731 09:03:01.248"/>
</kw>
<status status="PASS" starttime="20230731 09:02:59.396" endtime="20230731 09:03:01.248"/>
</kw>
<status status="PASS" starttime="20230731 09:02:59.394" endtime="20230731 09:03:01.249"/>
</branch>
<status status="PASS" starttime="20230731 09:02:59.392" endtime="20230731 09:03:01.249"/>
</if>
<if>
<branch type="IF" condition="'${name}' == 'create'">
<kw name="Click &quot;Tạo mới&quot; button" library="common" sourcename="Click &quot;${text}&quot; button">
<status status="NOT RUN" starttime="20230731 09:03:01.250" endtime="20230731 09:03:01.251"/>
</kw>
<status status="NOT RUN" starttime="20230731 09:03:01.250" endtime="20230731 09:03:01.251"/>
</branch>
<branch type="ELSE IF" condition="'${name}' == 'edit'">
<kw name="Select Post need to edit" library="common" sourcename="Select ${name} need to edit">
<kw name="Get Elements" library="Browser">
<var>${elements}</var>
<arg>xpath=//button[@title="Sửa"]</arg>
<tag>Getter</tag>
<tag>PageContent</tag>
<doc>Returns a reference to Playwright [https://playwright.dev/docs/api/class-locator|Locator]
for all matched elements by ``selector``.</doc>
<msg timestamp="20230731 09:03:01.271" level="INFO">Found 4 Locators successfully.</msg>
<msg timestamp="20230731 09:03:01.272" level="INFO">${elements} = ['element=908eab8e-2d87-45bb-9565-840561897f49', 'element=07f39829-012c-43d5-b809-75373c704c1a', 'element=59cf0177-7309-4f2f-9286-99b78dbd2278', 'element=af75d334-b4a4-41a0-8e71-9861b78ff0a2']</msg>
<status status="PASS" starttime="20230731 09:03:01.253" endtime="20230731 09:03:01.272"/>
</kw>
<if>
<branch type="IF" condition="'${name}' == 'Post'">
<kw name="Click" library="Browser">
<arg>${elements}[2]</arg>
<tag>PageContent</tag>
<tag>Setter</tag>
<doc>Simulates mouse click on the element found by ``selector``.</doc>
<status status="PASS" starttime="20230731 09:03:01.273" endtime="20230731 09:03:01.460"/>
</kw>
<status status="PASS" starttime="20230731 09:03:01.272" endtime="20230731 09:03:01.460"/>
</branch>
<branch type="ELSE IF" condition="'${name}' != 'post'">
<kw name="Click" library="Browser">
<arg>${elements}[0]</arg>
<tag>PageContent</tag>
<tag>Setter</tag>
<doc>Simulates mouse click on the element found by ``selector``.</doc>
<status status="NOT RUN" starttime="20230731 09:03:01.461" endtime="20230731 09:03:01.461"/>
</kw>
<status status="NOT RUN" starttime="20230731 09:03:01.460" endtime="20230731 09:03:01.462"/>
</branch>
<status status="PASS" starttime="20230731 09:03:01.272" endtime="20230731 09:03:01.462"/>
</if>
<kw name="Wait Until Element Spin" library="common">
<kw name="Set Variable" library="BuiltIn">
<var>${element}</var>
<arg>xpath=//*[contains(@class, "ant-spin-spinning")]</arg>
<doc>Returns the given values which can then be assigned to a variables.</doc>
<msg timestamp="20230731 09:03:01.465" level="INFO">${element} = xpath=//*[contains(@class, "ant-spin-spinning")]</msg>
<status status="PASS" starttime="20230731 09:03:01.464" endtime="20230731 09:03:01.465"/>
</kw>
<kw name="Get Element Count" library="Browser">
<var>${count}</var>
<arg>${element}</arg>
<tag>Assertion</tag>
<tag>Getter</tag>
<tag>PageContent</tag>
<doc>Returns the count of elements found with ``selector``.</doc>
<msg timestamp="20230731 09:03:01.477" level="INFO">${count} = 1</msg>
<status status="PASS" starttime="20230731 09:03:01.465" endtime="20230731 09:03:01.477"/>
</kw>
<if>
<branch type="IF" condition="${count} &gt; 0">
<kw name="Wait Until Element Is Not Exist" library="common">
<arg>${element}</arg>
<kw name="Wait For Elements State" library="Browser">
<arg>${locator}</arg>
<arg>detached</arg>
<arg>${timeout}</arg>
<arg>${message}</arg>
<tag>PageContent</tag>
<tag>Wait</tag>
<doc>Waits for the element found by ``selector`` to satisfy state option.</doc>
<msg timestamp="20230731 09:03:02.780" level="INFO">Waited for Element with selector xpath=//*[contains(@class, "ant-spin-spinning")] at state detached</msg>
<status status="PASS" starttime="20230731 09:03:01.481" endtime="20230731 09:03:02.781"/>
</kw>
<status status="PASS" starttime="20230731 09:03:01.479" endtime="20230731 09:03:02.781"/>
</kw>
<status status="PASS" starttime="20230731 09:03:01.478" endtime="20230731 09:03:02.781"/>
</branch>
<status status="PASS" starttime="20230731 09:03:01.478" endtime="20230731 09:03:02.782"/>
</if>
<status status="PASS" starttime="20230731 09:03:01.463" endtime="20230731 09:03:02.782"/>
</kw>
<status status="PASS" starttime="20230731 09:03:01.252" endtime="20230731 09:03:02.783"/>
</kw>
<status status="PASS" starttime="20230731 09:03:01.251" endtime="20230731 09:03:02.783"/>
</branch>
<branch type="ELSE IF" condition="'${name}' == 'list'">
<kw name="Wait Until Element Spin" library="common">
<status status="NOT RUN" starttime="20230731 09:03:02.784" endtime="20230731 09:03:02.784"/>
</kw>
<status status="NOT RUN" starttime="20230731 09:03:02.783" endtime="20230731 09:03:02.784"/>
</branch>
<status status="PASS" starttime="20230731 09:03:01.249" endtime="20230731 09:03:02.784"/>
</if>
<kw name="Wait Until Element Spin" library="common">
<kw name="Set Variable" library="BuiltIn">
<var>${element}</var>
<arg>xpath=//*[contains(@class, "ant-spin-spinning")]</arg>
<doc>Returns the given values which can then be assigned to a variables.</doc>
<msg timestamp="20230731 09:03:02.786" level="INFO">${element} = xpath=//*[contains(@class, "ant-spin-spinning")]</msg>
<status status="PASS" starttime="20230731 09:03:02.785" endtime="20230731 09:03:02.786"/>
</kw>
<kw name="Get Element Count" library="Browser">
<var>${count}</var>
<arg>${element}</arg>
<tag>Assertion</tag>
<tag>Getter</tag>
<tag>PageContent</tag>
<doc>Returns the count of elements found with ``selector``.</doc>
<msg timestamp="20230731 09:03:02.808" level="INFO">${count} = 0</msg>
<status status="PASS" starttime="20230731 09:03:02.787" endtime="20230731 09:03:02.808"/>
</kw>
<if>
<branch type="IF" condition="${count} &gt; 0">
<kw name="Wait Until Element Is Not Exist" library="common">
<arg>${element}</arg>
<status status="NOT RUN" starttime="20230731 09:03:02.809" endtime="20230731 09:03:02.810"/>
</kw>
<status status="NOT RUN" starttime="20230731 09:03:02.809" endtime="20230731 09:03:02.810"/>
</branch>
<status status="PASS" starttime="20230731 09:03:02.809" endtime="20230731 09:03:02.810"/>
</if>
<status status="PASS" starttime="20230731 09:03:02.785" endtime="20230731 09:03:02.810"/>
</kw>
<kw name="Sleep" library="BuiltIn">
<arg>${SHOULD_TIMEOUT}</arg>
<doc>Pauses the test executed for the given time.</doc>
<msg timestamp="20230731 09:03:02.911" level="INFO">Slept 100 milliseconds</msg>
<status status="PASS" starttime="20230731 09:03:02.811" endtime="20230731 09:03:02.911"/>
</kw>
<status status="PASS" starttime="20230731 09:02:47.561" endtime="20230731 09:03:02.911"/>
</kw>
<kw name="Enter information when edit post" library="common" sourcename="Enter information when ${name} post">
<kw name="And Enter date in &quot;Created At&quot; with &quot;_RANDOM_&quot;" library="common" sourcename="Enter date in &quot;${name}&quot; with &quot;${text}&quot;">
<kw name="Get Random Text" library="common">
<var>${text}</var>
<arg>date</arg>
<arg>${text}</arg>
<kw name="Set Variable" library="BuiltIn">
<var>${symbol}</var>
<arg>_RANDOM_</arg>
<doc>Returns the given values which can then be assigned to a variables.</doc>
<msg timestamp="20230731 09:03:02.919" level="INFO">${symbol} = _RANDOM_</msg>
<status status="PASS" starttime="20230731 09:03:02.918" endtime="20230731 09:03:02.919"/>
</kw>
<kw name="Set Variable" library="BuiltIn">
<var>${new_text}</var>
<doc>Returns the given values which can then be assigned to a variables.</doc>
<msg timestamp="20230731 09:03:02.920" level="INFO">${new_text} = </msg>
<status status="PASS" starttime="20230731 09:03:02.920" endtime="20230731 09:03:02.920"/>
</kw>
<kw name="Get Regexp Matches" library="String">
<var>${containsS}</var>
<arg>${text}</arg>
<arg>_@(.+)@_</arg>
<arg>1</arg>
<doc>Returns a list of all non-overlapping matches in the given string.</doc>
<msg timestamp="20230731 09:03:02.924" level="INFO">${containsS} = []</msg>
<status status="PASS" starttime="20230731 09:03:02.921" endtime="20230731 09:03:02.924"/>
</kw>
<kw name="Get Length" library="BuiltIn">
<var>${cntS}</var>
<arg>${containsS}</arg>
<doc>Returns and logs the length of the given item as an integer.</doc>
<msg timestamp="20230731 09:03:02.925" level="INFO">Length is 0</msg>
<msg timestamp="20230731 09:03:02.925" level="INFO">${cntS} = 0</msg>
<status status="PASS" starttime="20230731 09:03:02.924" endtime="20230731 09:03:02.925"/>
</kw>
<kw name="Get Regexp Matches" library="String">
<var>${contains}</var>
<arg>${text}</arg>
<arg>${symbol}</arg>
<doc>Returns a list of all non-overlapping matches in the given string.</doc>
<msg timestamp="20230731 09:03:02.927" level="INFO">${contains} = ['_RANDOM_']</msg>
<status status="PASS" starttime="20230731 09:03:02.926" endtime="20230731 09:03:02.927"/>
</kw>
<kw name="Get Length" library="BuiltIn">
<var>${cnt}</var>
<arg>${contains}</arg>
<doc>Returns and logs the length of the given item as an integer.</doc>
<msg timestamp="20230731 09:03:02.929" level="INFO">Length is 1</msg>
<msg timestamp="20230731 09:03:02.929" level="INFO">${cnt} = 1</msg>
<status status="PASS" starttime="20230731 09:03:02.928" endtime="20230731 09:03:02.929"/>
</kw>
<if>
<branch type="IF" condition="${cntS} &gt; 0">
<kw name="Set Variable" library="BuiltIn">
<var>${new_text}</var>
<arg>${STATE["${containsS[0]}"]}</arg>
<doc>Returns the given values which can then be assigned to a variables.</doc>
<status status="NOT RUN" starttime="20230731 09:03:02.930" endtime="20230731 09:03:02.931"/>
</kw>
<kw name="Set Variable" library="BuiltIn">
<var>${symbol}</var>
<arg>_@${containsS[0]}@_</arg>
<doc>Returns the given values which can then be assigned to a variables.</doc>
<status status="NOT RUN" starttime="20230731 09:03:02.931" endtime="20230731 09:03:02.931"/>
</kw>
<status status="NOT RUN" starttime="20230731 09:03:02.929" endtime="20230731 09:03:02.932"/>
</branch>
<branch type="ELSE IF" condition="${cnt} &gt; 0 and '${type}' == 'test name'">
<kw name="Sentence" library="FakerLibrary">
<var>${random}</var>
<arg>nb_words=3</arg>
<doc>Generate a sentence.</doc>
<status status="NOT RUN" starttime="20230731 09:03:02.933" endtime="20230731 09:03:02.933"/>
</kw>
<kw name="Split String" library="String">
<var>${words}</var>
<arg>${TEST NAME}</arg>
<arg>${SPACE}</arg>
<doc>Splits the ``string`` using ``separator`` as a delimiter string.</doc>
<status status="NOT RUN" starttime="20230731 09:03:02.933" endtime="20230731 09:03:02.933"/>
</kw>
<kw name="Set Variable" library="BuiltIn">
<var>${new_text}</var>
<arg>${words[0]} ${random}</arg>
<doc>Returns the given values which can then be assigned to a variables.</doc>
<status status="NOT RUN" starttime="20230731 09:03:02.935" endtime="20230731 09:03:02.935"/>
</kw>
<status status="NOT RUN" starttime="20230731 09:03:02.932" endtime="20230731 09:03:02.935"/>
</branch>
<branch type="ELSE IF" condition="${cnt} &gt; 0 and '${type}' == 'number'">
<kw name="Random Int" library="FakerLibrary">
<var>${new_text}</var>
<arg>min=1000000000000</arg>
<arg>max=9999999999999</arg>
<doc>Generate a random integer between two integers ``min`` and ``max`` inclusive
while observing the provided ``step`` value.</doc>
<status status="NOT RUN" starttime="20230731 09:03:02.936" endtime="20230731 09:03:02.936"/>
</kw>
<kw name="Convert To String" library="BuiltIn">
<var>${new_text}</var>
<arg>${new_text}</arg>
<doc>Converts the given item to a Unicode string.</doc>
<status status="NOT RUN" starttime="20230731 09:03:02.937" endtime="20230731 09:03:02.937"/>
</kw>
<status status="NOT RUN" starttime="20230731 09:03:02.935" endtime="20230731 09:03:02.939"/>
</branch>
<branch type="ELSE IF" condition="${cnt} &gt; 0 and '${type}' == 'order number'">
<kw name="Random Int" library="FakerLibrary">
<var>${new_text}</var>
<arg>min=0</arg>
<arg>max=999999999</arg>
<doc>Generate a random integer between two integers ``min`` and ``max`` inclusive
while observing the provided ``step`` value.</doc>
<status status="NOT RUN" starttime="20230731 09:03:02.940" endtime="20230731 09:03:02.941"/>
</kw>
<kw name="Convert To String" library="BuiltIn">
<var>${new_text}</var>
<arg>${new_text}</arg>
<doc>Converts the given item to a Unicode string.</doc>
<status status="NOT RUN" starttime="20230731 09:03:02.942" endtime="20230731 09:03:02.942"/>
</kw>
<status status="NOT RUN" starttime="20230731 09:03:02.940" endtime="20230731 09:03:02.942"/>
</branch>
<branch type="ELSE IF" condition="${cnt} &gt; 0 and '${type}' == 'leave date valid'">
<kw name="Random Int" library="FakerLibrary">
<var>${new_text}</var>
<arg>min=0</arg>
<arg>max=16</arg>
<doc>Generate a random integer between two integers ``min`` and ``max`` inclusive
while observing the provided ``step`` value.</doc>
<status status="NOT RUN" starttime="20230731 09:03:02.945" endtime="20230731 09:03:02.946"/>
</kw>
<kw name="Convert To String" library="BuiltIn">
<var>${new_text}</var>
<arg>${new_text}</arg>
<doc>Converts the given item to a Unicode string.</doc>
<status status="NOT RUN" starttime="20230731 09:03:02.947" endtime="20230731 09:03:02.949"/>
</kw>
<status status="NOT RUN" starttime="20230731 09:03:02.943" endtime="20230731 09:03:02.949"/>
</branch>
<branch type="ELSE IF" condition="${cnt} &gt; 0 and '${type}' == 'leave date invalid'">
<kw name="Random Int" library="FakerLibrary">
<var>${new_text}</var>
<arg>min=17</arg>
<arg>max=99</arg>
<doc>Generate a random integer between two integers ``min`` and ``max`` inclusive
while observing the provided ``step`` value.</doc>
<status status="NOT RUN" starttime="20230731 09:03:02.951" endtime="20230731 09:03:02.951"/>
</kw>
<kw name="Convert To String" library="BuiltIn">
<var>${new_text}</var>
<arg>${new_text}</arg>
<doc>Converts the given item to a Unicode string.</doc>
<status status="NOT RUN" starttime="20230731 09:03:02.952" endtime="20230731 09:03:02.952"/>
</kw>
<status status="NOT RUN" starttime="20230731 09:03:02.949" endtime="20230731 09:03:02.952"/>
</branch>
<branch type="ELSE IF" condition="${cnt} &gt; 0 and '${type}' == 'percentage'">
<kw name="Random Int" library="FakerLibrary">
<var>${new_text}</var>
<arg>max=100</arg>
<doc>Generate a random integer between two integers ``min`` and ``max`` inclusive
while observing the provided ``step`` value.</doc>
<status status="NOT RUN" starttime="20230731 09:03:02.955" endtime="20230731 09:03:02.956"/>
</kw>
<kw name="Convert To String" library="BuiltIn">
<var>${new_text}</var>
<arg>${new_text}</arg>
<doc>Converts the given item to a Unicode string.</doc>
<status status="NOT RUN" starttime="20230731 09:03:02.957" endtime="20230731 09:03:02.958"/>
</kw>
<status status="NOT RUN" starttime="20230731 09:03:02.953" endtime="20230731 09:03:02.958"/>
</branch>
<branch type="ELSE IF" condition="${cnt} &gt; 0 and '${type}' == 'paragraph'">
<kw name="Paragraph" library="FakerLibrary">
<var>${new_text}</var>
<doc>Generate a paragraph.</doc>
<status status="NOT RUN" starttime="20230731 09:03:02.961" endtime="20230731 09:03:02.961"/>
</kw>
<status status="NOT RUN" starttime="20230731 09:03:02.959" endtime="20230731 09:03:02.961"/>
</branch>
<branch type="ELSE IF" condition="${cnt} &gt; 0 and '${type}' == 'email'">
<kw name="Email" library="FakerLibrary">
<var>${new_text}</var>
<status status="NOT RUN" starttime="20230731 09:03:02.962" endtime="20230731 09:03:02.963"/>
</kw>
<status status="NOT RUN" starttime="20230731 09:03:02.962" endtime="20230731 09:03:02.963"/>
</branch>
<branch type="ELSE IF" condition="${cnt} &gt; 0 and '${type}' == 'phone'">
<kw name="Random Int" library="FakerLibrary">
<var>${new_text}</var>
<arg>min=55555555</arg>
<arg>max=999999999999</arg>
<doc>Generate a random integer between two integers ``min`` and ``max`` inclusive
while observing the provided ``step`` value.</doc>
<status status="NOT RUN" starttime="20230731 09:03:02.964" endtime="20230731 09:03:02.964"/>
</kw>
<kw name="Convert To String" library="BuiltIn">
<var>${new_text}</var>
<arg>${new_text}</arg>
<doc>Converts the given item to a Unicode string.</doc>
<status status="NOT RUN" starttime="20230731 09:03:02.964" endtime="20230731 09:03:02.965"/>
</kw>
<status status="NOT RUN" starttime="20230731 09:03:02.963" endtime="20230731 09:03:02.965"/>
</branch>
<branch type="ELSE IF" condition="${cnt} &gt; 0 and '${type}' == 'color'">
<kw name="Safe Hex Color" library="FakerLibrary">
<var>${new_text}</var>
<doc>Generate a web-safe color formatted as a hex triplet.</doc>
<status status="NOT RUN" starttime="20230731 09:03:02.966" endtime="20230731 09:03:02.966"/>
</kw>
<status status="NOT RUN" starttime="20230731 09:03:02.965" endtime="20230731 09:03:02.966"/>
</branch>
<branch type="ELSE IF" condition="${cnt} &gt; 0 and '${type}' == 'date'">
<kw name="Date" library="FakerLibrary">
<var>${new_text}</var>
<arg>pattern=%d-%m-%Y</arg>
<doc>Get a date string between January 1, 1970 and now.</doc>
<msg timestamp="20230731 09:03:02.968" level="INFO">${new_text} = 24-03-2011</msg>
<status status="PASS" starttime="20230731 09:03:02.967" endtime="20230731 09:03:02.968"/>
</kw>
<status status="PASS" starttime="20230731 09:03:02.967" endtime="20230731 09:03:02.968"/>
</branch>
<branch type="ELSE IF" condition="${cnt} &gt; 0 and '${type}' == 'word'">
<kw name="Sentence" library="FakerLibrary">
<var>${new_text}</var>
<arg>nb_words=2</arg>
<doc>Generate a sentence.</doc>
<status status="NOT RUN" starttime="20230731 09:03:02.969" endtime="20230731 09:03:02.969"/>
</kw>
<status status="NOT RUN" starttime="20230731 09:03:02.969" endtime="20230731 09:03:02.970"/>
</branch>
<branch type="ELSE IF" condition="${cnt} &gt; 0">
<kw name="Sentence" library="FakerLibrary">
<var>${new_text}</var>
<doc>Generate a sentence.</doc>
<status status="NOT RUN" starttime="20230731 09:03:02.972" endtime="20230731 09:03:02.973"/>
</kw>
<status status="NOT RUN" starttime="20230731 09:03:02.970" endtime="20230731 09:03:02.974"/>
</branch>
<status status="PASS" starttime="20230731 09:03:02.929" endtime="20230731 09:03:02.974"/>
</if>
<kw name="Get Length" library="BuiltIn">
<var>${cnt}</var>
<arg>${text}</arg>
<doc>Returns and logs the length of the given item as an integer.</doc>
<msg timestamp="20230731 09:03:02.977" level="INFO">Length is 8</msg>
<msg timestamp="20230731 09:03:02.978" level="INFO">${cnt} = 8</msg>
<status status="PASS" starttime="20230731 09:03:02.976" endtime="20230731 09:03:02.978"/>
</kw>
<if>
<branch type="IF" condition="${cnt} &gt; 0">
<kw name="Replace String" library="String">
<var>${text}</var>
<arg>${text}</arg>
<arg>${symbol}</arg>
<arg>${new_text}</arg>
<doc>Replaces ``search_for`` in the given ``string`` with ``replace_with``.</doc>
<msg timestamp="20230731 09:03:02.981" level="INFO">${text} = 24-03-2011</msg>
<status status="PASS" starttime="20230731 09:03:02.980" endtime="20230731 09:03:02.981"/>
</kw>
<status status="PASS" starttime="20230731 09:03:02.979" endtime="20230731 09:03:02.981"/>
</branch>
<status status="PASS" starttime="20230731 09:03:02.979" endtime="20230731 09:03:02.981"/>
</if>
<msg timestamp="20230731 09:03:02.982" level="INFO">${text} = 24-03-2011</msg>
<status status="PASS" starttime="20230731 09:03:02.917" endtime="20230731 09:03:02.982"/>
</kw>
<kw name="Get Element Form Item By Name" library="common">
<var>${element}</var>
<arg>${name}</arg>
<arg>//*[contains(@class, "ant-picker-input")]/input</arg>
<msg timestamp="20230731 09:03:02.983" level="INFO">${element} = xpath=//*[contains(@class, "ant-form-item-label")]/label[text()="Created At"]/../../*[contains(@class, "ant-form-item")]//*[contains(@class, "ant-picker-input")]/input</msg>
<status status="PASS" starttime="20230731 09:03:02.982" endtime="20230731 09:03:02.983"/>
</kw>
<kw name="Click" library="Browser">
<arg>${element}</arg>
<tag>PageContent</tag>
<tag>Setter</tag>
<doc>Simulates mouse click on the element found by ``selector``.</doc>
<status status="PASS" starttime="20230731 09:03:02.984" endtime="20230731 09:03:03.618"/>
</kw>
<kw name="Clear Text" library="Browser">
<arg>${element}</arg>
<tag>PageContent</tag>
<tag>Setter</tag>
<doc>Clears the text field found by ``selector``.</doc>
<status status="PASS" starttime="20230731 09:03:03.619" endtime="20230731 09:03:03.764"/>
</kw>
<kw name="Fill Text" library="Browser">
<arg>${element}</arg>
<arg>${text}</arg>
<tag>PageContent</tag>
<tag>Setter</tag>
<doc>Clears and fills the given ``txt`` into the text field found by ``selector``.</doc>
<msg timestamp="20230731 09:03:03.765" level="INFO">Fills the text '24-03-2011' in the given field.</msg>
<status status="PASS" starttime="20230731 09:03:03.764" endtime="20230731 09:03:03.965"/>
</kw>
<kw name="Press Keys" library="Browser">
<arg>${element}</arg>
<arg>Tab</arg>
<tag>PageContent</tag>
<tag>Setter</tag>
<doc>Types the given key combination into element found by ``selector``.</doc>
<status status="PASS" starttime="20230731 09:03:03.966" endtime="20230731 09:03:04.256"/>
</kw>
<kw name="Press Keys" library="Browser">
<arg>${element}</arg>
<arg>Tab</arg>
<tag>PageContent</tag>
<tag>Setter</tag>
<doc>Types the given key combination into element found by ``selector``.</doc>
<status status="PASS" starttime="20230731 09:03:04.257" endtime="20230731 09:03:04.751"/>
</kw>
<kw name="Get Length" library="BuiltIn">
<var>${cnt}</var>
<arg>${text}</arg>
<doc>Returns and logs the length of the given item as an integer.</doc>
<msg timestamp="20230731 09:03:04.752" level="INFO">Length is 10</msg>
<msg timestamp="20230731 09:03:04.752" level="INFO">${cnt} = 10</msg>
<status status="PASS" starttime="20230731 09:03:04.751" endtime="20230731 09:03:04.752"/>
</kw>
<if>
<branch type="IF" condition="${cnt} &gt; 0">
<kw name="Set Global Variable" library="BuiltIn">
<arg>${STATE["${name}"]}</arg>
<arg>${text}</arg>
<doc>Makes a variable available globally in all tests and suites.</doc>
<msg timestamp="20230731 09:03:04.758" level="INFO">${STATE["Created At"]} = 24-03-2011</msg>
<status status="PASS" starttime="20230731 09:03:04.753" endtime="20230731 09:03:04.758"/>
</kw>
<status status="PASS" starttime="20230731 09:03:04.753" endtime="20230731 09:03:04.758"/>
</branch>
<status status="PASS" starttime="20230731 09:03:04.752" endtime="20230731 09:03:04.759"/>
</if>
<status status="PASS" starttime="20230731 09:03:02.917" endtime="20230731 09:03:04.759"/>
</kw>
<kw name="And Enter &quot;text&quot; in &quot;Name&quot; with &quot;_RANDOM_&quot;" library="common" sourcename="Enter &quot;${type}&quot; in &quot;${name}&quot; with &quot;${text}&quot;">
<kw name="Get Random Text" library="common">
<var>${text}</var>
<arg>${type}</arg>
<arg>${text}</arg>
<kw name="Set Variable" library="BuiltIn">
<var>${symbol}</var>
<arg>_RANDOM_</arg>
<doc>Returns the given values which can then be assigned to a variables.</doc>
<msg timestamp="20230731 09:03:04.763" level="INFO">${symbol} = _RANDOM_</msg>
<status status="PASS" starttime="20230731 09:03:04.762" endtime="20230731 09:03:04.763"/>
</kw>
<kw name="Set Variable" library="BuiltIn">
<var>${new_text}</var>
<doc>Returns the given values which can then be assigned to a variables.</doc>
<msg timestamp="20230731 09:03:04.765" level="INFO">${new_text} = </msg>
<status status="PASS" starttime="20230731 09:03:04.764" endtime="20230731 09:03:04.765"/>
</kw>
<kw name="Get Regexp Matches" library="String">
<var>${containsS}</var>
<arg>${text}</arg>
<arg>_@(.+)@_</arg>
<arg>1</arg>
<doc>Returns a list of all non-overlapping matches in the given string.</doc>
<msg timestamp="20230731 09:03:04.767" level="INFO">${containsS} = []</msg>
<status status="PASS" starttime="20230731 09:03:04.766" endtime="20230731 09:03:04.767"/>
</kw>
<kw name="Get Length" library="BuiltIn">
<var>${cntS}</var>
<arg>${containsS}</arg>
<doc>Returns and logs the length of the given item as an integer.</doc>
<msg timestamp="20230731 09:03:04.768" level="INFO">Length is 0</msg>
<msg timestamp="20230731 09:03:04.768" level="INFO">${cntS} = 0</msg>
<status status="PASS" starttime="20230731 09:03:04.767" endtime="20230731 09:03:04.768"/>
</kw>
<kw name="Get Regexp Matches" library="String">
<var>${contains}</var>
<arg>${text}</arg>
<arg>${symbol}</arg>
<doc>Returns a list of all non-overlapping matches in the given string.</doc>
<msg timestamp="20230731 09:03:04.770" level="INFO">${contains} = ['_RANDOM_']</msg>
<status status="PASS" starttime="20230731 09:03:04.769" endtime="20230731 09:03:04.770"/>
</kw>
<kw name="Get Length" library="BuiltIn">
<var>${cnt}</var>
<arg>${contains}</arg>
<doc>Returns and logs the length of the given item as an integer.</doc>
<msg timestamp="20230731 09:03:04.772" level="INFO">Length is 1</msg>
<msg timestamp="20230731 09:03:04.773" level="INFO">${cnt} = 1</msg>
<status status="PASS" starttime="20230731 09:03:04.770" endtime="20230731 09:03:04.773"/>
</kw>
<if>
<branch type="IF" condition="${cntS} &gt; 0">
<kw name="Set Variable" library="BuiltIn">
<var>${new_text}</var>
<arg>${STATE["${containsS[0]}"]}</arg>
<doc>Returns the given values which can then be assigned to a variables.</doc>
<status status="NOT RUN" starttime="20230731 09:03:04.774" endtime="20230731 09:03:04.775"/>
</kw>
<kw name="Set Variable" library="BuiltIn">
<var>${symbol}</var>
<arg>_@${containsS[0]}@_</arg>
<doc>Returns the given values which can then be assigned to a variables.</doc>
<status status="NOT RUN" starttime="20230731 09:03:04.776" endtime="20230731 09:03:04.776"/>
</kw>
<status status="NOT RUN" starttime="20230731 09:03:04.773" endtime="20230731 09:03:04.776"/>
</branch>
<branch type="ELSE IF" condition="${cnt} &gt; 0 and '${type}' == 'test name'">
<kw name="Sentence" library="FakerLibrary">
<var>${random}</var>
<arg>nb_words=3</arg>
<doc>Generate a sentence.</doc>
<status status="NOT RUN" starttime="20230731 09:03:04.777" endtime="20230731 09:03:04.778"/>
</kw>
<kw name="Split String" library="String">
<var>${words}</var>
<arg>${TEST NAME}</arg>
<arg>${SPACE}</arg>
<doc>Splits the ``string`` using ``separator`` as a delimiter string.</doc>
<status status="NOT RUN" starttime="20230731 09:03:04.778" endtime="20230731 09:03:04.779"/>
</kw>
<kw name="Set Variable" library="BuiltIn">
<var>${new_text}</var>
<arg>${words[0]} ${random}</arg>
<doc>Returns the given values which can then be assigned to a variables.</doc>
[...]
while observing the provided ``step`` value.</doc>
<status status="NOT RUN" starttime="20230731 09:03:08.391" endtime="20230731 09:03:08.391"/>
</kw>
<kw name="Convert To String" library="BuiltIn">
<var>${new_text}</var>
<arg>${new_text}</arg>
<doc>Converts the given item to a Unicode string.</doc>
<status status="NOT RUN" starttime="20230731 09:03:08.392" endtime="20230731 09:03:08.392"/>
</kw>
<status status="NOT RUN" starttime="20230731 09:03:08.390" endtime="20230731 09:03:08.392"/>
</branch>
<branch type="ELSE IF" condition="${cnt} &gt; 0 and '${type}' == 'paragraph'">
<kw name="Paragraph" library="FakerLibrary">
<var>${new_text}</var>
<doc>Generate a paragraph.</doc>
<status status="NOT RUN" starttime="20230731 09:03:08.393" endtime="20230731 09:03:08.394"/>
</kw>
<status status="NOT RUN" starttime="20230731 09:03:08.393" endtime="20230731 09:03:08.394"/>
</branch>
<branch type="ELSE IF" condition="${cnt} &gt; 0 and '${type}' == 'email'">
<kw name="Email" library="FakerLibrary">
<var>${new_text}</var>
<status status="NOT RUN" starttime="20230731 09:03:08.395" endtime="20230731 09:03:08.395"/>
</kw>
<status status="NOT RUN" starttime="20230731 09:03:08.394" endtime="20230731 09:03:08.396"/>
</branch>
<branch type="ELSE IF" condition="${cnt} &gt; 0 and '${type}' == 'phone'">
<kw name="Random Int" library="FakerLibrary">
<var>${new_text}</var>
<arg>min=55555555</arg>
<arg>max=999999999999</arg>
<doc>Generate a random integer between two integers ``min`` and ``max`` inclusive
while observing the provided ``step`` value.</doc>
<status status="NOT RUN" starttime="20230731 09:03:08.397" endtime="20230731 09:03:08.397"/>
</kw>
<kw name="Convert To String" library="BuiltIn">
<var>${new_text}</var>
<arg>${new_text}</arg>
<doc>Converts the given item to a Unicode string.</doc>
<status status="NOT RUN" starttime="20230731 09:03:08.397" endtime="20230731 09:03:08.398"/>
</kw>
<status status="NOT RUN" starttime="20230731 09:03:08.396" endtime="20230731 09:03:08.398"/>
</branch>
<branch type="ELSE IF" condition="${cnt} &gt; 0 and '${type}' == 'color'">
<kw name="Safe Hex Color" library="FakerLibrary">
<var>${new_text}</var>
<doc>Generate a web-safe color formatted as a hex triplet.</doc>
<status status="NOT RUN" starttime="20230731 09:03:08.399" endtime="20230731 09:03:08.399"/>
</kw>
<status status="NOT RUN" starttime="20230731 09:03:08.398" endtime="20230731 09:03:08.400"/>
</branch>
<branch type="ELSE IF" condition="${cnt} &gt; 0 and '${type}' == 'date'">
<kw name="Date" library="FakerLibrary">
<var>${new_text}</var>
<arg>pattern=%d-%m-%Y</arg>
<doc>Get a date string between January 1, 1970 and now.</doc>
<status status="NOT RUN" starttime="20230731 09:03:08.401" endtime="20230731 09:03:08.401"/>
</kw>
<status status="NOT RUN" starttime="20230731 09:03:08.400" endtime="20230731 09:03:08.401"/>
</branch>
<branch type="ELSE IF" condition="${cnt} &gt; 0 and '${type}' == 'word'">
<kw name="Sentence" library="FakerLibrary">
<var>${new_text}</var>
<arg>nb_words=2</arg>
<doc>Generate a sentence.</doc>
<status status="NOT RUN" starttime="20230731 09:03:08.402" endtime="20230731 09:03:08.402"/>
</kw>
<status status="NOT RUN" starttime="20230731 09:03:08.401" endtime="20230731 09:03:08.403"/>
</branch>
<branch type="ELSE IF" condition="${cnt} &gt; 0">
<kw name="Sentence" library="FakerLibrary">
<var>${new_text}</var>
<doc>Generate a sentence.</doc>
<msg timestamp="20230731 09:03:08.404" level="INFO">${new_text} = Voluptas eveniet ullam at voluptates voluptatibus beatae.</msg>
<status status="PASS" starttime="20230731 09:03:08.403" endtime="20230731 09:03:08.404"/>
</kw>
<status status="PASS" starttime="20230731 09:03:08.403" endtime="20230731 09:03:08.404"/>
</branch>
<status status="PASS" starttime="20230731 09:03:08.375" endtime="20230731 09:03:08.405"/>
</if>
<kw name="Get Length" library="BuiltIn">
<var>${cnt}</var>
<arg>${text}</arg>
<doc>Returns and logs the length of the given item as an integer.</doc>
<msg timestamp="20230731 09:03:08.406" level="INFO">Length is 8</msg>
<msg timestamp="20230731 09:03:08.406" level="INFO">${cnt} = 8</msg>
<status status="PASS" starttime="20230731 09:03:08.406" endtime="20230731 09:03:08.406"/>
</kw>
<if>
<branch type="IF" condition="${cnt} &gt; 0">
<kw name="Replace String" library="String">
<var>${text}</var>
<arg>${text}</arg>
<arg>${symbol}</arg>
<arg>${new_text}</arg>
<doc>Replaces ``search_for`` in the given ``string`` with ``replace_with``.</doc>
<msg timestamp="20230731 09:03:08.409" level="INFO">${text} = Voluptas eveniet ullam at voluptates voluptatibus beatae.</msg>
<status status="PASS" starttime="20230731 09:03:08.408" endtime="20230731 09:03:08.409"/>
</kw>
<status status="PASS" starttime="20230731 09:03:08.407" endtime="20230731 09:03:08.409"/>
</branch>
<status status="PASS" starttime="20230731 09:03:08.407" endtime="20230731 09:03:08.409"/>
</if>
<msg timestamp="20230731 09:03:08.410" level="INFO">${text} = Voluptas eveniet ullam at voluptates voluptatibus beatae.</msg>
<status status="PASS" starttime="20230731 09:03:08.366" endtime="20230731 09:03:08.410"/>
</kw>
<kw name="Get Element Form Item By Name" library="common">
<var>${element}</var>
<arg>${name}</arg>
<arg>//*[contains(@class, "ce-paragraph")]</arg>
<msg timestamp="20230731 09:03:08.411" level="INFO">${element} = xpath=//*[contains(@class, "ant-form-item-label")]/label[text()="Content"]/../../*[contains(@class, "ant-form-item")]//*[contains(@class, "ce-paragraph")]</msg>
<status status="PASS" starttime="20230731 09:03:08.410" endtime="20230731 09:03:08.411"/>
</kw>
<kw name="Clear Text" library="Browser">
<arg>${element}</arg>
<tag>PageContent</tag>
<tag>Setter</tag>
<doc>Clears the text field found by ``selector``.</doc>
<status status="PASS" starttime="20230731 09:03:08.412" endtime="20230731 09:03:08.455"/>
</kw>
<kw name="Fill Text" library="Browser">
<arg>${element}</arg>
<arg>${text}</arg>
<tag>PageContent</tag>
<tag>Setter</tag>
<doc>Clears and fills the given ``txt`` into the text field found by ``selector``.</doc>
<msg timestamp="20230731 09:03:08.456" level="INFO">Fills the text 'Voluptas eveniet ullam at voluptates voluptatibus beatae.' in the given field.</msg>
<status status="PASS" starttime="20230731 09:03:08.456" endtime="20230731 09:03:08.501"/>
</kw>
<status status="PASS" starttime="20230731 09:03:08.365" endtime="20230731 09:03:08.501"/>
</kw>
<status status="PASS" starttime="20230731 09:03:05.976" endtime="20230731 09:03:08.501"/>
</kw>
<kw name="And Click &quot;Lưu lại&quot; button" library="common" sourcename="Click &quot;${text}&quot; button">
<kw name="Click" library="Browser">
<arg>xpath=//button[@title = "${text}"]</arg>
<tag>PageContent</tag>
<tag>Setter</tag>
<doc>Simulates mouse click on the element found by ``selector``.</doc>
<status status="PASS" starttime="20230731 09:03:08.505" endtime="20230731 09:03:08.948"/>
</kw>
<kw name="Click Confirm To Action" library="common">
<kw name="Set Variable" library="BuiltIn">
<var>${element}</var>
<arg>xpath=//*[contains(@class, "ant-popover")]//*[contains(@class, "ant-btn-primary")]</arg>
<doc>Returns the given values which can then be assigned to a variables.</doc>
<msg timestamp="20230731 09:03:08.951" level="INFO">${element} = xpath=//*[contains(@class, "ant-popover")]//*[contains(@class, "ant-btn-primary")]</msg>
<status status="PASS" starttime="20230731 09:03:08.949" endtime="20230731 09:03:08.951"/>
</kw>
<kw name="Get Element Count" library="Browser">
<var>${count}</var>
<arg>${element}</arg>
<tag>Assertion</tag>
<tag>Getter</tag>
<tag>PageContent</tag>
<doc>Returns the count of elements found with ``selector``.</doc>
<msg timestamp="20230731 09:03:09.062" level="INFO">${count} = 0</msg>
<status status="PASS" starttime="20230731 09:03:08.953" endtime="20230731 09:03:09.062"/>
</kw>
<if>
<branch type="IF" condition="${count} &gt; 0">
<kw name="Click" library="Browser">
<arg>${element}</arg>
<tag>PageContent</tag>
<tag>Setter</tag>
<doc>Simulates mouse click on the element found by ``selector``.</doc>
<status status="NOT RUN" starttime="20230731 09:03:09.064" endtime="20230731 09:03:09.064"/>
</kw>
<kw name="Sleep" library="BuiltIn">
<arg>${SHOULD_TIMEOUT}</arg>
<doc>Pauses the test executed for the given time.</doc>
<status status="NOT RUN" starttime="20230731 09:03:09.064" endtime="20230731 09:03:09.065"/>
</kw>
<status status="NOT RUN" starttime="20230731 09:03:09.063" endtime="20230731 09:03:09.065"/>
</branch>
<status status="PASS" starttime="20230731 09:03:09.063" endtime="20230731 09:03:09.065"/>
</if>
<status status="PASS" starttime="20230731 09:03:08.948" endtime="20230731 09:03:09.065"/>
</kw>
<kw name="Scroll By" library="Browser">
<arg>${None}</arg>
<tag>PageContent</tag>
<tag>Setter</tag>
<doc>Scrolls an element or the page relative from current position by the given values.</doc>
<status status="PASS" starttime="20230731 09:03:09.066" endtime="20230731 09:03:09.185"/>
</kw>
<status status="PASS" starttime="20230731 09:03:08.503" endtime="20230731 09:03:09.185"/>
</kw>
<kw name="Then User look message &quot;Cập nhật thành công&quot; popup" library="common" sourcename="User look message &quot;${message}&quot; popup">
<kw name="Get Regexp Matches" library="String">
<var>${contains}</var>
<arg>${message}</arg>
<arg>_@(.+)@_</arg>
<arg>1</arg>
<doc>Returns a list of all non-overlapping matches in the given string.</doc>
<msg timestamp="20230731 09:03:09.193" level="INFO">${contains} = []</msg>
<status status="PASS" starttime="20230731 09:03:09.191" endtime="20230731 09:03:09.193"/>
</kw>
<kw name="Get Length" library="BuiltIn">
<var>${cnt}</var>
<arg>${contains}</arg>
<doc>Returns and logs the length of the given item as an integer.</doc>
<msg timestamp="20230731 09:03:09.194" level="INFO">Length is 0</msg>
<msg timestamp="20230731 09:03:09.194" level="INFO">${cnt} = 0</msg>
<status status="PASS" starttime="20230731 09:03:09.193" endtime="20230731 09:03:09.194"/>
</kw>
<if>
<branch type="IF" condition="${cnt} &gt; 0">
<kw name="Replace String" library="String">
<var>${message}</var>
<arg>${message}</arg>
<arg>_@${contains[0]}@_</arg>
<arg>${STATE["${contains[0]}"]}</arg>
<doc>Replaces ``search_for`` in the given ``string`` with ``replace_with``.</doc>
<status status="NOT RUN" starttime="20230731 09:03:09.196" endtime="20230731 09:03:09.196"/>
</kw>
<status status="NOT RUN" starttime="20230731 09:03:09.195" endtime="20230731 09:03:09.196"/>
</branch>
<status status="PASS" starttime="20230731 09:03:09.195" endtime="20230731 09:03:09.197"/>
</if>
<kw name="Element Text Should Be" library="common">
<arg>id=swal2-html-container</arg>
<arg>${message}</arg>
<kw name="Get Text" library="Browser">
<arg>${locator}</arg>
<arg>equal</arg>
<arg>${expected}</arg>
<arg>${message}</arg>
<tag>Assertion</tag>
<tag>Getter</tag>
<tag>PageContent</tag>
<doc>Returns text attribute of the element found by ``selector``.</doc>
<msg timestamp="20230731 09:03:14.341" level="INFO">Text: 'Cập nhật thành công'</msg>
<status status="PASS" starttime="20230731 09:03:09.202" endtime="20230731 09:03:14.342"/>
</kw>
<status status="PASS" starttime="20230731 09:03:09.199" endtime="20230731 09:03:14.342"/>
</kw>
<kw name="Set Variable" library="BuiltIn">
<var>${element}</var>
<arg>xpath=//*[contains(@class, "swal2-confirm")]</arg>
<doc>Returns the given values which can then be assigned to a variables.</doc>
<msg timestamp="20230731 09:03:14.343" level="INFO">${element} = xpath=//*[contains(@class, "swal2-confirm")]</msg>
<status status="PASS" starttime="20230731 09:03:14.343" endtime="20230731 09:03:14.343"/>
</kw>
<kw name="Run Keyword And Return Status" library="BuiltIn">
<var>${passed}</var>
<arg>Element Should Be Visible</arg>
<arg>${element}</arg>
<doc>Runs the given keyword with given arguments and returns the status as a Boolean value.</doc>
<kw name="Element Should Be Visible" library="common">
<arg>${element}</arg>
<kw name="Wait For Elements State" library="Browser">
<arg>${locator}</arg>
<arg>visible</arg>
<arg>${timeout}</arg>
<arg>${message}</arg>
<tag>PageContent</tag>
<tag>Wait</tag>
<doc>Waits for the element found by ``selector`` to satisfy state option.</doc>
<msg timestamp="20230731 09:03:15.040" level="INFO" html="true">&lt;/td&gt;&lt;/tr&gt;&lt;tr&gt;&lt;td colspan="3"&gt;&lt;a href="browser/screenshot/fail-screenshot-2.png" target="_blank"&gt;&lt;img src="browser/screenshot/fail-screenshot-2.png" width="800px"/&gt;&lt;/a&gt;</msg>
<msg timestamp="20230731 09:03:15.041" level="INFO">See also file:///C:/Users/nhats/OneDrive/Desktop/ARI/vite-react-ari/playwright-log.txt for additional details.</msg>
<msg timestamp="20230731 09:03:15.041" level="FAIL">TimeoutError: locator.waitFor: Timeout 100ms exceeded.
=========================== logs ===========================
waiting for locator('xpath=//*[contains(@class, "swal2-confirm")]') to be visible
  locator resolved to hidden &lt;button type="button" aria-label="" class="swal2-confirm…&gt;OK&lt;/button&gt;
  locator resolved to hidden &lt;button type="button" aria-label="" class="swal2-confirm…&gt;OK&lt;/button&gt;
  locator resolved to hidden &lt;button type="button" aria-label="" class="swal2-confirm…&gt;OK&lt;/button&gt;
============================================================
Tip: Use "Set Browser Timeout" for increasing the timeout or double check your locator as the targeted element(s) couldn't be found.</msg>
<status status="FAIL" starttime="20230731 09:03:14.347" endtime="20230731 09:03:15.044"/>
</kw>
<status status="FAIL" starttime="20230731 09:03:14.345" endtime="20230731 09:03:15.044"/>
</kw>
<msg timestamp="20230731 09:03:15.045" level="INFO">${passed} = False</msg>
<status status="PASS" starttime="20230731 09:03:14.344" endtime="20230731 09:03:15.045"/>
</kw>
<if>
<branch type="IF" condition="'${passed}' == 'True'">
<kw name="Click" library="Browser">
<arg>${element}</arg>
<tag>PageContent</tag>
<tag>Setter</tag>
<doc>Simulates mouse click on the element found by ``selector``.</doc>
<status status="NOT RUN" starttime="20230731 09:03:15.046" endtime="20230731 09:03:15.046"/>
</kw>
<status status="NOT RUN" starttime="20230731 09:03:15.045" endtime="20230731 09:03:15.047"/>
</branch>
<status status="PASS" starttime="20230731 09:03:15.045" endtime="20230731 09:03:15.047"/>
</if>
<kw name="Wait Until Element Is Not Exist" library="common">
<arg>${element}</arg>
<kw name="Wait For Elements State" library="Browser">
<arg>${locator}</arg>
<arg>detached</arg>
<arg>${timeout}</arg>
<arg>${message}</arg>
<tag>PageContent</tag>
<tag>Wait</tag>
<doc>Waits for the element found by ``selector`` to satisfy state option.</doc>
<msg timestamp="20230731 09:03:17.203" level="INFO">Waited for Element with selector xpath=//*[contains(@class, "swal2-confirm")] at state detached</msg>
<status status="PASS" starttime="20230731 09:03:15.049" endtime="20230731 09:03:17.204"/>
</kw>
<status status="PASS" starttime="20230731 09:03:15.047" endtime="20230731 09:03:17.204"/>
</kw>
<status status="PASS" starttime="20230731 09:03:09.187" endtime="20230731 09:03:17.205"/>
</kw>
<kw name="And User look title &quot;Danh sách post&quot;" library="common" sourcename="User look title &quot;${title}&quot;">
<kw name="Wait Until Element Spin" library="common">
<kw name="Set Variable" library="BuiltIn">
<var>${element}</var>
<arg>xpath=//*[contains(@class, "ant-spin-spinning")]</arg>
<doc>Returns the given values which can then be assigned to a variables.</doc>
<msg timestamp="20230731 09:03:17.245" level="INFO">${element} = xpath=//*[contains(@class, "ant-spin-spinning")]</msg>
<status status="PASS" starttime="20230731 09:03:17.244" endtime="20230731 09:03:17.245"/>
</kw>
<kw name="Get Element Count" library="Browser">
<var>${count}</var>
<arg>${element}</arg>
<tag>Assertion</tag>
<tag>Getter</tag>
<tag>PageContent</tag>
<doc>Returns the count of elements found with ``selector``.</doc>
<msg timestamp="20230731 09:03:17.256" level="INFO">${count} = 0</msg>
<status status="PASS" starttime="20230731 09:03:17.246" endtime="20230731 09:03:17.256"/>
</kw>
<if>
<branch type="IF" condition="${count} &gt; 0">
<kw name="Wait Until Element Is Not Exist" library="common">
<arg>${element}</arg>
<status status="NOT RUN" starttime="20230731 09:03:17.258" endtime="20230731 09:03:17.258"/>
</kw>
<status status="NOT RUN" starttime="20230731 09:03:17.257" endtime="20230731 09:03:17.258"/>
</branch>
<status status="PASS" starttime="20230731 09:03:17.257" endtime="20230731 09:03:17.259"/>
</if>
<status status="PASS" starttime="20230731 09:03:17.243" endtime="20230731 09:03:17.259"/>
</kw>
<kw name="Title Should Be" library="common">
<arg>${title}</arg>
<kw name="Wait Until Element Spin" library="common">
<kw name="Set Variable" library="BuiltIn">
<var>${element}</var>
<arg>xpath=//*[contains(@class, "ant-spin-spinning")]</arg>
<doc>Returns the given values which can then be assigned to a variables.</doc>
<msg timestamp="20230731 09:03:17.262" level="INFO">${element} = xpath=//*[contains(@class, "ant-spin-spinning")]</msg>
<status status="PASS" starttime="20230731 09:03:17.261" endtime="20230731 09:03:17.262"/>
</kw>
<kw name="Get Element Count" library="Browser">
<var>${count}</var>
<arg>${element}</arg>
<tag>Assertion</tag>
<tag>Getter</tag>
<tag>PageContent</tag>
<doc>Returns the count of elements found with ``selector``.</doc>
<msg timestamp="20230731 09:03:17.276" level="INFO">${count} = 0</msg>
<status status="PASS" starttime="20230731 09:03:17.262" endtime="20230731 09:03:17.276"/>
</kw>
<if>
<branch type="IF" condition="${count} &gt; 0">
<kw name="Wait Until Element Is Not Exist" library="common">
<arg>${element}</arg>
<status status="NOT RUN" starttime="20230731 09:03:17.278" endtime="20230731 09:03:17.278"/>
</kw>
<status status="NOT RUN" starttime="20230731 09:03:17.277" endtime="20230731 09:03:17.279"/>
</branch>
<status status="PASS" starttime="20230731 09:03:17.277" endtime="20230731 09:03:17.279"/>
</if>
<status status="PASS" starttime="20230731 09:03:17.260" endtime="20230731 09:03:17.279"/>
</kw>
<kw name="Get Title" library="Browser">
<var>${actualTitle}</var>
<tag>Assertion</tag>
<tag>Getter</tag>
<tag>PageContent</tag>
<doc>Returns the title of the current page.</doc>
<msg timestamp="20230731 09:03:17.288" level="INFO">Title: 'Danh sách post'</msg>
<msg timestamp="20230731 09:03:17.289" level="INFO">${actualTitle} = Danh sách post</msg>
<status status="PASS" starttime="20230731 09:03:17.280" endtime="20230731 09:03:17.289"/>
</kw>
<kw name="Should Be Equal As Strings" library="BuiltIn">
<arg>${actualTitle}</arg>
<arg>${expectedTitle}</arg>
<doc>Fails if objects are unequal after converting them to strings.</doc>
<status status="PASS" starttime="20230731 09:03:17.289" endtime="20230731 09:03:17.290"/>
</kw>
<status status="PASS" starttime="20230731 09:03:17.259" endtime="20230731 09:03:17.291"/>
</kw>
<status status="PASS" starttime="20230731 09:03:17.242" endtime="20230731 09:03:17.291"/>
</kw>
<kw name="Tear Down" library="common" type="TEARDOWN">
<kw name="Close Browser" library="Browser">
<arg>ALL</arg>
<tag>BrowserControl</tag>
<tag>Setter</tag>
<doc>Closes the current browser.</doc>
<msg timestamp="20230731 09:03:31.136" level="INFO">Closed all browsers</msg>
<status status="PASS" starttime="20230731 09:03:17.338" endtime="20230731 09:03:31.137"/>
</kw>
<status status="PASS" starttime="20230731 09:03:17.336" endtime="20230731 09:03:31.137"/>
</kw>
<tag>@regression</tag>
<tag>@smoketest</tag>
<status status="PASS" starttime="20230731 09:02:42.297" endtime="20230731 09:03:31.181"/>
</test>
<status status="PASS" starttime="20230731 09:02:36.500" endtime="20230731 09:03:31.211"/>
</suite>
<statistics>
<total>
<stat pass="1" fail="0" skip="0">All Tests</stat>
</total>
<tag>
<stat pass="1" fail="0" skip="0">@regression</stat>
<stat pass="1" fail="0" skip="0">@smoketest</stat>
</tag>
<suite>
<stat pass="1" fail="0" skip="0" id="s1" name="Test">Test</stat>
</suite>
</statistics>
<errors>
</errors>
</robot>
