<?xml version="1.0" encoding="UTF-8"?>
<robot generator="Robot 6.1 (Python 3.11.4 on win32)" generated="20230801 16:08:58.296" rpa="false" schemaversion="4">
<suite id="s1" name="Admin Create team" source="C:\Users\nhats\OneDrive\Desktop\ARI\vite-react-ari\test\testcases\Admin_Create_team.robot">
<test id="s1-t1" name="CRT-01 Verify that it is possible to navigate to the page for creating a new team" line="10">
<kw name="Setup" library="common" type="SETUP">
<kw name="Set Browser Timeout" library="Browser">
<arg>${BROWSER_TIMEOUT}</arg>
<tag>Config</tag>
<tag>Setter</tag>
<doc>Sets the timeout used by most input and getter keywords.</doc>
<status status="PASS" starttime="20230801 16:09:03.363" endtime="20230801 16:09:03.380"/>
</kw>
<kw name="New Browser" library="Browser">
<arg>${BROWSER}</arg>
<arg>headless=${HEADLESS}</arg>
<tag>BrowserControl</tag>
<tag>Setter</tag>
<doc>Create a new playwright Browser with specified options.</doc>
<msg timestamp="20230801 16:09:03.384" level="INFO">{"browser": "chromium", "headless": false, "devtools": false, "handleSIGHUP": true, "handleSIGINT": true, "handleSIGTERM": true, "slowMo": 0.0, "timeout": 30000.0, "deprecated_pos_args": [], "tracesDir": "C:\\Users\\nhats\\OneDrive\\Desktop\\ARI\\vite-react-ari\\browser\\traces\\2c42f608-8770-44f8-b10d-47e71c89176b"}</msg>
<msg timestamp="20230801 16:09:05.517" level="INFO">Successfully created browser with options: {"browser":"chromium","headless":false,"devtools":false,"handleSIGHUP":true,"handleSIGINT":true,"handleSIGTERM":true,"slowMo":0,"timeout":30000,"deprecated_pos_args":[],"tracesDir":"C:\\Users\\nhats\\OneDrive\\Desktop\\ARI\\vite-react-ari\\browser\\traces\\2c42f608-8770-44f8-b10d-47e71c89176b"}</msg>
<status status="PASS" starttime="20230801 16:09:03.380" endtime="20230801 16:09:05.518"/>
</kw>
<kw name="New Page" library="Browser">
<arg>${URL_DEFAULT}</arg>
<tag>BrowserControl</tag>
<tag>Setter</tag>
<doc>Open a new Page.</doc>
<msg timestamp="20230801 16:09:09.012" level="INFO">Successfully initialized new page object and opened url: http://v2.ari.com.vn/</msg>
<msg timestamp="20230801 16:09:09.012" level="INFO">No context was open. New context was automatically opened when this page is created.</msg>
<status status="PASS" starttime="20230801 16:09:05.519" endtime="20230801 16:09:09.014"/>
</kw>
<kw name="Evaluate" library="BuiltIn">
<var>${STATE}</var>
<arg>json.loads('''{}''')</arg>
<arg>json</arg>
<doc>Evaluates the given expression in Python and returns the result.</doc>
<msg timestamp="20230801 16:09:09.016" level="INFO">${STATE} = {}</msg>
<status status="PASS" starttime="20230801 16:09:09.015" endtime="20230801 16:09:09.016"/>
</kw>
<status status="PASS" starttime="20230801 16:09:03.361" endtime="20230801 16:09:09.016"/>
</kw>
<kw name="Login to admin" library="common">
<kw name="Enter &quot;email&quot; in &quot;Tên đăng nhập&quot; with &quot;hovannhat@admin.com&quot;" library="common" sourcename="Enter &quot;${type}&quot; in &quot;${name}&quot; with &quot;${text}&quot;">
<kw name="Get Random Text" library="common">
<var>${text}</var>
<arg>${type}</arg>
<arg>${text}</arg>
<kw name="Set Variable" library="BuiltIn">
<var>${symbol}</var>
<arg>_RANDOM_</arg>
<doc>Returns the given values which can then be assigned to a variables.</doc>
<msg timestamp="20230801 16:09:09.070" level="INFO">${symbol} = _RANDOM_</msg>
<status status="PASS" starttime="20230801 16:09:09.070" endtime="20230801 16:09:09.071"/>
</kw>
<kw name="Set Variable" library="BuiltIn">
<var>${new_text}</var>
<doc>Returns the given values which can then be assigned to a variables.</doc>
<msg timestamp="20230801 16:09:09.071" level="INFO">${new_text} = </msg>
<status status="PASS" starttime="20230801 16:09:09.071" endtime="20230801 16:09:09.071"/>
</kw>
<kw name="Get Regexp Matches" library="String">
<var>${containsS}</var>
<arg>${text}</arg>
<arg>_@(.+)@_</arg>
<arg>1</arg>
<doc>Returns a list of all non-overlapping matches in the given string.</doc>
<msg timestamp="20230801 16:09:09.073" level="INFO">${containsS} = []</msg>
<status status="PASS" starttime="20230801 16:09:09.072" endtime="20230801 16:09:09.074"/>
</kw>
<kw name="Get Length" library="BuiltIn">
<var>${cntS}</var>
<arg>${containsS}</arg>
<doc>Returns and logs the length of the given item as an integer.</doc>
<msg timestamp="20230801 16:09:09.075" level="INFO">Length is 0</msg>
<msg timestamp="20230801 16:09:09.075" level="INFO">${cntS} = 0</msg>
<status status="PASS" starttime="20230801 16:09:09.074" endtime="20230801 16:09:09.075"/>
</kw>
<kw name="Get Regexp Matches" library="String">
<var>${contains}</var>
<arg>${text}</arg>
<arg>${symbol}</arg>
<doc>Returns a list of all non-overlapping matches in the given string.</doc>
<msg timestamp="20230801 16:09:09.077" level="INFO">${contains} = []</msg>
<status status="PASS" starttime="20230801 16:09:09.076" endtime="20230801 16:09:09.077"/>
</kw>
<kw name="Get Length" library="BuiltIn">
<var>${cnt}</var>
<arg>${contains}</arg>
<doc>Returns and logs the length of the given item as an integer.</doc>
<msg timestamp="20230801 16:09:09.079" level="INFO">Length is 0</msg>
<msg timestamp="20230801 16:09:09.079" level="INFO">${cnt} = 0</msg>
<status status="PASS" starttime="20230801 16:09:09.078" endtime="20230801 16:09:09.079"/>
</kw>
<if>
<branch type="IF" condition="${cntS} &gt; 0">
<kw name="Set Variable" library="BuiltIn">
<var>${new_text}</var>
<arg>${STATE["${containsS[0]}"]}</arg>
<doc>Returns the given values which can then be assigned to a variables.</doc>
<status status="NOT RUN" starttime="20230801 16:09:09.082" endtime="20230801 16:09:09.083"/>
</kw>
<kw name="Set Variable" library="BuiltIn">
<var>${symbol}</var>
<arg>_@${containsS[0]}@_</arg>
<doc>Returns the given values which can then be assigned to a variables.</doc>
<status status="NOT RUN" starttime="20230801 16:09:09.083" endtime="20230801 16:09:09.084"/>
</kw>
<status status="NOT RUN" starttime="20230801 16:09:09.080" endtime="20230801 16:09:09.084"/>
</branch>
<branch type="ELSE IF" condition="${cnt} &gt; 0 and '${type}' == 'test name'">
<kw name="Sentence" library="FakerLibrary">
<var>${random}</var>
<arg>nb_words=3</arg>
<doc>Generate a sentence.</doc>
<status status="NOT RUN" starttime="20230801 16:09:09.086" endtime="20230801 16:09:09.086"/>
</kw>
<kw name="Split String" library="String">
<var>${words}</var>
<arg>${TEST NAME}</arg>
<arg>${SPACE}</arg>
<doc>Splits the ``string`` using ``separator`` as a delimiter string.</doc>
<status status="NOT RUN" starttime="20230801 16:09:09.087" endtime="20230801 16:09:09.087"/>
</kw>
<kw name="Set Variable" library="BuiltIn">
<var>${new_text}</var>
<arg>${words[0]} ${random}</arg>
<doc>Returns the given values which can then be assigned to a variables.</doc>
<status status="NOT RUN" starttime="20230801 16:09:09.133" endtime="20230801 16:09:09.134"/>
</kw>
<status status="NOT RUN" starttime="20230801 16:09:09.085" endtime="20230801 16:09:09.134"/>
</branch>
<branch type="ELSE IF" condition="${cnt} &gt; 0 and '${type}' == 'number'">
<kw name="Random Int" library="FakerLibrary">
<var>${new_text}</var>
<arg>min=1000000000000</arg>
<arg>max=9999999999999</arg>
<doc>Generate a random integer between two integers ``min`` and ``max`` inclusive
while observing the provided ``step`` value.</doc>
<status status="NOT RUN" starttime="20230801 16:09:09.135" endtime="20230801 16:09:09.135"/>
</kw>
<kw name="Convert To String" library="BuiltIn">
<var>${new_text}</var>
<arg>${new_text}</arg>
<doc>Converts the given item to a Unicode string.</doc>
<status status="NOT RUN" starttime="20230801 16:09:09.136" endtime="20230801 16:09:09.136"/>
</kw>
<status status="NOT RUN" starttime="20230801 16:09:09.134" endtime="20230801 16:09:09.136"/>
</branch>
<branch type="ELSE IF" condition="${cnt} &gt; 0 and '${type}' == 'order number'">
<kw name="Random Int" library="FakerLibrary">
<var>${new_text}</var>
<arg>min=0</arg>
<arg>max=999999999</arg>
<doc>Generate a random integer between two integers ``min`` and ``max`` inclusive
while observing the provided ``step`` value.</doc>
<status status="NOT RUN" starttime="20230801 16:09:09.137" endtime="20230801 16:09:09.138"/>
</kw>
<kw name="Convert To String" library="BuiltIn">
<var>${new_text}</var>
<arg>${new_text}</arg>
<doc>Converts the given item to a Unicode string.</doc>
<status status="NOT RUN" starttime="20230801 16:09:09.138" endtime="20230801 16:09:09.139"/>
</kw>
<status status="NOT RUN" starttime="20230801 16:09:09.136" endtime="20230801 16:09:09.139"/>
</branch>
<branch type="ELSE IF" condition="${cnt} &gt; 0 and '${type}' == 'leave date valid'">
<kw name="Random Int" library="FakerLibrary">
<var>${new_text}</var>
<arg>min=0</arg>
<arg>max=16</arg>
<doc>Generate a random integer between two integers ``min`` and ``max`` inclusive
while observing the provided ``step`` value.</doc>
<status status="NOT RUN" starttime="20230801 16:09:09.140" endtime="20230801 16:09:09.140"/>
</kw>
<kw name="Convert To String" library="BuiltIn">
<var>${new_text}</var>
<arg>${new_text}</arg>
<doc>Converts the given item to a Unicode string.</doc>
<status status="NOT RUN" starttime="20230801 16:09:09.140" endtime="20230801 16:09:09.140"/>
</kw>
<status status="NOT RUN" starttime="20230801 16:09:09.139" endtime="20230801 16:09:09.142"/>
</branch>
<branch type="ELSE IF" condition="${cnt} &gt; 0 and '${type}' == 'leave date invalid'">
<kw name="Random Int" library="FakerLibrary">
<var>${new_text}</var>
<arg>min=17</arg>
<arg>max=99</arg>
<doc>Generate a random integer between two integers ``min`` and ``max`` inclusive
while observing the provided ``step`` value.</doc>
<status status="NOT RUN" starttime="20230801 16:09:09.143" endtime="20230801 16:09:09.143"/>
</kw>
<kw name="Convert To String" library="BuiltIn">
<var>${new_text}</var>
<arg>${new_text}</arg>
<doc>Converts the given item to a Unicode string.</doc>
<status status="NOT RUN" starttime="20230801 16:09:09.144" endtime="20230801 16:09:09.147"/>
</kw>
<status status="NOT RUN" starttime="20230801 16:09:09.142" endtime="20230801 16:09:09.149"/>
</branch>
<branch type="ELSE IF" condition="${cnt} &gt; 0 and '${type}' == 'percentage'">
<kw name="Random Int" library="FakerLibrary">
<var>${new_text}</var>
<arg>max=100</arg>
<doc>Generate a random integer between two integers ``min`` and ``max`` inclusive
while observing the provided ``step`` value.</doc>
<status status="NOT RUN" starttime="20230801 16:09:09.151" endtime="20230801 16:09:09.151"/>
</kw>
<kw name="Convert To String" library="BuiltIn">
<var>${new_text}</var>
<arg>${new_text}</arg>
<doc>Converts the given item to a Unicode string.</doc>
<status status="NOT RUN" starttime="20230801 16:09:09.152" endtime="20230801 16:09:09.152"/>
</kw>
<status status="NOT RUN" starttime="20230801 16:09:09.150" endtime="20230801 16:09:09.152"/>
</branch>
<branch type="ELSE IF" condition="${cnt} &gt; 0 and '${type}' == 'paragraph'">
<kw name="Paragraph" library="FakerLibrary">
<var>${new_text}</var>
<doc>Generate a paragraph.</doc>
<status status="NOT RUN" starttime="20230801 16:09:09.154" endtime="20230801 16:09:09.154"/>
</kw>
<status status="NOT RUN" starttime="20230801 16:09:09.153" endtime="20230801 16:09:09.154"/>
</branch>
<branch type="ELSE IF" condition="${cnt} &gt; 0 and '${type}' == 'email'">
<kw name="Email" library="FakerLibrary">
<var>${new_text}</var>
<status status="NOT RUN" starttime="20230801 16:09:09.155" endtime="20230801 16:09:09.156"/>
</kw>
<status status="NOT RUN" starttime="20230801 16:09:09.154" endtime="20230801 16:09:09.156"/>
</branch>
<branch type="ELSE IF" condition="${cnt} &gt; 0 and '${type}' == 'phone'">
<kw name="Random Int" library="FakerLibrary">
<var>${new_text}</var>
<arg>min=55555555</arg>
<arg>max=999999999999</arg>
<doc>Generate a random integer between two integers ``min`` and ``max`` inclusive
while observing the provided ``step`` value.</doc>
<status status="NOT RUN" starttime="20230801 16:09:09.158" endtime="20230801 16:09:09.158"/>
</kw>
<kw name="Convert To String" library="BuiltIn">
<var>${new_text}</var>
<arg>${new_text}</arg>
<doc>Converts the given item to a Unicode string.</doc>
<status status="NOT RUN" starttime="20230801 16:09:09.159" endtime="20230801 16:09:09.159"/>
</kw>
<status status="NOT RUN" starttime="20230801 16:09:09.157" endtime="20230801 16:09:09.160"/>
</branch>
<branch type="ELSE IF" condition="${cnt} &gt; 0 and '${type}' == 'color'">
<kw name="Safe Hex Color" library="FakerLibrary">
<var>${new_text}</var>
<doc>Generate a web-safe color formatted as a hex triplet.</doc>
<status status="NOT RUN" starttime="20230801 16:09:09.166" endtime="20230801 16:09:09.166"/>
</kw>
<status status="NOT RUN" starttime="20230801 16:09:09.163" endtime="20230801 16:09:09.166"/>
</branch>
<branch type="ELSE IF" condition="${cnt} &gt; 0 and '${type}' == 'date'">
<kw name="Date" library="FakerLibrary">
<var>${new_text}</var>
<arg>pattern=%d-%m-%Y</arg>
<doc>Get a date string between January 1, 1970 and now.</doc>
<status status="NOT RUN" starttime="20230801 16:09:09.168" endtime="20230801 16:09:09.168"/>
</kw>
<status status="NOT RUN" starttime="20230801 16:09:09.167" endtime="20230801 16:09:09.168"/>
</branch>
<branch type="ELSE IF" condition="${cnt} &gt; 0 and '${type}' == 'word'">
<kw name="Sentence" library="FakerLibrary">
<var>${new_text}</var>
<arg>nb_words=2</arg>
<doc>Generate a sentence.</doc>
<status status="NOT RUN" starttime="20230801 16:09:09.169" endtime="20230801 16:09:09.170"/>
</kw>
<status status="NOT RUN" starttime="20230801 16:09:09.168" endtime="20230801 16:09:09.170"/>
</branch>
<branch type="ELSE IF" condition="${cnt} &gt; 0">
<kw name="Sentence" library="FakerLibrary">
<var>${new_text}</var>
<doc>Generate a sentence.</doc>
<status status="NOT RUN" starttime="20230801 16:09:09.174" endtime="20230801 16:09:09.174"/>
</kw>
<status status="NOT RUN" starttime="20230801 16:09:09.171" endtime="20230801 16:09:09.174"/>
</branch>
<status status="PASS" starttime="20230801 16:09:09.080" endtime="20230801 16:09:09.175"/>
</if>
<kw name="Get Length" library="BuiltIn">
<var>${cnt}</var>
<arg>${text}</arg>
<doc>Returns and logs the length of the given item as an integer.</doc>
<msg timestamp="20230801 16:09:09.176" level="INFO">Length is 19</msg>
<msg timestamp="20230801 16:09:09.179" level="INFO">${cnt} = 19</msg>
<status status="PASS" starttime="20230801 16:09:09.175" endtime="20230801 16:09:09.179"/>
</kw>
<if>
<branch type="IF" condition="${cnt} &gt; 0">
<kw name="Replace String" library="String">
<var>${text}</var>
<arg>${text}</arg>
<arg>${symbol}</arg>
<arg>${new_text}</arg>
<doc>Replaces ``search_for`` in the given ``string`` with ``replace_with``.</doc>
<msg timestamp="20230801 16:09:09.206" level="INFO">${text} = hovannhat@admin.com</msg>
<status status="PASS" starttime="20230801 16:09:09.205" endtime="20230801 16:09:09.206"/>
</kw>
<status status="PASS" starttime="20230801 16:09:09.204" endtime="20230801 16:09:09.206"/>
</branch>
<status status="PASS" starttime="20230801 16:09:09.203" endtime="20230801 16:09:09.206"/>
</if>
<msg timestamp="20230801 16:09:09.207" level="INFO">${text} = hovannhat@admin.com</msg>
<status status="PASS" starttime="20230801 16:09:09.069" endtime="20230801 16:09:09.207"/>
</kw>
<kw name="Get Element Form Item By Name" library="common">
<var>${element}</var>
<arg>${name}</arg>
<arg>//input[contains(@class, "ant-input")]</arg>
<msg timestamp="20230801 16:09:09.210" level="INFO">${element} = xpath=//*[contains(@class, "ant-form-item-label")]/label[text()="Tên đăng nhập"]/../../*[contains(@class, "ant-form-item")]//input[contains(@class, "ant-input")]</msg>
<status status="PASS" starttime="20230801 16:09:09.207" endtime="20230801 16:09:09.217"/>
</kw>
<kw name="Clear Text" library="Browser">
<arg>${element}</arg>
<tag>PageContent</tag>
<tag>Setter</tag>
<doc>Clears the text field found by ``selector``.</doc>
<status status="PASS" starttime="20230801 16:09:09.218" endtime="20230801 16:09:11.960"/>
</kw>
<kw name="Fill Text" library="Browser">
<arg>${element}</arg>
<arg>${text}</arg>
<arg>True</arg>
<tag>PageContent</tag>
<tag>Setter</tag>
<doc>Clears and fills the given ``txt`` into the text field found by ``selector``.</doc>
<msg timestamp="20230801 16:09:11.965" level="INFO">Fills the text 'hovannhat@admin.com' in the given field.</msg>
<status status="PASS" starttime="20230801 16:09:11.964" endtime="20230801 16:09:12.134"/>
</kw>
<kw name="Get Length" library="BuiltIn">
<var>${cnt}</var>
<arg>${text}</arg>
<doc>Returns and logs the length of the given item as an integer.</doc>
<msg timestamp="20230801 16:09:12.136" level="INFO">Length is 19</msg>
<msg timestamp="20230801 16:09:12.136" level="INFO">${cnt} = 19</msg>
<status status="PASS" starttime="20230801 16:09:12.135" endtime="20230801 16:09:12.136"/>
</kw>
<if>
<branch type="IF" condition="${cnt} &gt; 0">
<kw name="Set Global Variable" library="BuiltIn">
<arg>${STATE["${name}"]}</arg>
<arg>${text}</arg>
<doc>Makes a variable available globally in all tests and suites.</doc>
<msg timestamp="20230801 16:09:12.140" level="INFO">${STATE["Tên đăng nhập"]} = hovannhat@admin.com</msg>
<status status="PASS" starttime="20230801 16:09:12.137" endtime="20230801 16:09:12.140"/>
</kw>
<status status="PASS" starttime="20230801 16:09:12.136" endtime="20230801 16:09:12.140"/>
</branch>
<status status="PASS" starttime="20230801 16:09:12.136" endtime="20230801 16:09:12.140"/>
</if>
<status status="PASS" starttime="20230801 16:09:09.067" endtime="20230801 16:09:12.142"/>
</kw>
<kw name="Enter &quot;text&quot; in &quot;Mật khẩu&quot; with &quot;Nhat@01101999&quot;" library="common" sourcename="Enter &quot;${type}&quot; in &quot;${name}&quot; with &quot;${text}&quot;">
<kw name="Get Random Text" library="common">
<var>${text}</var>
<arg>${type}</arg>
<arg>${text}</arg>
<kw name="Set Variable" library="BuiltIn">
<var>${symbol}</var>
<arg>_RANDOM_</arg>
<doc>Returns the given values which can then be assigned to a variables.</doc>
<msg timestamp="20230801 16:09:12.151" level="INFO">${symbol} = _RANDOM_</msg>
<status status="PASS" starttime="20230801 16:09:12.150" endtime="20230801 16:09:12.151"/>
</kw>
<kw name="Set Variable" library="BuiltIn">
<var>${new_text}</var>
<doc>Returns the given values which can then be assigned to a variables.</doc>
<msg timestamp="20230801 16:09:12.154" level="INFO">${new_text} = </msg>
<status status="PASS" starttime="20230801 16:09:12.151" endtime="20230801 16:09:12.155"/>
</kw>
<kw name="Get Regexp Matches" library="String">
<var>${containsS}</var>
<arg>${text}</arg>
<arg>_@(.+)@_</arg>
<arg>1</arg>
<doc>Returns a list of all non-overlapping matches in the given string.</doc>
<msg timestamp="20230801 16:09:12.158" level="INFO">${containsS} = []</msg>
<status status="PASS" starttime="20230801 16:09:12.156" endtime="20230801 16:09:12.158"/>
</kw>
<kw name="Get Length" library="BuiltIn">
<var>${cntS}</var>
<arg>${containsS}</arg>
<doc>Returns and logs the length of the given item as an integer.</doc>
<msg timestamp="20230801 16:09:12.160" level="INFO">Length is 0</msg>
<msg timestamp="20230801 16:09:12.162" level="INFO">${cntS} = 0</msg>
<status status="PASS" starttime="20230801 16:09:12.159" endtime="20230801 16:09:12.163"/>
</kw>
<kw name="Get Regexp Matches" library="String">
<var>${contains}</var>
<arg>${text}</arg>
<arg>${symbol}</arg>
<doc>Returns a list of all non-overlapping matches in the given string.</doc>
<msg timestamp="20230801 16:09:12.167" level="INFO">${contains} = []</msg>
<status status="PASS" starttime="20230801 16:09:12.164" endtime="20230801 16:09:12.167"/>
</kw>
<kw name="Get Length" library="BuiltIn">
<var>${cnt}</var>
<arg>${contains}</arg>
<doc>Returns and logs the length of the given item as an integer.</doc>
<msg timestamp="20230801 16:09:12.169" level="INFO">Length is 0</msg>
<msg timestamp="20230801 16:09:12.169" level="INFO">${cnt} = 0</msg>
<status status="PASS" starttime="20230801 16:09:12.168" endtime="20230801 16:09:12.169"/>
</kw>
<if>
<branch type="IF" condition="${cntS} &gt; 0">
<kw name="Set Variable" library="BuiltIn">
<var>${new_text}</var>
<arg>${STATE["${containsS[0]}"]}</arg>
<doc>Returns the given values which can then be assigned to a variables.</doc>
<status status="NOT RUN" starttime="20230801 16:09:12.172" endtime="20230801 16:09:12.172"/>
</kw>
<kw name="Set Variable" library="BuiltIn">
<var>${symbol}</var>
<arg>_@${containsS[0]}@_</arg>
<doc>Returns the given values which can then be assigned to a variables.</doc>
<status status="NOT RUN" starttime="20230801 16:09:12.173" endtime="20230801 16:09:12.173"/>
</kw>
<status status="NOT RUN" starttime="20230801 16:09:12.170" endtime="20230801 16:09:12.174"/>
</branch>
<branch type="ELSE IF" condition="${cnt} &gt; 0 and '${type}' == 'test name'">
<kw name="Sentence" library="FakerLibrary">
<var>${random}</var>
<arg>nb_words=3</arg>
<doc>Generate a sentence.</doc>
<status status="NOT RUN" starttime="20230801 16:09:12.175" endtime="20230801 16:09:12.175"/>
</kw>
<kw name="Split String" library="String">
<var>${words}</var>
<arg>${TEST NAME}</arg>
<arg>${SPACE}</arg>
<doc>Splits the ``string`` using ``separator`` as a delimiter string.</doc>
<status status="NOT RUN" starttime="20230801 16:09:12.176" endtime="20230801 16:09:12.176"/>
</kw>
<kw name="Set Variable" library="BuiltIn">
<var>${new_text}</var>
<arg>${words[0]} ${random}</arg>
<doc>Returns the given values which can then be assigned to a variables.</doc>
<status status="NOT RUN" starttime="20230801 16:09:12.183" endtime="20230801 16:09:12.183"/>
</kw>
<status status="NOT RUN" starttime="20230801 16:09:12.174" endtime="20230801 16:09:12.184"/>
</branch>
<branch type="ELSE IF" condition="${cnt} &gt; 0 and '${type}' == 'number'">
<kw name="Random Int" library="FakerLibrary">
<var>${new_text}</var>
<arg>min=1000000000000</arg>
<arg>max=9999999999999</arg>
<doc>Generate a random integer between two integers ``min`` and ``max`` inclusive
while observing the provided ``step`` value.</doc>
<status status="NOT RUN" starttime="20230801 16:09:12.185" endtime="20230801 16:09:12.185"/>
</kw>
<kw name="Convert To String" library="BuiltIn">
<var>${new_text}</var>
<arg>${new_text}</arg>
<doc>Converts the given item to a Unicode string.</doc>
<status status="NOT RUN" starttime="20230801 16:09:12.186" endtime="20230801 16:09:12.186"/>
</kw>
<status status="NOT RUN" starttime="20230801 16:09:12.184" endtime="20230801 16:09:12.186"/>
</branch>
<branch type="ELSE IF" condition="${cnt} &gt; 0 and '${type}' == 'order number'">
<kw name="Random Int" library="FakerLibrary">
<var>${new_text}</var>
<arg>min=0</arg>
<arg>max=999999999</arg>
<doc>Generate a random integer between two integers ``min`` and ``max`` inclusive
while observing the provided ``step`` value.</doc>
<status status="NOT RUN" starttime="20230801 16:09:12.188" endtime="20230801 16:09:12.188"/>
</kw>
<kw name="Convert To String" library="BuiltIn">
<var>${new_text}</var>
<arg>${new_text}</arg>
<doc>Converts the given item to a Unicode string.</doc>
<status status="NOT RUN" starttime="20230801 16:09:12.189" endtime="20230801 16:09:12.189"/>
</kw>
<status status="NOT RUN" starttime="20230801 16:09:12.187" endtime="20230801 16:09:12.189"/>
</branch>
<branch type="ELSE IF" condition="${cnt} &gt; 0 and '${type}' == 'leave date valid'">
<kw name="Random Int" library="FakerLibrary">
<var>${new_text}</var>
<arg>min=0</arg>
<arg>max=16</arg>
<doc>Generate a random integer between two integers ``min`` and ``max`` inclusive
while observing the provided ``step`` value.</doc>
<status status="NOT RUN" starttime="20230801 16:09:12.190" endtime="20230801 16:09:12.191"/>
</kw>
<kw name="Convert To String" library="BuiltIn">
<var>${new_text}</var>
<arg>${new_text}</arg>
<doc>Converts the given item to a Unicode string.</doc>
<status status="NOT RUN" starttime="20230801 16:09:12.191" endtime="20230801 16:09:12.192"/>
</kw>
<status status="NOT RUN" starttime="20230801 16:09:12.190" endtime="20230801 16:09:12.192"/>
</branch>
<branch type="ELSE IF" condition="${cnt} &gt; 0 and '${type}' == 'leave date invalid'">
<kw name="Random Int" library="FakerLibrary">
<var>${new_text}</var>
<arg>min=17</arg>
<arg>max=99</arg>
<doc>Generate a random integer between two integers ``min`` and ``max`` inclusive
while observing the provided ``step`` value.</doc>
<status status="NOT RUN" starttime="20230801 16:09:12.199" endtime="20230801 16:09:12.199"/>
</kw>
<kw name="Convert To String" library="BuiltIn">
<var>${new_text}</var>
<arg>${new_text}</arg>
<doc>Converts the given item to a Unicode string.</doc>
<status status="NOT RUN" starttime="20230801 16:09:12.200" endtime="20230801 16:09:12.200"/>
</kw>
<status status="NOT RUN" starttime="20230801 16:09:12.192" endtime="20230801 16:09:12.200"/>
</branch>
<branch type="ELSE IF" condition="${cnt} &gt; 0 and '${type}' == 'percentage'">
<kw name="Random Int" library="FakerLibrary">
<var>${new_text}</var>
<arg>max=100</arg>
<doc>Generate a random integer between two integers ``min`` and ``max`` inclusive
while observing the provided ``step`` value.</doc>
<status status="NOT RUN" starttime="20230801 16:09:12.201" endtime="20230801 16:09:12.201"/>
</kw>
<kw name="Convert To String" library="BuiltIn">
<var>${new_text}</var>
<arg>${new_text}</arg>
<doc>Converts the given item to a Unicode string.</doc>
<status status="NOT RUN" starttime="20230801 16:09:12.203" endtime="20230801 16:09:12.203"/>
</kw>
<status status="NOT RUN" starttime="20230801 16:09:12.200" endtime="20230801 16:09:12.203"/>
</branch>
<branch type="ELSE IF" condition="${cnt} &gt; 0 and '${type}' == 'paragraph'">
<kw name="Paragraph" library="FakerLibrary">
<var>${new_text}</var>
<doc>Generate a paragraph.</doc>
<status status="NOT RUN" starttime="20230801 16:09:12.204" endtime="20230801 16:09:12.205"/>
</kw>
<status status="NOT RUN" starttime="20230801 16:09:12.203" endtime="20230801 16:09:12.205"/>
</branch>
<branch type="ELSE IF" condition="${cnt} &gt; 0 and '${type}' == 'email'">
<kw name="Email" library="FakerLibrary">
<var>${new_text}</var>
<status status="NOT RUN" starttime="20230801 16:09:12.206" endtime="20230801 16:09:12.206"/>
</kw>
<status status="NOT RUN" starttime="20230801 16:09:12.205" endtime="20230801 16:09:12.207"/>
</branch>
<branch type="ELSE IF" condition="${cnt} &gt; 0 and '${type}' == 'phone'">
<kw name="Random Int" library="FakerLibrary">
<var>${new_text}</var>
<arg>min=55555555</arg>
<arg>max=999999999999</arg>
<doc>Generate a random integer between two integers ``min`` and ``max`` inclusive
while observing the provided ``step`` value.</doc>
<status status="NOT RUN" starttime="20230801 16:09:12.208" endtime="20230801 16:09:12.208"/>
</kw>
<kw name="Convert To String" library="BuiltIn">
<var>${new_text}</var>
<arg>${new_text}</arg>
<doc>Converts the given item to a Unicode string.</doc>
<status status="NOT RUN" starttime="20230801 16:09:12.209" endtime="20230801 16:09:12.209"/>
</kw>
<status status="NOT RUN" starttime="20230801 16:09:12.207" endtime="20230801 16:09:12.215"/>
</branch>
<branch type="ELSE IF" condition="${cnt} &gt; 0 and '${type}' == 'color'">
<kw name="Safe Hex Color" library="FakerLibrary">
<var>${new_text}</var>
<doc>Generate a web-safe color formatted as a hex triplet.</doc>
<status status="NOT RUN" starttime="20230801 16:09:12.216" endtime="20230801 16:09:12.217"/>
</kw>
<status status="NOT RUN" starttime="20230801 16:09:12.215" endtime="20230801 16:09:12.217"/>
</branch>
<branch type="ELSE IF" condition="${cnt} &gt; 0 and '${type}' == 'date'">
<kw name="Date" library="FakerLibrary">
<var>${new_text}</var>
<arg>pattern=%d-%m-%Y</arg>
<doc>Get a date string between January 1, 1970 and now.</doc>
<status status="NOT RUN" starttime="20230801 16:09:12.219" endtime="20230801 16:09:12.219"/>
</kw>
<status status="NOT RUN" starttime="20230801 16:09:12.218" endtime="20230801 16:09:12.219"/>
</branch>
<branch type="ELSE IF" condition="${cnt} &gt; 0 and '${type}' == 'word'">
<kw name="Sentence" library="FakerLibrary">
<var>${new_text}</var>
<arg>nb_words=2</arg>
<doc>Generate a sentence.</doc>
<status status="NOT RUN" starttime="20230801 16:09:12.220" endtime="20230801 16:09:12.220"/>
</kw>
<status status="NOT RUN" starttime="20230801 16:09:12.219" endtime="20230801 16:09:12.220"/>
</branch>
<branch type="ELSE IF" condition="${cnt} &gt; 0">
<kw name="Sentence" library="FakerLibrary">
<var>${new_text}</var>
<doc>Generate a sentence.</doc>
<status status="NOT RUN" starttime="20230801 16:09:12.222" endtime="20230801 16:09:12.222"/>
</kw>
<status status="NOT RUN" starttime="20230801 16:09:12.220" endtime="20230801 16:09:12.222"/>
</branch>
<status status="PASS" starttime="20230801 16:09:12.170" endtime="20230801 16:09:12.222"/>
</if>
<kw name="Get Length" library="BuiltIn">
<var>${cnt}</var>
<arg>${text}</arg>
<doc>Returns and logs the length of the given item as an integer.</doc>
<msg timestamp="20230801 16:09:12.224" level="INFO">Length is 13</msg>
<msg timestamp="20230801 16:09:12.224" level="INFO">${cnt} = 13</msg>
<status status="PASS" starttime="20230801 16:09:12.223" endtime="20230801 16:09:12.224"/>
</kw>
<if>
<branch type="IF" condition="${cnt} &gt; 0">
<kw name="Replace String" library="String">
<var>${text}</var>
<arg>${text}</arg>
<arg>${symbol}</arg>
<arg>${new_text}</arg>
<doc>Replaces ``search_for`` in the given ``string`` with ``replace_with``.</doc>
<msg timestamp="20230801 16:09:12.257" level="INFO">${text} = Nhat@01101999</msg>
<status status="PASS" starttime="20230801 16:09:12.225" endtime="20230801 16:09:12.257"/>
</kw>
<status status="PASS" starttime="20230801 16:09:12.225" endtime="20230801 16:09:12.257"/>
</branch>
<status status="PASS" starttime="20230801 16:09:12.224" endtime="20230801 16:09:12.257"/>
</if>
<msg timestamp="20230801 16:09:12.258" level="INFO">${text} = Nhat@01101999</msg>
<status status="PASS" starttime="20230801 16:09:12.147" endtime="20230801 16:09:12.258"/>
</kw>
<kw name="Get Element Form Item By Name" library="common">
<var>${element}</var>
<arg>${name}</arg>
<arg>//input[contains(@class, "ant-input")]</arg>
<msg timestamp="20230801 16:09:12.260" level="INFO">${element} = xpath=//*[contains(@class, "ant-form-item-label")]/label[text()="Mật khẩu"]/../../*[contains(@class, "ant-form-item")]//input[contains(@class, "ant-input")]</msg>
<status status="PASS" starttime="20230801 16:09:12.258" endtime="20230801 16:09:12.265"/>
</kw>
<kw name="Clear Text" library="Browser">
<arg>${element}</arg>
<tag>PageContent</tag>
<tag>Setter</tag>
<doc>Clears the text field found by ``selector``.</doc>
<status status="PASS" starttime="20230801 16:09:12.266" endtime="20230801 16:09:12.446"/>
</kw>
<kw name="Fill Text" library="Browser">
<arg>${element}</arg>
<arg>${text}</arg>
<arg>True</arg>
<tag>PageContent</tag>
<tag>Setter</tag>
<doc>Clears and fills the given ``txt`` into the text field found by ``selector``.</doc>
<msg timestamp="20230801 16:09:12.449" level="INFO">Fills the text 'Nhat@01101999' in the given field.</msg>
<status status="PASS" starttime="20230801 16:09:12.448" endtime="20230801 16:09:12.537"/>
</kw>
<kw name="Get Length" library="BuiltIn">
<var>${cnt}</var>
<arg>${text}</arg>
<doc>Returns and logs the length of the given item as an integer.</doc>
<msg timestamp="20230801 16:09:12.538" level="INFO">Length is 13</msg>
<msg timestamp="20230801 16:09:12.539" level="INFO">${cnt} = 13</msg>
<status status="PASS" starttime="20230801 16:09:12.538" endtime="20230801 16:09:12.539"/>
</kw>
<if>
<branch type="IF" condition="${cnt} &gt; 0">
<kw name="Set Global Variable" library="BuiltIn">
<arg>${STATE["${name}"]}</arg>
<arg>${text}</arg>
<doc>Makes a variable available globally in all tests and suites.</doc>
<msg timestamp="20230801 16:09:12.543" level="INFO">${STATE["Mật khẩu"]} = Nhat@01101999</msg>
<status status="PASS" starttime="20230801 16:09:12.540" endtime="20230801 16:09:12.544"/>
</kw>
<status status="PASS" starttime="20230801 16:09:12.539" endtime="20230801 16:09:12.545"/>
</branch>
<status status="PASS" starttime="20230801 16:09:12.539" endtime="20230801 16:09:12.545"/>
</if>
<status status="PASS" starttime="20230801 16:09:12.142" endtime="20230801 16:09:12.546"/>
</kw>
<kw name="Click &quot;Đăng nhập&quot; button" library="common" sourcename="Click &quot;${text}&quot; button">
<kw name="Click" library="Browser">
<arg>xpath=//button[@title = "${text}"]</arg>
<tag>PageContent</tag>
<tag>Setter</tag>
<doc>Simulates mouse click on the element found by ``selector``.</doc>
<status status="PASS" starttime="20230801 16:09:12.548" endtime="20230801 16:09:12.949"/>
</kw>
<kw name="Click Confirm To Action" library="common">
<kw name="Set Variable" library="BuiltIn">
<var>${element}</var>
<arg>xpath=//*[contains(@class, "ant-popover")]//*[contains(@class, "ant-btn-primary")]</arg>
<doc>Returns the given values which can then be assigned to a variables.</doc>
<msg timestamp="20230801 16:09:12.952" level="INFO">${element} = xpath=//*[contains(@class, "ant-popover")]//*[contains(@class, "ant-btn-primary")]</msg>
<status status="PASS" starttime="20230801 16:09:12.951" endtime="20230801 16:09:12.952"/>
</kw>
<kw name="Get Element Count" library="Browser">
<var>${count}</var>
<arg>${element}</arg>
<tag>Assertion</tag>
<tag>Getter</tag>
<tag>PageContent</tag>
<doc>Returns the count of elements found with ``selector``.</doc>
<msg timestamp="20230801 16:09:12.984" level="INFO">${count} = 0</msg>
<status status="PASS" starttime="20230801 16:09:12.953" endtime="20230801 16:09:12.984"/>
</kw>
<if>
<branch type="IF" condition="${count} &gt; 0">
<kw name="Click" library="Browser">
<arg>${element}</arg>
<tag>PageContent</tag>
<tag>Setter</tag>
<doc>Simulates mouse click on the element found by ``selector``.</doc>
<status status="NOT RUN" starttime="20230801 16:09:12.986" endtime="20230801 16:09:12.986"/>
</kw>
<kw name="Sleep" library="BuiltIn">
<arg>${SHOULD_TIMEOUT}</arg>
<doc>Pauses the test executed for the given time.</doc>
<status status="NOT RUN" starttime="20230801 16:09:12.986" endtime="20230801 16:09:12.987"/>
</kw>
<status status="NOT RUN" starttime="20230801 16:09:12.985" endtime="20230801 16:09:12.987"/>
</branch>
<status status="PASS" starttime="20230801 16:09:12.985" endtime="20230801 16:09:12.987"/>
</if>
<status status="PASS" starttime="20230801 16:09:12.950" endtime="20230801 16:09:12.989"/>
</kw>
<kw name="Scroll By" library="Browser">
<arg>${None}</arg>
<tag>PageContent</tag>
<tag>Setter</tag>
<doc>Scrolls an element or the page relative from current position by the given values.</doc>
<status status="PASS" starttime="20230801 16:09:12.990" endtime="20230801 16:09:13.086"/>
</kw>
<status status="PASS" starttime="20230801 16:09:12.547" endtime="20230801 16:09:13.087"/>
</kw>
<kw name="User look message &quot;Thành công&quot; popup" library="common" sourcename="User look message &quot;${message}&quot; popup">
<kw name="Get Regexp Matches" library="String">
<var>${contains}</var>
<arg>${message}</arg>
<arg>_@(.+)@_</arg>
<arg>1</arg>
<doc>Returns a list of all non-overlapping matches in the given string.</doc>
<msg timestamp="20230801 16:09:13.089" level="INFO">${contains} = []</msg>
<status status="PASS" starttime="20230801 16:09:13.088" endtime="20230801 16:09:13.089"/>
</kw>
<kw name="Get Length" library="BuiltIn">
<var>${cnt}</var>
<arg>${contains}</arg>
<doc>Returns and logs the length of the given item as an integer.</doc>
<msg timestamp="20230801 16:09:13.090" level="INFO">Length is 0</msg>
<msg timestamp="20230801 16:09:13.090" level="INFO">${cnt} = 0</msg>
<status status="PASS" starttime="20230801 16:09:13.090" endtime="20230801 16:09:13.091"/>
</kw>
<if>
<branch type="IF" condition="${cnt} &gt; 0">
<kw name="Replace String" library="String">
<var>${message}</var>
<arg>${message}</arg>
<arg>_@${contains[0]}@_</arg>
<arg>${STATE["${contains[0]}"]}</arg>
<doc>Replaces ``search_for`` in the given ``string`` with ``replace_with``.</doc>
<status status="NOT RUN" starttime="20230801 16:09:13.092" endtime="20230801 16:09:13.092"/>
</kw>
<status status="NOT RUN" starttime="20230801 16:09:13.091" endtime="20230801 16:09:13.093"/>
</branch>
<status status="PASS" starttime="20230801 16:09:13.091" endtime="20230801 16:09:13.095"/>
</if>
<kw name="Element Text Should Be" library="common">
<arg>id=swal2-html-container</arg>
<arg>${message}</arg>
<kw name="Get Text" library="Browser">
<arg>${locator}</arg>
<arg>equal</arg>
<arg>${expected}</arg>
<arg>${message}</arg>
<tag>Assertion</tag>
<tag>Getter</tag>
<tag>PageContent</tag>
<doc>Returns text attribute of the element found by ``selector``.</doc>
<msg timestamp="20230801 16:09:15.399" level="INFO">Text: 'Thành công'</msg>
<status status="PASS" starttime="20230801 16:09:13.103" endtime="20230801 16:09:15.399"/>
</kw>
<status status="PASS" starttime="20230801 16:09:13.097" endtime="20230801 16:09:15.400"/>
</kw>
<kw name="Set Variable" library="BuiltIn">
<var>${element}</var>
<arg>xpath=//*[contains(@class, "swal2-confirm")]</arg>
<doc>Returns the given values which can then be assigned to a variables.</doc>
<msg timestamp="20230801 16:09:15.401" level="INFO">${element} = xpath=//*[contains(@class, "swal2-confirm")]</msg>
<status status="PASS" starttime="20230801 16:09:15.400" endtime="20230801 16:09:15.401"/>
</kw>
<kw name="Run Keyword And Return Status" library="BuiltIn">
<var>${passed}</var>
<arg>Element Should Be Visible</arg>
<arg>${element}</arg>
<doc>Runs the given keyword with given arguments and returns the status as a Boolean value.</doc>
<kw name="Element Should Be Visible" library="common">
<arg>${element}</arg>
<kw name="Wait For Elements State" library="Browser">
<arg>${locator}</arg>
<arg>visible</arg>
<arg>${timeout}</arg>
<arg>${message}</arg>
<tag>PageContent</tag>
<tag>Wait</tag>
<doc>Waits for the element found by ``selector`` to satisfy state option.</doc>
<msg timestamp="20230801 16:09:16.082" level="INFO" html="true">&lt;/td&gt;&lt;/tr&gt;&lt;tr&gt;&lt;td colspan="3"&gt;&lt;a href="browser/screenshot/fail-screenshot-1.png" target="_blank"&gt;&lt;img src="browser/screenshot/fail-screenshot-1.png" width="800px"/&gt;&lt;/a&gt;</msg>
<msg timestamp="20230801 16:09:16.082" level="INFO">See also file:///C:/Users/nhats/OneDrive/Desktop/ARI/vite-react-ari/playwright-log.txt for additional details.</msg>
<msg timestamp="20230801 16:09:16.083" level="FAIL">TimeoutError: locator.waitFor: Timeout 100ms exceeded.
=========================== logs ===========================
waiting for locator('xpath=//*[contains(@class, "swal2-confirm")]') to be visible
  locator resolved to hidden &lt;button type="button" aria-label="" class="swal2-confirm…&gt;OK&lt;/button&gt;
  locator resolved to hidden &lt;button type="button" aria-label="" class="swal2-confirm…&gt;OK&lt;/button&gt;
============================================================
Tip: Use "Set Browser Timeout" for increasing the timeout or double check your locator as the targeted element(s) couldn't be found.</msg>
<status status="FAIL" starttime="20230801 16:09:15.405" endtime="20230801 16:09:16.092"/>
</kw>
<status status="FAIL" starttime="20230801 16:09:15.402" endtime="20230801 16:09:16.093"/>
</kw>
<msg timestamp="20230801 16:09:16.093" level="INFO">${passed} = False</msg>
<status status="PASS" starttime="20230801 16:09:15.401" endtime="20230801 16:09:16.096"/>
</kw>
<if>
<branch type="IF" condition="'${passed}' == 'True'">
<kw name="Click" library="Browser">
<arg>${element}</arg>
<tag>PageContent</tag>
<tag>Setter</tag>
<doc>Simulates mouse click on the element found by ``selector``.</doc>
<status status="NOT RUN" starttime="20230801 16:09:16.098" endtime="20230801 16:09:16.099"/>
</kw>
<status status="NOT RUN" starttime="20230801 16:09:16.097" endtime="20230801 16:09:16.099"/>
</branch>
<status status="PASS" starttime="20230801 16:09:16.097" endtime="20230801 16:09:16.099"/>
</if>
<kw name="Wait Until Element Is Not Exist" library="common">
<arg>${element}</arg>
<kw name="Wait For Elements State" library="Browser">
<arg>${locator}</arg>
<arg>detached</arg>
<arg>${timeout}</arg>
<arg>${message}</arg>
<tag>PageContent</tag>
<tag>Wait</tag>
<doc>Waits for the element found by ``selector`` to satisfy state option.</doc>
<msg timestamp="20230801 16:09:17.566" level="INFO">Waited for Element with selector xpath=//*[contains(@class, "swal2-confirm")] at state detached</msg>
<status status="PASS" starttime="20230801 16:09:16.104" endtime="20230801 16:09:17.566"/>
</kw>
<status status="PASS" starttime="20230801 16:09:16.100" endtime="20230801 16:09:17.567"/>
</kw>
<status status="PASS" starttime="20230801 16:09:13.087" endtime="20230801 16:09:17.567"/>
</kw>
<status status="PASS" starttime="20230801 16:09:09.066" endtime="20230801 16:09:17.567"/>
</kw>
<kw name="When Click &quot;Thiết lập&quot; menu" library="common" sourcename="Click &quot;${text}&quot; menu">
<kw name="Click" library="Browser">
<arg>xpath=//li[span[contains(text(), "${text}")]]</arg>
<tag>PageContent</tag>
<tag>Setter</tag>
<doc>Simulates mouse click on the element found by ``selector``.</doc>
<status status="PASS" starttime="20230801 16:09:17.573" endtime="20230801 16:09:17.749"/>
</kw>
<kw name="Wait Until Element Spin" library="common">
<kw name="Set Variable" library="BuiltIn">
<var>${element}</var>
<arg>xpath=//*[contains(@class, "ant-spin-spinning")]</arg>
<doc>Returns the given values which can then be assigned to a variables.</doc>
<msg timestamp="20230801 16:09:17.751" level="INFO">${element} = xpath=//*[contains(@class, "ant-spin-spinning")]</msg>
<status status="PASS" starttime="20230801 16:09:17.750" endtime="20230801 16:09:17.751"/>
</kw>
<kw name="Get Element Count" library="Browser">
<var>${count}</var>
<arg>${element}</arg>
<tag>Assertion</tag>
<tag>Getter</tag>
<tag>PageContent</tag>
<doc>Returns the count of elements found with ``selector``.</doc>
<msg timestamp="20230801 16:09:17.767" level="INFO">${count} = 0</msg>
<status status="PASS" starttime="20230801 16:09:17.751" endtime="20230801 16:09:17.767"/>
</kw>
<if>
<branch type="IF" condition="${count} &gt; 0">
<kw name="Wait Until Element Is Not Exist" library="common">
<arg>${element}</arg>
<status status="NOT RUN" starttime="20230801 16:09:17.768" endtime="20230801 16:09:17.768"/>
</kw>
<status status="NOT RUN" starttime="20230801 16:09:17.767" endtime="20230801 16:09:17.768"/>
</branch>
<status status="PASS" starttime="20230801 16:09:17.767" endtime="20230801 16:09:17.769"/>
</if>
<status status="PASS" starttime="20230801 16:09:17.749" endtime="20230801 16:09:17.769"/>
</kw>
<status status="PASS" starttime="20230801 16:09:17.572" endtime="20230801 16:09:17.769"/>
</kw>
<kw name="And Click &quot;Nhóm&quot; sub menu" library="common" sourcename="Click &quot;${text}&quot; sub menu">
<kw name="Wait Until Element Spin" library="common">
<kw name="Set Variable" library="BuiltIn">
<var>${element}</var>
<arg>xpath=//*[contains(@class, "ant-spin-spinning")]</arg>
<doc>Returns the given values which can then be assigned to a variables.</doc>
<msg timestamp="20230801 16:09:17.773" level="INFO">${element} = xpath=//*[contains(@class, "ant-spin-spinning")]</msg>
<status status="PASS" starttime="20230801 16:09:17.772" endtime="20230801 16:09:17.773"/>
</kw>
<kw name="Get Element Count" library="Browser">
<var>${count}</var>
<arg>${element}</arg>
<tag>Assertion</tag>
<tag>Getter</tag>
<tag>PageContent</tag>
<doc>Returns the count of elements found with ``selector``.</doc>
<msg timestamp="20230801 16:09:17.791" level="INFO">${count} = 0</msg>
<status status="PASS" starttime="20230801 16:09:17.774" endtime="20230801 16:09:17.791"/>
</kw>
<if>
<branch type="IF" condition="${count} &gt; 0">
<kw name="Wait Until Element Is Not Exist" library="common">
<arg>${element}</arg>
<status status="NOT RUN" starttime="20230801 16:09:17.794" endtime="20230801 16:09:17.795"/>
</kw>
<status status="NOT RUN" starttime="20230801 16:09:17.793" endtime="20230801 16:09:17.795"/>
</branch>
<status status="PASS" starttime="20230801 16:09:17.793" endtime="20230801 16:09:17.796"/>
</if>
<status status="PASS" starttime="20230801 16:09:17.772" endtime="20230801 16:09:17.796"/>
</kw>
<kw name="Click" library="Browser">
<arg>xpath=//a[contains(@class, "sub-menu") and descendant::span[contains(text(), "${text}")]]</arg>
<tag>PageContent</tag>
<tag>Setter</tag>
<doc>Simulates mouse click on the element found by ``selector``.</doc>
<status status="PASS" starttime="20230801 16:09:17.798" endtime="20230801 16:09:18.056"/>
</kw>
<kw name="Wait Until Element Spin" library="common">
<kw name="Set Variable" library="BuiltIn">
<var>${element}</var>
<arg>xpath=//*[contains(@class, "ant-spin-spinning")]</arg>
<doc>Returns the given values which can then be assigned to a variables.</doc>
<msg timestamp="20230801 16:09:18.058" level="INFO">${element} = xpath=//*[contains(@class, "ant-spin-spinning")]</msg>
<status status="PASS" starttime="20230801 16:09:18.057" endtime="20230801 16:09:18.058"/>
</kw>
<kw name="Get Element Count" library="Browser">
<var>${count}</var>
<arg>${element}</arg>
<tag>Assertion</tag>
<tag>Getter</tag>
<tag>PageContent</tag>
<doc>Returns the count of elements found with ``selector``.</doc>
<msg timestamp="20230801 16:09:18.074" level="INFO">${count} = 1</msg>
<status status="PASS" starttime="20230801 16:09:18.059" endtime="20230801 16:09:18.074"/>
</kw>
<if>
<branch type="IF" condition="${count} &gt; 0">
<kw name="Wait Until Element Is Not Exist" library="common">
<arg>${element}</arg>
<kw name="Wait For Elements State" library="Browser">
<arg>${locator}</arg>
<arg>detached</arg>
<arg>${timeout}</arg>
<arg>${message}</arg>
<tag>PageContent</tag>
<tag>Wait</tag>
<doc>Waits for the element found by ``selector`` to satisfy state option.</doc>
<msg timestamp="20230801 16:09:20.551" level="INFO">Waited for Element with selector xpath=//*[contains(@class, "ant-spin-spinning")] at state detached</msg>
<status status="PASS" starttime="20230801 16:09:18.079" endtime="20230801 16:09:20.551"/>
</kw>
<status status="PASS" starttime="20230801 16:09:18.075" endtime="20230801 16:09:20.552"/>
</kw>
<status status="PASS" starttime="20230801 16:09:18.075" endtime="20230801 16:09:20.552"/>
</branch>
<status status="PASS" starttime="20230801 16:09:18.074" endtime="20230801 16:09:20.553"/>
</if>
<status status="PASS" starttime="20230801 16:09:18.056" endtime="20230801 16:09:20.553"/>
</kw>
<kw name="Wait Until Element Spin" library="common">
<kw name="Set Variable" library="BuiltIn">
<var>${element}</var>
<arg>xpath=//*[contains(@class, "ant-spin-spinning")]</arg>
<doc>Returns the given values which can then be assigned to a variables.</doc>
<msg timestamp="20230801 16:09:20.555" level="INFO">${element} = xpath=//*[contains(@class, "ant-spin-spinning")]</msg>
<status status="PASS" starttime="20230801 16:09:20.554" endtime="20230801 16:09:20.555"/>
</kw>
<kw name="Get Element Count" library="Browser">
<var>${count}</var>
<arg>${element}</arg>
<tag>Assertion</tag>
<tag>Getter</tag>
<tag>PageContent</tag>
<doc>Returns the count of elements found with ``selector``.</doc>
<msg timestamp="20230801 16:09:20.566" level="INFO">${count} = 0</msg>
<status status="PASS" starttime="20230801 16:09:20.555" endtime="20230801 16:09:20.566"/>
</kw>
<if>
<branch type="IF" condition="${count} &gt; 0">
<kw name="Wait Until Element Is Not Exist" library="common">
<arg>${element}</arg>
<status status="NOT RUN" starttime="20230801 16:09:20.566" endtime="20230801 16:09:20.566"/>
</kw>
<status status="NOT RUN" starttime="20230801 16:09:20.566" endtime="20230801 16:09:20.567"/>
</branch>
<status status="PASS" starttime="20230801 16:09:20.566" endtime="20230801 16:09:20.567"/>
</if>
<status status="PASS" starttime="20230801 16:09:20.553" endtime="20230801 16:09:20.567"/>
</kw>
<status status="PASS" starttime="20230801 16:09:17.771" endtime="20230801 16:09:20.567"/>
</kw>
<kw name="And Click &quot;Tạo mới&quot; button" library="common" sourcename="Click &quot;${text}&quot; button">
<kw name="Click" library="Browser">
<arg>xpath=//button[@title = "${text}"]</arg>
<tag>PageContent</tag>
<tag>Setter</tag>
<doc>Simulates mouse click on the element found by ``selector``.</doc>
<status status="PASS" starttime="20230801 16:09:20.569" endtime="20230801 16:09:20.740"/>
</kw>
<kw name="Click Confirm To Action" library="common">
<kw name="Set Variable" library="BuiltIn">
<var>${element}</var>
<arg>xpath=//*[contains(@class, "ant-popover")]//*[contains(@class, "ant-btn-primary")]</arg>
<doc>Returns the given values which can then be assigned to a variables.</doc>
<msg timestamp="20230801 16:09:20.744" level="INFO">${element} = xpath=//*[contains(@class, "ant-popover")]//*[contains(@class, "ant-btn-primary")]</msg>
<status status="PASS" starttime="20230801 16:09:20.743" endtime="20230801 16:09:20.745"/>
</kw>
<kw name="Get Element Count" library="Browser">
<var>${count}</var>
<arg>${element}</arg>
<tag>Assertion</tag>
<tag>Getter</tag>
<tag>PageContent</tag>
<doc>Returns the count of elements found with ``selector``.</doc>
<msg timestamp="20230801 16:09:20.771" level="INFO">${count} = 0</msg>
<status status="PASS" starttime="20230801 16:09:20.745" endtime="20230801 16:09:20.771"/>
</kw>
<if>
<branch type="IF" condition="${count} &gt; 0">
<kw name="Click" library="Browser">
<arg>${element}</arg>
<tag>PageContent</tag>
<tag>Setter</tag>
<doc>Simulates mouse click on the element found by ``selector``.</doc>
<status status="NOT RUN" starttime="20230801 16:09:20.772" endtime="20230801 16:09:20.773"/>
</kw>
<kw name="Sleep" library="BuiltIn">
<arg>${SHOULD_TIMEOUT}</arg>
<doc>Pauses the test executed for the given time.</doc>
<status status="NOT RUN" starttime="20230801 16:09:20.773" endtime="20230801 16:09:20.773"/>
</kw>
<status status="NOT RUN" starttime="20230801 16:09:20.772" endtime="20230801 16:09:20.774"/>
</branch>
<status status="PASS" starttime="20230801 16:09:20.772" endtime="20230801 16:09:20.774"/>
</if>
<status status="PASS" starttime="20230801 16:09:20.742" endtime="20230801 16:09:20.774"/>
</kw>
<kw name="Scroll By" library="Browser">
<arg>${None}</arg>
<tag>PageContent</tag>
<tag>Setter</tag>
<doc>Scrolls an element or the page relative from current position by the given values.</doc>
<status status="PASS" starttime="20230801 16:09:20.775" endtime="20230801 16:09:21.146"/>
</kw>
<status status="PASS" starttime="20230801 16:09:20.568" endtime="20230801 16:09:21.147"/>
</kw>
<kw name="Then User look title &quot;Thêm mới nhóm&quot;" library="common" sourcename="User look title &quot;${title}&quot;">
<kw name="Wait Until Element Spin" library="common">
<kw name="Set Variable" library="BuiltIn">
<var>${element}</var>
<arg>xpath=//*[contains(@class, "ant-spin-spinning")]</arg>
<doc>Returns the given values which can then be assigned to a variables.</doc>
<msg timestamp="20230801 16:09:21.153" level="INFO">${element} = xpath=//*[contains(@class, "ant-spin-spinning")]</msg>
<status status="PASS" starttime="20230801 16:09:21.152" endtime="20230801 16:09:21.153"/>
</kw>
<kw name="Get Element Count" library="Browser">
<var>${count}</var>
<arg>${element}</arg>
<tag>Assertion</tag>
<tag>Getter</tag>
<tag>PageContent</tag>
<doc>Returns the count of elements found with ``selector``.</doc>
<msg timestamp="20230801 16:09:21.167" level="INFO">${count} = 0</msg>
<status status="PASS" starttime="20230801 16:09:21.153" endtime="20230801 16:09:21.167"/>
</kw>
<if>
<branch type="IF" condition="${count} &gt; 0">
<kw name="Wait Until Element Is Not Exist" library="common">
<arg>${element}</arg>
<status status="NOT RUN" starttime="20230801 16:09:21.169" endtime="20230801 16:09:21.169"/>
</kw>
<status status="NOT RUN" starttime="20230801 16:09:21.168" endtime="20230801 16:09:21.169"/>
</branch>
<status status="PASS" starttime="20230801 16:09:21.168" endtime="20230801 16:09:21.169"/>
</if>
<status status="PASS" starttime="20230801 16:09:21.151" endtime="20230801 16:09:21.170"/>
</kw>
<kw name="Title Should Be" library="common">
<arg>${title}</arg>
<kw name="Wait Until Element Spin" library="common">
<kw name="Set Variable" library="BuiltIn">
<var>${element}</var>
<arg>xpath=//*[contains(@class, "ant-spin-spinning")]</arg>
<doc>Returns the given values which can then be assigned to a variables.</doc>
<msg timestamp="20230801 16:09:21.173" level="INFO">${element} = xpath=//*[contains(@class, "ant-spin-spinning")]</msg>
<status status="PASS" starttime="20230801 16:09:21.172" endtime="20230801 16:09:21.173"/>
</kw>
<kw name="Get Element Count" library="Browser">
<var>${count}</var>
<arg>${element}</arg>
<tag>Assertion</tag>
<tag>Getter</tag>
<tag>PageContent</tag>
<doc>Returns the count of elements found with ``selector``.</doc>
<msg timestamp="20230801 16:09:21.208" level="INFO">${count} = 0</msg>
<status status="PASS" starttime="20230801 16:09:21.173" endtime="20230801 16:09:21.208"/>
</kw>
<if>
<branch type="IF" condition="${count} &gt; 0">
<kw name="Wait Until Element Is Not Exist" library="common">
<arg>${element}</arg>
<status status="NOT RUN" starttime="20230801 16:09:21.209" endtime="20230801 16:09:21.210"/>
</kw>
<status status="NOT RUN" starttime="20230801 16:09:21.209" endtime="20230801 16:09:21.210"/>
</branch>
<status status="PASS" starttime="20230801 16:09:21.208" endtime="20230801 16:09:21.211"/>
</if>
<status status="PASS" starttime="20230801 16:09:21.171" endtime="20230801 16:09:21.212"/>
</kw>
<kw name="Get Title" library="Browser">
<var>${actualTitle}</var>
<tag>Assertion</tag>
<tag>Getter</tag>
<tag>PageContent</tag>
<doc>Returns the title of the current page.</doc>
<msg timestamp="20230801 16:09:21.224" level="INFO">Title: 'Thêm mới nhóm'</msg>
<msg timestamp="20230801 16:09:21.224" level="INFO">${actualTitle} = Thêm mới nhóm</msg>
<status status="PASS" starttime="20230801 16:09:21.212" endtime="20230801 16:09:21.224"/>
</kw>
<kw name="Should Be Equal As Strings" library="BuiltIn">
<arg>${actualTitle}</arg>
<arg>${expectedTitle}</arg>
<doc>Fails if objects are unequal after converting them to strings.</doc>
<status status="PASS" starttime="20230801 16:09:21.225" endtime="20230801 16:09:21.226"/>
</kw>
<status status="PASS" starttime="20230801 16:09:21.170" endtime="20230801 16:09:21.226"/>
</kw>
<status status="PASS" starttime="20230801 16:09:21.150" endtime="20230801 16:09:21.227"/>
</kw>
<kw name="Tear Down" library="common" type="TEARDOWN">
<kw name="Close Browser" library="Browser">
<arg>ALL</arg>
<tag>BrowserControl</tag>
<tag>Setter</tag>
<doc>Closes the current browser.</doc>
<msg timestamp="20230801 16:09:22.202" level="INFO">Closed all browsers</msg>
<status status="PASS" starttime="20230801 16:09:21.233" endtime="20230801 16:09:22.203"/>
</kw>
<status status="PASS" starttime="20230801 16:09:21.232" endtime="20230801 16:09:22.203"/>
</kw>
<tag>@regression</tag>
<tag>@smoketest</tag>
<status status="PASS" starttime="20230801 16:09:03.354" endtime="20230801 16:09:22.205"/>
</test>
<test id="s1-t2" name="CRT-02 Verify that create team unsuccessfull because blank all field &amp; &quot;Lưu lại&quot; button" line="19">
<kw name="Setup" library="common" type="SETUP">
<kw name="Set Browser Timeout" library="Browser">
<arg>${BROWSER_TIMEOUT}</arg>
<tag>Config</tag>
<tag>Setter</tag>
<doc>Sets the timeout used by most input and getter keywords.</doc>
<status status="PASS" starttime="20230801 16:09:22.233" endtime="20230801 16:09:22.234"/>
</kw>
<kw name="New Browser" library="Browser">
<arg>${BROWSER}</arg>
<arg>headless=${HEADLESS}</arg>
<tag>BrowserControl</tag>
<tag>Setter</tag>
<doc>Create a new playwright Browser with specified options.</doc>
<msg timestamp="20230801 16:09:22.236" level="INFO">{"browser": "chromium", "headless": false, "devtools": false, "handleSIGHUP": true, "handleSIGINT": true, "handleSIGTERM": true, "slowMo": 0.0, "timeout": 30000.0, "deprecated_pos_args": [], "tracesDir": "C:\\Users\\nhats\\OneDrive\\Desktop\\ARI\\vite-react-ari\\browser\\traces\\38844cfc-3cbc-491e-857e-a7e12a913ae8"}</msg>
<msg timestamp="20230801 16:09:23.739" level="INFO">Successfully created browser with options: {"browser":"chromium","headless":false,"devtools":false,"handleSIGHUP":true,"handleSIGINT":true,"handleSIGTERM":true,"slowMo":0,"timeout":30000,"deprecated_pos_args":[],"tracesDir":"C:\\Users\\nhats\\OneDrive\\Desktop\\ARI\\vite-react-ari\\browser\\traces\\38844cfc-3cbc-491e-857e-a7e12a913ae8"}</msg>
<status status="PASS" starttime="20230801 16:09:22.234" endtime="20230801 16:09:23.740"/>
</kw>
<kw name="New Page" library="Browser">
<arg>${URL_DEFAULT}</arg>
<tag>BrowserControl</tag>
<tag>Setter</tag>
<doc>Open a new Page.</doc>
<msg timestamp="20230801 16:09:25.985" level="INFO">Successfully initialized new page object and opened url: http://v2.ari.com.vn/</msg>
<msg timestamp="20230801 16:09:25.985" level="INFO">No context was open. New context was automatically opened when this page is created.</msg>
<status status="PASS" starttime="20230801 16:09:23.740" endtime="20230801 16:09:25.985"/>
</kw>
<kw name="Evaluate" library="BuiltIn">
<var>${STATE}</var>
<arg>json.loads('''{}''')</arg>
<arg>json</arg>
<doc>Evaluates the given expression in Python and returns the result.</doc>
<msg timestamp="20230801 16:09:25.987" level="INFO">${STATE} = {}</msg>
<status status="PASS" starttime="20230801 16:09:25.986" endtime="20230801 16:09:25.987"/>
</kw>
<status status="PASS" starttime="20230801 16:09:22.232" endtime="20230801 16:09:25.988"/>
</kw>
<kw name="When Go to page create team" library="common" sourcename="Go to page ${name} team">
<kw name="Login to admin" library="common">
<kw name="Enter &quot;email&quot; in &quot;Tên đăng nhập&quot; with &quot;hovannhat@admin.com&quot;" library="common" sourcename="Enter &quot;${type}&quot; in &quot;${name}&quot; with &quot;${text}&quot;">
<kw name="Get Random Text" library="common">
<var>${text}</var>
<arg>${type}</arg>
<arg>${text}</arg>
<kw name="Set Variable" library="BuiltIn">
<var>${symbol}</var>
<arg>_RANDOM_</arg>
<doc>Returns the given values which can then be assigned to a variables.</doc>
<msg timestamp="20230801 16:09:26.013" level="INFO">${symbol} = _RANDOM_</msg>
<status status="PASS" starttime="20230801 16:09:26.011" endtime="20230801 16:09:26.013"/>
</kw>
<kw name="Set Variable" library="BuiltIn">
<var>${new_text}</var>
<doc>Returns the given values which can then be assigned to a variables.</doc>
<msg timestamp="20230801 16:09:26.015" level="INFO">${new_text} = </msg>
<status status="PASS" starttime="20230801 16:09:26.014" endtime="20230801 16:09:26.015"/>
</kw>
<kw name="Get Regexp Matches" library="String">
<var>${containsS}</var>
<arg>${text}</arg>
<arg>_@(.+)@_</arg>
<arg>1</arg>
<doc>Returns a list of all non-overlapping matches in the given string.</doc>
<msg timestamp="20230801 16:09:26.017" level="INFO">${containsS} = []</msg>
<status status="PASS" starttime="20230801 16:09:26.016" endtime="20230801 16:09:26.017"/>
</kw>
<kw name="Get Length" library="BuiltIn">
<var>${cntS}</var>
<arg>${containsS}</arg>
<doc>Returns and logs the length of the given item as an integer.</doc>
<msg timestamp="20230801 16:09:26.018" level="INFO">Length is 0</msg>
<msg timestamp="20230801 16:09:26.018" level="INFO">${cntS} = 0</msg>
<status status="PASS" starttime="20230801 16:09:26.017" endtime="20230801 16:09:26.018"/>
</kw>
<kw name="Get Regexp Matches" library="String">
<var>${contains}</var>
<arg>${text}</arg>
<arg>${symbol}</arg>
<doc>Returns a list of all non-overlapping matches in the given string.</doc>
<msg timestamp="20230801 16:09:26.020" level="INFO">${contains} = []</msg>
<status status="PASS" starttime="20230801 16:09:26.019" endtime="20230801 16:09:26.020"/>
</kw>
<kw name="Get Length" library="BuiltIn">
<var>${cnt}</var>
<arg>${contains}</arg>
<doc>Returns and logs the length of the given item as an integer.</doc>
<msg timestamp="20230801 16:09:26.022" level="INFO">Length is 0</msg>
<msg timestamp="20230801 16:09:26.022" level="INFO">${cnt} = 0</msg>
<status status="PASS" starttime="20230801 16:09:26.021" endtime="20230801 16:09:26.022"/>
</kw>
<if>
<branch type="IF" condition="${cntS} &gt; 0">
<kw name="Set Variable" library="BuiltIn">
<var>${new_text}</var>
<arg>${STATE["${containsS[0]}"]}</arg>
<doc>Returns the given values which can then be assigned to a variables.</doc>
<status status="NOT RUN" starttime="20230801 16:09:26.023" endtime="20230801 16:09:26.024"/>
</kw>
<kw name="Set Variable" library="BuiltIn">
<var>${symbol}</var>
<arg>_@${containsS[0]}@_</arg>
<doc>Returns the given values which can then be assigned to a variables.</doc>
<status status="NOT RUN" starttime="20230801 16:09:26.024" endtime="20230801 16:09:26.025"/>
</kw>
<status status="NOT RUN" starttime="20230801 16:09:26.022" endtime="20230801 16:09:26.025"/>
</branch>
<branch type="ELSE IF" condition="${cnt} &gt; 0 and '${type}' == 'test name'">
<kw name="Sentence" library="FakerLibrary">
<var>${random}</var>
<arg>nb_words=3</arg>
<doc>Generate a sentence.</doc>
<status status="NOT RUN" starttime="20230801 16:09:26.027" endtime="20230801 16:09:26.027"/>
</kw>
<kw name="Split String" library="String">
<var>${words}</var>
<arg>${TEST NAME}</arg>
<arg>${SPACE}</arg>
<doc>Splits the ``string`` using ``separator`` as a delimiter string.</doc>
<status status="NOT RUN" starttime="20230801 16:09:26.028" endtime="20230801 16:09:26.028"/>
</kw>
<kw name="Set Variable" library="BuiltIn">
<var>${new_text}</var>
<arg>${words[0]} ${random}</arg>
<doc>Returns the given values which can then be assigned to a variables.</doc>
<status status="NOT RUN" starttime="20230801 16:09:26.029" endtime="20230801 16:09:26.029"/>
</kw>
<status status="NOT RUN" starttime="20230801 16:09:26.025" endtime="20230801 16:09:26.029"/>
</branch>
<branch type="ELSE IF" condition="${cnt} &gt; 0 and '${type}' == 'number'">
<kw name="Random Int" library="FakerLibrary">
<var>${new_text}</var>
<arg>min=1000000000000</arg>
<arg>max=9999999999999</arg>
<doc>Generate a random integer between two integers ``min`` and ``max`` inclusive
while observing the provided ``step`` value.</doc>
<status status="NOT RUN" starttime="20230801 16:09:26.030" endtime="20230801 16:09:26.032"/>
</kw>
<kw name="Convert To String" library="BuiltIn">
<var>${new_text}</var>
<arg>${new_text}</arg>
<doc>Converts the given item to a Unicode string.</doc>
<status status="NOT RUN" starttime="20230801 16:09:26.032" endtime="20230801 16:09:26.032"/>
</kw>
<status status="NOT RUN" starttime="20230801 16:09:26.030" endtime="20230801 16:09:26.033"/>
</branch>
<branch type="ELSE IF" condition="${cnt} &gt; 0 and '${type}' == 'order number'">
<kw name="Random Int" library="FakerLibrary">
<var>${new_text}</var>
<arg>min=0</arg>
<arg>max=999999999</arg>
<doc>Generate a random integer between two integers ``min`` and ``max`` inclusive
while observing the provided ``step`` value.</doc>
<status status="NOT RUN" starttime="20230801 16:09:26.034" endtime="20230801 16:09:26.034"/>
</kw>
<kw name="Convert To String" library="BuiltIn">
<var>${new_text}</var>
<arg>${new_text}</arg>
<doc>Converts the given item to a Unicode string.</doc>
<status status="NOT RUN" starttime="20230801 16:09:26.037" endtime="20230801 16:09:26.037"/>
</kw>
<status status="NOT RUN" starttime="20230801 16:09:26.033" endtime="20230801 16:09:26.037"/>
</branch>
<branch type="ELSE IF" condition="${cnt} &gt; 0 and '${type}' == 'leave date valid'">
<kw name="Random Int" library="FakerLibrary">
<var>${new_text}</var>
<arg>min=0</arg>
<arg>max=16</arg>
<doc>Generate a random integer between two integers ``min`` and ``max`` inclusive
while observing the provided ``step`` value.</doc>
<status status="NOT RUN" starttime="20230801 16:09:26.052" endtime="20230801 16:09:26.053"/>
</kw>
<kw name="Convert To String" library="BuiltIn">
<var>${new_text}</var>
<arg>${new_text}</arg>
<doc>Converts the given item to a Unicode string.</doc>
<status status="NOT RUN" starttime="20230801 16:09:26.054" endtime="20230801 16:09:26.056"/>
</kw>
<status status="NOT RUN" starttime="20230801 16:09:26.038" endtime="20230801 16:09:26.056"/>
</branch>
<branch type="ELSE IF" condition="${cnt} &gt; 0 and '${type}' == 'leave date invalid'">
<kw name="Random Int" library="FakerLibrary">
<var>${new_text}</var>
<arg>min=17</arg>
<arg>max=99</arg>
<doc>Generate a random integer between two integers ``min`` and ``max`` inclusive
while observing the provided ``step`` value.</doc>
<status status="NOT RUN" starttime="20230801 16:09:26.057" endtime="20230801 16:09:26.058"/>
</kw>
<kw name="Convert To String" library="BuiltIn">
<var>${new_text}</var>
<arg>${new_text}</arg>
<doc>Converts the given item to a Unicode string.</doc>
<status status="NOT RUN" starttime="20230801 16:09:26.058" endtime="20230801 16:09:26.058"/>
</kw>
<status status="NOT RUN" starttime="20230801 16:09:26.056" endtime="20230801 16:09:26.059"/>
</branch>
<branch type="ELSE IF" condition="${cnt} &gt; 0 and '${type}' == 'percentage'">
<kw name="Random Int" library="FakerLibrary">
<var>${new_text}</var>
<arg>max=100</arg>
<doc>Generate a random integer between two integers ``min`` and ``max`` inclusive
while observing the provided ``step`` value.</doc>
<status status="NOT RUN" starttime="20230801 16:09:26.061" endtime="20230801 16:09:26.062"/>
</kw>
<kw name="Convert To String" library="BuiltIn">
<var>${new_text}</var>
<arg>${new_text}</arg>
<doc>Converts the given item to a Unicode string.</doc>
<status status="NOT RUN" starttime="20230801 16:09:26.063" endtime="20230801 16:09:26.063"/>
</kw>
<status status="NOT RUN" starttime="20230801 16:09:26.059" endtime="20230801 16:09:26.063"/>
</branch>
<branch type="ELSE IF" condition="${cnt} &gt; 0 and '${type}' == 'paragraph'">
<kw name="Paragraph" library="FakerLibrary">
<var>${new_text}</var>
<doc>Generate a paragraph.</doc>
<status status="NOT RUN" starttime="20230801 16:09:26.065" endtime="20230801 16:09:26.065"/>
</kw>
<status status="NOT RUN" starttime="20230801 16:09:26.064" endtime="20230801 16:09:26.065"/>
</branch>
<branch type="ELSE IF" condition="${cnt} &gt; 0 and '${type}' == 'email'">
<kw name="Email" library="FakerLibrary">
<var>${new_text}</var>
<status status="NOT RUN" starttime="20230801 16:09:26.067" endtime="20230801 16:09:26.068"/>
</kw>
<status status="NOT RUN" starttime="20230801 16:09:26.066" endtime="20230801 16:09:26.068"/>
</branch>
<branch type="ELSE IF" condition="${cnt} &gt; 0 and '${type}' == 'phone'">
<kw name="Random Int" library="FakerLibrary">
<var>${new_text}</var>
<arg>min=55555555</arg>
<arg>max=999999999999</arg>
<doc>Generate a random integer between two integers ``min`` and ``max`` inclusive
while observing the provided ``step`` value.</doc>
<status status="NOT RUN" starttime="20230801 16:09:26.070" endtime="20230801 16:09:26.070"/>
</kw>
<kw name="Convert To String" library="BuiltIn">
<var>${new_text}</var>
<arg>${new_text}</arg>
<doc>Converts the given item to a Unicode string.</doc>
<status status="NOT RUN" starttime="20230801 16:09:26.072" endtime="20230801 16:09:26.074"/>
</kw>
<status status="NOT RUN" starttime="20230801 16:09:26.070" endtime="20230801 16:09:26.075"/>
</branch>
<branch type="ELSE IF" condition="${cnt} &gt; 0 and '${type}' == 'color'">
<kw name="Safe Hex Color" library="FakerLibrary">
<var>${new_text}</var>
<doc>Generate a web-safe color formatted as a hex triplet.</doc>
<status status="NOT RUN" starttime="20230801 16:09:26.078" endtime="20230801 16:09:26.079"/>
</kw>
<status status="NOT RUN" starttime="20230801 16:09:26.075" endtime="20230801 16:09:26.079"/>
</branch>
<branch type="ELSE IF" condition="${cnt} &gt; 0 and '${type}' == 'date'">
<kw name="Date" library="FakerLibrary">
<var>${new_text}</var>
<arg>pattern=%d-%m-%Y</arg>
<doc>Get a date string between January 1, 1970 and now.</doc>
<status status="NOT RUN" starttime="20230801 16:09:26.081" endtime="20230801 16:09:26.082"/>
</kw>
<status status="NOT RUN" starttime="20230801 16:09:26.080" endtime="20230801 16:09:26.082"/>
</branch>
<branch type="ELSE IF" condition="${cnt} &gt; 0 and '${type}' == 'word'">
<kw name="Sentence" library="FakerLibrary">
<var>${new_text}</var>
<arg>nb_words=2</arg>
<doc>Generate a sentence.</doc>
<status status="NOT RUN" starttime="20230801 16:09:26.083" endtime="20230801 16:09:26.083"/>
</kw>
<status status="NOT RUN" starttime="20230801 16:09:26.082" endtime="20230801 16:09:26.084"/>
</branch>
<branch type="ELSE IF" condition="${cnt} &gt; 0">
<kw name="Sentence" library="FakerLibrary">
<var>${new_text}</var>
<doc>Generate a sentence.</doc>
<status status="NOT RUN" starttime="20230801 16:09:26.085" endtime="20230801 16:09:26.085"/>
</kw>
<status status="NOT RUN" starttime="20230801 16:09:26.084" endtime="20230801 16:09:26.085"/>
</branch>
<status status="PASS" starttime="20230801 16:09:26.022" endtime="20230801 16:09:26.086"/>
</if>
<kw name="Get Length" library="BuiltIn">
<var>${cnt}</var>
<arg>${text}</arg>
<doc>Returns and logs the length of the given item as an integer.</doc>
<msg timestamp="20230801 16:09:26.087" level="INFO">Length is 19</msg>
<msg timestamp="20230801 16:09:26.087" level="INFO">${cnt} = 19</msg>
<status status="PASS" starttime="20230801 16:09:26.086" endtime="20230801 16:09:26.087"/>
</kw>
<if>
<branch type="IF" condition="${cnt} &gt; 0">
<kw name="Replace String" library="String">
<var>${text}</var>
<arg>${text}</arg>
<arg>${symbol}</arg>
<arg>${new_text}</arg>
<doc>Replaces ``search_for`` in the given ``string`` with ``replace_with``.</doc>
<msg timestamp="20230801 16:09:26.089" level="INFO">${text} = hovannhat@admin.com</msg>
<status status="PASS" starttime="20230801 16:09:26.088" endtime="20230801 16:09:26.089"/>
</kw>
<status status="PASS" starttime="20230801 16:09:26.087" endtime="20230801 16:09:26.089"/>
</branch>
<status status="PASS" starttime="20230801 16:09:26.087" endtime="20230801 16:09:26.090"/>
</if>
<msg timestamp="20230801 16:09:26.090" level="INFO">${text} = hovannhat@admin.com</msg>
<status status="PASS" starttime="20230801 16:09:26.010" endtime="20230801 16:09:26.090"/>
</kw>
<kw name="Get Element Form Item By Name" library="common">
<var>${element}</var>
<arg>${name}</arg>
<arg>//input[contains(@class, "ant-input")]</arg>
<msg timestamp="20230801 16:09:26.092" level="INFO">${element} = xpath=//*[contains(@class, "ant-form-item-label")]/label[text()="Tên đăng nhập"]/../../*[contains(@class, "ant-form-item")]//input[contains(@class, "ant-input")]</msg>
<status status="PASS" starttime="20230801 16:09:26.090" endtime="20230801 16:09:26.092"/>
</kw>
<kw name="Clear Text" library="Browser">
<arg>${element}</arg>
<tag>PageContent</tag>
<tag>Setter</tag>
<doc>Clears the text field found by ``selector``.</doc>
<status status="PASS" starttime="20230801 16:09:26.097" endtime="20230801 16:09:28.713"/>
</kw>
<kw name="Fill Text" library="Browser">
<arg>${element}</arg>
<arg>${text}</arg>
<arg>True</arg>
<tag>PageContent</tag>
<tag>Setter</tag>
<doc>Clears and fills the given ``txt`` into the text field found by ``selector``.</doc>
<msg timestamp="20230801 16:09:28.715" level="INFO">Fills the text 'hovannhat@admin.com' in the given field.</msg>
<status status="PASS" starttime="20230801 16:09:28.714" endtime="20230801 16:09:28.842"/>
</kw>
<kw name="Get Length" library="BuiltIn">
<var>${cnt}</var>
<arg>${text}</arg>
<doc>Returns and logs the length of the given item as an integer.</doc>
<msg timestamp="20230801 16:09:28.844" level="INFO">Length is 19</msg>
<msg timestamp="20230801 16:09:28.844" level="INFO">${cnt} = 19</msg>
<status status="PASS" starttime="20230801 16:09:28.843" endtime="20230801 16:09:28.844"/>
</kw>
<if>
<branch type="IF" condition="${cnt} &gt; 0">
<kw name="Set Global Variable" library="BuiltIn">
<arg>${STATE["${name}"]}</arg>
<arg>${text}</arg>
<doc>Makes a variable available globally in all tests and suites.</doc>
<msg timestamp="20230801 16:09:28.847" level="INFO">${STATE["Tên đăng nhập"]} = hovannhat@admin.com</msg>
<status status="PASS" starttime="20230801 16:09:28.846" endtime="20230801 16:09:28.847"/>
</kw>
<status status="PASS" starttime="20230801 16:09:28.845" endtime="20230801 16:09:28.848"/>
</branch>
<status status="PASS" starttime="20230801 16:09:28.845" endtime="20230801 16:09:28.848"/>
</if>
<status status="PASS" starttime="20230801 16:09:26.008" endtime="20230801 16:09:28.848"/>
</kw>
<kw name="Enter &quot;text&quot; in &quot;Mật khẩu&quot; with &quot;Nhat@01101999&quot;" library="common" sourcename="Enter &quot;${type}&quot; in &quot;${name}&quot; with &quot;${text}&quot;">
<kw name="Get Random Text" library="common">
<var>${text}</var>
<arg>${type}</arg>
<arg>${text}</arg>
<kw name="Set Variable" library="BuiltIn">
<var>${symbol}</var>
<arg>_RANDOM_</arg>
<doc>Returns the given values which can then be assigned to a variables.</doc>
<msg timestamp="20230801 16:09:28.852" level="INFO">${symbol} = _RANDOM_</msg>
<status status="PASS" starttime="20230801 16:09:28.852" endtime="20230801 16:09:28.852"/>
</kw>
<kw name="Set Variable" library="BuiltIn">
<var>${new_text}</var>
<doc>Returns the given values which can then be assigned to a variables.</doc>
<msg timestamp="20230801 16:09:28.853" level="INFO">${new_text} = </msg>
<status status="PASS" starttime="20230801 16:09:28.852" endtime="20230801 16:09:28.853"/>
</kw>
<kw name="Get Regexp Matches" library="String">
<var>${containsS}</var>
<arg>${text}</arg>
<arg>_@(.+)@_</arg>
<arg>1</arg>
<doc>Returns a list of all non-overlapping matches in the given string.</doc>
<msg timestamp="20230801 16:09:28.855" level="INFO">${containsS} = []</msg>
<status status="PASS" starttime="20230801 16:09:28.854" endtime="20230801 16:09:28.855"/>
</kw>
<kw name="Get Length" library="BuiltIn">
<var>${cntS}</var>
<arg>${containsS}</arg>
<doc>Returns and logs the length of the given item as an integer.</doc>
<msg timestamp="20230801 16:09:28.856" level="INFO">Length is 0</msg>
<msg timestamp="20230801 16:09:28.856" level="INFO">${cntS} = 0</msg>
<status status="PASS" starttime="20230801 16:09:28.855" endtime="20230801 16:09:28.856"/>
</kw>
<kw name="Get Regexp Matches" library="String">
<var>${contains}</var>
<arg>${text}</arg>
<arg>${symbol}</arg>
<doc>Returns a list of all non-overlapping matches in the given string.</doc>
<msg timestamp="20230801 16:09:28.857" level="INFO">${contains} = []</msg>
<status status="PASS" starttime="20230801 16:09:28.857" endtime="20230801 16:09:28.858"/>
</kw>
<kw name="Get Length" library="BuiltIn">
<var>${cnt}</var>
<arg>${contains}</arg>
<doc>Returns and logs the length of the given item as an integer.</doc>
<msg timestamp="20230801 16:09:28.859" level="INFO">Length is 0</msg>
<msg timestamp="20230801 16:09:28.859" level="INFO">${cnt} = 0</msg>
<status status="PASS" starttime="20230801 16:09:28.858" endtime="20230801 16:09:28.860"/>
</kw>
<if>
<branch type="IF" condition="${cntS} &gt; 0">
<kw name="Set Variable" library="BuiltIn">
<var>${new_text}</var>
<arg>${STATE["${containsS[0]}"]}</arg>
<doc>Returns the given values which can then be assigned to a variables.</doc>
<status status="NOT RUN" starttime="20230801 16:09:28.860" endtime="20230801 16:09:28.862"/>
</kw>
<kw name="Set Variable" library="BuiltIn">
<var>${symbol}</var>
<arg>_@${containsS[0]}@_</arg>
<doc>Returns the given values which can then be assigned to a variables.</doc>
<status status="NOT RUN" starttime="20230801 16:09:28.862" endtime="20230801 16:09:28.863"/>
</kw>
<status status="NOT RUN" starttime="20230801 16:09:28.860" endtime="20230801 16:09:28.863"/>
</branch>
<branch type="ELSE IF" condition="${cnt} &gt; 0 and '${type}' == 'test name'">
<kw name="Sentence" library="FakerLibrary">
<var>${random}</var>
<arg>nb_words=3</arg>
<doc>Generate a sentence.</doc>
<status status="NOT RUN" starttime="20230801 16:09:28.864" endtime="20230801 16:09:28.864"/>
</kw>
<kw name="Split String" library="String">
<var>${words}</var>
<arg>${TEST NAME}</arg>
<arg>${SPACE}</arg>
<doc>Splits the ``string`` using ``separator`` as a delimiter string.</doc>
<status status="NOT RUN" starttime="20230801 16:09:28.865" endtime="20230801 16:09:28.865"/>
</kw>
<kw name="Set Variable" library="BuiltIn">
<var>${new_text}</var>
<arg>${words[0]} ${random}</arg>
<doc>Returns the given values which can then be assigned to a variables.</doc>
<status status="NOT RUN" starttime="20230801 16:09:28.866" endtime="20230801 16:09:28.866"/>
</kw>
<status status="NOT RUN" starttime="20230801 16:09:28.863" endtime="20230801 16:09:28.866"/>
</branch>
<branch type="ELSE IF" condition="${cnt} &gt; 0 and '${type}' == 'number'">
<kw name="Random Int" library="FakerLibrary">
<var>${new_text}</var>
<arg>min=1000000000000</arg>
<arg>max=9999999999999</arg>
<doc>Generate a random integer between two integers ``min`` and ``max`` inclusive
while observing the provided ``step`` value.</doc>
<status status="NOT RUN" starttime="20230801 16:09:28.867" endtime="20230801 16:09:28.868"/>
</kw>
<kw name="Convert To String" library="BuiltIn">
<var>${new_text}</var>
<arg>${new_text}</arg>
<doc>Converts the given item to a Unicode string.</doc>
<status status="NOT RUN" starttime="20230801 16:09:28.868" endtime="20230801 16:09:28.868"/>
</kw>
<status status="NOT RUN" starttime="20230801 16:09:28.866" endtime="20230801 16:09:28.869"/>
</branch>
<branch type="ELSE IF" condition="${cnt} &gt; 0 and '${type}' == 'order number'">
<kw name="Random Int" library="FakerLibrary">
<var>${new_text}</var>
<arg>min=0</arg>
<arg>max=999999999</arg>
<doc>Generate a random integer between two integers ``min`` and ``max`` inclusive
while observing the provided ``step`` value.</doc>
<status status="NOT RUN" starttime="20230801 16:09:28.870" endtime="20230801 16:09:28.870"/>
</kw>
<kw name="Convert To String" library="BuiltIn">
<var>${new_text}</var>
<arg>${new_text}</arg>
<doc>Converts the given item to a Unicode string.</doc>
<status status="NOT RUN" starttime="20230801 16:09:28.872" endtime="20230801 16:09:28.872"/>
</kw>
<status status="NOT RUN" starttime="20230801 16:09:28.869" endtime="20230801 16:09:28.872"/>
</branch>
<branch type="ELSE IF" condition="${cnt} &gt; 0 and '${type}' == 'leave date valid'">
<kw name="Random Int" library="FakerLibrary">
<var>${new_text}</var>
<arg>min=0</arg>
<arg>max=16</arg>
<doc>Generate a random integer between two integers ``min`` and ``max`` inclusive
while observing the provided ``step`` value.</doc>
<status status="NOT RUN" starttime="20230801 16:09:28.874" endtime="20230801 16:09:28.874"/>
</kw>
<kw name="Convert To String" library="BuiltIn">
<var>${new_text}</var>
<arg>${new_text}</arg>
<doc>Converts the given item to a Unicode string.</doc>
<status status="NOT RUN" starttime="20230801 16:09:28.875" endtime="20230801 16:09:28.878"/>
</kw>
<status status="NOT RUN" starttime="20230801 16:09:28.873" endtime="20230801 16:09:28.878"/>
</branch>
<branch type="ELSE IF" condition="${cnt} &gt; 0 and '${type}' == 'leave date invalid'">
<kw name="Random Int" library="FakerLibrary">
<var>${new_text}</var>
<arg>min=17</arg>
<arg>max=99</arg>
<doc>Generate a random integer between two integers ``min`` and ``max`` inclusive
while observing the provided ``step`` value.</doc>
<status status="NOT RUN" starttime="20230801 16:09:28.880" endtime="20230801 16:09:28.880"/>
</kw>
<kw name="Convert To String" library="BuiltIn">
<var>${new_text}</var>
<arg>${new_text}</arg>
<doc>Converts the given item to a Unicode string.</doc>
<status status="NOT RUN" starttime="20230801 16:09:28.881" endtime="20230801 16:09:28.882"/>
</kw>
<status status="NOT RUN" starttime="20230801 16:09:28.879" endtime="20230801 16:09:28.883"/>
</branch>
<branch type="ELSE IF" condition="${cnt} &gt; 0 and '${type}' == 'percentage'">
<kw name="Random Int" library="FakerLibrary">
<var>${new_text}</var>
<arg>max=100</arg>
<doc>Generate a random integer between two integers ``min`` and ``max`` inclusive
while observing the provided ``step`` value.</doc>
<status status="NOT RUN" starttime="20230801 16:09:28.887" endtime="20230801 16:09:28.887"/>
</kw>
<kw name="Convert To String" library="BuiltIn">
<var>${new_text}</var>
<arg>${new_text}</arg>
<doc>Converts the given item to a Unicode string.</doc>
[...]
<status status="PASS" starttime="20230801 16:13:43.929" endtime="20230801 16:13:43.930"/>
</kw>
<status status="PASS" starttime="20230801 16:13:43.928" endtime="20230801 16:13:43.930"/>
</branch>
<status status="PASS" starttime="20230801 16:13:43.899" endtime="20230801 16:13:43.930"/>
</if>
<kw name="Get Length" library="BuiltIn">
<var>${cnt}</var>
<arg>${text}</arg>
<doc>Returns and logs the length of the given item as an integer.</doc>
<msg timestamp="20230801 16:13:43.933" level="INFO">Length is 8</msg>
<msg timestamp="20230801 16:13:43.934" level="INFO">${cnt} = 8</msg>
<status status="PASS" starttime="20230801 16:13:43.930" endtime="20230801 16:13:43.934"/>
</kw>
<if>
<branch type="IF" condition="${cnt} &gt; 0">
<kw name="Replace String" library="String">
<var>${text}</var>
<arg>${text}</arg>
<arg>${symbol}</arg>
<arg>${new_text}</arg>
<doc>Replaces ``search_for`` in the given ``string`` with ``replace_with``.</doc>
<msg timestamp="20230801 16:13:43.937" level="INFO">${text} = Provident non doloremque laborum maiores exercitationem provident.</msg>
<status status="PASS" starttime="20230801 16:13:43.936" endtime="20230801 16:13:43.937"/>
</kw>
<status status="PASS" starttime="20230801 16:13:43.935" endtime="20230801 16:13:43.937"/>
</branch>
<status status="PASS" starttime="20230801 16:13:43.935" endtime="20230801 16:13:43.938"/>
</if>
<msg timestamp="20230801 16:13:43.939" level="INFO">${text} = Provident non doloremque laborum maiores exercitationem provident.</msg>
<status status="PASS" starttime="20230801 16:13:43.889" endtime="20230801 16:13:43.939"/>
</kw>
<kw name="Get Element Form Item By Name" library="common">
<var>${element}</var>
<arg>${name}</arg>
<arg>//input[contains(@class, "ant-input")]</arg>
<msg timestamp="20230801 16:13:43.941" level="INFO">${element} = xpath=//*[contains(@class, "ant-form-item-label")]/label[text()="Tên Nhóm"]/../../*[contains(@class, "ant-form-item")]//input[contains(@class, "ant-input")]</msg>
<status status="PASS" starttime="20230801 16:13:43.939" endtime="20230801 16:13:43.942"/>
</kw>
<kw name="Clear Text" library="Browser">
<arg>${element}</arg>
<tag>PageContent</tag>
<tag>Setter</tag>
<doc>Clears the text field found by ``selector``.</doc>
<status status="PASS" starttime="20230801 16:13:43.943" endtime="20230801 16:13:44.016"/>
</kw>
<kw name="Fill Text" library="Browser">
<arg>${element}</arg>
<arg>${text}</arg>
<arg>True</arg>
<tag>PageContent</tag>
<tag>Setter</tag>
<doc>Clears and fills the given ``txt`` into the text field found by ``selector``.</doc>
<msg timestamp="20230801 16:13:44.018" level="INFO">Fills the text 'Provident non doloremque laborum maiores exercitationem provident.' in the given field.</msg>
<status status="PASS" starttime="20230801 16:13:44.017" endtime="20230801 16:13:44.070"/>
</kw>
<kw name="Get Length" library="BuiltIn">
<var>${cnt}</var>
<arg>${text}</arg>
<doc>Returns and logs the length of the given item as an integer.</doc>
<msg timestamp="20230801 16:13:44.072" level="INFO">Length is 66</msg>
<msg timestamp="20230801 16:13:44.072" level="INFO">${cnt} = 66</msg>
<status status="PASS" starttime="20230801 16:13:44.071" endtime="20230801 16:13:44.072"/>
</kw>
<if>
<branch type="IF" condition="${cnt} &gt; 0">
<kw name="Set Global Variable" library="BuiltIn">
<arg>${STATE["${name}"]}</arg>
<arg>${text}</arg>
<doc>Makes a variable available globally in all tests and suites.</doc>
<msg timestamp="20230801 16:13:44.075" level="INFO">${STATE["Tên Nhóm"]} = Provident non doloremque laborum maiores exercitationem provident.</msg>
<status status="PASS" starttime="20230801 16:13:44.074" endtime="20230801 16:13:44.075"/>
</kw>
<status status="PASS" starttime="20230801 16:13:44.072" endtime="20230801 16:13:44.076"/>
</branch>
<status status="PASS" starttime="20230801 16:13:44.072" endtime="20230801 16:13:44.076"/>
</if>
<status status="PASS" starttime="20230801 16:13:43.888" endtime="20230801 16:13:44.076"/>
</kw>
<kw name="And Enter &quot;text&quot; in textarea &quot;Mô tả&quot; with &quot;_RANDOM_&quot;" library="common" sourcename="Enter &quot;${type}&quot; in textarea &quot;${name}&quot; with &quot;${text}&quot;">
<kw name="Get Random Text" library="common">
<var>${text}</var>
<arg>${type}</arg>
<arg>${text}</arg>
<kw name="Set Variable" library="BuiltIn">
<var>${symbol}</var>
<arg>_RANDOM_</arg>
<doc>Returns the given values which can then be assigned to a variables.</doc>
<msg timestamp="20230801 16:13:44.080" level="INFO">${symbol} = _RANDOM_</msg>
<status status="PASS" starttime="20230801 16:13:44.080" endtime="20230801 16:13:44.080"/>
</kw>
<kw name="Set Variable" library="BuiltIn">
<var>${new_text}</var>
<doc>Returns the given values which can then be assigned to a variables.</doc>
<msg timestamp="20230801 16:13:44.082" level="INFO">${new_text} = </msg>
<status status="PASS" starttime="20230801 16:13:44.081" endtime="20230801 16:13:44.082"/>
</kw>
<kw name="Get Regexp Matches" library="String">
<var>${containsS}</var>
<arg>${text}</arg>
<arg>_@(.+)@_</arg>
<arg>1</arg>
<doc>Returns a list of all non-overlapping matches in the given string.</doc>
<msg timestamp="20230801 16:13:44.083" level="INFO">${containsS} = []</msg>
<status status="PASS" starttime="20230801 16:13:44.082" endtime="20230801 16:13:44.083"/>
</kw>
<kw name="Get Length" library="BuiltIn">
<var>${cntS}</var>
<arg>${containsS}</arg>
<doc>Returns and logs the length of the given item as an integer.</doc>
<msg timestamp="20230801 16:13:44.084" level="INFO">Length is 0</msg>
<msg timestamp="20230801 16:13:44.084" level="INFO">${cntS} = 0</msg>
<status status="PASS" starttime="20230801 16:13:44.083" endtime="20230801 16:13:44.084"/>
</kw>
<kw name="Get Regexp Matches" library="String">
<var>${contains}</var>
<arg>${text}</arg>
<arg>${symbol}</arg>
<doc>Returns a list of all non-overlapping matches in the given string.</doc>
<msg timestamp="20230801 16:13:44.086" level="INFO">${contains} = ['_RANDOM_']</msg>
<status status="PASS" starttime="20230801 16:13:44.085" endtime="20230801 16:13:44.086"/>
</kw>
<kw name="Get Length" library="BuiltIn">
<var>${cnt}</var>
<arg>${contains}</arg>
<doc>Returns and logs the length of the given item as an integer.</doc>
<msg timestamp="20230801 16:13:44.087" level="INFO">Length is 1</msg>
<msg timestamp="20230801 16:13:44.087" level="INFO">${cnt} = 1</msg>
<status status="PASS" starttime="20230801 16:13:44.086" endtime="20230801 16:13:44.087"/>
</kw>
<if>
<branch type="IF" condition="${cntS} &gt; 0">
<kw name="Set Variable" library="BuiltIn">
<var>${new_text}</var>
<arg>${STATE["${containsS[0]}"]}</arg>
<doc>Returns the given values which can then be assigned to a variables.</doc>
<status status="NOT RUN" starttime="20230801 16:13:44.088" endtime="20230801 16:13:44.089"/>
</kw>
<kw name="Set Variable" library="BuiltIn">
<var>${symbol}</var>
<arg>_@${containsS[0]}@_</arg>
<doc>Returns the given values which can then be assigned to a variables.</doc>
<status status="NOT RUN" starttime="20230801 16:13:44.089" endtime="20230801 16:13:44.090"/>
</kw>
<status status="NOT RUN" starttime="20230801 16:13:44.087" endtime="20230801 16:13:44.090"/>
</branch>
<branch type="ELSE IF" condition="${cnt} &gt; 0 and '${type}' == 'test name'">
<kw name="Sentence" library="FakerLibrary">
<var>${random}</var>
<arg>nb_words=3</arg>
<doc>Generate a sentence.</doc>
<status status="NOT RUN" starttime="20230801 16:13:44.091" endtime="20230801 16:13:44.092"/>
</kw>
<kw name="Split String" library="String">
<var>${words}</var>
<arg>${TEST NAME}</arg>
<arg>${SPACE}</arg>
<doc>Splits the ``string`` using ``separator`` as a delimiter string.</doc>
<status status="NOT RUN" starttime="20230801 16:13:44.092" endtime="20230801 16:13:44.093"/>
</kw>
<kw name="Set Variable" library="BuiltIn">
<var>${new_text}</var>
<arg>${words[0]} ${random}</arg>
<doc>Returns the given values which can then be assigned to a variables.</doc>
<status status="NOT RUN" starttime="20230801 16:13:44.093" endtime="20230801 16:13:44.093"/>
</kw>
<status status="NOT RUN" starttime="20230801 16:13:44.090" endtime="20230801 16:13:44.095"/>
</branch>
<branch type="ELSE IF" condition="${cnt} &gt; 0 and '${type}' == 'number'">
<kw name="Random Int" library="FakerLibrary">
<var>${new_text}</var>
<arg>min=1000000000000</arg>
<arg>max=9999999999999</arg>
<doc>Generate a random integer between two integers ``min`` and ``max`` inclusive
while observing the provided ``step`` value.</doc>
<status status="NOT RUN" starttime="20230801 16:13:44.096" endtime="20230801 16:13:44.096"/>
</kw>
<kw name="Convert To String" library="BuiltIn">
<var>${new_text}</var>
<arg>${new_text}</arg>
<doc>Converts the given item to a Unicode string.</doc>
<status status="NOT RUN" starttime="20230801 16:13:44.097" endtime="20230801 16:13:44.097"/>
</kw>
<status status="NOT RUN" starttime="20230801 16:13:44.095" endtime="20230801 16:13:44.097"/>
</branch>
<branch type="ELSE IF" condition="${cnt} &gt; 0 and '${type}' == 'order number'">
<kw name="Random Int" library="FakerLibrary">
<var>${new_text}</var>
<arg>min=0</arg>
<arg>max=999999999</arg>
<doc>Generate a random integer between two integers ``min`` and ``max`` inclusive
while observing the provided ``step`` value.</doc>
<status status="NOT RUN" starttime="20230801 16:13:44.098" endtime="20230801 16:13:44.098"/>
</kw>
<kw name="Convert To String" library="BuiltIn">
<var>${new_text}</var>
<arg>${new_text}</arg>
<doc>Converts the given item to a Unicode string.</doc>
<status status="NOT RUN" starttime="20230801 16:13:44.099" endtime="20230801 16:13:44.099"/>
</kw>
<status status="NOT RUN" starttime="20230801 16:13:44.097" endtime="20230801 16:13:44.100"/>
</branch>
<branch type="ELSE IF" condition="${cnt} &gt; 0 and '${type}' == 'leave date valid'">
<kw name="Random Int" library="FakerLibrary">
<var>${new_text}</var>
<arg>min=0</arg>
<arg>max=16</arg>
<doc>Generate a random integer between two integers ``min`` and ``max`` inclusive
while observing the provided ``step`` value.</doc>
<status status="NOT RUN" starttime="20230801 16:13:44.101" endtime="20230801 16:13:44.101"/>
</kw>
<kw name="Convert To String" library="BuiltIn">
<var>${new_text}</var>
<arg>${new_text}</arg>
<doc>Converts the given item to a Unicode string.</doc>
<status status="NOT RUN" starttime="20230801 16:13:44.102" endtime="20230801 16:13:44.102"/>
</kw>
<status status="NOT RUN" starttime="20230801 16:13:44.100" endtime="20230801 16:13:44.102"/>
</branch>
<branch type="ELSE IF" condition="${cnt} &gt; 0 and '${type}' == 'leave date invalid'">
<kw name="Random Int" library="FakerLibrary">
<var>${new_text}</var>
<arg>min=17</arg>
<arg>max=99</arg>
<doc>Generate a random integer between two integers ``min`` and ``max`` inclusive
while observing the provided ``step`` value.</doc>
<status status="NOT RUN" starttime="20230801 16:13:44.103" endtime="20230801 16:13:44.104"/>
</kw>
<kw name="Convert To String" library="BuiltIn">
<var>${new_text}</var>
<arg>${new_text}</arg>
<doc>Converts the given item to a Unicode string.</doc>
<status status="NOT RUN" starttime="20230801 16:13:44.105" endtime="20230801 16:13:44.106"/>
</kw>
<status status="NOT RUN" starttime="20230801 16:13:44.102" endtime="20230801 16:13:44.106"/>
</branch>
<branch type="ELSE IF" condition="${cnt} &gt; 0 and '${type}' == 'percentage'">
<kw name="Random Int" library="FakerLibrary">
<var>${new_text}</var>
<arg>max=100</arg>
<doc>Generate a random integer between two integers ``min`` and ``max`` inclusive
while observing the provided ``step`` value.</doc>
<status status="NOT RUN" starttime="20230801 16:13:44.108" endtime="20230801 16:13:44.108"/>
</kw>
<kw name="Convert To String" library="BuiltIn">
<var>${new_text}</var>
<arg>${new_text}</arg>
<doc>Converts the given item to a Unicode string.</doc>
<status status="NOT RUN" starttime="20230801 16:13:44.109" endtime="20230801 16:13:44.110"/>
</kw>
<status status="NOT RUN" starttime="20230801 16:13:44.106" endtime="20230801 16:13:44.110"/>
</branch>
<branch type="ELSE IF" condition="${cnt} &gt; 0 and '${type}' == 'paragraph'">
<kw name="Paragraph" library="FakerLibrary">
<var>${new_text}</var>
<doc>Generate a paragraph.</doc>
<status status="NOT RUN" starttime="20230801 16:13:44.112" endtime="20230801 16:13:44.113"/>
</kw>
<status status="NOT RUN" starttime="20230801 16:13:44.110" endtime="20230801 16:13:44.113"/>
</branch>
<branch type="ELSE IF" condition="${cnt} &gt; 0 and '${type}' == 'email'">
<kw name="Email" library="FakerLibrary">
<var>${new_text}</var>
<status status="NOT RUN" starttime="20230801 16:13:44.114" endtime="20230801 16:13:44.114"/>
</kw>
<status status="NOT RUN" starttime="20230801 16:13:44.113" endtime="20230801 16:13:44.115"/>
</branch>
<branch type="ELSE IF" condition="${cnt} &gt; 0 and '${type}' == 'phone'">
<kw name="Random Int" library="FakerLibrary">
<var>${new_text}</var>
<arg>min=55555555</arg>
<arg>max=999999999999</arg>
<doc>Generate a random integer between two integers ``min`` and ``max`` inclusive
while observing the provided ``step`` value.</doc>
<status status="NOT RUN" starttime="20230801 16:13:44.116" endtime="20230801 16:13:44.116"/>
</kw>
<kw name="Convert To String" library="BuiltIn">
<var>${new_text}</var>
<arg>${new_text}</arg>
<doc>Converts the given item to a Unicode string.</doc>
<status status="NOT RUN" starttime="20230801 16:13:44.116" endtime="20230801 16:13:44.117"/>
</kw>
<status status="NOT RUN" starttime="20230801 16:13:44.115" endtime="20230801 16:13:44.117"/>
</branch>
<branch type="ELSE IF" condition="${cnt} &gt; 0 and '${type}' == 'color'">
<kw name="Safe Hex Color" library="FakerLibrary">
<var>${new_text}</var>
<doc>Generate a web-safe color formatted as a hex triplet.</doc>
<status status="NOT RUN" starttime="20230801 16:13:44.118" endtime="20230801 16:13:44.118"/>
</kw>
<status status="NOT RUN" starttime="20230801 16:13:44.117" endtime="20230801 16:13:44.118"/>
</branch>
<branch type="ELSE IF" condition="${cnt} &gt; 0 and '${type}' == 'date'">
<kw name="Date" library="FakerLibrary">
<var>${new_text}</var>
<arg>pattern=%d-%m-%Y</arg>
<doc>Get a date string between January 1, 1970 and now.</doc>
<status status="NOT RUN" starttime="20230801 16:13:44.119" endtime="20230801 16:13:44.119"/>
</kw>
<status status="NOT RUN" starttime="20230801 16:13:44.118" endtime="20230801 16:13:44.120"/>
</branch>
<branch type="ELSE IF" condition="${cnt} &gt; 0 and '${type}' == 'word'">
<kw name="Sentence" library="FakerLibrary">
<var>${new_text}</var>
<arg>nb_words=2</arg>
<doc>Generate a sentence.</doc>
<status status="NOT RUN" starttime="20230801 16:13:44.120" endtime="20230801 16:13:44.121"/>
</kw>
<status status="NOT RUN" starttime="20230801 16:13:44.120" endtime="20230801 16:13:44.121"/>
</branch>
<branch type="ELSE IF" condition="${cnt} &gt; 0">
<kw name="Sentence" library="FakerLibrary">
<var>${new_text}</var>
<doc>Generate a sentence.</doc>
<msg timestamp="20230801 16:13:44.123" level="INFO">${new_text} = Nemo a odit nesciunt quas quas ab.</msg>
<status status="PASS" starttime="20230801 16:13:44.123" endtime="20230801 16:13:44.124"/>
</kw>
<status status="PASS" starttime="20230801 16:13:44.121" endtime="20230801 16:13:44.125"/>
</branch>
<status status="PASS" starttime="20230801 16:13:44.087" endtime="20230801 16:13:44.125"/>
</if>
<kw name="Get Length" library="BuiltIn">
<var>${cnt}</var>
<arg>${text}</arg>
<doc>Returns and logs the length of the given item as an integer.</doc>
<msg timestamp="20230801 16:13:44.127" level="INFO">Length is 8</msg>
<msg timestamp="20230801 16:13:44.127" level="INFO">${cnt} = 8</msg>
<status status="PASS" starttime="20230801 16:13:44.126" endtime="20230801 16:13:44.127"/>
</kw>
<if>
<branch type="IF" condition="${cnt} &gt; 0">
<kw name="Replace String" library="String">
<var>${text}</var>
<arg>${text}</arg>
<arg>${symbol}</arg>
<arg>${new_text}</arg>
<doc>Replaces ``search_for`` in the given ``string`` with ``replace_with``.</doc>
<msg timestamp="20230801 16:13:44.129" level="INFO">${text} = Nemo a odit nesciunt quas quas ab.</msg>
<status status="PASS" starttime="20230801 16:13:44.128" endtime="20230801 16:13:44.129"/>
</kw>
<status status="PASS" starttime="20230801 16:13:44.127" endtime="20230801 16:13:44.130"/>
</branch>
<status status="PASS" starttime="20230801 16:13:44.127" endtime="20230801 16:13:44.130"/>
</if>
<msg timestamp="20230801 16:13:44.131" level="INFO">${text} = Nemo a odit nesciunt quas quas ab.</msg>
<status status="PASS" starttime="20230801 16:13:44.078" endtime="20230801 16:13:44.131"/>
</kw>
<kw name="Get Element Form Item By Name" library="common">
<var>${element}</var>
<arg>${name}</arg>
<arg>//textarea</arg>
<msg timestamp="20230801 16:13:44.132" level="INFO">${element} = xpath=//*[contains(@class, "ant-form-item-label")]/label[text()="Mô tả"]/../../*[contains(@class, "ant-form-item")]//textarea</msg>
<status status="PASS" starttime="20230801 16:13:44.131" endtime="20230801 16:13:44.132"/>
</kw>
<kw name="Clear Text" library="Browser">
<arg>${element}</arg>
<tag>PageContent</tag>
<tag>Setter</tag>
<doc>Clears the text field found by ``selector``.</doc>
<status status="PASS" starttime="20230801 16:13:44.133" endtime="20230801 16:13:44.189"/>
</kw>
<kw name="Fill Text" library="Browser">
<arg>${element}</arg>
<arg>${text}</arg>
<tag>PageContent</tag>
<tag>Setter</tag>
<doc>Clears and fills the given ``txt`` into the text field found by ``selector``.</doc>
<msg timestamp="20230801 16:13:44.192" level="INFO">Fills the text 'Nemo a odit nesciunt quas quas ab.' in the given field.</msg>
<status status="PASS" starttime="20230801 16:13:44.190" endtime="20230801 16:13:44.284"/>
</kw>
<kw name="Get Length" library="BuiltIn">
<var>${cnt}</var>
<arg>${text}</arg>
<doc>Returns and logs the length of the given item as an integer.</doc>
<msg timestamp="20230801 16:13:44.285" level="INFO">Length is 34</msg>
<msg timestamp="20230801 16:13:44.285" level="INFO">${cnt} = 34</msg>
<status status="PASS" starttime="20230801 16:13:44.284" endtime="20230801 16:13:44.285"/>
</kw>
<if>
<branch type="IF" condition="${cnt} &gt; 0">
<kw name="Set Global Variable" library="BuiltIn">
<arg>${STATE["${name}"]}</arg>
<arg>${text}</arg>
<doc>Makes a variable available globally in all tests and suites.</doc>
<msg timestamp="20230801 16:13:44.288" level="INFO">${STATE["Mô tả"]} = Nemo a odit nesciunt quas quas ab.</msg>
<status status="PASS" starttime="20230801 16:13:44.287" endtime="20230801 16:13:44.288"/>
</kw>
<status status="PASS" starttime="20230801 16:13:44.286" endtime="20230801 16:13:44.288"/>
</branch>
<status status="PASS" starttime="20230801 16:13:44.286" endtime="20230801 16:13:44.288"/>
</if>
<status status="PASS" starttime="20230801 16:13:44.077" endtime="20230801 16:13:44.289"/>
</kw>
<kw name="And Click select &quot;Quản lý&quot; with &quot;Hoàng Anh&quot;" library="common" sourcename="Click select &quot;${name}&quot; with &quot;${text}&quot;">
<kw name="Get Random Text" library="common">
<var>${text}</var>
<arg>Text</arg>
<arg>${text}</arg>
<kw name="Set Variable" library="BuiltIn">
<var>${symbol}</var>
<arg>_RANDOM_</arg>
<doc>Returns the given values which can then be assigned to a variables.</doc>
<msg timestamp="20230801 16:13:44.295" level="INFO">${symbol} = _RANDOM_</msg>
<status status="PASS" starttime="20230801 16:13:44.294" endtime="20230801 16:13:44.295"/>
</kw>
<kw name="Set Variable" library="BuiltIn">
<var>${new_text}</var>
<doc>Returns the given values which can then be assigned to a variables.</doc>
<msg timestamp="20230801 16:13:44.296" level="INFO">${new_text} = </msg>
<status status="PASS" starttime="20230801 16:13:44.296" endtime="20230801 16:13:44.296"/>
</kw>
<kw name="Get Regexp Matches" library="String">
<var>${containsS}</var>
<arg>${text}</arg>
<arg>_@(.+)@_</arg>
<arg>1</arg>
<doc>Returns a list of all non-overlapping matches in the given string.</doc>
<msg timestamp="20230801 16:13:44.298" level="INFO">${containsS} = []</msg>
