<?xml version="1.0" encoding="UTF-8"?>
<robot generator="Robot 6.1 (Python 3.11.4 on win32)" generated="20230729 15:54:05.097" rpa="false" schemaversion="4">
<suite id="s1" name="Admin Create Code" source="C:\Users\nhats\OneDrive\Desktop\ARI\vite-react-ari\test\testcases\Admin_Create_Code.robot">
<test id="s1-t1" name="EDC-05 Verify that error message display when changing &quot;Mã&quot; field &amp; &quot;Lưu lại&quot; button" line="204">
<kw name="Setup" library="common" type="SETUP">
<kw name="Set Browser Timeout" library="Browser">
<arg>${BROWSER_TIMEOUT}</arg>
<tag>Config</tag>
<tag>Setter</tag>
<doc>Sets the timeout used by most input and getter keywords.</doc>
<status status="PASS" starttime="20230729 15:54:11.135" endtime="20230729 15:54:11.159"/>
</kw>
<kw name="New Browser" library="Browser">
<arg>${BROWSER}</arg>
<arg>headless=${HEADLESS}</arg>
<tag>BrowserControl</tag>
<tag>Setter</tag>
<doc>Create a new playwright Browser with specified options.</doc>
<msg timestamp="20230729 15:54:11.163" level="INFO">{"browser": "chromium", "headless": false, "devtools": false, "handleSIGHUP": true, "handleSIGINT": true, "handleSIGTERM": true, "slowMo": 0.0, "timeout": 30000.0, "deprecated_pos_args": [], "tracesDir": "C:\\Users\\nhats\\OneDrive\\Desktop\\ARI\\vite-react-ari\\browser\\traces\\4c92dafa-85ea-4b8f-b072-f92569c8a117"}</msg>
<msg timestamp="20230729 15:54:13.417" level="INFO">Successfully created browser with options: {"browser":"chromium","headless":false,"devtools":false,"handleSIGHUP":true,"handleSIGINT":true,"handleSIGTERM":true,"slowMo":0,"timeout":30000,"deprecated_pos_args":[],"tracesDir":"C:\\Users\\nhats\\OneDrive\\Desktop\\ARI\\vite-react-ari\\browser\\traces\\4c92dafa-85ea-4b8f-b072-f92569c8a117"}</msg>
<status status="PASS" starttime="20230729 15:54:11.159" endtime="20230729 15:54:13.417"/>
</kw>
<kw name="New Page" library="Browser">
<arg>${URL_DEFAULT}</arg>
<tag>BrowserControl</tag>
<tag>Setter</tag>
<doc>Open a new Page.</doc>
<msg timestamp="20230729 15:54:16.228" level="INFO">Successfully initialized new page object and opened url: http://v2.ari.com.vn/</msg>
<msg timestamp="20230729 15:54:16.228" level="INFO">No context was open. New context was automatically opened when this page is created.</msg>
<status status="PASS" starttime="20230729 15:54:13.418" endtime="20230729 15:54:16.229"/>
</kw>
<kw name="Evaluate" library="BuiltIn">
<var>${STATE}</var>
<arg>json.loads('''{}''')</arg>
<arg>json</arg>
<doc>Evaluates the given expression in Python and returns the result.</doc>
<msg timestamp="20230729 15:54:16.232" level="INFO">${STATE} = {}</msg>
<status status="PASS" starttime="20230729 15:54:16.230" endtime="20230729 15:54:16.232"/>
</kw>
<status status="PASS" starttime="20230729 15:54:11.134" endtime="20230729 15:54:16.232"/>
</kw>
<kw name="When Go to page edit code" library="common">
<kw name="Login to admin" library="common">
<kw name="Enter &quot;email&quot; in &quot;Tên đăng nhập&quot; with &quot;hovannhat@admin.com&quot;" library="common" sourcename="Enter &quot;${type}&quot; in &quot;${name}&quot; with &quot;${text}&quot;">
<kw name="Get Random Text" library="common">
<var>${text}</var>
<arg>${type}</arg>
<arg>${text}</arg>
<kw name="Set Variable" library="BuiltIn">
<var>${symbol}</var>
<arg>_RANDOM_</arg>
<doc>Returns the given values which can then be assigned to a variables.</doc>
<msg timestamp="20230729 15:54:16.249" level="INFO">${symbol} = _RANDOM_</msg>
<status status="PASS" starttime="20230729 15:54:16.248" endtime="20230729 15:54:16.249"/>
</kw>
<kw name="Set Variable" library="BuiltIn">
<var>${new_text}</var>
<doc>Returns the given values which can then be assigned to a variables.</doc>
<msg timestamp="20230729 15:54:16.252" level="INFO">${new_text} = </msg>
<status status="PASS" starttime="20230729 15:54:16.250" endtime="20230729 15:54:16.252"/>
</kw>
<kw name="Get Regexp Matches" library="String">
<var>${containsS}</var>
<arg>${text}</arg>
<arg>_@(.+)@_</arg>
<arg>1</arg>
<doc>Returns a list of all non-overlapping matches in the given string.</doc>
<msg timestamp="20230729 15:54:16.255" level="INFO">${containsS} = []</msg>
<status status="PASS" starttime="20230729 15:54:16.252" endtime="20230729 15:54:16.255"/>
</kw>
<kw name="Get Length" library="BuiltIn">
<var>${cntS}</var>
<arg>${containsS}</arg>
<doc>Returns and logs the length of the given item as an integer.</doc>
<msg timestamp="20230729 15:54:16.257" level="INFO">Length is 0</msg>
<msg timestamp="20230729 15:54:16.257" level="INFO">${cntS} = 0</msg>
<status status="PASS" starttime="20230729 15:54:16.256" endtime="20230729 15:54:16.257"/>
</kw>
<kw name="Get Regexp Matches" library="String">
<var>${contains}</var>
<arg>${text}</arg>
<arg>${symbol}</arg>
<doc>Returns a list of all non-overlapping matches in the given string.</doc>
<msg timestamp="20230729 15:54:16.260" level="INFO">${contains} = []</msg>
<status status="PASS" starttime="20230729 15:54:16.258" endtime="20230729 15:54:16.260"/>
</kw>
<kw name="Get Length" library="BuiltIn">
<var>${cnt}</var>
<arg>${contains}</arg>
<doc>Returns and logs the length of the given item as an integer.</doc>
<msg timestamp="20230729 15:54:16.262" level="INFO">Length is 0</msg>
<msg timestamp="20230729 15:54:16.262" level="INFO">${cnt} = 0</msg>
<status status="PASS" starttime="20230729 15:54:16.262" endtime="20230729 15:54:16.262"/>
</kw>
<if>
<branch type="IF" condition="${cntS} &gt; 0">
<kw name="Set Variable" library="BuiltIn">
<var>${new_text}</var>
<arg>${STATE["${containsS[0]}"]}</arg>
<doc>Returns the given values which can then be assigned to a variables.</doc>
<status status="NOT RUN" starttime="20230729 15:54:16.265" endtime="20230729 15:54:16.265"/>
</kw>
<kw name="Set Variable" library="BuiltIn">
<var>${symbol}</var>
<arg>_@${containsS[0]}@_</arg>
<doc>Returns the given values which can then be assigned to a variables.</doc>
<status status="NOT RUN" starttime="20230729 15:54:16.266" endtime="20230729 15:54:16.267"/>
</kw>
<status status="NOT RUN" starttime="20230729 15:54:16.263" endtime="20230729 15:54:16.267"/>
</branch>
<branch type="ELSE IF" condition="${cnt} &gt; 0 and '${type}' == 'test name'">
<kw name="Sentence" library="FakerLibrary">
<var>${random}</var>
<arg>nb_words=3</arg>
<doc>Generate a sentence.</doc>
<status status="NOT RUN" starttime="20230729 15:54:16.268" endtime="20230729 15:54:16.268"/>
</kw>
<kw name="Split String" library="String">
<var>${words}</var>
<arg>${TEST NAME}</arg>
<arg>${SPACE}</arg>
<doc>Splits the ``string`` using ``separator`` as a delimiter string.</doc>
<status status="NOT RUN" starttime="20230729 15:54:16.269" endtime="20230729 15:54:16.270"/>
</kw>
<kw name="Set Variable" library="BuiltIn">
<var>${new_text}</var>
<arg>${words[0]} ${random}</arg>
<doc>Returns the given values which can then be assigned to a variables.</doc>
<status status="NOT RUN" starttime="20230729 15:54:16.271" endtime="20230729 15:54:16.271"/>
</kw>
<status status="NOT RUN" starttime="20230729 15:54:16.267" endtime="20230729 15:54:16.272"/>
</branch>
<branch type="ELSE IF" condition="${cnt} &gt; 0 and '${type}' == 'number'">
<kw name="Random Int" library="FakerLibrary">
<var>${new_text}</var>
<arg>min=1000000000000</arg>
<arg>max=9999999999999</arg>
<doc>Generate a random integer between two integers ``min`` and ``max`` inclusive
while observing the provided ``step`` value.</doc>
<status status="NOT RUN" starttime="20230729 15:54:16.274" endtime="20230729 15:54:16.276"/>
</kw>
<kw name="Convert To String" library="BuiltIn">
<var>${new_text}</var>
<arg>${new_text}</arg>
<doc>Converts the given item to a Unicode string.</doc>
<status status="NOT RUN" starttime="20230729 15:54:16.278" endtime="20230729 15:54:16.278"/>
</kw>
<status status="NOT RUN" starttime="20230729 15:54:16.273" endtime="20230729 15:54:16.278"/>
</branch>
<branch type="ELSE IF" condition="${cnt} &gt; 0 and '${type}' == 'order number'">
<kw name="Random Int" library="FakerLibrary">
<var>${new_text}</var>
<arg>min=0</arg>
<arg>max=999999999</arg>
<doc>Generate a random integer between two integers ``min`` and ``max`` inclusive
while observing the provided ``step`` value.</doc>
<status status="NOT RUN" starttime="20230729 15:54:16.281" endtime="20230729 15:54:16.281"/>
</kw>
<kw name="Convert To String" library="BuiltIn">
<var>${new_text}</var>
<arg>${new_text}</arg>
<doc>Converts the given item to a Unicode string.</doc>
<status status="NOT RUN" starttime="20230729 15:54:16.285" endtime="20230729 15:54:16.285"/>
</kw>
<status status="NOT RUN" starttime="20230729 15:54:16.279" endtime="20230729 15:54:16.286"/>
</branch>
<branch type="ELSE IF" condition="${cnt} &gt; 0 and '${type}' == 'leave date valid'">
<kw name="Random Int" library="FakerLibrary">
<var>${new_text}</var>
<arg>min=0</arg>
<arg>max=16</arg>
<doc>Generate a random integer between two integers ``min`` and ``max`` inclusive
while observing the provided ``step`` value.</doc>
<status status="NOT RUN" starttime="20230729 15:54:16.287" endtime="20230729 15:54:16.287"/>
</kw>
<kw name="Convert To String" library="BuiltIn">
<var>${new_text}</var>
<arg>${new_text}</arg>
<doc>Converts the given item to a Unicode string.</doc>
<status status="NOT RUN" starttime="20230729 15:54:16.288" endtime="20230729 15:54:16.288"/>
</kw>
<status status="NOT RUN" starttime="20230729 15:54:16.286" endtime="20230729 15:54:16.289"/>
</branch>
<branch type="ELSE IF" condition="${cnt} &gt; 0 and '${type}' == 'leave date invalid'">
<kw name="Random Int" library="FakerLibrary">
<var>${new_text}</var>
<arg>min=17</arg>
<arg>max=99</arg>
<doc>Generate a random integer between two integers ``min`` and ``max`` inclusive
while observing the provided ``step`` value.</doc>
<status status="NOT RUN" starttime="20230729 15:54:16.290" endtime="20230729 15:54:16.290"/>
</kw>
<kw name="Convert To String" library="BuiltIn">
<var>${new_text}</var>
<arg>${new_text}</arg>
<doc>Converts the given item to a Unicode string.</doc>
<status status="NOT RUN" starttime="20230729 15:54:16.291" endtime="20230729 15:54:16.293"/>
</kw>
<status status="NOT RUN" starttime="20230729 15:54:16.289" endtime="20230729 15:54:16.294"/>
</branch>
<branch type="ELSE IF" condition="${cnt} &gt; 0 and '${type}' == 'percentage'">
<kw name="Random Int" library="FakerLibrary">
<var>${new_text}</var>
<arg>max=100</arg>
<doc>Generate a random integer between two integers ``min`` and ``max`` inclusive
while observing the provided ``step`` value.</doc>
<status status="NOT RUN" starttime="20230729 15:54:16.299" endtime="20230729 15:54:16.299"/>
</kw>
<kw name="Convert To String" library="BuiltIn">
<var>${new_text}</var>
<arg>${new_text}</arg>
<doc>Converts the given item to a Unicode string.</doc>
<status status="NOT RUN" starttime="20230729 15:54:16.300" endtime="20230729 15:54:16.300"/>
</kw>
<status status="NOT RUN" starttime="20230729 15:54:16.295" endtime="20230729 15:54:16.300"/>
</branch>
<branch type="ELSE IF" condition="${cnt} &gt; 0 and '${type}' == 'paragraph'">
<kw name="Paragraph" library="FakerLibrary">
<var>${new_text}</var>
<doc>Generate a paragraph.</doc>
<status status="NOT RUN" starttime="20230729 15:54:16.301" endtime="20230729 15:54:16.302"/>
</kw>
<status status="NOT RUN" starttime="20230729 15:54:16.300" endtime="20230729 15:54:16.302"/>
</branch>
<branch type="ELSE IF" condition="${cnt} &gt; 0 and '${type}' == 'email'">
<kw name="Email" library="FakerLibrary">
<var>${new_text}</var>
<status status="NOT RUN" starttime="20230729 15:54:16.302" endtime="20230729 15:54:16.303"/>
</kw>
<status status="NOT RUN" starttime="20230729 15:54:16.302" endtime="20230729 15:54:16.303"/>
</branch>
<branch type="ELSE IF" condition="${cnt} &gt; 0 and '${type}' == 'phone'">
<kw name="Random Int" library="FakerLibrary">
<var>${new_text}</var>
<arg>min=55555555</arg>
<arg>max=999999999999</arg>
<doc>Generate a random integer between two integers ``min`` and ``max`` inclusive
while observing the provided ``step`` value.</doc>
<status status="NOT RUN" starttime="20230729 15:54:16.304" endtime="20230729 15:54:16.304"/>
</kw>
<kw name="Convert To String" library="BuiltIn">
<var>${new_text}</var>
<arg>${new_text}</arg>
<doc>Converts the given item to a Unicode string.</doc>
<status status="NOT RUN" starttime="20230729 15:54:16.305" endtime="20230729 15:54:16.305"/>
</kw>
<status status="NOT RUN" starttime="20230729 15:54:16.303" endtime="20230729 15:54:16.305"/>
</branch>
<branch type="ELSE IF" condition="${cnt} &gt; 0 and '${type}' == 'color'">
<kw name="Safe Hex Color" library="FakerLibrary">
<var>${new_text}</var>
<doc>Generate a web-safe color formatted as a hex triplet.</doc>
<status status="NOT RUN" starttime="20230729 15:54:16.306" endtime="20230729 15:54:16.307"/>
</kw>
<status status="NOT RUN" starttime="20230729 15:54:16.306" endtime="20230729 15:54:16.307"/>
</branch>
<branch type="ELSE IF" condition="${cnt} &gt; 0 and '${type}' == 'date'">
<kw name="Date" library="FakerLibrary">
<var>${new_text}</var>
<arg>pattern=%d-%m-%Y</arg>
<doc>Get a date string between January 1, 1970 and now.</doc>
<status status="NOT RUN" starttime="20230729 15:54:16.312" endtime="20230729 15:54:16.313"/>
</kw>
<status status="NOT RUN" starttime="20230729 15:54:16.307" endtime="20230729 15:54:16.313"/>
</branch>
<branch type="ELSE IF" condition="${cnt} &gt; 0 and '${type}' == 'word'">
<kw name="Sentence" library="FakerLibrary">
<var>${new_text}</var>
<arg>nb_words=2</arg>
<doc>Generate a sentence.</doc>
<status status="NOT RUN" starttime="20230729 15:54:16.316" endtime="20230729 15:54:16.316"/>
</kw>
<status status="NOT RUN" starttime="20230729 15:54:16.314" endtime="20230729 15:54:16.316"/>
</branch>
<branch type="ELSE IF" condition="${cnt} &gt; 0">
<kw name="Sentence" library="FakerLibrary">
<var>${new_text}</var>
<doc>Generate a sentence.</doc>
<status status="NOT RUN" starttime="20230729 15:54:16.318" endtime="20230729 15:54:16.318"/>
</kw>
<status status="NOT RUN" starttime="20230729 15:54:16.317" endtime="20230729 15:54:16.318"/>
</branch>
<status status="PASS" starttime="20230729 15:54:16.263" endtime="20230729 15:54:16.318"/>
</if>
<kw name="Get Length" library="BuiltIn">
<var>${cnt}</var>
<arg>${text}</arg>
<doc>Returns and logs the length of the given item as an integer.</doc>
<msg timestamp="20230729 15:54:16.320" level="INFO">Length is 19</msg>
<msg timestamp="20230729 15:54:16.321" level="INFO">${cnt} = 19</msg>
<status status="PASS" starttime="20230729 15:54:16.319" endtime="20230729 15:54:16.321"/>
</kw>
<if>
<branch type="IF" condition="${cnt} &gt; 0">
<kw name="Replace String" library="String">
<var>${text}</var>
<arg>${text}</arg>
<arg>${symbol}</arg>
<arg>${new_text}</arg>
<doc>Replaces ``search_for`` in the given ``string`` with ``replace_with``.</doc>
<msg timestamp="20230729 15:54:16.331" level="INFO">${text} = hovannhat@admin.com</msg>
<status status="PASS" starttime="20230729 15:54:16.323" endtime="20230729 15:54:16.331"/>
</kw>
<status status="PASS" starttime="20230729 15:54:16.321" endtime="20230729 15:54:16.332"/>
</branch>
<status status="PASS" starttime="20230729 15:54:16.321" endtime="20230729 15:54:16.332"/>
</if>
<msg timestamp="20230729 15:54:16.333" level="INFO">${text} = hovannhat@admin.com</msg>
<status status="PASS" starttime="20230729 15:54:16.246" endtime="20230729 15:54:16.333"/>
</kw>
<kw name="Get Element Form Item By Name" library="common">
<var>${element}</var>
<arg>${name}</arg>
<arg>//input[contains(@class, "ant-input")]</arg>
<msg timestamp="20230729 15:54:16.335" level="INFO">${element} = xpath=//*[contains(@class, "ant-form-item-label")]/label[text()="Tên đăng nhập"]/../../*[contains(@class, "ant-form-item")]//input[contains(@class, "ant-input")]</msg>
<status status="PASS" starttime="20230729 15:54:16.334" endtime="20230729 15:54:16.335"/>
</kw>
<kw name="Clear Text" library="Browser">
<arg>${element}</arg>
<tag>PageContent</tag>
<tag>Setter</tag>
<doc>Clears the text field found by ``selector``.</doc>
<status status="PASS" starttime="20230729 15:54:16.336" endtime="20230729 15:54:19.676"/>
</kw>
<kw name="Fill Text" library="Browser">
<arg>${element}</arg>
<arg>${text}</arg>
<arg>True</arg>
<tag>PageContent</tag>
<tag>Setter</tag>
<doc>Clears and fills the given ``txt`` into the text field found by ``selector``.</doc>
<msg timestamp="20230729 15:54:19.679" level="INFO">Fills the text 'hovannhat@admin.com' in the given field.</msg>
<status status="PASS" starttime="20230729 15:54:19.678" endtime="20230729 15:54:19.779"/>
</kw>
<kw name="Get Length" library="BuiltIn">
<var>${cnt}</var>
<arg>${text}</arg>
<doc>Returns and logs the length of the given item as an integer.</doc>
<msg timestamp="20230729 15:54:19.780" level="INFO">Length is 19</msg>
<msg timestamp="20230729 15:54:19.781" level="INFO">${cnt} = 19</msg>
<status status="PASS" starttime="20230729 15:54:19.780" endtime="20230729 15:54:19.781"/>
</kw>
<if>
<branch type="IF" condition="${cnt} &gt; 0">
<kw name="Set Global Variable" library="BuiltIn">
<arg>${STATE["${name}"]}</arg>
<arg>${text}</arg>
<doc>Makes a variable available globally in all tests and suites.</doc>
<msg timestamp="20230729 15:54:19.785" level="INFO">${STATE["Tên đăng nhập"]} = hovannhat@admin.com</msg>
<status status="PASS" starttime="20230729 15:54:19.782" endtime="20230729 15:54:19.785"/>
</kw>
<status status="PASS" starttime="20230729 15:54:19.781" endtime="20230729 15:54:19.786"/>
</branch>
<status status="PASS" starttime="20230729 15:54:19.781" endtime="20230729 15:54:19.786"/>
</if>
<status status="PASS" starttime="20230729 15:54:16.244" endtime="20230729 15:54:19.786"/>
</kw>
<kw name="Enter &quot;text&quot; in &quot;Mật khẩu&quot; with &quot;Nhat@01101999&quot;" library="common" sourcename="Enter &quot;${type}&quot; in &quot;${name}&quot; with &quot;${text}&quot;">
<kw name="Get Random Text" library="common">
<var>${text}</var>
<arg>${type}</arg>
<arg>${text}</arg>
<kw name="Set Variable" library="BuiltIn">
<var>${symbol}</var>
<arg>_RANDOM_</arg>
<doc>Returns the given values which can then be assigned to a variables.</doc>
<msg timestamp="20230729 15:54:19.789" level="INFO">${symbol} = _RANDOM_</msg>
<status status="PASS" starttime="20230729 15:54:19.788" endtime="20230729 15:54:19.789"/>
</kw>
<kw name="Set Variable" library="BuiltIn">
<var>${new_text}</var>
<doc>Returns the given values which can then be assigned to a variables.</doc>
<msg timestamp="20230729 15:54:19.790" level="INFO">${new_text} = </msg>
<status status="PASS" starttime="20230729 15:54:19.789" endtime="20230729 15:54:19.790"/>
</kw>
<kw name="Get Regexp Matches" library="String">
<var>${containsS}</var>
<arg>${text}</arg>
<arg>_@(.+)@_</arg>
<arg>1</arg>
<doc>Returns a list of all non-overlapping matches in the given string.</doc>
<msg timestamp="20230729 15:54:19.792" level="INFO">${containsS} = []</msg>
<status status="PASS" starttime="20230729 15:54:19.791" endtime="20230729 15:54:19.792"/>
</kw>
<kw name="Get Length" library="BuiltIn">
<var>${cntS}</var>
<arg>${containsS}</arg>
<doc>Returns and logs the length of the given item as an integer.</doc>
<msg timestamp="20230729 15:54:19.793" level="INFO">Length is 0</msg>
<msg timestamp="20230729 15:54:19.793" level="INFO">${cntS} = 0</msg>
<status status="PASS" starttime="20230729 15:54:19.792" endtime="20230729 15:54:19.794"/>
</kw>
<kw name="Get Regexp Matches" library="String">
<var>${contains}</var>
<arg>${text}</arg>
<arg>${symbol}</arg>
<doc>Returns a list of all non-overlapping matches in the given string.</doc>
<msg timestamp="20230729 15:54:19.795" level="INFO">${contains} = []</msg>
<status status="PASS" starttime="20230729 15:54:19.794" endtime="20230729 15:54:19.795"/>
</kw>
<kw name="Get Length" library="BuiltIn">
<var>${cnt}</var>
<arg>${contains}</arg>
<doc>Returns and logs the length of the given item as an integer.</doc>
<msg timestamp="20230729 15:54:19.797" level="INFO">Length is 0</msg>
<msg timestamp="20230729 15:54:19.797" level="INFO">${cnt} = 0</msg>
<status status="PASS" starttime="20230729 15:54:19.796" endtime="20230729 15:54:19.797"/>
</kw>
<if>
<branch type="IF" condition="${cntS} &gt; 0">
<kw name="Set Variable" library="BuiltIn">
<var>${new_text}</var>
<arg>${STATE["${containsS[0]}"]}</arg>
<doc>Returns the given values which can then be assigned to a variables.</doc>
<status status="NOT RUN" starttime="20230729 15:54:19.799" endtime="20230729 15:54:19.799"/>
</kw>
<kw name="Set Variable" library="BuiltIn">
<var>${symbol}</var>
<arg>_@${containsS[0]}@_</arg>
<doc>Returns the given values which can then be assigned to a variables.</doc>
<status status="NOT RUN" starttime="20230729 15:54:19.800" endtime="20230729 15:54:19.800"/>
</kw>
<status status="NOT RUN" starttime="20230729 15:54:19.798" endtime="20230729 15:54:19.800"/>
</branch>
<branch type="ELSE IF" condition="${cnt} &gt; 0 and '${type}' == 'test name'">
<kw name="Sentence" library="FakerLibrary">
<var>${random}</var>
<arg>nb_words=3</arg>
<doc>Generate a sentence.</doc>
<status status="NOT RUN" starttime="20230729 15:54:19.801" endtime="20230729 15:54:19.802"/>
</kw>
<kw name="Split String" library="String">
<var>${words}</var>
<arg>${TEST NAME}</arg>
<arg>${SPACE}</arg>
<doc>Splits the ``string`` using ``separator`` as a delimiter string.</doc>
<status status="NOT RUN" starttime="20230729 15:54:19.802" endtime="20230729 15:54:19.802"/>
</kw>
<kw name="Set Variable" library="BuiltIn">
<var>${new_text}</var>
<arg>${words[0]} ${random}</arg>
<doc>Returns the given values which can then be assigned to a variables.</doc>
<status status="NOT RUN" starttime="20230729 15:54:19.803" endtime="20230729 15:54:19.803"/>
</kw>
<status status="NOT RUN" starttime="20230729 15:54:19.801" endtime="20230729 15:54:19.803"/>
</branch>
<branch type="ELSE IF" condition="${cnt} &gt; 0 and '${type}' == 'number'">
<kw name="Random Int" library="FakerLibrary">
<var>${new_text}</var>
<arg>min=1000000000000</arg>
<arg>max=9999999999999</arg>
<doc>Generate a random integer between two integers ``min`` and ``max`` inclusive
while observing the provided ``step`` value.</doc>
<status status="NOT RUN" starttime="20230729 15:54:19.805" endtime="20230729 15:54:19.805"/>
</kw>
<kw name="Convert To String" library="BuiltIn">
<var>${new_text}</var>
<arg>${new_text}</arg>
<doc>Converts the given item to a Unicode string.</doc>
<status status="NOT RUN" starttime="20230729 15:54:19.805" endtime="20230729 15:54:19.806"/>
</kw>
<status status="NOT RUN" starttime="20230729 15:54:19.804" endtime="20230729 15:54:19.806"/>
</branch>
<branch type="ELSE IF" condition="${cnt} &gt; 0 and '${type}' == 'order number'">
<kw name="Random Int" library="FakerLibrary">
<var>${new_text}</var>
<arg>min=0</arg>
<arg>max=999999999</arg>
<doc>Generate a random integer between two integers ``min`` and ``max`` inclusive
while observing the provided ``step`` value.</doc>
<status status="NOT RUN" starttime="20230729 15:54:19.807" endtime="20230729 15:54:19.808"/>
</kw>
<kw name="Convert To String" library="BuiltIn">
<var>${new_text}</var>
<arg>${new_text}</arg>
<doc>Converts the given item to a Unicode string.</doc>
<status status="NOT RUN" starttime="20230729 15:54:19.808" endtime="20230729 15:54:19.809"/>
</kw>
<status status="NOT RUN" starttime="20230729 15:54:19.806" endtime="20230729 15:54:19.809"/>
</branch>
<branch type="ELSE IF" condition="${cnt} &gt; 0 and '${type}' == 'leave date valid'">
<kw name="Random Int" library="FakerLibrary">
<var>${new_text}</var>
<arg>min=0</arg>
<arg>max=16</arg>
<doc>Generate a random integer between two integers ``min`` and ``max`` inclusive
while observing the provided ``step`` value.</doc>
<status status="NOT RUN" starttime="20230729 15:54:19.810" endtime="20230729 15:54:19.810"/>
</kw>
<kw name="Convert To String" library="BuiltIn">
<var>${new_text}</var>
<arg>${new_text}</arg>
<doc>Converts the given item to a Unicode string.</doc>
<status status="NOT RUN" starttime="20230729 15:54:19.811" endtime="20230729 15:54:19.811"/>
</kw>
<status status="NOT RUN" starttime="20230729 15:54:19.809" endtime="20230729 15:54:19.811"/>
</branch>
<branch type="ELSE IF" condition="${cnt} &gt; 0 and '${type}' == 'leave date invalid'">
<kw name="Random Int" library="FakerLibrary">
<var>${new_text}</var>
<arg>min=17</arg>
<arg>max=99</arg>
<doc>Generate a random integer between two integers ``min`` and ``max`` inclusive
while observing the provided ``step`` value.</doc>
<status status="NOT RUN" starttime="20230729 15:54:19.813" endtime="20230729 15:54:19.814"/>
</kw>
<kw name="Convert To String" library="BuiltIn">
<var>${new_text}</var>
<arg>${new_text}</arg>
<doc>Converts the given item to a Unicode string.</doc>
<status status="NOT RUN" starttime="20230729 15:54:19.815" endtime="20230729 15:54:19.816"/>
</kw>
<status status="NOT RUN" starttime="20230729 15:54:19.812" endtime="20230729 15:54:19.817"/>
</branch>
<branch type="ELSE IF" condition="${cnt} &gt; 0 and '${type}' == 'percentage'">
<kw name="Random Int" library="FakerLibrary">
<var>${new_text}</var>
<arg>max=100</arg>
<doc>Generate a random integer between two integers ``min`` and ``max`` inclusive
while observing the provided ``step`` value.</doc>
<status status="NOT RUN" starttime="20230729 15:54:19.820" endtime="20230729 15:54:19.821"/>
</kw>
<kw name="Convert To String" library="BuiltIn">
<var>${new_text}</var>
<arg>${new_text}</arg>
<doc>Converts the given item to a Unicode string.</doc>
<status status="NOT RUN" starttime="20230729 15:54:19.822" endtime="20230729 15:54:19.822"/>
</kw>
<status status="NOT RUN" starttime="20230729 15:54:19.819" endtime="20230729 15:54:19.822"/>
</branch>
<branch type="ELSE IF" condition="${cnt} &gt; 0 and '${type}' == 'paragraph'">
<kw name="Paragraph" library="FakerLibrary">
<var>${new_text}</var>
<doc>Generate a paragraph.</doc>
<status status="NOT RUN" starttime="20230729 15:54:19.823" endtime="20230729 15:54:19.825"/>
</kw>
<status status="NOT RUN" starttime="20230729 15:54:19.823" endtime="20230729 15:54:19.826"/>
</branch>
<branch type="ELSE IF" condition="${cnt} &gt; 0 and '${type}' == 'email'">
<kw name="Email" library="FakerLibrary">
<var>${new_text}</var>
<status status="NOT RUN" starttime="20230729 15:54:19.827" endtime="20230729 15:54:19.828"/>
</kw>
<status status="NOT RUN" starttime="20230729 15:54:19.826" endtime="20230729 15:54:19.829"/>
</branch>
<branch type="ELSE IF" condition="${cnt} &gt; 0 and '${type}' == 'phone'">
<kw name="Random Int" library="FakerLibrary">
<var>${new_text}</var>
<arg>min=55555555</arg>
<arg>max=999999999999</arg>
<doc>Generate a random integer between two integers ``min`` and ``max`` inclusive
while observing the provided ``step`` value.</doc>
<status status="NOT RUN" starttime="20230729 15:54:19.830" endtime="20230729 15:54:19.832"/>
</kw>
<kw name="Convert To String" library="BuiltIn">
<var>${new_text}</var>
<arg>${new_text}</arg>
<doc>Converts the given item to a Unicode string.</doc>
<status status="NOT RUN" starttime="20230729 15:54:19.832" endtime="20230729 15:54:19.832"/>
</kw>
<status status="NOT RUN" starttime="20230729 15:54:19.829" endtime="20230729 15:54:19.833"/>
</branch>
<branch type="ELSE IF" condition="${cnt} &gt; 0 and '${type}' == 'color'">
<kw name="Safe Hex Color" library="FakerLibrary">
<var>${new_text}</var>
<doc>Generate a web-safe color formatted as a hex triplet.</doc>
<status status="NOT RUN" starttime="20230729 15:54:19.834" endtime="20230729 15:54:19.835"/>
</kw>
<status status="NOT RUN" starttime="20230729 15:54:19.833" endtime="20230729 15:54:19.835"/>
</branch>
<branch type="ELSE IF" condition="${cnt} &gt; 0 and '${type}' == 'date'">
<kw name="Date" library="FakerLibrary">
<var>${new_text}</var>
<arg>pattern=%d-%m-%Y</arg>
<doc>Get a date string between January 1, 1970 and now.</doc>
<status status="NOT RUN" starttime="20230729 15:54:19.836" endtime="20230729 15:54:19.836"/>
</kw>
<status status="NOT RUN" starttime="20230729 15:54:19.835" endtime="20230729 15:54:19.836"/>
</branch>
<branch type="ELSE IF" condition="${cnt} &gt; 0 and '${type}' == 'word'">
<kw name="Sentence" library="FakerLibrary">
<var>${new_text}</var>
<arg>nb_words=2</arg>
<doc>Generate a sentence.</doc>
<status status="NOT RUN" starttime="20230729 15:54:19.837" endtime="20230729 15:54:19.838"/>
</kw>
<status status="NOT RUN" starttime="20230729 15:54:19.837" endtime="20230729 15:54:19.838"/>
</branch>
<branch type="ELSE IF" condition="${cnt} &gt; 0">
<kw name="Sentence" library="FakerLibrary">
<var>${new_text}</var>
<doc>Generate a sentence.</doc>
<status status="NOT RUN" starttime="20230729 15:54:19.839" endtime="20230729 15:54:19.839"/>
</kw>
<status status="NOT RUN" starttime="20230729 15:54:19.838" endtime="20230729 15:54:19.839"/>
</branch>
<status status="PASS" starttime="20230729 15:54:19.797" endtime="20230729 15:54:19.840"/>
</if>
<kw name="Get Length" library="BuiltIn">
<var>${cnt}</var>
<arg>${text}</arg>
<doc>Returns and logs the length of the given item as an integer.</doc>
<msg timestamp="20230729 15:54:19.845" level="INFO">Length is 13</msg>
<msg timestamp="20230729 15:54:19.845" level="INFO">${cnt} = 13</msg>
<status status="PASS" starttime="20230729 15:54:19.840" endtime="20230729 15:54:19.845"/>
</kw>
<if>
<branch type="IF" condition="${cnt} &gt; 0">
<kw name="Replace String" library="String">
<var>${text}</var>
<arg>${text}</arg>
<arg>${symbol}</arg>
<arg>${new_text}</arg>
<doc>Replaces ``search_for`` in the given ``string`` with ``replace_with``.</doc>
<msg timestamp="20230729 15:54:19.848" level="INFO">${text} = Nhat@01101999</msg>
<status status="PASS" starttime="20230729 15:54:19.847" endtime="20230729 15:54:19.848"/>
</kw>
<status status="PASS" starttime="20230729 15:54:19.846" endtime="20230729 15:54:19.848"/>
</branch>
<status status="PASS" starttime="20230729 15:54:19.846" endtime="20230729 15:54:19.848"/>
</if>
<msg timestamp="20230729 15:54:19.849" level="INFO">${text} = Nhat@01101999</msg>
<status status="PASS" starttime="20230729 15:54:19.787" endtime="20230729 15:54:19.849"/>
</kw>
<kw name="Get Element Form Item By Name" library="common">
<var>${element}</var>
<arg>${name}</arg>
<arg>//input[contains(@class, "ant-input")]</arg>
<msg timestamp="20230729 15:54:19.850" level="INFO">${element} = xpath=//*[contains(@class, "ant-form-item-label")]/label[text()="Mật khẩu"]/../../*[contains(@class, "ant-form-item")]//input[contains(@class, "ant-input")]</msg>
<status status="PASS" starttime="20230729 15:54:19.849" endtime="20230729 15:54:19.850"/>
</kw>
<kw name="Clear Text" library="Browser">
<arg>${element}</arg>
<tag>PageContent</tag>
<tag>Setter</tag>
<doc>Clears the text field found by ``selector``.</doc>
<status status="PASS" starttime="20230729 15:54:19.851" endtime="20230729 15:54:19.990"/>
</kw>
<kw name="Fill Text" library="Browser">
<arg>${element}</arg>
<arg>${text}</arg>
<arg>True</arg>
<tag>PageContent</tag>
<tag>Setter</tag>
<doc>Clears and fills the given ``txt`` into the text field found by ``selector``.</doc>
<msg timestamp="20230729 15:54:19.994" level="INFO">Fills the text 'Nhat@01101999' in the given field.</msg>
<status status="PASS" starttime="20230729 15:54:19.992" endtime="20230729 15:54:20.066"/>
</kw>
<kw name="Get Length" library="BuiltIn">
<var>${cnt}</var>
<arg>${text}</arg>
<doc>Returns and logs the length of the given item as an integer.</doc>
<msg timestamp="20230729 15:54:20.068" level="INFO">Length is 13</msg>
<msg timestamp="20230729 15:54:20.068" level="INFO">${cnt} = 13</msg>
<status status="PASS" starttime="20230729 15:54:20.067" endtime="20230729 15:54:20.068"/>
</kw>
<if>
<branch type="IF" condition="${cnt} &gt; 0">
<kw name="Set Global Variable" library="BuiltIn">
<arg>${STATE["${name}"]}</arg>
<arg>${text}</arg>
<doc>Makes a variable available globally in all tests and suites.</doc>
<msg timestamp="20230729 15:54:20.072" level="INFO">${STATE["Mật khẩu"]} = Nhat@01101999</msg>
<status status="PASS" starttime="20230729 15:54:20.070" endtime="20230729 15:54:20.073"/>
</kw>
<status status="PASS" starttime="20230729 15:54:20.069" endtime="20230729 15:54:20.073"/>
</branch>
<status status="PASS" starttime="20230729 15:54:20.068" endtime="20230729 15:54:20.073"/>
</if>
<status status="PASS" starttime="20230729 15:54:19.787" endtime="20230729 15:54:20.075"/>
</kw>
<kw name="Click &quot;Đăng nhập&quot; button" library="common" sourcename="Click &quot;${text}&quot; button">
<kw name="Click" library="Browser">
<arg>xpath=//button[@title = "${text}"]</arg>
<tag>PageContent</tag>
<tag>Setter</tag>
<doc>Simulates mouse click on the element found by ``selector``.</doc>
<status status="PASS" starttime="20230729 15:54:20.079" endtime="20230729 15:54:20.389"/>
</kw>
<kw name="Click Confirm To Action" library="common">
<kw name="Set Variable" library="BuiltIn">
<var>${element}</var>
<arg>xpath=//*[contains(@class, "ant-popover")]//*[contains(@class, "ant-btn-primary")]</arg>
<doc>Returns the given values which can then be assigned to a variables.</doc>
<msg timestamp="20230729 15:54:20.392" level="INFO">${element} = xpath=//*[contains(@class, "ant-popover")]//*[contains(@class, "ant-btn-primary")]</msg>
<status status="PASS" starttime="20230729 15:54:20.391" endtime="20230729 15:54:20.392"/>
</kw>
<kw name="Get Element Count" library="Browser">
<var>${count}</var>
<arg>${element}</arg>
<tag>Assertion</tag>
<tag>Getter</tag>
<tag>PageContent</tag>
<doc>Returns the count of elements found with ``selector``.</doc>
<msg timestamp="20230729 15:54:20.485" level="INFO">${count} = 0</msg>
<status status="PASS" starttime="20230729 15:54:20.395" endtime="20230729 15:54:20.485"/>
</kw>
<if>
<branch type="IF" condition="${count} &gt; 0">
<kw name="Click" library="Browser">
<arg>${element}</arg>
<tag>PageContent</tag>
<tag>Setter</tag>
<doc>Simulates mouse click on the element found by ``selector``.</doc>
<status status="NOT RUN" starttime="20230729 15:54:20.487" endtime="20230729 15:54:20.487"/>
</kw>
<kw name="Sleep" library="BuiltIn">
<arg>${SHOULD_TIMEOUT}</arg>
<doc>Pauses the test executed for the given time.</doc>
<status status="NOT RUN" starttime="20230729 15:54:20.488" endtime="20230729 15:54:20.488"/>
</kw>
<status status="NOT RUN" starttime="20230729 15:54:20.486" endtime="20230729 15:54:20.488"/>
</branch>
<status status="PASS" starttime="20230729 15:54:20.485" endtime="20230729 15:54:20.489"/>
</if>
<status status="PASS" starttime="20230729 15:54:20.389" endtime="20230729 15:54:20.489"/>
</kw>
<kw name="Scroll By" library="Browser">
<arg>${None}</arg>
<tag>PageContent</tag>
<tag>Setter</tag>
<doc>Scrolls an element or the page relative from current position by the given values.</doc>
<status status="PASS" starttime="20230729 15:54:20.490" endtime="20230729 15:54:20.602"/>
</kw>
<status status="PASS" starttime="20230729 15:54:20.077" endtime="20230729 15:54:20.602"/>
</kw>
<kw name="User look message &quot;Thành công&quot; popup" library="common" sourcename="User look message &quot;${message}&quot; popup">
<kw name="Get Regexp Matches" library="String">
<var>${contains}</var>
<arg>${message}</arg>
<arg>_@(.+)@_</arg>
<arg>1</arg>
<doc>Returns a list of all non-overlapping matches in the given string.</doc>
<msg timestamp="20230729 15:54:20.606" level="INFO">${contains} = []</msg>
<status status="PASS" starttime="20230729 15:54:20.605" endtime="20230729 15:54:20.607"/>
</kw>
<kw name="Get Length" library="BuiltIn">
<var>${cnt}</var>
<arg>${contains}</arg>
<doc>Returns and logs the length of the given item as an integer.</doc>
<msg timestamp="20230729 15:54:20.608" level="INFO">Length is 0</msg>
<msg timestamp="20230729 15:54:20.608" level="INFO">${cnt} = 0</msg>
<status status="PASS" starttime="20230729 15:54:20.607" endtime="20230729 15:54:20.609"/>
</kw>
<if>
<branch type="IF" condition="${cnt} &gt; 0">
<kw name="Replace String" library="String">
<var>${message}</var>
<arg>${message}</arg>
<arg>_@${contains[0]}@_</arg>
<arg>${STATE["${contains[0]}"]}</arg>
<doc>Replaces ``search_for`` in the given ``string`` with ``replace_with``.</doc>
<status status="NOT RUN" starttime="20230729 15:54:20.613" endtime="20230729 15:54:20.614"/>
</kw>
<status status="NOT RUN" starttime="20230729 15:54:20.611" endtime="20230729 15:54:20.614"/>
</branch>
<status status="PASS" starttime="20230729 15:54:20.610" endtime="20230729 15:54:20.614"/>
</if>
<kw name="Element Text Should Be" library="common">
<arg>id=swal2-html-container</arg>
<arg>${message}</arg>
<kw name="Get Text" library="Browser">
<arg>${locator}</arg>
<arg>equal</arg>
<arg>${expected}</arg>
<arg>${message}</arg>
<tag>Assertion</tag>
<tag>Getter</tag>
<tag>PageContent</tag>
<doc>Returns text attribute of the element found by ``selector``.</doc>
<msg timestamp="20230729 15:54:24.101" level="INFO">Text: 'Thành công'</msg>
<status status="PASS" starttime="20230729 15:54:20.620" endtime="20230729 15:54:24.101"/>
</kw>
<status status="PASS" starttime="20230729 15:54:20.615" endtime="20230729 15:54:24.101"/>
</kw>
<kw name="Set Variable" library="BuiltIn">
<var>${element}</var>
<arg>xpath=//*[contains(@class, "swal2-confirm")]</arg>
<doc>Returns the given values which can then be assigned to a variables.</doc>
<msg timestamp="20230729 15:54:24.104" level="INFO">${element} = xpath=//*[contains(@class, "swal2-confirm")]</msg>
<status status="PASS" starttime="20230729 15:54:24.102" endtime="20230729 15:54:24.104"/>
</kw>
<kw name="Run Keyword And Return Status" library="BuiltIn">
<var>${passed}</var>
<arg>Element Should Be Visible</arg>
<arg>${element}</arg>
<doc>Runs the given keyword with given arguments and returns the status as a Boolean value.</doc>
<kw name="Element Should Be Visible" library="common">
<arg>${element}</arg>
<kw name="Wait For Elements State" library="Browser">
<arg>${locator}</arg>
<arg>visible</arg>
<arg>${timeout}</arg>
<arg>${message}</arg>
<tag>PageContent</tag>
<tag>Wait</tag>
<doc>Waits for the element found by ``selector`` to satisfy state option.</doc>
<msg timestamp="20230729 15:54:24.907" level="INFO" html="true">&lt;/td&gt;&lt;/tr&gt;&lt;tr&gt;&lt;td colspan="3"&gt;&lt;a href="browser/screenshot/fail-screenshot-1.png" target="_blank"&gt;&lt;img src="browser/screenshot/fail-screenshot-1.png" width="800px"/&gt;&lt;/a&gt;</msg>
<msg timestamp="20230729 15:54:24.907" level="INFO">See also file:///C:/Users/nhats/OneDrive/Desktop/ARI/vite-react-ari/playwright-log.txt for additional details.</msg>
<msg timestamp="20230729 15:54:24.908" level="FAIL">TimeoutError: locator.waitFor: Timeout 100ms exceeded.
=========================== logs ===========================
waiting for locator('xpath=//*[contains(@class, "swal2-confirm")]') to be visible
============================================================
Tip: Use "Set Browser Timeout" for increasing the timeout or double check your locator as the targeted element(s) couldn't be found.</msg>
<status status="FAIL" starttime="20230729 15:54:24.110" endtime="20230729 15:54:24.918"/>
</kw>
<status status="FAIL" starttime="20230729 15:54:24.106" endtime="20230729 15:54:24.918"/>
</kw>
<msg timestamp="20230729 15:54:24.919" level="INFO">${passed} = False</msg>
<status status="PASS" starttime="20230729 15:54:24.105" endtime="20230729 15:54:24.919"/>
</kw>
<if>
<branch type="IF" condition="'${passed}' == 'True'">
<kw name="Click" library="Browser">
<arg>${element}</arg>
<tag>PageContent</tag>
<tag>Setter</tag>
<doc>Simulates mouse click on the element found by ``selector``.</doc>
<status status="NOT RUN" starttime="20230729 15:54:24.921" endtime="20230729 15:54:24.921"/>
</kw>
<status status="NOT RUN" starttime="20230729 15:54:24.920" endtime="20230729 15:54:24.921"/>
</branch>
<status status="PASS" starttime="20230729 15:54:24.920" endtime="20230729 15:54:24.921"/>
</if>
<kw name="Wait Until Element Is Not Exist" library="common">
<arg>${element}</arg>
<kw name="Wait For Elements State" library="Browser">
<arg>${locator}</arg>
<arg>detached</arg>
<arg>${timeout}</arg>
<arg>${message}</arg>
<tag>PageContent</tag>
<tag>Wait</tag>
<doc>Waits for the element found by ``selector`` to satisfy state option.</doc>
<msg timestamp="20230729 15:54:25.887" level="INFO">Waited for Element with selector xpath=//*[contains(@class, "swal2-confirm")] at state detached</msg>
<status status="PASS" starttime="20230729 15:54:24.926" endtime="20230729 15:54:25.888"/>
</kw>
<status status="PASS" starttime="20230729 15:54:24.923" endtime="20230729 15:54:25.888"/>
</kw>
<status status="PASS" starttime="20230729 15:54:20.604" endtime="20230729 15:54:25.889"/>
</kw>
<status status="PASS" starttime="20230729 15:54:16.241" endtime="20230729 15:54:25.889"/>
</kw>
<kw name="When Click &quot;Thiết lập&quot; menu" library="common" sourcename="Click &quot;${text}&quot; menu">
<kw name="Click" library="Browser">
<arg>xpath=//li[span[contains(text(), "${text}")]]</arg>
<tag>PageContent</tag>
<tag>Setter</tag>
<doc>Simulates mouse click on the element found by ``selector``.</doc>
<status status="PASS" starttime="20230729 15:54:25.895" endtime="20230729 15:54:26.043"/>
</kw>
<kw name="Wait Until Element Spin" library="common">
<kw name="Set Variable" library="BuiltIn">
<var>${element}</var>
<arg>xpath=//*[contains(@class, "ant-spin-spinning")]</arg>
<doc>Returns the given values which can then be assigned to a variables.</doc>
<msg timestamp="20230729 15:54:26.046" level="INFO">${element} = xpath=//*[contains(@class, "ant-spin-spinning")]</msg>
<status status="PASS" starttime="20230729 15:54:26.045" endtime="20230729 15:54:26.046"/>
</kw>
<kw name="Get Element Count" library="Browser">
<var>${count}</var>
<arg>${element}</arg>
<tag>Assertion</tag>
<tag>Getter</tag>
<tag>PageContent</tag>
<doc>Returns the count of elements found with ``selector``.</doc>
<msg timestamp="20230729 15:54:26.062" level="INFO">${count} = 0</msg>
<status status="PASS" starttime="20230729 15:54:26.046" endtime="20230729 15:54:26.062"/>
</kw>
<if>
<branch type="IF" condition="${count} &gt; 0">
<kw name="Wait Until Element Is Not Exist" library="common">
<arg>${element}</arg>
<status status="NOT RUN" starttime="20230729 15:54:26.063" endtime="20230729 15:54:26.063"/>
</kw>
<status status="NOT RUN" starttime="20230729 15:54:26.062" endtime="20230729 15:54:26.064"/>
</branch>
<status status="PASS" starttime="20230729 15:54:26.062" endtime="20230729 15:54:26.064"/>
</if>
<status status="PASS" starttime="20230729 15:54:26.044" endtime="20230729 15:54:26.064"/>
</kw>
<status status="PASS" starttime="20230729 15:54:25.892" endtime="20230729 15:54:26.065"/>
</kw>
<kw name="And Click &quot;Mã&quot; sub menu" library="common" sourcename="Click &quot;${text}&quot; sub menu">
<kw name="Wait Until Element Spin" library="common">
<kw name="Set Variable" library="BuiltIn">
<var>${element}</var>
<arg>xpath=//*[contains(@class, "ant-spin-spinning")]</arg>
<doc>Returns the given values which can then be assigned to a variables.</doc>
<msg timestamp="20230729 15:54:26.068" level="INFO">${element} = xpath=//*[contains(@class, "ant-spin-spinning")]</msg>
<status status="PASS" starttime="20230729 15:54:26.068" endtime="20230729 15:54:26.068"/>
</kw>
<kw name="Get Element Count" library="Browser">
<var>${count}</var>
<arg>${element}</arg>
<tag>Assertion</tag>
<tag>Getter</tag>
<tag>PageContent</tag>
<doc>Returns the count of elements found with ``selector``.</doc>
<msg timestamp="20230729 15:54:26.085" level="INFO">${count} = 0</msg>
<status status="PASS" starttime="20230729 15:54:26.069" endtime="20230729 15:54:26.085"/>
</kw>
<if>
<branch type="IF" condition="${count} &gt; 0">
<kw name="Wait Until Element Is Not Exist" library="common">
<arg>${element}</arg>
<status status="NOT RUN" starttime="20230729 15:54:26.087" endtime="20230729 15:54:26.087"/>
</kw>
<status status="NOT RUN" starttime="20230729 15:54:26.086" endtime="20230729 15:54:26.088"/>
</branch>
<status status="PASS" starttime="20230729 15:54:26.086" endtime="20230729 15:54:26.088"/>
</if>
<status status="PASS" starttime="20230729 15:54:26.067" endtime="20230729 15:54:26.088"/>
</kw>
<kw name="Click" library="Browser">
<arg>xpath=//a[contains(@class, "sub-menu") and descendant::span[contains(text(), "${text}")]]</arg>
<tag>PageContent</tag>
<tag>Setter</tag>
<doc>Simulates mouse click on the element found by ``selector``.</doc>
<status status="PASS" starttime="20230729 15:54:26.089" endtime="20230729 15:54:26.347"/>
</kw>
<kw name="Wait Until Element Spin" library="common">
<kw name="Set Variable" library="BuiltIn">
<var>${element}</var>
<arg>xpath=//*[contains(@class, "ant-spin-spinning")]</arg>
<doc>Returns the given values which can then be assigned to a variables.</doc>
<msg timestamp="20230729 15:54:26.351" level="INFO">${element} = xpath=//*[contains(@class, "ant-spin-spinning")]</msg>
<status status="PASS" starttime="20230729 15:54:26.350" endtime="20230729 15:54:26.351"/>
</kw>
<kw name="Get Element Count" library="Browser">
<var>${count}</var>
<arg>${element}</arg>
<tag>Assertion</tag>
<tag>Getter</tag>
<tag>PageContent</tag>
<doc>Returns the count of elements found with ``selector``.</doc>
<msg timestamp="20230729 15:54:26.382" level="INFO">${count} = 1</msg>
<status status="PASS" starttime="20230729 15:54:26.352" endtime="20230729 15:54:26.382"/>
</kw>
<if>
<branch type="IF" condition="${count} &gt; 0">
<kw name="Wait Until Element Is Not Exist" library="common">
<arg>${element}</arg>
<kw name="Wait For Elements State" library="Browser">
<arg>${locator}</arg>
<arg>detached</arg>
<arg>${timeout}</arg>
<arg>${message}</arg>
<tag>PageContent</tag>
<tag>Wait</tag>
<doc>Waits for the element found by ``selector`` to satisfy state option.</doc>
<msg timestamp="20230729 15:54:27.026" level="INFO">Waited for Element with selector xpath=//*[contains(@class, "ant-spin-spinning")] at state detached</msg>
<status status="PASS" starttime="20230729 15:54:26.388" endtime="20230729 15:54:27.030"/>
</kw>
<status status="PASS" starttime="20230729 15:54:26.383" endtime="20230729 15:54:27.031"/>
</kw>
<status status="PASS" starttime="20230729 15:54:26.382" endtime="20230729 15:54:27.031"/>
</branch>
<status status="PASS" starttime="20230729 15:54:26.382" endtime="20230729 15:54:27.032"/>
</if>
<status status="PASS" starttime="20230729 15:54:26.348" endtime="20230729 15:54:27.032"/>
</kw>
<kw name="Wait Until Element Spin" library="common">
<kw name="Set Variable" library="BuiltIn">
<var>${element}</var>
<arg>xpath=//*[contains(@class, "ant-spin-spinning")]</arg>
<doc>Returns the given values which can then be assigned to a variables.</doc>
<msg timestamp="20230729 15:54:27.036" level="INFO">${element} = xpath=//*[contains(@class, "ant-spin-spinning")]</msg>
<status status="PASS" starttime="20230729 15:54:27.035" endtime="20230729 15:54:27.036"/>
</kw>
<kw name="Get Element Count" library="Browser">
<var>${count}</var>
<arg>${element}</arg>
<tag>Assertion</tag>
<tag>Getter</tag>
<tag>PageContent</tag>
<doc>Returns the count of elements found with ``selector``.</doc>
<msg timestamp="20230729 15:54:27.047" level="INFO">${count} = 2</msg>
<status status="PASS" starttime="20230729 15:54:27.037" endtime="20230729 15:54:27.047"/>
</kw>
<if>
<branch type="IF" condition="${count} &gt; 0">
<kw name="Wait Until Element Is Not Exist" library="common">
<arg>${element}</arg>
<kw name="Wait For Elements State" library="Browser">
<arg>${locator}</arg>
<arg>detached</arg>
<arg>${timeout}</arg>
<arg>${message}</arg>
<tag>PageContent</tag>
<tag>Wait</tag>
<doc>Waits for the element found by ``selector`` to satisfy state option.</doc>
<msg timestamp="20230729 15:54:29.047" level="INFO">Waited for Element with selector xpath=//*[contains(@class, "ant-spin-spinning")] at state detached</msg>
<status status="PASS" starttime="20230729 15:54:27.055" endtime="20230729 15:54:29.047"/>
</kw>
<status status="PASS" starttime="20230729 15:54:27.049" endtime="20230729 15:54:29.048"/>
</kw>
<status status="PASS" starttime="20230729 15:54:27.048" endtime="20230729 15:54:29.048"/>
</branch>
<status status="PASS" starttime="20230729 15:54:27.048" endtime="20230729 15:54:29.050"/>
</if>
<status status="PASS" starttime="20230729 15:54:27.033" endtime="20230729 15:54:29.050"/>
</kw>
<status status="PASS" starttime="20230729 15:54:26.066" endtime="20230729 15:54:29.051"/>
</kw>
<kw name="Get Elements" library="Browser">
<var>${elements}</var>
<arg>xpath=//button[@title="Sửa"]</arg>
<tag>Getter</tag>
<tag>PageContent</tag>
<doc>Returns a reference to Playwright [https://playwright.dev/docs/api/class-locator|Locator]
for all matched elements by ``selector``.</doc>
<msg timestamp="20230729 15:54:29.078" level="INFO">Found 10 Locators successfully.</msg>
<msg timestamp="20230729 15:54:29.078" level="INFO">${elements} = ['element=c7c4efc8-d6db-491d-9082-f07eafb66d14', 'element=0c0eca07-7fce-4ef0-88e1-90489197631b', 'element=34cc2349-dae7-4144-a33e-afaec395605a', 'element=78400fce-e07f-4d97-bcc9-71ca1cd6f481', 'elemen...</msg>
<status status="PASS" starttime="20230729 15:54:29.051" endtime="20230729 15:54:29.078"/>
</kw>
<kw name="Click" library="Browser">
<arg>${elements}[1]</arg>
<tag>PageContent</tag>
<tag>Setter</tag>
<doc>Simulates mouse click on the element found by ``selector``.</doc>
<status status="PASS" starttime="20230729 15:54:29.079" endtime="20230729 15:54:29.348"/>
</kw>
<kw name="Sleep" library="BuiltIn">
<arg>2</arg>
<doc>Pauses the test executed for the given time.</doc>
<msg timestamp="20230729 15:54:31.350" level="INFO">Slept 2 seconds</msg>
<status status="PASS" starttime="20230729 15:54:29.349" endtime="20230729 15:54:31.350"/>
</kw>
<status status="PASS" starttime="20230729 15:54:16.240" endtime="20230729 15:54:31.351"/>
</kw>
<kw name="And Enter &quot;text&quot; in &quot;Mã&quot; with &quot;_RANDOM_&quot;" library="common" sourcename="Enter &quot;${type}&quot; in &quot;${name}&quot; with &quot;${text}&quot;">
<kw name="Get Random Text" library="common">
<var>${text}</var>
<arg>${type}</arg>
<arg>${text}</arg>
<kw name="Set Variable" library="BuiltIn">
<var>${symbol}</var>
<arg>_RANDOM_</arg>
<doc>Returns the given values which can then be assigned to a variables.</doc>
<msg timestamp="20230729 15:54:31.353" level="INFO">${symbol} = _RANDOM_</msg>
<status status="PASS" starttime="20230729 15:54:31.353" endtime="20230729 15:54:31.353"/>
</kw>
<kw name="Set Variable" library="BuiltIn">
<var>${new_text}</var>
<doc>Returns the given values which can then be assigned to a variables.</doc>
<msg timestamp="20230729 15:54:31.354" level="INFO">${new_text} = </msg>
<status status="PASS" starttime="20230729 15:54:31.353" endtime="20230729 15:54:31.354"/>
</kw>
<kw name="Get Regexp Matches" library="String">
<var>${containsS}</var>
<arg>${text}</arg>
<arg>_@(.+)@_</arg>
<arg>1</arg>
<doc>Returns a list of all non-overlapping matches in the given string.</doc>
<msg timestamp="20230729 15:54:31.355" level="INFO">${containsS} = []</msg>
<status status="PASS" starttime="20230729 15:54:31.355" endtime="20230729 15:54:31.355"/>
</kw>
<kw name="Get Length" library="BuiltIn">
<var>${cntS}</var>
<arg>${containsS}</arg>
<doc>Returns and logs the length of the given item as an integer.</doc>
<msg timestamp="20230729 15:54:31.356" level="INFO">Length is 0</msg>
<msg timestamp="20230729 15:54:31.357" level="INFO">${cntS} = 0</msg>
<status status="PASS" starttime="20230729 15:54:31.356" endtime="20230729 15:54:31.357"/>
</kw>
<kw name="Get Regexp Matches" library="String">
<var>${contains}</var>
<arg>${text}</arg>
<arg>${symbol}</arg>
<doc>Returns a list of all non-overlapping matches in the given string.</doc>
<msg timestamp="20230729 15:54:31.358" level="INFO">${contains} = ['_RANDOM_']</msg>
<status status="PASS" starttime="20230729 15:54:31.357" endtime="20230729 15:54:31.358"/>
</kw>
<kw name="Get Length" library="BuiltIn">
<var>${cnt}</var>
<arg>${contains}</arg>
<doc>Returns and logs the length of the given item as an integer.</doc>
<msg timestamp="20230729 15:54:31.359" level="INFO">Length is 1</msg>
<msg timestamp="20230729 15:54:31.359" level="INFO">${cnt} = 1</msg>
<status status="PASS" starttime="20230729 15:54:31.358" endtime="20230729 15:54:31.359"/>
</kw>
<if>
<branch type="IF" condition="${cntS} &gt; 0">
<kw name="Set Variable" library="BuiltIn">
<var>${new_text}</var>
<arg>${STATE["${containsS[0]}"]}</arg>
<doc>Returns the given values which can then be assigned to a variables.</doc>
<status status="NOT RUN" starttime="20230729 15:54:31.360" endtime="20230729 15:54:31.361"/>
</kw>
<kw name="Set Variable" library="BuiltIn">
<var>${symbol}</var>
<arg>_@${containsS[0]}@_</arg>
<doc>Returns the given values which can then be assigned to a variables.</doc>
<status status="NOT RUN" starttime="20230729 15:54:31.361" endtime="20230729 15:54:31.361"/>
</kw>
<status status="NOT RUN" starttime="20230729 15:54:31.360" endtime="20230729 15:54:31.362"/>
</branch>
<branch type="ELSE IF" condition="${cnt} &gt; 0 and '${type}' == 'test name'">
<kw name="Sentence" library="FakerLibrary">
<var>${random}</var>
<arg>nb_words=3</arg>
<doc>Generate a sentence.</doc>
<status status="NOT RUN" starttime="20230729 15:54:31.363" endtime="20230729 15:54:31.363"/>
</kw>
<kw name="Split String" library="String">
<var>${words}</var>
<arg>${TEST NAME}</arg>
<arg>${SPACE}</arg>
<doc>Splits the ``string`` using ``separator`` as a delimiter string.</doc>
<status status="NOT RUN" starttime="20230729 15:54:31.364" endtime="20230729 15:54:31.364"/>
</kw>
<kw name="Set Variable" library="BuiltIn">
<var>${new_text}</var>
<arg>${words[0]} ${random}</arg>
<doc>Returns the given values which can then be assigned to a variables.</doc>
<status status="NOT RUN" starttime="20230729 15:54:31.365" endtime="20230729 15:54:31.365"/>
</kw>
<status status="NOT RUN" starttime="20230729 15:54:31.362" endtime="20230729 15:54:31.365"/>
</branch>
<branch type="ELSE IF" condition="${cnt} &gt; 0 and '${type}' == 'number'">
<kw name="Random Int" library="FakerLibrary">
<var>${new_text}</var>
<arg>min=1000000000000</arg>
<arg>max=9999999999999</arg>
<doc>Generate a random integer between two integers ``min`` and ``max`` inclusive
while observing the provided ``step`` value.</doc>
<status status="NOT RUN" starttime="20230729 15:54:31.367" endtime="20230729 15:54:31.368"/>
</kw>
<kw name="Convert To String" library="BuiltIn">
<var>${new_text}</var>
<arg>${new_text}</arg>
<doc>Converts the given item to a Unicode string.</doc>
<status status="NOT RUN" starttime="20230729 15:54:31.368" endtime="20230729 15:54:31.369"/>
</kw>
<status status="NOT RUN" starttime="20230729 15:54:31.366" endtime="20230729 15:54:31.369"/>
</branch>
<branch type="ELSE IF" condition="${cnt} &gt; 0 and '${type}' == 'order number'">
<kw name="Random Int" library="FakerLibrary">
<var>${new_text}</var>
<arg>min=0</arg>
<arg>max=999999999</arg>
<doc>Generate a random integer between two integers ``min`` and ``max`` inclusive
while observing the provided ``step`` value.</doc>
<status status="NOT RUN" starttime="20230729 15:54:31.370" endtime="20230729 15:54:31.370"/>
</kw>
<kw name="Convert To String" library="BuiltIn">
<var>${new_text}</var>
<arg>${new_text}</arg>
<doc>Converts the given item to a Unicode string.</doc>
<status status="NOT RUN" starttime="20230729 15:54:31.371" endtime="20230729 15:54:31.371"/>
</kw>
<status status="NOT RUN" starttime="20230729 15:54:31.369" endtime="20230729 15:54:31.371"/>
</branch>
<branch type="ELSE IF" condition="${cnt} &gt; 0 and '${type}' == 'leave date valid'">
<kw name="Random Int" library="FakerLibrary">
<var>${new_text}</var>
<arg>min=0</arg>
<arg>max=16</arg>
<doc>Generate a random integer between two integers ``min`` and ``max`` inclusive
while observing the provided ``step`` value.</doc>
<status status="NOT RUN" starttime="20230729 15:54:31.372" endtime="20230729 15:54:31.373"/>
</kw>
<kw name="Convert To String" library="BuiltIn">
<var>${new_text}</var>
<arg>${new_text}</arg>
<doc>Converts the given item to a Unicode string.</doc>
<status status="NOT RUN" starttime="20230729 15:54:31.373" endtime="20230729 15:54:31.373"/>
</kw>
<status status="NOT RUN" starttime="20230729 15:54:31.372" endtime="20230729 15:54:31.373"/>
</branch>
<branch type="ELSE IF" condition="${cnt} &gt; 0 and '${type}' == 'leave date invalid'">
<kw name="Random Int" library="FakerLibrary">
<var>${new_text}</var>
<arg>min=17</arg>
<arg>max=99</arg>
<doc>Generate a random integer between two integers ``min`` and ``max`` inclusive
while observing the provided ``step`` value.</doc>
<status status="NOT RUN" starttime="20230729 15:54:31.375" endtime="20230729 15:54:31.375"/>
</kw>
<kw name="Convert To String" library="BuiltIn">
<var>${new_text}</var>
<arg>${new_text}</arg>
<doc>Converts the given item to a Unicode string.</doc>
<status status="NOT RUN" starttime="20230729 15:54:31.376" endtime="20230729 15:54:31.376"/>
</kw>
<status status="NOT RUN" starttime="20230729 15:54:31.374" endtime="20230729 15:54:31.377"/>
</branch>
<branch type="ELSE IF" condition="${cnt} &gt; 0 and '${type}' == 'percentage'">
<kw name="Random Int" library="FakerLibrary">
<var>${new_text}</var>
<arg>max=100</arg>
<doc>Generate a random integer between two integers ``min`` and ``max`` inclusive
while observing the provided ``step`` value.</doc>
<status status="NOT RUN" starttime="20230729 15:54:31.379" endtime="20230729 15:54:31.379"/>
</kw>
<kw name="Convert To String" library="BuiltIn">
<var>${new_text}</var>
<arg>${new_text}</arg>
<doc>Converts the given item to a Unicode string.</doc>
<status status="NOT RUN" starttime="20230729 15:54:31.380" endtime="20230729 15:54:31.380"/>
</kw>
<status status="NOT RUN" starttime="20230729 15:54:31.377" endtime="20230729 15:54:31.380"/>
</branch>
<branch type="ELSE IF" condition="${cnt} &gt; 0 and '${type}' == 'paragraph'">
<kw name="Paragraph" library="FakerLibrary">
<var>${new_text}</var>
<doc>Generate a paragraph.</doc>
<status status="NOT RUN" starttime="20230729 15:54:31.383" endtime="20230729 15:54:31.384"/>
</kw>
<status status="NOT RUN" starttime="20230729 15:54:31.380" endtime="20230729 15:54:31.384"/>
</branch>
<branch type="ELSE IF" condition="${cnt} &gt; 0 and '${type}' == 'email'">
<kw name="Email" library="FakerLibrary">
<var>${new_text}</var>
<status status="NOT RUN" starttime="20230729 15:54:31.385" endtime="20230729 15:54:31.385"/>
</kw>
<status status="NOT RUN" starttime="20230729 15:54:31.384" endtime="20230729 15:54:31.386"/>
</branch>
<branch type="ELSE IF" condition="${cnt} &gt; 0 and '${type}' == 'phone'">
<kw name="Random Int" library="FakerLibrary">
<var>${new_text}</var>
<arg>min=55555555</arg>
<arg>max=999999999999</arg>
<doc>Generate a random integer between two integers ``min`` and ``max`` inclusive
while observing the provided ``step`` value.</doc>
<status status="NOT RUN" starttime="20230729 15:54:31.387" endtime="20230729 15:54:31.387"/>
</kw>
<kw name="Convert To String" library="BuiltIn">
<var>${new_text}</var>
<arg>${new_text}</arg>
<doc>Converts the given item to a Unicode string.</doc>
<status status="NOT RUN" starttime="20230729 15:54:31.387" endtime="20230729 15:54:31.387"/>
</kw>
<status status="NOT RUN" starttime="20230729 15:54:31.386" endtime="20230729 15:54:31.388"/>
</branch>
<branch type="ELSE IF" condition="${cnt} &gt; 0 and '${type}' == 'color'">
<kw name="Safe Hex Color" library="FakerLibrary">
<var>${new_text}</var>
<doc>Generate a web-safe color formatted as a hex triplet.</doc>
<status status="NOT RUN" starttime="20230729 15:54:31.389" endtime="20230729 15:54:31.389"/>
</kw>
<status status="NOT RUN" starttime="20230729 15:54:31.388" endtime="20230729 15:54:31.389"/>
</branch>
<branch type="ELSE IF" condition="${cnt} &gt; 0 and '${type}' == 'date'">
<kw name="Date" library="FakerLibrary">
<var>${new_text}</var>
<arg>pattern=%d-%m-%Y</arg>
<doc>Get a date string between January 1, 1970 and now.</doc>
<status status="NOT RUN" starttime="20230729 15:54:31.390" endtime="20230729 15:54:31.390"/>
</kw>
<status status="NOT RUN" starttime="20230729 15:54:31.389" endtime="20230729 15:54:31.390"/>
</branch>
<branch type="ELSE IF" condition="${cnt} &gt; 0 and '${type}' == 'word'">
<kw name="Sentence" library="FakerLibrary">
<var>${new_text}</var>
<arg>nb_words=2</arg>
<doc>Generate a sentence.</doc>
<status status="NOT RUN" starttime="20230729 15:54:31.392" endtime="20230729 15:54:31.392"/>
</kw>
<status status="NOT RUN" starttime="20230729 15:54:31.391" endtime="20230729 15:54:31.393"/>
</branch>
<branch type="ELSE IF" condition="${cnt} &gt; 0">
<kw name="Sentence" library="FakerLibrary">
<var>${new_text}</var>
<doc>Generate a sentence.</doc>
<msg timestamp="20230729 15:54:31.395" level="INFO">${new_text} = Aspernatur adipisci odio sed vel.</msg>
<status status="PASS" starttime="20230729 15:54:31.394" endtime="20230729 15:54:31.395"/>
</kw>
<status status="PASS" starttime="20230729 15:54:31.393" endtime="20230729 15:54:31.395"/>
</branch>
<status status="PASS" starttime="20230729 15:54:31.359" endtime="20230729 15:54:31.395"/>
</if>
<kw name="Get Length" library="BuiltIn">
<var>${cnt}</var>
<arg>${text}</arg>
<doc>Returns and logs the length of the given item as an integer.</doc>
<msg timestamp="20230729 15:54:31.397" level="INFO">Length is 8</msg>
<msg timestamp="20230729 15:54:31.397" level="INFO">${cnt} = 8</msg>
<status status="PASS" starttime="20230729 15:54:31.396" endtime="20230729 15:54:31.397"/>
</kw>
<if>
<branch type="IF" condition="${cnt} &gt; 0">
<kw name="Replace String" library="String">
<var>${text}</var>
<arg>${text}</arg>
<arg>${symbol}</arg>
<arg>${new_text}</arg>
<doc>Replaces ``search_for`` in the given ``string`` with ``replace_with``.</doc>
<msg timestamp="20230729 15:54:31.399" level="INFO">${text} = Aspernatur adipisci odio sed vel.</msg>
<status status="PASS" starttime="20230729 15:54:31.399" endtime="20230729 15:54:31.400"/>
</kw>
<status status="PASS" starttime="20230729 15:54:31.398" endtime="20230729 15:54:31.400"/>
</branch>
<status status="PASS" starttime="20230729 15:54:31.398" endtime="20230729 15:54:31.400"/>
</if>
<msg timestamp="20230729 15:54:31.401" level="INFO">${text} = Aspernatur adipisci odio sed vel.</msg>
<status status="PASS" starttime="20230729 15:54:31.352" endtime="20230729 15:54:31.401"/>
</kw>
<kw name="Get Element Form Item By Name" library="common">
<var>${element}</var>
<arg>${name}</arg>
<arg>//input[contains(@class, "ant-input")]</arg>
<msg timestamp="20230729 15:54:31.402" level="INFO">${element} = xpath=//*[contains(@class, "ant-form-item-label")]/label[text()="Mã"]/../../*[contains(@class, "ant-form-item")]//input[contains(@class, "ant-input")]</msg>
<status status="PASS" starttime="20230729 15:54:31.401" endtime="20230729 15:54:31.402"/>
</kw>
<kw name="Clear Text" library="Browser">
<arg>${element}</arg>
<tag>PageContent</tag>
<tag>Setter</tag>
<doc>Clears the text field found by ``selector``.</doc>
<status status="PASS" starttime="20230729 15:54:31.402" endtime="20230729 15:54:31.452"/>
</kw>
<kw name="Fill Text" library="Browser">
<arg>${element}</arg>
<arg>${text}</arg>
<arg>True</arg>
<tag>PageContent</tag>
<tag>Setter</tag>
<doc>Clears and fills the given ``txt`` into the text field found by ``selector``.</doc>
<msg timestamp="20230729 15:54:31.454" level="INFO">Fills the text 'Aspernatur adipisci odio sed vel.' in the given field.</msg>
<status status="PASS" starttime="20230729 15:54:31.453" endtime="20230729 15:54:31.489"/>
</kw>
<kw name="Get Length" library="BuiltIn">
<var>${cnt}</var>
<arg>${text}</arg>
<doc>Returns and logs the length of the given item as an integer.</doc>
<msg timestamp="20230729 15:54:31.491" level="INFO">Length is 33</msg>
<msg timestamp="20230729 15:54:31.491" level="INFO">${cnt} = 33</msg>
<status status="PASS" starttime="20230729 15:54:31.490" endtime="20230729 15:54:31.491"/>
</kw>
<if>
<branch type="IF" condition="${cnt} &gt; 0">
<kw name="Set Global Variable" library="BuiltIn">
<arg>${STATE["${name}"]}</arg>
<arg>${text}</arg>
<doc>Makes a variable available globally in all tests and suites.</doc>
<msg timestamp="20230729 15:54:31.496" level="INFO">${STATE["Mã"]} = Aspernatur adipisci odio sed vel.</msg>
<status status="PASS" starttime="20230729 15:54:31.493" endtime="20230729 15:54:31.497"/>
</kw>
<status status="PASS" starttime="20230729 15:54:31.492" endtime="20230729 15:54:31.497"/>
</branch>
<status status="PASS" starttime="20230729 15:54:31.492" endtime="20230729 15:54:31.497"/>
</if>
<status status="PASS" starttime="20230729 15:54:31.352" endtime="20230729 15:54:31.498"/>
</kw>
<kw name="And Click &quot;Lưu lại&quot; button" library="common" sourcename="Click &quot;${text}&quot; button">
<kw name="Click" library="Browser">
<arg>xpath=//button[@title = "${text}"]</arg>
<tag>PageContent</tag>
<tag>Setter</tag>
<doc>Simulates mouse click on the element found by ``selector``.</doc>
<status status="PASS" starttime="20230729 15:54:31.500" endtime="20230729 15:54:31.683"/>
</kw>
<kw name="Click Confirm To Action" library="common">
<kw name="Set Variable" library="BuiltIn">
<var>${element}</var>
<arg>xpath=//*[contains(@class, "ant-popover")]//*[contains(@class, "ant-btn-primary")]</arg>
<doc>Returns the given values which can then be assigned to a variables.</doc>
<msg timestamp="20230729 15:54:31.686" level="INFO">${element} = xpath=//*[contains(@class, "ant-popover")]//*[contains(@class, "ant-btn-primary")]</msg>
<status status="PASS" starttime="20230729 15:54:31.685" endtime="20230729 15:54:31.686"/>
</kw>
<kw name="Get Element Count" library="Browser">
<var>${count}</var>
<arg>${element}</arg>
<tag>Assertion</tag>
<tag>Getter</tag>
<tag>PageContent</tag>
<doc>Returns the count of elements found with ``selector``.</doc>
<msg timestamp="20230729 15:54:31.712" level="INFO">${count} = 0</msg>
<status status="PASS" starttime="20230729 15:54:31.686" endtime="20230729 15:54:31.712"/>
</kw>
<if>
<branch type="IF" condition="${count} &gt; 0">
<kw name="Click" library="Browser">
<arg>${element}</arg>
<tag>PageContent</tag>
<tag>Setter</tag>
<doc>Simulates mouse click on the element found by ``selector``.</doc>
<status status="NOT RUN" starttime="20230729 15:54:31.713" endtime="20230729 15:54:31.713"/>
</kw>
<kw name="Sleep" library="BuiltIn">
<arg>${SHOULD_TIMEOUT}</arg>
<doc>Pauses the test executed for the given time.</doc>
<status status="NOT RUN" starttime="20230729 15:54:31.714" endtime="20230729 15:54:31.715"/>
</kw>
<status status="NOT RUN" starttime="20230729 15:54:31.712" endtime="20230729 15:54:31.715"/>
</branch>
<status status="PASS" starttime="20230729 15:54:31.712" endtime="20230729 15:54:31.716"/>
</if>
<status status="PASS" starttime="20230729 15:54:31.684" endtime="20230729 15:54:31.717"/>
</kw>
<kw name="Scroll By" library="Browser">
<arg>${None}</arg>
<tag>PageContent</tag>
<tag>Setter</tag>
<doc>Scrolls an element or the page relative from current position by the given values.</doc>
<status status="PASS" starttime="20230729 15:54:31.717" endtime="20230729 15:54:31.769"/>
</kw>
<status status="PASS" starttime="20230729 15:54:31.499" endtime="20230729 15:54:31.769"/>
</kw>
<kw name="Then User look message &quot;Internal server error&quot; popup" library="common" sourcename="User look message &quot;${message}&quot; popup">
<kw name="Get Regexp Matches" library="String">
<var>${contains}</var>
<arg>${message}</arg>
<arg>_@(.+)@_</arg>
<arg>1</arg>
<doc>Returns a list of all non-overlapping matches in the given string.</doc>
<msg timestamp="20230729 15:54:31.773" level="INFO">${contains} = []</msg>
<status status="PASS" starttime="20230729 15:54:31.772" endtime="20230729 15:54:31.773"/>
</kw>
<kw name="Get Length" library="BuiltIn">
<var>${cnt}</var>
<arg>${contains}</arg>
<doc>Returns and logs the length of the given item as an integer.</doc>
<msg timestamp="20230729 15:54:31.775" level="INFO">Length is 0</msg>
<msg timestamp="20230729 15:54:31.775" level="INFO">${cnt} = 0</msg>
<status status="PASS" starttime="20230729 15:54:31.774" endtime="20230729 15:54:31.775"/>
</kw>
<if>
<branch type="IF" condition="${cnt} &gt; 0">
<kw name="Replace String" library="String">
<var>${message}</var>
<arg>${message}</arg>
<arg>_@${contains[0]}@_</arg>
<arg>${STATE["${contains[0]}"]}</arg>
<doc>Replaces ``search_for`` in the given ``string`` with ``replace_with``.</doc>
<status status="NOT RUN" starttime="20230729 15:54:31.778" endtime="20230729 15:54:31.779"/>
</kw>
<status status="NOT RUN" starttime="20230729 15:54:31.776" endtime="20230729 15:54:31.779"/>
</branch>
<status status="PASS" starttime="20230729 15:54:31.776" endtime="20230729 15:54:31.779"/>
</if>
<kw name="Element Text Should Be" library="common">
<arg>id=swal2-html-container</arg>
<arg>${message}</arg>
<kw name="Get Text" library="Browser">
<arg>${locator}</arg>
<arg>equal</arg>
<arg>${expected}</arg>
<arg>${message}</arg>
<tag>Assertion</tag>
<tag>Getter</tag>
<tag>PageContent</tag>
<doc>Returns text attribute of the element found by ``selector``.</doc>
<msg timestamp="20230729 15:54:33.719" level="INFO">Text: 'Internal server error'</msg>
<status status="PASS" starttime="20230729 15:54:31.783" endtime="20230729 15:54:33.719"/>
</kw>
<status status="PASS" starttime="20230729 15:54:31.780" endtime="20230729 15:54:33.720"/>
</kw>
<kw name="Set Variable" library="BuiltIn">
<var>${element}</var>
<arg>xpath=//*[contains(@class, "swal2-confirm")]</arg>
<doc>Returns the given values which can then be assigned to a variables.</doc>
<msg timestamp="20230729 15:54:33.721" level="INFO">${element} = xpath=//*[contains(@class, "swal2-confirm")]</msg>
<status status="PASS" starttime="20230729 15:54:33.720" endtime="20230729 15:54:33.721"/>
</kw>
<kw name="Run Keyword And Return Status" library="BuiltIn">
<var>${passed}</var>
<arg>Element Should Be Visible</arg>
<arg>${element}</arg>
<doc>Runs the given keyword with given arguments and returns the status as a Boolean value.</doc>
<kw name="Element Should Be Visible" library="common">
<arg>${element}</arg>
<kw name="Wait For Elements State" library="Browser">
<arg>${locator}</arg>
<arg>visible</arg>
<arg>${timeout}</arg>
<arg>${message}</arg>
<tag>PageContent</tag>
<tag>Wait</tag>
<doc>Waits for the element found by ``selector`` to satisfy state option.</doc>
<msg timestamp="20230729 15:54:34.178" level="INFO" html="true">&lt;/td&gt;&lt;/tr&gt;&lt;tr&gt;&lt;td colspan="3"&gt;&lt;a href="browser/screenshot/fail-screenshot-2.png" target="_blank"&gt;&lt;img src="browser/screenshot/fail-screenshot-2.png" width="800px"/&gt;&lt;/a&gt;</msg>
<msg timestamp="20230729 15:54:34.179" level="INFO">See also file:///C:/Users/nhats/OneDrive/Desktop/ARI/vite-react-ari/playwright-log.txt for additional details.</msg>
<msg timestamp="20230729 15:54:34.179" level="FAIL">TimeoutError: locator.waitFor: Timeout 100ms exceeded.
=========================== logs ===========================
waiting for locator('xpath=//*[contains(@class, "swal2-confirm")]') to be visible
  locator resolved to hidden &lt;button type="button" aria-label="" class="swal2-confirm…&gt;OK&lt;/button&gt;
  locator resolved to hidden &lt;button type="button" aria-label="" class="swal2-confirm…&gt;OK&lt;/button&gt;
  locator resolved to hidden &lt;button type="button" aria-label="" class="swal2-confirm…&gt;OK&lt;/button&gt;
============================================================
Tip: Use "Set Browser Timeout" for increasing the timeout or double check your locator as the targeted element(s) couldn't be found.</msg>
<status status="FAIL" starttime="20230729 15:54:33.728" endtime="20230729 15:54:34.182"/>
</kw>
<status status="FAIL" starttime="20230729 15:54:33.722" endtime="20230729 15:54:34.184"/>
</kw>
<msg timestamp="20230729 15:54:34.185" level="INFO">${passed} = False</msg>
<status status="PASS" starttime="20230729 15:54:33.721" endtime="20230729 15:54:34.185"/>
</kw>
<if>
<branch type="IF" condition="'${passed}' == 'True'">
<kw name="Click" library="Browser">
<arg>${element}</arg>
<tag>PageContent</tag>
<tag>Setter</tag>
<doc>Simulates mouse click on the element found by ``selector``.</doc>
<status status="NOT RUN" starttime="20230729 15:54:34.187" endtime="20230729 15:54:34.187"/>
</kw>
<status status="NOT RUN" starttime="20230729 15:54:34.186" endtime="20230729 15:54:34.188"/>
</branch>
<status status="PASS" starttime="20230729 15:54:34.186" endtime="20230729 15:54:34.188"/>
</if>
<kw name="Wait Until Element Is Not Exist" library="common">
<arg>${element}</arg>
<kw name="Wait For Elements State" library="Browser">
<arg>${locator}</arg>
<arg>detached</arg>
<arg>${timeout}</arg>
<arg>${message}</arg>
<tag>PageContent</tag>
<tag>Wait</tag>
<doc>Waits for the element found by ``selector`` to satisfy state option.</doc>
<msg timestamp="20230729 15:54:39.729" level="INFO">Waited for Element with selector xpath=//*[contains(@class, "swal2-confirm")] at state detached</msg>
<status status="PASS" starttime="20230729 15:54:34.191" endtime="20230729 15:54:39.729"/>
</kw>
<status status="PASS" starttime="20230729 15:54:34.188" endtime="20230729 15:54:39.729"/>
</kw>
<status status="PASS" starttime="20230729 15:54:31.771" endtime="20230729 15:54:39.731"/>
</kw>
<kw name="Tear Down" library="common" type="TEARDOWN">
<kw name="Close Browser" library="Browser">
<arg>ALL</arg>
<tag>BrowserControl</tag>
<tag>Setter</tag>
<doc>Closes the current browser.</doc>
<msg timestamp="20230729 15:54:41.389" level="INFO">Closed all browsers</msg>
<status status="PASS" starttime="20230729 15:54:39.732" endtime="20230729 15:54:41.389"/>
</kw>
<status status="PASS" starttime="20230729 15:54:39.732" endtime="20230729 15:54:41.389"/>
</kw>
<tag>@regression</tag>
<tag>@smoketest</tag>
<status status="PASS" starttime="20230729 15:54:11.120" endtime="20230729 15:54:41.390"/>
</test>
<test id="s1-t2" name="EDC-06 Verify that error message display when changing &quot;Mã&quot; field &amp; &quot;Lưu và tạo mới&quot; button" line="211">
<kw name="Setup" library="common" type="SETUP">
<kw name="Set Browser Timeout" library="Browser">
<arg>${BROWSER_TIMEOUT}</arg>
<tag>Config</tag>
<tag>Setter</tag>
<doc>Sets the timeout used by most input and getter keywords.</doc>
<status status="PASS" starttime="20230729 15:54:41.411" endtime="20230729 15:54:41.412"/>
</kw>
<kw name="New Browser" library="Browser">
<arg>${BROWSER}</arg>
<arg>headless=${HEADLESS}</arg>
<tag>BrowserControl</tag>
<tag>Setter</tag>
<doc>Create a new playwright Browser with specified options.</doc>
<msg timestamp="20230729 15:54:41.418" level="INFO">{"browser": "chromium", "headless": false, "devtools": false, "handleSIGHUP": true, "handleSIGINT": true, "handleSIGTERM": true, "slowMo": 0.0, "timeout": 30000.0, "deprecated_pos_args": [], "tracesDir": "C:\\Users\\nhats\\OneDrive\\Desktop\\ARI\\vite-react-ari\\browser\\traces\\32979030-ecb5-4718-bc09-1730e4512aa8"}</msg>
<msg timestamp="20230729 15:54:42.952" level="INFO">Successfully created browser with options: {"browser":"chromium","headless":false,"devtools":false,"handleSIGHUP":true,"handleSIGINT":true,"handleSIGTERM":true,"slowMo":0,"timeout":30000,"deprecated_pos_args":[],"tracesDir":"C:\\Users\\nhats\\OneDrive\\Desktop\\ARI\\vite-react-ari\\browser\\traces\\32979030-ecb5-4718-bc09-1730e4512aa8"}</msg>
<status status="PASS" starttime="20230729 15:54:41.414" endtime="20230729 15:54:42.952"/>
</kw>
<kw name="New Page" library="Browser">
<arg>${URL_DEFAULT}</arg>
<tag>BrowserControl</tag>
<tag>Setter</tag>
<doc>Open a new Page.</doc>
<msg timestamp="20230729 15:54:44.870" level="INFO">Successfully initialized new page object and opened url: http://v2.ari.com.vn/</msg>
<msg timestamp="20230729 15:54:44.871" level="INFO">No context was open. New context was automatically opened when this page is created.</msg>
<status status="PASS" starttime="20230729 15:54:42.953" endtime="20230729 15:54:44.871"/>
</kw>
<kw name="Evaluate" library="BuiltIn">
<var>${STATE}</var>
<arg>json.loads('''{}''')</arg>
<arg>json</arg>
<doc>Evaluates the given expression in Python and returns the result.</doc>
<msg timestamp="20230729 15:54:44.874" level="INFO">${STATE} = {}</msg>
<status status="PASS" starttime="20230729 15:54:44.872" endtime="20230729 15:54:44.874"/>
</kw>
<status status="PASS" starttime="20230729 15:54:41.410" endtime="20230729 15:54:44.874"/>
</kw>
<kw name="When Go to page edit code" library="common">
<kw name="Login to admin" library="common">
<kw name="Enter &quot;email&quot; in &quot;Tên đăng nhập&quot; with &quot;hovannhat@admin.com&quot;" library="common" sourcename="Enter &quot;${type}&quot; in &quot;${name}&quot; with &quot;${text}&quot;">
<kw name="Get Random Text" library="common">
<var>${text}</var>
<arg>${type}</arg>
<arg>${text}</arg>
<kw name="Set Variable" library="BuiltIn">
<var>${symbol}</var>
<arg>_RANDOM_</arg>
<doc>Returns the given values which can then be assigned to a variables.</doc>
<msg timestamp="20230729 15:54:44.880" level="INFO">${symbol} = _RANDOM_</msg>
<status status="PASS" starttime="20230729 15:54:44.880" endtime="20230729 15:54:44.880"/>
</kw>
<kw name="Set Variable" library="BuiltIn">
<var>${new_text}</var>
<doc>Returns the given values which can then be assigned to a variables.</doc>
<msg timestamp="20230729 15:54:44.882" level="INFO">${new_text} = </msg>
<status status="PASS" starttime="20230729 15:54:44.881" endtime="20230729 15:54:44.882"/>
</kw>
<kw name="Get Regexp Matches" library="String">
<var>${containsS}</var>
<arg>${text}</arg>
<arg>_@(.+)@_</arg>
<arg>1</arg>
<doc>Returns a list of all non-overlapping matches in the given string.</doc>
<msg timestamp="20230729 15:54:44.883" level="INFO">${containsS} = []</msg>
<status status="PASS" starttime="20230729 15:54:44.882" endtime="20230729 15:54:44.883"/>
</kw>
<kw name="Get Length" library="BuiltIn">
<var>${cntS}</var>
<arg>${containsS}</arg>
<doc>Returns and logs the length of the given item as an integer.</doc>
<msg timestamp="20230729 15:54:44.884" level="INFO">Length is 0</msg>
<msg timestamp="20230729 15:54:44.884" level="INFO">${cntS} = 0</msg>
<status status="PASS" starttime="20230729 15:54:44.883" endtime="20230729 15:54:44.884"/>
</kw>
<kw name="Get Regexp Matches" library="String">
<var>${contains}</var>
<arg>${text}</arg>
<arg>${symbol}</arg>
<doc>Returns a list of all non-overlapping matches in the given string.</doc>
<msg timestamp="20230729 15:54:44.886" level="INFO">${contains} = []</msg>
<status status="PASS" starttime="20230729 15:54:44.885" endtime="20230729 15:54:44.886"/>
</kw>
<kw name="Get Length" library="BuiltIn">
<var>${cnt}</var>
<arg>${contains}</arg>
<doc>Returns and logs the length of the given item as an integer.</doc>
<msg timestamp="20230729 15:54:44.887" level="INFO">Length is 0</msg>
<msg timestamp="20230729 15:54:44.887" level="INFO">${cnt} = 0</msg>
<status status="PASS" starttime="20230729 15:54:44.886" endtime="20230729 15:54:44.887"/>
</kw>
<if>
<branch type="IF" condition="${cntS} &gt; 0">
<kw name="Set Variable" library="BuiltIn">
<var>${new_text}</var>
<arg>${STATE["${containsS[0]}"]}</arg>
<doc>Returns the given values which can then be assigned to a variables.</doc>
<status status="NOT RUN" starttime="20230729 15:54:44.889" endtime="20230729 15:54:44.890"/>
</kw>
<kw name="Set Variable" library="BuiltIn">
<var>${symbol}</var>
<arg>_@${containsS[0]}@_</arg>
<doc>Returns the given values which can then be assigned to a variables.</doc>
<status status="NOT RUN" starttime="20230729 15:54:44.890" endtime="20230729 15:54:44.890"/>
</kw>
<status status="NOT RUN" starttime="20230729 15:54:44.888" endtime="20230729 15:54:44.891"/>
</branch>
<branch type="ELSE IF" condition="${cnt} &gt; 0 and '${type}' == 'test name'">
<kw name="Sentence" library="FakerLibrary">
<var>${random}</var>
<arg>nb_words=3</arg>
<doc>Generate a sentence.</doc>
<status status="NOT RUN" starttime="20230729 15:54:44.892" endtime="20230729 15:54:44.892"/>
</kw>
<kw name="Split String" library="String">
<var>${words}</var>
<arg>${TEST NAME}</arg>
<arg>${SPACE}</arg>
<doc>Splits the ``string`` using ``separator`` as a delimiter string.</doc>
<status status="NOT RUN" starttime="20230729 15:54:44.892" endtime="20230729 15:54:44.893"/>
</kw>
[...]
</branch>
<branch type="ELSE IF" condition="${cnt} &gt; 0 and '${type}' == 'email'">
<kw name="Email" library="FakerLibrary">
<var>${new_text}</var>
<status status="NOT RUN" starttime="20230729 15:57:13.491" endtime="20230729 15:57:13.491"/>
</kw>
<status status="NOT RUN" starttime="20230729 15:57:13.491" endtime="20230729 15:57:13.491"/>
</branch>
<branch type="ELSE IF" condition="${cnt} &gt; 0 and '${type}' == 'phone'">
<kw name="Random Int" library="FakerLibrary">
<var>${new_text}</var>
<arg>min=55555555</arg>
<arg>max=999999999999</arg>
<doc>Generate a random integer between two integers ``min`` and ``max`` inclusive
while observing the provided ``step`` value.</doc>
<status status="NOT RUN" starttime="20230729 15:57:13.492" endtime="20230729 15:57:13.492"/>
</kw>
<kw name="Convert To String" library="BuiltIn">
<var>${new_text}</var>
<arg>${new_text}</arg>
<doc>Converts the given item to a Unicode string.</doc>
<status status="NOT RUN" starttime="20230729 15:57:13.492" endtime="20230729 15:57:13.492"/>
</kw>
<status status="NOT RUN" starttime="20230729 15:57:13.491" endtime="20230729 15:57:13.492"/>
</branch>
<branch type="ELSE IF" condition="${cnt} &gt; 0 and '${type}' == 'color'">
<kw name="Safe Hex Color" library="FakerLibrary">
<var>${new_text}</var>
<doc>Generate a web-safe color formatted as a hex triplet.</doc>
<status status="NOT RUN" starttime="20230729 15:57:13.492" endtime="20230729 15:57:13.492"/>
</kw>
<status status="NOT RUN" starttime="20230729 15:57:13.492" endtime="20230729 15:57:13.493"/>
</branch>
<branch type="ELSE IF" condition="${cnt} &gt; 0 and '${type}' == 'date'">
<kw name="Date" library="FakerLibrary">
<var>${new_text}</var>
<arg>pattern=%d-%m-%Y</arg>
<doc>Get a date string between January 1, 1970 and now.</doc>
<status status="NOT RUN" starttime="20230729 15:57:13.493" endtime="20230729 15:57:13.493"/>
</kw>
<status status="NOT RUN" starttime="20230729 15:57:13.493" endtime="20230729 15:57:13.493"/>
</branch>
<branch type="ELSE IF" condition="${cnt} &gt; 0 and '${type}' == 'word'">
<kw name="Sentence" library="FakerLibrary">
<var>${new_text}</var>
<arg>nb_words=2</arg>
<doc>Generate a sentence.</doc>
<status status="NOT RUN" starttime="20230729 15:57:13.494" endtime="20230729 15:57:13.494"/>
</kw>
<status status="NOT RUN" starttime="20230729 15:57:13.493" endtime="20230729 15:57:13.494"/>
</branch>
<branch type="ELSE IF" condition="${cnt} &gt; 0">
<kw name="Sentence" library="FakerLibrary">
<var>${new_text}</var>
<doc>Generate a sentence.</doc>
<msg timestamp="20230729 15:57:13.496" level="INFO">${new_text} = Autem quas tenetur qui perspiciatis ab a.</msg>
<status status="PASS" starttime="20230729 15:57:13.495" endtime="20230729 15:57:13.496"/>
</kw>
<status status="PASS" starttime="20230729 15:57:13.494" endtime="20230729 15:57:13.496"/>
</branch>
<status status="PASS" starttime="20230729 15:57:13.469" endtime="20230729 15:57:13.496"/>
</if>
<kw name="Get Length" library="BuiltIn">
<var>${cnt}</var>
<arg>${text}</arg>
<doc>Returns and logs the length of the given item as an integer.</doc>
<msg timestamp="20230729 15:57:13.498" level="INFO">Length is 8</msg>
<msg timestamp="20230729 15:57:13.498" level="INFO">${cnt} = 8</msg>
<status status="PASS" starttime="20230729 15:57:13.498" endtime="20230729 15:57:13.499"/>
</kw>
<if>
<branch type="IF" condition="${cnt} &gt; 0">
<kw name="Replace String" library="String">
<var>${text}</var>
<arg>${text}</arg>
<arg>${symbol}</arg>
<arg>${new_text}</arg>
<doc>Replaces ``search_for`` in the given ``string`` with ``replace_with``.</doc>
<msg timestamp="20230729 15:57:13.501" level="INFO">${text} = Autem quas tenetur qui perspiciatis ab a.</msg>
<status status="PASS" starttime="20230729 15:57:13.500" endtime="20230729 15:57:13.501"/>
</kw>
<status status="PASS" starttime="20230729 15:57:13.499" endtime="20230729 15:57:13.501"/>
</branch>
<status status="PASS" starttime="20230729 15:57:13.499" endtime="20230729 15:57:13.502"/>
</if>
<msg timestamp="20230729 15:57:13.502" level="INFO">${text} = Autem quas tenetur qui perspiciatis ab a.</msg>
<status status="PASS" starttime="20230729 15:57:13.459" endtime="20230729 15:57:13.502"/>
</kw>
<kw name="Get Element Form Item By Name" library="common">
<var>${element}</var>
<arg>${name}</arg>
<arg>//textarea</arg>
<msg timestamp="20230729 15:57:13.503" level="INFO">${element} = xpath=//*[contains(@class, "ant-form-item-label")]/label[text()="Mô tả"]/../../*[contains(@class, "ant-form-item")]//textarea</msg>
<status status="PASS" starttime="20230729 15:57:13.502" endtime="20230729 15:57:13.503"/>
</kw>
<kw name="Clear Text" library="Browser">
<arg>${element}</arg>
<tag>PageContent</tag>
<tag>Setter</tag>
<doc>Clears the text field found by ``selector``.</doc>
<status status="PASS" starttime="20230729 15:57:13.504" endtime="20230729 15:57:13.554"/>
</kw>
<kw name="Fill Text" library="Browser">
<arg>${element}</arg>
<arg>${text}</arg>
<tag>PageContent</tag>
<tag>Setter</tag>
<doc>Clears and fills the given ``txt`` into the text field found by ``selector``.</doc>
<msg timestamp="20230729 15:57:13.555" level="INFO">Fills the text 'Autem quas tenetur qui perspiciatis ab a.' in the given field.</msg>
<status status="PASS" starttime="20230729 15:57:13.554" endtime="20230729 15:57:13.590"/>
</kw>
<kw name="Get Length" library="BuiltIn">
<var>${cnt}</var>
<arg>${text}</arg>
<doc>Returns and logs the length of the given item as an integer.</doc>
<msg timestamp="20230729 15:57:13.592" level="INFO">Length is 41</msg>
<msg timestamp="20230729 15:57:13.592" level="INFO">${cnt} = 41</msg>
<status status="PASS" starttime="20230729 15:57:13.591" endtime="20230729 15:57:13.592"/>
</kw>
<if>
<branch type="IF" condition="${cnt} &gt; 0">
<kw name="Set Global Variable" library="BuiltIn">
<arg>${STATE["${name}"]}</arg>
<arg>${text}</arg>
<doc>Makes a variable available globally in all tests and suites.</doc>
<msg timestamp="20230729 15:57:13.595" level="INFO">${STATE["Mô tả"]} = Autem quas tenetur qui perspiciatis ab a.</msg>
<status status="PASS" starttime="20230729 15:57:13.594" endtime="20230729 15:57:13.595"/>
</kw>
<status status="PASS" starttime="20230729 15:57:13.592" endtime="20230729 15:57:13.596"/>
</branch>
<status status="PASS" starttime="20230729 15:57:13.592" endtime="20230729 15:57:13.596"/>
</if>
<status status="PASS" starttime="20230729 15:57:13.458" endtime="20230729 15:57:13.597"/>
</kw>
<kw name="And Click &quot;Lưu và tạo mới&quot; button" library="common" sourcename="Click &quot;${text}&quot; button">
<kw name="Click" library="Browser">
<arg>xpath=//button[@title = "${text}"]</arg>
<tag>PageContent</tag>
<tag>Setter</tag>
<doc>Simulates mouse click on the element found by ``selector``.</doc>
<status status="PASS" starttime="20230729 15:57:13.598" endtime="20230729 15:57:13.777"/>
</kw>
<kw name="Click Confirm To Action" library="common">
<kw name="Set Variable" library="BuiltIn">
<var>${element}</var>
<arg>xpath=//*[contains(@class, "ant-popover")]//*[contains(@class, "ant-btn-primary")]</arg>
<doc>Returns the given values which can then be assigned to a variables.</doc>
<msg timestamp="20230729 15:57:13.779" level="INFO">${element} = xpath=//*[contains(@class, "ant-popover")]//*[contains(@class, "ant-btn-primary")]</msg>
<status status="PASS" starttime="20230729 15:57:13.778" endtime="20230729 15:57:13.779"/>
</kw>
<kw name="Get Element Count" library="Browser">
<var>${count}</var>
<arg>${element}</arg>
<tag>Assertion</tag>
<tag>Getter</tag>
<tag>PageContent</tag>
<doc>Returns the count of elements found with ``selector``.</doc>
<msg timestamp="20230729 15:57:13.800" level="INFO">${count} = 0</msg>
<status status="PASS" starttime="20230729 15:57:13.780" endtime="20230729 15:57:13.800"/>
</kw>
<if>
<branch type="IF" condition="${count} &gt; 0">
<kw name="Click" library="Browser">
<arg>${element}</arg>
<tag>PageContent</tag>
<tag>Setter</tag>
<doc>Simulates mouse click on the element found by ``selector``.</doc>
<status status="NOT RUN" starttime="20230729 15:57:13.801" endtime="20230729 15:57:13.802"/>
</kw>
<kw name="Sleep" library="BuiltIn">
<arg>${SHOULD_TIMEOUT}</arg>
<doc>Pauses the test executed for the given time.</doc>
<status status="NOT RUN" starttime="20230729 15:57:13.802" endtime="20230729 15:57:13.802"/>
</kw>
<status status="NOT RUN" starttime="20230729 15:57:13.800" endtime="20230729 15:57:13.802"/>
</branch>
<status status="PASS" starttime="20230729 15:57:13.800" endtime="20230729 15:57:13.802"/>
</if>
<status status="PASS" starttime="20230729 15:57:13.777" endtime="20230729 15:57:13.803"/>
</kw>
<kw name="Scroll By" library="Browser">
<arg>${None}</arg>
<tag>PageContent</tag>
<tag>Setter</tag>
<doc>Scrolls an element or the page relative from current position by the given values.</doc>
<status status="PASS" starttime="20230729 15:57:13.804" endtime="20230729 15:57:13.849"/>
</kw>
<status status="PASS" starttime="20230729 15:57:13.597" endtime="20230729 15:57:13.850"/>
</kw>
<kw name="Then User look message &quot;Cập nhật thành công&quot; popup" library="common" sourcename="User look message &quot;${message}&quot; popup">
<kw name="Get Regexp Matches" library="String">
<var>${contains}</var>
<arg>${message}</arg>
<arg>_@(.+)@_</arg>
<arg>1</arg>
<doc>Returns a list of all non-overlapping matches in the given string.</doc>
<msg timestamp="20230729 15:57:13.855" level="INFO">${contains} = []</msg>
<status status="PASS" starttime="20230729 15:57:13.855" endtime="20230729 15:57:13.855"/>
</kw>
<kw name="Get Length" library="BuiltIn">
<var>${cnt}</var>
<arg>${contains}</arg>
<doc>Returns and logs the length of the given item as an integer.</doc>
<msg timestamp="20230729 15:57:13.856" level="INFO">Length is 0</msg>
<msg timestamp="20230729 15:57:13.856" level="INFO">${cnt} = 0</msg>
<status status="PASS" starttime="20230729 15:57:13.856" endtime="20230729 15:57:13.856"/>
</kw>
<if>
<branch type="IF" condition="${cnt} &gt; 0">
<kw name="Replace String" library="String">
<var>${message}</var>
<arg>${message}</arg>
<arg>_@${contains[0]}@_</arg>
<arg>${STATE["${contains[0]}"]}</arg>
<doc>Replaces ``search_for`` in the given ``string`` with ``replace_with``.</doc>
<status status="NOT RUN" starttime="20230729 15:57:13.857" endtime="20230729 15:57:13.857"/>
</kw>
<status status="NOT RUN" starttime="20230729 15:57:13.857" endtime="20230729 15:57:13.857"/>
</branch>
<status status="PASS" starttime="20230729 15:57:13.857" endtime="20230729 15:57:13.858"/>
</if>
<kw name="Element Text Should Be" library="common">
<arg>id=swal2-html-container</arg>
<arg>${message}</arg>
<kw name="Get Text" library="Browser">
<arg>${locator}</arg>
<arg>equal</arg>
<arg>${expected}</arg>
<arg>${message}</arg>
<tag>Assertion</tag>
<tag>Getter</tag>
<tag>PageContent</tag>
<doc>Returns text attribute of the element found by ``selector``.</doc>
<msg timestamp="20230729 15:57:16.119" level="INFO">Text: 'Cập nhật thành công'</msg>
<status status="PASS" starttime="20230729 15:57:13.860" endtime="20230729 15:57:16.119"/>
</kw>
<status status="PASS" starttime="20230729 15:57:13.858" endtime="20230729 15:57:16.120"/>
</kw>
<kw name="Set Variable" library="BuiltIn">
<var>${element}</var>
<arg>xpath=//*[contains(@class, "swal2-confirm")]</arg>
<doc>Returns the given values which can then be assigned to a variables.</doc>
<msg timestamp="20230729 15:57:16.121" level="INFO">${element} = xpath=//*[contains(@class, "swal2-confirm")]</msg>
<status status="PASS" starttime="20230729 15:57:16.120" endtime="20230729 15:57:16.121"/>
</kw>
<kw name="Run Keyword And Return Status" library="BuiltIn">
<var>${passed}</var>
<arg>Element Should Be Visible</arg>
<arg>${element}</arg>
<doc>Runs the given keyword with given arguments and returns the status as a Boolean value.</doc>
<kw name="Element Should Be Visible" library="common">
<arg>${element}</arg>
<kw name="Wait For Elements State" library="Browser">
<arg>${locator}</arg>
<arg>visible</arg>
<arg>${timeout}</arg>
<arg>${message}</arg>
<tag>PageContent</tag>
<tag>Wait</tag>
<doc>Waits for the element found by ``selector`` to satisfy state option.</doc>
<msg timestamp="20230729 15:57:16.647" level="INFO" html="true">&lt;/td&gt;&lt;/tr&gt;&lt;tr&gt;&lt;td colspan="3"&gt;&lt;a href="browser/screenshot/fail-screenshot-16.png" target="_blank"&gt;&lt;img src="browser/screenshot/fail-screenshot-16.png" width="800px"/&gt;&lt;/a&gt;</msg>
<msg timestamp="20230729 15:57:16.647" level="INFO">See also file:///C:/Users/nhats/OneDrive/Desktop/ARI/vite-react-ari/playwright-log.txt for additional details.</msg>
<msg timestamp="20230729 15:57:16.648" level="FAIL">TimeoutError: locator.waitFor: Timeout 100ms exceeded.
=========================== logs ===========================
waiting for locator('xpath=//*[contains(@class, "swal2-confirm")]') to be visible
  locator resolved to hidden &lt;button type="button" aria-label="" class="swal2-confirm…&gt;OK&lt;/button&gt;
  locator resolved to hidden &lt;button type="button" aria-label="" class="swal2-confirm…&gt;OK&lt;/button&gt;
  locator resolved to hidden &lt;button type="button" aria-label="" class="swal2-confirm…&gt;OK&lt;/button&gt;
============================================================
Tip: Use "Set Browser Timeout" for increasing the timeout or double check your locator as the targeted element(s) couldn't be found.</msg>
<status status="FAIL" starttime="20230729 15:57:16.125" endtime="20230729 15:57:16.650"/>
</kw>
<status status="FAIL" starttime="20230729 15:57:16.122" endtime="20230729 15:57:16.651"/>
</kw>
<msg timestamp="20230729 15:57:16.651" level="INFO">${passed} = False</msg>
<status status="PASS" starttime="20230729 15:57:16.121" endtime="20230729 15:57:16.651"/>
</kw>
<if>
<branch type="IF" condition="'${passed}' == 'True'">
<kw name="Click" library="Browser">
<arg>${element}</arg>
<tag>PageContent</tag>
<tag>Setter</tag>
<doc>Simulates mouse click on the element found by ``selector``.</doc>
<status status="NOT RUN" starttime="20230729 15:57:16.652" endtime="20230729 15:57:16.652"/>
</kw>
<status status="NOT RUN" starttime="20230729 15:57:16.652" endtime="20230729 15:57:16.653"/>
</branch>
<status status="PASS" starttime="20230729 15:57:16.652" endtime="20230729 15:57:16.653"/>
</if>
<kw name="Wait Until Element Is Not Exist" library="common">
<arg>${element}</arg>
<kw name="Wait For Elements State" library="Browser">
<arg>${locator}</arg>
<arg>detached</arg>
<arg>${timeout}</arg>
<arg>${message}</arg>
<tag>PageContent</tag>
<tag>Wait</tag>
<doc>Waits for the element found by ``selector`` to satisfy state option.</doc>
<msg timestamp="20230729 15:57:19.110" level="INFO">Waited for Element with selector xpath=//*[contains(@class, "swal2-confirm")] at state detached</msg>
<status status="PASS" starttime="20230729 15:57:16.656" endtime="20230729 15:57:19.110"/>
</kw>
<status status="PASS" starttime="20230729 15:57:16.653" endtime="20230729 15:57:19.111"/>
</kw>
<status status="PASS" starttime="20230729 15:57:13.853" endtime="20230729 15:57:19.111"/>
</kw>
<kw name="And User look title &quot;Danh sách nghỉ phép&quot;" library="common" sourcename="User look title &quot;${title}&quot;">
<kw name="Wait Until Element Spin" library="common">
<kw name="Set Variable" library="BuiltIn">
<var>${element}</var>
<arg>xpath=//*[contains(@class, "ant-spin-spinning")]</arg>
<doc>Returns the given values which can then be assigned to a variables.</doc>
<msg timestamp="20230729 15:57:19.114" level="INFO">${element} = xpath=//*[contains(@class, "ant-spin-spinning")]</msg>
<status status="PASS" starttime="20230729 15:57:19.113" endtime="20230729 15:57:19.114"/>
</kw>
<kw name="Get Element Count" library="Browser">
<var>${count}</var>
<arg>${element}</arg>
<tag>Assertion</tag>
<tag>Getter</tag>
<tag>PageContent</tag>
<doc>Returns the count of elements found with ``selector``.</doc>
<msg timestamp="20230729 15:57:19.121" level="INFO">${count} = 0</msg>
<status status="PASS" starttime="20230729 15:57:19.114" endtime="20230729 15:57:19.121"/>
</kw>
<if>
<branch type="IF" condition="${count} &gt; 0">
<kw name="Wait Until Element Is Not Exist" library="common">
<arg>${element}</arg>
<status status="NOT RUN" starttime="20230729 15:57:19.122" endtime="20230729 15:57:19.123"/>
</kw>
<status status="NOT RUN" starttime="20230729 15:57:19.122" endtime="20230729 15:57:19.123"/>
</branch>
<status status="PASS" starttime="20230729 15:57:19.121" endtime="20230729 15:57:19.124"/>
</if>
<status status="PASS" starttime="20230729 15:57:19.113" endtime="20230729 15:57:19.124"/>
</kw>
<kw name="Title Should Be" library="common">
<arg>${title}</arg>
<kw name="Wait Until Element Spin" library="common">
<kw name="Set Variable" library="BuiltIn">
<var>${element}</var>
<arg>xpath=//*[contains(@class, "ant-spin-spinning")]</arg>
<doc>Returns the given values which can then be assigned to a variables.</doc>
<msg timestamp="20230729 15:57:19.127" level="INFO">${element} = xpath=//*[contains(@class, "ant-spin-spinning")]</msg>
<status status="PASS" starttime="20230729 15:57:19.126" endtime="20230729 15:57:19.127"/>
</kw>
<kw name="Get Element Count" library="Browser">
<var>${count}</var>
<arg>${element}</arg>
<tag>Assertion</tag>
<tag>Getter</tag>
<tag>PageContent</tag>
<doc>Returns the count of elements found with ``selector``.</doc>
<msg timestamp="20230729 15:57:19.138" level="INFO">${count} = 0</msg>
<status status="PASS" starttime="20230729 15:57:19.127" endtime="20230729 15:57:19.138"/>
</kw>
<if>
<branch type="IF" condition="${count} &gt; 0">
<kw name="Wait Until Element Is Not Exist" library="common">
<arg>${element}</arg>
<status status="NOT RUN" starttime="20230729 15:57:19.139" endtime="20230729 15:57:19.139"/>
</kw>
<status status="NOT RUN" starttime="20230729 15:57:19.139" endtime="20230729 15:57:19.140"/>
</branch>
<status status="PASS" starttime="20230729 15:57:19.139" endtime="20230729 15:57:19.140"/>
</if>
<status status="PASS" starttime="20230729 15:57:19.126" endtime="20230729 15:57:19.140"/>
</kw>
<kw name="Get Title" library="Browser">
<var>${actualTitle}</var>
<tag>Assertion</tag>
<tag>Getter</tag>
<tag>PageContent</tag>
<doc>Returns the title of the current page.</doc>
<msg timestamp="20230729 15:57:19.149" level="INFO">Title: 'Danh sách nghỉ phép'</msg>
<msg timestamp="20230729 15:57:19.149" level="INFO">${actualTitle} = Danh sách nghỉ phép</msg>
<status status="PASS" starttime="20230729 15:57:19.141" endtime="20230729 15:57:19.149"/>
</kw>
<kw name="Should Be Equal As Strings" library="BuiltIn">
<arg>${actualTitle}</arg>
<arg>${expectedTitle}</arg>
<doc>Fails if objects are unequal after converting them to strings.</doc>
<status status="PASS" starttime="20230729 15:57:19.150" endtime="20230729 15:57:19.151"/>
</kw>
<status status="PASS" starttime="20230729 15:57:19.125" endtime="20230729 15:57:19.151"/>
</kw>
<status status="PASS" starttime="20230729 15:57:19.112" endtime="20230729 15:57:19.151"/>
</kw>
<kw name="Tear Down" library="common" type="TEARDOWN">
<kw name="Close Browser" library="Browser">
<arg>ALL</arg>
<tag>BrowserControl</tag>
<tag>Setter</tag>
<doc>Closes the current browser.</doc>
<msg timestamp="20230729 15:57:20.240" level="INFO">Closed all browsers</msg>
<status status="PASS" starttime="20230729 15:57:19.152" endtime="20230729 15:57:20.240"/>
</kw>
<status status="PASS" starttime="20230729 15:57:19.152" endtime="20230729 15:57:20.240"/>
</kw>
<tag>@regression</tag>
<tag>@smoketest</tag>
<status status="PASS" starttime="20230729 15:56:59.015" endtime="20230729 15:57:20.241"/>
</test>
<status status="PASS" starttime="20230729 15:54:05.100" endtime="20230729 15:57:20.251"/>
</suite>
<statistics>
<total>
<stat pass="8" fail="0" skip="0">All Tests</stat>
</total>
<tag>
<stat pass="8" fail="0" skip="0">@regression</stat>
<stat pass="8" fail="0" skip="0">@smoketest</stat>
</tag>
<suite>
<stat pass="8" fail="0" skip="0" id="s1" name="Admin Create Code">Admin Create Code</stat>
</suite>
</statistics>
<errors>
</errors>
</robot>
