<?xml version="1.0" encoding="UTF-8"?>
<robot generator="Robot 6.1 (Python 3.11.4 on win32)" generated="20230711 21:47:26.280" rpa="false" schemaversion="4">
<suite id="s1" name="Staff Leave Management" source="D:\DEMO2\vite-react-ari\test\testcases\staff_leave_management.robot">
<test id="s1-t1" name="STA-13 Verify that staff leave approval by Manager" line="155">
<kw name="Setup" library="common" type="SETUP">
<kw name="Set Browser Timeout" library="Browser">
<arg>${BROWSER_TIMEOUT}</arg>
<tag>Config</tag>
<tag>Setter</tag>
<doc>Sets the timeout used by most input and getter keywords.</doc>
<status status="PASS" starttime="20230711 21:47:29.670" endtime="20230711 21:47:29.681"/>
</kw>
<kw name="New Browser" library="Browser">
<arg>${BROWSER}</arg>
<arg>headless=${HEADLESS}</arg>
<tag>BrowserControl</tag>
<tag>Setter</tag>
<doc>Create a new playwright Browser with specified options.</doc>
<msg timestamp="20230711 21:47:29.682" level="INFO">{"browser": "chromium", "headless": false, "devtools": false, "handleSIGHUP": true, "handleSIGINT": true, "handleSIGTERM": true, "slowMo": 0.0, "timeout": 30000.0, "deprecated_pos_args": [], "tracesDir": "D:\\DEMO2\\vite-react-ari\\browser\\traces\\ef3b9ec4-9ae9-4ac8-a8f8-f4463d92c89c"}</msg>
<msg timestamp="20230711 21:47:31.050" level="INFO">Successfully created browser with options: {"browser":"chromium","headless":false,"devtools":false,"handleSIGHUP":true,"handleSIGINT":true,"handleSIGTERM":true,"slowMo":0,"timeout":30000,"deprecated_pos_args":[],"tracesDir":"D:\\DEMO2\\vite-react-ari\\browser\\traces\\ef3b9ec4-9ae9-4ac8-a8f8-f4463d92c89c"}</msg>
<status status="PASS" starttime="20230711 21:47:29.681" endtime="20230711 21:47:31.051"/>
</kw>
<kw name="New Page" library="Browser">
<arg>${URL_DEFAULT}</arg>
<tag>BrowserControl</tag>
<tag>Setter</tag>
<doc>Open a new Page.</doc>
<msg timestamp="20230711 21:47:33.648" level="INFO">Successfully initialized new page object and opened url: http://localhost:5173</msg>
<msg timestamp="20230711 21:47:33.649" level="INFO">No context was open. New context was automatically opened when this page is created.</msg>
<status status="PASS" starttime="20230711 21:47:31.052" endtime="20230711 21:47:33.649"/>
</kw>
<kw name="Evaluate" library="BuiltIn">
<var>${STATE}</var>
<arg>json.loads('''{}''')</arg>
<arg>json</arg>
<doc>Evaluates the given expression in Python and returns the result.</doc>
<msg timestamp="20230711 21:47:33.650" level="INFO">${STATE} = {}</msg>
<status status="PASS" starttime="20230711 21:47:33.650" endtime="20230711 21:47:33.650"/>
</kw>
<status status="PASS" starttime="20230711 21:47:29.669" endtime="20230711 21:47:33.651"/>
</kw>
<kw name="Login to Manager" library="common">
<kw name="Enter &quot;email&quot; in &quot;Tên đăng nhập&quot; with &quot;hodutali_manager@husc.edu.vn&quot;" library="common" sourcename="Enter &quot;${type}&quot; in &quot;${name}&quot; with &quot;${text}&quot;">
<kw name="Get Random Text" library="common">
<var>${text}</var>
<arg>${type}</arg>
<arg>${text}</arg>
<kw name="Set Variable" library="BuiltIn">
<var>${symbol}</var>
<arg>_RANDOM_</arg>
<doc>Returns the given values which can then be assigned to a variables.</doc>
<msg timestamp="20230711 21:47:33.660" level="INFO">${symbol} = _RANDOM_</msg>
<status status="PASS" starttime="20230711 21:47:33.659" endtime="20230711 21:47:33.660"/>
</kw>
<kw name="Set Variable" library="BuiltIn">
<var>${new_text}</var>
<doc>Returns the given values which can then be assigned to a variables.</doc>
<msg timestamp="20230711 21:47:33.661" level="INFO">${new_text} = </msg>
<status status="PASS" starttime="20230711 21:47:33.660" endtime="20230711 21:47:33.662"/>
</kw>
<kw name="Get Regexp Matches" library="String">
<var>${containsS}</var>
<arg>${text}</arg>
<arg>_@(.+)@_</arg>
<arg>1</arg>
<doc>Returns a list of all non-overlapping matches in the given string.</doc>
<msg timestamp="20230711 21:47:33.665" level="INFO">${containsS} = []</msg>
<status status="PASS" starttime="20230711 21:47:33.662" endtime="20230711 21:47:33.665"/>
</kw>
<kw name="Get Length" library="BuiltIn">
<var>${cntS}</var>
<arg>${containsS}</arg>
<doc>Returns and logs the length of the given item as an integer.</doc>
<msg timestamp="20230711 21:47:33.666" level="INFO">Length is 0</msg>
<msg timestamp="20230711 21:47:33.666" level="INFO">${cntS} = 0</msg>
<status status="PASS" starttime="20230711 21:47:33.665" endtime="20230711 21:47:33.666"/>
</kw>
<kw name="Get Regexp Matches" library="String">
<var>${contains}</var>
<arg>${text}</arg>
<arg>${symbol}</arg>
<doc>Returns a list of all non-overlapping matches in the given string.</doc>
<msg timestamp="20230711 21:47:33.668" level="INFO">${contains} = []</msg>
<status status="PASS" starttime="20230711 21:47:33.667" endtime="20230711 21:47:33.668"/>
</kw>
<kw name="Get Length" library="BuiltIn">
<var>${cnt}</var>
<arg>${contains}</arg>
<doc>Returns and logs the length of the given item as an integer.</doc>
<msg timestamp="20230711 21:47:33.669" level="INFO">Length is 0</msg>
<msg timestamp="20230711 21:47:33.669" level="INFO">${cnt} = 0</msg>
<status status="PASS" starttime="20230711 21:47:33.668" endtime="20230711 21:47:33.669"/>
</kw>
<if>
<branch type="IF" condition="${cntS} &gt; 0">
<kw name="Set Variable" library="BuiltIn">
<var>${new_text}</var>
<arg>${STATE["${containsS[0]}"]}</arg>
<doc>Returns the given values which can then be assigned to a variables.</doc>
<status status="NOT RUN" starttime="20230711 21:47:33.671" endtime="20230711 21:47:33.672"/>
</kw>
<kw name="Set Variable" library="BuiltIn">
<var>${symbol}</var>
<arg>_@${containsS[0]}@_</arg>
<doc>Returns the given values which can then be assigned to a variables.</doc>
<status status="NOT RUN" starttime="20230711 21:47:33.673" endtime="20230711 21:47:33.673"/>
</kw>
<status status="NOT RUN" starttime="20230711 21:47:33.670" endtime="20230711 21:47:33.674"/>
</branch>
<branch type="ELSE IF" condition="${cnt} &gt; 0 and '${type}' == 'test name'">
<kw name="Sentence" library="FakerLibrary">
<var>${random}</var>
<arg>nb_words=3</arg>
<doc>Generate a sentence.</doc>
<status status="NOT RUN" starttime="20230711 21:47:33.676" endtime="20230711 21:47:33.676"/>
</kw>
<kw name="Split String" library="String">
<var>${words}</var>
<arg>${TEST NAME}</arg>
<arg>${SPACE}</arg>
<doc>Splits the ``string`` using ``separator`` as a delimiter string.</doc>
<status status="NOT RUN" starttime="20230711 21:47:33.677" endtime="20230711 21:47:33.677"/>
</kw>
<kw name="Set Variable" library="BuiltIn">
<var>${new_text}</var>
<arg>${words[0]} ${random}</arg>
<doc>Returns the given values which can then be assigned to a variables.</doc>
<status status="NOT RUN" starttime="20230711 21:47:33.678" endtime="20230711 21:47:33.678"/>
</kw>
<status status="NOT RUN" starttime="20230711 21:47:33.675" endtime="20230711 21:47:33.678"/>
</branch>
<branch type="ELSE IF" condition="${cnt} &gt; 0 and '${type}' == 'number'">
<kw name="Random Int" library="FakerLibrary">
<var>${new_text}</var>
<doc>Generate a random integer between two integers ``min`` and ``max`` inclusive
while observing the provided ``step`` value.</doc>
<status status="NOT RUN" starttime="20230711 21:47:33.680" endtime="20230711 21:47:33.680"/>
</kw>
<kw name="Convert To String" library="BuiltIn">
<var>${new_text}</var>
<arg>${new_text}</arg>
<doc>Converts the given item to a Unicode string.</doc>
<status status="NOT RUN" starttime="20230711 21:47:33.680" endtime="20230711 21:47:33.681"/>
</kw>
<status status="NOT RUN" starttime="20230711 21:47:33.679" endtime="20230711 21:47:33.681"/>
</branch>
<branch type="ELSE IF" condition="${cnt} &gt; 0 and '${type}' == 'percentage'">
<kw name="Random Int" library="FakerLibrary">
<var>${new_text}</var>
<arg>max=100</arg>
<doc>Generate a random integer between two integers ``min`` and ``max`` inclusive
while observing the provided ``step`` value.</doc>
<status status="NOT RUN" starttime="20230711 21:47:33.682" endtime="20230711 21:47:33.683"/>
</kw>
<kw name="Convert To String" library="BuiltIn">
<var>${new_text}</var>
<arg>${new_text}</arg>
<doc>Converts the given item to a Unicode string.</doc>
<status status="NOT RUN" starttime="20230711 21:47:33.683" endtime="20230711 21:47:33.684"/>
</kw>
<status status="NOT RUN" starttime="20230711 21:47:33.681" endtime="20230711 21:47:33.684"/>
</branch>
<branch type="ELSE IF" condition="${cnt} &gt; 0 and '${type}' == 'paragraph'">
<kw name="Paragraph" library="FakerLibrary">
<var>${new_text}</var>
<doc>Generate a paragraph.</doc>
<status status="NOT RUN" starttime="20230711 21:47:33.685" endtime="20230711 21:47:33.685"/>
</kw>
<status status="NOT RUN" starttime="20230711 21:47:33.684" endtime="20230711 21:47:33.686"/>
</branch>
<branch type="ELSE IF" condition="${cnt} &gt; 0 and '${type}' == 'email'">
<kw name="Email" library="FakerLibrary">
<var>${new_text}</var>
<status status="NOT RUN" starttime="20230711 21:47:33.688" endtime="20230711 21:47:33.689"/>
</kw>
<status status="NOT RUN" starttime="20230711 21:47:33.687" endtime="20230711 21:47:33.691"/>
</branch>
<branch type="ELSE IF" condition="${cnt} &gt; 0 and '${type}' == 'phone'">
<kw name="Random Int" library="FakerLibrary">
<var>${new_text}</var>
<arg>min=55555555</arg>
<arg>max=999999999999</arg>
<doc>Generate a random integer between two integers ``min`` and ``max`` inclusive
while observing the provided ``step`` value.</doc>
<status status="NOT RUN" starttime="20230711 21:47:33.693" endtime="20230711 21:47:33.694"/>
</kw>
<kw name="Convert To String" library="BuiltIn">
<var>${new_text}</var>
<arg>${new_text}</arg>
<doc>Converts the given item to a Unicode string.</doc>
<status status="NOT RUN" starttime="20230711 21:47:33.695" endtime="20230711 21:47:33.695"/>
</kw>
<status status="NOT RUN" starttime="20230711 21:47:33.692" endtime="20230711 21:47:33.695"/>
</branch>
<branch type="ELSE IF" condition="${cnt} &gt; 0 and '${type}' == 'color'">
<kw name="Safe Hex Color" library="FakerLibrary">
<var>${new_text}</var>
<doc>Generate a web-safe color formatted as a hex triplet.</doc>
<status status="NOT RUN" starttime="20230711 21:47:33.696" endtime="20230711 21:47:33.697"/>
</kw>
<status status="NOT RUN" starttime="20230711 21:47:33.696" endtime="20230711 21:47:33.697"/>
</branch>
<branch type="ELSE IF" condition="${cnt} &gt; 0 and '${type}' == 'date'">
<kw name="Date" library="FakerLibrary">
<var>${new_text}</var>
<arg>pattern=%d-%m-%Y</arg>
<doc>Get a date string between January 1, 1970 and now.</doc>
<status status="NOT RUN" starttime="20230711 21:47:33.698" endtime="20230711 21:47:33.698"/>
</kw>
<status status="NOT RUN" starttime="20230711 21:47:33.698" endtime="20230711 21:47:33.699"/>
</branch>
<branch type="ELSE IF" condition="${cnt} &gt; 0 and '${type}' == 'word'">
<kw name="Sentence" library="FakerLibrary">
<var>${new_text}</var>
<arg>nb_words=2</arg>
<doc>Generate a sentence.</doc>
<status status="NOT RUN" starttime="20230711 21:47:33.700" endtime="20230711 21:47:33.701"/>
</kw>
<status status="NOT RUN" starttime="20230711 21:47:33.700" endtime="20230711 21:47:33.701"/>
</branch>
<branch type="ELSE IF" condition="${cnt} &gt; 0">
<kw name="Sentence" library="FakerLibrary">
<var>${new_text}</var>
<doc>Generate a sentence.</doc>
<status status="NOT RUN" starttime="20230711 21:47:33.701" endtime="20230711 21:47:33.702"/>
</kw>
<status status="NOT RUN" starttime="20230711 21:47:33.701" endtime="20230711 21:47:33.702"/>
</branch>
<status status="PASS" starttime="20230711 21:47:33.670" endtime="20230711 21:47:33.703"/>
</if>
<kw name="Get Length" library="BuiltIn">
<var>${cnt}</var>
<arg>${text}</arg>
<doc>Returns and logs the length of the given item as an integer.</doc>
<msg timestamp="20230711 21:47:33.704" level="INFO">Length is 28</msg>
<msg timestamp="20230711 21:47:33.704" level="INFO">${cnt} = 28</msg>
<status status="PASS" starttime="20230711 21:47:33.703" endtime="20230711 21:47:33.704"/>
</kw>
<if>
<branch type="IF" condition="${cnt} &gt; 0">
<kw name="Replace String" library="String">
<var>${text}</var>
<arg>${text}</arg>
<arg>${symbol}</arg>
<arg>${new_text}</arg>
<doc>Replaces ``search_for`` in the given ``string`` with ``replace_with``.</doc>
<msg timestamp="20230711 21:47:33.709" level="INFO">${text} = hodutali_manager@husc.edu.vn</msg>
<status status="PASS" starttime="20230711 21:47:33.706" endtime="20230711 21:47:33.709"/>
</kw>
<status status="PASS" starttime="20230711 21:47:33.704" endtime="20230711 21:47:33.710"/>
</branch>
<status status="PASS" starttime="20230711 21:47:33.704" endtime="20230711 21:47:33.710"/>
</if>
<msg timestamp="20230711 21:47:33.710" level="INFO">${text} = hodutali_manager@husc.edu.vn</msg>
<status status="PASS" starttime="20230711 21:47:33.657" endtime="20230711 21:47:33.711"/>
</kw>
<kw name="Get Element Form Item By Name" library="common">
<var>${element}</var>
<arg>${name}</arg>
<arg>//input[contains(@class, "ant-input")]</arg>
<msg timestamp="20230711 21:47:33.712" level="INFO">${element} = xpath=//*[contains(@class, "ant-form-item-label")]/label[text()="Tên đăng nhập"]/../../*[contains(@class, "ant-form-item")]//input[contains(@class, "ant-input")]</msg>
<status status="PASS" starttime="20230711 21:47:33.711" endtime="20230711 21:47:33.712"/>
</kw>
<kw name="Clear Text" library="Browser">
<arg>${element}</arg>
<tag>PageContent</tag>
<tag>Setter</tag>
<doc>Clears the text field found by ``selector``.</doc>
<status status="PASS" starttime="20230711 21:47:33.713" endtime="20230711 21:47:36.325"/>
</kw>
<kw name="Fill Text" library="Browser">
<arg>${element}</arg>
<arg>${text}</arg>
<arg>True</arg>
<tag>PageContent</tag>
<tag>Setter</tag>
<doc>Clears and fills the given ``txt`` into the text field found by ``selector``.</doc>
<msg timestamp="20230711 21:47:36.326" level="INFO">Fills the text 'hodutali_manager@husc.edu.vn' in the given field.</msg>
<status status="PASS" starttime="20230711 21:47:36.326" endtime="20230711 21:47:36.396"/>
</kw>
<kw name="Get Length" library="BuiltIn">
<var>${cnt}</var>
<arg>${text}</arg>
<doc>Returns and logs the length of the given item as an integer.</doc>
<msg timestamp="20230711 21:47:36.396" level="INFO">Length is 28</msg>
<msg timestamp="20230711 21:47:36.396" level="INFO">${cnt} = 28</msg>
<status status="PASS" starttime="20230711 21:47:36.396" endtime="20230711 21:47:36.396"/>
</kw>
<if>
<branch type="IF" condition="${cnt} &gt; 0">
<kw name="Set Global Variable" library="BuiltIn">
<arg>${STATE["${name}"]}</arg>
<arg>${text}</arg>
<doc>Makes a variable available globally in all tests and suites.</doc>
<msg timestamp="20230711 21:47:36.401" level="INFO">${STATE["Tên đăng nhập"]} = hodutali_manager@husc.edu.vn</msg>
<status status="PASS" starttime="20230711 21:47:36.398" endtime="20230711 21:47:36.401"/>
</kw>
<status status="PASS" starttime="20230711 21:47:36.398" endtime="20230711 21:47:36.401"/>
</branch>
<status status="PASS" starttime="20230711 21:47:36.398" endtime="20230711 21:47:36.402"/>
</if>
<status status="PASS" starttime="20230711 21:47:33.655" endtime="20230711 21:47:36.402"/>
</kw>
<kw name="Enter &quot;text&quot; in &quot;Mật khẩu&quot; with &quot;Nhat@01101999&quot;" library="common" sourcename="Enter &quot;${type}&quot; in &quot;${name}&quot; with &quot;${text}&quot;">
<kw name="Get Random Text" library="common">
<var>${text}</var>
<arg>${type}</arg>
<arg>${text}</arg>
<kw name="Set Variable" library="BuiltIn">
<var>${symbol}</var>
<arg>_RANDOM_</arg>
<doc>Returns the given values which can then be assigned to a variables.</doc>
<msg timestamp="20230711 21:47:36.405" level="INFO">${symbol} = _RANDOM_</msg>
<status status="PASS" starttime="20230711 21:47:36.404" endtime="20230711 21:47:36.405"/>
</kw>
<kw name="Set Variable" library="BuiltIn">
<var>${new_text}</var>
<doc>Returns the given values which can then be assigned to a variables.</doc>
<msg timestamp="20230711 21:47:36.405" level="INFO">${new_text} = </msg>
<status status="PASS" starttime="20230711 21:47:36.405" endtime="20230711 21:47:36.405"/>
</kw>
<kw name="Get Regexp Matches" library="String">
<var>${containsS}</var>
<arg>${text}</arg>
<arg>_@(.+)@_</arg>
<arg>1</arg>
<doc>Returns a list of all non-overlapping matches in the given string.</doc>
<msg timestamp="20230711 21:47:36.407" level="INFO">${containsS} = []</msg>
<status status="PASS" starttime="20230711 21:47:36.406" endtime="20230711 21:47:36.407"/>
</kw>
<kw name="Get Length" library="BuiltIn">
<var>${cntS}</var>
<arg>${containsS}</arg>
<doc>Returns and logs the length of the given item as an integer.</doc>
<msg timestamp="20230711 21:47:36.408" level="INFO">Length is 0</msg>
<msg timestamp="20230711 21:47:36.408" level="INFO">${cntS} = 0</msg>
<status status="PASS" starttime="20230711 21:47:36.408" endtime="20230711 21:47:36.408"/>
</kw>
<kw name="Get Regexp Matches" library="String">
<var>${contains}</var>
<arg>${text}</arg>
<arg>${symbol}</arg>
<doc>Returns a list of all non-overlapping matches in the given string.</doc>
<msg timestamp="20230711 21:47:36.409" level="INFO">${contains} = []</msg>
<status status="PASS" starttime="20230711 21:47:36.408" endtime="20230711 21:47:36.410"/>
</kw>
<kw name="Get Length" library="BuiltIn">
<var>${cnt}</var>
<arg>${contains}</arg>
<doc>Returns and logs the length of the given item as an integer.</doc>
<msg timestamp="20230711 21:47:36.411" level="INFO">Length is 0</msg>
<msg timestamp="20230711 21:47:36.411" level="INFO">${cnt} = 0</msg>
<status status="PASS" starttime="20230711 21:47:36.410" endtime="20230711 21:47:36.411"/>
</kw>
<if>
<branch type="IF" condition="${cntS} &gt; 0">
<kw name="Set Variable" library="BuiltIn">
<var>${new_text}</var>
<arg>${STATE["${containsS[0]}"]}</arg>
<doc>Returns the given values which can then be assigned to a variables.</doc>
<status status="NOT RUN" starttime="20230711 21:47:36.412" endtime="20230711 21:47:36.412"/>
</kw>
<kw name="Set Variable" library="BuiltIn">
<var>${symbol}</var>
<arg>_@${containsS[0]}@_</arg>
<doc>Returns the given values which can then be assigned to a variables.</doc>
<status status="NOT RUN" starttime="20230711 21:47:36.413" endtime="20230711 21:47:36.413"/>
</kw>
<status status="NOT RUN" starttime="20230711 21:47:36.411" endtime="20230711 21:47:36.413"/>
</branch>
<branch type="ELSE IF" condition="${cnt} &gt; 0 and '${type}' == 'test name'">
<kw name="Sentence" library="FakerLibrary">
<var>${random}</var>
<arg>nb_words=3</arg>
<doc>Generate a sentence.</doc>
<status status="NOT RUN" starttime="20230711 21:47:36.415" endtime="20230711 21:47:36.415"/>
</kw>
<kw name="Split String" library="String">
<var>${words}</var>
<arg>${TEST NAME}</arg>
<arg>${SPACE}</arg>
<doc>Splits the ``string`` using ``separator`` as a delimiter string.</doc>
<status status="NOT RUN" starttime="20230711 21:47:36.416" endtime="20230711 21:47:36.416"/>
</kw>
<kw name="Set Variable" library="BuiltIn">
<var>${new_text}</var>
<arg>${words[0]} ${random}</arg>
<doc>Returns the given values which can then be assigned to a variables.</doc>
<status status="NOT RUN" starttime="20230711 21:47:36.416" endtime="20230711 21:47:36.416"/>
</kw>
<status status="NOT RUN" starttime="20230711 21:47:36.414" endtime="20230711 21:47:36.417"/>
</branch>
<branch type="ELSE IF" condition="${cnt} &gt; 0 and '${type}' == 'number'">
<kw name="Random Int" library="FakerLibrary">
<var>${new_text}</var>
<doc>Generate a random integer between two integers ``min`` and ``max`` inclusive
while observing the provided ``step`` value.</doc>
<status status="NOT RUN" starttime="20230711 21:47:36.418" endtime="20230711 21:47:36.418"/>
</kw>
<kw name="Convert To String" library="BuiltIn">
<var>${new_text}</var>
<arg>${new_text}</arg>
<doc>Converts the given item to a Unicode string.</doc>
<status status="NOT RUN" starttime="20230711 21:47:36.419" endtime="20230711 21:47:36.419"/>
</kw>
<status status="NOT RUN" starttime="20230711 21:47:36.417" endtime="20230711 21:47:36.419"/>
</branch>
<branch type="ELSE IF" condition="${cnt} &gt; 0 and '${type}' == 'percentage'">
<kw name="Random Int" library="FakerLibrary">
<var>${new_text}</var>
<arg>max=100</arg>
<doc>Generate a random integer between two integers ``min`` and ``max`` inclusive
while observing the provided ``step`` value.</doc>
<status status="NOT RUN" starttime="20230711 21:47:36.419" endtime="20230711 21:47:36.420"/>
</kw>
<kw name="Convert To String" library="BuiltIn">
<var>${new_text}</var>
<arg>${new_text}</arg>
<doc>Converts the given item to a Unicode string.</doc>
<status status="NOT RUN" starttime="20230711 21:47:36.420" endtime="20230711 21:47:36.421"/>
</kw>
<status status="NOT RUN" starttime="20230711 21:47:36.419" endtime="20230711 21:47:36.421"/>
</branch>
<branch type="ELSE IF" condition="${cnt} &gt; 0 and '${type}' == 'paragraph'">
<kw name="Paragraph" library="FakerLibrary">
<var>${new_text}</var>
<doc>Generate a paragraph.</doc>
<status status="NOT RUN" starttime="20230711 21:47:36.422" endtime="20230711 21:47:36.422"/>
</kw>
<status status="NOT RUN" starttime="20230711 21:47:36.421" endtime="20230711 21:47:36.422"/>
</branch>
<branch type="ELSE IF" condition="${cnt} &gt; 0 and '${type}' == 'email'">
<kw name="Email" library="FakerLibrary">
<var>${new_text}</var>
<status status="NOT RUN" starttime="20230711 21:47:36.424" endtime="20230711 21:47:36.424"/>
</kw>
<status status="NOT RUN" starttime="20230711 21:47:36.423" endtime="20230711 21:47:36.424"/>
</branch>
<branch type="ELSE IF" condition="${cnt} &gt; 0 and '${type}' == 'phone'">
<kw name="Random Int" library="FakerLibrary">
<var>${new_text}</var>
<arg>min=55555555</arg>
<arg>max=999999999999</arg>
<doc>Generate a random integer between two integers ``min`` and ``max`` inclusive
while observing the provided ``step`` value.</doc>
<status status="NOT RUN" starttime="20230711 21:47:36.425" endtime="20230711 21:47:36.425"/>
</kw>
<kw name="Convert To String" library="BuiltIn">
<var>${new_text}</var>
<arg>${new_text}</arg>
<doc>Converts the given item to a Unicode string.</doc>
<status status="NOT RUN" starttime="20230711 21:47:36.426" endtime="20230711 21:47:36.426"/>
</kw>
<status status="NOT RUN" starttime="20230711 21:47:36.425" endtime="20230711 21:47:36.427"/>
</branch>
<branch type="ELSE IF" condition="${cnt} &gt; 0 and '${type}' == 'color'">
<kw name="Safe Hex Color" library="FakerLibrary">
<var>${new_text}</var>
<doc>Generate a web-safe color formatted as a hex triplet.</doc>
<status status="NOT RUN" starttime="20230711 21:47:36.428" endtime="20230711 21:47:36.428"/>
</kw>
<status status="NOT RUN" starttime="20230711 21:47:36.427" endtime="20230711 21:47:36.429"/>
</branch>
<branch type="ELSE IF" condition="${cnt} &gt; 0 and '${type}' == 'date'">
<kw name="Date" library="FakerLibrary">
<var>${new_text}</var>
<arg>pattern=%d-%m-%Y</arg>
<doc>Get a date string between January 1, 1970 and now.</doc>
<status status="NOT RUN" starttime="20230711 21:47:36.430" endtime="20230711 21:47:36.430"/>
</kw>
<status status="NOT RUN" starttime="20230711 21:47:36.429" endtime="20230711 21:47:36.430"/>
</branch>
<branch type="ELSE IF" condition="${cnt} &gt; 0 and '${type}' == 'word'">
<kw name="Sentence" library="FakerLibrary">
<var>${new_text}</var>
<arg>nb_words=2</arg>
<doc>Generate a sentence.</doc>
<status status="NOT RUN" starttime="20230711 21:47:36.431" endtime="20230711 21:47:36.432"/>
</kw>
<status status="NOT RUN" starttime="20230711 21:47:36.430" endtime="20230711 21:47:36.432"/>
</branch>
<branch type="ELSE IF" condition="${cnt} &gt; 0">
<kw name="Sentence" library="FakerLibrary">
<var>${new_text}</var>
<doc>Generate a sentence.</doc>
<status status="NOT RUN" starttime="20230711 21:47:36.433" endtime="20230711 21:47:36.433"/>
</kw>
<status status="NOT RUN" starttime="20230711 21:47:36.432" endtime="20230711 21:47:36.433"/>
</branch>
<status status="PASS" starttime="20230711 21:47:36.411" endtime="20230711 21:47:36.433"/>
</if>
<kw name="Get Length" library="BuiltIn">
<var>${cnt}</var>
<arg>${text}</arg>
<doc>Returns and logs the length of the given item as an integer.</doc>
<msg timestamp="20230711 21:47:36.434" level="INFO">Length is 13</msg>
<msg timestamp="20230711 21:47:36.435" level="INFO">${cnt} = 13</msg>
<status status="PASS" starttime="20230711 21:47:36.433" endtime="20230711 21:47:36.435"/>
</kw>
<if>
<branch type="IF" condition="${cnt} &gt; 0">
<kw name="Replace String" library="String">
<var>${text}</var>
<arg>${text}</arg>
<arg>${symbol}</arg>
<arg>${new_text}</arg>
<doc>Replaces ``search_for`` in the given ``string`` with ``replace_with``.</doc>
<msg timestamp="20230711 21:47:36.437" level="INFO">${text} = Nhat@01101999</msg>
<status status="PASS" starttime="20230711 21:47:36.436" endtime="20230711 21:47:36.437"/>
</kw>
<status status="PASS" starttime="20230711 21:47:36.435" endtime="20230711 21:47:36.437"/>
</branch>
<status status="PASS" starttime="20230711 21:47:36.435" endtime="20230711 21:47:36.438"/>
</if>
<msg timestamp="20230711 21:47:36.438" level="INFO">${text} = Nhat@01101999</msg>
<status status="PASS" starttime="20230711 21:47:36.403" endtime="20230711 21:47:36.438"/>
</kw>
<kw name="Get Element Form Item By Name" library="common">
<var>${element}</var>
<arg>${name}</arg>
<arg>//input[contains(@class, "ant-input")]</arg>
<msg timestamp="20230711 21:47:36.440" level="INFO">${element} = xpath=//*[contains(@class, "ant-form-item-label")]/label[text()="Mật khẩu"]/../../*[contains(@class, "ant-form-item")]//input[contains(@class, "ant-input")]</msg>
<status status="PASS" starttime="20230711 21:47:36.438" endtime="20230711 21:47:36.440"/>
</kw>
<kw name="Clear Text" library="Browser">
<arg>${element}</arg>
<tag>PageContent</tag>
<tag>Setter</tag>
<doc>Clears the text field found by ``selector``.</doc>
<status status="PASS" starttime="20230711 21:47:36.441" endtime="20230711 21:47:36.542"/>
</kw>
<kw name="Fill Text" library="Browser">
<arg>${element}</arg>
<arg>${text}</arg>
<arg>True</arg>
<tag>PageContent</tag>
<tag>Setter</tag>
<doc>Clears and fills the given ``txt`` into the text field found by ``selector``.</doc>
<msg timestamp="20230711 21:47:36.543" level="INFO">Fills the text 'Nhat@01101999' in the given field.</msg>
<status status="PASS" starttime="20230711 21:47:36.542" endtime="20230711 21:47:36.611"/>
</kw>
<kw name="Get Length" library="BuiltIn">
<var>${cnt}</var>
<arg>${text}</arg>
<doc>Returns and logs the length of the given item as an integer.</doc>
<msg timestamp="20230711 21:47:36.611" level="INFO">Length is 13</msg>
<msg timestamp="20230711 21:47:36.611" level="INFO">${cnt} = 13</msg>
<status status="PASS" starttime="20230711 21:47:36.611" endtime="20230711 21:47:36.611"/>
</kw>
<if>
<branch type="IF" condition="${cnt} &gt; 0">
<kw name="Set Global Variable" library="BuiltIn">
<arg>${STATE["${name}"]}</arg>
<arg>${text}</arg>
<doc>Makes a variable available globally in all tests and suites.</doc>
<msg timestamp="20230711 21:47:36.616" level="INFO">${STATE["Mật khẩu"]} = Nhat@01101999</msg>
<status status="PASS" starttime="20230711 21:47:36.611" endtime="20230711 21:47:36.616"/>
</kw>
<status status="PASS" starttime="20230711 21:47:36.611" endtime="20230711 21:47:36.616"/>
</branch>
<status status="PASS" starttime="20230711 21:47:36.611" endtime="20230711 21:47:36.616"/>
</if>
<status status="PASS" starttime="20230711 21:47:36.402" endtime="20230711 21:47:36.616"/>
</kw>
<kw name="Enter at &quot;Mật khẩu&quot; field to Login" library="common" sourcename="Enter at &quot;${name}&quot; field to Login">
<kw name="Get Element Form Item By Name" library="common">
<var>${element}</var>
<arg>${name}</arg>
<arg>//input[contains(@class, "ant-input")]</arg>
<msg timestamp="20230711 21:47:36.616" level="INFO">${element} = xpath=//*[contains(@class, "ant-form-item-label")]/label[text()="Mật khẩu"]/../../*[contains(@class, "ant-form-item")]//input[contains(@class, "ant-input")]</msg>
<status status="PASS" starttime="20230711 21:47:36.616" endtime="20230711 21:47:36.616"/>
</kw>
<kw name="Press Keys" library="Browser">
<arg>${element}</arg>
<arg>Enter</arg>
<tag>PageContent</tag>
<tag>Setter</tag>
<doc>Types the given key combination into element found by ``selector``.</doc>
<status status="PASS" starttime="20230711 21:47:36.616" endtime="20230711 21:47:36.781"/>
</kw>
<status status="PASS" starttime="20230711 21:47:36.616" endtime="20230711 21:47:36.781"/>
</kw>
<kw name="User look message &quot;Thành công&quot; popup" library="common" sourcename="User look message &quot;${message}&quot; popup">
<kw name="Get Regexp Matches" library="String">
<var>${contains}</var>
<arg>${message}</arg>
<arg>_@(.+)@_</arg>
<arg>1</arg>
<doc>Returns a list of all non-overlapping matches in the given string.</doc>
<msg timestamp="20230711 21:47:36.783" level="INFO">${contains} = []</msg>
<status status="PASS" starttime="20230711 21:47:36.783" endtime="20230711 21:47:36.783"/>
</kw>
<kw name="Get Length" library="BuiltIn">
<var>${cnt}</var>
<arg>${contains}</arg>
<doc>Returns and logs the length of the given item as an integer.</doc>
<msg timestamp="20230711 21:47:36.784" level="INFO">Length is 0</msg>
<msg timestamp="20230711 21:47:36.785" level="INFO">${cnt} = 0</msg>
<status status="PASS" starttime="20230711 21:47:36.783" endtime="20230711 21:47:36.785"/>
</kw>
<if>
<branch type="IF" condition="${cnt} &gt; 0">
<kw name="Replace String" library="String">
<var>${message}</var>
<arg>${message}</arg>
<arg>_@${contains[0]}@_</arg>
<arg>${STATE["${contains[0]}"]}</arg>
<doc>Replaces ``search_for`` in the given ``string`` with ``replace_with``.</doc>
<status status="NOT RUN" starttime="20230711 21:47:36.786" endtime="20230711 21:47:36.786"/>
</kw>
<status status="NOT RUN" starttime="20230711 21:47:36.785" endtime="20230711 21:47:36.786"/>
</branch>
<status status="PASS" starttime="20230711 21:47:36.785" endtime="20230711 21:47:36.786"/>
</if>
<kw name="Element Text Should Be" library="common">
<arg>id=swal2-html-container</arg>
<arg>${message}</arg>
<kw name="Get Text" library="Browser">
<arg>${locator}</arg>
<arg>equal</arg>
<arg>${expected}</arg>
<arg>${message}</arg>
<tag>Assertion</tag>
<tag>Getter</tag>
<tag>PageContent</tag>
<doc>Returns text attribute of the element found by ``selector``.</doc>
<msg timestamp="20230711 21:47:39.609" level="INFO">Text: 'Thành công'</msg>
<status status="PASS" starttime="20230711 21:47:36.791" endtime="20230711 21:47:39.609"/>
</kw>
<status status="PASS" starttime="20230711 21:47:36.786" endtime="20230711 21:47:39.610"/>
</kw>
<kw name="Set Variable" library="BuiltIn">
<var>${element}</var>
<arg>xpath=//*[contains(@class, "swal2-confirm")]</arg>
<doc>Returns the given values which can then be assigned to a variables.</doc>
<msg timestamp="20230711 21:47:39.611" level="INFO">${element} = xpath=//*[contains(@class, "swal2-confirm")]</msg>
<status status="PASS" starttime="20230711 21:47:39.611" endtime="20230711 21:47:39.612"/>
</kw>
<kw name="Run Keyword And Return Status" library="BuiltIn">
<var>${passed}</var>
<arg>Element Should Be Visible</arg>
<arg>${element}</arg>
<doc>Runs the given keyword with given arguments and returns the status as a Boolean value.</doc>
<kw name="Element Should Be Visible" library="common">
<arg>${element}</arg>
<kw name="Wait For Elements State" library="Browser">
<arg>${locator}</arg>
<arg>visible</arg>
<arg>${timeout}</arg>
<arg>${message}</arg>
<tag>PageContent</tag>
<tag>Wait</tag>
<doc>Waits for the element found by ``selector`` to satisfy state option.</doc>
<msg timestamp="20230711 21:47:40.071" level="INFO" html="true">&lt;/td&gt;&lt;/tr&gt;&lt;tr&gt;&lt;td colspan="3"&gt;&lt;a href="browser/screenshot/fail-screenshot-1.png" target="_blank"&gt;&lt;img src="browser/screenshot/fail-screenshot-1.png" width="800px"/&gt;&lt;/a&gt;</msg>
<msg timestamp="20230711 21:47:40.071" level="INFO">See also file:///D:/DEMO2/vite-react-ari/playwright-log.txt for additional details.</msg>
<msg timestamp="20230711 21:47:40.071" level="FAIL">TimeoutError: locator.waitFor: Timeout 100ms exceeded.
=========================== logs ===========================
waiting for locator('xpath=//*[contains(@class, "swal2-confirm")]') to be visible
  locator resolved to hidden &lt;button type="button" aria-label="" class="swal2-confirm…&gt;OK&lt;/button&gt;
============================================================
Tip: Use "Set Browser Timeout" for increasing the timeout or double check your locator as the targeted element(s) couldn't be found.</msg>
<status status="FAIL" starttime="20230711 21:47:39.615" endtime="20230711 21:47:40.080"/>
</kw>
<status status="FAIL" starttime="20230711 21:47:39.612" endtime="20230711 21:47:40.081"/>
</kw>
<msg timestamp="20230711 21:47:40.081" level="INFO">${passed} = False</msg>
<status status="PASS" starttime="20230711 21:47:39.612" endtime="20230711 21:47:40.081"/>
</kw>
<if>
<branch type="IF" condition="'${passed}' == 'True'">
<kw name="Click" library="Browser">
<arg>${element}</arg>
<tag>PageContent</tag>
<tag>Setter</tag>
<doc>Simulates mouse click on the element found by ``selector``.</doc>
<status status="NOT RUN" starttime="20230711 21:47:40.082" endtime="20230711 21:47:40.083"/>
</kw>
<status status="NOT RUN" starttime="20230711 21:47:40.082" endtime="20230711 21:47:40.083"/>
</branch>
<status status="PASS" starttime="20230711 21:47:40.082" endtime="20230711 21:47:40.083"/>
</if>
<kw name="Wait Until Element Is Not Exist" library="common">
<arg>${notify}</arg>
<kw name="Wait For Elements State" library="Browser">
<arg>${locator}</arg>
<arg>detached</arg>
<arg>${timeout}</arg>
<arg>${message}</arg>
<tag>PageContent</tag>
<tag>Wait</tag>
<doc>Waits for the element found by ``selector`` to satisfy state option.</doc>
<msg timestamp="20230711 21:47:42.656" level="INFO">Waited for Element with selector xpath=//*[contains(@class, "swal2-confirm")] at state detached</msg>
<status status="PASS" starttime="20230711 21:47:40.085" endtime="20230711 21:47:42.657"/>
</kw>
<status status="PASS" starttime="20230711 21:47:40.083" endtime="20230711 21:47:42.657"/>
</kw>
<status status="PASS" starttime="20230711 21:47:36.782" endtime="20230711 21:47:42.657"/>
</kw>
<status status="PASS" starttime="20230711 21:47:33.654" endtime="20230711 21:47:42.658"/>
</kw>
<kw name="Tear Down" library="common" type="TEARDOWN">
<kw name="Close Browser" library="Browser">
<arg>ALL</arg>
<tag>BrowserControl</tag>
<tag>Setter</tag>
<doc>Closes the current browser.</doc>
<msg timestamp="20230711 21:47:44.160" level="INFO">Closed all browsers</msg>
<status status="PASS" starttime="20230711 21:47:42.660" endtime="20230711 21:47:44.161"/>
</kw>
<status status="PASS" starttime="20230711 21:47:42.659" endtime="20230711 21:47:44.161"/>
</kw>
<status status="PASS" starttime="20230711 21:47:29.663" endtime="20230711 21:47:44.161"/>
</test>
<status status="PASS" starttime="20230711 21:47:26.286" endtime="20230711 21:47:44.175"/>
</suite>
<statistics>
<total>
<stat pass="1" fail="0" skip="0">All Tests</stat>
</total>
<tag>
</tag>
<suite>
<stat pass="1" fail="0" skip="0" id="s1" name="Staff Leave Management">Staff Leave Management</stat>
</suite>
</statistics>
<errors>
</errors>
</robot>
