<?xml version="1.0" encoding="UTF-8"?>
<robot generator="Robot 6.1 (Python 3.11.4 on win32)" generated="20230712 21:48:10.389" rpa="false" schemaversion="4">
<suite id="s1" name="Create user" source="D:\DEMO2\vite-react-ari\test\testcases\Create_user.robot">
<test id="s1-t1" name="DN-07 Verify that validation text in &quot;Email&quot; field when enter invalid email format and greater than 6 characters long" line="9">
<kw name="Setup" library="common" type="SETUP">
<kw name="Set Browser Timeout" library="Browser">
<arg>${BROWSER_TIMEOUT}</arg>
<tag>Config</tag>
<tag>Setter</tag>
<doc>Sets the timeout used by most input and getter keywords.</doc>
<status status="PASS" starttime="20230712 21:48:13.873" endtime="20230712 21:48:13.885"/>
</kw>
<kw name="New Browser" library="Browser">
<arg>${BROWSER}</arg>
<arg>headless=${HEADLESS}</arg>
<tag>BrowserControl</tag>
<tag>Setter</tag>
<doc>Create a new playwright Browser with specified options.</doc>
<msg timestamp="20230712 21:48:13.888" level="INFO">{"browser": "chromium", "headless": false, "devtools": false, "handleSIGHUP": true, "handleSIGINT": true, "handleSIGTERM": true, "slowMo": 0.0, "timeout": 30000.0, "deprecated_pos_args": [], "tracesDir": "D:\\DEMO2\\vite-react-ari\\browser\\traces\\f23aafdd-6bf7-4b97-be19-ef43a91e1177"}</msg>
<msg timestamp="20230712 21:48:15.279" level="INFO">Successfully created browser with options: {"browser":"chromium","headless":false,"devtools":false,"handleSIGHUP":true,"handleSIGINT":true,"handleSIGTERM":true,"slowMo":0,"timeout":30000,"deprecated_pos_args":[],"tracesDir":"D:\\DEMO2\\vite-react-ari\\browser\\traces\\f23aafdd-6bf7-4b97-be19-ef43a91e1177"}</msg>
<status status="PASS" starttime="20230712 21:48:13.885" endtime="20230712 21:48:15.279"/>
</kw>
<kw name="New Page" library="Browser">
<arg>${URL_DEFAULT}</arg>
<tag>BrowserControl</tag>
<tag>Setter</tag>
<doc>Open a new Page.</doc>
<msg timestamp="20230712 21:48:18.075" level="INFO">Successfully initialized new page object and opened url: http://localhost:5173</msg>
<msg timestamp="20230712 21:48:18.075" level="INFO">No context was open. New context was automatically opened when this page is created.</msg>
<status status="PASS" starttime="20230712 21:48:15.280" endtime="20230712 21:48:18.076"/>
</kw>
<kw name="Evaluate" library="BuiltIn">
<var>${STATE}</var>
<arg>json.loads('''{}''')</arg>
<arg>json</arg>
<doc>Evaluates the given expression in Python and returns the result.</doc>
<msg timestamp="20230712 21:48:18.078" level="INFO">${STATE} = {}</msg>
<status status="PASS" starttime="20230712 21:48:18.076" endtime="20230712 21:48:18.078"/>
</kw>
<status status="PASS" starttime="20230712 21:48:13.871" endtime="20230712 21:48:18.078"/>
</kw>
<kw name="Go to page create data" library="common">
<kw name="Login to admin" library="common">
<kw name="Enter &quot;email&quot; in &quot;Tên đăng nhập&quot; with &quot;admin@admin.com&quot;" library="common" sourcename="Enter &quot;${type}&quot; in &quot;${name}&quot; with &quot;${text}&quot;">
<kw name="Get Random Text" library="common">
<var>${text}</var>
<arg>${type}</arg>
<arg>${text}</arg>
<kw name="Set Variable" library="BuiltIn">
<var>${symbol}</var>
<arg>_RANDOM_</arg>
<doc>Returns the given values which can then be assigned to a variables.</doc>
<msg timestamp="20230712 21:48:18.084" level="INFO">${symbol} = _RANDOM_</msg>
<status status="PASS" starttime="20230712 21:48:18.084" endtime="20230712 21:48:18.084"/>
</kw>
<kw name="Set Variable" library="BuiltIn">
<var>${new_text}</var>
<doc>Returns the given values which can then be assigned to a variables.</doc>
<msg timestamp="20230712 21:48:18.085" level="INFO">${new_text} = </msg>
<status status="PASS" starttime="20230712 21:48:18.085" endtime="20230712 21:48:18.085"/>
</kw>
<kw name="Get Regexp Matches" library="String">
<var>${containsS}</var>
<arg>${text}</arg>
<arg>_@(.+)@_</arg>
<arg>1</arg>
<doc>Returns a list of all non-overlapping matches in the given string.</doc>
<msg timestamp="20230712 21:48:18.088" level="INFO">${containsS} = []</msg>
<status status="PASS" starttime="20230712 21:48:18.085" endtime="20230712 21:48:18.088"/>
</kw>
<kw name="Get Length" library="BuiltIn">
<var>${cntS}</var>
<arg>${containsS}</arg>
<doc>Returns and logs the length of the given item as an integer.</doc>
<msg timestamp="20230712 21:48:18.091" level="INFO">Length is 0</msg>
<msg timestamp="20230712 21:48:18.091" level="INFO">${cntS} = 0</msg>
<status status="PASS" starttime="20230712 21:48:18.090" endtime="20230712 21:48:18.091"/>
</kw>
<kw name="Get Regexp Matches" library="String">
<var>${contains}</var>
<arg>${text}</arg>
<arg>${symbol}</arg>
<doc>Returns a list of all non-overlapping matches in the given string.</doc>
<msg timestamp="20230712 21:48:18.093" level="INFO">${contains} = []</msg>
<status status="PASS" starttime="20230712 21:48:18.092" endtime="20230712 21:48:18.093"/>
</kw>
<kw name="Get Length" library="BuiltIn">
<var>${cnt}</var>
<arg>${contains}</arg>
<doc>Returns and logs the length of the given item as an integer.</doc>
<msg timestamp="20230712 21:48:18.094" level="INFO">Length is 0</msg>
<msg timestamp="20230712 21:48:18.094" level="INFO">${cnt} = 0</msg>
<status status="PASS" starttime="20230712 21:48:18.093" endtime="20230712 21:48:18.094"/>
</kw>
<if>
<branch type="IF" condition="${cntS} &gt; 0">
<kw name="Set Variable" library="BuiltIn">
<var>${new_text}</var>
<arg>${STATE["${containsS[0]}"]}</arg>
<doc>Returns the given values which can then be assigned to a variables.</doc>
<status status="NOT RUN" starttime="20230712 21:48:18.096" endtime="20230712 21:48:18.096"/>
</kw>
<kw name="Set Variable" library="BuiltIn">
<var>${symbol}</var>
<arg>_@${containsS[0]}@_</arg>
<doc>Returns the given values which can then be assigned to a variables.</doc>
<status status="NOT RUN" starttime="20230712 21:48:18.096" endtime="20230712 21:48:18.097"/>
</kw>
<status status="NOT RUN" starttime="20230712 21:48:18.095" endtime="20230712 21:48:18.097"/>
</branch>
<branch type="ELSE IF" condition="${cnt} &gt; 0 and '${type}' == 'test name'">
<kw name="Sentence" library="FakerLibrary">
<var>${random}</var>
<arg>nb_words=3</arg>
<doc>Generate a sentence.</doc>
<status status="NOT RUN" starttime="20230712 21:48:18.098" endtime="20230712 21:48:18.099"/>
</kw>
<kw name="Split String" library="String">
<var>${words}</var>
<arg>${TEST NAME}</arg>
<arg>${SPACE}</arg>
<doc>Splits the ``string`` using ``separator`` as a delimiter string.</doc>
<status status="NOT RUN" starttime="20230712 21:48:18.099" endtime="20230712 21:48:18.099"/>
</kw>
<kw name="Set Variable" library="BuiltIn">
<var>${new_text}</var>
<arg>${words[0]} ${random}</arg>
<doc>Returns the given values which can then be assigned to a variables.</doc>
<status status="NOT RUN" starttime="20230712 21:48:18.100" endtime="20230712 21:48:18.100"/>
</kw>
<status status="NOT RUN" starttime="20230712 21:48:18.097" endtime="20230712 21:48:18.100"/>
</branch>
<branch type="ELSE IF" condition="${cnt} &gt; 0 and '${type}' == 'number'">
<kw name="Random Int" library="FakerLibrary">
<var>${new_text}</var>
<doc>Generate a random integer between two integers ``min`` and ``max`` inclusive
while observing the provided ``step`` value.</doc>
<status status="NOT RUN" starttime="20230712 21:48:18.101" endtime="20230712 21:48:18.102"/>
</kw>
<kw name="Convert To String" library="BuiltIn">
<var>${new_text}</var>
<arg>${new_text}</arg>
<doc>Converts the given item to a Unicode string.</doc>
<status status="NOT RUN" starttime="20230712 21:48:18.103" endtime="20230712 21:48:18.104"/>
</kw>
<status status="NOT RUN" starttime="20230712 21:48:18.100" endtime="20230712 21:48:18.104"/>
</branch>
<branch type="ELSE IF" condition="${cnt} &gt; 0 and '${type}' == 'percentage'">
<kw name="Random Int" library="FakerLibrary">
<var>${new_text}</var>
<arg>max=100</arg>
<doc>Generate a random integer between two integers ``min`` and ``max`` inclusive
while observing the provided ``step`` value.</doc>
<status status="NOT RUN" starttime="20230712 21:48:18.106" endtime="20230712 21:48:18.106"/>
</kw>
<kw name="Convert To String" library="BuiltIn">
<var>${new_text}</var>
<arg>${new_text}</arg>
<doc>Converts the given item to a Unicode string.</doc>
<status status="NOT RUN" starttime="20230712 21:48:18.107" endtime="20230712 21:48:18.108"/>
</kw>
<status status="NOT RUN" starttime="20230712 21:48:18.105" endtime="20230712 21:48:18.108"/>
</branch>
<branch type="ELSE IF" condition="${cnt} &gt; 0 and '${type}' == 'paragraph'">
<kw name="Paragraph" library="FakerLibrary">
<var>${new_text}</var>
<doc>Generate a paragraph.</doc>
<status status="NOT RUN" starttime="20230712 21:48:18.110" endtime="20230712 21:48:18.110"/>
</kw>
<status status="NOT RUN" starttime="20230712 21:48:18.108" endtime="20230712 21:48:18.110"/>
</branch>
<branch type="ELSE IF" condition="${cnt} &gt; 0 and '${type}' == 'email'">
<kw name="Email" library="FakerLibrary">
<var>${new_text}</var>
<status status="NOT RUN" starttime="20230712 21:48:18.111" endtime="20230712 21:48:18.112"/>
</kw>
<status status="NOT RUN" starttime="20230712 21:48:18.111" endtime="20230712 21:48:18.112"/>
</branch>
<branch type="ELSE IF" condition="${cnt} &gt; 0 and '${type}' == 'phone'">
<kw name="Random Int" library="FakerLibrary">
<var>${new_text}</var>
<arg>min=55555555</arg>
<arg>max=999999999999</arg>
<doc>Generate a random integer between two integers ``min`` and ``max`` inclusive
while observing the provided ``step`` value.</doc>
<status status="NOT RUN" starttime="20230712 21:48:18.113" endtime="20230712 21:48:18.113"/>
</kw>
<kw name="Convert To String" library="BuiltIn">
<var>${new_text}</var>
<arg>${new_text}</arg>
<doc>Converts the given item to a Unicode string.</doc>
<status status="NOT RUN" starttime="20230712 21:48:18.114" endtime="20230712 21:48:18.114"/>
</kw>
<status status="NOT RUN" starttime="20230712 21:48:18.112" endtime="20230712 21:48:18.114"/>
</branch>
<branch type="ELSE IF" condition="${cnt} &gt; 0 and '${type}' == 'color'">
<kw name="Safe Hex Color" library="FakerLibrary">
<var>${new_text}</var>
<doc>Generate a web-safe color formatted as a hex triplet.</doc>
<status status="NOT RUN" starttime="20230712 21:48:18.116" endtime="20230712 21:48:18.116"/>
</kw>
<status status="NOT RUN" starttime="20230712 21:48:18.115" endtime="20230712 21:48:18.116"/>
</branch>
<branch type="ELSE IF" condition="${cnt} &gt; 0 and '${type}' == 'date'">
<kw name="Date" library="FakerLibrary">
<var>${new_text}</var>
<arg>pattern=%d-%m-%Y</arg>
<doc>Get a date string between January 1, 1970 and now.</doc>
<status status="NOT RUN" starttime="20230712 21:48:18.118" endtime="20230712 21:48:18.119"/>
</kw>
<status status="NOT RUN" starttime="20230712 21:48:18.117" endtime="20230712 21:48:18.119"/>
</branch>
<branch type="ELSE IF" condition="${cnt} &gt; 0 and '${type}' == 'word'">
<kw name="Sentence" library="FakerLibrary">
<var>${new_text}</var>
<arg>nb_words=2</arg>
<doc>Generate a sentence.</doc>
<status status="NOT RUN" starttime="20230712 21:48:18.123" endtime="20230712 21:48:18.124"/>
</kw>
<status status="NOT RUN" starttime="20230712 21:48:18.122" endtime="20230712 21:48:18.124"/>
</branch>
<branch type="ELSE IF" condition="${cnt} &gt; 0">
<kw name="Sentence" library="FakerLibrary">
<var>${new_text}</var>
<doc>Generate a sentence.</doc>
<status status="NOT RUN" starttime="20230712 21:48:18.125" endtime="20230712 21:48:18.126"/>
</kw>
<status status="NOT RUN" starttime="20230712 21:48:18.124" endtime="20230712 21:48:18.126"/>
</branch>
<status status="PASS" starttime="20230712 21:48:18.094" endtime="20230712 21:48:18.126"/>
</if>
<kw name="Get Length" library="BuiltIn">
<var>${cnt}</var>
<arg>${text}</arg>
<doc>Returns and logs the length of the given item as an integer.</doc>
<msg timestamp="20230712 21:48:18.128" level="INFO">Length is 15</msg>
<msg timestamp="20230712 21:48:18.128" level="INFO">${cnt} = 15</msg>
<status status="PASS" starttime="20230712 21:48:18.127" endtime="20230712 21:48:18.128"/>
</kw>
<if>
<branch type="IF" condition="${cnt} &gt; 0">
<kw name="Replace String" library="String">
<var>${text}</var>
<arg>${text}</arg>
<arg>${symbol}</arg>
<arg>${new_text}</arg>
<doc>Replaces ``search_for`` in the given ``string`` with ``replace_with``.</doc>
<msg timestamp="20230712 21:48:18.131" level="INFO">${text} = admin@admin.com</msg>
<status status="PASS" starttime="20230712 21:48:18.130" endtime="20230712 21:48:18.131"/>
</kw>
<status status="PASS" starttime="20230712 21:48:18.128" endtime="20230712 21:48:18.131"/>
</branch>
<status status="PASS" starttime="20230712 21:48:18.128" endtime="20230712 21:48:18.132"/>
</if>
<msg timestamp="20230712 21:48:18.132" level="INFO">${text} = admin@admin.com</msg>
<status status="PASS" starttime="20230712 21:48:18.083" endtime="20230712 21:48:18.132"/>
</kw>
<kw name="Get Element Form Item By Name" library="common">
<var>${element}</var>
<arg>${name}</arg>
<arg>//input[contains(@class, "ant-input")]</arg>
<msg timestamp="20230712 21:48:18.133" level="INFO">${element} = xpath=//*[contains(@class, "ant-form-item-label")]/label[text()="Tên đăng nhập"]/../../*[contains(@class, "ant-form-item")]//input[contains(@class, "ant-input")]</msg>
<status status="PASS" starttime="20230712 21:48:18.133" endtime="20230712 21:48:18.133"/>
</kw>
<kw name="Clear Text" library="Browser">
<arg>${element}</arg>
<tag>PageContent</tag>
<tag>Setter</tag>
<doc>Clears the text field found by ``selector``.</doc>
<status status="PASS" starttime="20230712 21:48:18.134" endtime="20230712 21:48:21.191"/>
</kw>
<kw name="Fill Text" library="Browser">
<arg>${element}</arg>
<arg>${text}</arg>
<arg>True</arg>
<tag>PageContent</tag>
<tag>Setter</tag>
<doc>Clears and fills the given ``txt`` into the text field found by ``selector``.</doc>
<msg timestamp="20230712 21:48:21.193" level="INFO">Fills the text 'admin@admin.com' in the given field.</msg>
<status status="PASS" starttime="20230712 21:48:21.192" endtime="20230712 21:48:21.274"/>
</kw>
<kw name="Get Length" library="BuiltIn">
<var>${cnt}</var>
<arg>${text}</arg>
<doc>Returns and logs the length of the given item as an integer.</doc>
<msg timestamp="20230712 21:48:21.276" level="INFO">Length is 15</msg>
<msg timestamp="20230712 21:48:21.276" level="INFO">${cnt} = 15</msg>
<status status="PASS" starttime="20230712 21:48:21.275" endtime="20230712 21:48:21.276"/>
</kw>
<if>
<branch type="IF" condition="${cnt} &gt; 0">
<kw name="Set Global Variable" library="BuiltIn">
<arg>${STATE["${name}"]}</arg>
<arg>${text}</arg>
<doc>Makes a variable available globally in all tests and suites.</doc>
<msg timestamp="20230712 21:48:21.279" level="INFO">${STATE["Tên đăng nhập"]} = admin@admin.com</msg>
<status status="PASS" starttime="20230712 21:48:21.277" endtime="20230712 21:48:21.279"/>
</kw>
<status status="PASS" starttime="20230712 21:48:21.276" endtime="20230712 21:48:21.281"/>
</branch>
<status status="PASS" starttime="20230712 21:48:21.276" endtime="20230712 21:48:21.281"/>
</if>
<status status="PASS" starttime="20230712 21:48:18.083" endtime="20230712 21:48:21.281"/>
</kw>
<kw name="Enter &quot;text&quot; in &quot;Mật khẩu&quot; with &quot;Password1!&quot;" library="common" sourcename="Enter &quot;${type}&quot; in &quot;${name}&quot; with &quot;${text}&quot;">
<kw name="Get Random Text" library="common">
<var>${text}</var>
<arg>${type}</arg>
<arg>${text}</arg>
<kw name="Set Variable" library="BuiltIn">
<var>${symbol}</var>
<arg>_RANDOM_</arg>
<doc>Returns the given values which can then be assigned to a variables.</doc>
<msg timestamp="20230712 21:48:21.284" level="INFO">${symbol} = _RANDOM_</msg>
<status status="PASS" starttime="20230712 21:48:21.284" endtime="20230712 21:48:21.284"/>
</kw>
<kw name="Set Variable" library="BuiltIn">
<var>${new_text}</var>
<doc>Returns the given values which can then be assigned to a variables.</doc>
<msg timestamp="20230712 21:48:21.285" level="INFO">${new_text} = </msg>
<status status="PASS" starttime="20230712 21:48:21.285" endtime="20230712 21:48:21.285"/>
</kw>
<kw name="Get Regexp Matches" library="String">
<var>${containsS}</var>
<arg>${text}</arg>
<arg>_@(.+)@_</arg>
<arg>1</arg>
<doc>Returns a list of all non-overlapping matches in the given string.</doc>
<msg timestamp="20230712 21:48:21.287" level="INFO">${containsS} = []</msg>
<status status="PASS" starttime="20230712 21:48:21.286" endtime="20230712 21:48:21.288"/>
</kw>
<kw name="Get Length" library="BuiltIn">
<var>${cntS}</var>
<arg>${containsS}</arg>
<doc>Returns and logs the length of the given item as an integer.</doc>
<msg timestamp="20230712 21:48:21.288" level="INFO">Length is 0</msg>
<msg timestamp="20230712 21:48:21.289" level="INFO">${cntS} = 0</msg>
<status status="PASS" starttime="20230712 21:48:21.288" endtime="20230712 21:48:21.289"/>
</kw>
<kw name="Get Regexp Matches" library="String">
<var>${contains}</var>
<arg>${text}</arg>
<arg>${symbol}</arg>
<doc>Returns a list of all non-overlapping matches in the given string.</doc>
<msg timestamp="20230712 21:48:21.290" level="INFO">${contains} = []</msg>
<status status="PASS" starttime="20230712 21:48:21.289" endtime="20230712 21:48:21.290"/>
</kw>
<kw name="Get Length" library="BuiltIn">
<var>${cnt}</var>
<arg>${contains}</arg>
<doc>Returns and logs the length of the given item as an integer.</doc>
<msg timestamp="20230712 21:48:21.290" level="INFO">Length is 0</msg>
<msg timestamp="20230712 21:48:21.290" level="INFO">${cnt} = 0</msg>
<status status="PASS" starttime="20230712 21:48:21.290" endtime="20230712 21:48:21.291"/>
</kw>
<if>
<branch type="IF" condition="${cntS} &gt; 0">
<kw name="Set Variable" library="BuiltIn">
<var>${new_text}</var>
<arg>${STATE["${containsS[0]}"]}</arg>
<doc>Returns the given values which can then be assigned to a variables.</doc>
<status status="NOT RUN" starttime="20230712 21:48:21.292" endtime="20230712 21:48:21.292"/>
</kw>
<kw name="Set Variable" library="BuiltIn">
<var>${symbol}</var>
<arg>_@${containsS[0]}@_</arg>
<doc>Returns the given values which can then be assigned to a variables.</doc>
<status status="NOT RUN" starttime="20230712 21:48:21.293" endtime="20230712 21:48:21.293"/>
</kw>
<status status="NOT RUN" starttime="20230712 21:48:21.291" endtime="20230712 21:48:21.293"/>
</branch>
<branch type="ELSE IF" condition="${cnt} &gt; 0 and '${type}' == 'test name'">
<kw name="Sentence" library="FakerLibrary">
<var>${random}</var>
<arg>nb_words=3</arg>
<doc>Generate a sentence.</doc>
<status status="NOT RUN" starttime="20230712 21:48:21.294" endtime="20230712 21:48:21.294"/>
</kw>
<kw name="Split String" library="String">
<var>${words}</var>
<arg>${TEST NAME}</arg>
<arg>${SPACE}</arg>
<doc>Splits the ``string`` using ``separator`` as a delimiter string.</doc>
<status status="NOT RUN" starttime="20230712 21:48:21.295" endtime="20230712 21:48:21.295"/>
</kw>
<kw name="Set Variable" library="BuiltIn">
<var>${new_text}</var>
<arg>${words[0]} ${random}</arg>
<doc>Returns the given values which can then be assigned to a variables.</doc>
<status status="NOT RUN" starttime="20230712 21:48:21.296" endtime="20230712 21:48:21.296"/>
</kw>
<status status="NOT RUN" starttime="20230712 21:48:21.293" endtime="20230712 21:48:21.296"/>
</branch>
<branch type="ELSE IF" condition="${cnt} &gt; 0 and '${type}' == 'number'">
<kw name="Random Int" library="FakerLibrary">
<var>${new_text}</var>
<doc>Generate a random integer between two integers ``min`` and ``max`` inclusive
while observing the provided ``step`` value.</doc>
<status status="NOT RUN" starttime="20230712 21:48:21.297" endtime="20230712 21:48:21.297"/>
</kw>
<kw name="Convert To String" library="BuiltIn">
<var>${new_text}</var>
<arg>${new_text}</arg>
<doc>Converts the given item to a Unicode string.</doc>
<status status="NOT RUN" starttime="20230712 21:48:21.298" endtime="20230712 21:48:21.298"/>
</kw>
<status status="NOT RUN" starttime="20230712 21:48:21.296" endtime="20230712 21:48:21.298"/>
</branch>
<branch type="ELSE IF" condition="${cnt} &gt; 0 and '${type}' == 'percentage'">
<kw name="Random Int" library="FakerLibrary">
<var>${new_text}</var>
<arg>max=100</arg>
<doc>Generate a random integer between two integers ``min`` and ``max`` inclusive
while observing the provided ``step`` value.</doc>
<status status="NOT RUN" starttime="20230712 21:48:21.298" endtime="20230712 21:48:21.300"/>
</kw>
<kw name="Convert To String" library="BuiltIn">
<var>${new_text}</var>
<arg>${new_text}</arg>
<doc>Converts the given item to a Unicode string.</doc>
<status status="NOT RUN" starttime="20230712 21:48:21.300" endtime="20230712 21:48:21.300"/>
</kw>
<status status="NOT RUN" starttime="20230712 21:48:21.298" endtime="20230712 21:48:21.300"/>
</branch>
<branch type="ELSE IF" condition="${cnt} &gt; 0 and '${type}' == 'paragraph'">
<kw name="Paragraph" library="FakerLibrary">
<var>${new_text}</var>
<doc>Generate a paragraph.</doc>
<status status="NOT RUN" starttime="20230712 21:48:21.301" endtime="20230712 21:48:21.302"/>
</kw>
<status status="NOT RUN" starttime="20230712 21:48:21.301" endtime="20230712 21:48:21.302"/>
</branch>
<branch type="ELSE IF" condition="${cnt} &gt; 0 and '${type}' == 'email'">
<kw name="Email" library="FakerLibrary">
<var>${new_text}</var>
<status status="NOT RUN" starttime="20230712 21:48:21.303" endtime="20230712 21:48:21.304"/>
</kw>
<status status="NOT RUN" starttime="20230712 21:48:21.302" endtime="20230712 21:48:21.305"/>
</branch>
<branch type="ELSE IF" condition="${cnt} &gt; 0 and '${type}' == 'phone'">
<kw name="Random Int" library="FakerLibrary">
<var>${new_text}</var>
<arg>min=55555555</arg>
<arg>max=999999999999</arg>
<doc>Generate a random integer between two integers ``min`` and ``max`` inclusive
while observing the provided ``step`` value.</doc>
<status status="NOT RUN" starttime="20230712 21:48:21.306" endtime="20230712 21:48:21.306"/>
</kw>
<kw name="Convert To String" library="BuiltIn">
<var>${new_text}</var>
<arg>${new_text}</arg>
<doc>Converts the given item to a Unicode string.</doc>
<status status="NOT RUN" starttime="20230712 21:48:21.307" endtime="20230712 21:48:21.307"/>
</kw>
<status status="NOT RUN" starttime="20230712 21:48:21.305" endtime="20230712 21:48:21.307"/>
</branch>
<branch type="ELSE IF" condition="${cnt} &gt; 0 and '${type}' == 'color'">
<kw name="Safe Hex Color" library="FakerLibrary">
<var>${new_text}</var>
<doc>Generate a web-safe color formatted as a hex triplet.</doc>
<status status="NOT RUN" starttime="20230712 21:48:21.308" endtime="20230712 21:48:21.309"/>
</kw>
<status status="NOT RUN" starttime="20230712 21:48:21.308" endtime="20230712 21:48:21.309"/>
</branch>
<branch type="ELSE IF" condition="${cnt} &gt; 0 and '${type}' == 'date'">
<kw name="Date" library="FakerLibrary">
<var>${new_text}</var>
<arg>pattern=%d-%m-%Y</arg>
<doc>Get a date string between January 1, 1970 and now.</doc>
<status status="NOT RUN" starttime="20230712 21:48:21.310" endtime="20230712 21:48:21.310"/>
</kw>
<status status="NOT RUN" starttime="20230712 21:48:21.309" endtime="20230712 21:48:21.310"/>
</branch>
<branch type="ELSE IF" condition="${cnt} &gt; 0 and '${type}' == 'word'">
<kw name="Sentence" library="FakerLibrary">
<var>${new_text}</var>
<arg>nb_words=2</arg>
<doc>Generate a sentence.</doc>
<status status="NOT RUN" starttime="20230712 21:48:21.310" endtime="20230712 21:48:21.311"/>
</kw>
<status status="NOT RUN" starttime="20230712 21:48:21.310" endtime="20230712 21:48:21.311"/>
</branch>
<branch type="ELSE IF" condition="${cnt} &gt; 0">
<kw name="Sentence" library="FakerLibrary">
<var>${new_text}</var>
<doc>Generate a sentence.</doc>
<status status="NOT RUN" starttime="20230712 21:48:21.313" endtime="20230712 21:48:21.313"/>
</kw>
<status status="NOT RUN" starttime="20230712 21:48:21.312" endtime="20230712 21:48:21.313"/>
</branch>
<status status="PASS" starttime="20230712 21:48:21.291" endtime="20230712 21:48:21.313"/>
</if>
<kw name="Get Length" library="BuiltIn">
<var>${cnt}</var>
<arg>${text}</arg>
<doc>Returns and logs the length of the given item as an integer.</doc>
<msg timestamp="20230712 21:48:21.314" level="INFO">Length is 10</msg>
<msg timestamp="20230712 21:48:21.315" level="INFO">${cnt} = 10</msg>
<status status="PASS" starttime="20230712 21:48:21.314" endtime="20230712 21:48:21.315"/>
</kw>
<if>
<branch type="IF" condition="${cnt} &gt; 0">
<kw name="Replace String" library="String">
<var>${text}</var>
<arg>${text}</arg>
<arg>${symbol}</arg>
<arg>${new_text}</arg>
<doc>Replaces ``search_for`` in the given ``string`` with ``replace_with``.</doc>
<msg timestamp="20230712 21:48:21.317" level="INFO">${text} = Password1!</msg>
<status status="PASS" starttime="20230712 21:48:21.316" endtime="20230712 21:48:21.317"/>
</kw>
<status status="PASS" starttime="20230712 21:48:21.315" endtime="20230712 21:48:21.317"/>
</branch>
<status status="PASS" starttime="20230712 21:48:21.315" endtime="20230712 21:48:21.318"/>
</if>
<msg timestamp="20230712 21:48:21.318" level="INFO">${text} = Password1!</msg>
<status status="PASS" starttime="20230712 21:48:21.283" endtime="20230712 21:48:21.318"/>
</kw>
<kw name="Get Element Form Item By Name" library="common">
<var>${element}</var>
<arg>${name}</arg>
<arg>//input[contains(@class, "ant-input")]</arg>
<msg timestamp="20230712 21:48:21.322" level="INFO">${element} = xpath=//*[contains(@class, "ant-form-item-label")]/label[text()="Mật khẩu"]/../../*[contains(@class, "ant-form-item")]//input[contains(@class, "ant-input")]</msg>
<status status="PASS" starttime="20230712 21:48:21.318" endtime="20230712 21:48:21.323"/>
</kw>
<kw name="Clear Text" library="Browser">
<arg>${element}</arg>
<tag>PageContent</tag>
<tag>Setter</tag>
<doc>Clears the text field found by ``selector``.</doc>
<status status="PASS" starttime="20230712 21:48:21.323" endtime="20230712 21:48:21.435"/>
</kw>
<kw name="Fill Text" library="Browser">
<arg>${element}</arg>
<arg>${text}</arg>
<arg>True</arg>
<tag>PageContent</tag>
<tag>Setter</tag>
<doc>Clears and fills the given ``txt`` into the text field found by ``selector``.</doc>
<msg timestamp="20230712 21:48:21.438" level="INFO">Fills the text 'Password1!' in the given field.</msg>
<status status="PASS" starttime="20230712 21:48:21.435" endtime="20230712 21:48:21.524"/>
</kw>
<kw name="Get Length" library="BuiltIn">
<var>${cnt}</var>
<arg>${text}</arg>
<doc>Returns and logs the length of the given item as an integer.</doc>
<msg timestamp="20230712 21:48:21.525" level="INFO">Length is 10</msg>
<msg timestamp="20230712 21:48:21.525" level="INFO">${cnt} = 10</msg>
<status status="PASS" starttime="20230712 21:48:21.525" endtime="20230712 21:48:21.526"/>
</kw>
<if>
<branch type="IF" condition="${cnt} &gt; 0">
<kw name="Set Global Variable" library="BuiltIn">
<arg>${STATE["${name}"]}</arg>
<arg>${text}</arg>
<doc>Makes a variable available globally in all tests and suites.</doc>
<msg timestamp="20230712 21:48:21.529" level="INFO">${STATE["Mật khẩu"]} = Password1!</msg>
<status status="PASS" starttime="20230712 21:48:21.527" endtime="20230712 21:48:21.530"/>
</kw>
<status status="PASS" starttime="20230712 21:48:21.526" endtime="20230712 21:48:21.530"/>
</branch>
<status status="PASS" starttime="20230712 21:48:21.526" endtime="20230712 21:48:21.530"/>
</if>
<status status="PASS" starttime="20230712 21:48:21.282" endtime="20230712 21:48:21.531"/>
</kw>
<kw name="Enter at &quot;Mật khẩu&quot; field to Login" library="common" sourcename="Enter at &quot;${name}&quot; field to Login">
<kw name="Get Element Form Item By Name" library="common">
<var>${element}</var>
<arg>${name}</arg>
<arg>//input[contains(@class, "ant-input")]</arg>
<msg timestamp="20230712 21:48:21.533" level="INFO">${element} = xpath=//*[contains(@class, "ant-form-item-label")]/label[text()="Mật khẩu"]/../../*[contains(@class, "ant-form-item")]//input[contains(@class, "ant-input")]</msg>
<status status="PASS" starttime="20230712 21:48:21.532" endtime="20230712 21:48:21.533"/>
</kw>
<kw name="Press Keys" library="Browser">
<arg>${element}</arg>
<arg>Enter</arg>
<tag>PageContent</tag>
<tag>Setter</tag>
<doc>Types the given key combination into element found by ``selector``.</doc>
<status status="PASS" starttime="20230712 21:48:21.534" endtime="20230712 21:48:21.753"/>
</kw>
<status status="PASS" starttime="20230712 21:48:21.531" endtime="20230712 21:48:21.755"/>
</kw>
<kw name="User look message &quot;Thành công&quot; popup" library="common" sourcename="User look message &quot;${message}&quot; popup">
<kw name="Get Regexp Matches" library="String">
<var>${contains}</var>
<arg>${message}</arg>
<arg>_@(.+)@_</arg>
<arg>1</arg>
<doc>Returns a list of all non-overlapping matches in the given string.</doc>
<msg timestamp="20230712 21:48:21.758" level="INFO">${contains} = []</msg>
<status status="PASS" starttime="20230712 21:48:21.757" endtime="20230712 21:48:21.758"/>
</kw>
<kw name="Get Length" library="BuiltIn">
<var>${cnt}</var>
<arg>${contains}</arg>
<doc>Returns and logs the length of the given item as an integer.</doc>
<msg timestamp="20230712 21:48:21.760" level="INFO">Length is 0</msg>
<msg timestamp="20230712 21:48:21.760" level="INFO">${cnt} = 0</msg>
<status status="PASS" starttime="20230712 21:48:21.759" endtime="20230712 21:48:21.760"/>
</kw>
<if>
<branch type="IF" condition="${cnt} &gt; 0">
<kw name="Replace String" library="String">
<var>${message}</var>
<arg>${message}</arg>
<arg>_@${contains[0]}@_</arg>
<arg>${STATE["${contains[0]}"]}</arg>
<doc>Replaces ``search_for`` in the given ``string`` with ``replace_with``.</doc>
<status status="NOT RUN" starttime="20230712 21:48:21.761" endtime="20230712 21:48:21.762"/>
</kw>
<status status="NOT RUN" starttime="20230712 21:48:21.761" endtime="20230712 21:48:21.762"/>
</branch>
<status status="PASS" starttime="20230712 21:48:21.760" endtime="20230712 21:48:21.762"/>
</if>
<kw name="Element Text Should Be" library="common">
<arg>id=swal2-html-container</arg>
<arg>${message}</arg>
<kw name="Get Text" library="Browser">
<arg>${locator}</arg>
<arg>equal</arg>
<arg>${expected}</arg>
<arg>${message}</arg>
<tag>Assertion</tag>
<tag>Getter</tag>
<tag>PageContent</tag>
<doc>Returns text attribute of the element found by ``selector``.</doc>
<msg timestamp="20230712 21:48:23.883" level="INFO">Text: 'Thành công'</msg>
<status status="PASS" starttime="20230712 21:48:21.767" endtime="20230712 21:48:23.883"/>
</kw>
<status status="PASS" starttime="20230712 21:48:21.763" endtime="20230712 21:48:23.883"/>
</kw>
<kw name="Set Variable" library="BuiltIn">
<var>${element}</var>
<arg>xpath=//*[contains(@class, "swal2-confirm")]</arg>
<doc>Returns the given values which can then be assigned to a variables.</doc>
<msg timestamp="20230712 21:48:23.884" level="INFO">${element} = xpath=//*[contains(@class, "swal2-confirm")]</msg>
<status status="PASS" starttime="20230712 21:48:23.884" endtime="20230712 21:48:23.884"/>
</kw>
<kw name="Run Keyword And Return Status" library="BuiltIn">
<var>${passed}</var>
<arg>Element Should Be Visible</arg>
<arg>${element}</arg>
<doc>Runs the given keyword with given arguments and returns the status as a Boolean value.</doc>
<kw name="Element Should Be Visible" library="common">
<arg>${element}</arg>
<kw name="Wait For Elements State" library="Browser">
<arg>${locator}</arg>
<arg>visible</arg>
<arg>${timeout}</arg>
<arg>${message}</arg>
<tag>PageContent</tag>
<tag>Wait</tag>
<doc>Waits for the element found by ``selector`` to satisfy state option.</doc>
<msg timestamp="20230712 21:48:24.706" level="INFO" html="true">&lt;/td&gt;&lt;/tr&gt;&lt;tr&gt;&lt;td colspan="3"&gt;&lt;a href="browser/screenshot/fail-screenshot-1.png" target="_blank"&gt;&lt;img src="browser/screenshot/fail-screenshot-1.png" width="800px"/&gt;&lt;/a&gt;</msg>
<msg timestamp="20230712 21:48:24.706" level="INFO">See also file:///D:/DEMO2/vite-react-ari/playwright-log.txt for additional details.</msg>
<msg timestamp="20230712 21:48:24.706" level="FAIL">TimeoutError: locator.waitFor: Timeout 100ms exceeded.
=========================== logs ===========================
waiting for locator('xpath=//*[contains(@class, "swal2-confirm")]') to be visible
  locator resolved to hidden &lt;button type="button" aria-label="" class="swal2-confirm…&gt;OK&lt;/button&gt;
============================================================
Tip: Use "Set Browser Timeout" for increasing the timeout or double check your locator as the targeted element(s) couldn't be found.</msg>
<status status="FAIL" starttime="20230712 21:48:23.891" endtime="20230712 21:48:24.717"/>
</kw>
<status status="FAIL" starttime="20230712 21:48:23.886" endtime="20230712 21:48:24.718"/>
</kw>
<msg timestamp="20230712 21:48:24.718" level="INFO">${passed} = False</msg>
<status status="PASS" starttime="20230712 21:48:23.885" endtime="20230712 21:48:24.718"/>
</kw>
<if>
<branch type="IF" condition="'${passed}' == 'True'">
<kw name="Click" library="Browser">
<arg>${element}</arg>
<tag>PageContent</tag>
<tag>Setter</tag>
<doc>Simulates mouse click on the element found by ``selector``.</doc>
<status status="NOT RUN" starttime="20230712 21:48:24.721" endtime="20230712 21:48:24.721"/>
</kw>
<status status="NOT RUN" starttime="20230712 21:48:24.720" endtime="20230712 21:48:24.722"/>
</branch>
<status status="PASS" starttime="20230712 21:48:24.719" endtime="20230712 21:48:24.722"/>
</if>
<kw name="Wait Until Element Is Not Exist" library="common">
<arg>${notify}</arg>
<kw name="Wait For Elements State" library="Browser">
<arg>${locator}</arg>
<arg>detached</arg>
<arg>${timeout}</arg>
<arg>${message}</arg>
<tag>PageContent</tag>
<tag>Wait</tag>
<doc>Waits for the element found by ``selector`` to satisfy state option.</doc>
<msg timestamp="20230712 21:48:27.343" level="INFO">Waited for Element with selector xpath=//*[contains(@class, "swal2-confirm")] at state detached</msg>
<status status="PASS" starttime="20230712 21:48:24.725" endtime="20230712 21:48:27.343"/>
</kw>
<status status="PASS" starttime="20230712 21:48:24.723" endtime="20230712 21:48:27.343"/>
</kw>
<status status="PASS" starttime="20230712 21:48:21.756" endtime="20230712 21:48:27.344"/>
</kw>
<status status="PASS" starttime="20230712 21:48:18.082" endtime="20230712 21:48:27.344"/>
</kw>
<kw name="When Click &quot;Người Dùng&quot; menu" library="common" sourcename="Click &quot;${text}&quot; menu">
<kw name="Click" library="Browser">
<arg>xpath=//li[contains(@class, "menu") and descendant::span[contains(text(), "${text}")]]</arg>
<tag>PageContent</tag>
<tag>Setter</tag>
<doc>Simulates mouse click on the element found by ``selector``.</doc>
<status status="PASS" starttime="20230712 21:48:27.345" endtime="20230712 21:48:27.433"/>
</kw>
<status status="PASS" starttime="20230712 21:48:27.345" endtime="20230712 21:48:27.433"/>
</kw>
<kw name="When Click &quot;Tạo mới&quot; sub menu to &quot;/vn/user/add&quot;" library="common" sourcename="Click &quot;${text}&quot; sub menu to &quot;${url}&quot;">
<kw name="Wait Until Element Spin" library="common">
<kw name="Set Variable" library="BuiltIn">
<var>${element}</var>
<arg>xpath=//*[contains(@class, "ant-spin-spinning")]</arg>
<doc>Returns the given values which can then be assigned to a variables.</doc>
<msg timestamp="20230712 21:48:27.437" level="INFO">${element} = xpath=//*[contains(@class, "ant-spin-spinning")]</msg>
<status status="PASS" starttime="20230712 21:48:27.436" endtime="20230712 21:48:27.437"/>
</kw>
<kw name="Get Element Count" library="Browser">
<var>${count}</var>
<arg>${element}</arg>
<tag>Assertion</tag>
<tag>Getter</tag>
<tag>PageContent</tag>
<doc>Returns the count of elements found with ``selector``.</doc>
<msg timestamp="20230712 21:48:27.452" level="INFO">${count} = 0</msg>
<status status="PASS" starttime="20230712 21:48:27.438" endtime="20230712 21:48:27.452"/>
</kw>
<if>
<branch type="IF" condition="${count} &gt; 0">
<kw name="Wait Until Element Is Not Exist" library="common">
<arg>${element}</arg>
<status status="NOT RUN" starttime="20230712 21:48:27.454" endtime="20230712 21:48:27.455"/>
</kw>
<status status="NOT RUN" starttime="20230712 21:48:27.453" endtime="20230712 21:48:27.455"/>
</branch>
<status status="PASS" starttime="20230712 21:48:27.453" endtime="20230712 21:48:27.456"/>
</if>
<status status="PASS" starttime="20230712 21:48:27.434" endtime="20230712 21:48:27.456"/>
</kw>
<kw name="Click" library="Browser">
<arg>xpath=//a[contains(@class, "sub-menu") and descendant::span[contains(text(), "${text}")]]</arg>
<tag>PageContent</tag>
<tag>Setter</tag>
<doc>Simulates mouse click on the element found by ``selector``.</doc>
<status status="PASS" starttime="20230712 21:48:27.457" endtime="20230712 21:48:27.700"/>
</kw>
<kw name="Get Url" library="Browser">
<var>${curent_url}</var>
<tag>Assertion</tag>
<tag>Getter</tag>
<tag>PageContent</tag>
<doc>Returns the current URL.</doc>
<msg timestamp="20230712 21:48:27.709" level="INFO">${curent_url} = http://localhost:5173/vn/user/add</msg>
<status status="PASS" starttime="20230712 21:48:27.700" endtime="20230712 21:48:27.709"/>
</kw>
<kw name="Should Contain" library="BuiltIn">
<arg>${curent_url}</arg>
<arg>${URL_DEFAULT}${url}</arg>
<doc>Fails if ``container`` does not contain ``item`` one or more times.</doc>
<status status="PASS" starttime="20230712 21:48:27.710" endtime="20230712 21:48:27.710"/>
</kw>
<status status="PASS" starttime="20230712 21:48:27.434" endtime="20230712 21:48:27.710"/>
</kw>
<status status="PASS" starttime="20230712 21:48:18.081" endtime="20230712 21:48:27.711"/>
</kw>
<kw name="When Enter &quot;email&quot; in &quot;Email&quot; with &quot;text_user&quot;" library="common" sourcename="Enter &quot;${type}&quot; in &quot;${name}&quot; with &quot;${text}&quot;">
<kw name="Get Random Text" library="common">
<var>${text}</var>
<arg>${type}</arg>
<arg>${text}</arg>
<kw name="Set Variable" library="BuiltIn">
<var>${symbol}</var>
<arg>_RANDOM_</arg>
<doc>Returns the given values which can then be assigned to a variables.</doc>
<msg timestamp="20230712 21:48:27.714" level="INFO">${symbol} = _RANDOM_</msg>
<status status="PASS" starttime="20230712 21:48:27.714" endtime="20230712 21:48:27.715"/>
</kw>
<kw name="Set Variable" library="BuiltIn">
<var>${new_text}</var>
<doc>Returns the given values which can then be assigned to a variables.</doc>
<msg timestamp="20230712 21:48:27.716" level="INFO">${new_text} = </msg>
<status status="PASS" starttime="20230712 21:48:27.715" endtime="20230712 21:48:27.716"/>
</kw>
<kw name="Get Regexp Matches" library="String">
<var>${containsS}</var>
<arg>${text}</arg>
<arg>_@(.+)@_</arg>
<arg>1</arg>
<doc>Returns a list of all non-overlapping matches in the given string.</doc>
<msg timestamp="20230712 21:48:27.718" level="INFO">${containsS} = []</msg>
<status status="PASS" starttime="20230712 21:48:27.716" endtime="20230712 21:48:27.718"/>
</kw>
<kw name="Get Length" library="BuiltIn">
<var>${cntS}</var>
<arg>${containsS}</arg>
<doc>Returns and logs the length of the given item as an integer.</doc>
<msg timestamp="20230712 21:48:27.721" level="INFO">Length is 0</msg>
<msg timestamp="20230712 21:48:27.722" level="INFO">${cntS} = 0</msg>
<status status="PASS" starttime="20230712 21:48:27.718" endtime="20230712 21:48:27.722"/>
</kw>
<kw name="Get Regexp Matches" library="String">
<var>${contains}</var>
<arg>${text}</arg>
<arg>${symbol}</arg>
<doc>Returns a list of all non-overlapping matches in the given string.</doc>
<msg timestamp="20230712 21:48:27.724" level="INFO">${contains} = []</msg>
<status status="PASS" starttime="20230712 21:48:27.723" endtime="20230712 21:48:27.724"/>
</kw>
<kw name="Get Length" library="BuiltIn">
<var>${cnt}</var>
<arg>${contains}</arg>
<doc>Returns and logs the length of the given item as an integer.</doc>
<msg timestamp="20230712 21:48:27.725" level="INFO">Length is 0</msg>
<msg timestamp="20230712 21:48:27.725" level="INFO">${cnt} = 0</msg>
<status status="PASS" starttime="20230712 21:48:27.725" endtime="20230712 21:48:27.725"/>
</kw>
<if>
<branch type="IF" condition="${cntS} &gt; 0">
<kw name="Set Variable" library="BuiltIn">
<var>${new_text}</var>
<arg>${STATE["${containsS[0]}"]}</arg>
<doc>Returns the given values which can then be assigned to a variables.</doc>
<status status="NOT RUN" starttime="20230712 21:48:27.727" endtime="20230712 21:48:27.727"/>
</kw>
<kw name="Set Variable" library="BuiltIn">
<var>${symbol}</var>
<arg>_@${containsS[0]}@_</arg>
<doc>Returns the given values which can then be assigned to a variables.</doc>
<status status="NOT RUN" starttime="20230712 21:48:27.728" endtime="20230712 21:48:27.728"/>
</kw>
<status status="NOT RUN" starttime="20230712 21:48:27.726" endtime="20230712 21:48:27.728"/>
</branch>
<branch type="ELSE IF" condition="${cnt} &gt; 0 and '${type}' == 'test name'">
<kw name="Sentence" library="FakerLibrary">
<var>${random}</var>
<arg>nb_words=3</arg>
<doc>Generate a sentence.</doc>
<status status="NOT RUN" starttime="20230712 21:48:27.730" endtime="20230712 21:48:27.730"/>
</kw>
<kw name="Split String" library="String">
<var>${words}</var>
<arg>${TEST NAME}</arg>
<arg>${SPACE}</arg>
<doc>Splits the ``string`` using ``separator`` as a delimiter string.</doc>
<status status="NOT RUN" starttime="20230712 21:48:27.730" endtime="20230712 21:48:27.731"/>
</kw>
<kw name="Set Variable" library="BuiltIn">
<var>${new_text}</var>
<arg>${words[0]} ${random}</arg>
<doc>Returns the given values which can then be assigned to a variables.</doc>
<status status="NOT RUN" starttime="20230712 21:48:27.731" endtime="20230712 21:48:27.731"/>
</kw>
<status status="NOT RUN" starttime="20230712 21:48:27.729" endtime="20230712 21:48:27.732"/>
</branch>
<branch type="ELSE IF" condition="${cnt} &gt; 0 and '${type}' == 'number'">
<kw name="Random Int" library="FakerLibrary">
<var>${new_text}</var>
<doc>Generate a random integer between two integers ``min`` and ``max`` inclusive
while observing the provided ``step`` value.</doc>
<status status="NOT RUN" starttime="20230712 21:48:27.733" endtime="20230712 21:48:27.733"/>
</kw>
<kw name="Convert To String" library="BuiltIn">
<var>${new_text}</var>
<arg>${new_text}</arg>
<doc>Converts the given item to a Unicode string.</doc>
<status status="NOT RUN" starttime="20230712 21:48:27.733" endtime="20230712 21:48:27.734"/>
</kw>
<status status="NOT RUN" starttime="20230712 21:48:27.732" endtime="20230712 21:48:27.734"/>
</branch>
<branch type="ELSE IF" condition="${cnt} &gt; 0 and '${type}' == 'percentage'">
<kw name="Random Int" library="FakerLibrary">
<var>${new_text}</var>
<arg>max=100</arg>
<doc>Generate a random integer between two integers ``min`` and ``max`` inclusive
while observing the provided ``step`` value.</doc>
<status status="NOT RUN" starttime="20230712 21:48:27.736" endtime="20230712 21:48:27.737"/>
</kw>
<kw name="Convert To String" library="BuiltIn">
<var>${new_text}</var>
<arg>${new_text}</arg>
<doc>Converts the given item to a Unicode string.</doc>
<status status="NOT RUN" starttime="20230712 21:48:27.738" endtime="20230712 21:48:27.739"/>
</kw>
<status status="NOT RUN" starttime="20230712 21:48:27.734" endtime="20230712 21:48:27.739"/>
</branch>
<branch type="ELSE IF" condition="${cnt} &gt; 0 and '${type}' == 'paragraph'">
<kw name="Paragraph" library="FakerLibrary">
<var>${new_text}</var>
<doc>Generate a paragraph.</doc>
<status status="NOT RUN" starttime="20230712 21:48:27.741" endtime="20230712 21:48:27.741"/>
</kw>
<status status="NOT RUN" starttime="20230712 21:48:27.740" endtime="20230712 21:48:27.742"/>
</branch>
<branch type="ELSE IF" condition="${cnt} &gt; 0 and '${type}' == 'email'">
<kw name="Email" library="FakerLibrary">
<var>${new_text}</var>
<status status="NOT RUN" starttime="20230712 21:48:27.745" endtime="20230712 21:48:27.745"/>
</kw>
<status status="NOT RUN" starttime="20230712 21:48:27.742" endtime="20230712 21:48:27.745"/>
</branch>
<branch type="ELSE IF" condition="${cnt} &gt; 0 and '${type}' == 'phone'">
<kw name="Random Int" library="FakerLibrary">
<var>${new_text}</var>
<arg>min=55555555</arg>
<arg>max=999999999999</arg>
<doc>Generate a random integer between two integers ``min`` and ``max`` inclusive
while observing the provided ``step`` value.</doc>
<status status="NOT RUN" starttime="20230712 21:48:27.747" endtime="20230712 21:48:27.748"/>
</kw>
<kw name="Convert To String" library="BuiltIn">
<var>${new_text}</var>
<arg>${new_text}</arg>
<doc>Converts the given item to a Unicode string.</doc>
<status status="NOT RUN" starttime="20230712 21:48:27.748" endtime="20230712 21:48:27.748"/>
</kw>
<status status="NOT RUN" starttime="20230712 21:48:27.746" endtime="20230712 21:48:27.748"/>
</branch>
<branch type="ELSE IF" condition="${cnt} &gt; 0 and '${type}' == 'color'">
<kw name="Safe Hex Color" library="FakerLibrary">
<var>${new_text}</var>
<doc>Generate a web-safe color formatted as a hex triplet.</doc>
<status status="NOT RUN" starttime="20230712 21:48:27.750" endtime="20230712 21:48:27.750"/>
</kw>
<status status="NOT RUN" starttime="20230712 21:48:27.749" endtime="20230712 21:48:27.750"/>
</branch>
<branch type="ELSE IF" condition="${cnt} &gt; 0 and '${type}' == 'date'">
<kw name="Date" library="FakerLibrary">
<var>${new_text}</var>
<arg>pattern=%d-%m-%Y</arg>
<doc>Get a date string between January 1, 1970 and now.</doc>
<status status="NOT RUN" starttime="20230712 21:48:27.753" endtime="20230712 21:48:27.755"/>
</kw>
<status status="NOT RUN" starttime="20230712 21:48:27.751" endtime="20230712 21:48:27.756"/>
</branch>
<branch type="ELSE IF" condition="${cnt} &gt; 0 and '${type}' == 'word'">
<kw name="Sentence" library="FakerLibrary">
<var>${new_text}</var>
<arg>nb_words=2</arg>
<doc>Generate a sentence.</doc>
<status status="NOT RUN" starttime="20230712 21:48:27.757" endtime="20230712 21:48:27.758"/>
</kw>
<status status="NOT RUN" starttime="20230712 21:48:27.756" endtime="20230712 21:48:27.758"/>
</branch>
<branch type="ELSE IF" condition="${cnt} &gt; 0">
<kw name="Sentence" library="FakerLibrary">
<var>${new_text}</var>
<doc>Generate a sentence.</doc>
<status status="NOT RUN" starttime="20230712 21:48:27.760" endtime="20230712 21:48:27.760"/>
</kw>
<status status="NOT RUN" starttime="20230712 21:48:27.759" endtime="20230712 21:48:27.761"/>
</branch>
<status status="PASS" starttime="20230712 21:48:27.726" endtime="20230712 21:48:27.761"/>
</if>
<kw name="Get Length" library="BuiltIn">
<var>${cnt}</var>
<arg>${text}</arg>
<doc>Returns and logs the length of the given item as an integer.</doc>
<msg timestamp="20230712 21:48:27.762" level="INFO">Length is 9</msg>
<msg timestamp="20230712 21:48:27.762" level="INFO">${cnt} = 9</msg>
<status status="PASS" starttime="20230712 21:48:27.762" endtime="20230712 21:48:27.762"/>
</kw>
<if>
<branch type="IF" condition="${cnt} &gt; 0">
<kw name="Replace String" library="String">
<var>${text}</var>
<arg>${text}</arg>
<arg>${symbol}</arg>
<arg>${new_text}</arg>
<doc>Replaces ``search_for`` in the given ``string`` with ``replace_with``.</doc>
<msg timestamp="20230712 21:48:27.764" level="INFO">${text} = text_user</msg>
<status status="PASS" starttime="20230712 21:48:27.764" endtime="20230712 21:48:27.765"/>
</kw>
<status status="PASS" starttime="20230712 21:48:27.763" endtime="20230712 21:48:27.765"/>
</branch>
<status status="PASS" starttime="20230712 21:48:27.763" endtime="20230712 21:48:27.765"/>
</if>
<msg timestamp="20230712 21:48:27.766" level="INFO">${text} = text_user</msg>
<status status="PASS" starttime="20230712 21:48:27.713" endtime="20230712 21:48:27.766"/>
</kw>
<kw name="Get Element Form Item By Name" library="common">
<var>${element}</var>
<arg>${name}</arg>
<arg>//input[contains(@class, "ant-input")]</arg>
<msg timestamp="20230712 21:48:27.767" level="INFO">${element} = xpath=//*[contains(@class, "ant-form-item-label")]/label[text()="Email"]/../../*[contains(@class, "ant-form-item")]//input[contains(@class, "ant-input")]</msg>
<status status="PASS" starttime="20230712 21:48:27.766" endtime="20230712 21:48:27.767"/>
</kw>
<kw name="Clear Text" library="Browser">
<arg>${element}</arg>
<tag>PageContent</tag>
<tag>Setter</tag>
<doc>Clears the text field found by ``selector``.</doc>
<status status="PASS" starttime="20230712 21:48:27.768" endtime="20230712 21:48:28.500"/>
</kw>
<kw name="Fill Text" library="Browser">
<arg>${element}</arg>
<arg>${text}</arg>
<arg>True</arg>
<tag>PageContent</tag>
<tag>Setter</tag>
<doc>Clears and fills the given ``txt`` into the text field found by ``selector``.</doc>
<msg timestamp="20230712 21:48:28.501" level="INFO">Fills the text 'text_user' in the given field.</msg>
<status status="PASS" starttime="20230712 21:48:28.500" endtime="20230712 21:48:28.557"/>
</kw>
<kw name="Get Length" library="BuiltIn">
<var>${cnt}</var>
<arg>${text}</arg>
<doc>Returns and logs the length of the given item as an integer.</doc>
<msg timestamp="20230712 21:48:28.558" level="INFO">Length is 9</msg>
<msg timestamp="20230712 21:48:28.558" level="INFO">${cnt} = 9</msg>
<status status="PASS" starttime="20230712 21:48:28.557" endtime="20230712 21:48:28.558"/>
</kw>
<if>
<branch type="IF" condition="${cnt} &gt; 0">
<kw name="Set Global Variable" library="BuiltIn">
<arg>${STATE["${name}"]}</arg>
<arg>${text}</arg>
<doc>Makes a variable available globally in all tests and suites.</doc>
<msg timestamp="20230712 21:48:28.562" level="INFO">${STATE["Email"]} = text_user</msg>
<status status="PASS" starttime="20230712 21:48:28.560" endtime="20230712 21:48:28.562"/>
</kw>
<status status="PASS" starttime="20230712 21:48:28.559" endtime="20230712 21:48:28.562"/>
</branch>
<status status="PASS" starttime="20230712 21:48:28.558" endtime="20230712 21:48:28.562"/>
</if>
<status status="PASS" starttime="20230712 21:48:27.712" endtime="20230712 21:48:28.563"/>
</kw>
<kw name="And Enter &quot;text&quot; in &quot;Họ và tên&quot; with &quot;_RANDOM_&quot;" library="common" sourcename="Enter &quot;${type}&quot; in &quot;${name}&quot; with &quot;${text}&quot;">
<kw name="Get Random Text" library="common">
<var>${text}</var>
<arg>${type}</arg>
<arg>${text}</arg>
<kw name="Set Variable" library="BuiltIn">
<var>${symbol}</var>
<arg>_RANDOM_</arg>
<doc>Returns the given values which can then be assigned to a variables.</doc>
<msg timestamp="20230712 21:48:28.566" level="INFO">${symbol} = _RANDOM_</msg>
<status status="PASS" starttime="20230712 21:48:28.566" endtime="20230712 21:48:28.567"/>
</kw>
<kw name="Set Variable" library="BuiltIn">
<var>${new_text}</var>
<doc>Returns the given values which can then be assigned to a variables.</doc>
<msg timestamp="20230712 21:48:28.567" level="INFO">${new_text} = </msg>
<status status="PASS" starttime="20230712 21:48:28.567" endtime="20230712 21:48:28.567"/>
</kw>
<kw name="Get Regexp Matches" library="String">
<var>${containsS}</var>
<arg>${text}</arg>
<arg>_@(.+)@_</arg>
<arg>1</arg>
<doc>Returns a list of all non-overlapping matches in the given string.</doc>
<msg timestamp="20230712 21:48:28.569" level="INFO">${containsS} = []</msg>
<status status="PASS" starttime="20230712 21:48:28.568" endtime="20230712 21:48:28.569"/>
</kw>
<kw name="Get Length" library="BuiltIn">
<var>${cntS}</var>
<arg>${containsS}</arg>
<doc>Returns and logs the length of the given item as an integer.</doc>
<msg timestamp="20230712 21:48:28.570" level="INFO">Length is 0</msg>
<msg timestamp="20230712 21:48:28.570" level="INFO">${cntS} = 0</msg>
<status status="PASS" starttime="20230712 21:48:28.569" endtime="20230712 21:48:28.570"/>
</kw>
<kw name="Get Regexp Matches" library="String">
<var>${contains}</var>
<arg>${text}</arg>
<arg>${symbol}</arg>
<doc>Returns a list of all non-overlapping matches in the given string.</doc>
<msg timestamp="20230712 21:48:28.572" level="INFO">${contains} = ['_RANDOM_']</msg>
<status status="PASS" starttime="20230712 21:48:28.571" endtime="20230712 21:48:28.572"/>
</kw>
<kw name="Get Length" library="BuiltIn">
<var>${cnt}</var>
<arg>${contains}</arg>
<doc>Returns and logs the length of the given item as an integer.</doc>
<msg timestamp="20230712 21:48:28.573" level="INFO">Length is 1</msg>
<msg timestamp="20230712 21:48:28.573" level="INFO">${cnt} = 1</msg>
<status status="PASS" starttime="20230712 21:48:28.572" endtime="20230712 21:48:28.573"/>
</kw>
<if>
<branch type="IF" condition="${cntS} &gt; 0">
<kw name="Set Variable" library="BuiltIn">
<var>${new_text}</var>
<arg>${STATE["${containsS[0]}"]}</arg>
<doc>Returns the given values which can then be assigned to a variables.</doc>
<status status="NOT RUN" starttime="20230712 21:48:28.574" endtime="20230712 21:48:28.575"/>
</kw>
<kw name="Set Variable" library="BuiltIn">
<var>${symbol}</var>
<arg>_@${containsS[0]}@_</arg>
<doc>Returns the given values which can then be assigned to a variables.</doc>
<status status="NOT RUN" starttime="20230712 21:48:28.575" endtime="20230712 21:48:28.575"/>
</kw>
<status status="NOT RUN" starttime="20230712 21:48:28.573" endtime="20230712 21:48:28.576"/>
</branch>
<branch type="ELSE IF" condition="${cnt} &gt; 0 and '${type}' == 'test name'">
<kw name="Sentence" library="FakerLibrary">
<var>${random}</var>
<arg>nb_words=3</arg>
<doc>Generate a sentence.</doc>
<status status="NOT RUN" starttime="20230712 21:48:28.577" endtime="20230712 21:48:28.577"/>
</kw>
<kw name="Split String" library="String">
<var>${words}</var>
<arg>${TEST NAME}</arg>
<arg>${SPACE}</arg>
<doc>Splits the ``string`` using ``separator`` as a delimiter string.</doc>
<status status="NOT RUN" starttime="20230712 21:48:28.577" endtime="20230712 21:48:28.578"/>
</kw>
<kw name="Set Variable" library="BuiltIn">
<var>${new_text}</var>
<arg>${words[0]} ${random}</arg>
<doc>Returns the given values which can then be assigned to a variables.</doc>
<status status="NOT RUN" starttime="20230712 21:48:28.578" endtime="20230712 21:48:28.578"/>
</kw>
<status status="NOT RUN" starttime="20230712 21:48:28.576" endtime="20230712 21:48:28.579"/>
</branch>
<branch type="ELSE IF" condition="${cnt} &gt; 0 and '${type}' == 'number'">
<kw name="Random Int" library="FakerLibrary">
<var>${new_text}</var>
<doc>Generate a random integer between two integers ``min`` and ``max`` inclusive
while observing the provided ``step`` value.</doc>
<status status="NOT RUN" starttime="20230712 21:48:28.580" endtime="20230712 21:48:28.580"/>
</kw>
<kw name="Convert To String" library="BuiltIn">
<var>${new_text}</var>
<arg>${new_text}</arg>
<doc>Converts the given item to a Unicode string.</doc>
<status status="NOT RUN" starttime="20230712 21:48:28.581" endtime="20230712 21:48:28.581"/>
</kw>
<status status="NOT RUN" starttime="20230712 21:48:28.579" endtime="20230712 21:48:28.581"/>
</branch>
<branch type="ELSE IF" condition="${cnt} &gt; 0 and '${type}' == 'percentage'">
<kw name="Random Int" library="FakerLibrary">
<var>${new_text}</var>
<arg>max=100</arg>
<doc>Generate a random integer between two integers ``min`` and ``max`` inclusive
while observing the provided ``step`` value.</doc>
<status status="NOT RUN" starttime="20230712 21:48:28.582" endtime="20230712 21:48:28.582"/>
</kw>
<kw name="Convert To String" library="BuiltIn">
<var>${new_text}</var>
<arg>${new_text}</arg>
<doc>Converts the given item to a Unicode string.</doc>
<status status="NOT RUN" starttime="20230712 21:48:28.583" endtime="20230712 21:48:28.583"/>
</kw>
<status status="NOT RUN" starttime="20230712 21:48:28.581" endtime="20230712 21:48:28.583"/>
</branch>
<branch type="ELSE IF" condition="${cnt} &gt; 0 and '${type}' == 'paragraph'">
<kw name="Paragraph" library="FakerLibrary">
<var>${new_text}</var>
<doc>Generate a paragraph.</doc>
<status status="NOT RUN" starttime="20230712 21:48:28.584" endtime="20230712 21:48:28.584"/>
</kw>
<status status="NOT RUN" starttime="20230712 21:48:28.583" endtime="20230712 21:48:28.584"/>
</branch>
<branch type="ELSE IF" condition="${cnt} &gt; 0 and '${type}' == 'email'">
<kw name="Email" library="FakerLibrary">
<var>${new_text}</var>
<status status="NOT RUN" starttime="20230712 21:48:28.586" endtime="20230712 21:48:28.587"/>
</kw>
<status status="NOT RUN" starttime="20230712 21:48:28.585" endtime="20230712 21:48:28.587"/>
</branch>
<branch type="ELSE IF" condition="${cnt} &gt; 0 and '${type}' == 'phone'">
<kw name="Random Int" library="FakerLibrary">
<var>${new_text}</var>
<arg>min=55555555</arg>
<arg>max=999999999999</arg>
<doc>Generate a random integer between two integers ``min`` and ``max`` inclusive
while observing the provided ``step`` value.</doc>
<status status="NOT RUN" starttime="20230712 21:48:28.588" endtime="20230712 21:48:28.588"/>
</kw>
<kw name="Convert To String" library="BuiltIn">
<var>${new_text}</var>
<arg>${new_text}</arg>
<doc>Converts the given item to a Unicode string.</doc>
<status status="NOT RUN" starttime="20230712 21:48:28.588" endtime="20230712 21:48:28.588"/>
</kw>
<status status="NOT RUN" starttime="20230712 21:48:28.587" endtime="20230712 21:48:28.588"/>
</branch>
<branch type="ELSE IF" condition="${cnt} &gt; 0 and '${type}' == 'color'">
<kw name="Safe Hex Color" library="FakerLibrary">
<var>${new_text}</var>
<doc>Generate a web-safe color formatted as a hex triplet.</doc>
<status status="NOT RUN" starttime="20230712 21:48:28.589" endtime="20230712 21:48:28.589"/>
</kw>
<status status="NOT RUN" starttime="20230712 21:48:28.588" endtime="20230712 21:48:28.590"/>
</branch>
<branch type="ELSE IF" condition="${cnt} &gt; 0 and '${type}' == 'date'">
<kw name="Date" library="FakerLibrary">
<var>${new_text}</var>
<arg>pattern=%d-%m-%Y</arg>
<doc>Get a date string between January 1, 1970 and now.</doc>
<status status="NOT RUN" starttime="20230712 21:48:28.591" endtime="20230712 21:48:28.591"/>
</kw>
<status status="NOT RUN" starttime="20230712 21:48:28.590" endtime="20230712 21:48:28.591"/>
</branch>
<branch type="ELSE IF" condition="${cnt} &gt; 0 and '${type}' == 'word'">
<kw name="Sentence" library="FakerLibrary">
<var>${new_text}</var>
<arg>nb_words=2</arg>
<doc>Generate a sentence.</doc>
<status status="NOT RUN" starttime="20230712 21:48:28.592" endtime="20230712 21:48:28.592"/>
</kw>
<status status="NOT RUN" starttime="20230712 21:48:28.591" endtime="20230712 21:48:28.592"/>
</branch>
<branch type="ELSE IF" condition="${cnt} &gt; 0">
<kw name="Sentence" library="FakerLibrary">
<var>${new_text}</var>
<doc>Generate a sentence.</doc>
<msg timestamp="20230712 21:48:28.594" level="INFO">${new_text} = Assumenda beatae sequi minima necessitatibus.</msg>
<status status="PASS" starttime="20230712 21:48:28.593" endtime="20230712 21:48:28.594"/>
</kw>
<status status="PASS" starttime="20230712 21:48:28.593" endtime="20230712 21:48:28.594"/>
</branch>
<status status="PASS" starttime="20230712 21:48:28.573" endtime="20230712 21:48:28.594"/>
</if>
<kw name="Get Length" library="BuiltIn">
<var>${cnt}</var>
<arg>${text}</arg>
<doc>Returns and logs the length of the given item as an integer.</doc>
<msg timestamp="20230712 21:48:28.595" level="INFO">Length is 8</msg>
<msg timestamp="20230712 21:48:28.595" level="INFO">${cnt} = 8</msg>
<status status="PASS" starttime="20230712 21:48:28.595" endtime="20230712 21:48:28.595"/>
</kw>
<if>
<branch type="IF" condition="${cnt} &gt; 0">
<kw name="Replace String" library="String">
<var>${text}</var>
<arg>${text}</arg>
<arg>${symbol}</arg>
<arg>${new_text}</arg>
<doc>Replaces ``search_for`` in the given ``string`` with ``replace_with``.</doc>
<msg timestamp="20230712 21:48:28.598" level="INFO">${text} = Assumenda beatae sequi minima necessitatibus.</msg>
<status status="PASS" starttime="20230712 21:48:28.597" endtime="20230712 21:48:28.598"/>
</kw>
<status status="PASS" starttime="20230712 21:48:28.596" endtime="20230712 21:48:28.598"/>
</branch>
<status status="PASS" starttime="20230712 21:48:28.596" endtime="20230712 21:48:28.599"/>
</if>
<msg timestamp="20230712 21:48:28.599" level="INFO">${text} = Assumenda beatae sequi minima necessitatibus.</msg>
<status status="PASS" starttime="20230712 21:48:28.565" endtime="20230712 21:48:28.600"/>
</kw>
<kw name="Get Element Form Item By Name" library="common">
<var>${element}</var>
<arg>${name}</arg>
<arg>//input[contains(@class, "ant-input")]</arg>
<msg timestamp="20230712 21:48:28.601" level="INFO">${element} = xpath=//*[contains(@class, "ant-form-item-label")]/label[text()="Họ và tên"]/../../*[contains(@class, "ant-form-item")]//input[contains(@class, "ant-input")]</msg>
<status status="PASS" starttime="20230712 21:48:28.600" endtime="20230712 21:48:28.601"/>
</kw>
<kw name="Clear Text" library="Browser">
<arg>${element}</arg>
<tag>PageContent</tag>
<tag>Setter</tag>
<doc>Clears the text field found by ``selector``.</doc>
<status status="PASS" starttime="20230712 21:48:28.603" endtime="20230712 21:48:28.793"/>
</kw>
<kw name="Fill Text" library="Browser">
<arg>${element}</arg>
<arg>${text}</arg>
<arg>True</arg>
<tag>PageContent</tag>
<tag>Setter</tag>
<doc>Clears and fills the given ``txt`` into the text field found by ``selector``.</doc>
<msg timestamp="20230712 21:48:28.795" level="INFO">Fills the text 'Assumenda beatae sequi minima necessitatibus.' in the given field.</msg>
<status status="PASS" starttime="20230712 21:48:28.794" endtime="20230712 21:48:28.877"/>
</kw>
<kw name="Get Length" library="BuiltIn">
<var>${cnt}</var>
<arg>${text}</arg>
<doc>Returns and logs the length of the given item as an integer.</doc>
<msg timestamp="20230712 21:48:28.878" level="INFO">Length is 45</msg>
<msg timestamp="20230712 21:48:28.878" level="INFO">${cnt} = 45</msg>
<status status="PASS" starttime="20230712 21:48:28.878" endtime="20230712 21:48:28.879"/>
</kw>
<if>
<branch type="IF" condition="${cnt} &gt; 0">
<kw name="Set Global Variable" library="BuiltIn">
<arg>${STATE["${name}"]}</arg>
<arg>${text}</arg>
<doc>Makes a variable available globally in all tests and suites.</doc>
<msg timestamp="20230712 21:48:28.883" level="INFO">${STATE["Họ và tên"]} = Assumenda beatae sequi minima necessitatibus.</msg>
<status status="PASS" starttime="20230712 21:48:28.880" endtime="20230712 21:48:28.884"/>
</kw>
<status status="PASS" starttime="20230712 21:48:28.880" endtime="20230712 21:48:28.884"/>
</branch>
<status status="PASS" starttime="20230712 21:48:28.879" endtime="20230712 21:48:28.884"/>
</if>
<status status="PASS" starttime="20230712 21:48:28.564" endtime="20230712 21:48:28.884"/>
</kw>
<kw name="Then Required message &quot;Email&quot; field displayed under &quot;Xin vui lòng nhập địa chỉ email hợp lệ!&quot;" library="common" sourcename="Required message &quot;${name}&quot; field displayed under &quot;${text}&quot;">
<kw name="Get Element Form Item By Name" library="common">
<var>${element}</var>
<arg>${name}</arg>
<arg>//*[contains(@class, "ant-picker-input")]/input</arg>
<msg timestamp="20230712 21:48:28.901" level="INFO">${element} = xpath=//*[contains(@class, "ant-form-item-label")]/label[text()="Email"]/../../*[contains(@class, "ant-form-item")]//*[contains(@class, "ant-picker-input")]/input</msg>
<status status="PASS" starttime="20230712 21:48:28.900" endtime="20230712 21:48:28.901"/>
</kw>
<kw name="Wait Until Element Is Visible" library="common">
<arg>//div[contains(text(),'${text}')]</arg>
<kw name="Wait For Elements State" library="Browser">
<arg>${locator}</arg>
<arg>visible</arg>
<arg>${timeout}</arg>
<arg>${message}</arg>
<tag>PageContent</tag>
<tag>Wait</tag>
<doc>Waits for the element found by ``selector`` to satisfy state option.</doc>
<msg timestamp="20230712 21:48:28.922" level="INFO">Waited for Element with selector //div[contains(text(),'Xin vui lòng nhập địa chỉ email hợp lệ!')] at state visible</msg>
<status status="PASS" starttime="20230712 21:48:28.905" endtime="20230712 21:48:28.922"/>
</kw>
<status status="PASS" starttime="20230712 21:48:28.901" endtime="20230712 21:48:28.922"/>
</kw>
<kw name="Element Text Should Be" library="common">
<arg>//div[contains(text(),'${text}')]</arg>
<arg>${text}</arg>
<kw name="Get Text" library="Browser">
<arg>${locator}</arg>
<arg>equal</arg>
<arg>${expected}</arg>
<arg>${message}</arg>
<tag>Assertion</tag>
<tag>Getter</tag>
<tag>PageContent</tag>
<doc>Returns text attribute of the element found by ``selector``.</doc>
<msg timestamp="20230712 21:48:29.027" level="INFO">Text: 'Xin vui lòng nhập địa chỉ email hợp lệ!'</msg>
<status status="PASS" starttime="20230712 21:48:28.926" endtime="20230712 21:48:29.028"/>
</kw>
<status status="PASS" starttime="20230712 21:48:28.923" endtime="20230712 21:48:29.028"/>
</kw>
<status status="PASS" starttime="20230712 21:48:28.899" endtime="20230712 21:48:29.028"/>
</kw>
<kw name="Tear Down" library="common" type="TEARDOWN">
<kw name="Close Browser" library="Browser">
<arg>ALL</arg>
<tag>BrowserControl</tag>
<tag>Setter</tag>
<doc>Closes the current browser.</doc>
<msg timestamp="20230712 21:48:30.410" level="INFO">Closed all browsers</msg>
<status status="PASS" starttime="20230712 21:48:29.044" endtime="20230712 21:48:30.410"/>
</kw>
<status status="PASS" starttime="20230712 21:48:29.041" endtime="20230712 21:48:30.411"/>
</kw>
<tag>@regression</tag>
<tag>@smoketest</tag>
<status status="PASS" starttime="20230712 21:48:13.863" endtime="20230712 21:48:30.411"/>
</test>
<status status="PASS" starttime="20230712 21:48:10.395" endtime="20230712 21:48:30.424"/>
</suite>
<statistics>
<total>
<stat pass="1" fail="0" skip="0">All Tests</stat>
</total>
<tag>
<stat pass="1" fail="0" skip="0">@regression</stat>
<stat pass="1" fail="0" skip="0">@smoketest</stat>
</tag>
<suite>
<stat pass="1" fail="0" skip="0" id="s1" name="Create user">Create user</stat>
</suite>
</statistics>
<errors>
</errors>
</robot>
