<?xml version="1.0" encoding="UTF-8"?>
<robot generator="Robot 6.1.1 (Python 3.11.4 on win32)" generated="20230813 10:31:38.452" rpa="false" schemaversion="4">
<suite id="s1" name="Admin Edit Store" source="D:\BALANCE\vite-react-balance\test\testcases\Admin_Edit_Store.robot">
<test id="s1-t1" name="EDS_24: Kiểm tra chỉnh sửa thông tin cửa hàng thành công khi thay đổi Tên cửa hàng" line="10">
<kw name="Preconditions" type="SETUP">
<kw name="Set Browser Timeout" library="Browser">
<arg>${BROWSER_TIMEOUT}</arg>
<tag>Config</tag>
<tag>Setter</tag>
<doc>Sets the timeout used by most input and getter keywords.</doc>
<status status="PASS" starttime="20230813 10:31:40.823" endtime="20230813 10:31:40.838"/>
</kw>
<kw name="New Browser" library="Browser">
<arg>${BROWSER}</arg>
<arg>headless=${HEADLESS}</arg>
<tag>BrowserControl</tag>
<tag>Setter</tag>
<doc>Create a new playwright Browser with specified options.</doc>
<msg timestamp="20230813 10:31:40.838" level="INFO">{"browser": "chromium", "headless": false, "chromiumSandbox": false, "devtools": false, "handleSIGHUP": true, "handleSIGINT": true, "handleSIGTERM": true, "ignoreDefaultArgs": false, "slowMo": 0.0, "timeout": 30000.0, "tracesDir": "D:\\BALANCE\\vite-react-balance\\browser\\traces\\95e9e830-9b80-4fcf-b221-c165ef3eca54"}</msg>
<msg timestamp="20230813 10:31:42.168" level="INFO">Successfully created browser with options: {"browser":"chromium","headless":false,"chromiumSandbox":false,"devtools":false,"handleSIGHUP":true,"handleSIGINT":true,"handleSIGTERM":true,"ignoreDefaultArgs":false,"slowMo":0,"timeout":30000,"tracesDir":"D:\\BALANCE\\vite-react-balance\\browser\\traces\\95e9e830-9b80-4fcf-b221-c165ef3eca54"}</msg>
<status status="PASS" starttime="20230813 10:31:40.838" endtime="20230813 10:31:42.168"/>
</kw>
<kw name="New Page" library="Browser">
<arg>${URL_DEFAULT}</arg>
<tag>BrowserControl</tag>
<tag>Setter</tag>
<doc>Open a new Page.</doc>
<msg timestamp="20230813 10:31:45.368" level="INFO">Successfully initialized new page object and opened url: http://stag.balance.ari.com.vn/#/</msg>
<msg timestamp="20230813 10:31:45.368" level="INFO">No context was open. New context was automatically opened when this page is created.</msg>
<status status="PASS" starttime="20230813 10:31:42.168" endtime="20230813 10:31:45.369"/>
</kw>
<kw name="Evaluate" library="BuiltIn">
<var>${STATE}</var>
<arg>json.loads('''{}''')</arg>
<arg>json</arg>
<doc>Evaluates the given expression in Python and returns the result.</doc>
<msg timestamp="20230813 10:31:45.371" level="INFO">${STATE} = {}</msg>
<status status="PASS" starttime="20230813 10:31:45.370" endtime="20230813 10:31:45.371"/>
</kw>
<kw name="Login to Admin" library="common" sourcename="Login to ${user}">
<if>
<branch type="IF" condition="'${user}' == 'Admin'">
<kw name="Enter &quot;email&quot; in &quot;Tên đăng nhập&quot; with &quot;admin_balan@getnada.com&quot;" library="common" sourcename="Enter &quot;${type}&quot; in &quot;${name}&quot; with &quot;${text}&quot;">
<kw name="Get Random Text" library="common">
<var>${text}</var>
<arg>${type}</arg>
<arg>${text}</arg>
<kw name="Set Variable" library="BuiltIn">
<var>${symbol}</var>
<arg>_RANDOM_</arg>
<doc>Returns the given values which can then be assigned to a variables.</doc>
<msg timestamp="20230813 10:31:45.371" level="INFO">${symbol} = _RANDOM_</msg>
<status status="PASS" starttime="20230813 10:31:45.371" endtime="20230813 10:31:45.371"/>
</kw>
<kw name="Set Variable" library="BuiltIn">
<var>${new_text}</var>
<doc>Returns the given values which can then be assigned to a variables.</doc>
<msg timestamp="20230813 10:31:45.371" level="INFO">${new_text} = </msg>
<status status="PASS" starttime="20230813 10:31:45.371" endtime="20230813 10:31:45.371"/>
</kw>
<kw name="Get Regexp Matches" library="String">
<var>${containsS}</var>
<arg>${text}</arg>
<arg>_@(.+)@_</arg>
<arg>1</arg>
<doc>Returns a list of all non-overlapping matches in the given string.</doc>
<msg timestamp="20230813 10:31:45.371" level="INFO">${containsS} = []</msg>
<status status="PASS" starttime="20230813 10:31:45.371" endtime="20230813 10:31:45.371"/>
</kw>
<kw name="Get Length" library="BuiltIn">
<var>${cntS}</var>
<arg>${containsS}</arg>
<doc>Returns and logs the length of the given item as an integer.</doc>
<msg timestamp="20230813 10:31:45.371" level="INFO">Length is 0</msg>
<msg timestamp="20230813 10:31:45.371" level="INFO">${cntS} = 0</msg>
<status status="PASS" starttime="20230813 10:31:45.371" endtime="20230813 10:31:45.371"/>
</kw>
<kw name="Get Regexp Matches" library="String">
<var>${contains}</var>
<arg>${text}</arg>
<arg>${symbol}</arg>
<doc>Returns a list of all non-overlapping matches in the given string.</doc>
<msg timestamp="20230813 10:31:45.371" level="INFO">${contains} = []</msg>
<status status="PASS" starttime="20230813 10:31:45.371" endtime="20230813 10:31:45.371"/>
</kw>
<kw name="Get Length" library="BuiltIn">
<var>${cnt}</var>
<arg>${contains}</arg>
<doc>Returns and logs the length of the given item as an integer.</doc>
<msg timestamp="20230813 10:31:45.371" level="INFO">Length is 0</msg>
<msg timestamp="20230813 10:31:45.371" level="INFO">${cnt} = 0</msg>
<status status="PASS" starttime="20230813 10:31:45.371" endtime="20230813 10:31:45.371"/>
</kw>
<if>
<branch type="IF" condition="${cntS} &gt; 0">
<kw name="Set Variable" library="BuiltIn">
<var>${new_text}</var>
<arg>${STATE["${containsS[0]}"]}</arg>
<doc>Returns the given values which can then be assigned to a variables.</doc>
<status status="NOT RUN" starttime="20230813 10:31:45.386" endtime="20230813 10:31:45.386"/>
</kw>
<kw name="Set Variable" library="BuiltIn">
<var>${symbol}</var>
<arg>_@${containsS[0]}@_</arg>
<doc>Returns the given values which can then be assigned to a variables.</doc>
<status status="NOT RUN" starttime="20230813 10:31:45.386" endtime="20230813 10:31:45.386"/>
</kw>
<status status="NOT RUN" starttime="20230813 10:31:45.371" endtime="20230813 10:31:45.386"/>
</branch>
<branch type="ELSE IF" condition="${cnt} &gt; 0 and '${type}' == 'fullname'">
<kw name="Name" library="FakerLibrary">
<var>${new_text}</var>
<doc>:example: 'John Doe'</doc>
<status status="NOT RUN" starttime="20230813 10:31:45.386" endtime="20230813 10:31:45.386"/>
</kw>
<status status="NOT RUN" starttime="20230813 10:31:45.386" endtime="20230813 10:31:45.386"/>
</branch>
<branch type="ELSE IF" condition="${cnt} &gt; 0 and '${type}' == 'test name'">
<kw name="Sentence" library="FakerLibrary">
<var>${random}</var>
<arg>nb_words=3</arg>
<doc>Generate a sentence.</doc>
<status status="NOT RUN" starttime="20230813 10:31:45.386" endtime="20230813 10:31:45.386"/>
</kw>
<kw name="Split String" library="String">
<var>${words}</var>
<arg>${TEST NAME}</arg>
<arg>${SPACE}</arg>
<doc>Splits the ``string`` using ``separator`` as a delimiter string.</doc>
<status status="NOT RUN" starttime="20230813 10:31:45.386" endtime="20230813 10:31:45.386"/>
</kw>
<kw name="Set Variable" library="BuiltIn">
<var>${new_text}</var>
<arg>${words[0]} ${random}</arg>
<doc>Returns the given values which can then be assigned to a variables.</doc>
<status status="NOT RUN" starttime="20230813 10:31:45.386" endtime="20230813 10:31:45.386"/>
</kw>
<status status="NOT RUN" starttime="20230813 10:31:45.386" endtime="20230813 10:31:45.386"/>
</branch>
<branch type="ELSE IF" condition="${cnt} &gt; 0 and '${type}' == 'name code'">
<kw name="Random Int" library="FakerLibrary">
<var>${random}</var>
<arg>min=00000</arg>
<arg>max=99999</arg>
<doc>Generate a random integer between two integers ``min`` and ``max`` inclusive
while observing the provided ``step`` value.</doc>
<status status="NOT RUN" starttime="20230813 10:31:45.386" endtime="20230813 10:31:45.386"/>
</kw>
<kw name="Set Variable" library="BuiltIn">
<var>${name}</var>
<arg>USR</arg>
<doc>Returns the given values which can then be assigned to a variables.</doc>
<status status="NOT RUN" starttime="20230813 10:31:45.386" endtime="20230813 10:31:45.386"/>
</kw>
<kw name="Set Variable" library="BuiltIn">
<var>${new_text}</var>
<arg>${name}${random}</arg>
<doc>Returns the given values which can then be assigned to a variables.</doc>
<status status="NOT RUN" starttime="20230813 10:31:45.386" endtime="20230813 10:31:45.386"/>
</kw>
<status status="NOT RUN" starttime="20230813 10:31:45.386" endtime="20230813 10:31:45.386"/>
</branch>
<branch type="ELSE IF" condition="${cnt} &gt; 0 and '${type}' == 'phone_invalid'">
<kw name="Random Int" library="FakerLibrary">
<var>${new_text}</var>
<arg>min=1000000000000</arg>
<arg>max=9999999999999</arg>
<doc>Generate a random integer between two integers ``min`` and ``max`` inclusive
while observing the provided ``step`` value.</doc>
<status status="NOT RUN" starttime="20230813 10:31:45.386" endtime="20230813 10:31:45.386"/>
</kw>
<kw name="Convert To String" library="BuiltIn">
<var>${new_text}</var>
<arg>${new_text}</arg>
<doc>Converts the given item to a Unicode string.</doc>
<status status="NOT RUN" starttime="20230813 10:31:45.386" endtime="20230813 10:31:45.386"/>
</kw>
<status status="NOT RUN" starttime="20230813 10:31:45.386" endtime="20230813 10:31:45.386"/>
</branch>
<branch type="ELSE IF" condition="${cnt} &gt; 0 and '${type}' == 'percentage'">
<kw name="Random Int" library="FakerLibrary">
<var>${new_text}</var>
<arg>max=100</arg>
<doc>Generate a random integer between two integers ``min`` and ``max`` inclusive
while observing the provided ``step`` value.</doc>
<status status="NOT RUN" starttime="20230813 10:31:45.386" endtime="20230813 10:31:45.386"/>
</kw>
<kw name="Convert To String" library="BuiltIn">
<var>${new_text}</var>
<arg>${new_text}</arg>
<doc>Converts the given item to a Unicode string.</doc>
<status status="NOT RUN" starttime="20230813 10:31:45.386" endtime="20230813 10:31:45.386"/>
</kw>
<status status="NOT RUN" starttime="20230813 10:31:45.386" endtime="20230813 10:31:45.386"/>
</branch>
<branch type="ELSE IF" condition="${cnt} &gt; 0 and '${type}' == 'paragraph'">
<kw name="Paragraph" library="FakerLibrary">
<var>${new_text}</var>
<doc>Generate a paragraph.</doc>
<status status="NOT RUN" starttime="20230813 10:31:45.402" endtime="20230813 10:31:45.402"/>
</kw>
<status status="NOT RUN" starttime="20230813 10:31:45.386" endtime="20230813 10:31:45.402"/>
</branch>
<branch type="ELSE IF" condition="${cnt} &gt; 0 and '${type}' == 'email'">
<kw name="Email" library="FakerLibrary">
<var>${new_text}</var>
<status status="NOT RUN" starttime="20230813 10:31:45.402" endtime="20230813 10:31:45.402"/>
</kw>
<status status="NOT RUN" starttime="20230813 10:31:45.402" endtime="20230813 10:31:45.402"/>
</branch>
<branch type="ELSE IF" condition="${cnt} &gt; 0 and '${type}' == 'phone'">
<kw name="Random Int" library="FakerLibrary">
<var>${new_text}</var>
<arg>min=55555555</arg>
<arg>max=999999999999</arg>
<doc>Generate a random integer between two integers ``min`` and ``max`` inclusive
while observing the provided ``step`` value.</doc>
<status status="NOT RUN" starttime="20230813 10:31:45.402" endtime="20230813 10:31:45.402"/>
</kw>
<kw name="Convert To String" library="BuiltIn">
<var>${new_text}</var>
<arg>${new_text}</arg>
<doc>Converts the given item to a Unicode string.</doc>
<status status="NOT RUN" starttime="20230813 10:31:45.402" endtime="20230813 10:31:45.402"/>
</kw>
<status status="NOT RUN" starttime="20230813 10:31:45.402" endtime="20230813 10:31:45.402"/>
</branch>
<branch type="ELSE IF" condition="${cnt} &gt; 0 and '${type}' == 'phone_7'">
<kw name="Random Int" library="FakerLibrary">
<var>${new_text}</var>
<arg>min=0000000</arg>
<arg>max=9999999</arg>
<doc>Generate a random integer between two integers ``min`` and ``max`` inclusive
while observing the provided ``step`` value.</doc>
<status status="NOT RUN" starttime="20230813 10:31:45.402" endtime="20230813 10:31:45.402"/>
</kw>
<kw name="Convert To String" library="BuiltIn">
<var>${new_text}</var>
<arg>${new_text}</arg>
<doc>Converts the given item to a Unicode string.</doc>
<status status="NOT RUN" starttime="20230813 10:31:45.402" endtime="20230813 10:31:45.402"/>
</kw>
<status status="NOT RUN" starttime="20230813 10:31:45.402" endtime="20230813 10:31:45.402"/>
</branch>
<branch type="ELSE IF" condition="${cnt} &gt; 0 and '${type}' == 'phone_invalid'">
<kw name="Random Int" library="FakerLibrary">
<var>${new_text}</var>
<arg>min=0000000000000</arg>
<arg>max=9999999999999</arg>
<doc>Generate a random integer between two integers ``min`` and ``max`` inclusive
while observing the provided ``step`` value.</doc>
<status status="NOT RUN" starttime="20230813 10:31:45.402" endtime="20230813 10:31:45.402"/>
</kw>
<kw name="Convert To String" library="BuiltIn">
<var>${new_text}</var>
<arg>${new_text}</arg>
<doc>Converts the given item to a Unicode string.</doc>
<status status="NOT RUN" starttime="20230813 10:31:45.402" endtime="20230813 10:31:45.402"/>
</kw>
<status status="NOT RUN" starttime="20230813 10:31:45.402" endtime="20230813 10:31:45.402"/>
</branch>
<branch type="ELSE IF" condition="${cnt} &gt; 0 and '${type}' == 'fax_7'">
<kw name="Random Int" library="FakerLibrary">
<var>${new_text}</var>
<arg>min=0000000</arg>
<arg>max=9999999</arg>
<doc>Generate a random integer between two integers ``min`` and ``max`` inclusive
while observing the provided ``step`` value.</doc>
<status status="NOT RUN" starttime="20230813 10:31:45.402" endtime="20230813 10:31:45.402"/>
</kw>
<kw name="Convert To String" library="BuiltIn">
<var>${new_text}</var>
<arg>${new_text}</arg>
<doc>Converts the given item to a Unicode string.</doc>
<status status="NOT RUN" starttime="20230813 10:31:45.402" endtime="20230813 10:31:45.402"/>
</kw>
<status status="NOT RUN" starttime="20230813 10:31:45.402" endtime="20230813 10:31:45.402"/>
</branch>
<branch type="ELSE IF" condition="${cnt} &gt; 0 and '${type}' == 'fax_valid'">
<kw name="Random Int" library="FakerLibrary">
<var>${new_text}</var>
<arg>min=00000000</arg>
<arg>max=99999999</arg>
<doc>Generate a random integer between two integers ``min`` and ``max`` inclusive
while observing the provided ``step`` value.</doc>
<status status="NOT RUN" starttime="20230813 10:31:45.402" endtime="20230813 10:31:45.402"/>
</kw>
<kw name="Convert To String" library="BuiltIn">
<var>${new_text}</var>
<arg>${new_text}</arg>
<doc>Converts the given item to a Unicode string.</doc>
<status status="NOT RUN" starttime="20230813 10:31:45.402" endtime="20230813 10:31:45.417"/>
</kw>
<status status="NOT RUN" starttime="20230813 10:31:45.402" endtime="20230813 10:31:45.417"/>
</branch>
<branch type="ELSE IF" condition="${cnt} &gt; 0 and '${type}' == 'fax_invalid'">
<kw name="Random Int" library="FakerLibrary">
<var>${new_text}</var>
<arg>min=1000000000000</arg>
<arg>max=9999999999999</arg>
<doc>Generate a random integer between two integers ``min`` and ``max`` inclusive
while observing the provided ``step`` value.</doc>
<status status="NOT RUN" starttime="20230813 10:31:45.417" endtime="20230813 10:31:45.417"/>
</kw>
<kw name="Convert To String" library="BuiltIn">
<var>${new_text}</var>
<arg>${new_text}</arg>
<doc>Converts the given item to a Unicode string.</doc>
<status status="NOT RUN" starttime="20230813 10:31:45.417" endtime="20230813 10:31:45.417"/>
</kw>
<status status="NOT RUN" starttime="20230813 10:31:45.417" endtime="20230813 10:31:45.417"/>
</branch>
<branch type="ELSE IF" condition="${cnt} &gt; 0 and '${type}' == 'number'">
<kw name="Random Int" library="FakerLibrary">
<var>${new_text}</var>
<arg>min=55555555</arg>
<arg>max=999999999999</arg>
<doc>Generate a random integer between two integers ``min`` and ``max`` inclusive
while observing the provided ``step`` value.</doc>
<status status="NOT RUN" starttime="20230813 10:31:45.417" endtime="20230813 10:31:45.417"/>
</kw>
<kw name="Convert To String" library="BuiltIn">
<var>${new_text}</var>
<arg>${new_text}</arg>
<doc>Converts the given item to a Unicode string.</doc>
<status status="NOT RUN" starttime="20230813 10:31:45.417" endtime="20230813 10:31:45.417"/>
</kw>
<status status="NOT RUN" starttime="20230813 10:31:45.417" endtime="20230813 10:31:45.417"/>
</branch>
<branch type="ELSE IF" condition="${cnt} &gt; 0 and '${type}' == 'otp'">
<kw name="Random Int" library="FakerLibrary">
<var>${new_text}</var>
<arg>min=100000</arg>
<arg>max=999999</arg>
<doc>Generate a random integer between two integers ``min`` and ``max`` inclusive
while observing the provided ``step`` value.</doc>
<status status="NOT RUN" starttime="20230813 10:31:45.417" endtime="20230813 10:31:45.417"/>
</kw>
<kw name="Convert To String" library="BuiltIn">
<var>${new_text}</var>
<arg>${new_text}</arg>
<doc>Converts the given item to a Unicode string.</doc>
<status status="NOT RUN" starttime="20230813 10:31:45.417" endtime="20230813 10:31:45.417"/>
</kw>
<status status="NOT RUN" starttime="20230813 10:31:45.417" endtime="20230813 10:31:45.417"/>
</branch>
<branch type="ELSE IF" condition="${cnt} &gt; 0 and '${type}' == 'color'">
<kw name="Safe Hex Color" library="FakerLibrary">
<var>${new_text}</var>
<doc>Generate a web-safe color formatted as a hex triplet.</doc>
<status status="NOT RUN" starttime="20230813 10:31:45.417" endtime="20230813 10:31:45.417"/>
</kw>
<status status="NOT RUN" starttime="20230813 10:31:45.417" endtime="20230813 10:31:45.417"/>
</branch>
<branch type="ELSE IF" condition="${cnt} &gt; 0 and '${type}' == 'date'">
<kw name="Date" library="FakerLibrary">
<var>${new_text}</var>
<arg>pattern=%d-%m-%Y</arg>
<doc>Get a date string between January 1, 1970 and now.</doc>
<status status="NOT RUN" starttime="20230813 10:31:45.417" endtime="20230813 10:31:45.417"/>
</kw>
<status status="NOT RUN" starttime="20230813 10:31:45.417" endtime="20230813 10:31:45.417"/>
</branch>
<branch type="ELSE IF" condition="${cnt} &gt; 0 and '${type}' == 'word'">
<kw name="Sentence" library="FakerLibrary">
<var>${new_text}</var>
<arg>nb_words=500</arg>
<doc>Generate a sentence.</doc>
<status status="NOT RUN" starttime="20230813 10:31:45.417" endtime="20230813 10:31:45.417"/>
</kw>
<status status="NOT RUN" starttime="20230813 10:31:45.417" endtime="20230813 10:31:45.417"/>
</branch>
<branch type="ELSE IF" condition="${cnt} &gt; 0">
<kw name="Sentence" library="FakerLibrary">
<var>${new_text}</var>
<doc>Generate a sentence.</doc>
<status status="NOT RUN" starttime="20230813 10:31:45.433" endtime="20230813 10:31:45.433"/>
</kw>
<status status="NOT RUN" starttime="20230813 10:31:45.417" endtime="20230813 10:31:45.433"/>
</branch>
<status status="PASS" starttime="20230813 10:31:45.371" endtime="20230813 10:31:45.433"/>
</if>
<kw name="Get Length" library="BuiltIn">
<var>${cnt}</var>
<arg>${text}</arg>
<doc>Returns and logs the length of the given item as an integer.</doc>
<msg timestamp="20230813 10:31:45.433" level="INFO">Length is 23</msg>
<msg timestamp="20230813 10:31:45.433" level="INFO">${cnt} = 23</msg>
<status status="PASS" starttime="20230813 10:31:45.433" endtime="20230813 10:31:45.433"/>
</kw>
<if>
<branch type="IF" condition="${cnt} &gt; 0">
<kw name="Replace String" library="String">
<var>${text}</var>
<arg>${text}</arg>
<arg>${symbol}</arg>
<arg>${new_text}</arg>
<doc>Replaces ``search_for`` in the given ``string`` with ``replace_with``.</doc>
<msg timestamp="20230813 10:31:45.433" level="INFO">${text} = admin_balan@getnada.com</msg>
<status status="PASS" starttime="20230813 10:31:45.433" endtime="20230813 10:31:45.433"/>
</kw>
<status status="PASS" starttime="20230813 10:31:45.433" endtime="20230813 10:31:45.433"/>
</branch>
<status status="PASS" starttime="20230813 10:31:45.433" endtime="20230813 10:31:45.433"/>
</if>
<msg timestamp="20230813 10:31:45.433" level="INFO">${text} = admin_balan@getnada.com</msg>
<status status="PASS" starttime="20230813 10:31:45.371" endtime="20230813 10:31:45.433"/>
</kw>
<kw name="Get Element Form Item By Name" library="common">
<var>${element}</var>
<arg>${name}</arg>
<arg>//input[contains(@class, "ant-input")]</arg>
<msg timestamp="20230813 10:31:45.433" level="INFO">${element} = xpath=//*[contains(@class, "ant-form-item-label")]/label[text()="Tên đăng nhập"]/../../*[contains(@class, "ant-form-item")]//input[contains(@class, "ant-input")]</msg>
<status status="PASS" starttime="20230813 10:31:45.433" endtime="20230813 10:31:45.433"/>
</kw>
<kw name="Clear Text" library="Browser">
<arg>${element}</arg>
<tag>PageContent</tag>
<tag>Setter</tag>
<doc>Clears the text field found by ``selector``.</doc>
<status status="PASS" starttime="20230813 10:31:45.433" endtime="20230813 10:31:45.802"/>
</kw>
<kw name="Fill Text" library="Browser">
<arg>${element}</arg>
<arg>${text}</arg>
<arg>True</arg>
<tag>PageContent</tag>
<tag>Setter</tag>
<doc>Clears and fills the given ``txt`` into the text field found by ``selector``.</doc>
<msg timestamp="20230813 10:31:45.804" level="INFO">Fills the text 'admin_balan@getnada.com' in the given field.</msg>
<status status="PASS" starttime="20230813 10:31:45.803" endtime="20230813 10:31:45.915"/>
</kw>
<kw name="Get Length" library="BuiltIn">
<var>${cnt}</var>
<arg>${text}</arg>
<doc>Returns and logs the length of the given item as an integer.</doc>
<msg timestamp="20230813 10:31:45.915" level="INFO">Length is 23</msg>
<msg timestamp="20230813 10:31:45.915" level="INFO">${cnt} = 23</msg>
<status status="PASS" starttime="20230813 10:31:45.915" endtime="20230813 10:31:45.915"/>
</kw>
<if>
<branch type="IF" condition="${cnt} &gt; 0">
<kw name="Set Global Variable" library="BuiltIn">
<arg>${STATE["${name}"]}</arg>
<arg>${text}</arg>
<doc>Makes a variable available globally in all tests and suites.</doc>
<msg timestamp="20230813 10:31:45.915" level="INFO">${STATE["Tên đăng nhập"]} = admin_balan@getnada.com</msg>
<status status="PASS" starttime="20230813 10:31:45.915" endtime="20230813 10:31:45.915"/>
</kw>
<status status="PASS" starttime="20230813 10:31:45.915" endtime="20230813 10:31:45.915"/>
</branch>
<status status="PASS" starttime="20230813 10:31:45.915" endtime="20230813 10:31:45.915"/>
</if>
<status status="PASS" starttime="20230813 10:31:45.371" endtime="20230813 10:31:45.915"/>
</kw>
<status status="PASS" starttime="20230813 10:31:45.371" endtime="20230813 10:31:45.915"/>
</branch>
<branch type="ELSE IF" condition="'${user}' == 'Store'">
<kw name="Enter &quot;email&quot; in &quot;Tên đăng nhập&quot; with &quot;chstag11111@getnada.com&quot;" library="common" sourcename="Enter &quot;${type}&quot; in &quot;${name}&quot; with &quot;${text}&quot;">
<status status="NOT RUN" starttime="20230813 10:31:45.915" endtime="20230813 10:31:45.915"/>
</kw>
<status status="NOT RUN" starttime="20230813 10:31:45.915" endtime="20230813 10:31:45.915"/>
</branch>
<branch type="ELSE IF" condition="'${user}' == 'Supplier'">
<kw name="Enter &quot;email&quot; in &quot;Tên đăng nhập&quot; with &quot;nccstag11111@getnada.com&quot;" library="common" sourcename="Enter &quot;${type}&quot; in &quot;${name}&quot; with &quot;${text}&quot;">
<status status="NOT RUN" starttime="20230813 10:31:45.915" endtime="20230813 10:31:45.915"/>
</kw>
<status status="NOT RUN" starttime="20230813 10:31:45.915" endtime="20230813 10:31:45.915"/>
</branch>
<status status="PASS" starttime="20230813 10:31:45.371" endtime="20230813 10:31:45.915"/>
</if>
<kw name="Enter &quot;text&quot; in &quot;Mật khẩu&quot; with &quot;Ari123456#&quot;" library="common" sourcename="Enter &quot;${type}&quot; in &quot;${name}&quot; with &quot;${text}&quot;">
<kw name="Get Random Text" library="common">
<var>${text}</var>
<arg>${type}</arg>
<arg>${text}</arg>
<kw name="Set Variable" library="BuiltIn">
<var>${symbol}</var>
<arg>_RANDOM_</arg>
<doc>Returns the given values which can then be assigned to a variables.</doc>
<msg timestamp="20230813 10:31:45.931" level="INFO">${symbol} = _RANDOM_</msg>
<status status="PASS" starttime="20230813 10:31:45.931" endtime="20230813 10:31:45.931"/>
</kw>
<kw name="Set Variable" library="BuiltIn">
<var>${new_text}</var>
<doc>Returns the given values which can then be assigned to a variables.</doc>
<msg timestamp="20230813 10:31:45.931" level="INFO">${new_text} = </msg>
<status status="PASS" starttime="20230813 10:31:45.931" endtime="20230813 10:31:45.931"/>
</kw>
<kw name="Get Regexp Matches" library="String">
<var>${containsS}</var>
<arg>${text}</arg>
<arg>_@(.+)@_</arg>
<arg>1</arg>
<doc>Returns a list of all non-overlapping matches in the given string.</doc>
<msg timestamp="20230813 10:31:45.931" level="INFO">${containsS} = []</msg>
<status status="PASS" starttime="20230813 10:31:45.931" endtime="20230813 10:31:45.931"/>
</kw>
<kw name="Get Length" library="BuiltIn">
<var>${cntS}</var>
<arg>${containsS}</arg>
<doc>Returns and logs the length of the given item as an integer.</doc>
<msg timestamp="20230813 10:31:45.931" level="INFO">Length is 0</msg>
<msg timestamp="20230813 10:31:45.931" level="INFO">${cntS} = 0</msg>
<status status="PASS" starttime="20230813 10:31:45.931" endtime="20230813 10:31:45.931"/>
</kw>
<kw name="Get Regexp Matches" library="String">
<var>${contains}</var>
<arg>${text}</arg>
<arg>${symbol}</arg>
<doc>Returns a list of all non-overlapping matches in the given string.</doc>
<msg timestamp="20230813 10:31:45.931" level="INFO">${contains} = []</msg>
<status status="PASS" starttime="20230813 10:31:45.931" endtime="20230813 10:31:45.931"/>
</kw>
<kw name="Get Length" library="BuiltIn">
<var>${cnt}</var>
<arg>${contains}</arg>
<doc>Returns and logs the length of the given item as an integer.</doc>
<msg timestamp="20230813 10:31:45.931" level="INFO">Length is 0</msg>
<msg timestamp="20230813 10:31:45.931" level="INFO">${cnt} = 0</msg>
<status status="PASS" starttime="20230813 10:31:45.931" endtime="20230813 10:31:45.931"/>
</kw>
<if>
<branch type="IF" condition="${cntS} &gt; 0">
<kw name="Set Variable" library="BuiltIn">
<var>${new_text}</var>
<arg>${STATE["${containsS[0]}"]}</arg>
<doc>Returns the given values which can then be assigned to a variables.</doc>
<status status="NOT RUN" starttime="20230813 10:31:45.931" endtime="20230813 10:31:45.931"/>
</kw>
<kw name="Set Variable" library="BuiltIn">
<var>${symbol}</var>
<arg>_@${containsS[0]}@_</arg>
<doc>Returns the given values which can then be assigned to a variables.</doc>
<status status="NOT RUN" starttime="20230813 10:31:45.931" endtime="20230813 10:31:45.931"/>
</kw>
<status status="NOT RUN" starttime="20230813 10:31:45.931" endtime="20230813 10:31:45.931"/>
</branch>
<branch type="ELSE IF" condition="${cnt} &gt; 0 and '${type}' == 'fullname'">
<kw name="Name" library="FakerLibrary">
<var>${new_text}</var>
<doc>:example: 'John Doe'</doc>
<status status="NOT RUN" starttime="20230813 10:31:45.931" endtime="20230813 10:31:45.931"/>
</kw>
<status status="NOT RUN" starttime="20230813 10:31:45.931" endtime="20230813 10:31:45.931"/>
</branch>
<branch type="ELSE IF" condition="${cnt} &gt; 0 and '${type}' == 'test name'">
<kw name="Sentence" library="FakerLibrary">
<var>${random}</var>
<arg>nb_words=3</arg>
<doc>Generate a sentence.</doc>
<status status="NOT RUN" starttime="20230813 10:31:45.946" endtime="20230813 10:31:45.946"/>
</kw>
<kw name="Split String" library="String">
<var>${words}</var>
<arg>${TEST NAME}</arg>
<arg>${SPACE}</arg>
<doc>Splits the ``string`` using ``separator`` as a delimiter string.</doc>
<status status="NOT RUN" starttime="20230813 10:31:45.946" endtime="20230813 10:31:45.946"/>
</kw>
<kw name="Set Variable" library="BuiltIn">
<var>${new_text}</var>
<arg>${words[0]} ${random}</arg>
<doc>Returns the given values which can then be assigned to a variables.</doc>
<status status="NOT RUN" starttime="20230813 10:31:45.946" endtime="20230813 10:31:45.946"/>
</kw>
<status status="NOT RUN" starttime="20230813 10:31:45.931" endtime="20230813 10:31:45.946"/>
</branch>
<branch type="ELSE IF" condition="${cnt} &gt; 0 and '${type}' == 'name code'">
<kw name="Random Int" library="FakerLibrary">
<var>${random}</var>
<arg>min=00000</arg>
<arg>max=99999</arg>
<doc>Generate a random integer between two integers ``min`` and ``max`` inclusive
while observing the provided ``step`` value.</doc>
<status status="NOT RUN" starttime="20230813 10:31:45.946" endtime="20230813 10:31:45.946"/>
</kw>
<kw name="Set Variable" library="BuiltIn">
<var>${name}</var>
<arg>USR</arg>
<doc>Returns the given values which can then be assigned to a variables.</doc>
<status status="NOT RUN" starttime="20230813 10:31:45.946" endtime="20230813 10:31:45.946"/>
</kw>
<kw name="Set Variable" library="BuiltIn">
<var>${new_text}</var>
<arg>${name}${random}</arg>
<doc>Returns the given values which can then be assigned to a variables.</doc>
<status status="NOT RUN" starttime="20230813 10:31:45.946" endtime="20230813 10:31:45.946"/>
</kw>
<status status="NOT RUN" starttime="20230813 10:31:45.946" endtime="20230813 10:31:45.946"/>
</branch>
<branch type="ELSE IF" condition="${cnt} &gt; 0 and '${type}' == 'phone_invalid'">
<kw name="Random Int" library="FakerLibrary">
<var>${new_text}</var>
<arg>min=1000000000000</arg>
<arg>max=9999999999999</arg>
<doc>Generate a random integer between two integers ``min`` and ``max`` inclusive
while observing the provided ``step`` value.</doc>
<status status="NOT RUN" starttime="20230813 10:31:45.946" endtime="20230813 10:31:45.946"/>
</kw>
<kw name="Convert To String" library="BuiltIn">
<var>${new_text}</var>
<arg>${new_text}</arg>
<doc>Converts the given item to a Unicode string.</doc>
<status status="NOT RUN" starttime="20230813 10:31:45.946" endtime="20230813 10:31:45.946"/>
</kw>
<status status="NOT RUN" starttime="20230813 10:31:45.946" endtime="20230813 10:31:45.946"/>
</branch>
<branch type="ELSE IF" condition="${cnt} &gt; 0 and '${type}' == 'percentage'">
<kw name="Random Int" library="FakerLibrary">
<var>${new_text}</var>
<arg>max=100</arg>
<doc>Generate a random integer between two integers ``min`` and ``max`` inclusive
while observing the provided ``step`` value.</doc>
<status status="NOT RUN" starttime="20230813 10:31:45.946" endtime="20230813 10:31:45.946"/>
</kw>
<kw name="Convert To String" library="BuiltIn">
<var>${new_text}</var>
<arg>${new_text}</arg>
<doc>Converts the given item to a Unicode string.</doc>
<status status="NOT RUN" starttime="20230813 10:31:45.946" endtime="20230813 10:31:45.946"/>
</kw>
<status status="NOT RUN" starttime="20230813 10:31:45.946" endtime="20230813 10:31:45.946"/>
</branch>
<branch type="ELSE IF" condition="${cnt} &gt; 0 and '${type}' == 'paragraph'">
<kw name="Paragraph" library="FakerLibrary">
<var>${new_text}</var>
<doc>Generate a paragraph.</doc>
<status status="NOT RUN" starttime="20230813 10:31:45.946" endtime="20230813 10:31:45.946"/>
</kw>
<status status="NOT RUN" starttime="20230813 10:31:45.946" endtime="20230813 10:31:45.946"/>
</branch>
<branch type="ELSE IF" condition="${cnt} &gt; 0 and '${type}' == 'email'">
<kw name="Email" library="FakerLibrary">
<var>${new_text}</var>
<status status="NOT RUN" starttime="20230813 10:31:45.946" endtime="20230813 10:31:45.946"/>
</kw>
<status status="NOT RUN" starttime="20230813 10:31:45.946" endtime="20230813 10:31:45.946"/>
</branch>
<branch type="ELSE IF" condition="${cnt} &gt; 0 and '${type}' == 'phone'">
<kw name="Random Int" library="FakerLibrary">
<var>${new_text}</var>
<arg>min=55555555</arg>
<arg>max=999999999999</arg>
<doc>Generate a random integer between two integers ``min`` and ``max`` inclusive
while observing the provided ``step`` value.</doc>
<status status="NOT RUN" starttime="20230813 10:31:45.962" endtime="20230813 10:31:45.962"/>
</kw>
<kw name="Convert To String" library="BuiltIn">
<var>${new_text}</var>
<arg>${new_text}</arg>
<doc>Converts the given item to a Unicode string.</doc>
<status status="NOT RUN" starttime="20230813 10:31:45.962" endtime="20230813 10:31:45.962"/>
</kw>
<status status="NOT RUN" starttime="20230813 10:31:45.946" endtime="20230813 10:31:45.962"/>
</branch>
<branch type="ELSE IF" condition="${cnt} &gt; 0 and '${type}' == 'phone_7'">
<kw name="Random Int" library="FakerLibrary">
<var>${new_text}</var>
<arg>min=0000000</arg>
<arg>max=9999999</arg>
<doc>Generate a random integer between two integers ``min`` and ``max`` inclusive
while observing the provided ``step`` value.</doc>
<status status="NOT RUN" starttime="20230813 10:31:45.962" endtime="20230813 10:31:45.962"/>
</kw>
<kw name="Convert To String" library="BuiltIn">
<var>${new_text}</var>
<arg>${new_text}</arg>
<doc>Converts the given item to a Unicode string.</doc>
<status status="NOT RUN" starttime="20230813 10:31:45.962" endtime="20230813 10:31:45.962"/>
</kw>
<status status="NOT RUN" starttime="20230813 10:31:45.962" endtime="20230813 10:31:45.962"/>
</branch>
<branch type="ELSE IF" condition="${cnt} &gt; 0 and '${type}' == 'phone_invalid'">
<kw name="Random Int" library="FakerLibrary">
<var>${new_text}</var>
<arg>min=0000000000000</arg>
<arg>max=9999999999999</arg>
<doc>Generate a random integer between two integers ``min`` and ``max`` inclusive
while observing the provided ``step`` value.</doc>
<status status="NOT RUN" starttime="20230813 10:31:45.962" endtime="20230813 10:31:45.962"/>
</kw>
<kw name="Convert To String" library="BuiltIn">
<var>${new_text}</var>
<arg>${new_text}</arg>
<doc>Converts the given item to a Unicode string.</doc>
<status status="NOT RUN" starttime="20230813 10:31:45.962" endtime="20230813 10:31:45.962"/>
</kw>
<status status="NOT RUN" starttime="20230813 10:31:45.962" endtime="20230813 10:31:45.962"/>
</branch>
<branch type="ELSE IF" condition="${cnt} &gt; 0 and '${type}' == 'fax_7'">
<kw name="Random Int" library="FakerLibrary">
<var>${new_text}</var>
<arg>min=0000000</arg>
<arg>max=9999999</arg>
<doc>Generate a random integer between two integers ``min`` and ``max`` inclusive
while observing the provided ``step`` value.</doc>
<status status="NOT RUN" starttime="20230813 10:31:45.962" endtime="20230813 10:31:45.962"/>
</kw>
<kw name="Convert To String" library="BuiltIn">
<var>${new_text}</var>
<arg>${new_text}</arg>
<doc>Converts the given item to a Unicode string.</doc>
<status status="NOT RUN" starttime="20230813 10:31:45.962" endtime="20230813 10:31:45.962"/>
</kw>
<status status="NOT RUN" starttime="20230813 10:31:45.962" endtime="20230813 10:31:45.962"/>
</branch>
<branch type="ELSE IF" condition="${cnt} &gt; 0 and '${type}' == 'fax_valid'">
<kw name="Random Int" library="FakerLibrary">
<var>${new_text}</var>
<arg>min=00000000</arg>
<arg>max=99999999</arg>
<doc>Generate a random integer between two integers ``min`` and ``max`` inclusive
while observing the provided ``step`` value.</doc>
<status status="NOT RUN" starttime="20230813 10:31:45.962" endtime="20230813 10:31:45.962"/>
</kw>
<kw name="Convert To String" library="BuiltIn">
<var>${new_text}</var>
<arg>${new_text}</arg>
<doc>Converts the given item to a Unicode string.</doc>
<status status="NOT RUN" starttime="20230813 10:31:45.962" endtime="20230813 10:31:45.962"/>
</kw>
<status status="NOT RUN" starttime="20230813 10:31:45.962" endtime="20230813 10:31:45.962"/>
</branch>
<branch type="ELSE IF" condition="${cnt} &gt; 0 and '${type}' == 'fax_invalid'">
<kw name="Random Int" library="FakerLibrary">
<var>${new_text}</var>
<arg>min=1000000000000</arg>
<arg>max=9999999999999</arg>
<doc>Generate a random integer between two integers ``min`` and ``max`` inclusive
while observing the provided ``step`` value.</doc>
<status status="NOT RUN" starttime="20230813 10:31:45.962" endtime="20230813 10:31:45.962"/>
</kw>
<kw name="Convert To String" library="BuiltIn">
<var>${new_text}</var>
<arg>${new_text}</arg>
<doc>Converts the given item to a Unicode string.</doc>
<status status="NOT RUN" starttime="20230813 10:31:45.962" endtime="20230813 10:31:45.962"/>
</kw>
<status status="NOT RUN" starttime="20230813 10:31:45.962" endtime="20230813 10:31:45.962"/>
</branch>
<branch type="ELSE IF" condition="${cnt} &gt; 0 and '${type}' == 'number'">
<kw name="Random Int" library="FakerLibrary">
<var>${new_text}</var>
<arg>min=55555555</arg>
<arg>max=999999999999</arg>
<doc>Generate a random integer between two integers ``min`` and ``max`` inclusive
while observing the provided ``step`` value.</doc>
<status status="NOT RUN" starttime="20230813 10:31:45.962" endtime="20230813 10:31:45.962"/>
</kw>
<kw name="Convert To String" library="BuiltIn">
<var>${new_text}</var>
<arg>${new_text}</arg>
<doc>Converts the given item to a Unicode string.</doc>
<status status="NOT RUN" starttime="20230813 10:31:45.962" endtime="20230813 10:31:45.962"/>
</kw>
<status status="NOT RUN" starttime="20230813 10:31:45.962" endtime="20230813 10:31:45.962"/>
</branch>
<branch type="ELSE IF" condition="${cnt} &gt; 0 and '${type}' == 'otp'">
<kw name="Random Int" library="FakerLibrary">
<var>${new_text}</var>
<arg>min=100000</arg>
<arg>max=999999</arg>
<doc>Generate a random integer between two integers ``min`` and ``max`` inclusive
while observing the provided ``step`` value.</doc>
<status status="NOT RUN" starttime="20230813 10:31:45.978" endtime="20230813 10:31:45.978"/>
</kw>
<kw name="Convert To String" library="BuiltIn">
<var>${new_text}</var>
<arg>${new_text}</arg>
<doc>Converts the given item to a Unicode string.</doc>
<status status="NOT RUN" starttime="20230813 10:31:45.978" endtime="20230813 10:31:45.978"/>
</kw>
<status status="NOT RUN" starttime="20230813 10:31:45.962" endtime="20230813 10:31:45.978"/>
</branch>
<branch type="ELSE IF" condition="${cnt} &gt; 0 and '${type}' == 'color'">
<kw name="Safe Hex Color" library="FakerLibrary">
<var>${new_text}</var>
<doc>Generate a web-safe color formatted as a hex triplet.</doc>
<status status="NOT RUN" starttime="20230813 10:31:45.978" endtime="20230813 10:31:45.978"/>
</kw>
<status status="NOT RUN" starttime="20230813 10:31:45.978" endtime="20230813 10:31:45.978"/>
</branch>
<branch type="ELSE IF" condition="${cnt} &gt; 0 and '${type}' == 'date'">
<kw name="Date" library="FakerLibrary">
<var>${new_text}</var>
<arg>pattern=%d-%m-%Y</arg>
<doc>Get a date string between January 1, 1970 and now.</doc>
<status status="NOT RUN" starttime="20230813 10:31:45.978" endtime="20230813 10:31:45.978"/>
</kw>
<status status="NOT RUN" starttime="20230813 10:31:45.978" endtime="20230813 10:31:45.978"/>
</branch>
<branch type="ELSE IF" condition="${cnt} &gt; 0 and '${type}' == 'word'">
<kw name="Sentence" library="FakerLibrary">
<var>${new_text}</var>
<arg>nb_words=500</arg>
<doc>Generate a sentence.</doc>
<status status="NOT RUN" starttime="20230813 10:31:45.978" endtime="20230813 10:31:45.978"/>
</kw>
<status status="NOT RUN" starttime="20230813 10:31:45.978" endtime="20230813 10:31:45.978"/>
</branch>
<branch type="ELSE IF" condition="${cnt} &gt; 0">
<kw name="Sentence" library="FakerLibrary">
<var>${new_text}</var>
<doc>Generate a sentence.</doc>
<status status="NOT RUN" starttime="20230813 10:31:45.978" endtime="20230813 10:31:45.978"/>
</kw>
<status status="NOT RUN" starttime="20230813 10:31:45.978" endtime="20230813 10:31:45.978"/>
</branch>
<status status="PASS" starttime="20230813 10:31:45.931" endtime="20230813 10:31:45.978"/>
</if>
<kw name="Get Length" library="BuiltIn">
<var>${cnt}</var>
<arg>${text}</arg>
<doc>Returns and logs the length of the given item as an integer.</doc>
<msg timestamp="20230813 10:31:45.978" level="INFO">Length is 10</msg>
<msg timestamp="20230813 10:31:45.978" level="INFO">${cnt} = 10</msg>
<status status="PASS" starttime="20230813 10:31:45.978" endtime="20230813 10:31:45.978"/>
</kw>
<if>
<branch type="IF" condition="${cnt} &gt; 0">
<kw name="Replace String" library="String">
<var>${text}</var>
<arg>${text}</arg>
<arg>${symbol}</arg>
<arg>${new_text}</arg>
<doc>Replaces ``search_for`` in the given ``string`` with ``replace_with``.</doc>
<msg timestamp="20230813 10:31:45.978" level="INFO">${text} = Ari123456#</msg>
<status status="PASS" starttime="20230813 10:31:45.978" endtime="20230813 10:31:45.978"/>
</kw>
<status status="PASS" starttime="20230813 10:31:45.978" endtime="20230813 10:31:45.978"/>
</branch>
<status status="PASS" starttime="20230813 10:31:45.978" endtime="20230813 10:31:45.978"/>
</if>
<msg timestamp="20230813 10:31:45.978" level="INFO">${text} = Ari123456#</msg>
<status status="PASS" starttime="20230813 10:31:45.915" endtime="20230813 10:31:45.978"/>
</kw>
<kw name="Get Element Form Item By Name" library="common">
<var>${element}</var>
<arg>${name}</arg>
<arg>//input[contains(@class, "ant-input")]</arg>
<msg timestamp="20230813 10:31:45.978" level="INFO">${element} = xpath=//*[contains(@class, "ant-form-item-label")]/label[text()="Mật khẩu"]/../../*[contains(@class, "ant-form-item")]//input[contains(@class, "ant-input")]</msg>
<status status="PASS" starttime="20230813 10:31:45.978" endtime="20230813 10:31:45.978"/>
</kw>
<kw name="Clear Text" library="Browser">
<arg>${element}</arg>
<tag>PageContent</tag>
<tag>Setter</tag>
<doc>Clears the text field found by ``selector``.</doc>
<status status="PASS" starttime="20230813 10:31:45.978" endtime="20230813 10:31:46.071"/>
</kw>
<kw name="Fill Text" library="Browser">
<arg>${element}</arg>
<arg>${text}</arg>
<arg>True</arg>
<tag>PageContent</tag>
<tag>Setter</tag>
<doc>Clears and fills the given ``txt`` into the text field found by ``selector``.</doc>
<msg timestamp="20230813 10:31:46.071" level="INFO">Fills the text 'Ari123456#' in the given field.</msg>
<status status="PASS" starttime="20230813 10:31:46.071" endtime="20230813 10:31:46.134"/>
</kw>
<kw name="Get Length" library="BuiltIn">
<var>${cnt}</var>
<arg>${text}</arg>
<doc>Returns and logs the length of the given item as an integer.</doc>
<msg timestamp="20230813 10:31:46.135" level="INFO">Length is 10</msg>
<msg timestamp="20230813 10:31:46.135" level="INFO">${cnt} = 10</msg>
<status status="PASS" starttime="20230813 10:31:46.134" endtime="20230813 10:31:46.135"/>
</kw>
<if>
<branch type="IF" condition="${cnt} &gt; 0">
<kw name="Set Global Variable" library="BuiltIn">
<arg>${STATE["${name}"]}</arg>
<arg>${text}</arg>
<doc>Makes a variable available globally in all tests and suites.</doc>
<msg timestamp="20230813 10:31:46.139" level="INFO">${STATE["Mật khẩu"]} = Ari123456#</msg>
<status status="PASS" starttime="20230813 10:31:46.137" endtime="20230813 10:31:46.139"/>
</kw>
<status status="PASS" starttime="20230813 10:31:46.136" endtime="20230813 10:31:46.140"/>
</branch>
<status status="PASS" starttime="20230813 10:31:46.136" endtime="20230813 10:31:46.140"/>
</if>
<status status="PASS" starttime="20230813 10:31:45.915" endtime="20230813 10:31:46.140"/>
</kw>
<kw name="Click &quot;Đăng Nhập&quot; button" library="common" sourcename="Click &quot;${text}&quot; button">
<kw name="Click" library="Browser">
<arg>xpath=//button[contains(text(),'${text}')]</arg>
<tag>PageContent</tag>
<tag>Setter</tag>
<doc>Simulates mouse click on the element found by ``selector``.</doc>
<status status="PASS" starttime="20230813 10:31:46.140" endtime="20230813 10:31:46.502"/>
</kw>
<kw name="Click Confirm To Action" library="common">
<kw name="Set Variable" library="BuiltIn">
<var>${element}</var>
<arg>xpath=//*[contains(@class, "ant-popover")]//*[contains(@class, "ant-btn-primary")]</arg>
<doc>Returns the given values which can then be assigned to a variables.</doc>
<msg timestamp="20230813 10:31:46.502" level="INFO">${element} = xpath=//*[contains(@class, "ant-popover")]//*[contains(@class, "ant-btn-primary")]</msg>
<status status="PASS" starttime="20230813 10:31:46.502" endtime="20230813 10:31:46.502"/>
</kw>
<kw name="Get Element Count" library="Browser">
<var>${count}</var>
<arg>${element}</arg>
<tag>Assertion</tag>
<tag>Getter</tag>
<tag>PageContent</tag>
<doc>Returns the count of elements found with ``selector``.</doc>
<msg timestamp="20230813 10:31:46.543" level="INFO">${count} = 0</msg>
<status status="PASS" starttime="20230813 10:31:46.502" endtime="20230813 10:31:46.543"/>
</kw>
<if>
<branch type="IF" condition="${count} &gt; 0">
<kw name="Click" library="Browser">
<arg>${element}</arg>
<tag>PageContent</tag>
<tag>Setter</tag>
<doc>Simulates mouse click on the element found by ``selector``.</doc>
<status status="NOT RUN" starttime="20230813 10:31:46.551" endtime="20230813 10:31:46.552"/>
</kw>
<kw name="Sleep" library="BuiltIn">
<arg>${SHOULD_TIMEOUT}</arg>
<doc>Pauses the test executed for the given time.</doc>
<status status="NOT RUN" starttime="20230813 10:31:46.553" endtime="20230813 10:31:46.553"/>
</kw>
<status status="NOT RUN" starttime="20230813 10:31:46.543" endtime="20230813 10:31:46.554"/>
</branch>
<status status="PASS" starttime="20230813 10:31:46.543" endtime="20230813 10:31:46.554"/>
</if>
<status status="PASS" starttime="20230813 10:31:46.502" endtime="20230813 10:31:46.555"/>
</kw>
<kw name="Scroll By" library="Browser">
<arg>${None}</arg>
<tag>PageContent</tag>
<tag>Setter</tag>
<doc>Scrolls an element or the page relative from current position by the given values.</doc>
<msg timestamp="20230813 10:31:46.703" level="INFO">JavaScript executed successfully.</msg>
<msg timestamp="20230813 10:31:46.703" level="INFO">JavaScript executed successfully.</msg>
<msg timestamp="20230813 10:31:46.761" level="INFO">JavaScript executed successfully.</msg>
<msg timestamp="20230813 10:31:46.761" level="INFO">JavaScript executed successfully.</msg>
<msg timestamp="20230813 10:31:46.808" level="INFO">JavaScript executed successfully.</msg>
<status status="PASS" starttime="20230813 10:31:46.556" endtime="20230813 10:31:46.808"/>
</kw>
<status status="PASS" starttime="20230813 10:31:46.140" endtime="20230813 10:31:46.823"/>
</kw>
<kw name="Wait Until Element Is Visible" library="common">
<arg>//*[@id='name-application']</arg>
<kw name="Wait For Elements State" library="Browser">
<arg>${locator}</arg>
<arg>visible</arg>
<arg>${timeout}</arg>
<arg>${message}</arg>
<tag>PageContent</tag>
<tag>Wait</tag>
<doc>Waits for the element found by ``selector`` to satisfy state option.</doc>
<msg timestamp="20230813 10:31:47.339" level="INFO">Waited for Element with selector //*[@id='name-application'] at state visible</msg>
<status status="PASS" starttime="20230813 10:31:46.831" endtime="20230813 10:31:47.339"/>
</kw>
<status status="PASS" starttime="20230813 10:31:46.823" endtime="20230813 10:31:47.340"/>
</kw>
<status status="PASS" starttime="20230813 10:31:45.371" endtime="20230813 10:31:47.340"/>
</kw>
<status status="PASS" starttime="20230813 10:31:40.823" endtime="20230813 10:31:47.340"/>
</kw>
<kw name="Go to page edit store">
<kw name="And Click &quot;Quản lý cửa hàng&quot; menu" library="common" sourcename="Click &quot;${text}&quot; menu">
<kw name="Click" library="Browser">
<arg>xpath=//span[contains(text(),'${text}')]</arg>
<tag>PageContent</tag>
<tag>Setter</tag>
<doc>Simulates mouse click on the element found by ``selector``.</doc>
<status status="PASS" starttime="20230813 10:31:47.351" endtime="20230813 10:31:47.647"/>
</kw>
<kw name="Wait Until Element Spin" library="common">
<kw name="Set Variable" library="BuiltIn">
<var>${element}</var>
<arg>xpath=//*[contains(@class, "ant-spin-spinning")]</arg>
<doc>Returns the given values which can then be assigned to a variables.</doc>
<msg timestamp="20230813 10:31:47.650" level="INFO">${element} = xpath=//*[contains(@class, "ant-spin-spinning")]</msg>
<status status="PASS" starttime="20230813 10:31:47.649" endtime="20230813 10:31:47.650"/>
</kw>
<kw name="Get Element Count" library="Browser">
<var>${count}</var>
<arg>${element}</arg>
<tag>Assertion</tag>
<tag>Getter</tag>
<tag>PageContent</tag>
<doc>Returns the count of elements found with ``selector``.</doc>
<msg timestamp="20230813 10:31:47.665" level="INFO">${count} = 0</msg>
<status status="PASS" starttime="20230813 10:31:47.650" endtime="20230813 10:31:47.666"/>
</kw>
<if>
<branch type="IF" condition="${count} &gt; 0">
<kw name="Wait Until Element Is Not Exist" library="common">
<arg>${element}</arg>
<status status="NOT RUN" starttime="20230813 10:31:47.667" endtime="20230813 10:31:47.667"/>
</kw>
<status status="NOT RUN" starttime="20230813 10:31:47.666" endtime="20230813 10:31:47.668"/>
</branch>
<status status="PASS" starttime="20230813 10:31:47.666" endtime="20230813 10:31:47.668"/>
</if>
<status status="PASS" starttime="20230813 10:31:47.648" endtime="20230813 10:31:47.668"/>
</kw>
<status status="PASS" starttime="20230813 10:31:47.350" endtime="20230813 10:31:47.669"/>
</kw>
<kw name="And Select Store need to edit">
<kw name="Set Variable" library="BuiltIn">
<var>${element}</var>
<arg>//td[contains(text(),'STR1227')]</arg>
<doc>Returns the given values which can then be assigned to a variables.</doc>
<msg timestamp="20230813 10:31:47.671" level="INFO">${element} = //td[contains(text(),'STR1227')]</msg>
<status status="PASS" starttime="20230813 10:31:47.670" endtime="20230813 10:31:47.671"/>
</kw>
<kw name="Click" library="Browser">
<arg>${element}</arg>
<arg>left</arg>
<arg>2</arg>
<tag>PageContent</tag>
<tag>Setter</tag>
<doc>Simulates mouse click on the element found by ``selector``.</doc>
<msg timestamp="20230813 10:31:47.673" level="WARN">Some `Click` keyword arguments are deprecated. Use `Click With Options` instead.
Used deprecated args: clickCount</msg>
<status status="PASS" starttime="20230813 10:31:47.671" endtime="20230813 10:31:48.374"/>
</kw>
<status status="PASS" starttime="20230813 10:31:47.669" endtime="20230813 10:31:48.375"/>
</kw>
<status status="PASS" starttime="20230813 10:31:47.348" endtime="20230813 10:31:48.376"/>
</kw>
<kw name="When Enter &quot;text&quot; in &quot;Tên cửa hàng&quot; with &quot;_RANDOM_&quot;" library="common" sourcename="Enter &quot;${type}&quot; in &quot;${name}&quot; with &quot;${text}&quot;">
<kw name="Get Random Text" library="common">
<var>${text}</var>
<arg>${type}</arg>
<arg>${text}</arg>
<kw name="Set Variable" library="BuiltIn">
<var>${symbol}</var>
<arg>_RANDOM_</arg>
<doc>Returns the given values which can then be assigned to a variables.</doc>
<msg timestamp="20230813 10:31:48.384" level="INFO">${symbol} = _RANDOM_</msg>
<status status="PASS" starttime="20230813 10:31:48.383" endtime="20230813 10:31:48.384"/>
</kw>
<kw name="Set Variable" library="BuiltIn">
<var>${new_text}</var>
<doc>Returns the given values which can then be assigned to a variables.</doc>
<msg timestamp="20230813 10:31:48.385" level="INFO">${new_text} = </msg>
<status status="PASS" starttime="20230813 10:31:48.385" endtime="20230813 10:31:48.385"/>
</kw>
<kw name="Get Regexp Matches" library="String">
<var>${containsS}</var>
<arg>${text}</arg>
<arg>_@(.+)@_</arg>
<arg>1</arg>
<doc>Returns a list of all non-overlapping matches in the given string.</doc>
<msg timestamp="20230813 10:31:48.386" level="INFO">${containsS} = []</msg>
<status status="PASS" starttime="20230813 10:31:48.386" endtime="20230813 10:31:48.386"/>
</kw>
<kw name="Get Length" library="BuiltIn">
<var>${cntS}</var>
<arg>${containsS}</arg>
<doc>Returns and logs the length of the given item as an integer.</doc>
<msg timestamp="20230813 10:31:48.387" level="INFO">Length is 0</msg>
<msg timestamp="20230813 10:31:48.387" level="INFO">${cntS} = 0</msg>
<status status="PASS" starttime="20230813 10:31:48.386" endtime="20230813 10:31:48.387"/>
</kw>
<kw name="Get Regexp Matches" library="String">
<var>${contains}</var>
<arg>${text}</arg>
<arg>${symbol}</arg>
<doc>Returns a list of all non-overlapping matches in the given string.</doc>
<msg timestamp="20230813 10:31:48.388" level="INFO">${contains} = ['_RANDOM_']</msg>
<status status="PASS" starttime="20230813 10:31:48.387" endtime="20230813 10:31:48.388"/>
</kw>
<kw name="Get Length" library="BuiltIn">
<var>${cnt}</var>
<arg>${contains}</arg>
<doc>Returns and logs the length of the given item as an integer.</doc>
<msg timestamp="20230813 10:31:48.388" level="INFO">Length is 1</msg>
<msg timestamp="20230813 10:31:48.388" level="INFO">${cnt} = 1</msg>
<status status="PASS" starttime="20230813 10:31:48.388" endtime="20230813 10:31:48.388"/>
</kw>
<if>
<branch type="IF" condition="${cntS} &gt; 0">
<kw name="Set Variable" library="BuiltIn">
<var>${new_text}</var>
<arg>${STATE["${containsS[0]}"]}</arg>
<doc>Returns the given values which can then be assigned to a variables.</doc>
<status status="NOT RUN" starttime="20230813 10:31:48.389" endtime="20230813 10:31:48.389"/>
</kw>
<kw name="Set Variable" library="BuiltIn">
<var>${symbol}</var>
<arg>_@${containsS[0]}@_</arg>
<doc>Returns the given values which can then be assigned to a variables.</doc>
<status status="NOT RUN" starttime="20230813 10:31:48.389" endtime="20230813 10:31:48.389"/>
</kw>
<status status="NOT RUN" starttime="20230813 10:31:48.388" endtime="20230813 10:31:48.390"/>
</branch>
<branch type="ELSE IF" condition="${cnt} &gt; 0 and '${type}' == 'fullname'">
<kw name="Name" library="FakerLibrary">
<var>${new_text}</var>
<doc>:example: 'John Doe'</doc>
<status status="NOT RUN" starttime="20230813 10:31:48.391" endtime="20230813 10:31:48.391"/>
</kw>
<status status="NOT RUN" starttime="20230813 10:31:48.390" endtime="20230813 10:31:48.391"/>
</branch>
<branch type="ELSE IF" condition="${cnt} &gt; 0 and '${type}' == 'test name'">
<kw name="Sentence" library="FakerLibrary">
<var>${random}</var>
<arg>nb_words=3</arg>
<doc>Generate a sentence.</doc>
<status status="NOT RUN" starttime="20230813 10:31:48.393" endtime="20230813 10:31:48.393"/>
</kw>
<kw name="Split String" library="String">
<var>${words}</var>
<arg>${TEST NAME}</arg>
<arg>${SPACE}</arg>
<doc>Splits the ``string`` using ``separator`` as a delimiter string.</doc>
<status status="NOT RUN" starttime="20230813 10:31:48.393" endtime="20230813 10:31:48.394"/>
</kw>
<kw name="Set Variable" library="BuiltIn">
<var>${new_text}</var>
<arg>${words[0]} ${random}</arg>
<doc>Returns the given values which can then be assigned to a variables.</doc>
<status status="NOT RUN" starttime="20230813 10:31:48.394" endtime="20230813 10:31:48.395"/>
</kw>
<status status="NOT RUN" starttime="20230813 10:31:48.392" endtime="20230813 10:31:48.395"/>
</branch>
<branch type="ELSE IF" condition="${cnt} &gt; 0 and '${type}' == 'name code'">
<kw name="Random Int" library="FakerLibrary">
<var>${random}</var>
<arg>min=00000</arg>
<arg>max=99999</arg>
<doc>Generate a random integer between two integers ``min`` and ``max`` inclusive
while observing the provided ``step`` value.</doc>
<status status="NOT RUN" starttime="20230813 10:31:48.396" endtime="20230813 10:31:48.396"/>
</kw>
<kw name="Set Variable" library="BuiltIn">
<var>${name}</var>
<arg>USR</arg>
<doc>Returns the given values which can then be assigned to a variables.</doc>
<status status="NOT RUN" starttime="20230813 10:31:48.397" endtime="20230813 10:31:48.397"/>
</kw>
<kw name="Set Variable" library="BuiltIn">
<var>${new_text}</var>
<arg>${name}${random}</arg>
<doc>Returns the given values which can then be assigned to a variables.</doc>
<status status="NOT RUN" starttime="20230813 10:31:48.398" endtime="20230813 10:31:48.398"/>
</kw>
<status status="NOT RUN" starttime="20230813 10:31:48.395" endtime="20230813 10:31:48.399"/>
</branch>
<branch type="ELSE IF" condition="${cnt} &gt; 0 and '${type}' == 'phone_invalid'">
<kw name="Random Int" library="FakerLibrary">
<var>${new_text}</var>
<arg>min=1000000000000</arg>
<arg>max=9999999999999</arg>
<doc>Generate a random integer between two integers ``min`` and ``max`` inclusive
while observing the provided ``step`` value.</doc>
<status status="NOT RUN" starttime="20230813 10:31:48.399" endtime="20230813 10:31:48.399"/>
</kw>
<kw name="Convert To String" library="BuiltIn">
<var>${new_text}</var>
<arg>${new_text}</arg>
<doc>Converts the given item to a Unicode string.</doc>
<status status="NOT RUN" starttime="20230813 10:31:48.399" endtime="20230813 10:31:48.399"/>
</kw>
<status status="NOT RUN" starttime="20230813 10:31:48.399" endtime="20230813 10:31:48.399"/>
</branch>
<branch type="ELSE IF" condition="${cnt} &gt; 0 and '${type}' == 'percentage'">
<kw name="Random Int" library="FakerLibrary">
<var>${new_text}</var>
<arg>max=100</arg>
<doc>Generate a random integer between two integers ``min`` and ``max`` inclusive
while observing the provided ``step`` value.</doc>
<status status="NOT RUN" starttime="20230813 10:31:48.399" endtime="20230813 10:31:48.399"/>
</kw>
<kw name="Convert To String" library="BuiltIn">
<var>${new_text}</var>
<arg>${new_text}</arg>
<doc>Converts the given item to a Unicode string.</doc>
<status status="NOT RUN" starttime="20230813 10:31:48.399" endtime="20230813 10:31:48.399"/>
</kw>
<status status="NOT RUN" starttime="20230813 10:31:48.399" endtime="20230813 10:31:48.399"/>
</branch>
<branch type="ELSE IF" condition="${cnt} &gt; 0 and '${type}' == 'paragraph'">
<kw name="Paragraph" library="FakerLibrary">
<var>${new_text}</var>
<doc>Generate a paragraph.</doc>
<status status="NOT RUN" starttime="20230813 10:31:48.399" endtime="20230813 10:31:48.399"/>
</kw>
<status status="NOT RUN" starttime="20230813 10:31:48.399" endtime="20230813 10:31:48.399"/>
</branch>
<branch type="ELSE IF" condition="${cnt} &gt; 0 and '${type}' == 'email'">
<kw name="Email" library="FakerLibrary">
<var>${new_text}</var>
<status status="NOT RUN" starttime="20230813 10:31:48.399" endtime="20230813 10:31:48.399"/>
</kw>
<status status="NOT RUN" starttime="20230813 10:31:48.399" endtime="20230813 10:31:48.399"/>
</branch>
<branch type="ELSE IF" condition="${cnt} &gt; 0 and '${type}' == 'phone'">
<kw name="Random Int" library="FakerLibrary">
<var>${new_text}</var>
<arg>min=55555555</arg>
<arg>max=999999999999</arg>
<doc>Generate a random integer between two integers ``min`` and ``max`` inclusive
while observing the provided ``step`` value.</doc>
<status status="NOT RUN" starttime="20230813 10:31:48.399" endtime="20230813 10:31:48.399"/>
</kw>
<kw name="Convert To String" library="BuiltIn">
<var>${new_text}</var>
<arg>${new_text}</arg>
<doc>Converts the given item to a Unicode string.</doc>
<status status="NOT RUN" starttime="20230813 10:31:48.399" endtime="20230813 10:31:48.399"/>
</kw>
<status status="NOT RUN" starttime="20230813 10:31:48.399" endtime="20230813 10:31:48.399"/>
</branch>
<branch type="ELSE IF" condition="${cnt} &gt; 0 and '${type}' == 'phone_7'">
<kw name="Random Int" library="FakerLibrary">
<var>${new_text}</var>
<arg>min=0000000</arg>
<arg>max=9999999</arg>
<doc>Generate a random integer between two integers ``min`` and ``max`` inclusive
while observing the provided ``step`` value.</doc>
<status status="NOT RUN" starttime="20230813 10:31:48.399" endtime="20230813 10:31:48.399"/>
</kw>
<kw name="Convert To String" library="BuiltIn">
<var>${new_text}</var>
<arg>${new_text}</arg>
<doc>Converts the given item to a Unicode string.</doc>
<status status="NOT RUN" starttime="20230813 10:31:48.399" endtime="20230813 10:31:48.399"/>
</kw>
<status status="NOT RUN" starttime="20230813 10:31:48.399" endtime="20230813 10:31:48.399"/>
</branch>
<branch type="ELSE IF" condition="${cnt} &gt; 0 and '${type}' == 'phone_invalid'">
<kw name="Random Int" library="FakerLibrary">
<var>${new_text}</var>
<arg>min=0000000000000</arg>
<arg>max=9999999999999</arg>
<doc>Generate a random integer between two integers ``min`` and ``max`` inclusive
while observing the provided ``step`` value.</doc>
<status status="NOT RUN" starttime="20230813 10:31:48.399" endtime="20230813 10:31:48.399"/>
</kw>
<kw name="Convert To String" library="BuiltIn">
<var>${new_text}</var>
<arg>${new_text}</arg>
<doc>Converts the given item to a Unicode string.</doc>
<status status="NOT RUN" starttime="20230813 10:31:48.399" endtime="20230813 10:31:48.399"/>
</kw>
<status status="NOT RUN" starttime="20230813 10:31:48.399" endtime="20230813 10:31:48.399"/>
</branch>
<branch type="ELSE IF" condition="${cnt} &gt; 0 and '${type}' == 'fax_7'">
<kw name="Random Int" library="FakerLibrary">
<var>${new_text}</var>
<arg>min=0000000</arg>
<arg>max=9999999</arg>
<doc>Generate a random integer between two integers ``min`` and ``max`` inclusive
while observing the provided ``step`` value.</doc>
<status status="NOT RUN" starttime="20230813 10:31:48.399" endtime="20230813 10:31:48.399"/>
</kw>
<kw name="Convert To String" library="BuiltIn">
<var>${new_text}</var>
<arg>${new_text}</arg>
<doc>Converts the given item to a Unicode string.</doc>
<status status="NOT RUN" starttime="20230813 10:31:48.399" endtime="20230813 10:31:48.399"/>
</kw>
<status status="NOT RUN" starttime="20230813 10:31:48.399" endtime="20230813 10:31:48.399"/>
</branch>
<branch type="ELSE IF" condition="${cnt} &gt; 0 and '${type}' == 'fax_valid'">
<kw name="Random Int" library="FakerLibrary">
<var>${new_text}</var>
<arg>min=00000000</arg>
<arg>max=99999999</arg>
<doc>Generate a random integer between two integers ``min`` and ``max`` inclusive
while observing the provided ``step`` value.</doc>
<status status="NOT RUN" starttime="20230813 10:31:48.399" endtime="20230813 10:31:48.399"/>
</kw>
<kw name="Convert To String" library="BuiltIn">
<var>${new_text}</var>
<arg>${new_text}</arg>
<doc>Converts the given item to a Unicode string.</doc>
<status status="NOT RUN" starttime="20230813 10:31:48.399" endtime="20230813 10:31:48.399"/>
</kw>
<status status="NOT RUN" starttime="20230813 10:31:48.399" endtime="20230813 10:31:48.414"/>
</branch>
<branch type="ELSE IF" condition="${cnt} &gt; 0 and '${type}' == 'fax_invalid'">
<kw name="Random Int" library="FakerLibrary">
<var>${new_text}</var>
<arg>min=1000000000000</arg>
<arg>max=9999999999999</arg>
<doc>Generate a random integer between two integers ``min`` and ``max`` inclusive
while observing the provided ``step`` value.</doc>
<status status="NOT RUN" starttime="20230813 10:31:48.414" endtime="20230813 10:31:48.414"/>
</kw>
<kw name="Convert To String" library="BuiltIn">
<var>${new_text}</var>
<arg>${new_text}</arg>
<doc>Converts the given item to a Unicode string.</doc>
<status status="NOT RUN" starttime="20230813 10:31:48.414" endtime="20230813 10:31:48.414"/>
</kw>
<status status="NOT RUN" starttime="20230813 10:31:48.414" endtime="20230813 10:31:48.414"/>
</branch>
<branch type="ELSE IF" condition="${cnt} &gt; 0 and '${type}' == 'number'">
<kw name="Random Int" library="FakerLibrary">
<var>${new_text}</var>
<arg>min=55555555</arg>
<arg>max=999999999999</arg>
<doc>Generate a random integer between two integers ``min`` and ``max`` inclusive
while observing the provided ``step`` value.</doc>
<status status="NOT RUN" starttime="20230813 10:31:48.414" endtime="20230813 10:31:48.414"/>
</kw>
<kw name="Convert To String" library="BuiltIn">
<var>${new_text}</var>
<arg>${new_text}</arg>
<doc>Converts the given item to a Unicode string.</doc>
<status status="NOT RUN" starttime="20230813 10:31:48.414" endtime="20230813 10:31:48.414"/>
</kw>
<status status="NOT RUN" starttime="20230813 10:31:48.414" endtime="20230813 10:31:48.414"/>
</branch>
<branch type="ELSE IF" condition="${cnt} &gt; 0 and '${type}' == 'otp'">
<kw name="Random Int" library="FakerLibrary">
<var>${new_text}</var>
<arg>min=100000</arg>
<arg>max=999999</arg>
<doc>Generate a random integer between two integers ``min`` and ``max`` inclusive
while observing the provided ``step`` value.</doc>
<status status="NOT RUN" starttime="20230813 10:31:48.414" endtime="20230813 10:31:48.414"/>
</kw>
<kw name="Convert To String" library="BuiltIn">
<var>${new_text}</var>
<arg>${new_text}</arg>
<doc>Converts the given item to a Unicode string.</doc>
<status status="NOT RUN" starttime="20230813 10:31:48.414" endtime="20230813 10:31:48.414"/>
</kw>
<status status="NOT RUN" starttime="20230813 10:31:48.414" endtime="20230813 10:31:48.414"/>
</branch>
<branch type="ELSE IF" condition="${cnt} &gt; 0 and '${type}' == 'color'">
<kw name="Safe Hex Color" library="FakerLibrary">
<var>${new_text}</var>
<doc>Generate a web-safe color formatted as a hex triplet.</doc>
<status status="NOT RUN" starttime="20230813 10:31:48.414" endtime="20230813 10:31:48.414"/>
</kw>
<status status="NOT RUN" starttime="20230813 10:31:48.414" endtime="20230813 10:31:48.414"/>
</branch>
<branch type="ELSE IF" condition="${cnt} &gt; 0 and '${type}' == 'date'">
<kw name="Date" library="FakerLibrary">
<var>${new_text}</var>
<arg>pattern=%d-%m-%Y</arg>
<doc>Get a date string between January 1, 1970 and now.</doc>
<status status="NOT RUN" starttime="20230813 10:31:48.430" endtime="20230813 10:31:48.430"/>
</kw>
<status status="NOT RUN" starttime="20230813 10:31:48.414" endtime="20230813 10:31:48.430"/>
</branch>
<branch type="ELSE IF" condition="${cnt} &gt; 0 and '${type}' == 'word'">
<kw name="Sentence" library="FakerLibrary">
<var>${new_text}</var>
<arg>nb_words=500</arg>
<doc>Generate a sentence.</doc>
<status status="NOT RUN" starttime="20230813 10:31:48.430" endtime="20230813 10:31:48.430"/>
</kw>
<status status="NOT RUN" starttime="20230813 10:31:48.430" endtime="20230813 10:31:48.430"/>
</branch>
<branch type="ELSE IF" condition="${cnt} &gt; 0">
<kw name="Sentence" library="FakerLibrary">
<var>${new_text}</var>
<doc>Generate a sentence.</doc>
<msg timestamp="20230813 10:31:48.430" level="INFO">${new_text} = Eaque itaque ullam similique error.</msg>
<status status="PASS" starttime="20230813 10:31:48.430" endtime="20230813 10:31:48.430"/>
</kw>
<status status="PASS" starttime="20230813 10:31:48.430" endtime="20230813 10:31:48.430"/>
</branch>
<status status="PASS" starttime="20230813 10:31:48.388" endtime="20230813 10:31:48.430"/>
</if>
<kw name="Get Length" library="BuiltIn">
<var>${cnt}</var>
<arg>${text}</arg>
<doc>Returns and logs the length of the given item as an integer.</doc>
<msg timestamp="20230813 10:31:48.430" level="INFO">Length is 8</msg>
<msg timestamp="20230813 10:31:48.430" level="INFO">${cnt} = 8</msg>
<status status="PASS" starttime="20230813 10:31:48.430" endtime="20230813 10:31:48.430"/>
</kw>
<if>
<branch type="IF" condition="${cnt} &gt; 0">
<kw name="Replace String" library="String">
<var>${text}</var>
<arg>${text}</arg>
<arg>${symbol}</arg>
<arg>${new_text}</arg>
<doc>Replaces ``search_for`` in the given ``string`` with ``replace_with``.</doc>
<msg timestamp="20230813 10:31:48.430" level="INFO">${text} = Eaque itaque ullam similique error.</msg>
<status status="PASS" starttime="20230813 10:31:48.430" endtime="20230813 10:31:48.430"/>
</kw>
<status status="PASS" starttime="20230813 10:31:48.430" endtime="20230813 10:31:48.430"/>
</branch>
<status status="PASS" starttime="20230813 10:31:48.430" endtime="20230813 10:31:48.430"/>
</if>
<msg timestamp="20230813 10:31:48.430" level="INFO">${text} = Eaque itaque ullam similique error.</msg>
<status status="PASS" starttime="20230813 10:31:48.382" endtime="20230813 10:31:48.430"/>
</kw>
<kw name="Get Element Form Item By Name" library="common">
<var>${element}</var>
<arg>${name}</arg>
<arg>//input[contains(@class, "ant-input")]</arg>
<msg timestamp="20230813 10:31:48.430" level="INFO">${element} = xpath=//*[contains(@class, "ant-form-item-label")]/label[text()="Tên cửa hàng"]/../../*[contains(@class, "ant-form-item")]//input[contains(@class, "ant-input")]</msg>
<status status="PASS" starttime="20230813 10:31:48.430" endtime="20230813 10:31:48.430"/>
</kw>
<kw name="Clear Text" library="Browser">
<arg>${element}</arg>
<tag>PageContent</tag>
<tag>Setter</tag>
<doc>Clears the text field found by ``selector``.</doc>
<status status="PASS" starttime="20230813 10:31:48.430" endtime="20230813 10:31:49.209"/>
</kw>
<kw name="Fill Text" library="Browser">
<arg>${element}</arg>
<arg>${text}</arg>
<arg>True</arg>
<tag>PageContent</tag>
<tag>Setter</tag>
<doc>Clears and fills the given ``txt`` into the text field found by ``selector``.</doc>
<msg timestamp="20230813 10:31:49.210" level="INFO">Fills the text 'Eaque itaque ullam similique error.' in the given field.</msg>
<status status="PASS" starttime="20230813 10:31:49.209" endtime="20230813 10:31:49.241"/>
</kw>
<kw name="Get Length" library="BuiltIn">
<var>${cnt}</var>
<arg>${text}</arg>
<doc>Returns and logs the length of the given item as an integer.</doc>
<msg timestamp="20230813 10:31:49.241" level="INFO">Length is 35</msg>
<msg timestamp="20230813 10:31:49.241" level="INFO">${cnt} = 35</msg>
<status status="PASS" starttime="20230813 10:31:49.241" endtime="20230813 10:31:49.241"/>
</kw>
<if>
<branch type="IF" condition="${cnt} &gt; 0">
<kw name="Set Global Variable" library="BuiltIn">
<arg>${STATE["${name}"]}</arg>
<arg>${text}</arg>
<doc>Makes a variable available globally in all tests and suites.</doc>
<msg timestamp="20230813 10:31:49.241" level="INFO">${STATE["Tên cửa hàng"]} = Eaque itaque ullam similique error.</msg>
<status status="PASS" starttime="20230813 10:31:49.241" endtime="20230813 10:31:49.241"/>
</kw>
<status status="PASS" starttime="20230813 10:31:49.241" endtime="20230813 10:31:49.241"/>
</branch>
<status status="PASS" starttime="20230813 10:31:49.241" endtime="20230813 10:31:49.241"/>
</if>
<status status="PASS" starttime="20230813 10:31:48.381" endtime="20230813 10:31:49.241"/>
</kw>
<kw name="And Click &quot;Lưu&quot; button" library="common" sourcename="Click &quot;${text}&quot; button">
<kw name="Click" library="Browser">
<arg>xpath=//button[contains(text(),'${text}')]</arg>
<tag>PageContent</tag>
<tag>Setter</tag>
<doc>Simulates mouse click on the element found by ``selector``.</doc>
<status status="PASS" starttime="20230813 10:31:49.257" endtime="20230813 10:31:49.654"/>
</kw>
<kw name="Click Confirm To Action" library="common">
<kw name="Set Variable" library="BuiltIn">
<var>${element}</var>
<arg>xpath=//*[contains(@class, "ant-popover")]//*[contains(@class, "ant-btn-primary")]</arg>
<doc>Returns the given values which can then be assigned to a variables.</doc>
<msg timestamp="20230813 10:31:49.656" level="INFO">${element} = xpath=//*[contains(@class, "ant-popover")]//*[contains(@class, "ant-btn-primary")]</msg>
<status status="PASS" starttime="20230813 10:31:49.655" endtime="20230813 10:31:49.656"/>
</kw>
<kw name="Get Element Count" library="Browser">
<var>${count}</var>
<arg>${element}</arg>
<tag>Assertion</tag>
<tag>Getter</tag>
<tag>PageContent</tag>
<doc>Returns the count of elements found with ``selector``.</doc>
<msg timestamp="20230813 10:31:49.676" level="INFO">${count} = 0</msg>
<status status="PASS" starttime="20230813 10:31:49.657" endtime="20230813 10:31:49.676"/>
</kw>
<if>
<branch type="IF" condition="${count} &gt; 0">
<kw name="Click" library="Browser">
<arg>${element}</arg>
<tag>PageContent</tag>
<tag>Setter</tag>
<doc>Simulates mouse click on the element found by ``selector``.</doc>
<status status="NOT RUN" starttime="20230813 10:31:49.678" endtime="20230813 10:31:49.678"/>
</kw>
<kw name="Sleep" library="BuiltIn">
<arg>${SHOULD_TIMEOUT}</arg>
<doc>Pauses the test executed for the given time.</doc>
<status status="NOT RUN" starttime="20230813 10:31:49.678" endtime="20230813 10:31:49.678"/>
</kw>
<status status="NOT RUN" starttime="20230813 10:31:49.677" endtime="20230813 10:31:49.678"/>
</branch>
<status status="PASS" starttime="20230813 10:31:49.677" endtime="20230813 10:31:49.678"/>
</if>
<status status="PASS" starttime="20230813 10:31:49.654" endtime="20230813 10:31:49.679"/>
</kw>
<kw name="Scroll By" library="Browser">
<arg>${None}</arg>
<tag>PageContent</tag>
<tag>Setter</tag>
<doc>Scrolls an element or the page relative from current position by the given values.</doc>
<msg timestamp="20230813 10:31:49.691" level="INFO">JavaScript executed successfully.</msg>
<msg timestamp="20230813 10:31:49.691" level="INFO">JavaScript executed successfully.</msg>
<msg timestamp="20230813 10:31:49.699" level="INFO">JavaScript executed successfully.</msg>
<msg timestamp="20230813 10:31:49.699" level="INFO">JavaScript executed successfully.</msg>
<msg timestamp="20230813 10:31:49.699" level="INFO">JavaScript executed successfully.</msg>
<status status="PASS" starttime="20230813 10:31:49.679" endtime="20230813 10:31:49.699"/>
</kw>
<status status="PASS" starttime="20230813 10:31:49.257" endtime="20230813 10:31:49.699"/>
</kw>
<kw name="Then User look message &quot;Chỉnh sửa cửa hàng thành công.&quot; popup" library="common" sourcename="User look message &quot;${message}&quot; popup">
<kw name="Get Regexp Matches" library="String">
<var>${contains}</var>
<arg>${message}</arg>
<arg>_@(.+)@_</arg>
<arg>1</arg>
<doc>Returns a list of all non-overlapping matches in the given string.</doc>
<msg timestamp="20230813 10:31:49.699" level="INFO">${contains} = []</msg>
<status status="PASS" starttime="20230813 10:31:49.699" endtime="20230813 10:31:49.699"/>
</kw>
<kw name="Get Length" library="BuiltIn">
<var>${cnt}</var>
<arg>${contains}</arg>
<doc>Returns and logs the length of the given item as an integer.</doc>
<msg timestamp="20230813 10:31:49.699" level="INFO">Length is 0</msg>
<msg timestamp="20230813 10:31:49.699" level="INFO">${cnt} = 0</msg>
<status status="PASS" starttime="20230813 10:31:49.699" endtime="20230813 10:31:49.699"/>
</kw>
<if>
<branch type="IF" condition="${cnt} &gt; 0">
<kw name="Replace String" library="String">
<var>${message}</var>
<arg>${message}</arg>
<arg>_@${contains[0]}@_</arg>
<arg>${STATE["${contains[0]}"]}</arg>
<doc>Replaces ``search_for`` in the given ``string`` with ``replace_with``.</doc>
<status status="NOT RUN" starttime="20230813 10:31:49.699" endtime="20230813 10:31:49.699"/>
</kw>
<status status="NOT RUN" starttime="20230813 10:31:49.699" endtime="20230813 10:31:49.699"/>
</branch>
<status status="PASS" starttime="20230813 10:31:49.699" endtime="20230813 10:31:49.699"/>
</if>
<kw name="Element Text Should Be" library="common">
<arg>id=swal2-html-container</arg>
<arg>${message}</arg>
<kw name="Get Text" library="Browser">
<arg>${locator}</arg>
<arg>equal</arg>
<arg>${expected}</arg>
<arg>${message}</arg>
<tag>Assertion</tag>
<tag>Getter</tag>
<tag>PageContent</tag>
<doc>Returns text attribute of the element found by ``selector``.</doc>
<msg timestamp="20230813 10:31:50.253" level="INFO">Text: 'Chỉnh sửa cửa hàng thành công.'</msg>
<status status="PASS" starttime="20230813 10:31:49.714" endtime="20230813 10:31:50.253"/>
</kw>
<status status="PASS" starttime="20230813 10:31:49.699" endtime="20230813 10:31:50.253"/>
</kw>
<kw name="Set Variable" library="BuiltIn">
<var>${element}</var>
<arg>xpath=//*[contains(@class, "swal2-cancel")]</arg>
<doc>Returns the given values which can then be assigned to a variables.</doc>
<msg timestamp="20230813 10:31:50.269" level="INFO">${element} = xpath=//*[contains(@class, "swal2-cancel")]</msg>
<status status="PASS" starttime="20230813 10:31:50.269" endtime="20230813 10:31:50.269"/>
</kw>
<kw name="Run Keyword And Return Status" library="BuiltIn">
<var>${passed}</var>
<arg>Element Should Be Visible</arg>
<arg>${element}</arg>
<doc>Runs the given keyword with given arguments and returns the status as a Boolean value.</doc>
<kw name="Element Should Be Visible" library="common">
<arg>${element}</arg>
<kw name="Wait For Elements State" library="Browser">
<arg>${locator}</arg>
<arg>visible</arg>
<arg>${timeout}</arg>
<arg>${message}</arg>
<tag>PageContent</tag>
<tag>Wait</tag>
<doc>Waits for the element found by ``selector`` to satisfy state option.</doc>
<msg timestamp="20230813 10:31:50.310" level="INFO">Waited for Element with selector xpath=//*[contains(@class, "swal2-cancel")] at state visible</msg>
<status status="PASS" starttime="20230813 10:31:50.269" endtime="20230813 10:31:50.310"/>
</kw>
<status status="PASS" starttime="20230813 10:31:50.269" endtime="20230813 10:31:50.311"/>
</kw>
<msg timestamp="20230813 10:31:50.311" level="INFO">${passed} = True</msg>
<status status="PASS" starttime="20230813 10:31:50.269" endtime="20230813 10:31:50.311"/>
</kw>
<if>
<branch type="IF" condition="'${passed}' == 'True'">
<kw name="Click" library="Browser">
<arg>${element}</arg>
<tag>PageContent</tag>
<tag>Setter</tag>
<doc>Simulates mouse click on the element found by ``selector``.</doc>
<status status="PASS" starttime="20230813 10:31:50.312" endtime="20230813 10:31:50.493"/>
</kw>
<status status="PASS" starttime="20230813 10:31:50.312" endtime="20230813 10:31:50.493"/>
</branch>
<status status="PASS" starttime="20230813 10:31:50.311" endtime="20230813 10:31:50.493"/>
</if>
<kw name="Wait Until Element Is Not Exist" library="common">
<arg>${element}</arg>
<kw name="Wait For Elements State" library="Browser">
<arg>${locator}</arg>
<arg>detached</arg>
<arg>${timeout}</arg>
<arg>${message}</arg>
<tag>PageContent</tag>
<tag>Wait</tag>
<doc>Waits for the element found by ``selector`` to satisfy state option.</doc>
<msg timestamp="20230813 10:31:50.738" level="INFO">Waited for Element with selector xpath=//*[contains(@class, "swal2-cancel")] at state detached</msg>
<status status="PASS" starttime="20230813 10:31:50.493" endtime="20230813 10:31:50.738"/>
</kw>
<status status="PASS" starttime="20230813 10:31:50.493" endtime="20230813 10:31:50.738"/>
</kw>
<status status="PASS" starttime="20230813 10:31:49.699" endtime="20230813 10:31:50.738"/>
</kw>
<kw name="Tear Down" library="common" type="TEARDOWN">
<kw name="Close Browser" library="Browser">
<arg>ALL</arg>
<tag>BrowserControl</tag>
<tag>Setter</tag>
<doc>Closes the current browser.</doc>
<msg timestamp="20230813 10:31:51.569" level="INFO">Closed all browsers</msg>
<status status="PASS" starttime="20230813 10:31:50.738" endtime="20230813 10:31:51.569"/>
</kw>
<status status="PASS" starttime="20230813 10:31:50.738" endtime="20230813 10:31:51.569"/>
</kw>
<status status="PASS" starttime="20230813 10:31:40.823" endtime="20230813 10:31:51.569"/>
</test>
<test id="s1-t2" name="EDS_25: Kiểm tra chỉnh sửa thông tin cửa hàng thành công khi thay đổi Số fax" line="16">
<kw name="Preconditions" type="SETUP">
<kw name="Set Browser Timeout" library="Browser">
<arg>${BROWSER_TIMEOUT}</arg>
<tag>Config</tag>
<tag>Setter</tag>
<doc>Sets the timeout used by most input and getter keywords.</doc>
<status status="PASS" starttime="20230813 10:31:51.585" endtime="20230813 10:31:51.585"/>
</kw>
<kw name="New Browser" library="Browser">
<arg>${BROWSER}</arg>
<arg>headless=${HEADLESS}</arg>
<tag>BrowserControl</tag>
<tag>Setter</tag>
<doc>Create a new playwright Browser with specified options.</doc>
<msg timestamp="20230813 10:31:51.601" level="INFO">{"browser": "chromium", "headless": false, "chromiumSandbox": false, "devtools": false, "handleSIGHUP": true, "handleSIGINT": true, "handleSIGTERM": true, "ignoreDefaultArgs": false, "slowMo": 0.0, "timeout": 30000.0, "tracesDir": "D:\\BALANCE\\vite-react-balance\\browser\\traces\\df46b93c-1caf-4dae-8615-c8d52b68e56e"}</msg>
<msg timestamp="20230813 10:31:52.897" level="INFO">Successfully created browser with options: {"browser":"chromium","headless":false,"chromiumSandbox":false,"devtools":false,"handleSIGHUP":true,"handleSIGINT":true,"handleSIGTERM":true,"ignoreDefaultArgs":false,"slowMo":0,"timeout":30000,"tracesDir":"D:\\BALANCE\\vite-react-balance\\browser\\traces\\df46b93c-1caf-4dae-8615-c8d52b68e56e"}</msg>
<status status="PASS" starttime="20230813 10:31:51.585" endtime="20230813 10:31:52.897"/>
</kw>
<kw name="New Page" library="Browser">
<arg>${URL_DEFAULT}</arg>
<tag>BrowserControl</tag>
<tag>Setter</tag>
<doc>Open a new Page.</doc>
<msg timestamp="20230813 10:31:55.652" level="INFO">Successfully initialized new page object and opened url: http://stag.balance.ari.com.vn/#/</msg>
<msg timestamp="20230813 10:31:55.652" level="INFO">No context was open. New context was automatically opened when this page is created.</msg>
<status status="PASS" starttime="20230813 10:31:52.897" endtime="20230813 10:31:55.652"/>
</kw>
<kw name="Evaluate" library="BuiltIn">
<var>${STATE}</var>
<arg>json.loads('''{}''')</arg>
<arg>json</arg>
<doc>Evaluates the given expression in Python and returns the result.</doc>
<msg timestamp="20230813 10:31:55.654" level="INFO">${STATE} = {}</msg>
<status status="PASS" starttime="20230813 10:31:55.653" endtime="20230813 10:31:55.654"/>
</kw>
<kw name="Login to Admin" library="common" sourcename="Login to ${user}">
<if>
<branch type="IF" condition="'${user}' == 'Admin'">
[...]
<status status="NOT RUN" starttime="20230813 10:32:51.253" endtime="20230813 10:32:51.253"/>
</kw>
<kw name="Convert To String" library="BuiltIn">
<var>${new_text}</var>
<arg>${new_text}</arg>
<doc>Converts the given item to a Unicode string.</doc>
<status status="NOT RUN" starttime="20230813 10:32:51.254" endtime="20230813 10:32:51.254"/>
</kw>
<status status="NOT RUN" starttime="20230813 10:32:51.252" endtime="20230813 10:32:51.254"/>
</branch>
<branch type="ELSE IF" condition="${cnt} &gt; 0 and '${type}' == 'fax_7'">
<kw name="Random Int" library="FakerLibrary">
<var>${new_text}</var>
<arg>min=0000000</arg>
<arg>max=9999999</arg>
<doc>Generate a random integer between two integers ``min`` and ``max`` inclusive
while observing the provided ``step`` value.</doc>
<status status="NOT RUN" starttime="20230813 10:32:51.255" endtime="20230813 10:32:51.256"/>
</kw>
<kw name="Convert To String" library="BuiltIn">
<var>${new_text}</var>
<arg>${new_text}</arg>
<doc>Converts the given item to a Unicode string.</doc>
<status status="NOT RUN" starttime="20230813 10:32:51.256" endtime="20230813 10:32:51.257"/>
</kw>
<status status="NOT RUN" starttime="20230813 10:32:51.255" endtime="20230813 10:32:51.257"/>
</branch>
<branch type="ELSE IF" condition="${cnt} &gt; 0 and '${type}' == 'fax_valid'">
<kw name="Random Int" library="FakerLibrary">
<var>${new_text}</var>
<arg>min=00000000</arg>
<arg>max=99999999</arg>
<doc>Generate a random integer between two integers ``min`` and ``max`` inclusive
while observing the provided ``step`` value.</doc>
<status status="NOT RUN" starttime="20230813 10:32:51.258" endtime="20230813 10:32:51.258"/>
</kw>
<kw name="Convert To String" library="BuiltIn">
<var>${new_text}</var>
<arg>${new_text}</arg>
<doc>Converts the given item to a Unicode string.</doc>
<status status="NOT RUN" starttime="20230813 10:32:51.259" endtime="20230813 10:32:51.259"/>
</kw>
<status status="NOT RUN" starttime="20230813 10:32:51.257" endtime="20230813 10:32:51.259"/>
</branch>
<branch type="ELSE IF" condition="${cnt} &gt; 0 and '${type}' == 'fax_invalid'">
<kw name="Random Int" library="FakerLibrary">
<var>${new_text}</var>
<arg>min=1000000000000</arg>
<arg>max=9999999999999</arg>
<doc>Generate a random integer between two integers ``min`` and ``max`` inclusive
while observing the provided ``step`` value.</doc>
<status status="NOT RUN" starttime="20230813 10:32:51.260" endtime="20230813 10:32:51.261"/>
</kw>
<kw name="Convert To String" library="BuiltIn">
<var>${new_text}</var>
<arg>${new_text}</arg>
<doc>Converts the given item to a Unicode string.</doc>
<status status="NOT RUN" starttime="20230813 10:32:51.261" endtime="20230813 10:32:51.261"/>
</kw>
<status status="NOT RUN" starttime="20230813 10:32:51.260" endtime="20230813 10:32:51.262"/>
</branch>
<branch type="ELSE IF" condition="${cnt} &gt; 0 and '${type}' == 'number'">
<kw name="Random Int" library="FakerLibrary">
<var>${new_text}</var>
<arg>min=55555555</arg>
<arg>max=999999999999</arg>
<doc>Generate a random integer between two integers ``min`` and ``max`` inclusive
while observing the provided ``step`` value.</doc>
<status status="NOT RUN" starttime="20230813 10:32:51.263" endtime="20230813 10:32:51.263"/>
</kw>
<kw name="Convert To String" library="BuiltIn">
<var>${new_text}</var>
<arg>${new_text}</arg>
<doc>Converts the given item to a Unicode string.</doc>
<status status="NOT RUN" starttime="20230813 10:32:51.263" endtime="20230813 10:32:51.264"/>
</kw>
<status status="NOT RUN" starttime="20230813 10:32:51.262" endtime="20230813 10:32:51.264"/>
</branch>
<branch type="ELSE IF" condition="${cnt} &gt; 0 and '${type}' == 'otp'">
<kw name="Random Int" library="FakerLibrary">
<var>${new_text}</var>
<arg>min=100000</arg>
<arg>max=999999</arg>
<doc>Generate a random integer between two integers ``min`` and ``max`` inclusive
while observing the provided ``step`` value.</doc>
<status status="NOT RUN" starttime="20230813 10:32:51.265" endtime="20230813 10:32:51.265"/>
</kw>
<kw name="Convert To String" library="BuiltIn">
<var>${new_text}</var>
<arg>${new_text}</arg>
<doc>Converts the given item to a Unicode string.</doc>
<status status="NOT RUN" starttime="20230813 10:32:51.265" endtime="20230813 10:32:51.266"/>
</kw>
<status status="NOT RUN" starttime="20230813 10:32:51.264" endtime="20230813 10:32:51.266"/>
</branch>
<branch type="ELSE IF" condition="${cnt} &gt; 0 and '${type}' == 'color'">
<kw name="Safe Hex Color" library="FakerLibrary">
<var>${new_text}</var>
<doc>Generate a web-safe color formatted as a hex triplet.</doc>
<status status="NOT RUN" starttime="20230813 10:32:51.267" endtime="20230813 10:32:51.267"/>
</kw>
<status status="NOT RUN" starttime="20230813 10:32:51.266" endtime="20230813 10:32:51.268"/>
</branch>
<branch type="ELSE IF" condition="${cnt} &gt; 0 and '${type}' == 'date'">
<kw name="Date" library="FakerLibrary">
<var>${new_text}</var>
<arg>pattern=%d-%m-%Y</arg>
<doc>Get a date string between January 1, 1970 and now.</doc>
<status status="NOT RUN" starttime="20230813 10:32:51.268" endtime="20230813 10:32:51.269"/>
</kw>
<status status="NOT RUN" starttime="20230813 10:32:51.268" endtime="20230813 10:32:51.269"/>
</branch>
<branch type="ELSE IF" condition="${cnt} &gt; 0 and '${type}' == 'word'">
<kw name="Sentence" library="FakerLibrary">
<var>${new_text}</var>
<arg>nb_words=500</arg>
<doc>Generate a sentence.</doc>
<status status="NOT RUN" starttime="20230813 10:32:51.270" endtime="20230813 10:32:51.270"/>
</kw>
<status status="NOT RUN" starttime="20230813 10:32:51.269" endtime="20230813 10:32:51.270"/>
</branch>
<branch type="ELSE IF" condition="${cnt} &gt; 0">
<kw name="Sentence" library="FakerLibrary">
<var>${new_text}</var>
<doc>Generate a sentence.</doc>
<status status="NOT RUN" starttime="20230813 10:32:51.271" endtime="20230813 10:32:51.271"/>
</kw>
<status status="NOT RUN" starttime="20230813 10:32:51.270" endtime="20230813 10:32:51.271"/>
</branch>
<status status="PASS" starttime="20230813 10:32:51.228" endtime="20230813 10:32:51.272"/>
</if>
<kw name="Get Length" library="BuiltIn">
<var>${cnt}</var>
<arg>${text}</arg>
<doc>Returns and logs the length of the given item as an integer.</doc>
<msg timestamp="20230813 10:32:51.273" level="INFO">Length is 8</msg>
<msg timestamp="20230813 10:32:51.273" level="INFO">${cnt} = 8</msg>
<status status="PASS" starttime="20230813 10:32:51.272" endtime="20230813 10:32:51.273"/>
</kw>
<if>
<branch type="IF" condition="${cnt} &gt; 0">
<kw name="Replace String" library="String">
<var>${text}</var>
<arg>${text}</arg>
<arg>${symbol}</arg>
<arg>${new_text}</arg>
<doc>Replaces ``search_for`` in the given ``string`` with ``replace_with``.</doc>
<msg timestamp="20230813 10:32:51.276" level="INFO">${text} = Facilis eligendi debitis tempore soluta. Tempore quae eum fugiat recusandae cupiditate repellat nulla. Et iusto dolorum explicabo natus.</msg>
<status status="PASS" starttime="20230813 10:32:51.276" endtime="20230813 10:32:51.276"/>
</kw>
<status status="PASS" starttime="20230813 10:32:51.274" endtime="20230813 10:32:51.276"/>
</branch>
<status status="PASS" starttime="20230813 10:32:51.274" endtime="20230813 10:32:51.278"/>
</if>
<msg timestamp="20230813 10:32:51.278" level="INFO">${text} = Facilis eligendi debitis tempore soluta. Tempore quae eum fugiat recusandae cupiditate repellat nulla. Et iusto dolorum explicabo natus.</msg>
<status status="PASS" starttime="20230813 10:32:51.216" endtime="20230813 10:32:51.278"/>
</kw>
<kw name="Get Element Form Item By Name" library="common">
<var>${element}</var>
<arg>${name}</arg>
<arg>//textarea</arg>
<msg timestamp="20230813 10:32:51.280" level="INFO">${element} = xpath=//*[contains(@class, "ant-form-item-label")]/label[text()="Ghi chú"]/../../*[contains(@class, "ant-form-item")]//textarea</msg>
<status status="PASS" starttime="20230813 10:32:51.279" endtime="20230813 10:32:51.280"/>
</kw>
<kw name="Clear Text" library="Browser">
<arg>${element}</arg>
<tag>PageContent</tag>
<tag>Setter</tag>
<doc>Clears the text field found by ``selector``.</doc>
<status status="PASS" starttime="20230813 10:32:51.281" endtime="20230813 10:32:52.211"/>
</kw>
<kw name="Fill Text" library="Browser">
<arg>${element}</arg>
<arg>${text}</arg>
<tag>PageContent</tag>
<tag>Setter</tag>
<doc>Clears and fills the given ``txt`` into the text field found by ``selector``.</doc>
<msg timestamp="20230813 10:32:52.212" level="INFO">Fills the text 'Facilis eligendi debitis tempore soluta. Tempore quae eum fugiat recusandae cupiditate repellat nulla. Et iusto dolorum explicabo natus.' in the given field.</msg>
<status status="PASS" starttime="20230813 10:32:52.211" endtime="20230813 10:32:52.260"/>
</kw>
<kw name="Get Length" library="BuiltIn">
<var>${cnt}</var>
<arg>${text}</arg>
<doc>Returns and logs the length of the given item as an integer.</doc>
<msg timestamp="20230813 10:32:52.275" level="INFO">Length is 136</msg>
<msg timestamp="20230813 10:32:52.275" level="INFO">${cnt} = 136</msg>
<status status="PASS" starttime="20230813 10:32:52.260" endtime="20230813 10:32:52.275"/>
</kw>
<if>
<branch type="IF" condition="${cnt} &gt; 0">
<kw name="Set Global Variable" library="BuiltIn">
<arg>${STATE["${name}"]}</arg>
<arg>${text}</arg>
<doc>Makes a variable available globally in all tests and suites.</doc>
<msg timestamp="20230813 10:32:52.275" level="INFO">${STATE["Ghi chú"]} = Facilis eligendi debitis tempore soluta. Tempore quae eum fugiat recusandae cupiditate repellat nulla. Et iusto dolorum explicabo natus.</msg>
<status status="PASS" starttime="20230813 10:32:52.275" endtime="20230813 10:32:52.275"/>
</kw>
<status status="PASS" starttime="20230813 10:32:52.275" endtime="20230813 10:32:52.275"/>
</branch>
<status status="PASS" starttime="20230813 10:32:52.275" endtime="20230813 10:32:52.275"/>
</if>
<status status="PASS" starttime="20230813 10:32:51.215" endtime="20230813 10:32:52.275"/>
</kw>
<kw name="And Click &quot;Lưu&quot; button" library="common" sourcename="Click &quot;${text}&quot; button">
<kw name="Click" library="Browser">
<arg>xpath=//button[contains(text(),'${text}')]</arg>
<tag>PageContent</tag>
<tag>Setter</tag>
<doc>Simulates mouse click on the element found by ``selector``.</doc>
<status status="PASS" starttime="20230813 10:32:52.275" endtime="20230813 10:32:52.578"/>
</kw>
<kw name="Click Confirm To Action" library="common">
<kw name="Set Variable" library="BuiltIn">
<var>${element}</var>
<arg>xpath=//*[contains(@class, "ant-popover")]//*[contains(@class, "ant-btn-primary")]</arg>
<doc>Returns the given values which can then be assigned to a variables.</doc>
<msg timestamp="20230813 10:32:52.578" level="INFO">${element} = xpath=//*[contains(@class, "ant-popover")]//*[contains(@class, "ant-btn-primary")]</msg>
<status status="PASS" starttime="20230813 10:32:52.578" endtime="20230813 10:32:52.578"/>
</kw>
<kw name="Get Element Count" library="Browser">
<var>${count}</var>
<arg>${element}</arg>
<tag>Assertion</tag>
<tag>Getter</tag>
<tag>PageContent</tag>
<doc>Returns the count of elements found with ``selector``.</doc>
<msg timestamp="20230813 10:32:52.578" level="INFO">${count} = 0</msg>
<status status="PASS" starttime="20230813 10:32:52.578" endtime="20230813 10:32:52.578"/>
</kw>
<if>
<branch type="IF" condition="${count} &gt; 0">
<kw name="Click" library="Browser">
<arg>${element}</arg>
<tag>PageContent</tag>
<tag>Setter</tag>
<doc>Simulates mouse click on the element found by ``selector``.</doc>
<status status="NOT RUN" starttime="20230813 10:32:52.578" endtime="20230813 10:32:52.578"/>
</kw>
<kw name="Sleep" library="BuiltIn">
<arg>${SHOULD_TIMEOUT}</arg>
<doc>Pauses the test executed for the given time.</doc>
<status status="NOT RUN" starttime="20230813 10:32:52.593" endtime="20230813 10:32:52.593"/>
</kw>
<status status="NOT RUN" starttime="20230813 10:32:52.578" endtime="20230813 10:32:52.593"/>
</branch>
<status status="PASS" starttime="20230813 10:32:52.578" endtime="20230813 10:32:52.593"/>
</if>
<status status="PASS" starttime="20230813 10:32:52.578" endtime="20230813 10:32:52.593"/>
</kw>
<kw name="Scroll By" library="Browser">
<arg>${None}</arg>
<tag>PageContent</tag>
<tag>Setter</tag>
<doc>Scrolls an element or the page relative from current position by the given values.</doc>
<msg timestamp="20230813 10:32:52.608" level="INFO">JavaScript executed successfully.</msg>
<msg timestamp="20230813 10:32:52.608" level="INFO">JavaScript executed successfully.</msg>
<msg timestamp="20230813 10:32:52.807" level="INFO">JavaScript executed successfully.</msg>
<msg timestamp="20230813 10:32:52.807" level="INFO">JavaScript executed successfully.</msg>
<msg timestamp="20230813 10:32:53.045" level="INFO">JavaScript executed successfully.</msg>
<status status="PASS" starttime="20230813 10:32:52.593" endtime="20230813 10:32:53.045"/>
</kw>
<status status="PASS" starttime="20230813 10:32:52.275" endtime="20230813 10:32:53.045"/>
</kw>
<kw name="Then User look message &quot;Chỉnh sửa cửa hàng thành công.&quot; popup" library="common" sourcename="User look message &quot;${message}&quot; popup">
<kw name="Get Regexp Matches" library="String">
<var>${contains}</var>
<arg>${message}</arg>
<arg>_@(.+)@_</arg>
<arg>1</arg>
<doc>Returns a list of all non-overlapping matches in the given string.</doc>
<msg timestamp="20230813 10:32:53.053" level="INFO">${contains} = []</msg>
<status status="PASS" starttime="20230813 10:32:53.052" endtime="20230813 10:32:53.053"/>
</kw>
<kw name="Get Length" library="BuiltIn">
<var>${cnt}</var>
<arg>${contains}</arg>
<doc>Returns and logs the length of the given item as an integer.</doc>
<msg timestamp="20230813 10:32:53.054" level="INFO">Length is 0</msg>
<msg timestamp="20230813 10:32:53.055" level="INFO">${cnt} = 0</msg>
<status status="PASS" starttime="20230813 10:32:53.053" endtime="20230813 10:32:53.057"/>
</kw>
<if>
<branch type="IF" condition="${cnt} &gt; 0">
<kw name="Replace String" library="String">
<var>${message}</var>
<arg>${message}</arg>
<arg>_@${contains[0]}@_</arg>
<arg>${STATE["${contains[0]}"]}</arg>
<doc>Replaces ``search_for`` in the given ``string`` with ``replace_with``.</doc>
<status status="NOT RUN" starttime="20230813 10:32:53.063" endtime="20230813 10:32:53.063"/>
</kw>
<status status="NOT RUN" starttime="20230813 10:32:53.061" endtime="20230813 10:32:53.063"/>
</branch>
<status status="PASS" starttime="20230813 10:32:53.060" endtime="20230813 10:32:53.064"/>
</if>
<kw name="Element Text Should Be" library="common">
<arg>id=swal2-html-container</arg>
<arg>${message}</arg>
<kw name="Get Text" library="Browser">
<arg>${locator}</arg>
<arg>equal</arg>
<arg>${expected}</arg>
<arg>${message}</arg>
<tag>Assertion</tag>
<tag>Getter</tag>
<tag>PageContent</tag>
<doc>Returns text attribute of the element found by ``selector``.</doc>
<msg timestamp="20230813 10:32:53.221" level="INFO">Text: 'Chỉnh sửa cửa hàng thành công.'</msg>
<status status="PASS" starttime="20230813 10:32:53.074" endtime="20230813 10:32:53.221"/>
</kw>
<status status="PASS" starttime="20230813 10:32:53.065" endtime="20230813 10:32:53.221"/>
</kw>
<kw name="Set Variable" library="BuiltIn">
<var>${element}</var>
<arg>xpath=//*[contains(@class, "swal2-cancel")]</arg>
<doc>Returns the given values which can then be assigned to a variables.</doc>
<msg timestamp="20230813 10:32:53.221" level="INFO">${element} = xpath=//*[contains(@class, "swal2-cancel")]</msg>
<status status="PASS" starttime="20230813 10:32:53.221" endtime="20230813 10:32:53.221"/>
</kw>
<kw name="Run Keyword And Return Status" library="BuiltIn">
<var>${passed}</var>
<arg>Element Should Be Visible</arg>
<arg>${element}</arg>
<doc>Runs the given keyword with given arguments and returns the status as a Boolean value.</doc>
<kw name="Element Should Be Visible" library="common">
<arg>${element}</arg>
<kw name="Wait For Elements State" library="Browser">
<arg>${locator}</arg>
<arg>visible</arg>
<arg>${timeout}</arg>
<arg>${message}</arg>
<tag>PageContent</tag>
<tag>Wait</tag>
<doc>Waits for the element found by ``selector`` to satisfy state option.</doc>
<msg timestamp="20230813 10:32:53.252" level="INFO">Waited for Element with selector xpath=//*[contains(@class, "swal2-cancel")] at state visible</msg>
<status status="PASS" starttime="20230813 10:32:53.236" endtime="20230813 10:32:53.252"/>
</kw>
<status status="PASS" starttime="20230813 10:32:53.221" endtime="20230813 10:32:53.252"/>
</kw>
<msg timestamp="20230813 10:32:53.252" level="INFO">${passed} = True</msg>
<status status="PASS" starttime="20230813 10:32:53.221" endtime="20230813 10:32:53.252"/>
</kw>
<if>
<branch type="IF" condition="'${passed}' == 'True'">
<kw name="Click" library="Browser">
<arg>${element}</arg>
<tag>PageContent</tag>
<tag>Setter</tag>
<doc>Simulates mouse click on the element found by ``selector``.</doc>
<status status="PASS" starttime="20230813 10:32:53.268" endtime="20230813 10:32:53.455"/>
</kw>
<status status="PASS" starttime="20230813 10:32:53.268" endtime="20230813 10:32:53.455"/>
</branch>
<status status="PASS" starttime="20230813 10:32:53.252" endtime="20230813 10:32:53.455"/>
</if>
<kw name="Wait Until Element Is Not Exist" library="common">
<arg>${element}</arg>
<kw name="Wait For Elements State" library="Browser">
<arg>${locator}</arg>
<arg>detached</arg>
<arg>${timeout}</arg>
<arg>${message}</arg>
<tag>PageContent</tag>
<tag>Wait</tag>
<doc>Waits for the element found by ``selector`` to satisfy state option.</doc>
<msg timestamp="20230813 10:32:53.699" level="INFO">Waited for Element with selector xpath=//*[contains(@class, "swal2-cancel")] at state detached</msg>
<status status="PASS" starttime="20230813 10:32:53.455" endtime="20230813 10:32:53.699"/>
</kw>
<status status="PASS" starttime="20230813 10:32:53.455" endtime="20230813 10:32:53.699"/>
</kw>
<status status="PASS" starttime="20230813 10:32:53.049" endtime="20230813 10:32:53.699"/>
</kw>
<kw name="Tear Down" library="common" type="TEARDOWN">
<kw name="Close Browser" library="Browser">
<arg>ALL</arg>
<tag>BrowserControl</tag>
<tag>Setter</tag>
<doc>Closes the current browser.</doc>
<msg timestamp="20230813 10:32:54.370" level="INFO">Closed all browsers</msg>
<status status="PASS" starttime="20230813 10:32:53.699" endtime="20230813 10:32:54.370"/>
</kw>
<status status="PASS" starttime="20230813 10:32:53.699" endtime="20230813 10:32:54.370"/>
</kw>
<status status="PASS" starttime="20230813 10:32:44.134" endtime="20230813 10:32:54.370"/>
</test>
<status status="PASS" starttime="20230813 10:31:38.467" endtime="20230813 10:32:54.389"/>
</suite>
<statistics>
<total>
<stat pass="7" fail="0" skip="0">All Tests</stat>
</total>
<tag>
</tag>
<suite>
<stat pass="7" fail="0" skip="0" id="s1" name="Admin Edit Store">Admin Edit Store</stat>
</suite>
</statistics>
<errors>
<msg timestamp="20230813 10:31:47.673" level="WARN">Some `Click` keyword arguments are deprecated. Use `Click With Options` instead.
Used deprecated args: clickCount</msg>
<msg timestamp="20230813 10:31:57.820" level="WARN">Some `Click` keyword arguments are deprecated. Use `Click With Options` instead.
Used deprecated args: clickCount</msg>
<msg timestamp="20230813 10:32:07.765" level="WARN">Some `Click` keyword arguments are deprecated. Use `Click With Options` instead.
Used deprecated args: clickCount</msg>
<msg timestamp="20230813 10:32:20.362" level="WARN">Some `Click` keyword arguments are deprecated. Use `Click With Options` instead.
Used deprecated args: clickCount</msg>
<msg timestamp="20230813 10:32:30.571" level="WARN">Some `Click` keyword arguments are deprecated. Use `Click With Options` instead.
Used deprecated args: clickCount</msg>
<msg timestamp="20230813 10:32:40.515" level="WARN">Some `Click` keyword arguments are deprecated. Use `Click With Options` instead.
Used deprecated args: clickCount</msg>
<msg timestamp="20230813 10:32:50.460" level="WARN">Some `Click` keyword arguments are deprecated. Use `Click With Options` instead.
Used deprecated args: clickCount</msg>
</errors>
</robot>
