<?xml version="1.0" encoding="UTF-8"?>
<robot generator="Robot 6.1.1 (Python 3.11.4 on win32)" generated="20230811 20:08:54.875" rpa="false" schemaversion="4">
<suite id="s1" name="Login" source="D:\BALANCE\vite-react-balance\test\testcases\login.robot">
<test id="s1-t1" name="LG_19: Verify displays the password" line="165">
<kw name="Setup" library="common" type="SETUP">
<kw name="Set Browser Timeout" library="Browser">
<arg>${BROWSER_TIMEOUT}</arg>
<tag>Config</tag>
<tag>Setter</tag>
<doc>Sets the timeout used by most input and getter keywords.</doc>
<status status="PASS" starttime="20230811 20:09:00.708" endtime="20230811 20:09:00.723"/>
</kw>
<kw name="New Browser" library="Browser">
<arg>${BROWSER}</arg>
<arg>headless=${HEADLESS}</arg>
<tag>BrowserControl</tag>
<tag>Setter</tag>
<doc>Create a new playwright Browser with specified options.</doc>
<msg timestamp="20230811 20:09:00.727" level="INFO">{"browser": "chromium", "headless": false, "chromiumSandbox": false, "devtools": false, "handleSIGHUP": true, "handleSIGINT": true, "handleSIGTERM": true, "ignoreDefaultArgs": false, "slowMo": 0.0, "timeout": 30000.0, "tracesDir": "D:\\BALANCE\\vite-react-balance\\browser\\traces\\39172922-2a4d-4f57-a1eb-28bbfb4fd8b8"}</msg>
<msg timestamp="20230811 20:09:02.590" level="INFO">Successfully created browser with options: {"browser":"chromium","headless":false,"chromiumSandbox":false,"devtools":false,"handleSIGHUP":true,"handleSIGINT":true,"handleSIGTERM":true,"ignoreDefaultArgs":false,"slowMo":0,"timeout":30000,"tracesDir":"D:\\BALANCE\\vite-react-balance\\browser\\traces\\39172922-2a4d-4f57-a1eb-28bbfb4fd8b8"}</msg>
<status status="PASS" starttime="20230811 20:09:00.725" endtime="20230811 20:09:02.590"/>
</kw>
<kw name="New Page" library="Browser">
<arg>${URL_DEFAULT}</arg>
<tag>BrowserControl</tag>
<tag>Setter</tag>
<doc>Open a new Page.</doc>
<msg timestamp="20230811 20:09:06.446" level="INFO">Successfully initialized new page object and opened url: http://stag.balance.ari.com.vn/#/</msg>
<msg timestamp="20230811 20:09:06.446" level="INFO">No context was open. New context was automatically opened when this page is created.</msg>
<status status="PASS" starttime="20230811 20:09:02.590" endtime="20230811 20:09:06.447"/>
</kw>
<kw name="Evaluate" library="BuiltIn">
<var>${STATE}</var>
<arg>json.loads('''{}''')</arg>
<arg>json</arg>
<doc>Evaluates the given expression in Python and returns the result.</doc>
<msg timestamp="20230811 20:09:06.448" level="INFO">${STATE} = {}</msg>
<status status="PASS" starttime="20230811 20:09:06.448" endtime="20230811 20:09:06.448"/>
</kw>
<status status="PASS" starttime="20230811 20:09:00.692" endtime="20230811 20:09:06.448"/>
</kw>
<kw name="When Enter &quot;text&quot; in &quot;Mật khẩu&quot; with &quot;_RANDOM_&quot;" library="common" sourcename="Enter &quot;${type}&quot; in &quot;${name}&quot; with &quot;${text}&quot;">
<kw name="Get Random Text" library="common">
<var>${text}</var>
<arg>${type}</arg>
<arg>${text}</arg>
<kw name="Set Variable" library="BuiltIn">
<var>${symbol}</var>
<arg>_RANDOM_</arg>
<doc>Returns the given values which can then be assigned to a variables.</doc>
<msg timestamp="20230811 20:09:06.448" level="INFO">${symbol} = _RANDOM_</msg>
<status status="PASS" starttime="20230811 20:09:06.448" endtime="20230811 20:09:06.448"/>
</kw>
<kw name="Set Variable" library="BuiltIn">
<var>${new_text}</var>
<doc>Returns the given values which can then be assigned to a variables.</doc>
<msg timestamp="20230811 20:09:06.448" level="INFO">${new_text} = </msg>
<status status="PASS" starttime="20230811 20:09:06.448" endtime="20230811 20:09:06.448"/>
</kw>
<kw name="Get Regexp Matches" library="String">
<var>${containsS}</var>
<arg>${text}</arg>
<arg>_@(.+)@_</arg>
<arg>1</arg>
<doc>Returns a list of all non-overlapping matches in the given string.</doc>
<msg timestamp="20230811 20:09:06.448" level="INFO">${containsS} = []</msg>
<status status="PASS" starttime="20230811 20:09:06.448" endtime="20230811 20:09:06.448"/>
</kw>
<kw name="Get Length" library="BuiltIn">
<var>${cntS}</var>
<arg>${containsS}</arg>
<doc>Returns and logs the length of the given item as an integer.</doc>
<msg timestamp="20230811 20:09:06.448" level="INFO">Length is 0</msg>
<msg timestamp="20230811 20:09:06.448" level="INFO">${cntS} = 0</msg>
<status status="PASS" starttime="20230811 20:09:06.448" endtime="20230811 20:09:06.448"/>
</kw>
<kw name="Get Regexp Matches" library="String">
<var>${contains}</var>
<arg>${text}</arg>
<arg>${symbol}</arg>
<doc>Returns a list of all non-overlapping matches in the given string.</doc>
<msg timestamp="20230811 20:09:06.463" level="INFO">${contains} = ['_RANDOM_']</msg>
<status status="PASS" starttime="20230811 20:09:06.448" endtime="20230811 20:09:06.463"/>
</kw>
<kw name="Get Length" library="BuiltIn">
<var>${cnt}</var>
<arg>${contains}</arg>
<doc>Returns and logs the length of the given item as an integer.</doc>
<msg timestamp="20230811 20:09:06.463" level="INFO">Length is 1</msg>
<msg timestamp="20230811 20:09:06.463" level="INFO">${cnt} = 1</msg>
<status status="PASS" starttime="20230811 20:09:06.463" endtime="20230811 20:09:06.463"/>
</kw>
<if>
<branch type="IF" condition="${cntS} &gt; 0">
<kw name="Set Variable" library="BuiltIn">
<var>${new_text}</var>
<arg>${STATE["${containsS[0]}"]}</arg>
<doc>Returns the given values which can then be assigned to a variables.</doc>
<status status="NOT RUN" starttime="20230811 20:09:06.463" endtime="20230811 20:09:06.463"/>
</kw>
<kw name="Set Variable" library="BuiltIn">
<var>${symbol}</var>
<arg>_@${containsS[0]}@_</arg>
<doc>Returns the given values which can then be assigned to a variables.</doc>
<status status="NOT RUN" starttime="20230811 20:09:06.463" endtime="20230811 20:09:06.463"/>
</kw>
<status status="NOT RUN" starttime="20230811 20:09:06.463" endtime="20230811 20:09:06.463"/>
</branch>
<branch type="ELSE IF" condition="${cnt} &gt; 0 and '${type}' == 'fullname'">
<kw name="Name" library="FakerLibrary">
<var>${new_text}</var>
<doc>:example: 'John Doe'</doc>
<status status="NOT RUN" starttime="20230811 20:09:06.463" endtime="20230811 20:09:06.463"/>
</kw>
<status status="NOT RUN" starttime="20230811 20:09:06.463" endtime="20230811 20:09:06.463"/>
</branch>
<branch type="ELSE IF" condition="${cnt} &gt; 0 and '${type}' == 'test name'">
<kw name="Sentence" library="FakerLibrary">
<var>${random}</var>
<arg>nb_words=3</arg>
<doc>Generate a sentence.</doc>
<status status="NOT RUN" starttime="20230811 20:09:06.463" endtime="20230811 20:09:06.463"/>
</kw>
<kw name="Split String" library="String">
<var>${words}</var>
<arg>${TEST NAME}</arg>
<arg>${SPACE}</arg>
<doc>Splits the ``string`` using ``separator`` as a delimiter string.</doc>
<status status="NOT RUN" starttime="20230811 20:09:06.463" endtime="20230811 20:09:06.463"/>
</kw>
<kw name="Set Variable" library="BuiltIn">
<var>${new_text}</var>
<arg>${words[0]} ${random}</arg>
<doc>Returns the given values which can then be assigned to a variables.</doc>
<status status="NOT RUN" starttime="20230811 20:09:06.463" endtime="20230811 20:09:06.463"/>
</kw>
<status status="NOT RUN" starttime="20230811 20:09:06.463" endtime="20230811 20:09:06.463"/>
</branch>
<branch type="ELSE IF" condition="${cnt} &gt; 0 and '${type}' == 'name code'">
<kw name="Random Int" library="FakerLibrary">
<var>${random}</var>
<arg>min=00000</arg>
<arg>max=99999</arg>
<doc>Generate a random integer between two integers ``min`` and ``max`` inclusive
while observing the provided ``step`` value.</doc>
<status status="NOT RUN" starttime="20230811 20:09:06.463" endtime="20230811 20:09:06.463"/>
</kw>
<kw name="Set Variable" library="BuiltIn">
<var>${name}</var>
<arg>USR</arg>
<doc>Returns the given values which can then be assigned to a variables.</doc>
<status status="NOT RUN" starttime="20230811 20:09:06.463" endtime="20230811 20:09:06.463"/>
</kw>
<kw name="Set Variable" library="BuiltIn">
<var>${new_text}</var>
<arg>${name}${random}</arg>
<doc>Returns the given values which can then be assigned to a variables.</doc>
<status status="NOT RUN" starttime="20230811 20:09:06.463" endtime="20230811 20:09:06.463"/>
</kw>
<status status="NOT RUN" starttime="20230811 20:09:06.463" endtime="20230811 20:09:06.463"/>
</branch>
<branch type="ELSE IF" condition="${cnt} &gt; 0 and '${type}' == 'phone_invalid'">
<kw name="Random Int" library="FakerLibrary">
<var>${new_text}</var>
<arg>min=1000000000000</arg>
<arg>max=9999999999999</arg>
<doc>Generate a random integer between two integers ``min`` and ``max`` inclusive
while observing the provided ``step`` value.</doc>
<status status="NOT RUN" starttime="20230811 20:09:06.463" endtime="20230811 20:09:06.463"/>
</kw>
<kw name="Convert To String" library="BuiltIn">
<var>${new_text}</var>
<arg>${new_text}</arg>
<doc>Converts the given item to a Unicode string.</doc>
<status status="NOT RUN" starttime="20230811 20:09:06.463" endtime="20230811 20:09:06.463"/>
</kw>
<status status="NOT RUN" starttime="20230811 20:09:06.463" endtime="20230811 20:09:06.463"/>
</branch>
<branch type="ELSE IF" condition="${cnt} &gt; 0 and '${type}' == 'percentage'">
<kw name="Random Int" library="FakerLibrary">
<var>${new_text}</var>
<arg>max=100</arg>
<doc>Generate a random integer between two integers ``min`` and ``max`` inclusive
while observing the provided ``step`` value.</doc>
<status status="NOT RUN" starttime="20230811 20:09:06.463" endtime="20230811 20:09:06.463"/>
</kw>
<kw name="Convert To String" library="BuiltIn">
<var>${new_text}</var>
<arg>${new_text}</arg>
<doc>Converts the given item to a Unicode string.</doc>
<status status="NOT RUN" starttime="20230811 20:09:06.479" endtime="20230811 20:09:06.479"/>
</kw>
<status status="NOT RUN" starttime="20230811 20:09:06.463" endtime="20230811 20:09:06.479"/>
</branch>
<branch type="ELSE IF" condition="${cnt} &gt; 0 and '${type}' == 'paragraph'">
<kw name="Paragraph" library="FakerLibrary">
<var>${new_text}</var>
<doc>Generate a paragraph.</doc>
<status status="NOT RUN" starttime="20230811 20:09:06.481" endtime="20230811 20:09:06.481"/>
</kw>
<status status="NOT RUN" starttime="20230811 20:09:06.479" endtime="20230811 20:09:06.481"/>
</branch>
<branch type="ELSE IF" condition="${cnt} &gt; 0 and '${type}' == 'email'">
<kw name="Email" library="FakerLibrary">
<var>${new_text}</var>
<status status="NOT RUN" starttime="20230811 20:09:06.483" endtime="20230811 20:09:06.483"/>
</kw>
<status status="NOT RUN" starttime="20230811 20:09:06.482" endtime="20230811 20:09:06.484"/>
</branch>
<branch type="ELSE IF" condition="${cnt} &gt; 0 and '${type}' == 'phone'">
<kw name="Random Int" library="FakerLibrary">
<var>${new_text}</var>
<arg>min=55555555</arg>
<arg>max=999999999999</arg>
<doc>Generate a random integer between two integers ``min`` and ``max`` inclusive
while observing the provided ``step`` value.</doc>
<status status="NOT RUN" starttime="20230811 20:09:06.485" endtime="20230811 20:09:06.486"/>
</kw>
<kw name="Convert To String" library="BuiltIn">
<var>${new_text}</var>
<arg>${new_text}</arg>
<doc>Converts the given item to a Unicode string.</doc>
<status status="NOT RUN" starttime="20230811 20:09:06.486" endtime="20230811 20:09:06.486"/>
</kw>
<status status="NOT RUN" starttime="20230811 20:09:06.484" endtime="20230811 20:09:06.487"/>
</branch>
<branch type="ELSE IF" condition="${cnt} &gt; 0 and '${type}' == 'number'">
<kw name="Random Int" library="FakerLibrary">
<var>${new_text}</var>
<arg>min=55555555</arg>
<arg>max=999999999999</arg>
<doc>Generate a random integer between two integers ``min`` and ``max`` inclusive
while observing the provided ``step`` value.</doc>
<status status="NOT RUN" starttime="20230811 20:09:06.488" endtime="20230811 20:09:06.488"/>
</kw>
<kw name="Convert To String" library="BuiltIn">
<var>${new_text}</var>
<arg>${new_text}</arg>
<doc>Converts the given item to a Unicode string.</doc>
<status status="NOT RUN" starttime="20230811 20:09:06.489" endtime="20230811 20:09:06.490"/>
</kw>
<status status="NOT RUN" starttime="20230811 20:09:06.487" endtime="20230811 20:09:06.490"/>
</branch>
<branch type="ELSE IF" condition="${cnt} &gt; 0 and '${type}' == 'otp'">
<kw name="Random Int" library="FakerLibrary">
<var>${new_text}</var>
<arg>min=100000</arg>
<arg>max=999999</arg>
<doc>Generate a random integer between two integers ``min`` and ``max`` inclusive
while observing the provided ``step`` value.</doc>
<status status="NOT RUN" starttime="20230811 20:09:06.492" endtime="20230811 20:09:06.492"/>
</kw>
<kw name="Convert To String" library="BuiltIn">
<var>${new_text}</var>
<arg>${new_text}</arg>
<doc>Converts the given item to a Unicode string.</doc>
<status status="NOT RUN" starttime="20230811 20:09:06.494" endtime="20230811 20:09:06.495"/>
</kw>
<status status="NOT RUN" starttime="20230811 20:09:06.491" endtime="20230811 20:09:06.495"/>
</branch>
<branch type="ELSE IF" condition="${cnt} &gt; 0 and '${type}' == 'color'">
<kw name="Safe Hex Color" library="FakerLibrary">
<var>${new_text}</var>
<doc>Generate a web-safe color formatted as a hex triplet.</doc>
<status status="NOT RUN" starttime="20230811 20:09:06.497" endtime="20230811 20:09:06.498"/>
</kw>
<status status="NOT RUN" starttime="20230811 20:09:06.495" endtime="20230811 20:09:06.498"/>
</branch>
<branch type="ELSE IF" condition="${cnt} &gt; 0 and '${type}' == 'date'">
<kw name="Date" library="FakerLibrary">
<var>${new_text}</var>
<arg>pattern=%d-%m-%Y</arg>
<doc>Get a date string between January 1, 1970 and now.</doc>
<status status="NOT RUN" starttime="20230811 20:09:06.500" endtime="20230811 20:09:06.500"/>
</kw>
<status status="NOT RUN" starttime="20230811 20:09:06.499" endtime="20230811 20:09:06.500"/>
</branch>
<branch type="ELSE IF" condition="${cnt} &gt; 0 and '${type}' == 'word'">
<kw name="Sentence" library="FakerLibrary">
<var>${new_text}</var>
<arg>nb_words=500</arg>
<doc>Generate a sentence.</doc>
<status status="NOT RUN" starttime="20230811 20:09:06.501" endtime="20230811 20:09:06.502"/>
</kw>
<status status="NOT RUN" starttime="20230811 20:09:06.501" endtime="20230811 20:09:06.502"/>
</branch>
<branch type="ELSE IF" condition="${cnt} &gt; 0">
<kw name="Sentence" library="FakerLibrary">
<var>${new_text}</var>
<doc>Generate a sentence.</doc>
<msg timestamp="20230811 20:09:06.504" level="INFO">${new_text} = Corrupti reiciendis similique tenetur eveniet.</msg>
<status status="PASS" starttime="20230811 20:09:06.503" endtime="20230811 20:09:06.504"/>
</kw>
<status status="PASS" starttime="20230811 20:09:06.502" endtime="20230811 20:09:06.504"/>
</branch>
<status status="PASS" starttime="20230811 20:09:06.463" endtime="20230811 20:09:06.504"/>
</if>
<kw name="Get Length" library="BuiltIn">
<var>${cnt}</var>
<arg>${text}</arg>
<doc>Returns and logs the length of the given item as an integer.</doc>
<msg timestamp="20230811 20:09:06.505" level="INFO">Length is 8</msg>
<msg timestamp="20230811 20:09:06.506" level="INFO">${cnt} = 8</msg>
<status status="PASS" starttime="20230811 20:09:06.505" endtime="20230811 20:09:06.506"/>
</kw>
<if>
<branch type="IF" condition="${cnt} &gt; 0">
<kw name="Replace String" library="String">
<var>${text}</var>
<arg>${text}</arg>
<arg>${symbol}</arg>
<arg>${new_text}</arg>
<doc>Replaces ``search_for`` in the given ``string`` with ``replace_with``.</doc>
<msg timestamp="20230811 20:09:06.508" level="INFO">${text} = Corrupti reiciendis similique tenetur eveniet.</msg>
<status status="PASS" starttime="20230811 20:09:06.507" endtime="20230811 20:09:06.508"/>
</kw>
<status status="PASS" starttime="20230811 20:09:06.506" endtime="20230811 20:09:06.508"/>
</branch>
<status status="PASS" starttime="20230811 20:09:06.506" endtime="20230811 20:09:06.508"/>
</if>
<msg timestamp="20230811 20:09:06.509" level="INFO">${text} = Corrupti reiciendis similique tenetur eveniet.</msg>
<status status="PASS" starttime="20230811 20:09:06.448" endtime="20230811 20:09:06.509"/>
</kw>
<kw name="Get Element Form Item By Name" library="common">
<var>${element}</var>
<arg>${name}</arg>
<arg>//input[contains(@class, "ant-input")]</arg>
<msg timestamp="20230811 20:09:06.512" level="INFO">${element} = xpath=//*[contains(@class, "ant-form-item-label")]/label[text()="Mật khẩu"]/../../*[contains(@class, "ant-form-item")]//input[contains(@class, "ant-input")]</msg>
<status status="PASS" starttime="20230811 20:09:06.510" endtime="20230811 20:09:06.513"/>
</kw>
<kw name="Clear Text" library="Browser">
<arg>${element}</arg>
<tag>PageContent</tag>
<tag>Setter</tag>
<doc>Clears the text field found by ``selector``.</doc>
<status status="PASS" starttime="20230811 20:09:06.514" endtime="20230811 20:09:07.576"/>
</kw>
<kw name="Fill Text" library="Browser">
<arg>${element}</arg>
<arg>${text}</arg>
<arg>True</arg>
<tag>PageContent</tag>
<tag>Setter</tag>
<doc>Clears and fills the given ``txt`` into the text field found by ``selector``.</doc>
<msg timestamp="20230811 20:09:07.592" level="INFO">Fills the text 'Corrupti reiciendis similique tenetur eveniet.' in the given field.</msg>
<status status="PASS" starttime="20230811 20:09:07.592" endtime="20230811 20:09:07.670"/>
</kw>
<kw name="Get Length" library="BuiltIn">
<var>${cnt}</var>
<arg>${text}</arg>
<doc>Returns and logs the length of the given item as an integer.</doc>
<msg timestamp="20230811 20:09:07.670" level="INFO">Length is 46</msg>
<msg timestamp="20230811 20:09:07.670" level="INFO">${cnt} = 46</msg>
<status status="PASS" starttime="20230811 20:09:07.670" endtime="20230811 20:09:07.670"/>
</kw>
<if>
<branch type="IF" condition="${cnt} &gt; 0">
<kw name="Set Global Variable" library="BuiltIn">
<arg>${STATE["${name}"]}</arg>
<arg>${text}</arg>
<doc>Makes a variable available globally in all tests and suites.</doc>
<msg timestamp="20230811 20:09:07.670" level="INFO">${STATE["Mật khẩu"]} = Corrupti reiciendis similique tenetur eveniet.</msg>
<status status="PASS" starttime="20230811 20:09:07.670" endtime="20230811 20:09:07.670"/>
</kw>
<status status="PASS" starttime="20230811 20:09:07.670" endtime="20230811 20:09:07.670"/>
</branch>
<status status="PASS" starttime="20230811 20:09:07.670" endtime="20230811 20:09:07.670"/>
</if>
<status status="PASS" starttime="20230811 20:09:06.448" endtime="20230811 20:09:07.670"/>
</kw>
<kw name="And Click &quot;Eye&quot; icon to display password" library="common">
<kw name="Click" library="Browser">
<arg>xpath=//*[contains(@class, 'text-lg')]</arg>
<tag>PageContent</tag>
<tag>Setter</tag>
<doc>Simulates mouse click on the element found by ``selector``.</doc>
<status status="PASS" starttime="20230811 20:09:07.685" endtime="20230811 20:09:07.900"/>
</kw>
<status status="PASS" starttime="20230811 20:09:07.685" endtime="20230811 20:09:07.900"/>
</kw>
<kw name="Then User look &quot;Mật khẩu&quot; field with type &quot;text&quot;" library="common" sourcename="User look &quot;${name}&quot; field with type &quot;${type}&quot;">
<kw name="Get Element Form Item By Name" library="common">
<var>${element}</var>
<arg>${name}</arg>
<arg>//input[contains(@class, "ant-input")]</arg>
<msg timestamp="20230811 20:09:07.910" level="INFO">${element} = xpath=//*[contains(@class, "ant-form-item-label")]/label[text()="Mật khẩu"]/../../*[contains(@class, "ant-form-item")]//input[contains(@class, "ant-input")]</msg>
<status status="PASS" starttime="20230811 20:09:07.910" endtime="20230811 20:09:07.910"/>
</kw>
<kw name="Get Attribute" library="Browser">
<var>${password_field_type}</var>
<arg>${element}</arg>
<arg>type</arg>
<tag>Assertion</tag>
<tag>Getter</tag>
<tag>PageContent</tag>
<doc>Returns the HTML ``attribute`` of the element found by ``selector``.</doc>
<msg timestamp="20230811 20:09:07.986" level="INFO">Attribute is: 'text'</msg>
<msg timestamp="20230811 20:09:07.987" level="INFO">${password_field_type} = text</msg>
<status status="PASS" starttime="20230811 20:09:07.910" endtime="20230811 20:09:07.987"/>
</kw>
<kw name="Should Be Equal As Strings" library="BuiltIn">
<arg>${password_field_type}</arg>
<arg>${type}</arg>
<doc>Fails if objects are unequal after converting them to strings.</doc>
<status status="PASS" starttime="20230811 20:09:07.987" endtime="20230811 20:09:07.989"/>
</kw>
<status status="PASS" starttime="20230811 20:09:07.910" endtime="20230811 20:09:07.989"/>
</kw>
<kw name="Tear Down" library="common" type="TEARDOWN">
<kw name="Close Browser" library="Browser">
<arg>ALL</arg>
<tag>BrowserControl</tag>
<tag>Setter</tag>
<doc>Closes the current browser.</doc>
<msg timestamp="20230811 20:09:13.429" level="INFO">Closed all browsers</msg>
<status status="PASS" starttime="20230811 20:09:07.989" endtime="20230811 20:09:13.429"/>
</kw>
<status status="PASS" starttime="20230811 20:09:07.989" endtime="20230811 20:09:13.429"/>
</kw>
<tag>@regression</tag>
<tag>@smoketest</tag>
<status status="PASS" starttime="20230811 20:09:00.692" endtime="20230811 20:09:13.429"/>
</test>
<test id="s1-t2" name="LG_20: Verify refresh page" line="172">
<kw name="Setup" library="common" type="SETUP">
<kw name="Set Browser Timeout" library="Browser">
<arg>${BROWSER_TIMEOUT}</arg>
<tag>Config</tag>
<tag>Setter</tag>
<doc>Sets the timeout used by most input and getter keywords.</doc>
<status status="PASS" starttime="20230811 20:09:13.457" endtime="20230811 20:09:13.459"/>
</kw>
<kw name="New Browser" library="Browser">
<arg>${BROWSER}</arg>
<arg>headless=${HEADLESS}</arg>
<tag>BrowserControl</tag>
<tag>Setter</tag>
<doc>Create a new playwright Browser with specified options.</doc>
<msg timestamp="20230811 20:09:13.461" level="INFO">{"browser": "chromium", "headless": false, "chromiumSandbox": false, "devtools": false, "handleSIGHUP": true, "handleSIGINT": true, "handleSIGTERM": true, "ignoreDefaultArgs": false, "slowMo": 0.0, "timeout": 30000.0, "tracesDir": "D:\\BALANCE\\vite-react-balance\\browser\\traces\\2834933c-6771-4203-8f3a-f62c3c20b41d"}</msg>
<msg timestamp="20230811 20:09:15.576" level="INFO">Successfully created browser with options: {"browser":"chromium","headless":false,"chromiumSandbox":false,"devtools":false,"handleSIGHUP":true,"handleSIGINT":true,"handleSIGTERM":true,"ignoreDefaultArgs":false,"slowMo":0,"timeout":30000,"tracesDir":"D:\\BALANCE\\vite-react-balance\\browser\\traces\\2834933c-6771-4203-8f3a-f62c3c20b41d"}</msg>
<status status="PASS" starttime="20230811 20:09:13.459" endtime="20230811 20:09:15.576"/>
</kw>
<kw name="New Page" library="Browser">
<arg>${URL_DEFAULT}</arg>
<tag>BrowserControl</tag>
<tag>Setter</tag>
<doc>Open a new Page.</doc>
<msg timestamp="20230811 20:09:20.536" level="INFO">Successfully initialized new page object and opened url: http://stag.balance.ari.com.vn/#/</msg>
<msg timestamp="20230811 20:09:20.536" level="INFO">No context was open. New context was automatically opened when this page is created.</msg>
<status status="PASS" starttime="20230811 20:09:15.576" endtime="20230811 20:09:20.536"/>
</kw>
<kw name="Evaluate" library="BuiltIn">
<var>${STATE}</var>
<arg>json.loads('''{}''')</arg>
<arg>json</arg>
<doc>Evaluates the given expression in Python and returns the result.</doc>
<msg timestamp="20230811 20:09:20.538" level="INFO">${STATE} = {}</msg>
<status status="PASS" starttime="20230811 20:09:20.537" endtime="20230811 20:09:20.538"/>
</kw>
<status status="PASS" starttime="20230811 20:09:13.456" endtime="20230811 20:09:20.538"/>
</kw>
<kw name="When Enter &quot;email&quot; in &quot;Tên đăng nhập&quot; with &quot;_RANDOM_&quot;" library="common" sourcename="Enter &quot;${type}&quot; in &quot;${name}&quot; with &quot;${text}&quot;">
<kw name="Get Random Text" library="common">
<var>${text}</var>
<arg>${type}</arg>
<arg>${text}</arg>
<kw name="Set Variable" library="BuiltIn">
<var>${symbol}</var>
<arg>_RANDOM_</arg>
<doc>Returns the given values which can then be assigned to a variables.</doc>
<msg timestamp="20230811 20:09:20.543" level="INFO">${symbol} = _RANDOM_</msg>
<status status="PASS" starttime="20230811 20:09:20.542" endtime="20230811 20:09:20.543"/>
</kw>
<kw name="Set Variable" library="BuiltIn">
<var>${new_text}</var>
<doc>Returns the given values which can then be assigned to a variables.</doc>
<msg timestamp="20230811 20:09:20.544" level="INFO">${new_text} = </msg>
<status status="PASS" starttime="20230811 20:09:20.544" endtime="20230811 20:09:20.544"/>
</kw>
<kw name="Get Regexp Matches" library="String">
<var>${containsS}</var>
<arg>${text}</arg>
<arg>_@(.+)@_</arg>
<arg>1</arg>
<doc>Returns a list of all non-overlapping matches in the given string.</doc>
<msg timestamp="20230811 20:09:20.546" level="INFO">${containsS} = []</msg>
<status status="PASS" starttime="20230811 20:09:20.545" endtime="20230811 20:09:20.546"/>
</kw>
<kw name="Get Length" library="BuiltIn">
<var>${cntS}</var>
<arg>${containsS}</arg>
<doc>Returns and logs the length of the given item as an integer.</doc>
<msg timestamp="20230811 20:09:20.547" level="INFO">Length is 0</msg>
<msg timestamp="20230811 20:09:20.547" level="INFO">${cntS} = 0</msg>
<status status="PASS" starttime="20230811 20:09:20.546" endtime="20230811 20:09:20.547"/>
</kw>
<kw name="Get Regexp Matches" library="String">
<var>${contains}</var>
<arg>${text}</arg>
<arg>${symbol}</arg>
<doc>Returns a list of all non-overlapping matches in the given string.</doc>
<msg timestamp="20230811 20:09:20.549" level="INFO">${contains} = ['_RANDOM_']</msg>
<status status="PASS" starttime="20230811 20:09:20.548" endtime="20230811 20:09:20.549"/>
</kw>
<kw name="Get Length" library="BuiltIn">
<var>${cnt}</var>
<arg>${contains}</arg>
<doc>Returns and logs the length of the given item as an integer.</doc>
<msg timestamp="20230811 20:09:20.550" level="INFO">Length is 1</msg>
<msg timestamp="20230811 20:09:20.550" level="INFO">${cnt} = 1</msg>
<status status="PASS" starttime="20230811 20:09:20.549" endtime="20230811 20:09:20.550"/>
</kw>
<if>
<branch type="IF" condition="${cntS} &gt; 0">
<kw name="Set Variable" library="BuiltIn">
<var>${new_text}</var>
<arg>${STATE["${containsS[0]}"]}</arg>
<doc>Returns the given values which can then be assigned to a variables.</doc>
<status status="NOT RUN" starttime="20230811 20:09:20.551" endtime="20230811 20:09:20.552"/>
</kw>
<kw name="Set Variable" library="BuiltIn">
<var>${symbol}</var>
<arg>_@${containsS[0]}@_</arg>
<doc>Returns the given values which can then be assigned to a variables.</doc>
<status status="NOT RUN" starttime="20230811 20:09:20.553" endtime="20230811 20:09:20.553"/>
</kw>
<status status="NOT RUN" starttime="20230811 20:09:20.551" endtime="20230811 20:09:20.553"/>
</branch>
<branch type="ELSE IF" condition="${cnt} &gt; 0 and '${type}' == 'fullname'">
<kw name="Name" library="FakerLibrary">
<var>${new_text}</var>
<doc>:example: 'John Doe'</doc>
<status status="NOT RUN" starttime="20230811 20:09:20.553" endtime="20230811 20:09:20.553"/>
</kw>
<status status="NOT RUN" starttime="20230811 20:09:20.553" endtime="20230811 20:09:20.553"/>
</branch>
<branch type="ELSE IF" condition="${cnt} &gt; 0 and '${type}' == 'test name'">
<kw name="Sentence" library="FakerLibrary">
<var>${random}</var>
<arg>nb_words=3</arg>
<doc>Generate a sentence.</doc>
<status status="NOT RUN" starttime="20230811 20:09:20.553" endtime="20230811 20:09:20.553"/>
</kw>
<kw name="Split String" library="String">
<var>${words}</var>
<arg>${TEST NAME}</arg>
<arg>${SPACE}</arg>
<doc>Splits the ``string`` using ``separator`` as a delimiter string.</doc>
<status status="NOT RUN" starttime="20230811 20:09:20.553" endtime="20230811 20:09:20.553"/>
</kw>
<kw name="Set Variable" library="BuiltIn">
<var>${new_text}</var>
<arg>${words[0]} ${random}</arg>
<doc>Returns the given values which can then be assigned to a variables.</doc>
<status status="NOT RUN" starttime="20230811 20:09:20.553" endtime="20230811 20:09:20.553"/>
</kw>
<status status="NOT RUN" starttime="20230811 20:09:20.553" endtime="20230811 20:09:20.553"/>
</branch>
<branch type="ELSE IF" condition="${cnt} &gt; 0 and '${type}' == 'name code'">
<kw name="Random Int" library="FakerLibrary">
<var>${random}</var>
<arg>min=00000</arg>
<arg>max=99999</arg>
<doc>Generate a random integer between two integers ``min`` and ``max`` inclusive
while observing the provided ``step`` value.</doc>
<status status="NOT RUN" starttime="20230811 20:09:20.553" endtime="20230811 20:09:20.553"/>
</kw>
<kw name="Set Variable" library="BuiltIn">
<var>${name}</var>
<arg>USR</arg>
<doc>Returns the given values which can then be assigned to a variables.</doc>
<status status="NOT RUN" starttime="20230811 20:09:20.553" endtime="20230811 20:09:20.553"/>
</kw>
<kw name="Set Variable" library="BuiltIn">
<var>${new_text}</var>
<arg>${name}${random}</arg>
<doc>Returns the given values which can then be assigned to a variables.</doc>
<status status="NOT RUN" starttime="20230811 20:09:20.553" endtime="20230811 20:09:20.553"/>
</kw>
<status status="NOT RUN" starttime="20230811 20:09:20.553" endtime="20230811 20:09:20.553"/>
</branch>
<branch type="ELSE IF" condition="${cnt} &gt; 0 and '${type}' == 'phone_invalid'">
<kw name="Random Int" library="FakerLibrary">
<var>${new_text}</var>
<arg>min=1000000000000</arg>
<arg>max=9999999999999</arg>
<doc>Generate a random integer between two integers ``min`` and ``max`` inclusive
while observing the provided ``step`` value.</doc>
<status status="NOT RUN" starttime="20230811 20:09:20.553" endtime="20230811 20:09:20.553"/>
</kw>
<kw name="Convert To String" library="BuiltIn">
<var>${new_text}</var>
<arg>${new_text}</arg>
<doc>Converts the given item to a Unicode string.</doc>
<status status="NOT RUN" starttime="20230811 20:09:20.553" endtime="20230811 20:09:20.553"/>
</kw>
<status status="NOT RUN" starttime="20230811 20:09:20.553" endtime="20230811 20:09:20.553"/>
</branch>
<branch type="ELSE IF" condition="${cnt} &gt; 0 and '${type}' == 'percentage'">
<kw name="Random Int" library="FakerLibrary">
<var>${new_text}</var>
<arg>max=100</arg>
<doc>Generate a random integer between two integers ``min`` and ``max`` inclusive
while observing the provided ``step`` value.</doc>
<status status="NOT RUN" starttime="20230811 20:09:20.553" endtime="20230811 20:09:20.553"/>
</kw>
<kw name="Convert To String" library="BuiltIn">
<var>${new_text}</var>
<arg>${new_text}</arg>
<doc>Converts the given item to a Unicode string.</doc>
<status status="NOT RUN" starttime="20230811 20:09:20.553" endtime="20230811 20:09:20.553"/>
</kw>
<status status="NOT RUN" starttime="20230811 20:09:20.553" endtime="20230811 20:09:20.553"/>
</branch>
<branch type="ELSE IF" condition="${cnt} &gt; 0 and '${type}' == 'paragraph'">
<kw name="Paragraph" library="FakerLibrary">
<var>${new_text}</var>
<doc>Generate a paragraph.</doc>
<status status="NOT RUN" starttime="20230811 20:09:20.553" endtime="20230811 20:09:20.553"/>
</kw>
<status status="NOT RUN" starttime="20230811 20:09:20.553" endtime="20230811 20:09:20.553"/>
</branch>
<branch type="ELSE IF" condition="${cnt} &gt; 0 and '${type}' == 'email'">
<kw name="Email" library="FakerLibrary">
<var>${new_text}</var>
<msg timestamp="20230811 20:09:20.568" level="INFO">${new_text} = neysabhagat@example.com</msg>
<status status="PASS" starttime="20230811 20:09:20.568" endtime="20230811 20:09:20.568"/>
</kw>
<status status="PASS" starttime="20230811 20:09:20.553" endtime="20230811 20:09:20.568"/>
</branch>
<branch type="ELSE IF" condition="${cnt} &gt; 0 and '${type}' == 'phone'">
<kw name="Random Int" library="FakerLibrary">
<var>${new_text}</var>
<arg>min=55555555</arg>
<arg>max=999999999999</arg>
<doc>Generate a random integer between two integers ``min`` and ``max`` inclusive
while observing the provided ``step`` value.</doc>
<status status="NOT RUN" starttime="20230811 20:09:20.571" endtime="20230811 20:09:20.571"/>
</kw>
<kw name="Convert To String" library="BuiltIn">
<var>${new_text}</var>
<arg>${new_text}</arg>
<doc>Converts the given item to a Unicode string.</doc>
<status status="NOT RUN" starttime="20230811 20:09:20.572" endtime="20230811 20:09:20.573"/>
</kw>
<status status="NOT RUN" starttime="20230811 20:09:20.568" endtime="20230811 20:09:20.576"/>
</branch>
<branch type="ELSE IF" condition="${cnt} &gt; 0 and '${type}' == 'number'">
<kw name="Random Int" library="FakerLibrary">
<var>${new_text}</var>
<arg>min=55555555</arg>
<arg>max=999999999999</arg>
<doc>Generate a random integer between two integers ``min`` and ``max`` inclusive
while observing the provided ``step`` value.</doc>
<status status="NOT RUN" starttime="20230811 20:09:20.577" endtime="20230811 20:09:20.577"/>
</kw>
<kw name="Convert To String" library="BuiltIn">
<var>${new_text}</var>
<arg>${new_text}</arg>
<doc>Converts the given item to a Unicode string.</doc>
<status status="NOT RUN" starttime="20230811 20:09:20.578" endtime="20230811 20:09:20.578"/>
</kw>
<status status="NOT RUN" starttime="20230811 20:09:20.576" endtime="20230811 20:09:20.578"/>
</branch>
<branch type="ELSE IF" condition="${cnt} &gt; 0 and '${type}' == 'otp'">
<kw name="Random Int" library="FakerLibrary">
<var>${new_text}</var>
<arg>min=100000</arg>
<arg>max=999999</arg>
<doc>Generate a random integer between two integers ``min`` and ``max`` inclusive
while observing the provided ``step`` value.</doc>
<status status="NOT RUN" starttime="20230811 20:09:20.580" endtime="20230811 20:09:20.580"/>
</kw>
<kw name="Convert To String" library="BuiltIn">
<var>${new_text}</var>
<arg>${new_text}</arg>
<doc>Converts the given item to a Unicode string.</doc>
<status status="NOT RUN" starttime="20230811 20:09:20.581" endtime="20230811 20:09:20.581"/>
</kw>
<status status="NOT RUN" starttime="20230811 20:09:20.579" endtime="20230811 20:09:20.581"/>
</branch>
<branch type="ELSE IF" condition="${cnt} &gt; 0 and '${type}' == 'color'">
<kw name="Safe Hex Color" library="FakerLibrary">
<var>${new_text}</var>
<doc>Generate a web-safe color formatted as a hex triplet.</doc>
<status status="NOT RUN" starttime="20230811 20:09:20.582" endtime="20230811 20:09:20.583"/>
</kw>
<status status="NOT RUN" starttime="20230811 20:09:20.582" endtime="20230811 20:09:20.583"/>
</branch>
<branch type="ELSE IF" condition="${cnt} &gt; 0 and '${type}' == 'date'">
<kw name="Date" library="FakerLibrary">
<var>${new_text}</var>
<arg>pattern=%d-%m-%Y</arg>
<doc>Get a date string between January 1, 1970 and now.</doc>
<status status="NOT RUN" starttime="20230811 20:09:20.586" endtime="20230811 20:09:20.586"/>
</kw>
<status status="NOT RUN" starttime="20230811 20:09:20.584" endtime="20230811 20:09:20.587"/>
</branch>
<branch type="ELSE IF" condition="${cnt} &gt; 0 and '${type}' == 'word'">
<kw name="Sentence" library="FakerLibrary">
<var>${new_text}</var>
<arg>nb_words=500</arg>
<doc>Generate a sentence.</doc>
<status status="NOT RUN" starttime="20230811 20:09:20.588" endtime="20230811 20:09:20.589"/>
</kw>
<status status="NOT RUN" starttime="20230811 20:09:20.587" endtime="20230811 20:09:20.589"/>
</branch>
<branch type="ELSE IF" condition="${cnt} &gt; 0">
<kw name="Sentence" library="FakerLibrary">
<var>${new_text}</var>
<doc>Generate a sentence.</doc>
<status status="NOT RUN" starttime="20230811 20:09:20.590" endtime="20230811 20:09:20.590"/>
</kw>
<status status="NOT RUN" starttime="20230811 20:09:20.589" endtime="20230811 20:09:20.590"/>
</branch>
<status status="PASS" starttime="20230811 20:09:20.550" endtime="20230811 20:09:20.591"/>
</if>
<kw name="Get Length" library="BuiltIn">
<var>${cnt}</var>
<arg>${text}</arg>
<doc>Returns and logs the length of the given item as an integer.</doc>
<msg timestamp="20230811 20:09:20.592" level="INFO">Length is 8</msg>
<msg timestamp="20230811 20:09:20.592" level="INFO">${cnt} = 8</msg>
<status status="PASS" starttime="20230811 20:09:20.591" endtime="20230811 20:09:20.592"/>
</kw>
<if>
<branch type="IF" condition="${cnt} &gt; 0">
<kw name="Replace String" library="String">
<var>${text}</var>
<arg>${text}</arg>
<arg>${symbol}</arg>
<arg>${new_text}</arg>
<doc>Replaces ``search_for`` in the given ``string`` with ``replace_with``.</doc>
<msg timestamp="20230811 20:09:20.596" level="INFO">${text} = neysabhagat@example.com</msg>
<status status="PASS" starttime="20230811 20:09:20.594" endtime="20230811 20:09:20.596"/>
</kw>
<status status="PASS" starttime="20230811 20:09:20.593" endtime="20230811 20:09:20.596"/>
</branch>
<status status="PASS" starttime="20230811 20:09:20.593" endtime="20230811 20:09:20.596"/>
</if>
<msg timestamp="20230811 20:09:20.597" level="INFO">${text} = neysabhagat@example.com</msg>
<status status="PASS" starttime="20230811 20:09:20.540" endtime="20230811 20:09:20.597"/>
</kw>
<kw name="Get Element Form Item By Name" library="common">
<var>${element}</var>
<arg>${name}</arg>
<arg>//input[contains(@class, "ant-input")]</arg>
<msg timestamp="20230811 20:09:20.599" level="INFO">${element} = xpath=//*[contains(@class, "ant-form-item-label")]/label[text()="Tên đăng nhập"]/../../*[contains(@class, "ant-form-item")]//input[contains(@class, "ant-input")]</msg>
<status status="PASS" starttime="20230811 20:09:20.597" endtime="20230811 20:09:20.599"/>
</kw>
<kw name="Clear Text" library="Browser">
<arg>${element}</arg>
<tag>PageContent</tag>
<tag>Setter</tag>
<doc>Clears the text field found by ``selector``.</doc>
<status status="PASS" starttime="20230811 20:09:20.600" endtime="20230811 20:09:21.091"/>
</kw>
<kw name="Fill Text" library="Browser">
<arg>${element}</arg>
<arg>${text}</arg>
<arg>True</arg>
<tag>PageContent</tag>
<tag>Setter</tag>
<doc>Clears and fills the given ``txt`` into the text field found by ``selector``.</doc>
<msg timestamp="20230811 20:09:21.091" level="INFO">Fills the text 'neysabhagat@example.com' in the given field.</msg>
<status status="PASS" starttime="20230811 20:09:21.091" endtime="20230811 20:09:21.169"/>
</kw>
<kw name="Get Length" library="BuiltIn">
<var>${cnt}</var>
<arg>${text}</arg>
<doc>Returns and logs the length of the given item as an integer.</doc>
<msg timestamp="20230811 20:09:21.170" level="INFO">Length is 23</msg>
<msg timestamp="20230811 20:09:21.170" level="INFO">${cnt} = 23</msg>
<status status="PASS" starttime="20230811 20:09:21.169" endtime="20230811 20:09:21.170"/>
</kw>
<if>
<branch type="IF" condition="${cnt} &gt; 0">
<kw name="Set Global Variable" library="BuiltIn">
<arg>${STATE["${name}"]}</arg>
<arg>${text}</arg>
<doc>Makes a variable available globally in all tests and suites.</doc>
<msg timestamp="20230811 20:09:21.174" level="INFO">${STATE["Tên đăng nhập"]} = neysabhagat@example.com</msg>
<status status="PASS" starttime="20230811 20:09:21.171" endtime="20230811 20:09:21.174"/>
</kw>
<status status="PASS" starttime="20230811 20:09:21.171" endtime="20230811 20:09:21.174"/>
</branch>
<status status="PASS" starttime="20230811 20:09:21.170" endtime="20230811 20:09:21.175"/>
</if>
<status status="PASS" starttime="20230811 20:09:20.539" endtime="20230811 20:09:21.175"/>
</kw>
<kw name="And Enter &quot;text&quot; in &quot;Mật khẩu&quot; with &quot;_RANDOM_&quot;" library="common" sourcename="Enter &quot;${type}&quot; in &quot;${name}&quot; with &quot;${text}&quot;">
<kw name="Get Random Text" library="common">
<var>${text}</var>
<arg>${type}</arg>
<arg>${text}</arg>
<kw name="Set Variable" library="BuiltIn">
<var>${symbol}</var>
<arg>_RANDOM_</arg>
<doc>Returns the given values which can then be assigned to a variables.</doc>
<msg timestamp="20230811 20:09:21.190" level="INFO">${symbol} = _RANDOM_</msg>
<status status="PASS" starttime="20230811 20:09:21.190" endtime="20230811 20:09:21.190"/>
</kw>
<kw name="Set Variable" library="BuiltIn">
<var>${new_text}</var>
<doc>Returns the given values which can then be assigned to a variables.</doc>
<msg timestamp="20230811 20:09:21.190" level="INFO">${new_text} = </msg>
<status status="PASS" starttime="20230811 20:09:21.190" endtime="20230811 20:09:21.190"/>
</kw>
<kw name="Get Regexp Matches" library="String">
<var>${containsS}</var>
<arg>${text}</arg>
<arg>_@(.+)@_</arg>
<arg>1</arg>
<doc>Returns a list of all non-overlapping matches in the given string.</doc>
<msg timestamp="20230811 20:09:21.190" level="INFO">${containsS} = []</msg>
<status status="PASS" starttime="20230811 20:09:21.190" endtime="20230811 20:09:21.190"/>
</kw>
<kw name="Get Length" library="BuiltIn">
<var>${cntS}</var>
<arg>${containsS}</arg>
<doc>Returns and logs the length of the given item as an integer.</doc>
<msg timestamp="20230811 20:09:21.190" level="INFO">Length is 0</msg>
<msg timestamp="20230811 20:09:21.190" level="INFO">${cntS} = 0</msg>
<status status="PASS" starttime="20230811 20:09:21.190" endtime="20230811 20:09:21.190"/>
</kw>
<kw name="Get Regexp Matches" library="String">
<var>${contains}</var>
<arg>${text}</arg>
<arg>${symbol}</arg>
<doc>Returns a list of all non-overlapping matches in the given string.</doc>
<msg timestamp="20230811 20:09:21.190" level="INFO">${contains} = ['_RANDOM_']</msg>
<status status="PASS" starttime="20230811 20:09:21.190" endtime="20230811 20:09:21.190"/>
</kw>
<kw name="Get Length" library="BuiltIn">
<var>${cnt}</var>
<arg>${contains}</arg>
<doc>Returns and logs the length of the given item as an integer.</doc>
<msg timestamp="20230811 20:09:21.190" level="INFO">Length is 1</msg>
<msg timestamp="20230811 20:09:21.190" level="INFO">${cnt} = 1</msg>
<status status="PASS" starttime="20230811 20:09:21.190" endtime="20230811 20:09:21.190"/>
</kw>
<if>
<branch type="IF" condition="${cntS} &gt; 0">
<kw name="Set Variable" library="BuiltIn">
<var>${new_text}</var>
<arg>${STATE["${containsS[0]}"]}</arg>
<doc>Returns the given values which can then be assigned to a variables.</doc>
<status status="NOT RUN" starttime="20230811 20:09:21.190" endtime="20230811 20:09:21.190"/>
</kw>
<kw name="Set Variable" library="BuiltIn">
<var>${symbol}</var>
<arg>_@${containsS[0]}@_</arg>
<doc>Returns the given values which can then be assigned to a variables.</doc>
<status status="NOT RUN" starttime="20230811 20:09:21.190" endtime="20230811 20:09:21.190"/>
</kw>
<status status="NOT RUN" starttime="20230811 20:09:21.190" endtime="20230811 20:09:21.190"/>
</branch>
<branch type="ELSE IF" condition="${cnt} &gt; 0 and '${type}' == 'fullname'">
<kw name="Name" library="FakerLibrary">
<var>${new_text}</var>
<doc>:example: 'John Doe'</doc>
<status status="NOT RUN" starttime="20230811 20:09:21.190" endtime="20230811 20:09:21.190"/>
</kw>
<status status="NOT RUN" starttime="20230811 20:09:21.190" endtime="20230811 20:09:21.190"/>
</branch>
<branch type="ELSE IF" condition="${cnt} &gt; 0 and '${type}' == 'test name'">
<kw name="Sentence" library="FakerLibrary">
<var>${random}</var>
<arg>nb_words=3</arg>
<doc>Generate a sentence.</doc>
<status status="NOT RUN" starttime="20230811 20:09:21.190" endtime="20230811 20:09:21.190"/>
</kw>
<kw name="Split String" library="String">
<var>${words}</var>
<arg>${TEST NAME}</arg>
<arg>${SPACE}</arg>
<doc>Splits the ``string`` using ``separator`` as a delimiter string.</doc>
<status status="NOT RUN" starttime="20230811 20:09:21.190" endtime="20230811 20:09:21.190"/>
</kw>
<kw name="Set Variable" library="BuiltIn">
<var>${new_text}</var>
<arg>${words[0]} ${random}</arg>
<doc>Returns the given values which can then be assigned to a variables.</doc>
<status status="NOT RUN" starttime="20230811 20:09:21.190" endtime="20230811 20:09:21.190"/>
</kw>
<status status="NOT RUN" starttime="20230811 20:09:21.190" endtime="20230811 20:09:21.190"/>
</branch>
<branch type="ELSE IF" condition="${cnt} &gt; 0 and '${type}' == 'name code'">
<kw name="Random Int" library="FakerLibrary">
<var>${random}</var>
<arg>min=00000</arg>
<arg>max=99999</arg>
<doc>Generate a random integer between two integers ``min`` and ``max`` inclusive
while observing the provided ``step`` value.</doc>
<status status="NOT RUN" starttime="20230811 20:09:21.206" endtime="20230811 20:09:21.206"/>
</kw>
<kw name="Set Variable" library="BuiltIn">
<var>${name}</var>
<arg>USR</arg>
<doc>Returns the given values which can then be assigned to a variables.</doc>
<status status="NOT RUN" starttime="20230811 20:09:21.206" endtime="20230811 20:09:21.206"/>
</kw>
<kw name="Set Variable" library="BuiltIn">
<var>${new_text}</var>
<arg>${name}${random}</arg>
<doc>Returns the given values which can then be assigned to a variables.</doc>
<status status="NOT RUN" starttime="20230811 20:09:21.206" endtime="20230811 20:09:21.206"/>
</kw>
<status status="NOT RUN" starttime="20230811 20:09:21.190" endtime="20230811 20:09:21.206"/>
</branch>
<branch type="ELSE IF" condition="${cnt} &gt; 0 and '${type}' == 'phone_invalid'">
<kw name="Random Int" library="FakerLibrary">
<var>${new_text}</var>
<arg>min=1000000000000</arg>
<arg>max=9999999999999</arg>
<doc>Generate a random integer between two integers ``min`` and ``max`` inclusive
while observing the provided ``step`` value.</doc>
<status status="NOT RUN" starttime="20230811 20:09:21.206" endtime="20230811 20:09:21.206"/>
</kw>
<kw name="Convert To String" library="BuiltIn">
<var>${new_text}</var>
<arg>${new_text}</arg>
<doc>Converts the given item to a Unicode string.</doc>
<status status="NOT RUN" starttime="20230811 20:09:21.206" endtime="20230811 20:09:21.206"/>
</kw>
<status status="NOT RUN" starttime="20230811 20:09:21.206" endtime="20230811 20:09:21.206"/>
</branch>
<branch type="ELSE IF" condition="${cnt} &gt; 0 and '${type}' == 'percentage'">
<kw name="Random Int" library="FakerLibrary">
<var>${new_text}</var>
<arg>max=100</arg>
<doc>Generate a random integer between two integers ``min`` and ``max`` inclusive
while observing the provided ``step`` value.</doc>
<status status="NOT RUN" starttime="20230811 20:09:21.206" endtime="20230811 20:09:21.206"/>
</kw>
<kw name="Convert To String" library="BuiltIn">
<var>${new_text}</var>
<arg>${new_text}</arg>
<doc>Converts the given item to a Unicode string.</doc>
<status status="NOT RUN" starttime="20230811 20:09:21.206" endtime="20230811 20:09:21.206"/>
</kw>
<status status="NOT RUN" starttime="20230811 20:09:21.206" endtime="20230811 20:09:21.206"/>
</branch>
<branch type="ELSE IF" condition="${cnt} &gt; 0 and '${type}' == 'paragraph'">
<kw name="Paragraph" library="FakerLibrary">
<var>${new_text}</var>
<doc>Generate a paragraph.</doc>
<status status="NOT RUN" starttime="20230811 20:09:21.206" endtime="20230811 20:09:21.206"/>
</kw>
<status status="NOT RUN" starttime="20230811 20:09:21.206" endtime="20230811 20:09:21.206"/>
</branch>
<branch type="ELSE IF" condition="${cnt} &gt; 0 and '${type}' == 'email'">
<kw name="Email" library="FakerLibrary">
<var>${new_text}</var>
<status status="NOT RUN" starttime="20230811 20:09:21.206" endtime="20230811 20:09:21.206"/>
</kw>
<status status="NOT RUN" starttime="20230811 20:09:21.206" endtime="20230811 20:09:21.206"/>
</branch>
<branch type="ELSE IF" condition="${cnt} &gt; 0 and '${type}' == 'phone'">
<kw name="Random Int" library="FakerLibrary">
<var>${new_text}</var>
<arg>min=55555555</arg>
<arg>max=999999999999</arg>
<doc>Generate a random integer between two integers ``min`` and ``max`` inclusive
while observing the provided ``step`` value.</doc>
<status status="NOT RUN" starttime="20230811 20:09:21.206" endtime="20230811 20:09:21.206"/>
</kw>
<kw name="Convert To String" library="BuiltIn">
<var>${new_text}</var>
<arg>${new_text}</arg>
<doc>Converts the given item to a Unicode string.</doc>
<status status="NOT RUN" starttime="20230811 20:09:21.206" endtime="20230811 20:09:21.206"/>
</kw>
<status status="NOT RUN" starttime="20230811 20:09:21.206" endtime="20230811 20:09:21.206"/>
</branch>
<branch type="ELSE IF" condition="${cnt} &gt; 0 and '${type}' == 'number'">
<kw name="Random Int" library="FakerLibrary">
<var>${new_text}</var>
<arg>min=55555555</arg>
<arg>max=999999999999</arg>
<doc>Generate a random integer between two integers ``min`` and ``max`` inclusive
while observing the provided ``step`` value.</doc>
<status status="NOT RUN" starttime="20230811 20:09:21.206" endtime="20230811 20:09:21.206"/>
</kw>
<kw name="Convert To String" library="BuiltIn">
<var>${new_text}</var>
<arg>${new_text}</arg>
<doc>Converts the given item to a Unicode string.</doc>
<status status="NOT RUN" starttime="20230811 20:09:21.206" endtime="20230811 20:09:21.221"/>
</kw>
<status status="NOT RUN" starttime="20230811 20:09:21.206" endtime="20230811 20:09:21.221"/>
</branch>
<branch type="ELSE IF" condition="${cnt} &gt; 0 and '${type}' == 'otp'">
<kw name="Random Int" library="FakerLibrary">
<var>${new_text}</var>
<arg>min=100000</arg>
<arg>max=999999</arg>
<doc>Generate a random integer between two integers ``min`` and ``max`` inclusive
while observing the provided ``step`` value.</doc>
<status status="NOT RUN" starttime="20230811 20:09:21.221" endtime="20230811 20:09:21.221"/>
</kw>
<kw name="Convert To String" library="BuiltIn">
<var>${new_text}</var>
<arg>${new_text}</arg>
<doc>Converts the given item to a Unicode string.</doc>
<status status="NOT RUN" starttime="20230811 20:09:21.221" endtime="20230811 20:09:21.221"/>
</kw>
<status status="NOT RUN" starttime="20230811 20:09:21.221" endtime="20230811 20:09:21.221"/>
</branch>
<branch type="ELSE IF" condition="${cnt} &gt; 0 and '${type}' == 'color'">
<kw name="Safe Hex Color" library="FakerLibrary">
<var>${new_text}</var>
<doc>Generate a web-safe color formatted as a hex triplet.</doc>
<status status="NOT RUN" starttime="20230811 20:09:21.221" endtime="20230811 20:09:21.221"/>
</kw>
<status status="NOT RUN" starttime="20230811 20:09:21.221" endtime="20230811 20:09:21.221"/>
</branch>
<branch type="ELSE IF" condition="${cnt} &gt; 0 and '${type}' == 'date'">
<kw name="Date" library="FakerLibrary">
<var>${new_text}</var>
<arg>pattern=%d-%m-%Y</arg>
<doc>Get a date string between January 1, 1970 and now.</doc>
<status status="NOT RUN" starttime="20230811 20:09:21.221" endtime="20230811 20:09:21.221"/>
</kw>
<status status="NOT RUN" starttime="20230811 20:09:21.221" endtime="20230811 20:09:21.221"/>
</branch>
<branch type="ELSE IF" condition="${cnt} &gt; 0 and '${type}' == 'word'">
<kw name="Sentence" library="FakerLibrary">
<var>${new_text}</var>
<arg>nb_words=500</arg>
<doc>Generate a sentence.</doc>
<status status="NOT RUN" starttime="20230811 20:09:21.221" endtime="20230811 20:09:21.221"/>
</kw>
<status status="NOT RUN" starttime="20230811 20:09:21.221" endtime="20230811 20:09:21.221"/>
</branch>
<branch type="ELSE IF" condition="${cnt} &gt; 0">
<kw name="Sentence" library="FakerLibrary">
<var>${new_text}</var>
<doc>Generate a sentence.</doc>
<msg timestamp="20230811 20:09:21.221" level="INFO">${new_text} = Dolorum accusantium voluptatum perferendis assumenda minima itaque.</msg>
<status status="PASS" starttime="20230811 20:09:21.221" endtime="20230811 20:09:21.221"/>
</kw>
<status status="PASS" starttime="20230811 20:09:21.221" endtime="20230811 20:09:21.221"/>
</branch>
<status status="PASS" starttime="20230811 20:09:21.190" endtime="20230811 20:09:21.221"/>
</if>
<kw name="Get Length" library="BuiltIn">
<var>${cnt}</var>
<arg>${text}</arg>
<doc>Returns and logs the length of the given item as an integer.</doc>
<msg timestamp="20230811 20:09:21.221" level="INFO">Length is 8</msg>
<msg timestamp="20230811 20:09:21.221" level="INFO">${cnt} = 8</msg>
<status status="PASS" starttime="20230811 20:09:21.221" endtime="20230811 20:09:21.221"/>
</kw>
<if>
<branch type="IF" condition="${cnt} &gt; 0">
<kw name="Replace String" library="String">
<var>${text}</var>
<arg>${text}</arg>
<arg>${symbol}</arg>
<arg>${new_text}</arg>
<doc>Replaces ``search_for`` in the given ``string`` with ``replace_with``.</doc>
<msg timestamp="20230811 20:09:21.221" level="INFO">${text} = Dolorum accusantium voluptatum perferendis assumenda minima itaque.</msg>
<status status="PASS" starttime="20230811 20:09:21.221" endtime="20230811 20:09:21.221"/>
</kw>
<status status="PASS" starttime="20230811 20:09:21.221" endtime="20230811 20:09:21.221"/>
</branch>
<status status="PASS" starttime="20230811 20:09:21.221" endtime="20230811 20:09:21.221"/>
</if>
<msg timestamp="20230811 20:09:21.221" level="INFO">${text} = Dolorum accusantium voluptatum perferendis assumenda minima itaque.</msg>
<status status="PASS" starttime="20230811 20:09:21.190" endtime="20230811 20:09:21.221"/>
</kw>
<kw name="Get Element Form Item By Name" library="common">
<var>${element}</var>
<arg>${name}</arg>
<arg>//input[contains(@class, "ant-input")]</arg>
<msg timestamp="20230811 20:09:21.221" level="INFO">${element} = xpath=//*[contains(@class, "ant-form-item-label")]/label[text()="Mật khẩu"]/../../*[contains(@class, "ant-form-item")]//input[contains(@class, "ant-input")]</msg>
<status status="PASS" starttime="20230811 20:09:21.221" endtime="20230811 20:09:21.221"/>
</kw>
<kw name="Clear Text" library="Browser">
<arg>${element}</arg>
<tag>PageContent</tag>
<tag>Setter</tag>
<doc>Clears the text field found by ``selector``.</doc>
<status status="PASS" starttime="20230811 20:09:21.237" endtime="20230811 20:09:21.424"/>
</kw>
<kw name="Fill Text" library="Browser">
<arg>${element}</arg>
<arg>${text}</arg>
<arg>True</arg>
<tag>PageContent</tag>
<tag>Setter</tag>
<doc>Clears and fills the given ``txt`` into the text field found by ``selector``.</doc>
<msg timestamp="20230811 20:09:21.426" level="INFO">Fills the text 'Dolorum accusantium voluptatum perferendis assumenda minima itaque.' in the given field.</msg>
<status status="PASS" starttime="20230811 20:09:21.425" endtime="20230811 20:09:21.468"/>
</kw>
<kw name="Get Length" library="BuiltIn">
<var>${cnt}</var>
<arg>${text}</arg>
<doc>Returns and logs the length of the given item as an integer.</doc>
<msg timestamp="20230811 20:09:21.471" level="INFO">Length is 67</msg>
<msg timestamp="20230811 20:09:21.472" level="INFO">${cnt} = 67</msg>
<status status="PASS" starttime="20230811 20:09:21.469" endtime="20230811 20:09:21.472"/>
</kw>
<if>
<branch type="IF" condition="${cnt} &gt; 0">
<kw name="Set Global Variable" library="BuiltIn">
<arg>${STATE["${name}"]}</arg>
<arg>${text}</arg>
<doc>Makes a variable available globally in all tests and suites.</doc>
<msg timestamp="20230811 20:09:21.479" level="INFO">${STATE["Mật khẩu"]} = Dolorum accusantium voluptatum perferendis assumenda minima itaque.</msg>
<status status="PASS" starttime="20230811 20:09:21.478" endtime="20230811 20:09:21.479"/>
</kw>
<status status="PASS" starttime="20230811 20:09:21.474" endtime="20230811 20:09:21.479"/>
</branch>
<status status="PASS" starttime="20230811 20:09:21.473" endtime="20230811 20:09:21.480"/>
</if>
<status status="PASS" starttime="20230811 20:09:21.175" endtime="20230811 20:09:21.480"/>
</kw>
<kw name="And Reload Page" library="common">
<kw name="Reload" library="Browser">
<tag>BrowserControl</tag>
<tag>Setter</tag>
<doc>Reloads current active page.</doc>
<msg timestamp="20230811 20:09:22.336" level="INFO">Reloaded page</msg>
<status status="PASS" starttime="20230811 20:09:21.487" endtime="20230811 20:09:22.337"/>
</kw>
<status status="PASS" starttime="20230811 20:09:21.486" endtime="20230811 20:09:22.339"/>
</kw>
<kw name="Then User look &quot;Tên đăng nhập&quot; field empty" library="common" sourcename="User look &quot;${name}&quot; field empty">
<kw name="Get Element Form Item By Name" library="common">
<var>${element}</var>
<arg>${name}</arg>
<arg>//input[contains(@class, "ant-input")]</arg>
<msg timestamp="20230811 20:09:22.437" level="INFO">${element} = xpath=//*[contains(@class, "ant-form-item-label")]/label[text()="Tên đăng nhập"]/../../*[contains(@class, "ant-form-item")]//input[contains(@class, "ant-input")]</msg>
<status status="PASS" starttime="20230811 20:09:22.436" endtime="20230811 20:09:22.440"/>
</kw>
<kw name="Element Text Should Be" library="common">
<arg>${element}</arg>
<arg>${EMPTY}</arg>
<kw name="Get Text" library="Browser">
<arg>${locator}</arg>
<arg>equal</arg>
<arg>${expected}</arg>
<arg>${message}</arg>
<tag>Assertion</tag>
<tag>Getter</tag>
<tag>PageContent</tag>
<doc>Returns text attribute of the element found by ``selector``.</doc>
<msg timestamp="20230811 20:09:22.686" level="INFO">Text: ''</msg>
<status status="PASS" starttime="20230811 20:09:22.466" endtime="20230811 20:09:22.687"/>
</kw>
<status status="PASS" starttime="20230811 20:09:22.441" endtime="20230811 20:09:22.687"/>
</kw>
<status status="PASS" starttime="20230811 20:09:22.434" endtime="20230811 20:09:22.688"/>
</kw>
<kw name="And User look &quot;Mật khẩu&quot; field empty" library="common" sourcename="User look &quot;${name}&quot; field empty">
<kw name="Get Element Form Item By Name" library="common">
<var>${element}</var>
<arg>${name}</arg>
<arg>//input[contains(@class, "ant-input")]</arg>
<msg timestamp="20230811 20:09:22.691" level="INFO">${element} = xpath=//*[contains(@class, "ant-form-item-label")]/label[text()="Mật khẩu"]/../../*[contains(@class, "ant-form-item")]//input[contains(@class, "ant-input")]</msg>
<status status="PASS" starttime="20230811 20:09:22.690" endtime="20230811 20:09:22.691"/>
</kw>
<kw name="Element Text Should Be" library="common">
<arg>${element}</arg>
<arg>${EMPTY}</arg>
<kw name="Get Text" library="Browser">
<arg>${locator}</arg>
<arg>equal</arg>
<arg>${expected}</arg>
<arg>${message}</arg>
<tag>Assertion</tag>
<tag>Getter</tag>
<tag>PageContent</tag>
<doc>Returns text attribute of the element found by ``selector``.</doc>
<msg timestamp="20230811 20:09:22.788" level="INFO">Text: ''</msg>
<status status="PASS" starttime="20230811 20:09:22.696" endtime="20230811 20:09:22.788"/>
</kw>
<status status="PASS" starttime="20230811 20:09:22.692" endtime="20230811 20:09:22.789"/>
</kw>
<status status="PASS" starttime="20230811 20:09:22.689" endtime="20230811 20:09:22.790"/>
</kw>
<kw name="Tear Down" library="common" type="TEARDOWN">
<kw name="Close Browser" library="Browser">
<arg>ALL</arg>
<tag>BrowserControl</tag>
<tag>Setter</tag>
<doc>Closes the current browser.</doc>
<msg timestamp="20230811 20:09:25.452" level="INFO">Closed all browsers</msg>
<status status="PASS" starttime="20230811 20:09:22.807" endtime="20230811 20:09:25.453"/>
</kw>
<status status="PASS" starttime="20230811 20:09:22.806" endtime="20230811 20:09:25.453"/>
</kw>
<tag>@regression</tag>
<tag>@smoketest</tag>
<status status="PASS" starttime="20230811 20:09:13.445" endtime="20230811 20:09:25.456"/>
</test>
<status status="PASS" starttime="20230811 20:08:54.875" endtime="20230811 20:09:25.459"/>
</suite>
<statistics>
<total>
<stat pass="2" fail="0" skip="0">All Tests</stat>
</total>
<tag>
<stat pass="2" fail="0" skip="0">@regression</stat>
<stat pass="2" fail="0" skip="0">@smoketest</stat>
</tag>
<suite>
<stat pass="2" fail="0" skip="0" id="s1" name="Login">Login</stat>
</suite>
</statistics>
<errors>
</errors>
</robot>
