<?xml version="1.0" encoding="UTF-8"?>
<robot generator="Robot 6.1 (Python 3.11.4 on win32)" generated="20230711 07:44:50.359" rpa="false" schemaversion="4">
<suite id="s1" name="Hovannhat Login" source="D:\DEMO2\vite-react-ari\test\testcases\hovannhat_login.robot">
<test id="s1-t1" name="DN-09 Verify that Đăng nhập successfully accout Admin with valid Email and Mật khẩu" line="62">
<kw name="Setup" library="common" type="SETUP">
<kw name="Set Browser Timeout" library="Browser">
<arg>${BROWSER_TIMEOUT}</arg>
<tag>Config</tag>
<tag>Setter</tag>
<doc>Sets the timeout used by most input and getter keywords.</doc>
<status status="PASS" starttime="20230711 07:44:54.701" endtime="20230711 07:44:54.720"/>
</kw>
<kw name="New Browser" library="Browser">
<arg>${BROWSER}</arg>
<arg>headless=${HEADLESS}</arg>
<tag>BrowserControl</tag>
<tag>Setter</tag>
<doc>Create a new playwright Browser with specified options.</doc>
<msg timestamp="20230711 07:44:54.723" level="INFO">{"browser": "chromium", "headless": false, "devtools": false, "handleSIGHUP": true, "handleSIGINT": true, "handleSIGTERM": true, "slowMo": 0.0, "timeout": 30000.0, "deprecated_pos_args": [], "tracesDir": "D:\\DEMO2\\vite-react-ari\\browser\\traces\\1830b35a-20a5-4abd-83da-b55168f56521"}</msg>
<msg timestamp="20230711 07:44:56.028" level="INFO">Successfully created browser with options: {"browser":"chromium","headless":false,"devtools":false,"handleSIGHUP":true,"handleSIGINT":true,"handleSIGTERM":true,"slowMo":0,"timeout":30000,"deprecated_pos_args":[],"tracesDir":"D:\\DEMO2\\vite-react-ari\\browser\\traces\\1830b35a-20a5-4abd-83da-b55168f56521"}</msg>
<status status="PASS" starttime="20230711 07:44:54.721" endtime="20230711 07:44:56.029"/>
</kw>
<kw name="New Page" library="Browser">
<arg>${URL_DEFAULT}</arg>
<tag>BrowserControl</tag>
<tag>Setter</tag>
<doc>Open a new Page.</doc>
<msg timestamp="20230711 07:44:58.555" level="INFO">Successfully initialized new page object and opened url: http://localhost:5173</msg>
<msg timestamp="20230711 07:44:58.555" level="INFO">No context was open. New context was automatically opened when this page is created.</msg>
<status status="PASS" starttime="20230711 07:44:56.029" endtime="20230711 07:44:58.556"/>
</kw>
<kw name="Evaluate" library="BuiltIn">
<var>${STATE}</var>
<arg>json.loads('''{}''')</arg>
<arg>json</arg>
<doc>Evaluates the given expression in Python and returns the result.</doc>
<msg timestamp="20230711 07:44:58.559" level="INFO">${STATE} = {}</msg>
<status status="PASS" starttime="20230711 07:44:58.558" endtime="20230711 07:44:58.559"/>
</kw>
<status status="PASS" starttime="20230711 07:44:54.700" endtime="20230711 07:44:58.560"/>
</kw>
<kw name="When Login to admin" library="common">
<kw name="Enter &quot;email&quot; in &quot;Tên đăng nhập&quot; with &quot;admin@admin.com&quot;" library="common" sourcename="Enter &quot;${type}&quot; in &quot;${name}&quot; with &quot;${text}&quot;">
<kw name="Get Random Text" library="common">
<var>${text}</var>
<arg>${type}</arg>
<arg>${text}</arg>
<kw name="Set Variable" library="BuiltIn">
<var>${symbol}</var>
<arg>_RANDOM_</arg>
<doc>Returns the given values which can then be assigned to a variables.</doc>
<msg timestamp="20230711 07:44:58.566" level="INFO">${symbol} = _RANDOM_</msg>
<status status="PASS" starttime="20230711 07:44:58.565" endtime="20230711 07:44:58.566"/>
</kw>
<kw name="Set Variable" library="BuiltIn">
<var>${new_text}</var>
<doc>Returns the given values which can then be assigned to a variables.</doc>
<msg timestamp="20230711 07:44:58.568" level="INFO">${new_text} = </msg>
<status status="PASS" starttime="20230711 07:44:58.567" endtime="20230711 07:44:58.568"/>
</kw>
<kw name="Get Regexp Matches" library="String">
<var>${containsS}</var>
<arg>${text}</arg>
<arg>_@(.+)@_</arg>
<arg>1</arg>
<doc>Returns a list of all non-overlapping matches in the given string.</doc>
<msg timestamp="20230711 07:44:58.571" level="INFO">${containsS} = []</msg>
<status status="PASS" starttime="20230711 07:44:58.569" endtime="20230711 07:44:58.571"/>
</kw>
<kw name="Get Length" library="BuiltIn">
<var>${cntS}</var>
<arg>${containsS}</arg>
<doc>Returns and logs the length of the given item as an integer.</doc>
<msg timestamp="20230711 07:44:58.572" level="INFO">Length is 0</msg>
<msg timestamp="20230711 07:44:58.573" level="INFO">${cntS} = 0</msg>
<status status="PASS" starttime="20230711 07:44:58.572" endtime="20230711 07:44:58.573"/>
</kw>
<kw name="Get Regexp Matches" library="String">
<var>${contains}</var>
<arg>${text}</arg>
<arg>${symbol}</arg>
<doc>Returns a list of all non-overlapping matches in the given string.</doc>
<msg timestamp="20230711 07:44:58.574" level="INFO">${contains} = []</msg>
<status status="PASS" starttime="20230711 07:44:58.573" endtime="20230711 07:44:58.575"/>
</kw>
<kw name="Get Length" library="BuiltIn">
<var>${cnt}</var>
<arg>${contains}</arg>
<doc>Returns and logs the length of the given item as an integer.</doc>
<msg timestamp="20230711 07:44:58.575" level="INFO">Length is 0</msg>
<msg timestamp="20230711 07:44:58.575" level="INFO">${cnt} = 0</msg>
<status status="PASS" starttime="20230711 07:44:58.575" endtime="20230711 07:44:58.576"/>
</kw>
<if>
<branch type="IF" condition="${cntS} &gt; 0">
<kw name="Set Variable" library="BuiltIn">
<var>${new_text}</var>
<arg>${STATE["${containsS[0]}"]}</arg>
<doc>Returns the given values which can then be assigned to a variables.</doc>
<status status="NOT RUN" starttime="20230711 07:44:58.578" endtime="20230711 07:44:58.578"/>
</kw>
<kw name="Set Variable" library="BuiltIn">
<var>${symbol}</var>
<arg>_@${containsS[0]}@_</arg>
<doc>Returns the given values which can then be assigned to a variables.</doc>
<status status="NOT RUN" starttime="20230711 07:44:58.579" endtime="20230711 07:44:58.579"/>
</kw>
<status status="NOT RUN" starttime="20230711 07:44:58.576" endtime="20230711 07:44:58.579"/>
</branch>
<branch type="ELSE IF" condition="${cnt} &gt; 0 and '${type}' == 'test name'">
<kw name="Sentence" library="FakerLibrary">
<var>${random}</var>
<arg>nb_words=3</arg>
<doc>Generate a sentence.</doc>
<status status="NOT RUN" starttime="20230711 07:44:58.580" endtime="20230711 07:44:58.581"/>
</kw>
<kw name="Split String" library="String">
<var>${words}</var>
<arg>${TEST NAME}</arg>
<arg>${SPACE}</arg>
<doc>Splits the ``string`` using ``separator`` as a delimiter string.</doc>
<status status="NOT RUN" starttime="20230711 07:44:58.581" endtime="20230711 07:44:58.582"/>
</kw>
<kw name="Set Variable" library="BuiltIn">
<var>${new_text}</var>
<arg>${words[0]} ${random}</arg>
<doc>Returns the given values which can then be assigned to a variables.</doc>
<status status="NOT RUN" starttime="20230711 07:44:58.582" endtime="20230711 07:44:58.582"/>
</kw>
<status status="NOT RUN" starttime="20230711 07:44:58.579" endtime="20230711 07:44:58.582"/>
</branch>
<branch type="ELSE IF" condition="${cnt} &gt; 0 and '${type}' == 'number'">
<kw name="Random Int" library="FakerLibrary">
<var>${new_text}</var>
<doc>Generate a random integer between two integers ``min`` and ``max`` inclusive
while observing the provided ``step`` value.</doc>
<status status="NOT RUN" starttime="20230711 07:44:58.584" endtime="20230711 07:44:58.584"/>
</kw>
<kw name="Convert To String" library="BuiltIn">
<var>${new_text}</var>
<arg>${new_text}</arg>
<doc>Converts the given item to a Unicode string.</doc>
<status status="NOT RUN" starttime="20230711 07:44:58.585" endtime="20230711 07:44:58.585"/>
</kw>
<status status="NOT RUN" starttime="20230711 07:44:58.583" endtime="20230711 07:44:58.585"/>
</branch>
<branch type="ELSE IF" condition="${cnt} &gt; 0 and '${type}' == 'percentage'">
<kw name="Random Int" library="FakerLibrary">
<var>${new_text}</var>
<arg>max=100</arg>
<doc>Generate a random integer between two integers ``min`` and ``max`` inclusive
while observing the provided ``step`` value.</doc>
<status status="NOT RUN" starttime="20230711 07:44:58.586" endtime="20230711 07:44:58.586"/>
</kw>
<kw name="Convert To String" library="BuiltIn">
<var>${new_text}</var>
<arg>${new_text}</arg>
<doc>Converts the given item to a Unicode string.</doc>
<status status="NOT RUN" starttime="20230711 07:44:58.588" endtime="20230711 07:44:58.588"/>
</kw>
<status status="NOT RUN" starttime="20230711 07:44:58.585" endtime="20230711 07:44:58.589"/>
</branch>
<branch type="ELSE IF" condition="${cnt} &gt; 0 and '${type}' == 'paragraph'">
<kw name="Paragraph" library="FakerLibrary">
<var>${new_text}</var>
<doc>Generate a paragraph.</doc>
<status status="NOT RUN" starttime="20230711 07:44:58.590" endtime="20230711 07:44:58.590"/>
</kw>
<status status="NOT RUN" starttime="20230711 07:44:58.589" endtime="20230711 07:44:58.591"/>
</branch>
<branch type="ELSE IF" condition="${cnt} &gt; 0 and '${type}' == 'email'">
<kw name="Email" library="FakerLibrary">
<var>${new_text}</var>
<status status="NOT RUN" starttime="20230711 07:44:58.592" endtime="20230711 07:44:58.593"/>
</kw>
<status status="NOT RUN" starttime="20230711 07:44:58.591" endtime="20230711 07:44:58.594"/>
</branch>
<branch type="ELSE IF" condition="${cnt} &gt; 0 and '${type}' == 'phone'">
<kw name="Random Int" library="FakerLibrary">
<var>${new_text}</var>
<arg>min=55555555</arg>
<arg>max=999999999999</arg>
<doc>Generate a random integer between two integers ``min`` and ``max`` inclusive
while observing the provided ``step`` value.</doc>
<status status="NOT RUN" starttime="20230711 07:44:58.595" endtime="20230711 07:44:58.595"/>
</kw>
<kw name="Convert To String" library="BuiltIn">
<var>${new_text}</var>
<arg>${new_text}</arg>
<doc>Converts the given item to a Unicode string.</doc>
<status status="NOT RUN" starttime="20230711 07:44:58.595" endtime="20230711 07:44:58.595"/>
</kw>
<status status="NOT RUN" starttime="20230711 07:44:58.594" endtime="20230711 07:44:58.595"/>
</branch>
<branch type="ELSE IF" condition="${cnt} &gt; 0 and '${type}' == 'color'">
<kw name="Safe Hex Color" library="FakerLibrary">
<var>${new_text}</var>
<doc>Generate a web-safe color formatted as a hex triplet.</doc>
<status status="NOT RUN" starttime="20230711 07:44:58.597" endtime="20230711 07:44:58.597"/>
</kw>
<status status="NOT RUN" starttime="20230711 07:44:58.595" endtime="20230711 07:44:58.597"/>
</branch>
<branch type="ELSE IF" condition="${cnt} &gt; 0 and '${type}' == 'date'">
<kw name="Date" library="FakerLibrary">
<var>${new_text}</var>
<arg>pattern=%d-%m-%Y</arg>
<doc>Get a date string between January 1, 1970 and now.</doc>
<status status="NOT RUN" starttime="20230711 07:44:58.598" endtime="20230711 07:44:58.598"/>
</kw>
<status status="NOT RUN" starttime="20230711 07:44:58.597" endtime="20230711 07:44:58.598"/>
</branch>
<branch type="ELSE IF" condition="${cnt} &gt; 0 and '${type}' == 'word'">
<kw name="Sentence" library="FakerLibrary">
<var>${new_text}</var>
<arg>nb_words=2</arg>
<doc>Generate a sentence.</doc>
<status status="NOT RUN" starttime="20230711 07:44:58.599" endtime="20230711 07:44:58.600"/>
</kw>
<status status="NOT RUN" starttime="20230711 07:44:58.599" endtime="20230711 07:44:58.600"/>
</branch>
<branch type="ELSE IF" condition="${cnt} &gt; 0">
<kw name="Sentence" library="FakerLibrary">
<var>${new_text}</var>
<doc>Generate a sentence.</doc>
<status status="NOT RUN" starttime="20230711 07:44:58.602" endtime="20230711 07:44:58.603"/>
</kw>
<status status="NOT RUN" starttime="20230711 07:44:58.601" endtime="20230711 07:44:58.603"/>
</branch>
<status status="PASS" starttime="20230711 07:44:58.576" endtime="20230711 07:44:58.604"/>
</if>
<kw name="Get Length" library="BuiltIn">
<var>${cnt}</var>
<arg>${text}</arg>
<doc>Returns and logs the length of the given item as an integer.</doc>
<msg timestamp="20230711 07:44:58.605" level="INFO">Length is 15</msg>
<msg timestamp="20230711 07:44:58.605" level="INFO">${cnt} = 15</msg>
<status status="PASS" starttime="20230711 07:44:58.604" endtime="20230711 07:44:58.605"/>
</kw>
<if>
<branch type="IF" condition="${cnt} &gt; 0">
<kw name="Replace String" library="String">
<var>${text}</var>
<arg>${text}</arg>
<arg>${symbol}</arg>
<arg>${new_text}</arg>
<doc>Replaces ``search_for`` in the given ``string`` with ``replace_with``.</doc>
<msg timestamp="20230711 07:44:58.608" level="INFO">${text} = admin@admin.com</msg>
<status status="PASS" starttime="20230711 07:44:58.607" endtime="20230711 07:44:58.608"/>
</kw>
<status status="PASS" starttime="20230711 07:44:58.605" endtime="20230711 07:44:58.608"/>
</branch>
<status status="PASS" starttime="20230711 07:44:58.605" endtime="20230711 07:44:58.608"/>
</if>
<msg timestamp="20230711 07:44:58.609" level="INFO">${text} = admin@admin.com</msg>
<status status="PASS" starttime="20230711 07:44:58.565" endtime="20230711 07:44:58.609"/>
</kw>
<kw name="Get Element Form Item By Name" library="common">
<var>${element}</var>
<arg>${name}</arg>
<arg>//input[contains(@class, "ant-input")]</arg>
<msg timestamp="20230711 07:44:58.609" level="INFO">${element} = xpath=//*[contains(@class, "ant-form-item-label")]/label[text()="Tên đăng nhập"]/../../*[contains(@class, "ant-form-item")]//input[contains(@class, "ant-input")]</msg>
<status status="PASS" starttime="20230711 07:44:58.609" endtime="20230711 07:44:58.609"/>
</kw>
<kw name="Clear Text" library="Browser">
<arg>${element}</arg>
<tag>PageContent</tag>
<tag>Setter</tag>
<doc>Clears the text field found by ``selector``.</doc>
<status status="PASS" starttime="20230711 07:44:58.610" endtime="20230711 07:45:00.937"/>
</kw>
<kw name="Fill Text" library="Browser">
<arg>${element}</arg>
<arg>${text}</arg>
<arg>True</arg>
<tag>PageContent</tag>
<tag>Setter</tag>
<doc>Clears and fills the given ``txt`` into the text field found by ``selector``.</doc>
<msg timestamp="20230711 07:45:00.938" level="INFO">Fills the text 'admin@admin.com' in the given field.</msg>
<status status="PASS" starttime="20230711 07:45:00.938" endtime="20230711 07:45:01.007"/>
</kw>
<kw name="Get Length" library="BuiltIn">
<var>${cnt}</var>
<arg>${text}</arg>
<doc>Returns and logs the length of the given item as an integer.</doc>
<msg timestamp="20230711 07:45:01.008" level="INFO">Length is 15</msg>
<msg timestamp="20230711 07:45:01.009" level="INFO">${cnt} = 15</msg>
<status status="PASS" starttime="20230711 07:45:01.008" endtime="20230711 07:45:01.009"/>
</kw>
<if>
<branch type="IF" condition="${cnt} &gt; 0">
<kw name="Set Global Variable" library="BuiltIn">
<arg>${STATE["${name}"]}</arg>
<arg>${text}</arg>
<doc>Makes a variable available globally in all tests and suites.</doc>
<msg timestamp="20230711 07:45:01.012" level="INFO">${STATE["Tên đăng nhập"]} = admin@admin.com</msg>
<status status="PASS" starttime="20230711 07:45:01.010" endtime="20230711 07:45:01.013"/>
</kw>
<status status="PASS" starttime="20230711 07:45:01.009" endtime="20230711 07:45:01.013"/>
</branch>
<status status="PASS" starttime="20230711 07:45:01.009" endtime="20230711 07:45:01.013"/>
</if>
<status status="PASS" starttime="20230711 07:44:58.564" endtime="20230711 07:45:01.014"/>
</kw>
<kw name="Enter &quot;text&quot; in &quot;Mật khẩu&quot; with &quot;Password1!&quot;" library="common" sourcename="Enter &quot;${type}&quot; in &quot;${name}&quot; with &quot;${text}&quot;">
<kw name="Get Random Text" library="common">
<var>${text}</var>
<arg>${type}</arg>
<arg>${text}</arg>
<kw name="Set Variable" library="BuiltIn">
<var>${symbol}</var>
<arg>_RANDOM_</arg>
<doc>Returns the given values which can then be assigned to a variables.</doc>
<msg timestamp="20230711 07:45:01.018" level="INFO">${symbol} = _RANDOM_</msg>
<status status="PASS" starttime="20230711 07:45:01.018" endtime="20230711 07:45:01.019"/>
</kw>
<kw name="Set Variable" library="BuiltIn">
<var>${new_text}</var>
<doc>Returns the given values which can then be assigned to a variables.</doc>
<msg timestamp="20230711 07:45:01.019" level="INFO">${new_text} = </msg>
<status status="PASS" starttime="20230711 07:45:01.019" endtime="20230711 07:45:01.019"/>
</kw>
<kw name="Get Regexp Matches" library="String">
<var>${containsS}</var>
<arg>${text}</arg>
<arg>_@(.+)@_</arg>
<arg>1</arg>
<doc>Returns a list of all non-overlapping matches in the given string.</doc>
<msg timestamp="20230711 07:45:01.021" level="INFO">${containsS} = []</msg>
<status status="PASS" starttime="20230711 07:45:01.020" endtime="20230711 07:45:01.021"/>
</kw>
<kw name="Get Length" library="BuiltIn">
<var>${cntS}</var>
<arg>${containsS}</arg>
<doc>Returns and logs the length of the given item as an integer.</doc>
<msg timestamp="20230711 07:45:01.022" level="INFO">Length is 0</msg>
<msg timestamp="20230711 07:45:01.022" level="INFO">${cntS} = 0</msg>
<status status="PASS" starttime="20230711 07:45:01.021" endtime="20230711 07:45:01.022"/>
</kw>
<kw name="Get Regexp Matches" library="String">
<var>${contains}</var>
<arg>${text}</arg>
<arg>${symbol}</arg>
<doc>Returns a list of all non-overlapping matches in the given string.</doc>
<msg timestamp="20230711 07:45:01.023" level="INFO">${contains} = []</msg>
<status status="PASS" starttime="20230711 07:45:01.022" endtime="20230711 07:45:01.023"/>
</kw>
<kw name="Get Length" library="BuiltIn">
<var>${cnt}</var>
<arg>${contains}</arg>
<doc>Returns and logs the length of the given item as an integer.</doc>
<msg timestamp="20230711 07:45:01.024" level="INFO">Length is 0</msg>
<msg timestamp="20230711 07:45:01.024" level="INFO">${cnt} = 0</msg>
<status status="PASS" starttime="20230711 07:45:01.024" endtime="20230711 07:45:01.025"/>
</kw>
<if>
<branch type="IF" condition="${cntS} &gt; 0">
<kw name="Set Variable" library="BuiltIn">
<var>${new_text}</var>
<arg>${STATE["${containsS[0]}"]}</arg>
<doc>Returns the given values which can then be assigned to a variables.</doc>
<status status="NOT RUN" starttime="20230711 07:45:01.025" endtime="20230711 07:45:01.025"/>
</kw>
<kw name="Set Variable" library="BuiltIn">
<var>${symbol}</var>
<arg>_@${containsS[0]}@_</arg>
<doc>Returns the given values which can then be assigned to a variables.</doc>
<status status="NOT RUN" starttime="20230711 07:45:01.027" endtime="20230711 07:45:01.027"/>
</kw>
<status status="NOT RUN" starttime="20230711 07:45:01.025" endtime="20230711 07:45:01.027"/>
</branch>
<branch type="ELSE IF" condition="${cnt} &gt; 0 and '${type}' == 'test name'">
<kw name="Sentence" library="FakerLibrary">
<var>${random}</var>
<arg>nb_words=3</arg>
<doc>Generate a sentence.</doc>
<status status="NOT RUN" starttime="20230711 07:45:01.028" endtime="20230711 07:45:01.028"/>
</kw>
<kw name="Split String" library="String">
<var>${words}</var>
<arg>${TEST NAME}</arg>
<arg>${SPACE}</arg>
<doc>Splits the ``string`` using ``separator`` as a delimiter string.</doc>
<status status="NOT RUN" starttime="20230711 07:45:01.028" endtime="20230711 07:45:01.029"/>
</kw>
<kw name="Set Variable" library="BuiltIn">
<var>${new_text}</var>
<arg>${words[0]} ${random}</arg>
<doc>Returns the given values which can then be assigned to a variables.</doc>
<status status="NOT RUN" starttime="20230711 07:45:01.029" endtime="20230711 07:45:01.029"/>
</kw>
<status status="NOT RUN" starttime="20230711 07:45:01.027" endtime="20230711 07:45:01.030"/>
</branch>
<branch type="ELSE IF" condition="${cnt} &gt; 0 and '${type}' == 'number'">
<kw name="Random Int" library="FakerLibrary">
<var>${new_text}</var>
<doc>Generate a random integer between two integers ``min`` and ``max`` inclusive
while observing the provided ``step`` value.</doc>
<status status="NOT RUN" starttime="20230711 07:45:01.031" endtime="20230711 07:45:01.031"/>
</kw>
<kw name="Convert To String" library="BuiltIn">
<var>${new_text}</var>
<arg>${new_text}</arg>
<doc>Converts the given item to a Unicode string.</doc>
<status status="NOT RUN" starttime="20230711 07:45:01.031" endtime="20230711 07:45:01.031"/>
</kw>
<status status="NOT RUN" starttime="20230711 07:45:01.030" endtime="20230711 07:45:01.032"/>
</branch>
<branch type="ELSE IF" condition="${cnt} &gt; 0 and '${type}' == 'percentage'">
<kw name="Random Int" library="FakerLibrary">
<var>${new_text}</var>
<arg>max=100</arg>
<doc>Generate a random integer between two integers ``min`` and ``max`` inclusive
while observing the provided ``step`` value.</doc>
<status status="NOT RUN" starttime="20230711 07:45:01.032" endtime="20230711 07:45:01.032"/>
</kw>
<kw name="Convert To String" library="BuiltIn">
<var>${new_text}</var>
<arg>${new_text}</arg>
<doc>Converts the given item to a Unicode string.</doc>
<status status="NOT RUN" starttime="20230711 07:45:01.033" endtime="20230711 07:45:01.033"/>
</kw>
<status status="NOT RUN" starttime="20230711 07:45:01.032" endtime="20230711 07:45:01.033"/>
</branch>
<branch type="ELSE IF" condition="${cnt} &gt; 0 and '${type}' == 'paragraph'">
<kw name="Paragraph" library="FakerLibrary">
<var>${new_text}</var>
<doc>Generate a paragraph.</doc>
<status status="NOT RUN" starttime="20230711 07:45:01.034" endtime="20230711 07:45:01.034"/>
</kw>
<status status="NOT RUN" starttime="20230711 07:45:01.033" endtime="20230711 07:45:01.034"/>
</branch>
<branch type="ELSE IF" condition="${cnt} &gt; 0 and '${type}' == 'email'">
<kw name="Email" library="FakerLibrary">
<var>${new_text}</var>
<status status="NOT RUN" starttime="20230711 07:45:01.035" endtime="20230711 07:45:01.035"/>
</kw>
<status status="NOT RUN" starttime="20230711 07:45:01.034" endtime="20230711 07:45:01.035"/>
</branch>
<branch type="ELSE IF" condition="${cnt} &gt; 0 and '${type}' == 'phone'">
<kw name="Random Int" library="FakerLibrary">
<var>${new_text}</var>
<arg>min=55555555</arg>
<arg>max=999999999999</arg>
<doc>Generate a random integer between two integers ``min`` and ``max`` inclusive
while observing the provided ``step`` value.</doc>
<status status="NOT RUN" starttime="20230711 07:45:01.035" endtime="20230711 07:45:01.035"/>
</kw>
<kw name="Convert To String" library="BuiltIn">
<var>${new_text}</var>
<arg>${new_text}</arg>
<doc>Converts the given item to a Unicode string.</doc>
<status status="NOT RUN" starttime="20230711 07:45:01.037" endtime="20230711 07:45:01.037"/>
</kw>
<status status="NOT RUN" starttime="20230711 07:45:01.035" endtime="20230711 07:45:01.037"/>
</branch>
<branch type="ELSE IF" condition="${cnt} &gt; 0 and '${type}' == 'color'">
<kw name="Safe Hex Color" library="FakerLibrary">
<var>${new_text}</var>
<doc>Generate a web-safe color formatted as a hex triplet.</doc>
<status status="NOT RUN" starttime="20230711 07:45:01.039" endtime="20230711 07:45:01.039"/>
</kw>
<status status="NOT RUN" starttime="20230711 07:45:01.037" endtime="20230711 07:45:01.039"/>
</branch>
<branch type="ELSE IF" condition="${cnt} &gt; 0 and '${type}' == 'date'">
<kw name="Date" library="FakerLibrary">
<var>${new_text}</var>
<arg>pattern=%d-%m-%Y</arg>
<doc>Get a date string between January 1, 1970 and now.</doc>
<status status="NOT RUN" starttime="20230711 07:45:01.040" endtime="20230711 07:45:01.040"/>
</kw>
<status status="NOT RUN" starttime="20230711 07:45:01.039" endtime="20230711 07:45:01.040"/>
</branch>
<branch type="ELSE IF" condition="${cnt} &gt; 0 and '${type}' == 'word'">
<kw name="Sentence" library="FakerLibrary">
<var>${new_text}</var>
<arg>nb_words=2</arg>
<doc>Generate a sentence.</doc>
<status status="NOT RUN" starttime="20230711 07:45:01.041" endtime="20230711 07:45:01.042"/>
</kw>
<status status="NOT RUN" starttime="20230711 07:45:01.041" endtime="20230711 07:45:01.042"/>
</branch>
<branch type="ELSE IF" condition="${cnt} &gt; 0">
<kw name="Sentence" library="FakerLibrary">
<var>${new_text}</var>
<doc>Generate a sentence.</doc>
<status status="NOT RUN" starttime="20230711 07:45:01.043" endtime="20230711 07:45:01.043"/>
</kw>
<status status="NOT RUN" starttime="20230711 07:45:01.042" endtime="20230711 07:45:01.043"/>
</branch>
<status status="PASS" starttime="20230711 07:45:01.025" endtime="20230711 07:45:01.043"/>
</if>
<kw name="Get Length" library="BuiltIn">
<var>${cnt}</var>
<arg>${text}</arg>
<doc>Returns and logs the length of the given item as an integer.</doc>
<msg timestamp="20230711 07:45:01.044" level="INFO">Length is 10</msg>
<msg timestamp="20230711 07:45:01.045" level="INFO">${cnt} = 10</msg>
<status status="PASS" starttime="20230711 07:45:01.044" endtime="20230711 07:45:01.045"/>
</kw>
<if>
<branch type="IF" condition="${cnt} &gt; 0">
<kw name="Replace String" library="String">
<var>${text}</var>
<arg>${text}</arg>
<arg>${symbol}</arg>
<arg>${new_text}</arg>
<doc>Replaces ``search_for`` in the given ``string`` with ``replace_with``.</doc>
<msg timestamp="20230711 07:45:01.047" level="INFO">${text} = Password1!</msg>
<status status="PASS" starttime="20230711 07:45:01.046" endtime="20230711 07:45:01.047"/>
</kw>
<status status="PASS" starttime="20230711 07:45:01.045" endtime="20230711 07:45:01.047"/>
</branch>
<status status="PASS" starttime="20230711 07:45:01.045" endtime="20230711 07:45:01.047"/>
</if>
<msg timestamp="20230711 07:45:01.047" level="INFO">${text} = Password1!</msg>
<status status="PASS" starttime="20230711 07:45:01.015" endtime="20230711 07:45:01.048"/>
</kw>
<kw name="Get Element Form Item By Name" library="common">
<var>${element}</var>
<arg>${name}</arg>
<arg>//input[contains(@class, "ant-input")]</arg>
<msg timestamp="20230711 07:45:01.049" level="INFO">${element} = xpath=//*[contains(@class, "ant-form-item-label")]/label[text()="Mật khẩu"]/../../*[contains(@class, "ant-form-item")]//input[contains(@class, "ant-input")]</msg>
<status status="PASS" starttime="20230711 07:45:01.048" endtime="20230711 07:45:01.049"/>
</kw>
<kw name="Clear Text" library="Browser">
<arg>${element}</arg>
<tag>PageContent</tag>
<tag>Setter</tag>
<doc>Clears the text field found by ``selector``.</doc>
<status status="PASS" starttime="20230711 07:45:01.050" endtime="20230711 07:45:01.151"/>
</kw>
<kw name="Fill Text" library="Browser">
<arg>${element}</arg>
<arg>${text}</arg>
<arg>True</arg>
<tag>PageContent</tag>
<tag>Setter</tag>
<doc>Clears and fills the given ``txt`` into the text field found by ``selector``.</doc>
<msg timestamp="20230711 07:45:01.152" level="INFO">Fills the text 'Password1!' in the given field.</msg>
<status status="PASS" starttime="20230711 07:45:01.151" endtime="20230711 07:45:01.234"/>
</kw>
<kw name="Get Length" library="BuiltIn">
<var>${cnt}</var>
<arg>${text}</arg>
<doc>Returns and logs the length of the given item as an integer.</doc>
<msg timestamp="20230711 07:45:01.236" level="INFO">Length is 10</msg>
<msg timestamp="20230711 07:45:01.237" level="INFO">${cnt} = 10</msg>
<status status="PASS" starttime="20230711 07:45:01.235" endtime="20230711 07:45:01.238"/>
</kw>
<if>
<branch type="IF" condition="${cnt} &gt; 0">
<kw name="Set Global Variable" library="BuiltIn">
<arg>${STATE["${name}"]}</arg>
<arg>${text}</arg>
<doc>Makes a variable available globally in all tests and suites.</doc>
<msg timestamp="20230711 07:45:01.242" level="INFO">${STATE["Mật khẩu"]} = Password1!</msg>
<status status="PASS" starttime="20230711 07:45:01.240" endtime="20230711 07:45:01.242"/>
</kw>
<status status="PASS" starttime="20230711 07:45:01.239" endtime="20230711 07:45:01.242"/>
</branch>
<status status="PASS" starttime="20230711 07:45:01.239" endtime="20230711 07:45:01.242"/>
</if>
<status status="PASS" starttime="20230711 07:45:01.014" endtime="20230711 07:45:01.242"/>
</kw>
<kw name="Click &quot;Đăng nhập&quot; button" library="common" sourcename="Click &quot;${text}&quot; button">
<kw name="Click" library="Browser">
<arg>xpath=//button[@title = "${text}"]</arg>
<tag>PageContent</tag>
<tag>Setter</tag>
<doc>Simulates mouse click on the element found by ``selector``.</doc>
<status status="PASS" starttime="20230711 07:45:01.243" endtime="20230711 07:45:01.509"/>
</kw>
<kw name="Click Confirm To Action" library="common">
<kw name="Set Variable" library="BuiltIn">
<var>${element}</var>
<arg>xpath=//*[contains(@class, "ant-popover")]//*[contains(@class, "ant-btn-primary")]</arg>
<doc>Returns the given values which can then be assigned to a variables.</doc>
<msg timestamp="20230711 07:45:01.511" level="INFO">${element} = xpath=//*[contains(@class, "ant-popover")]//*[contains(@class, "ant-btn-primary")]</msg>
<status status="PASS" starttime="20230711 07:45:01.510" endtime="20230711 07:45:01.511"/>
</kw>
<kw name="Get Element Count" library="Browser">
<var>${count}</var>
<arg>${element}</arg>
<tag>Assertion</tag>
<tag>Getter</tag>
<tag>PageContent</tag>
<doc>Returns the count of elements found with ``selector``.</doc>
<msg timestamp="20230711 07:45:01.535" level="INFO">${count} = 0</msg>
<status status="PASS" starttime="20230711 07:45:01.511" endtime="20230711 07:45:01.535"/>
</kw>
<if>
<branch type="IF" condition="${count} &gt; 0">
<kw name="Click" library="Browser">
<arg>${element}</arg>
<tag>PageContent</tag>
<tag>Setter</tag>
<doc>Simulates mouse click on the element found by ``selector``.</doc>
<status status="NOT RUN" starttime="20230711 07:45:01.536" endtime="20230711 07:45:01.538"/>
</kw>
<kw name="Sleep" library="BuiltIn">
<arg>${SHOULD_TIMEOUT}</arg>
<doc>Pauses the test executed for the given time.</doc>
<status status="NOT RUN" starttime="20230711 07:45:01.538" endtime="20230711 07:45:01.538"/>
</kw>
<status status="NOT RUN" starttime="20230711 07:45:01.535" endtime="20230711 07:45:01.539"/>
</branch>
<status status="PASS" starttime="20230711 07:45:01.535" endtime="20230711 07:45:01.539"/>
</if>
<status status="PASS" starttime="20230711 07:45:01.509" endtime="20230711 07:45:01.540"/>
</kw>
<kw name="Scroll By" library="Browser">
<arg>${None}</arg>
<tag>PageContent</tag>
<tag>Setter</tag>
<doc>Scrolls an element or the page relative from current position by the given values.</doc>
<status status="PASS" starttime="20230711 07:45:01.541" endtime="20230711 07:45:01.612"/>
</kw>
<status status="PASS" starttime="20230711 07:45:01.243" endtime="20230711 07:45:01.613"/>
</kw>
<kw name="User look message &quot;Thành công&quot; popup" library="common" sourcename="User look message &quot;${message}&quot; popup">
<kw name="Get Regexp Matches" library="String">
<var>${contains}</var>
<arg>${message}</arg>
<arg>_@(.+)@_</arg>
<arg>1</arg>
<doc>Returns a list of all non-overlapping matches in the given string.</doc>
<msg timestamp="20230711 07:45:01.614" level="INFO">${contains} = []</msg>
<status status="PASS" starttime="20230711 07:45:01.613" endtime="20230711 07:45:01.614"/>
</kw>
<kw name="Get Length" library="BuiltIn">
<var>${cnt}</var>
<arg>${contains}</arg>
<doc>Returns and logs the length of the given item as an integer.</doc>
<msg timestamp="20230711 07:45:01.614" level="INFO">Length is 0</msg>
<msg timestamp="20230711 07:45:01.614" level="INFO">${cnt} = 0</msg>
<status status="PASS" starttime="20230711 07:45:01.614" endtime="20230711 07:45:01.615"/>
</kw>
<if>
<branch type="IF" condition="${cnt} &gt; 0">
<kw name="Replace String" library="String">
<var>${message}</var>
<arg>${message}</arg>
<arg>_@${contains[0]}@_</arg>
<arg>${STATE["${contains[0]}"]}</arg>
<doc>Replaces ``search_for`` in the given ``string`` with ``replace_with``.</doc>
<status status="NOT RUN" starttime="20230711 07:45:01.615" endtime="20230711 07:45:01.616"/>
</kw>
<status status="NOT RUN" starttime="20230711 07:45:01.615" endtime="20230711 07:45:01.616"/>
</branch>
<status status="PASS" starttime="20230711 07:45:01.615" endtime="20230711 07:45:01.616"/>
</if>
<kw name="Element Text Should Be" library="common">
<arg>id=swal2-html-container</arg>
<arg>${message}</arg>
<kw name="Get Text" library="Browser">
<arg>${locator}</arg>
<arg>equal</arg>
<arg>${expected}</arg>
<arg>${message}</arg>
<tag>Assertion</tag>
<tag>Getter</tag>
<tag>PageContent</tag>
<doc>Returns text attribute of the element found by ``selector``.</doc>
<msg timestamp="20230711 07:45:04.378" level="INFO">Text: 'Thành công'</msg>
<status status="PASS" starttime="20230711 07:45:01.622" endtime="20230711 07:45:04.378"/>
</kw>
<status status="PASS" starttime="20230711 07:45:01.618" endtime="20230711 07:45:04.378"/>
</kw>
<kw name="Set Variable" library="BuiltIn">
<var>${element}</var>
<arg>xpath=//*[contains(@class, "swal2-confirm")]</arg>
<doc>Returns the given values which can then be assigned to a variables.</doc>
<msg timestamp="20230711 07:45:04.379" level="INFO">${element} = xpath=//*[contains(@class, "swal2-confirm")]</msg>
<status status="PASS" starttime="20230711 07:45:04.379" endtime="20230711 07:45:04.379"/>
</kw>
<kw name="Run Keyword And Return Status" library="BuiltIn">
<var>${passed}</var>
<arg>Element Should Be Visible</arg>
<arg>${element}</arg>
<doc>Runs the given keyword with given arguments and returns the status as a Boolean value.</doc>
<kw name="Element Should Be Visible" library="common">
<arg>${element}</arg>
<kw name="Wait For Elements State" library="Browser">
<arg>${locator}</arg>
<arg>visible</arg>
<arg>${timeout}</arg>
<arg>${message}</arg>
<tag>PageContent</tag>
<tag>Wait</tag>
<doc>Waits for the element found by ``selector`` to satisfy state option.</doc>
<msg timestamp="20230711 07:45:05.065" level="INFO" html="true">&lt;/td&gt;&lt;/tr&gt;&lt;tr&gt;&lt;td colspan="3"&gt;&lt;a href="browser/screenshot/fail-screenshot-1.png" target="_blank"&gt;&lt;img src="browser/screenshot/fail-screenshot-1.png" width="800px"/&gt;&lt;/a&gt;</msg>
<msg timestamp="20230711 07:45:05.065" level="INFO">See also file:///D:/DEMO2/vite-react-ari/playwright-log.txt for additional details.</msg>
<msg timestamp="20230711 07:45:05.065" level="FAIL">TimeoutError: locator.waitFor: Timeout 100ms exceeded.
=========================== logs ===========================
waiting for locator('xpath=//*[contains(@class, "swal2-confirm")]') to be visible
============================================================
Tip: Use "Set Browser Timeout" for increasing the timeout or double check your locator as the targeted element(s) couldn't be found.</msg>
<status status="FAIL" starttime="20230711 07:45:04.383" endtime="20230711 07:45:05.077"/>
</kw>
<status status="FAIL" starttime="20230711 07:45:04.380" endtime="20230711 07:45:05.077"/>
</kw>
<msg timestamp="20230711 07:45:05.079" level="INFO">${passed} = False</msg>
<status status="PASS" starttime="20230711 07:45:04.380" endtime="20230711 07:45:05.079"/>
</kw>
<if>
<branch type="IF" condition="'${passed}' == 'True'">
<kw name="Click" library="Browser">
<arg>${element}</arg>
<tag>PageContent</tag>
<tag>Setter</tag>
<doc>Simulates mouse click on the element found by ``selector``.</doc>
<status status="NOT RUN" starttime="20230711 07:45:05.079" endtime="20230711 07:45:05.080"/>
</kw>
<status status="NOT RUN" starttime="20230711 07:45:05.079" endtime="20230711 07:45:05.080"/>
</branch>
<status status="PASS" starttime="20230711 07:45:05.079" endtime="20230711 07:45:05.080"/>
</if>
<kw name="Wait Until Element Is Not Exist" library="common">
<arg>${notify}</arg>
<kw name="Wait For Elements State" library="Browser">
<arg>${locator}</arg>
<arg>detached</arg>
<arg>${timeout}</arg>
<arg>${message}</arg>
<tag>PageContent</tag>
<tag>Wait</tag>
<doc>Waits for the element found by ``selector`` to satisfy state option.</doc>
<msg timestamp="20230711 07:45:06.877" level="INFO">Waited for Element with selector xpath=//*[contains(@class, "swal2-confirm")] at state detached</msg>
<status status="PASS" starttime="20230711 07:45:05.084" endtime="20230711 07:45:06.878"/>
</kw>
<status status="PASS" starttime="20230711 07:45:05.080" endtime="20230711 07:45:06.879"/>
</kw>
<status status="PASS" starttime="20230711 07:45:01.613" endtime="20230711 07:45:06.879"/>
</kw>
<status status="PASS" starttime="20230711 07:44:58.563" endtime="20230711 07:45:06.879"/>
</kw>
<kw name="Then User look title &quot;Danh sách nghỉ phép&quot;" library="common" sourcename="User look title &quot;${title}&quot;">
<kw name="Sleep" library="BuiltIn">
<arg>1 seconds</arg>
<doc>Pauses the test executed for the given time.</doc>
<msg timestamp="20230711 07:45:07.882" level="INFO">Slept 1 second</msg>
<status status="PASS" starttime="20230711 07:45:06.881" endtime="20230711 07:45:07.882"/>
</kw>
<kw name="Title Should Be" library="common">
<arg>${title}</arg>
<kw name="Get Title" library="Browser">
<var>${actualTitle}</var>
<tag>Assertion</tag>
<tag>Getter</tag>
<tag>PageContent</tag>
<doc>Returns the title of the current page.</doc>
<msg timestamp="20230711 07:45:07.891" level="INFO">Title: 'Danh sách nghỉ phép'</msg>
<msg timestamp="20230711 07:45:07.891" level="INFO">${actualTitle} = Danh sách nghỉ phép</msg>
<status status="PASS" starttime="20230711 07:45:07.883" endtime="20230711 07:45:07.891"/>
</kw>
<kw name="Should Be Equal As Strings" library="BuiltIn">
<arg>${actualTitle}</arg>
<arg>${expectedTitle}</arg>
<doc>Fails if objects are unequal after converting them to strings.</doc>
<status status="PASS" starttime="20230711 07:45:07.891" endtime="20230711 07:45:07.892"/>
</kw>
<status status="PASS" starttime="20230711 07:45:07.882" endtime="20230711 07:45:07.892"/>
</kw>
<status status="PASS" starttime="20230711 07:45:06.880" endtime="20230711 07:45:07.893"/>
</kw>
<kw name="And User look menu &quot;Người Dùng&quot;" library="common" sourcename="User look menu &quot;${text}&quot;">
<kw name="Element Text Should Be" library="common">
<arg>xpath=//li[contains(@class, "menu") and descendant::span[contains(text(), "${text}")]]</arg>
<arg>${text}</arg>
<kw name="Get Text" library="Browser">
<arg>${locator}</arg>
<arg>equal</arg>
<arg>${expected}</arg>
<arg>${message}</arg>
<tag>Assertion</tag>
<tag>Getter</tag>
<tag>PageContent</tag>
<doc>Returns text attribute of the element found by ``selector``.</doc>
<msg timestamp="20230711 07:45:07.932" level="INFO">Text: 'Người Dùng'</msg>
<status status="PASS" starttime="20230711 07:45:07.897" endtime="20230711 07:45:07.933"/>
</kw>
<status status="PASS" starttime="20230711 07:45:07.894" endtime="20230711 07:45:07.933"/>
</kw>
<status status="PASS" starttime="20230711 07:45:07.894" endtime="20230711 07:45:07.934"/>
</kw>
<kw name="And User look menu &quot;Nghỉ phép&quot;" library="common" sourcename="User look menu &quot;${text}&quot;">
<kw name="Element Text Should Be" library="common">
<arg>xpath=//li[contains(@class, "menu") and descendant::span[contains(text(), "${text}")]]</arg>
<arg>${text}</arg>
<kw name="Get Text" library="Browser">
<arg>${locator}</arg>
<arg>equal</arg>
<arg>${expected}</arg>
<arg>${message}</arg>
<tag>Assertion</tag>
<tag>Getter</tag>
<tag>PageContent</tag>
<doc>Returns text attribute of the element found by ``selector``.</doc>
<msg timestamp="20230711 07:45:07.981" level="INFO">Text: 'Nghỉ phép'</msg>
<status status="PASS" starttime="20230711 07:45:07.943" endtime="20230711 07:45:07.981"/>
</kw>
<status status="PASS" starttime="20230711 07:45:07.938" endtime="20230711 07:45:07.981"/>
</kw>
<status status="PASS" starttime="20230711 07:45:07.937" endtime="20230711 07:45:07.982"/>
</kw>
<kw name="And User look menu &quot;Thiết lập&quot;" library="common" sourcename="User look menu &quot;${text}&quot;">
<kw name="Element Text Should Be" library="common">
<arg>xpath=//li[contains(@class, "menu") and descendant::span[contains(text(), "${text}")]]</arg>
<arg>${text}</arg>
<kw name="Get Text" library="Browser">
<arg>${locator}</arg>
<arg>equal</arg>
<arg>${expected}</arg>
<arg>${message}</arg>
<tag>Assertion</tag>
<tag>Getter</tag>
<tag>PageContent</tag>
<doc>Returns text attribute of the element found by ``selector``.</doc>
<msg timestamp="20230711 07:45:08.023" level="INFO">Text: 'Thiết lập'</msg>
<status status="PASS" starttime="20230711 07:45:07.988" endtime="20230711 07:45:08.023"/>
</kw>
<status status="PASS" starttime="20230711 07:45:07.984" endtime="20230711 07:45:08.023"/>
</kw>
<status status="PASS" starttime="20230711 07:45:07.983" endtime="20230711 07:45:08.024"/>
</kw>
<tag>@regression</tag>
<tag>@smoketest</tag>
<status status="PASS" starttime="20230711 07:44:54.693" endtime="20230711 07:45:08.024"/>
</test>
<test id="s1-t2" name="DN-10 Verify that Đăng nhập successfully account Manager with valid Email and Mật khẩu" line="70">
<kw name="Setup" library="common" type="SETUP">
<kw name="Set Browser Timeout" library="Browser">
<arg>${BROWSER_TIMEOUT}</arg>
<tag>Config</tag>
<tag>Setter</tag>
<doc>Sets the timeout used by most input and getter keywords.</doc>
<status status="PASS" starttime="20230711 07:45:08.775" endtime="20230711 07:45:08.777"/>
</kw>
<kw name="New Browser" library="Browser">
<arg>${BROWSER}</arg>
<arg>headless=${HEADLESS}</arg>
<tag>BrowserControl</tag>
<tag>Setter</tag>
<doc>Create a new playwright Browser with specified options.</doc>
<msg timestamp="20230711 07:45:08.778" level="INFO">Switching browser to browser=f72f3994-8de2-437c-8786-20b3680b6d1f</msg>
<msg timestamp="20230711 07:45:08.782" level="INFO">Successfully changed active browser</msg>
<msg timestamp="20230711 07:45:08.782" level="INFO">Reusing existing browser with id: browser=f72f3994-8de2-437c-8786-20b3680b6d1f</msg>
<status status="PASS" starttime="20230711 07:45:08.777" endtime="20230711 07:45:08.782"/>
</kw>
<kw name="New Page" library="Browser">
<arg>${URL_DEFAULT}</arg>
<tag>BrowserControl</tag>
<tag>Setter</tag>
<doc>Open a new Page.</doc>
<msg timestamp="20230711 07:45:11.715" level="INFO">Successfully initialized new page object and opened url: http://localhost:5173</msg>
<msg timestamp="20230711 07:45:11.715" level="INFO">No context was open. New context was automatically opened when this page is created.</msg>
<status status="PASS" starttime="20230711 07:45:08.783" endtime="20230711 07:45:11.715"/>
</kw>
<kw name="Evaluate" library="BuiltIn">
<var>${STATE}</var>
<arg>json.loads('''{}''')</arg>
<arg>json</arg>
<doc>Evaluates the given expression in Python and returns the result.</doc>
<msg timestamp="20230711 07:45:11.717" level="INFO">${STATE} = {}</msg>
<status status="PASS" starttime="20230711 07:45:11.717" endtime="20230711 07:45:11.717"/>
</kw>
<status status="PASS" starttime="20230711 07:45:08.774" endtime="20230711 07:45:11.718"/>
</kw>
<kw name="When Login to Manager" library="common">
<kw name="Enter &quot;email&quot; in &quot;Tên đăng nhập&quot; with &quot;hodutali_manager@husc.edu.vn&quot;" library="common" sourcename="Enter &quot;${type}&quot; in &quot;${name}&quot; with &quot;${text}&quot;">
<kw name="Get Random Text" library="common">
<var>${text}</var>
<arg>${type}</arg>
<arg>${text}</arg>
<kw name="Set Variable" library="BuiltIn">
<var>${symbol}</var>
<arg>_RANDOM_</arg>
<doc>Returns the given values which can then be assigned to a variables.</doc>
<msg timestamp="20230711 07:45:11.730" level="INFO">${symbol} = _RANDOM_</msg>
<status status="PASS" starttime="20230711 07:45:11.729" endtime="20230711 07:45:11.730"/>
</kw>
<kw name="Set Variable" library="BuiltIn">
<var>${new_text}</var>
<doc>Returns the given values which can then be assigned to a variables.</doc>
<msg timestamp="20230711 07:45:11.731" level="INFO">${new_text} = </msg>
<status status="PASS" starttime="20230711 07:45:11.730" endtime="20230711 07:45:11.731"/>
</kw>
<kw name="Get Regexp Matches" library="String">
<var>${containsS}</var>
<arg>${text}</arg>
<arg>_@(.+)@_</arg>
<arg>1</arg>
<doc>Returns a list of all non-overlapping matches in the given string.</doc>
<msg timestamp="20230711 07:45:11.732" level="INFO">${containsS} = []</msg>
<status status="PASS" starttime="20230711 07:45:11.731" endtime="20230711 07:45:11.732"/>
</kw>
<kw name="Get Length" library="BuiltIn">
<var>${cntS}</var>
<arg>${containsS}</arg>
<doc>Returns and logs the length of the given item as an integer.</doc>
<msg timestamp="20230711 07:45:11.734" level="INFO">Length is 0</msg>
<msg timestamp="20230711 07:45:11.735" level="INFO">${cntS} = 0</msg>
<status status="PASS" starttime="20230711 07:45:11.733" endtime="20230711 07:45:11.735"/>
</kw>
<kw name="Get Regexp Matches" library="String">
<var>${contains}</var>
<arg>${text}</arg>
<arg>${symbol}</arg>
<doc>Returns a list of all non-overlapping matches in the given string.</doc>
<msg timestamp="20230711 07:45:11.737" level="INFO">${contains} = []</msg>
<status status="PASS" starttime="20230711 07:45:11.736" endtime="20230711 07:45:11.737"/>
</kw>
<kw name="Get Length" library="BuiltIn">
<var>${cnt}</var>
<arg>${contains}</arg>
<doc>Returns and logs the length of the given item as an integer.</doc>
<msg timestamp="20230711 07:45:11.739" level="INFO">Length is 0</msg>
<msg timestamp="20230711 07:45:11.739" level="INFO">${cnt} = 0</msg>
<status status="PASS" starttime="20230711 07:45:11.737" endtime="20230711 07:45:11.739"/>
</kw>
<if>
<branch type="IF" condition="${cntS} &gt; 0">
<kw name="Set Variable" library="BuiltIn">
<var>${new_text}</var>
<arg>${STATE["${containsS[0]}"]}</arg>
<doc>Returns the given values which can then be assigned to a variables.</doc>
<status status="NOT RUN" starttime="20230711 07:45:11.740" endtime="20230711 07:45:11.741"/>
</kw>
<kw name="Set Variable" library="BuiltIn">
<var>${symbol}</var>
<arg>_@${containsS[0]}@_</arg>
<doc>Returns the given values which can then be assigned to a variables.</doc>
<status status="NOT RUN" starttime="20230711 07:45:11.741" endtime="20230711 07:45:11.741"/>
</kw>
<status status="NOT RUN" starttime="20230711 07:45:11.740" endtime="20230711 07:45:11.741"/>
</branch>
<branch type="ELSE IF" condition="${cnt} &gt; 0 and '${type}' == 'test name'">
<kw name="Sentence" library="FakerLibrary">
<var>${random}</var>
<arg>nb_words=3</arg>
<doc>Generate a sentence.</doc>
<status status="NOT RUN" starttime="20230711 07:45:11.742" endtime="20230711 07:45:11.742"/>
</kw>
<kw name="Split String" library="String">
<var>${words}</var>
<arg>${TEST NAME}</arg>
<arg>${SPACE}</arg>
<doc>Splits the ``string`` using ``separator`` as a delimiter string.</doc>
<status status="NOT RUN" starttime="20230711 07:45:11.743" endtime="20230711 07:45:11.743"/>
</kw>
<kw name="Set Variable" library="BuiltIn">
<var>${new_text}</var>
<arg>${words[0]} ${random}</arg>
<doc>Returns the given values which can then be assigned to a variables.</doc>
<status status="NOT RUN" starttime="20230711 07:45:11.743" endtime="20230711 07:45:11.744"/>
</kw>
<status status="NOT RUN" starttime="20230711 07:45:11.742" endtime="20230711 07:45:11.744"/>
</branch>
<branch type="ELSE IF" condition="${cnt} &gt; 0 and '${type}' == 'number'">
<kw name="Random Int" library="FakerLibrary">
<var>${new_text}</var>
<doc>Generate a random integer between two integers ``min`` and ``max`` inclusive
while observing the provided ``step`` value.</doc>
<status status="NOT RUN" starttime="20230711 07:45:11.745" endtime="20230711 07:45:11.745"/>
</kw>
<kw name="Convert To String" library="BuiltIn">
<var>${new_text}</var>
<arg>${new_text}</arg>
<doc>Converts the given item to a Unicode string.</doc>
<status status="NOT RUN" starttime="20230711 07:45:11.745" endtime="20230711 07:45:11.746"/>
</kw>
<status status="NOT RUN" starttime="20230711 07:45:11.744" endtime="20230711 07:45:11.746"/>
</branch>
<branch type="ELSE IF" condition="${cnt} &gt; 0 and '${type}' == 'percentage'">
<kw name="Random Int" library="FakerLibrary">
<var>${new_text}</var>
<arg>max=100</arg>
<doc>Generate a random integer between two integers ``min`` and ``max`` inclusive
while observing the provided ``step`` value.</doc>
<status status="NOT RUN" starttime="20230711 07:45:11.747" endtime="20230711 07:45:11.747"/>
</kw>
<kw name="Convert To String" library="BuiltIn">
<var>${new_text}</var>
<arg>${new_text}</arg>
<doc>Converts the given item to a Unicode string.</doc>
<status status="NOT RUN" starttime="20230711 07:45:11.747" endtime="20230711 07:45:11.748"/>
</kw>
<status status="NOT RUN" starttime="20230711 07:45:11.746" endtime="20230711 07:45:11.748"/>
</branch>
<branch type="ELSE IF" condition="${cnt} &gt; 0 and '${type}' == 'paragraph'">
<kw name="Paragraph" library="FakerLibrary">
<var>${new_text}</var>
<doc>Generate a paragraph.</doc>
<status status="NOT RUN" starttime="20230711 07:45:11.749" endtime="20230711 07:45:11.749"/>
</kw>
<status status="NOT RUN" starttime="20230711 07:45:11.748" endtime="20230711 07:45:11.750"/>
</branch>
<branch type="ELSE IF" condition="${cnt} &gt; 0 and '${type}' == 'email'">
<kw name="Email" library="FakerLibrary">
<var>${new_text}</var>
<status status="NOT RUN" starttime="20230711 07:45:11.751" endtime="20230711 07:45:11.751"/>
</kw>
<status status="NOT RUN" starttime="20230711 07:45:11.750" endtime="20230711 07:45:11.752"/>
</branch>
<branch type="ELSE IF" condition="${cnt} &gt; 0 and '${type}' == 'phone'">
<kw name="Random Int" library="FakerLibrary">
<var>${new_text}</var>
<arg>min=55555555</arg>
<arg>max=999999999999</arg>
<doc>Generate a random integer between two integers ``min`` and ``max`` inclusive
while observing the provided ``step`` value.</doc>
<status status="NOT RUN" starttime="20230711 07:45:11.753" endtime="20230711 07:45:11.753"/>
</kw>
<kw name="Convert To String" library="BuiltIn">
<var>${new_text}</var>
<arg>${new_text}</arg>
<doc>Converts the given item to a Unicode string.</doc>
<status status="NOT RUN" starttime="20230711 07:45:11.754" endtime="20230711 07:45:11.754"/>
</kw>
<status status="NOT RUN" starttime="20230711 07:45:11.752" endtime="20230711 07:45:11.754"/>
</branch>
<branch type="ELSE IF" condition="${cnt} &gt; 0 and '${type}' == 'color'">
<kw name="Safe Hex Color" library="FakerLibrary">
<var>${new_text}</var>
<doc>Generate a web-safe color formatted as a hex triplet.</doc>
<status status="NOT RUN" starttime="20230711 07:45:11.755" endtime="20230711 07:45:11.755"/>
</kw>
<status status="NOT RUN" starttime="20230711 07:45:11.754" endtime="20230711 07:45:11.755"/>
</branch>
<branch type="ELSE IF" condition="${cnt} &gt; 0 and '${type}' == 'date'">
<kw name="Date" library="FakerLibrary">
<var>${new_text}</var>
<arg>pattern=%d-%m-%Y</arg>
<doc>Get a date string between January 1, 1970 and now.</doc>
<status status="NOT RUN" starttime="20230711 07:45:11.756" endtime="20230711 07:45:11.757"/>
</kw>
<status status="NOT RUN" starttime="20230711 07:45:11.756" endtime="20230711 07:45:11.757"/>
</branch>
<branch type="ELSE IF" condition="${cnt} &gt; 0 and '${type}' == 'word'">
<kw name="Sentence" library="FakerLibrary">
<var>${new_text}</var>
<arg>nb_words=2</arg>
<doc>Generate a sentence.</doc>
<status status="NOT RUN" starttime="20230711 07:45:11.758" endtime="20230711 07:45:11.758"/>
</kw>
<status status="NOT RUN" starttime="20230711 07:45:11.757" endtime="20230711 07:45:11.758"/>
</branch>
<branch type="ELSE IF" condition="${cnt} &gt; 0">
<kw name="Sentence" library="FakerLibrary">
<var>${new_text}</var>
<doc>Generate a sentence.</doc>
<status status="NOT RUN" starttime="20230711 07:45:11.759" endtime="20230711 07:45:11.759"/>
</kw>
<status status="NOT RUN" starttime="20230711 07:45:11.758" endtime="20230711 07:45:11.759"/>
</branch>
<status status="PASS" starttime="20230711 07:45:11.739" endtime="20230711 07:45:11.760"/>
</if>
<kw name="Get Length" library="BuiltIn">
<var>${cnt}</var>
<arg>${text}</arg>
<doc>Returns and logs the length of the given item as an integer.</doc>
<msg timestamp="20230711 07:45:11.761" level="INFO">Length is 28</msg>
<msg timestamp="20230711 07:45:11.761" level="INFO">${cnt} = 28</msg>
<status status="PASS" starttime="20230711 07:45:11.760" endtime="20230711 07:45:11.761"/>
</kw>
<if>
<branch type="IF" condition="${cnt} &gt; 0">
<kw name="Replace String" library="String">
<var>${text}</var>
<arg>${text}</arg>
<arg>${symbol}</arg>
<arg>${new_text}</arg>
<doc>Replaces ``search_for`` in the given ``string`` with ``replace_with``.</doc>
<msg timestamp="20230711 07:45:11.763" level="INFO">${text} = hodutali_manager@husc.edu.vn</msg>
<status status="PASS" starttime="20230711 07:45:11.762" endtime="20230711 07:45:11.763"/>
</kw>
<status status="PASS" starttime="20230711 07:45:11.762" endtime="20230711 07:45:11.763"/>
</branch>
<status status="PASS" starttime="20230711 07:45:11.761" endtime="20230711 07:45:11.764"/>
</if>
<msg timestamp="20230711 07:45:11.764" level="INFO">${text} = hodutali_manager@husc.edu.vn</msg>
<status status="PASS" starttime="20230711 07:45:11.728" endtime="20230711 07:45:11.764"/>
</kw>
<kw name="Get Element Form Item By Name" library="common">
<var>${element}</var>
<arg>${name}</arg>
<arg>//input[contains(@class, "ant-input")]</arg>
<msg timestamp="20230711 07:45:11.766" level="INFO">${element} = xpath=//*[contains(@class, "ant-form-item-label")]/label[text()="Tên đăng nhập"]/../../*[contains(@class, "ant-form-item")]//input[contains(@class, "ant-input")]</msg>
<status status="PASS" starttime="20230711 07:45:11.765" endtime="20230711 07:45:11.767"/>
</kw>
<kw name="Clear Text" library="Browser">
<arg>${element}</arg>
<tag>PageContent</tag>
<tag>Setter</tag>
<doc>Clears the text field found by ``selector``.</doc>
<status status="PASS" starttime="20230711 07:45:11.767" endtime="20230711 07:45:14.384"/>
</kw>
<kw name="Fill Text" library="Browser">
<arg>${element}</arg>
<arg>${text}</arg>
<arg>True</arg>
<tag>PageContent</tag>
<tag>Setter</tag>
<doc>Clears and fills the given ``txt`` into the text field found by ``selector``.</doc>
<msg timestamp="20230711 07:45:14.388" level="INFO">Fills the text 'hodutali_manager@husc.edu.vn' in the given field.</msg>
<status status="PASS" starttime="20230711 07:45:14.385" endtime="20230711 07:45:14.505"/>
</kw>
<kw name="Get Length" library="BuiltIn">
<var>${cnt}</var>
<arg>${text}</arg>
<doc>Returns and logs the length of the given item as an integer.</doc>
<msg timestamp="20230711 07:45:14.508" level="INFO">Length is 28</msg>
<msg timestamp="20230711 07:45:14.509" level="INFO">${cnt} = 28</msg>
<status status="PASS" starttime="20230711 07:45:14.507" endtime="20230711 07:45:14.509"/>
</kw>
<if>
<branch type="IF" condition="${cnt} &gt; 0">
<kw name="Set Global Variable" library="BuiltIn">
<arg>${STATE["${name}"]}</arg>
<arg>${text}</arg>
<doc>Makes a variable available globally in all tests and suites.</doc>
<msg timestamp="20230711 07:45:14.512" level="INFO">${STATE["Tên đăng nhập"]} = hodutali_manager@husc.edu.vn</msg>
<status status="PASS" starttime="20230711 07:45:14.510" endtime="20230711 07:45:14.512"/>
</kw>
<status status="PASS" starttime="20230711 07:45:14.510" endtime="20230711 07:45:14.512"/>
</branch>
<status status="PASS" starttime="20230711 07:45:14.509" endtime="20230711 07:45:14.512"/>
</if>
<status status="PASS" starttime="20230711 07:45:11.726" endtime="20230711 07:45:14.513"/>
</kw>
<kw name="Enter &quot;text&quot; in &quot;Mật khẩu&quot; with &quot;Nhat@01101999&quot;" library="common" sourcename="Enter &quot;${type}&quot; in &quot;${name}&quot; with &quot;${text}&quot;">
<kw name="Get Random Text" library="common">
<var>${text}</var>
<arg>${type}</arg>
<arg>${text}</arg>
<kw name="Set Variable" library="BuiltIn">
<var>${symbol}</var>
<arg>_RANDOM_</arg>
<doc>Returns the given values which can then be assigned to a variables.</doc>
<msg timestamp="20230711 07:45:14.517" level="INFO">${symbol} = _RANDOM_</msg>
<status status="PASS" starttime="20230711 07:45:14.516" endtime="20230711 07:45:14.517"/>
</kw>
<kw name="Set Variable" library="BuiltIn">
<var>${new_text}</var>
<doc>Returns the given values which can then be assigned to a variables.</doc>
<msg timestamp="20230711 07:45:14.519" level="INFO">${new_text} = </msg>
<status status="PASS" starttime="20230711 07:45:14.518" endtime="20230711 07:45:14.519"/>
</kw>
<kw name="Get Regexp Matches" library="String">
<var>${containsS}</var>
<arg>${text}</arg>
<arg>_@(.+)@_</arg>
<arg>1</arg>
<doc>Returns a list of all non-overlapping matches in the given string.</doc>
<msg timestamp="20230711 07:45:14.521" level="INFO">${containsS} = []</msg>
<status status="PASS" starttime="20230711 07:45:14.521" endtime="20230711 07:45:14.522"/>
</kw>
<kw name="Get Length" library="BuiltIn">
<var>${cntS}</var>
<arg>${containsS}</arg>
<doc>Returns and logs the length of the given item as an integer.</doc>
<msg timestamp="20230711 07:45:14.523" level="INFO">Length is 0</msg>
<msg timestamp="20230711 07:45:14.523" level="INFO">${cntS} = 0</msg>
<status status="PASS" starttime="20230711 07:45:14.522" endtime="20230711 07:45:14.523"/>
</kw>
<kw name="Get Regexp Matches" library="String">
<var>${contains}</var>
<arg>${text}</arg>
<arg>${symbol}</arg>
<doc>Returns a list of all non-overlapping matches in the given string.</doc>
<msg timestamp="20230711 07:45:14.526" level="INFO">${contains} = []</msg>
<status status="PASS" starttime="20230711 07:45:14.524" endtime="20230711 07:45:14.526"/>
</kw>
<kw name="Get Length" library="BuiltIn">
<var>${cnt}</var>
<arg>${contains}</arg>
<doc>Returns and logs the length of the given item as an integer.</doc>
<msg timestamp="20230711 07:45:14.529" level="INFO">Length is 0</msg>
<msg timestamp="20230711 07:45:14.529" level="INFO">${cnt} = 0</msg>
<status status="PASS" starttime="20230711 07:45:14.528" endtime="20230711 07:45:14.529"/>
</kw>
<if>
<branch type="IF" condition="${cntS} &gt; 0">
<kw name="Set Variable" library="BuiltIn">
<var>${new_text}</var>
<arg>${STATE["${containsS[0]}"]}</arg>
<doc>Returns the given values which can then be assigned to a variables.</doc>
<status status="NOT RUN" starttime="20230711 07:45:14.530" endtime="20230711 07:45:14.530"/>
</kw>
<kw name="Set Variable" library="BuiltIn">
<var>${symbol}</var>
<arg>_@${containsS[0]}@_</arg>
<doc>Returns the given values which can then be assigned to a variables.</doc>
<status status="NOT RUN" starttime="20230711 07:45:14.531" endtime="20230711 07:45:14.531"/>
</kw>
<status status="NOT RUN" starttime="20230711 07:45:14.529" endtime="20230711 07:45:14.531"/>
</branch>
<branch type="ELSE IF" condition="${cnt} &gt; 0 and '${type}' == 'test name'">
<kw name="Sentence" library="FakerLibrary">
<var>${random}</var>
<arg>nb_words=3</arg>
<doc>Generate a sentence.</doc>
<status status="NOT RUN" starttime="20230711 07:45:14.532" endtime="20230711 07:45:14.533"/>
</kw>
<kw name="Split String" library="String">
<var>${words}</var>
<arg>${TEST NAME}</arg>
<arg>${SPACE}</arg>
<doc>Splits the ``string`` using ``separator`` as a delimiter string.</doc>
<status status="NOT RUN" starttime="20230711 07:45:14.533" endtime="20230711 07:45:14.534"/>
</kw>
<kw name="Set Variable" library="BuiltIn">
<var>${new_text}</var>
<arg>${words[0]} ${random}</arg>
<doc>Returns the given values which can then be assigned to a variables.</doc>
<status status="NOT RUN" starttime="20230711 07:45:14.535" endtime="20230711 07:45:14.535"/>
</kw>
<status status="NOT RUN" starttime="20230711 07:45:14.531" endtime="20230711 07:45:14.535"/>
</branch>
<branch type="ELSE IF" condition="${cnt} &gt; 0 and '${type}' == 'number'">
<kw name="Random Int" library="FakerLibrary">
<var>${new_text}</var>
<doc>Generate a random integer between two integers ``min`` and ``max`` inclusive
while observing the provided ``step`` value.</doc>
<status status="NOT RUN" starttime="20230711 07:45:14.539" endtime="20230711 07:45:14.540"/>
</kw>
<kw name="Convert To String" library="BuiltIn">
<var>${new_text}</var>
<arg>${new_text}</arg>
<doc>Converts the given item to a Unicode string.</doc>
<status status="NOT RUN" starttime="20230711 07:45:14.540" endtime="20230711 07:45:14.540"/>
</kw>
<status status="NOT RUN" starttime="20230711 07:45:14.537" endtime="20230711 07:45:14.541"/>
</branch>
<branch type="ELSE IF" condition="${cnt} &gt; 0 and '${type}' == 'percentage'">
<kw name="Random Int" library="FakerLibrary">
<var>${new_text}</var>
<arg>max=100</arg>
<doc>Generate a random integer between two integers ``min`` and ``max`` inclusive
while observing the provided ``step`` value.</doc>
<status status="NOT RUN" starttime="20230711 07:45:14.542" endtime="20230711 07:45:14.542"/>
</kw>
<kw name="Convert To String" library="BuiltIn">
<var>${new_text}</var>
<arg>${new_text}</arg>
<doc>Converts the given item to a Unicode string.</doc>
<status status="NOT RUN" starttime="20230711 07:45:14.542" endtime="20230711 07:45:14.543"/>
</kw>
<status status="NOT RUN" starttime="20230711 07:45:14.541" endtime="20230711 07:45:14.543"/>
</branch>
<branch type="ELSE IF" condition="${cnt} &gt; 0 and '${type}' == 'paragraph'">
<kw name="Paragraph" library="FakerLibrary">
<var>${new_text}</var>
<doc>Generate a paragraph.</doc>
<status status="NOT RUN" starttime="20230711 07:45:14.544" endtime="20230711 07:45:14.544"/>
</kw>
<status status="NOT RUN" starttime="20230711 07:45:14.543" endtime="20230711 07:45:14.544"/>
</branch>
<branch type="ELSE IF" condition="${cnt} &gt; 0 and '${type}' == 'email'">
<kw name="Email" library="FakerLibrary">
<var>${new_text}</var>
<status status="NOT RUN" starttime="20230711 07:45:14.545" endtime="20230711 07:45:14.545"/>
</kw>
<status status="NOT RUN" starttime="20230711 07:45:14.544" endtime="20230711 07:45:14.545"/>
</branch>
<branch type="ELSE IF" condition="${cnt} &gt; 0 and '${type}' == 'phone'">
<kw name="Random Int" library="FakerLibrary">
<var>${new_text}</var>
<arg>min=55555555</arg>
<arg>max=999999999999</arg>
<doc>Generate a random integer between two integers ``min`` and ``max`` inclusive
while observing the provided ``step`` value.</doc>
<status status="NOT RUN" starttime="20230711 07:45:14.547" endtime="20230711 07:45:14.547"/>
</kw>
<kw name="Convert To String" library="BuiltIn">
<var>${new_text}</var>
<arg>${new_text}</arg>
<doc>Converts the given item to a Unicode string.</doc>
<status status="NOT RUN" starttime="20230711 07:45:14.548" endtime="20230711 07:45:14.548"/>
</kw>
<status status="NOT RUN" starttime="20230711 07:45:14.545" endtime="20230711 07:45:14.548"/>
</branch>
<branch type="ELSE IF" condition="${cnt} &gt; 0 and '${type}' == 'color'">
<kw name="Safe Hex Color" library="FakerLibrary">
<var>${new_text}</var>
<doc>Generate a web-safe color formatted as a hex triplet.</doc>
<status status="NOT RUN" starttime="20230711 07:45:14.551" endtime="20230711 07:45:14.553"/>
</kw>
<status status="NOT RUN" starttime="20230711 07:45:14.549" endtime="20230711 07:45:14.554"/>
</branch>
<branch type="ELSE IF" condition="${cnt} &gt; 0 and '${type}' == 'date'">
<kw name="Date" library="FakerLibrary">
<var>${new_text}</var>
<arg>pattern=%d-%m-%Y</arg>
<doc>Get a date string between January 1, 1970 and now.</doc>
<status status="NOT RUN" starttime="20230711 07:45:14.555" endtime="20230711 07:45:14.557"/>
</kw>
<status status="NOT RUN" starttime="20230711 07:45:14.555" endtime="20230711 07:45:14.557"/>
</branch>
<branch type="ELSE IF" condition="${cnt} &gt; 0 and '${type}' == 'word'">
<kw name="Sentence" library="FakerLibrary">
<var>${new_text}</var>
<arg>nb_words=2</arg>
<doc>Generate a sentence.</doc>
<status status="NOT RUN" starttime="20230711 07:45:14.558" endtime="20230711 07:45:14.558"/>
</kw>
<status status="NOT RUN" starttime="20230711 07:45:14.557" endtime="20230711 07:45:14.559"/>
</branch>
<branch type="ELSE IF" condition="${cnt} &gt; 0">
<kw name="Sentence" library="FakerLibrary">
<var>${new_text}</var>
<doc>Generate a sentence.</doc>
<status status="NOT RUN" starttime="20230711 07:45:14.559" endtime="20230711 07:45:14.559"/>
</kw>
<status status="NOT RUN" starttime="20230711 07:45:14.559" endtime="20230711 07:45:14.560"/>
</branch>
<status status="PASS" starttime="20230711 07:45:14.529" endtime="20230711 07:45:14.560"/>
</if>
<kw name="Get Length" library="BuiltIn">
<var>${cnt}</var>
<arg>${text}</arg>
<doc>Returns and logs the length of the given item as an integer.</doc>
<msg timestamp="20230711 07:45:14.561" level="INFO">Length is 13</msg>
<msg timestamp="20230711 07:45:14.562" level="INFO">${cnt} = 13</msg>
<status status="PASS" starttime="20230711 07:45:14.561" endtime="20230711 07:45:14.562"/>
</kw>
<if>
<branch type="IF" condition="${cnt} &gt; 0">
<kw name="Replace String" library="String">
<var>${text}</var>
<arg>${text}</arg>
<arg>${symbol}</arg>
<arg>${new_text}</arg>
<doc>Replaces ``search_for`` in the given ``string`` with ``replace_with``.</doc>
<msg timestamp="20230711 07:45:14.564" level="INFO">${text} = Nhat@01101999</msg>
<status status="PASS" starttime="20230711 07:45:14.563" endtime="20230711 07:45:14.564"/>
</kw>
<status status="PASS" starttime="20230711 07:45:14.562" endtime="20230711 07:45:14.564"/>
</branch>
<status status="PASS" starttime="20230711 07:45:14.562" endtime="20230711 07:45:14.565"/>
</if>
<msg timestamp="20230711 07:45:14.565" level="INFO">${text} = Nhat@01101999</msg>
<status status="PASS" starttime="20230711 07:45:14.514" endtime="20230711 07:45:14.565"/>
</kw>
<kw name="Get Element Form Item By Name" library="common">
<var>${element}</var>
<arg>${name}</arg>
<arg>//input[contains(@class, "ant-input")]</arg>
<msg timestamp="20230711 07:45:14.569" level="INFO">${element} = xpath=//*[contains(@class, "ant-form-item-label")]/label[text()="Mật khẩu"]/../../*[contains(@class, "ant-form-item")]//input[contains(@class, "ant-input")]</msg>
<status status="PASS" starttime="20230711 07:45:14.567" endtime="20230711 07:45:14.569"/>
</kw>
<kw name="Clear Text" library="Browser">
<arg>${element}</arg>
<tag>PageContent</tag>
<tag>Setter</tag>
<doc>Clears the text field found by ``selector``.</doc>
<status status="PASS" starttime="20230711 07:45:14.571" endtime="20230711 07:45:14.668"/>
</kw>
<kw name="Fill Text" library="Browser">
<arg>${element}</arg>
<arg>${text}</arg>
<arg>True</arg>
<tag>PageContent</tag>
<tag>Setter</tag>
<doc>Clears and fills the given ``txt`` into the text field found by ``selector``.</doc>
<msg timestamp="20230711 07:45:14.671" level="INFO">Fills the text 'Nhat@01101999' in the given field.</msg>
<status status="PASS" starttime="20230711 07:45:14.669" endtime="20230711 07:45:14.729"/>
</kw>
<kw name="Get Length" library="BuiltIn">
<var>${cnt}</var>
<arg>${text}</arg>
<doc>Returns and logs the length of the given item as an integer.</doc>
<msg timestamp="20230711 07:45:14.730" level="INFO">Length is 13</msg>
<msg timestamp="20230711 07:45:14.730" level="INFO">${cnt} = 13</msg>
<status status="PASS" starttime="20230711 07:45:14.729" endtime="20230711 07:45:14.730"/>
</kw>
<if>
<branch type="IF" condition="${cnt} &gt; 0">
<kw name="Set Global Variable" library="BuiltIn">
<arg>${STATE["${name}"]}</arg>
<arg>${text}</arg>
<doc>Makes a variable available globally in all tests and suites.</doc>
<msg timestamp="20230711 07:45:14.732" level="INFO">${STATE["Mật khẩu"]} = Nhat@01101999</msg>
<status status="PASS" starttime="20230711 07:45:14.731" endtime="20230711 07:45:14.733"/>
</kw>
<status status="PASS" starttime="20230711 07:45:14.731" endtime="20230711 07:45:14.734"/>
</branch>
<status status="PASS" starttime="20230711 07:45:14.730" endtime="20230711 07:45:14.735"/>
</if>
<status status="PASS" starttime="20230711 07:45:14.513" endtime="20230711 07:45:14.736"/>
</kw>
<kw name="Click &quot;Đăng nhập&quot; button" library="common" sourcename="Click &quot;${text}&quot; button">
<kw name="Click" library="Browser">
<arg>xpath=//button[@title = "${text}"]</arg>
<tag>PageContent</tag>
<tag>Setter</tag>
<doc>Simulates mouse click on the element found by ``selector``.</doc>
<status status="PASS" starttime="20230711 07:45:14.737" endtime="20230711 07:45:15.033"/>
</kw>
<kw name="Click Confirm To Action" library="common">
<kw name="Set Variable" library="BuiltIn">
<var>${element}</var>
<arg>xpath=//*[contains(@class, "ant-popover")]//*[contains(@class, "ant-btn-primary")]</arg>
<doc>Returns the given values which can then be assigned to a variables.</doc>
<msg timestamp="20230711 07:45:15.037" level="INFO">${element} = xpath=//*[contains(@class, "ant-popover")]//*[contains(@class, "ant-btn-primary")]</msg>
<status status="PASS" starttime="20230711 07:45:15.037" endtime="20230711 07:45:15.038"/>
</kw>
<kw name="Get Element Count" library="Browser">
<var>${count}</var>
<arg>${element}</arg>
<tag>Assertion</tag>
<tag>Getter</tag>
<tag>PageContent</tag>
<doc>Returns the count of elements found with ``selector``.</doc>
<msg timestamp="20230711 07:45:15.067" level="INFO">${count} = 0</msg>
<status status="PASS" starttime="20230711 07:45:15.038" endtime="20230711 07:45:15.067"/>
</kw>
<if>
<branch type="IF" condition="${count} &gt; 0">
<kw name="Click" library="Browser">
<arg>${element}</arg>
<tag>PageContent</tag>
<tag>Setter</tag>
<doc>Simulates mouse click on the element found by ``selector``.</doc>
<status status="NOT RUN" starttime="20230711 07:45:15.070" endtime="20230711 07:45:15.071"/>
</kw>
<kw name="Sleep" library="BuiltIn">
<arg>${SHOULD_TIMEOUT}</arg>
<doc>Pauses the test executed for the given time.</doc>
<status status="NOT RUN" starttime="20230711 07:45:15.071" endtime="20230711 07:45:15.071"/>
</kw>
<status status="NOT RUN" starttime="20230711 07:45:15.069" endtime="20230711 07:45:15.072"/>
</branch>
<status status="PASS" starttime="20230711 07:45:15.068" endtime="20230711 07:45:15.072"/>
</if>
<status status="PASS" starttime="20230711 07:45:15.035" endtime="20230711 07:45:15.072"/>
</kw>
<kw name="Scroll By" library="Browser">
<arg>${None}</arg>
<tag>PageContent</tag>
<tag>Setter</tag>
<doc>Scrolls an element or the page relative from current position by the given values.</doc>
<status status="PASS" starttime="20230711 07:45:15.073" endtime="20230711 07:45:15.144"/>
</kw>
<status status="PASS" starttime="20230711 07:45:14.737" endtime="20230711 07:45:15.145"/>
</kw>
<kw name="User look message &quot;Thành công&quot; popup" library="common" sourcename="User look message &quot;${message}&quot; popup">
<kw name="Get Regexp Matches" library="String">
<var>${contains}</var>
<arg>${message}</arg>
<arg>_@(.+)@_</arg>
<arg>1</arg>
<doc>Returns a list of all non-overlapping matches in the given string.</doc>
<msg timestamp="20230711 07:45:15.147" level="INFO">${contains} = []</msg>
<status status="PASS" starttime="20230711 07:45:15.145" endtime="20230711 07:45:15.147"/>
</kw>
<kw name="Get Length" library="BuiltIn">
<var>${cnt}</var>
<arg>${contains}</arg>
<doc>Returns and logs the length of the given item as an integer.</doc>
<msg timestamp="20230711 07:45:15.148" level="INFO">Length is 0</msg>
<msg timestamp="20230711 07:45:15.148" level="INFO">${cnt} = 0</msg>
<status status="PASS" starttime="20230711 07:45:15.147" endtime="20230711 07:45:15.148"/>
</kw>
<if>
<branch type="IF" condition="${cnt} &gt; 0">
<kw name="Replace String" library="String">
<var>${message}</var>
<arg>${message}</arg>
<arg>_@${contains[0]}@_</arg>
<arg>${STATE["${contains[0]}"]}</arg>
<doc>Replaces ``search_for`` in the given ``string`` with ``replace_with``.</doc>
<status status="NOT RUN" starttime="20230711 07:45:15.150" endtime="20230711 07:45:15.150"/>
</kw>
<status status="NOT RUN" starttime="20230711 07:45:15.149" endtime="20230711 07:45:15.150"/>
</branch>
<status status="PASS" starttime="20230711 07:45:15.149" endtime="20230711 07:45:15.151"/>
</if>
<kw name="Element Text Should Be" library="common">
<arg>id=swal2-html-container</arg>
<arg>${message}</arg>
<kw name="Get Text" library="Browser">
<arg>${locator}</arg>
<arg>equal</arg>
<arg>${expected}</arg>
<arg>${message}</arg>
<tag>Assertion</tag>
<tag>Getter</tag>
<tag>PageContent</tag>
<doc>Returns text attribute of the element found by ``selector``.</doc>
<msg timestamp="20230711 07:45:17.617" level="INFO">Text: 'Thành công'</msg>
<status status="PASS" starttime="20230711 07:45:15.158" endtime="20230711 07:45:17.618"/>
</kw>
<status status="PASS" starttime="20230711 07:45:15.152" endtime="20230711 07:45:17.618"/>
</kw>
<kw name="Set Variable" library="BuiltIn">
<var>${element}</var>
<arg>xpath=//*[contains(@class, "swal2-confirm")]</arg>
<doc>Returns the given values which can then be assigned to a variables.</doc>
<msg timestamp="20230711 07:45:17.619" level="INFO">${element} = xpath=//*[contains(@class, "swal2-confirm")]</msg>
<status status="PASS" starttime="20230711 07:45:17.618" endtime="20230711 07:45:17.619"/>
</kw>
<kw name="Run Keyword And Return Status" library="BuiltIn">
<var>${passed}</var>
<arg>Element Should Be Visible</arg>
<arg>${element}</arg>
<doc>Runs the given keyword with given arguments and returns the status as a Boolean value.</doc>
<kw name="Element Should Be Visible" library="common">
<arg>${element}</arg>
<kw name="Wait For Elements State" library="Browser">
<arg>${locator}</arg>
<arg>visible</arg>
<arg>${timeout}</arg>
<arg>${message}</arg>
<tag>PageContent</tag>
<tag>Wait</tag>
<doc>Waits for the element found by ``selector`` to satisfy state option.</doc>
<msg timestamp="20230711 07:45:18.117" level="INFO" html="true">&lt;/td&gt;&lt;/tr&gt;&lt;tr&gt;&lt;td colspan="3"&gt;&lt;a href="browser/screenshot/fail-screenshot-2.png" target="_blank"&gt;&lt;img src="browser/screenshot/fail-screenshot-2.png" width="800px"/&gt;&lt;/a&gt;</msg>
<msg timestamp="20230711 07:45:18.119" level="INFO">See also file:///D:/DEMO2/vite-react-ari/playwright-log.txt for additional details.</msg>
<msg timestamp="20230711 07:45:18.120" level="FAIL">TimeoutError: locator.waitFor: Timeout 100ms exceeded.
=========================== logs ===========================
waiting for locator('xpath=//*[contains(@class, "swal2-confirm")]') to be visible
  locator resolved to hidden &lt;button type="button" aria-label="" class="swal2-confirm…&gt;OK&lt;/button&gt;
  locator resolved to hidden &lt;button type="button" aria-label="" class="swal2-confirm…&gt;OK&lt;/button&gt;
  locator resolved to hidden &lt;button type="button" aria-label="" class="swal2-confirm…&gt;OK&lt;/button&gt;
============================================================
Tip: Use "Set Browser Timeout" for increasing the timeout or double check your locator as the targeted element(s) couldn't be found.</msg>
<status status="FAIL" starttime="20230711 07:45:17.623" endtime="20230711 07:45:18.123"/>
</kw>
<status status="FAIL" starttime="20230711 07:45:17.620" endtime="20230711 07:45:18.124"/>
</kw>
<msg timestamp="20230711 07:45:18.125" level="INFO">${passed} = False</msg>
<status status="PASS" starttime="20230711 07:45:17.619" endtime="20230711 07:45:18.125"/>
</kw>
<if>
<branch type="IF" condition="'${passed}' == 'True'">
<kw name="Click" library="Browser">
<arg>${element}</arg>
<tag>PageContent</tag>
<tag>Setter</tag>
<doc>Simulates mouse click on the element found by ``selector``.</doc>
<status status="NOT RUN" starttime="20230711 07:45:18.126" endtime="20230711 07:45:18.127"/>
</kw>
<status status="NOT RUN" starttime="20230711 07:45:18.125" endtime="20230711 07:45:18.127"/>
</branch>
<status status="PASS" starttime="20230711 07:45:18.125" endtime="20230711 07:45:18.128"/>
</if>
<kw name="Wait Until Element Is Not Exist" library="common">
<arg>${notify}</arg>
<kw name="Wait For Elements State" library="Browser">
<arg>${locator}</arg>
<arg>detached</arg>
<arg>${timeout}</arg>
<arg>${message}</arg>
<tag>PageContent</tag>
<tag>Wait</tag>
<doc>Waits for the element found by ``selector`` to satisfy state option.</doc>
<msg timestamp="20230711 07:45:19.547" level="INFO">Waited for Element with selector xpath=//*[contains(@class, "swal2-confirm")] at state detached</msg>
<status status="PASS" starttime="20230711 07:45:18.131" endtime="20230711 07:45:19.548"/>
</kw>
<status status="PASS" starttime="20230711 07:45:18.128" endtime="20230711 07:45:19.548"/>
</kw>
<status status="PASS" starttime="20230711 07:45:15.145" endtime="20230711 07:45:19.549"/>
</kw>
<status status="PASS" starttime="20230711 07:45:11.725" endtime="20230711 07:45:19.549"/>
</kw>
<kw name="Then User look title &quot;Danh sách nghỉ phép&quot;" library="common" sourcename="User look title &quot;${title}&quot;">
<kw name="Sleep" library="BuiltIn">
<arg>1 seconds</arg>
<doc>Pauses the test executed for the given time.</doc>
<msg timestamp="20230711 07:45:20.553" level="INFO">Slept 1 second</msg>
<status status="PASS" starttime="20230711 07:45:19.553" endtime="20230711 07:45:20.553"/>
</kw>
<kw name="Title Should Be" library="common">
<arg>${title}</arg>
<kw name="Get Title" library="Browser">
<var>${actualTitle}</var>
<tag>Assertion</tag>
<tag>Getter</tag>
<tag>PageContent</tag>
<doc>Returns the title of the current page.</doc>
<msg timestamp="20230711 07:45:20.560" level="INFO">Title: 'Danh sách nghỉ phép'</msg>
<msg timestamp="20230711 07:45:20.560" level="INFO">${actualTitle} = Danh sách nghỉ phép</msg>
<status status="PASS" starttime="20230711 07:45:20.554" endtime="20230711 07:45:20.560"/>
</kw>
<kw name="Should Be Equal As Strings" library="BuiltIn">
<arg>${actualTitle}</arg>
<arg>${expectedTitle}</arg>
<doc>Fails if objects are unequal after converting them to strings.</doc>
<status status="PASS" starttime="20230711 07:45:20.561" endtime="20230711 07:45:20.561"/>
</kw>
<status status="PASS" starttime="20230711 07:45:20.553" endtime="20230711 07:45:20.561"/>
</kw>
<status status="PASS" starttime="20230711 07:45:19.552" endtime="20230711 07:45:20.561"/>
</kw>
<kw name="And User look menu &quot;Người Dùng&quot;" library="common" sourcename="User look menu &quot;${text}&quot;">
<kw name="Element Text Should Be" library="common">
<arg>xpath=//li[contains(@class, "menu") and descendant::span[contains(text(), "${text}")]]</arg>
<arg>${text}</arg>
<kw name="Get Text" library="Browser">
<arg>${locator}</arg>
<arg>equal</arg>
<arg>${expected}</arg>
<arg>${message}</arg>
<tag>Assertion</tag>
<tag>Getter</tag>
<tag>PageContent</tag>
<doc>Returns text attribute of the element found by ``selector``.</doc>
<msg timestamp="20230711 07:45:20.600" level="INFO">Text: 'Người Dùng'</msg>
<status status="PASS" starttime="20230711 07:45:20.565" endtime="20230711 07:45:20.601"/>
</kw>
<status status="PASS" starttime="20230711 07:45:20.563" endtime="20230711 07:45:20.601"/>
</kw>
<status status="PASS" starttime="20230711 07:45:20.562" endtime="20230711 07:45:20.602"/>
</kw>
<kw name="And User look menu &quot;Nghỉ phép&quot;" library="common" sourcename="User look menu &quot;${text}&quot;">
<kw name="Element Text Should Be" library="common">
<arg>xpath=//li[contains(@class, "menu") and descendant::span[contains(text(), "${text}")]]</arg>
<arg>${text}</arg>
<kw name="Get Text" library="Browser">
<arg>${locator}</arg>
<arg>equal</arg>
<arg>${expected}</arg>
<arg>${message}</arg>
<tag>Assertion</tag>
<tag>Getter</tag>
<tag>PageContent</tag>
<doc>Returns text attribute of the element found by ``selector``.</doc>
<msg timestamp="20230711 07:45:20.645" level="INFO">Text: 'Nghỉ phép'</msg>
<status status="PASS" starttime="20230711 07:45:20.610" endtime="20230711 07:45:20.645"/>
</kw>
<status status="PASS" starttime="20230711 07:45:20.607" endtime="20230711 07:45:20.646"/>
</kw>
<status status="PASS" starttime="20230711 07:45:20.605" endtime="20230711 07:45:20.646"/>
</kw>
<kw name="And User look menu &quot;Thiết lập&quot;" library="common" sourcename="User look menu &quot;${text}&quot;">
<kw name="Element Text Should Be" library="common">
<arg>xpath=//li[contains(@class, "menu") and descendant::span[contains(text(), "${text}")]]</arg>
<arg>${text}</arg>
<kw name="Get Text" library="Browser">
<arg>${locator}</arg>
<arg>equal</arg>
<arg>${expected}</arg>
<arg>${message}</arg>
<tag>Assertion</tag>
<tag>Getter</tag>
<tag>PageContent</tag>
<doc>Returns text attribute of the element found by ``selector``.</doc>
<msg timestamp="20230711 07:45:20.685" level="INFO">Text: 'Thiết lập'</msg>
<status status="PASS" starttime="20230711 07:45:20.652" endtime="20230711 07:45:20.686"/>
</kw>
<status status="PASS" starttime="20230711 07:45:20.647" endtime="20230711 07:45:20.686"/>
</kw>
<status status="PASS" starttime="20230711 07:45:20.647" endtime="20230711 07:45:20.687"/>
</kw>
<tag>@regression</tag>
<tag>@smoketest</tag>
<status status="PASS" starttime="20230711 07:45:08.724" endtime="20230711 07:45:20.689"/>
</test>
<test id="s1-t3" name="DN-11 Verify that Đăng nhập successfully account Staff with valid Email and Mật khẩu" line="78">
<kw name="Setup" library="common" type="SETUP">
<kw name="Set Browser Timeout" library="Browser">
<arg>${BROWSER_TIMEOUT}</arg>
<tag>Config</tag>
<tag>Setter</tag>
<doc>Sets the timeout used by most input and getter keywords.</doc>
<status status="PASS" starttime="20230711 07:45:21.364" endtime="20230711 07:45:21.367"/>
</kw>
<kw name="New Browser" library="Browser">
<arg>${BROWSER}</arg>
<arg>headless=${HEADLESS}</arg>
[...]
</kw>
<status status="NOT RUN" starttime="20230711 07:45:26.259" endtime="20230711 07:45:26.261"/>
</branch>
<branch type="ELSE IF" condition="${cnt} &gt; 0 and '${type}' == 'percentage'">
<kw name="Random Int" library="FakerLibrary">
<var>${new_text}</var>
<arg>max=100</arg>
<doc>Generate a random integer between two integers ``min`` and ``max`` inclusive
while observing the provided ``step`` value.</doc>
<status status="NOT RUN" starttime="20230711 07:45:26.262" endtime="20230711 07:45:26.262"/>
</kw>
<kw name="Convert To String" library="BuiltIn">
<var>${new_text}</var>
<arg>${new_text}</arg>
<doc>Converts the given item to a Unicode string.</doc>
<status status="NOT RUN" starttime="20230711 07:45:26.263" endtime="20230711 07:45:26.263"/>
</kw>
<status status="NOT RUN" starttime="20230711 07:45:26.261" endtime="20230711 07:45:26.263"/>
</branch>
<branch type="ELSE IF" condition="${cnt} &gt; 0 and '${type}' == 'paragraph'">
<kw name="Paragraph" library="FakerLibrary">
<var>${new_text}</var>
<doc>Generate a paragraph.</doc>
<status status="NOT RUN" starttime="20230711 07:45:26.264" endtime="20230711 07:45:26.265"/>
</kw>
<status status="NOT RUN" starttime="20230711 07:45:26.263" endtime="20230711 07:45:26.265"/>
</branch>
<branch type="ELSE IF" condition="${cnt} &gt; 0 and '${type}' == 'email'">
<kw name="Email" library="FakerLibrary">
<var>${new_text}</var>
<status status="NOT RUN" starttime="20230711 07:45:26.268" endtime="20230711 07:45:26.269"/>
</kw>
<status status="NOT RUN" starttime="20230711 07:45:26.267" endtime="20230711 07:45:26.269"/>
</branch>
<branch type="ELSE IF" condition="${cnt} &gt; 0 and '${type}' == 'phone'">
<kw name="Random Int" library="FakerLibrary">
<var>${new_text}</var>
<arg>min=55555555</arg>
<arg>max=999999999999</arg>
<doc>Generate a random integer between two integers ``min`` and ``max`` inclusive
while observing the provided ``step`` value.</doc>
<status status="NOT RUN" starttime="20230711 07:45:26.271" endtime="20230711 07:45:26.272"/>
</kw>
<kw name="Convert To String" library="BuiltIn">
<var>${new_text}</var>
<arg>${new_text}</arg>
<doc>Converts the given item to a Unicode string.</doc>
<status status="NOT RUN" starttime="20230711 07:45:26.272" endtime="20230711 07:45:26.272"/>
</kw>
<status status="NOT RUN" starttime="20230711 07:45:26.270" endtime="20230711 07:45:26.273"/>
</branch>
<branch type="ELSE IF" condition="${cnt} &gt; 0 and '${type}' == 'color'">
<kw name="Safe Hex Color" library="FakerLibrary">
<var>${new_text}</var>
<doc>Generate a web-safe color formatted as a hex triplet.</doc>
<status status="NOT RUN" starttime="20230711 07:45:26.274" endtime="20230711 07:45:26.274"/>
</kw>
<status status="NOT RUN" starttime="20230711 07:45:26.273" endtime="20230711 07:45:26.274"/>
</branch>
<branch type="ELSE IF" condition="${cnt} &gt; 0 and '${type}' == 'date'">
<kw name="Date" library="FakerLibrary">
<var>${new_text}</var>
<arg>pattern=%d-%m-%Y</arg>
<doc>Get a date string between January 1, 1970 and now.</doc>
<status status="NOT RUN" starttime="20230711 07:45:26.275" endtime="20230711 07:45:26.276"/>
</kw>
<status status="NOT RUN" starttime="20230711 07:45:26.275" endtime="20230711 07:45:26.277"/>
</branch>
<branch type="ELSE IF" condition="${cnt} &gt; 0 and '${type}' == 'word'">
<kw name="Sentence" library="FakerLibrary">
<var>${new_text}</var>
<arg>nb_words=2</arg>
<doc>Generate a sentence.</doc>
<status status="NOT RUN" starttime="20230711 07:45:26.277" endtime="20230711 07:45:26.279"/>
</kw>
<status status="NOT RUN" starttime="20230711 07:45:26.277" endtime="20230711 07:45:26.279"/>
</branch>
<branch type="ELSE IF" condition="${cnt} &gt; 0">
<kw name="Sentence" library="FakerLibrary">
<var>${new_text}</var>
<doc>Generate a sentence.</doc>
<status status="NOT RUN" starttime="20230711 07:45:26.280" endtime="20230711 07:45:26.280"/>
</kw>
<status status="NOT RUN" starttime="20230711 07:45:26.279" endtime="20230711 07:45:26.280"/>
</branch>
<status status="PASS" starttime="20230711 07:45:26.251" endtime="20230711 07:45:26.280"/>
</if>
<kw name="Get Length" library="BuiltIn">
<var>${cnt}</var>
<arg>${text}</arg>
<doc>Returns and logs the length of the given item as an integer.</doc>
<msg timestamp="20230711 07:45:26.282" level="INFO">Length is 13</msg>
<msg timestamp="20230711 07:45:26.282" level="INFO">${cnt} = 13</msg>
<status status="PASS" starttime="20230711 07:45:26.281" endtime="20230711 07:45:26.282"/>
</kw>
<if>
<branch type="IF" condition="${cnt} &gt; 0">
<kw name="Replace String" library="String">
<var>${text}</var>
<arg>${text}</arg>
<arg>${symbol}</arg>
<arg>${new_text}</arg>
<doc>Replaces ``search_for`` in the given ``string`` with ``replace_with``.</doc>
<msg timestamp="20230711 07:45:26.287" level="INFO">${text} = Nhat@01101999</msg>
<status status="PASS" starttime="20230711 07:45:26.285" endtime="20230711 07:45:26.288"/>
</kw>
<status status="PASS" starttime="20230711 07:45:26.284" endtime="20230711 07:45:26.288"/>
</branch>
<status status="PASS" starttime="20230711 07:45:26.283" endtime="20230711 07:45:26.288"/>
</if>
<msg timestamp="20230711 07:45:26.289" level="INFO">${text} = Nhat@01101999</msg>
<status status="PASS" starttime="20230711 07:45:26.237" endtime="20230711 07:45:26.289"/>
</kw>
<kw name="Get Element Form Item By Name" library="common">
<var>${element}</var>
<arg>${name}</arg>
<arg>//input[contains(@class, "ant-input")]</arg>
<msg timestamp="20230711 07:45:26.291" level="INFO">${element} = xpath=//*[contains(@class, "ant-form-item-label")]/label[text()="Mật khẩu"]/../../*[contains(@class, "ant-form-item")]//input[contains(@class, "ant-input")]</msg>
<status status="PASS" starttime="20230711 07:45:26.289" endtime="20230711 07:45:26.291"/>
</kw>
<kw name="Clear Text" library="Browser">
<arg>${element}</arg>
<tag>PageContent</tag>
<tag>Setter</tag>
<doc>Clears the text field found by ``selector``.</doc>
<status status="PASS" starttime="20230711 07:45:26.292" endtime="20230711 07:45:26.411"/>
</kw>
<kw name="Fill Text" library="Browser">
<arg>${element}</arg>
<arg>${text}</arg>
<arg>True</arg>
<tag>PageContent</tag>
<tag>Setter</tag>
<doc>Clears and fills the given ``txt`` into the text field found by ``selector``.</doc>
<msg timestamp="20230711 07:45:26.412" level="INFO">Fills the text 'Nhat@01101999' in the given field.</msg>
<status status="PASS" starttime="20230711 07:45:26.412" endtime="20230711 07:45:26.489"/>
</kw>
<kw name="Get Length" library="BuiltIn">
<var>${cnt}</var>
<arg>${text}</arg>
<doc>Returns and logs the length of the given item as an integer.</doc>
<msg timestamp="20230711 07:45:26.490" level="INFO">Length is 13</msg>
<msg timestamp="20230711 07:45:26.490" level="INFO">${cnt} = 13</msg>
<status status="PASS" starttime="20230711 07:45:26.489" endtime="20230711 07:45:26.490"/>
</kw>
<if>
<branch type="IF" condition="${cnt} &gt; 0">
<kw name="Set Global Variable" library="BuiltIn">
<arg>${STATE["${name}"]}</arg>
<arg>${text}</arg>
<doc>Makes a variable available globally in all tests and suites.</doc>
<msg timestamp="20230711 07:45:26.493" level="INFO">${STATE["Mật khẩu"]} = Nhat@01101999</msg>
<status status="PASS" starttime="20230711 07:45:26.492" endtime="20230711 07:45:26.493"/>
</kw>
<status status="PASS" starttime="20230711 07:45:26.491" endtime="20230711 07:45:26.493"/>
</branch>
<status status="PASS" starttime="20230711 07:45:26.491" endtime="20230711 07:45:26.493"/>
</if>
<status status="PASS" starttime="20230711 07:45:26.235" endtime="20230711 07:45:26.494"/>
</kw>
<kw name="Click &quot;Đăng nhập&quot; button" library="common" sourcename="Click &quot;${text}&quot; button">
<kw name="Click" library="Browser">
<arg>xpath=//button[@title = "${text}"]</arg>
<tag>PageContent</tag>
<tag>Setter</tag>
<doc>Simulates mouse click on the element found by ``selector``.</doc>
<status status="PASS" starttime="20230711 07:45:26.495" endtime="20230711 07:45:26.811"/>
</kw>
<kw name="Click Confirm To Action" library="common">
<kw name="Set Variable" library="BuiltIn">
<var>${element}</var>
<arg>xpath=//*[contains(@class, "ant-popover")]//*[contains(@class, "ant-btn-primary")]</arg>
<doc>Returns the given values which can then be assigned to a variables.</doc>
<msg timestamp="20230711 07:45:26.813" level="INFO">${element} = xpath=//*[contains(@class, "ant-popover")]//*[contains(@class, "ant-btn-primary")]</msg>
<status status="PASS" starttime="20230711 07:45:26.812" endtime="20230711 07:45:26.813"/>
</kw>
<kw name="Get Element Count" library="Browser">
<var>${count}</var>
<arg>${element}</arg>
<tag>Assertion</tag>
<tag>Getter</tag>
<tag>PageContent</tag>
<doc>Returns the count of elements found with ``selector``.</doc>
<msg timestamp="20230711 07:45:26.843" level="INFO">${count} = 0</msg>
<status status="PASS" starttime="20230711 07:45:26.813" endtime="20230711 07:45:26.843"/>
</kw>
<if>
<branch type="IF" condition="${count} &gt; 0">
<kw name="Click" library="Browser">
<arg>${element}</arg>
<tag>PageContent</tag>
<tag>Setter</tag>
<doc>Simulates mouse click on the element found by ``selector``.</doc>
<status status="NOT RUN" starttime="20230711 07:45:26.845" endtime="20230711 07:45:26.845"/>
</kw>
<kw name="Sleep" library="BuiltIn">
<arg>${SHOULD_TIMEOUT}</arg>
<doc>Pauses the test executed for the given time.</doc>
<status status="NOT RUN" starttime="20230711 07:45:26.846" endtime="20230711 07:45:26.846"/>
</kw>
<status status="NOT RUN" starttime="20230711 07:45:26.844" endtime="20230711 07:45:26.847"/>
</branch>
<status status="PASS" starttime="20230711 07:45:26.844" endtime="20230711 07:45:26.847"/>
</if>
<status status="PASS" starttime="20230711 07:45:26.811" endtime="20230711 07:45:26.847"/>
</kw>
<kw name="Scroll By" library="Browser">
<arg>${None}</arg>
<tag>PageContent</tag>
<tag>Setter</tag>
<doc>Scrolls an element or the page relative from current position by the given values.</doc>
<status status="PASS" starttime="20230711 07:45:26.847" endtime="20230711 07:45:26.911"/>
</kw>
<status status="PASS" starttime="20230711 07:45:26.494" endtime="20230711 07:45:26.911"/>
</kw>
<kw name="User look message &quot;Thành công&quot; popup" library="common" sourcename="User look message &quot;${message}&quot; popup">
<kw name="Get Regexp Matches" library="String">
<var>${contains}</var>
<arg>${message}</arg>
<arg>_@(.+)@_</arg>
<arg>1</arg>
<doc>Returns a list of all non-overlapping matches in the given string.</doc>
<msg timestamp="20230711 07:45:26.913" level="INFO">${contains} = []</msg>
<status status="PASS" starttime="20230711 07:45:26.912" endtime="20230711 07:45:26.913"/>
</kw>
<kw name="Get Length" library="BuiltIn">
<var>${cnt}</var>
<arg>${contains}</arg>
<doc>Returns and logs the length of the given item as an integer.</doc>
<msg timestamp="20230711 07:45:26.914" level="INFO">Length is 0</msg>
<msg timestamp="20230711 07:45:26.915" level="INFO">${cnt} = 0</msg>
<status status="PASS" starttime="20230711 07:45:26.914" endtime="20230711 07:45:26.915"/>
</kw>
<if>
<branch type="IF" condition="${cnt} &gt; 0">
<kw name="Replace String" library="String">
<var>${message}</var>
<arg>${message}</arg>
<arg>_@${contains[0]}@_</arg>
<arg>${STATE["${contains[0]}"]}</arg>
<doc>Replaces ``search_for`` in the given ``string`` with ``replace_with``.</doc>
<status status="NOT RUN" starttime="20230711 07:45:26.918" endtime="20230711 07:45:26.920"/>
</kw>
<status status="NOT RUN" starttime="20230711 07:45:26.915" endtime="20230711 07:45:26.920"/>
</branch>
<status status="PASS" starttime="20230711 07:45:26.915" endtime="20230711 07:45:26.920"/>
</if>
<kw name="Element Text Should Be" library="common">
<arg>id=swal2-html-container</arg>
<arg>${message}</arg>
<kw name="Get Text" library="Browser">
<arg>${locator}</arg>
<arg>equal</arg>
<arg>${expected}</arg>
<arg>${message}</arg>
<tag>Assertion</tag>
<tag>Getter</tag>
<tag>PageContent</tag>
<doc>Returns text attribute of the element found by ``selector``.</doc>
<msg timestamp="20230711 07:45:28.957" level="INFO">Text: 'Thành công'</msg>
<status status="PASS" starttime="20230711 07:45:26.923" endtime="20230711 07:45:28.957"/>
</kw>
<status status="PASS" starttime="20230711 07:45:26.921" endtime="20230711 07:45:28.958"/>
</kw>
<kw name="Set Variable" library="BuiltIn">
<var>${element}</var>
<arg>xpath=//*[contains(@class, "swal2-confirm")]</arg>
<doc>Returns the given values which can then be assigned to a variables.</doc>
<msg timestamp="20230711 07:45:28.958" level="INFO">${element} = xpath=//*[contains(@class, "swal2-confirm")]</msg>
<status status="PASS" starttime="20230711 07:45:28.958" endtime="20230711 07:45:28.958"/>
</kw>
<kw name="Run Keyword And Return Status" library="BuiltIn">
<var>${passed}</var>
<arg>Element Should Be Visible</arg>
<arg>${element}</arg>
<doc>Runs the given keyword with given arguments and returns the status as a Boolean value.</doc>
<kw name="Element Should Be Visible" library="common">
<arg>${element}</arg>
<kw name="Wait For Elements State" library="Browser">
<arg>${locator}</arg>
<arg>visible</arg>
<arg>${timeout}</arg>
<arg>${message}</arg>
<tag>PageContent</tag>
<tag>Wait</tag>
<doc>Waits for the element found by ``selector`` to satisfy state option.</doc>
<msg timestamp="20230711 07:45:29.397" level="INFO" html="true">&lt;/td&gt;&lt;/tr&gt;&lt;tr&gt;&lt;td colspan="3"&gt;&lt;a href="browser/screenshot/fail-screenshot-3.png" target="_blank"&gt;&lt;img src="browser/screenshot/fail-screenshot-3.png" width="800px"/&gt;&lt;/a&gt;</msg>
<msg timestamp="20230711 07:45:29.399" level="INFO">See also file:///D:/DEMO2/vite-react-ari/playwright-log.txt for additional details.</msg>
<msg timestamp="20230711 07:45:29.400" level="FAIL">TimeoutError: locator.waitFor: Timeout 100ms exceeded.
=========================== logs ===========================
waiting for locator('xpath=//*[contains(@class, "swal2-confirm")]') to be visible
  locator resolved to hidden &lt;button type="button" aria-label="" class="swal2-confirm…&gt;OK&lt;/button&gt;
  locator resolved to hidden &lt;button type="button" aria-label="" class="swal2-confirm…&gt;OK&lt;/button&gt;
  locator resolved to hidden &lt;button type="button" aria-label="" class="swal2-confirm…&gt;OK&lt;/button&gt;
============================================================
Tip: Use "Set Browser Timeout" for increasing the timeout or double check your locator as the targeted element(s) couldn't be found.</msg>
<status status="FAIL" starttime="20230711 07:45:28.962" endtime="20230711 07:45:29.404"/>
</kw>
<status status="FAIL" starttime="20230711 07:45:28.959" endtime="20230711 07:45:29.405"/>
</kw>
<msg timestamp="20230711 07:45:29.406" level="INFO">${passed} = False</msg>
<status status="PASS" starttime="20230711 07:45:28.959" endtime="20230711 07:45:29.406"/>
</kw>
<if>
<branch type="IF" condition="'${passed}' == 'True'">
<kw name="Click" library="Browser">
<arg>${element}</arg>
<tag>PageContent</tag>
<tag>Setter</tag>
<doc>Simulates mouse click on the element found by ``selector``.</doc>
<status status="NOT RUN" starttime="20230711 07:45:29.407" endtime="20230711 07:45:29.409"/>
</kw>
<status status="NOT RUN" starttime="20230711 07:45:29.407" endtime="20230711 07:45:29.409"/>
</branch>
<status status="PASS" starttime="20230711 07:45:29.407" endtime="20230711 07:45:29.410"/>
</if>
<kw name="Wait Until Element Is Not Exist" library="common">
<arg>${notify}</arg>
<kw name="Wait For Elements State" library="Browser">
<arg>${locator}</arg>
<arg>detached</arg>
<arg>${timeout}</arg>
<arg>${message}</arg>
<tag>PageContent</tag>
<tag>Wait</tag>
<doc>Waits for the element found by ``selector`` to satisfy state option.</doc>
<msg timestamp="20230711 07:45:31.457" level="INFO">Waited for Element with selector xpath=//*[contains(@class, "swal2-confirm")] at state detached</msg>
<status status="PASS" starttime="20230711 07:45:29.414" endtime="20230711 07:45:31.457"/>
</kw>
<status status="PASS" starttime="20230711 07:45:29.411" endtime="20230711 07:45:31.457"/>
</kw>
<status status="PASS" starttime="20230711 07:45:26.912" endtime="20230711 07:45:31.458"/>
</kw>
<status status="PASS" starttime="20230711 07:45:23.845" endtime="20230711 07:45:31.458"/>
</kw>
<kw name="Then User look title &quot;Danh sách nghỉ phép&quot;" library="common" sourcename="User look title &quot;${title}&quot;">
<kw name="Sleep" library="BuiltIn">
<arg>1 seconds</arg>
<doc>Pauses the test executed for the given time.</doc>
<msg timestamp="20230711 07:45:32.461" level="INFO">Slept 1 second</msg>
<status status="PASS" starttime="20230711 07:45:31.460" endtime="20230711 07:45:32.461"/>
</kw>
<kw name="Title Should Be" library="common">
<arg>${title}</arg>
<kw name="Get Title" library="Browser">
<var>${actualTitle}</var>
<tag>Assertion</tag>
<tag>Getter</tag>
<tag>PageContent</tag>
<doc>Returns the title of the current page.</doc>
<msg timestamp="20230711 07:45:32.467" level="INFO">Title: 'Danh sách nghỉ phép'</msg>
<msg timestamp="20230711 07:45:32.468" level="INFO">${actualTitle} = Danh sách nghỉ phép</msg>
<status status="PASS" starttime="20230711 07:45:32.461" endtime="20230711 07:45:32.468"/>
</kw>
<kw name="Should Be Equal As Strings" library="BuiltIn">
<arg>${actualTitle}</arg>
<arg>${expectedTitle}</arg>
<doc>Fails if objects are unequal after converting them to strings.</doc>
<status status="PASS" starttime="20230711 07:45:32.468" endtime="20230711 07:45:32.469"/>
</kw>
<status status="PASS" starttime="20230711 07:45:32.461" endtime="20230711 07:45:32.469"/>
</kw>
<status status="PASS" starttime="20230711 07:45:31.459" endtime="20230711 07:45:32.469"/>
</kw>
<kw name="And User look menu &quot;Nghỉ phép&quot;" library="common" sourcename="User look menu &quot;${text}&quot;">
<kw name="Element Text Should Be" library="common">
<arg>xpath=//li[contains(@class, "menu") and descendant::span[contains(text(), "${text}")]]</arg>
<arg>${text}</arg>
<kw name="Get Text" library="Browser">
<arg>${locator}</arg>
<arg>equal</arg>
<arg>${expected}</arg>
<arg>${message}</arg>
<tag>Assertion</tag>
<tag>Getter</tag>
<tag>PageContent</tag>
<doc>Returns text attribute of the element found by ``selector``.</doc>
<msg timestamp="20230711 07:45:32.504" level="INFO">Text: 'Nghỉ phép'</msg>
<status status="PASS" starttime="20230711 07:45:32.472" endtime="20230711 07:45:32.504"/>
</kw>
<status status="PASS" starttime="20230711 07:45:32.470" endtime="20230711 07:45:32.505"/>
</kw>
<status status="PASS" starttime="20230711 07:45:32.470" endtime="20230711 07:45:32.505"/>
</kw>
<kw name="And User look menu &quot;Thiết lập&quot;" library="common" sourcename="User look menu &quot;${text}&quot;">
<kw name="Element Text Should Be" library="common">
<arg>xpath=//li[contains(@class, "menu") and descendant::span[contains(text(), "${text}")]]</arg>
<arg>${text}</arg>
<kw name="Get Text" library="Browser">
<arg>${locator}</arg>
<arg>equal</arg>
<arg>${expected}</arg>
<arg>${message}</arg>
<tag>Assertion</tag>
<tag>Getter</tag>
<tag>PageContent</tag>
<doc>Returns text attribute of the element found by ``selector``.</doc>
<msg timestamp="20230711 07:45:32.549" level="INFO">Text: 'Thiết lập'</msg>
<status status="PASS" starttime="20230711 07:45:32.512" endtime="20230711 07:45:32.549"/>
</kw>
<status status="PASS" starttime="20230711 07:45:32.507" endtime="20230711 07:45:32.549"/>
</kw>
<status status="PASS" starttime="20230711 07:45:32.507" endtime="20230711 07:45:32.550"/>
</kw>
<tag>@regression</tag>
<tag>@smoketest</tag>
<status status="PASS" starttime="20230711 07:45:21.321" endtime="20230711 07:45:32.552"/>
</test>
<status status="PASS" starttime="20230711 07:44:50.363" endtime="20230711 07:45:32.797"/>
</suite>
<statistics>
<total>
<stat pass="3" fail="0" skip="0">All Tests</stat>
</total>
<tag>
<stat pass="3" fail="0" skip="0">@regression</stat>
<stat pass="3" fail="0" skip="0">@smoketest</stat>
</tag>
<suite>
<stat pass="3" fail="0" skip="0" id="s1" name="Hovannhat Login">Hovannhat Login</stat>
</suite>
</statistics>
<errors>
</errors>
</robot>
