<?xml version="1.0" encoding="UTF-8"?>
<robot generator="Robot 6.1.1 (Python 3.11.4 on win32)" generated="20230814 22:01:14.136" rpa="false" schemaversion="4">
<suite id="s1" name="Supplier Create Product" source="D:\BALANCE\vite-react-balance\test\testcases\Supplier_Create_Product.robot">
<test id="s1-t1" name="Create_Product_22: Kiểm tra tạo mới sản phẩm với chiết khấu linh động - chiết khấu theo số tiền thành công" line="200">
<kw name="Preconditions" type="SETUP">
<kw name="Set Browser Timeout" library="Browser">
<arg>${BROWSER_TIMEOUT}</arg>
<tag>Config</tag>
<tag>Setter</tag>
<doc>Sets the timeout used by most input and getter keywords.</doc>
<status status="PASS" starttime="20230814 22:01:16.456" endtime="20230814 22:01:16.476"/>
</kw>
<kw name="New Browser" library="Browser">
<arg>${BROWSER}</arg>
<arg>headless=${HEADLESS}</arg>
<tag>BrowserControl</tag>
<tag>Setter</tag>
<doc>Create a new playwright Browser with specified options.</doc>
<msg timestamp="20230814 22:01:16.476" level="INFO">{"browser": "chromium", "headless": false, "chromiumSandbox": false, "devtools": false, "handleSIGHUP": true, "handleSIGINT": true, "handleSIGTERM": true, "ignoreDefaultArgs": false, "slowMo": 0.0, "timeout": 30000.0, "tracesDir": "D:\\BALANCE\\vite-react-balance\\browser\\traces\\66f6e209-3c62-475d-9273-9cc1107cf152"}</msg>
<msg timestamp="20230814 22:01:17.873" level="INFO">Successfully created browser with options: {"browser":"chromium","headless":false,"chromiumSandbox":false,"devtools":false,"handleSIGHUP":true,"handleSIGINT":true,"handleSIGTERM":true,"ignoreDefaultArgs":false,"slowMo":0,"timeout":30000,"tracesDir":"D:\\BALANCE\\vite-react-balance\\browser\\traces\\66f6e209-3c62-475d-9273-9cc1107cf152"}</msg>
<status status="PASS" starttime="20230814 22:01:16.476" endtime="20230814 22:01:17.873"/>
</kw>
<kw name="New Page" library="Browser">
<arg>${URL_DEFAULT}</arg>
<tag>BrowserControl</tag>
<tag>Setter</tag>
<doc>Open a new Page.</doc>
<msg timestamp="20230814 22:01:21.505" level="INFO">Successfully initialized new page object and opened url: http://stag.balance.ari.com.vn/#/</msg>
<msg timestamp="20230814 22:01:21.506" level="INFO">No context was open. New context was automatically opened when this page is created.</msg>
<status status="PASS" starttime="20230814 22:01:17.873" endtime="20230814 22:01:21.506"/>
</kw>
<kw name="Evaluate" library="BuiltIn">
<var>${STATE}</var>
<arg>json.loads('''{}''')</arg>
<arg>json</arg>
<doc>Evaluates the given expression in Python and returns the result.</doc>
<msg timestamp="20230814 22:01:21.509" level="INFO">${STATE} = {}</msg>
<status status="PASS" starttime="20230814 22:01:21.507" endtime="20230814 22:01:21.509"/>
</kw>
<kw name="Login to Supplier" library="common" sourcename="Login to ${user}">
<if>
<branch type="IF" condition="'${user}' == 'Admin'">
<kw name="Enter &quot;email&quot; in &quot;Tên đăng nhập&quot; with &quot;admin_balan@getnada.com&quot;" library="common" sourcename="Enter &quot;${type}&quot; in &quot;${name}&quot; with &quot;${text}&quot;">
<status status="NOT RUN" starttime="20230814 22:01:21.512" endtime="20230814 22:01:21.512"/>
</kw>
<status status="NOT RUN" starttime="20230814 22:01:21.511" endtime="20230814 22:01:21.512"/>
</branch>
<branch type="ELSE IF" condition="'${user}' == 'Store'">
<kw name="Enter &quot;email&quot; in &quot;Tên đăng nhập&quot; with &quot;chstag11111@getnada.com&quot;" library="common" sourcename="Enter &quot;${type}&quot; in &quot;${name}&quot; with &quot;${text}&quot;">
<status status="NOT RUN" starttime="20230814 22:01:21.512" endtime="20230814 22:01:21.512"/>
</kw>
<status status="NOT RUN" starttime="20230814 22:01:21.512" endtime="20230814 22:01:21.512"/>
</branch>
<branch type="ELSE IF" condition="'${user}' == 'Supplier'">
<kw name="Enter &quot;email&quot; in &quot;Tên đăng nhập&quot; with &quot;nccstag11111@getnada.com&quot;" library="common" sourcename="Enter &quot;${type}&quot; in &quot;${name}&quot; with &quot;${text}&quot;">
<kw name="Get Random Text" library="common">
<var>${text}</var>
<arg>${type}</arg>
<arg>${text}</arg>
<kw name="Set Variable" library="BuiltIn">
<var>${symbol}</var>
<arg>_RANDOM_</arg>
<doc>Returns the given values which can then be assigned to a variables.</doc>
<msg timestamp="20230814 22:01:21.516" level="INFO">${symbol} = _RANDOM_</msg>
<status status="PASS" starttime="20230814 22:01:21.516" endtime="20230814 22:01:21.516"/>
</kw>
<kw name="Set Variable" library="BuiltIn">
<var>${new_text}</var>
<doc>Returns the given values which can then be assigned to a variables.</doc>
<msg timestamp="20230814 22:01:21.516" level="INFO">${new_text} = </msg>
<status status="PASS" starttime="20230814 22:01:21.516" endtime="20230814 22:01:21.516"/>
</kw>
<kw name="Get Regexp Matches" library="String">
<var>${containsS}</var>
<arg>${text}</arg>
<arg>_@(.+)@_</arg>
<arg>1</arg>
<doc>Returns a list of all non-overlapping matches in the given string.</doc>
<msg timestamp="20230814 22:01:21.516" level="INFO">${containsS} = []</msg>
<status status="PASS" starttime="20230814 22:01:21.516" endtime="20230814 22:01:21.516"/>
</kw>
<kw name="Get Length" library="BuiltIn">
<var>${cntS}</var>
<arg>${containsS}</arg>
<doc>Returns and logs the length of the given item as an integer.</doc>
<msg timestamp="20230814 22:01:21.516" level="INFO">Length is 0</msg>
<msg timestamp="20230814 22:01:21.516" level="INFO">${cntS} = 0</msg>
<status status="PASS" starttime="20230814 22:01:21.516" endtime="20230814 22:01:21.516"/>
</kw>
<kw name="Get Regexp Matches" library="String">
<var>${contains}</var>
<arg>${text}</arg>
<arg>${symbol}</arg>
<doc>Returns a list of all non-overlapping matches in the given string.</doc>
<msg timestamp="20230814 22:01:21.516" level="INFO">${contains} = []</msg>
<status status="PASS" starttime="20230814 22:01:21.516" endtime="20230814 22:01:21.516"/>
</kw>
<kw name="Get Length" library="BuiltIn">
<var>${cnt}</var>
<arg>${contains}</arg>
<doc>Returns and logs the length of the given item as an integer.</doc>
<msg timestamp="20230814 22:01:21.521" level="INFO">Length is 0</msg>
<msg timestamp="20230814 22:01:21.521" level="INFO">${cnt} = 0</msg>
<status status="PASS" starttime="20230814 22:01:21.516" endtime="20230814 22:01:21.521"/>
</kw>
<if>
<branch type="IF" condition="${cntS} &gt; 0">
<kw name="Set Variable" library="BuiltIn">
<var>${new_text}</var>
<arg>${STATE["${containsS[0]}"]}</arg>
<doc>Returns the given values which can then be assigned to a variables.</doc>
<status status="NOT RUN" starttime="20230814 22:01:21.521" endtime="20230814 22:01:21.521"/>
</kw>
<kw name="Set Variable" library="BuiltIn">
<var>${symbol}</var>
<arg>_@${containsS[0]}@_</arg>
<doc>Returns the given values which can then be assigned to a variables.</doc>
<status status="NOT RUN" starttime="20230814 22:01:21.523" endtime="20230814 22:01:21.523"/>
</kw>
<status status="NOT RUN" starttime="20230814 22:01:21.521" endtime="20230814 22:01:21.523"/>
</branch>
<branch type="ELSE IF" condition="${cnt} &gt; 0 and '${type}' == 'fullname'">
<kw name="Name" library="FakerLibrary">
<var>${new_text}</var>
<doc>:example: 'John Doe'</doc>
<status status="NOT RUN" starttime="20230814 22:01:21.525" endtime="20230814 22:01:21.525"/>
</kw>
<status status="NOT RUN" starttime="20230814 22:01:21.524" endtime="20230814 22:01:21.525"/>
</branch>
<branch type="ELSE IF" condition="${cnt} &gt; 0 and '${type}' == 'test name'">
<kw name="Sentence" library="FakerLibrary">
<var>${random}</var>
<arg>nb_words=3</arg>
<doc>Generate a sentence.</doc>
<status status="NOT RUN" starttime="20230814 22:01:21.526" endtime="20230814 22:01:21.526"/>
</kw>
<kw name="Split String" library="String">
<var>${words}</var>
<arg>${TEST NAME}</arg>
<arg>${SPACE}</arg>
<doc>Splits the ``string`` using ``separator`` as a delimiter string.</doc>
<status status="NOT RUN" starttime="20230814 22:01:21.526" endtime="20230814 22:01:21.526"/>
</kw>
<kw name="Set Variable" library="BuiltIn">
<var>${new_text}</var>
<arg>${words[0]} ${random}</arg>
<doc>Returns the given values which can then be assigned to a variables.</doc>
<status status="NOT RUN" starttime="20230814 22:01:21.526" endtime="20230814 22:01:21.526"/>
</kw>
<status status="NOT RUN" starttime="20230814 22:01:21.525" endtime="20230814 22:01:21.531"/>
</branch>
<branch type="ELSE IF" condition="${cnt} &gt; 0 and '${type}' == 'name code'">
<kw name="Random Int" library="FakerLibrary">
<var>${random}</var>
<arg>min=00000</arg>
<arg>max=99999</arg>
<doc>Generate a random integer between two integers ``min`` and ``max`` inclusive
while observing the provided ``step`` value.</doc>
<status status="NOT RUN" starttime="20230814 22:01:21.531" endtime="20230814 22:01:21.531"/>
</kw>
<kw name="Set Variable" library="BuiltIn">
<var>${name}</var>
<arg>USR</arg>
<doc>Returns the given values which can then be assigned to a variables.</doc>
<status status="NOT RUN" starttime="20230814 22:01:21.533" endtime="20230814 22:01:21.533"/>
</kw>
<kw name="Set Variable" library="BuiltIn">
<var>${new_text}</var>
<arg>${name}${random}</arg>
<doc>Returns the given values which can then be assigned to a variables.</doc>
<status status="NOT RUN" starttime="20230814 22:01:21.533" endtime="20230814 22:01:21.533"/>
</kw>
<status status="NOT RUN" starttime="20230814 22:01:21.531" endtime="20230814 22:01:21.533"/>
</branch>
<branch type="ELSE IF" condition="${cnt} &gt; 0 and '${type}' == 'phone_invalid'">
<kw name="Random Int" library="FakerLibrary">
<var>${new_text}</var>
<arg>min=1000000000000</arg>
<arg>max=9999999999999</arg>
<doc>Generate a random integer between two integers ``min`` and ``max`` inclusive
while observing the provided ``step`` value.</doc>
<status status="NOT RUN" starttime="20230814 22:01:21.533" endtime="20230814 22:01:21.533"/>
</kw>
<kw name="Convert To String" library="BuiltIn">
<var>${new_text}</var>
<arg>${new_text}</arg>
<doc>Converts the given item to a Unicode string.</doc>
<status status="NOT RUN" starttime="20230814 22:01:21.533" endtime="20230814 22:01:21.536"/>
</kw>
<status status="NOT RUN" starttime="20230814 22:01:21.533" endtime="20230814 22:01:21.536"/>
</branch>
<branch type="ELSE IF" condition="${cnt} &gt; 0 and '${type}' == 'percentage'">
<kw name="Random Int" library="FakerLibrary">
<var>${new_text}</var>
<arg>max=100</arg>
<doc>Generate a random integer between two integers ``min`` and ``max`` inclusive
while observing the provided ``step`` value.</doc>
<status status="NOT RUN" starttime="20230814 22:01:21.536" endtime="20230814 22:01:21.536"/>
</kw>
<kw name="Convert To String" library="BuiltIn">
<var>${new_text}</var>
<arg>${new_text}</arg>
<doc>Converts the given item to a Unicode string.</doc>
<status status="NOT RUN" starttime="20230814 22:01:21.536" endtime="20230814 22:01:21.536"/>
</kw>
<status status="NOT RUN" starttime="20230814 22:01:21.536" endtime="20230814 22:01:21.536"/>
</branch>
<branch type="ELSE IF" condition="${cnt} &gt; 0 and '${type}' == 'paragraph'">
<kw name="Paragraph" library="FakerLibrary">
<var>${new_text}</var>
<doc>Generate a paragraph.</doc>
<status status="NOT RUN" starttime="20230814 22:01:21.536" endtime="20230814 22:01:21.536"/>
</kw>
<status status="NOT RUN" starttime="20230814 22:01:21.536" endtime="20230814 22:01:21.536"/>
</branch>
<branch type="ELSE IF" condition="${cnt} &gt; 0 and '${type}' == 'email'">
<kw name="Email" library="FakerLibrary">
<var>${new_text}</var>
<status status="NOT RUN" starttime="20230814 22:01:21.536" endtime="20230814 22:01:21.536"/>
</kw>
<status status="NOT RUN" starttime="20230814 22:01:21.536" endtime="20230814 22:01:21.540"/>
</branch>
<branch type="ELSE IF" condition="${cnt} &gt; 0 and '${type}' == 'phone'">
<kw name="Random Int" library="FakerLibrary">
<var>${new_text}</var>
<arg>min=55555555</arg>
<arg>max=999999999999</arg>
<doc>Generate a random integer between two integers ``min`` and ``max`` inclusive
while observing the provided ``step`` value.</doc>
<status status="NOT RUN" starttime="20230814 22:01:21.541" endtime="20230814 22:01:21.542"/>
</kw>
<kw name="Convert To String" library="BuiltIn">
<var>${new_text}</var>
<arg>${new_text}</arg>
<doc>Converts the given item to a Unicode string.</doc>
<status status="NOT RUN" starttime="20230814 22:01:21.542" endtime="20230814 22:01:21.542"/>
</kw>
<status status="NOT RUN" starttime="20230814 22:01:21.540" endtime="20230814 22:01:21.542"/>
</branch>
<branch type="ELSE IF" condition="${cnt} &gt; 0 and '${type}' == 'phone_7'">
<kw name="Random Int" library="FakerLibrary">
<var>${new_text}</var>
<arg>min=0000000</arg>
<arg>max=9999999</arg>
<doc>Generate a random integer between two integers ``min`` and ``max`` inclusive
while observing the provided ``step`` value.</doc>
<status status="NOT RUN" starttime="20230814 22:01:21.542" endtime="20230814 22:01:21.542"/>
</kw>
<kw name="Convert To String" library="BuiltIn">
<var>${new_text}</var>
<arg>${new_text}</arg>
<doc>Converts the given item to a Unicode string.</doc>
<status status="NOT RUN" starttime="20230814 22:01:21.542" endtime="20230814 22:01:21.542"/>
</kw>
<status status="NOT RUN" starttime="20230814 22:01:21.542" endtime="20230814 22:01:21.542"/>
</branch>
<branch type="ELSE IF" condition="${cnt} &gt; 0 and '${type}' == 'phone_invalid'">
<kw name="Random Int" library="FakerLibrary">
<var>${new_text}</var>
<arg>min=0000000000000</arg>
<arg>max=9999999999999</arg>
<doc>Generate a random integer between two integers ``min`` and ``max`` inclusive
while observing the provided ``step`` value.</doc>
<status status="NOT RUN" starttime="20230814 22:01:21.542" endtime="20230814 22:01:21.542"/>
</kw>
<kw name="Convert To String" library="BuiltIn">
<var>${new_text}</var>
<arg>${new_text}</arg>
<doc>Converts the given item to a Unicode string.</doc>
<status status="NOT RUN" starttime="20230814 22:01:21.542" endtime="20230814 22:01:21.546"/>
</kw>
<status status="NOT RUN" starttime="20230814 22:01:21.542" endtime="20230814 22:01:21.546"/>
</branch>
<branch type="ELSE IF" condition="${cnt} &gt; 0 and '${type}' == 'fax_7'">
<kw name="Random Int" library="FakerLibrary">
<var>${new_text}</var>
<arg>min=0000000</arg>
<arg>max=9999999</arg>
<doc>Generate a random integer between two integers ``min`` and ``max`` inclusive
while observing the provided ``step`` value.</doc>
<status status="NOT RUN" starttime="20230814 22:01:21.546" endtime="20230814 22:01:21.546"/>
</kw>
<kw name="Convert To String" library="BuiltIn">
<var>${new_text}</var>
<arg>${new_text}</arg>
<doc>Converts the given item to a Unicode string.</doc>
<status status="NOT RUN" starttime="20230814 22:01:21.546" endtime="20230814 22:01:21.546"/>
</kw>
<status status="NOT RUN" starttime="20230814 22:01:21.546" endtime="20230814 22:01:21.546"/>
</branch>
<branch type="ELSE IF" condition="${cnt} &gt; 0 and '${type}' == 'fax_valid'">
<kw name="Random Int" library="FakerLibrary">
<var>${new_text}</var>
<arg>min=10000000</arg>
<arg>max=99999999</arg>
<doc>Generate a random integer between two integers ``min`` and ``max`` inclusive
while observing the provided ``step`` value.</doc>
<status status="NOT RUN" starttime="20230814 22:01:21.546" endtime="20230814 22:01:21.546"/>
</kw>
<kw name="Convert To String" library="BuiltIn">
<var>${new_text}</var>
<arg>${new_text}</arg>
<doc>Converts the given item to a Unicode string.</doc>
<status status="NOT RUN" starttime="20230814 22:01:21.546" endtime="20230814 22:01:21.546"/>
</kw>
<status status="NOT RUN" starttime="20230814 22:01:21.546" endtime="20230814 22:01:21.546"/>
</branch>
<branch type="ELSE IF" condition="${cnt} &gt; 0 and '${type}' == 'fax_invalid'">
<kw name="Random Int" library="FakerLibrary">
<var>${new_text}</var>
<arg>min=1000000000000</arg>
<arg>max=9999999999999</arg>
<doc>Generate a random integer between two integers ``min`` and ``max`` inclusive
while observing the provided ``step`` value.</doc>
<status status="NOT RUN" starttime="20230814 22:01:21.546" endtime="20230814 22:01:21.546"/>
</kw>
<kw name="Convert To String" library="BuiltIn">
<var>${new_text}</var>
<arg>${new_text}</arg>
<doc>Converts the given item to a Unicode string.</doc>
<status status="NOT RUN" starttime="20230814 22:01:21.546" endtime="20230814 22:01:21.546"/>
</kw>
<status status="NOT RUN" starttime="20230814 22:01:21.546" endtime="20230814 22:01:21.546"/>
</branch>
<branch type="ELSE IF" condition="${cnt} &gt; 0 and '${type}' == 'number'">
<kw name="Random Int" library="FakerLibrary">
<var>${new_text}</var>
<arg>min=55555555</arg>
<arg>max=999999999999</arg>
<doc>Generate a random integer between two integers ``min`` and ``max`` inclusive
while observing the provided ``step`` value.</doc>
<status status="NOT RUN" starttime="20230814 22:01:21.546" endtime="20230814 22:01:21.546"/>
</kw>
<kw name="Convert To String" library="BuiltIn">
<var>${new_text}</var>
<arg>${new_text}</arg>
<doc>Converts the given item to a Unicode string.</doc>
<status status="NOT RUN" starttime="20230814 22:01:21.546" endtime="20230814 22:01:21.551"/>
</kw>
<status status="NOT RUN" starttime="20230814 22:01:21.546" endtime="20230814 22:01:21.551"/>
</branch>
<branch type="ELSE IF" condition="${cnt} &gt; 0 and '${type}' == 'otp'">
<kw name="Random Int" library="FakerLibrary">
<var>${new_text}</var>
<arg>min=100000</arg>
<arg>max=999999</arg>
<doc>Generate a random integer between two integers ``min`` and ``max`` inclusive
while observing the provided ``step`` value.</doc>
<status status="NOT RUN" starttime="20230814 22:01:21.551" endtime="20230814 22:01:21.551"/>
</kw>
<kw name="Convert To String" library="BuiltIn">
<var>${new_text}</var>
<arg>${new_text}</arg>
<doc>Converts the given item to a Unicode string.</doc>
<status status="NOT RUN" starttime="20230814 22:01:21.551" endtime="20230814 22:01:21.551"/>
</kw>
<status status="NOT RUN" starttime="20230814 22:01:21.551" endtime="20230814 22:01:21.551"/>
</branch>
<branch type="ELSE IF" condition="${cnt} &gt; 0 and '${type}' == '%'">
<kw name="Random Int" library="FakerLibrary">
<var>${new_text}</var>
<arg>min=0</arg>
<arg>max=100</arg>
<doc>Generate a random integer between two integers ``min`` and ``max`` inclusive
while observing the provided ``step`` value.</doc>
<status status="NOT RUN" starttime="20230814 22:01:21.551" endtime="20230814 22:01:21.551"/>
</kw>
<kw name="Convert To String" library="BuiltIn">
<var>${new_text}</var>
<arg>${new_text}</arg>
<doc>Converts the given item to a Unicode string.</doc>
<status status="NOT RUN" starttime="20230814 22:01:21.551" endtime="20230814 22:01:21.551"/>
</kw>
<status status="NOT RUN" starttime="20230814 22:01:21.551" endtime="20230814 22:01:21.551"/>
</branch>
<branch type="ELSE IF" condition="${cnt} &gt; 0 and '${type}' == 'color'">
<kw name="Safe Hex Color" library="FakerLibrary">
<var>${new_text}</var>
<doc>Generate a web-safe color formatted as a hex triplet.</doc>
<status status="NOT RUN" starttime="20230814 22:01:21.551" endtime="20230814 22:01:21.551"/>
</kw>
<status status="NOT RUN" starttime="20230814 22:01:21.551" endtime="20230814 22:01:21.551"/>
</branch>
<branch type="ELSE IF" condition="${cnt} &gt; 0 and '${type}' == 'date'">
<kw name="Date" library="FakerLibrary">
<var>${new_text}</var>
<arg>pattern=%d-%m-%Y</arg>
<doc>Get a date string between January 1, 1970 and now.</doc>
<status status="NOT RUN" starttime="20230814 22:01:21.551" endtime="20230814 22:01:21.551"/>
</kw>
<status status="NOT RUN" starttime="20230814 22:01:21.551" endtime="20230814 22:01:21.551"/>
</branch>
<branch type="ELSE IF" condition="${cnt} &gt; 0 and '${type}' == 'word'">
<kw name="Sentence" library="FakerLibrary">
<var>${new_text}</var>
<arg>nb_words=500</arg>
<doc>Generate a sentence.</doc>
<status status="NOT RUN" starttime="20230814 22:01:21.556" endtime="20230814 22:01:21.556"/>
</kw>
<status status="NOT RUN" starttime="20230814 22:01:21.551" endtime="20230814 22:01:21.557"/>
</branch>
<branch type="ELSE IF" condition="${cnt} &gt; 0 and '${type}' == '2000 word'">
<kw name="Sentence" library="FakerLibrary">
<var>${new_text}</var>
<arg>nb_words=2000</arg>
<doc>Generate a sentence.</doc>
<status status="NOT RUN" starttime="20230814 22:01:21.559" endtime="20230814 22:01:21.559"/>
</kw>
<status status="NOT RUN" starttime="20230814 22:01:21.557" endtime="20230814 22:01:21.559"/>
</branch>
<branch type="ELSE IF" condition="${cnt} &gt; 0 and '${type}' == 'Barcode_valid'">
<kw name="Random Int" library="FakerLibrary">
<var>${new_text}</var>
<arg>min=0000000000000</arg>
<arg>max=9999999999999</arg>
<doc>Generate a random integer between two integers ``min`` and ``max`` inclusive
while observing the provided ``step`` value.</doc>
<status status="NOT RUN" starttime="20230814 22:01:21.559" endtime="20230814 22:01:21.559"/>
</kw>
<kw name="Convert To String" library="BuiltIn">
<var>${new_text}</var>
<arg>${new_text}</arg>
<doc>Converts the given item to a Unicode string.</doc>
<status status="NOT RUN" starttime="20230814 22:01:21.559" endtime="20230814 22:01:21.559"/>
</kw>
<status status="NOT RUN" starttime="20230814 22:01:21.559" endtime="20230814 22:01:21.559"/>
</branch>
<branch type="ELSE IF" condition="${cnt} &gt; 0 and '${type}' == 'Barcode_invalid'">
<kw name="Random Int" library="FakerLibrary">
<var>${new_text}</var>
<arg>min=10000000000000</arg>
<arg>max=99999999999999</arg>
<doc>Generate a random integer between two integers ``min`` and ``max`` inclusive
while observing the provided ``step`` value.</doc>
<status status="NOT RUN" starttime="20230814 22:01:21.559" endtime="20230814 22:01:21.559"/>
</kw>
<kw name="Convert To String" library="BuiltIn">
<var>${new_text}</var>
<arg>${new_text}</arg>
<doc>Converts the given item to a Unicode string.</doc>
<status status="NOT RUN" starttime="20230814 22:01:21.559" endtime="20230814 22:01:21.559"/>
</kw>
<status status="NOT RUN" starttime="20230814 22:01:21.559" endtime="20230814 22:01:21.559"/>
</branch>
<branch type="ELSE IF" condition="${cnt} &gt; 0">
<kw name="Sentence" library="FakerLibrary">
<var>${new_text}</var>
<doc>Generate a sentence.</doc>
<status status="NOT RUN" starttime="20230814 22:01:21.559" endtime="20230814 22:01:21.559"/>
</kw>
<status status="NOT RUN" starttime="20230814 22:01:21.559" endtime="20230814 22:01:21.559"/>
</branch>
<status status="PASS" starttime="20230814 22:01:21.521" endtime="20230814 22:01:21.559"/>
</if>
<kw name="Get Length" library="BuiltIn">
<var>${cnt}</var>
<arg>${text}</arg>
<doc>Returns and logs the length of the given item as an integer.</doc>
<msg timestamp="20230814 22:01:21.559" level="INFO">Length is 24</msg>
<msg timestamp="20230814 22:01:21.559" level="INFO">${cnt} = 24</msg>
<status status="PASS" starttime="20230814 22:01:21.559" endtime="20230814 22:01:21.559"/>
</kw>
<if>
<branch type="IF" condition="${cnt} &gt; 0">
<kw name="Replace String" library="String">
<var>${text}</var>
<arg>${text}</arg>
<arg>${symbol}</arg>
<arg>${new_text}</arg>
<doc>Replaces ``search_for`` in the given ``string`` with ``replace_with``.</doc>
<msg timestamp="20230814 22:01:21.559" level="INFO">${text} = nccstag11111@getnada.com</msg>
<status status="PASS" starttime="20230814 22:01:21.559" endtime="20230814 22:01:21.559"/>
</kw>
<status status="PASS" starttime="20230814 22:01:21.559" endtime="20230814 22:01:21.566"/>
</branch>
<status status="PASS" starttime="20230814 22:01:21.559" endtime="20230814 22:01:21.566"/>
</if>
<msg timestamp="20230814 22:01:21.566" level="INFO">${text} = nccstag11111@getnada.com</msg>
<status status="PASS" starttime="20230814 22:01:21.516" endtime="20230814 22:01:21.566"/>
</kw>
<kw name="Get Element Form Item By Name" library="common">
<var>${element}</var>
<arg>${name}</arg>
<arg>//input[contains(@class, "ant-input")]</arg>
<msg timestamp="20230814 22:01:21.566" level="INFO">${element} = xpath=//*[contains(@class, "ant-form-item-label")]/label[text()="Tên đăng nhập"]/../../*[contains(@class, "ant-form-item")]//input[contains(@class, "ant-input")]</msg>
<status status="PASS" starttime="20230814 22:01:21.566" endtime="20230814 22:01:21.566"/>
</kw>
<kw name="Clear Text" library="Browser">
<arg>${element}</arg>
<tag>PageContent</tag>
<tag>Setter</tag>
<doc>Clears the text field found by ``selector``.</doc>
<status status="PASS" starttime="20230814 22:01:21.566" endtime="20230814 22:01:21.666"/>
</kw>
<kw name="Fill Text" library="Browser">
<arg>${element}</arg>
<arg>${text}</arg>
<arg>True</arg>
<tag>PageContent</tag>
<tag>Setter</tag>
<doc>Clears and fills the given ``txt`` into the text field found by ``selector``.</doc>
<msg timestamp="20230814 22:01:21.666" level="INFO">Fills the text 'nccstag11111@getnada.com' in the given field.</msg>
<status status="PASS" starttime="20230814 22:01:21.666" endtime="20230814 22:01:21.725"/>
</kw>
<kw name="Get Length" library="BuiltIn">
<var>${cnt}</var>
<arg>${text}</arg>
<doc>Returns and logs the length of the given item as an integer.</doc>
<msg timestamp="20230814 22:01:21.725" level="INFO">Length is 24</msg>
<msg timestamp="20230814 22:01:21.726" level="INFO">${cnt} = 24</msg>
<status status="PASS" starttime="20230814 22:01:21.725" endtime="20230814 22:01:21.726"/>
</kw>
<if>
<branch type="IF" condition="${cnt} &gt; 0">
<kw name="Set Global Variable" library="BuiltIn">
<arg>${STATE["${name}"]}</arg>
<arg>${text}</arg>
<doc>Makes a variable available globally in all tests and suites.</doc>
<msg timestamp="20230814 22:01:21.728" level="INFO">${STATE["Tên đăng nhập"]} = nccstag11111@getnada.com</msg>
<status status="PASS" starttime="20230814 22:01:21.727" endtime="20230814 22:01:21.728"/>
</kw>
<status status="PASS" starttime="20230814 22:01:21.726" endtime="20230814 22:01:21.729"/>
</branch>
<status status="PASS" starttime="20230814 22:01:21.726" endtime="20230814 22:01:21.729"/>
</if>
<status status="PASS" starttime="20230814 22:01:21.516" endtime="20230814 22:01:21.729"/>
</kw>
<status status="PASS" starttime="20230814 22:01:21.512" endtime="20230814 22:01:21.730"/>
</branch>
<status status="PASS" starttime="20230814 22:01:21.510" endtime="20230814 22:01:21.730"/>
</if>
<kw name="Enter &quot;text&quot; in &quot;Mật khẩu&quot; with &quot;Ari123456#&quot;" library="common" sourcename="Enter &quot;${type}&quot; in &quot;${name}&quot; with &quot;${text}&quot;">
<kw name="Get Random Text" library="common">
<var>${text}</var>
<arg>${type}</arg>
<arg>${text}</arg>
<kw name="Set Variable" library="BuiltIn">
<var>${symbol}</var>
<arg>_RANDOM_</arg>
<doc>Returns the given values which can then be assigned to a variables.</doc>
<msg timestamp="20230814 22:01:21.733" level="INFO">${symbol} = _RANDOM_</msg>
<status status="PASS" starttime="20230814 22:01:21.732" endtime="20230814 22:01:21.734"/>
</kw>
<kw name="Set Variable" library="BuiltIn">
<var>${new_text}</var>
<doc>Returns the given values which can then be assigned to a variables.</doc>
<msg timestamp="20230814 22:01:21.734" level="INFO">${new_text} = </msg>
<status status="PASS" starttime="20230814 22:01:21.734" endtime="20230814 22:01:21.734"/>
</kw>
<kw name="Get Regexp Matches" library="String">
<var>${containsS}</var>
<arg>${text}</arg>
<arg>_@(.+)@_</arg>
<arg>1</arg>
<doc>Returns a list of all non-overlapping matches in the given string.</doc>
<msg timestamp="20230814 22:01:21.734" level="INFO">${containsS} = []</msg>
<status status="PASS" starttime="20230814 22:01:21.734" endtime="20230814 22:01:21.734"/>
</kw>
<kw name="Get Length" library="BuiltIn">
<var>${cntS}</var>
<arg>${containsS}</arg>
<doc>Returns and logs the length of the given item as an integer.</doc>
<msg timestamp="20230814 22:01:21.736" level="INFO">Length is 0</msg>
<msg timestamp="20230814 22:01:21.736" level="INFO">${cntS} = 0</msg>
<status status="PASS" starttime="20230814 22:01:21.736" endtime="20230814 22:01:21.736"/>
</kw>
<kw name="Get Regexp Matches" library="String">
<var>${contains}</var>
<arg>${text}</arg>
<arg>${symbol}</arg>
<doc>Returns a list of all non-overlapping matches in the given string.</doc>
<msg timestamp="20230814 22:01:21.736" level="INFO">${contains} = []</msg>
<status status="PASS" starttime="20230814 22:01:21.736" endtime="20230814 22:01:21.736"/>
</kw>
<kw name="Get Length" library="BuiltIn">
<var>${cnt}</var>
<arg>${contains}</arg>
<doc>Returns and logs the length of the given item as an integer.</doc>
<msg timestamp="20230814 22:01:21.736" level="INFO">Length is 0</msg>
<msg timestamp="20230814 22:01:21.736" level="INFO">${cnt} = 0</msg>
<status status="PASS" starttime="20230814 22:01:21.736" endtime="20230814 22:01:21.736"/>
</kw>
<if>
<branch type="IF" condition="${cntS} &gt; 0">
<kw name="Set Variable" library="BuiltIn">
<var>${new_text}</var>
<arg>${STATE["${containsS[0]}"]}</arg>
<doc>Returns the given values which can then be assigned to a variables.</doc>
<status status="NOT RUN" starttime="20230814 22:01:21.736" endtime="20230814 22:01:21.736"/>
</kw>
<kw name="Set Variable" library="BuiltIn">
<var>${symbol}</var>
<arg>_@${containsS[0]}@_</arg>
<doc>Returns the given values which can then be assigned to a variables.</doc>
<status status="NOT RUN" starttime="20230814 22:01:21.741" endtime="20230814 22:01:21.741"/>
</kw>
<status status="NOT RUN" starttime="20230814 22:01:21.736" endtime="20230814 22:01:21.741"/>
</branch>
<branch type="ELSE IF" condition="${cnt} &gt; 0 and '${type}' == 'fullname'">
<kw name="Name" library="FakerLibrary">
<var>${new_text}</var>
<doc>:example: 'John Doe'</doc>
<status status="NOT RUN" starttime="20230814 22:01:21.741" endtime="20230814 22:01:21.741"/>
</kw>
<status status="NOT RUN" starttime="20230814 22:01:21.741" endtime="20230814 22:01:21.741"/>
</branch>
<branch type="ELSE IF" condition="${cnt} &gt; 0 and '${type}' == 'test name'">
<kw name="Sentence" library="FakerLibrary">
<var>${random}</var>
<arg>nb_words=3</arg>
<doc>Generate a sentence.</doc>
<status status="NOT RUN" starttime="20230814 22:01:21.741" endtime="20230814 22:01:21.741"/>
</kw>
<kw name="Split String" library="String">
<var>${words}</var>
<arg>${TEST NAME}</arg>
<arg>${SPACE}</arg>
<doc>Splits the ``string`` using ``separator`` as a delimiter string.</doc>
<status status="NOT RUN" starttime="20230814 22:01:21.741" endtime="20230814 22:01:21.741"/>
</kw>
<kw name="Set Variable" library="BuiltIn">
<var>${new_text}</var>
<arg>${words[0]} ${random}</arg>
<doc>Returns the given values which can then be assigned to a variables.</doc>
<status status="NOT RUN" starttime="20230814 22:01:21.741" endtime="20230814 22:01:21.741"/>
</kw>
<status status="NOT RUN" starttime="20230814 22:01:21.741" endtime="20230814 22:01:21.741"/>
</branch>
<branch type="ELSE IF" condition="${cnt} &gt; 0 and '${type}' == 'name code'">
<kw name="Random Int" library="FakerLibrary">
<var>${random}</var>
<arg>min=00000</arg>
<arg>max=99999</arg>
<doc>Generate a random integer between two integers ``min`` and ``max`` inclusive
while observing the provided ``step`` value.</doc>
<status status="NOT RUN" starttime="20230814 22:01:21.741" endtime="20230814 22:01:21.741"/>
</kw>
<kw name="Set Variable" library="BuiltIn">
<var>${name}</var>
<arg>USR</arg>
<doc>Returns the given values which can then be assigned to a variables.</doc>
<status status="NOT RUN" starttime="20230814 22:01:21.741" endtime="20230814 22:01:21.741"/>
</kw>
<kw name="Set Variable" library="BuiltIn">
<var>${new_text}</var>
<arg>${name}${random}</arg>
<doc>Returns the given values which can then be assigned to a variables.</doc>
<status status="NOT RUN" starttime="20230814 22:01:21.741" endtime="20230814 22:01:21.741"/>
</kw>
<status status="NOT RUN" starttime="20230814 22:01:21.741" endtime="20230814 22:01:21.741"/>
</branch>
<branch type="ELSE IF" condition="${cnt} &gt; 0 and '${type}' == 'phone_invalid'">
<kw name="Random Int" library="FakerLibrary">
<var>${new_text}</var>
<arg>min=1000000000000</arg>
<arg>max=9999999999999</arg>
<doc>Generate a random integer between two integers ``min`` and ``max`` inclusive
while observing the provided ``step`` value.</doc>
<status status="NOT RUN" starttime="20230814 22:01:21.741" endtime="20230814 22:01:21.741"/>
</kw>
<kw name="Convert To String" library="BuiltIn">
<var>${new_text}</var>
<arg>${new_text}</arg>
<doc>Converts the given item to a Unicode string.</doc>
<status status="NOT RUN" starttime="20230814 22:01:21.741" endtime="20230814 22:01:21.746"/>
</kw>
<status status="NOT RUN" starttime="20230814 22:01:21.741" endtime="20230814 22:01:21.746"/>
</branch>
<branch type="ELSE IF" condition="${cnt} &gt; 0 and '${type}' == 'percentage'">
<kw name="Random Int" library="FakerLibrary">
<var>${new_text}</var>
<arg>max=100</arg>
<doc>Generate a random integer between two integers ``min`` and ``max`` inclusive
while observing the provided ``step`` value.</doc>
<status status="NOT RUN" starttime="20230814 22:01:21.746" endtime="20230814 22:01:21.746"/>
</kw>
<kw name="Convert To String" library="BuiltIn">
<var>${new_text}</var>
<arg>${new_text}</arg>
<doc>Converts the given item to a Unicode string.</doc>
<status status="NOT RUN" starttime="20230814 22:01:21.746" endtime="20230814 22:01:21.746"/>
</kw>
<status status="NOT RUN" starttime="20230814 22:01:21.746" endtime="20230814 22:01:21.746"/>
</branch>
<branch type="ELSE IF" condition="${cnt} &gt; 0 and '${type}' == 'paragraph'">
<kw name="Paragraph" library="FakerLibrary">
<var>${new_text}</var>
<doc>Generate a paragraph.</doc>
<status status="NOT RUN" starttime="20230814 22:01:21.746" endtime="20230814 22:01:21.746"/>
</kw>
<status status="NOT RUN" starttime="20230814 22:01:21.746" endtime="20230814 22:01:21.746"/>
</branch>
<branch type="ELSE IF" condition="${cnt} &gt; 0 and '${type}' == 'email'">
<kw name="Email" library="FakerLibrary">
<var>${new_text}</var>
<status status="NOT RUN" starttime="20230814 22:01:21.749" endtime="20230814 22:01:21.749"/>
</kw>
<status status="NOT RUN" starttime="20230814 22:01:21.746" endtime="20230814 22:01:21.749"/>
</branch>
<branch type="ELSE IF" condition="${cnt} &gt; 0 and '${type}' == 'phone'">
<kw name="Random Int" library="FakerLibrary">
<var>${new_text}</var>
<arg>min=55555555</arg>
<arg>max=999999999999</arg>
<doc>Generate a random integer between two integers ``min`` and ``max`` inclusive
while observing the provided ``step`` value.</doc>
<status status="NOT RUN" starttime="20230814 22:01:21.749" endtime="20230814 22:01:21.749"/>
</kw>
<kw name="Convert To String" library="BuiltIn">
<var>${new_text}</var>
<arg>${new_text}</arg>
<doc>Converts the given item to a Unicode string.</doc>
<status status="NOT RUN" starttime="20230814 22:01:21.749" endtime="20230814 22:01:21.749"/>
</kw>
<status status="NOT RUN" starttime="20230814 22:01:21.749" endtime="20230814 22:01:21.749"/>
</branch>
<branch type="ELSE IF" condition="${cnt} &gt; 0 and '${type}' == 'phone_7'">
<kw name="Random Int" library="FakerLibrary">
<var>${new_text}</var>
<arg>min=0000000</arg>
<arg>max=9999999</arg>
<doc>Generate a random integer between two integers ``min`` and ``max`` inclusive
while observing the provided ``step`` value.</doc>
<status status="NOT RUN" starttime="20230814 22:01:21.749" endtime="20230814 22:01:21.749"/>
</kw>
<kw name="Convert To String" library="BuiltIn">
<var>${new_text}</var>
<arg>${new_text}</arg>
<doc>Converts the given item to a Unicode string.</doc>
<status status="NOT RUN" starttime="20230814 22:01:21.749" endtime="20230814 22:01:21.749"/>
</kw>
<status status="NOT RUN" starttime="20230814 22:01:21.749" endtime="20230814 22:01:21.749"/>
</branch>
<branch type="ELSE IF" condition="${cnt} &gt; 0 and '${type}' == 'phone_invalid'">
<kw name="Random Int" library="FakerLibrary">
<var>${new_text}</var>
<arg>min=0000000000000</arg>
<arg>max=9999999999999</arg>
<doc>Generate a random integer between two integers ``min`` and ``max`` inclusive
while observing the provided ``step`` value.</doc>
<status status="NOT RUN" starttime="20230814 22:01:21.749" endtime="20230814 22:01:21.749"/>
</kw>
<kw name="Convert To String" library="BuiltIn">
<var>${new_text}</var>
<arg>${new_text}</arg>
<doc>Converts the given item to a Unicode string.</doc>
<status status="NOT RUN" starttime="20230814 22:01:21.749" endtime="20230814 22:01:21.749"/>
</kw>
<status status="NOT RUN" starttime="20230814 22:01:21.749" endtime="20230814 22:01:21.749"/>
</branch>
<branch type="ELSE IF" condition="${cnt} &gt; 0 and '${type}' == 'fax_7'">
<kw name="Random Int" library="FakerLibrary">
<var>${new_text}</var>
<arg>min=0000000</arg>
<arg>max=9999999</arg>
<doc>Generate a random integer between two integers ``min`` and ``max`` inclusive
while observing the provided ``step`` value.</doc>
<status status="NOT RUN" starttime="20230814 22:01:21.756" endtime="20230814 22:01:21.756"/>
</kw>
<kw name="Convert To String" library="BuiltIn">
<var>${new_text}</var>
<arg>${new_text}</arg>
<doc>Converts the given item to a Unicode string.</doc>
<status status="NOT RUN" starttime="20230814 22:01:21.756" endtime="20230814 22:01:21.756"/>
</kw>
<status status="NOT RUN" starttime="20230814 22:01:21.756" endtime="20230814 22:01:21.756"/>
</branch>
<branch type="ELSE IF" condition="${cnt} &gt; 0 and '${type}' == 'fax_valid'">
<kw name="Random Int" library="FakerLibrary">
<var>${new_text}</var>
<arg>min=10000000</arg>
<arg>max=99999999</arg>
<doc>Generate a random integer between two integers ``min`` and ``max`` inclusive
while observing the provided ``step`` value.</doc>
<status status="NOT RUN" starttime="20230814 22:01:21.756" endtime="20230814 22:01:21.756"/>
</kw>
<kw name="Convert To String" library="BuiltIn">
<var>${new_text}</var>
<arg>${new_text}</arg>
<doc>Converts the given item to a Unicode string.</doc>
<status status="NOT RUN" starttime="20230814 22:01:21.756" endtime="20230814 22:01:21.756"/>
</kw>
<status status="NOT RUN" starttime="20230814 22:01:21.756" endtime="20230814 22:01:21.756"/>
</branch>
<branch type="ELSE IF" condition="${cnt} &gt; 0 and '${type}' == 'fax_invalid'">
<kw name="Random Int" library="FakerLibrary">
<var>${new_text}</var>
<arg>min=1000000000000</arg>
<arg>max=9999999999999</arg>
<doc>Generate a random integer between two integers ``min`` and ``max`` inclusive
while observing the provided ``step`` value.</doc>
<status status="NOT RUN" starttime="20230814 22:01:21.756" endtime="20230814 22:01:21.756"/>
</kw>
<kw name="Convert To String" library="BuiltIn">
<var>${new_text}</var>
<arg>${new_text}</arg>
<doc>Converts the given item to a Unicode string.</doc>
<status status="NOT RUN" starttime="20230814 22:01:21.756" endtime="20230814 22:01:21.756"/>
</kw>
<status status="NOT RUN" starttime="20230814 22:01:21.756" endtime="20230814 22:01:21.756"/>
</branch>
<branch type="ELSE IF" condition="${cnt} &gt; 0 and '${type}' == 'number'">
<kw name="Random Int" library="FakerLibrary">
<var>${new_text}</var>
<arg>min=55555555</arg>
<arg>max=999999999999</arg>
<doc>Generate a random integer between two integers ``min`` and ``max`` inclusive
while observing the provided ``step`` value.</doc>
<status status="NOT RUN" starttime="20230814 22:01:21.756" endtime="20230814 22:01:21.761"/>
</kw>
<kw name="Convert To String" library="BuiltIn">
<var>${new_text}</var>
<arg>${new_text}</arg>
<doc>Converts the given item to a Unicode string.</doc>
<status status="NOT RUN" starttime="20230814 22:01:21.761" endtime="20230814 22:01:21.761"/>
</kw>
<status status="NOT RUN" starttime="20230814 22:01:21.756" endtime="20230814 22:01:21.761"/>
</branch>
<branch type="ELSE IF" condition="${cnt} &gt; 0 and '${type}' == 'otp'">
<kw name="Random Int" library="FakerLibrary">
<var>${new_text}</var>
<arg>min=100000</arg>
<arg>max=999999</arg>
<doc>Generate a random integer between two integers ``min`` and ``max`` inclusive
while observing the provided ``step`` value.</doc>
<status status="NOT RUN" starttime="20230814 22:01:21.761" endtime="20230814 22:01:21.761"/>
</kw>
<kw name="Convert To String" library="BuiltIn">
<var>${new_text}</var>
<arg>${new_text}</arg>
<doc>Converts the given item to a Unicode string.</doc>
<status status="NOT RUN" starttime="20230814 22:01:21.761" endtime="20230814 22:01:21.761"/>
</kw>
<status status="NOT RUN" starttime="20230814 22:01:21.761" endtime="20230814 22:01:21.761"/>
</branch>
<branch type="ELSE IF" condition="${cnt} &gt; 0 and '${type}' == '%'">
<kw name="Random Int" library="FakerLibrary">
<var>${new_text}</var>
<arg>min=0</arg>
<arg>max=100</arg>
<doc>Generate a random integer between two integers ``min`` and ``max`` inclusive
while observing the provided ``step`` value.</doc>
<status status="NOT RUN" starttime="20230814 22:01:21.761" endtime="20230814 22:01:21.761"/>
</kw>
<kw name="Convert To String" library="BuiltIn">
<var>${new_text}</var>
<arg>${new_text}</arg>
<doc>Converts the given item to a Unicode string.</doc>
<status status="NOT RUN" starttime="20230814 22:01:21.761" endtime="20230814 22:01:21.761"/>
</kw>
<status status="NOT RUN" starttime="20230814 22:01:21.761" endtime="20230814 22:01:21.761"/>
</branch>
<branch type="ELSE IF" condition="${cnt} &gt; 0 and '${type}' == 'color'">
<kw name="Safe Hex Color" library="FakerLibrary">
<var>${new_text}</var>
<doc>Generate a web-safe color formatted as a hex triplet.</doc>
<status status="NOT RUN" starttime="20230814 22:01:21.761" endtime="20230814 22:01:21.761"/>
</kw>
<status status="NOT RUN" starttime="20230814 22:01:21.761" endtime="20230814 22:01:21.761"/>
</branch>
<branch type="ELSE IF" condition="${cnt} &gt; 0 and '${type}' == 'date'">
<kw name="Date" library="FakerLibrary">
<var>${new_text}</var>
<arg>pattern=%d-%m-%Y</arg>
<doc>Get a date string between January 1, 1970 and now.</doc>
<status status="NOT RUN" starttime="20230814 22:01:21.766" endtime="20230814 22:01:21.766"/>
</kw>
<status status="NOT RUN" starttime="20230814 22:01:21.761" endtime="20230814 22:01:21.766"/>
</branch>
<branch type="ELSE IF" condition="${cnt} &gt; 0 and '${type}' == 'word'">
<kw name="Sentence" library="FakerLibrary">
<var>${new_text}</var>
<arg>nb_words=500</arg>
<doc>Generate a sentence.</doc>
<status status="NOT RUN" starttime="20230814 22:01:21.766" endtime="20230814 22:01:21.766"/>
</kw>
<status status="NOT RUN" starttime="20230814 22:01:21.766" endtime="20230814 22:01:21.766"/>
</branch>
<branch type="ELSE IF" condition="${cnt} &gt; 0 and '${type}' == '2000 word'">
<kw name="Sentence" library="FakerLibrary">
<var>${new_text}</var>
<arg>nb_words=2000</arg>
<doc>Generate a sentence.</doc>
<status status="NOT RUN" starttime="20230814 22:01:21.766" endtime="20230814 22:01:21.766"/>
</kw>
<status status="NOT RUN" starttime="20230814 22:01:21.766" endtime="20230814 22:01:21.766"/>
</branch>
<branch type="ELSE IF" condition="${cnt} &gt; 0 and '${type}' == 'Barcode_valid'">
<kw name="Random Int" library="FakerLibrary">
<var>${new_text}</var>
<arg>min=0000000000000</arg>
<arg>max=9999999999999</arg>
<doc>Generate a random integer between two integers ``min`` and ``max`` inclusive
while observing the provided ``step`` value.</doc>
<status status="NOT RUN" starttime="20230814 22:01:21.766" endtime="20230814 22:01:21.766"/>
</kw>
<kw name="Convert To String" library="BuiltIn">
<var>${new_text}</var>
<arg>${new_text}</arg>
<doc>Converts the given item to a Unicode string.</doc>
<status status="NOT RUN" starttime="20230814 22:01:21.771" endtime="20230814 22:01:21.771"/>
</kw>
<status status="NOT RUN" starttime="20230814 22:01:21.766" endtime="20230814 22:01:21.771"/>
</branch>
<branch type="ELSE IF" condition="${cnt} &gt; 0 and '${type}' == 'Barcode_invalid'">
<kw name="Random Int" library="FakerLibrary">
<var>${new_text}</var>
<arg>min=10000000000000</arg>
<arg>max=99999999999999</arg>
<doc>Generate a random integer between two integers ``min`` and ``max`` inclusive
while observing the provided ``step`` value.</doc>
<status status="NOT RUN" starttime="20230814 22:01:21.771" endtime="20230814 22:01:21.771"/>
</kw>
<kw name="Convert To String" library="BuiltIn">
<var>${new_text}</var>
<arg>${new_text}</arg>
<doc>Converts the given item to a Unicode string.</doc>
<status status="NOT RUN" starttime="20230814 22:01:21.771" endtime="20230814 22:01:21.771"/>
</kw>
<status status="NOT RUN" starttime="20230814 22:01:21.771" endtime="20230814 22:01:21.771"/>
</branch>
<branch type="ELSE IF" condition="${cnt} &gt; 0">
<kw name="Sentence" library="FakerLibrary">
<var>${new_text}</var>
<doc>Generate a sentence.</doc>
<status status="NOT RUN" starttime="20230814 22:01:21.771" endtime="20230814 22:01:21.771"/>
</kw>
<status status="NOT RUN" starttime="20230814 22:01:21.771" endtime="20230814 22:01:21.771"/>
</branch>
<status status="PASS" starttime="20230814 22:01:21.736" endtime="20230814 22:01:21.771"/>
</if>
<kw name="Get Length" library="BuiltIn">
<var>${cnt}</var>
<arg>${text}</arg>
<doc>Returns and logs the length of the given item as an integer.</doc>
<msg timestamp="20230814 22:01:21.771" level="INFO">Length is 10</msg>
<msg timestamp="20230814 22:01:21.771" level="INFO">${cnt} = 10</msg>
<status status="PASS" starttime="20230814 22:01:21.771" endtime="20230814 22:01:21.771"/>
</kw>
<if>
<branch type="IF" condition="${cnt} &gt; 0">
<kw name="Replace String" library="String">
<var>${text}</var>
<arg>${text}</arg>
<arg>${symbol}</arg>
<arg>${new_text}</arg>
<doc>Replaces ``search_for`` in the given ``string`` with ``replace_with``.</doc>
<msg timestamp="20230814 22:01:21.776" level="INFO">${text} = Ari123456#</msg>
<status status="PASS" starttime="20230814 22:01:21.776" endtime="20230814 22:01:21.776"/>
</kw>
<status status="PASS" starttime="20230814 22:01:21.771" endtime="20230814 22:01:21.776"/>
</branch>
<status status="PASS" starttime="20230814 22:01:21.771" endtime="20230814 22:01:21.776"/>
</if>
<msg timestamp="20230814 22:01:21.776" level="INFO">${text} = Ari123456#</msg>
<status status="PASS" starttime="20230814 22:01:21.731" endtime="20230814 22:01:21.776"/>
</kw>
<kw name="Get Element Form Item By Name" library="common">
<var>${element}</var>
<arg>${name}</arg>
<arg>//input[contains(@class, "ant-input")]</arg>
<msg timestamp="20230814 22:01:21.776" level="INFO">${element} = xpath=//*[contains(@class, "ant-form-item-label")]/label[text()="Mật khẩu"]/../../*[contains(@class, "ant-form-item")]//input[contains(@class, "ant-input")]</msg>
<status status="PASS" starttime="20230814 22:01:21.776" endtime="20230814 22:01:21.776"/>
</kw>
<kw name="Clear Text" library="Browser">
<arg>${element}</arg>
<tag>PageContent</tag>
<tag>Setter</tag>
<doc>Clears the text field found by ``selector``.</doc>
<status status="PASS" starttime="20230814 22:01:21.776" endtime="20230814 22:01:21.880"/>
</kw>
<kw name="Fill Text" library="Browser">
<arg>${element}</arg>
<arg>${text}</arg>
<arg>True</arg>
<tag>PageContent</tag>
<tag>Setter</tag>
<doc>Clears and fills the given ``txt`` into the text field found by ``selector``.</doc>
<msg timestamp="20230814 22:01:21.881" level="INFO">Fills the text 'Ari123456#' in the given field.</msg>
<status status="PASS" starttime="20230814 22:01:21.880" endtime="20230814 22:01:21.920"/>
</kw>
<kw name="Get Length" library="BuiltIn">
<var>${cnt}</var>
<arg>${text}</arg>
<doc>Returns and logs the length of the given item as an integer.</doc>
<msg timestamp="20230814 22:01:21.921" level="INFO">Length is 10</msg>
<msg timestamp="20230814 22:01:21.921" level="INFO">${cnt} = 10</msg>
<status status="PASS" starttime="20230814 22:01:21.921" endtime="20230814 22:01:21.921"/>
</kw>
<if>
<branch type="IF" condition="${cnt} &gt; 0">
<kw name="Set Global Variable" library="BuiltIn">
<arg>${STATE["${name}"]}</arg>
<arg>${text}</arg>
<doc>Makes a variable available globally in all tests and suites.</doc>
<msg timestamp="20230814 22:01:21.925" level="INFO">${STATE["Mật khẩu"]} = Ari123456#</msg>
<status status="PASS" starttime="20230814 22:01:21.922" endtime="20230814 22:01:21.925"/>
</kw>
<status status="PASS" starttime="20230814 22:01:21.921" endtime="20230814 22:01:21.926"/>
</branch>
<status status="PASS" starttime="20230814 22:01:21.921" endtime="20230814 22:01:21.926"/>
</if>
<status status="PASS" starttime="20230814 22:01:21.730" endtime="20230814 22:01:21.927"/>
</kw>
<kw name="Click &quot;Đăng Nhập&quot; button" library="common" sourcename="Click &quot;${text}&quot; button">
<kw name="Click" library="Browser">
<arg>xpath=//button[contains(text(),'${text}')]</arg>
<tag>PageContent</tag>
<tag>Setter</tag>
<doc>Simulates mouse click on the element found by ``selector``.</doc>
<status status="PASS" starttime="20230814 22:01:21.933" endtime="20230814 22:01:22.165"/>
</kw>
<kw name="Click Confirm To Action" library="common">
<kw name="Set Variable" library="BuiltIn">
<var>${element}</var>
<arg>xpath=//*[contains(@class, "ant-popover")]//*[contains(@class, "ant-btn-primary")]</arg>
<doc>Returns the given values which can then be assigned to a variables.</doc>
<msg timestamp="20230814 22:01:22.170" level="INFO">${element} = xpath=//*[contains(@class, "ant-popover")]//*[contains(@class, "ant-btn-primary")]</msg>
<status status="PASS" starttime="20230814 22:01:22.169" endtime="20230814 22:01:22.170"/>
</kw>
<kw name="Get Element Count" library="Browser">
<var>${count}</var>
<arg>${element}</arg>
<tag>Assertion</tag>
<tag>Getter</tag>
<tag>PageContent</tag>
<doc>Returns the count of elements found with ``selector``.</doc>
<msg timestamp="20230814 22:01:22.208" level="INFO">${count} = 0</msg>
<status status="PASS" starttime="20230814 22:01:22.171" endtime="20230814 22:01:22.208"/>
</kw>
<if>
<branch type="IF" condition="${count} &gt; 0">
<kw name="Click" library="Browser">
<arg>${element}</arg>
<tag>PageContent</tag>
<tag>Setter</tag>
<doc>Simulates mouse click on the element found by ``selector``.</doc>
<status status="NOT RUN" starttime="20230814 22:01:22.208" endtime="20230814 22:01:22.208"/>
</kw>
<kw name="Sleep" library="BuiltIn">
<arg>${SHOULD_TIMEOUT}</arg>
<doc>Pauses the test executed for the given time.</doc>
<status status="NOT RUN" starttime="20230814 22:01:22.216" endtime="20230814 22:01:22.216"/>
</kw>
<status status="NOT RUN" starttime="20230814 22:01:22.208" endtime="20230814 22:01:22.216"/>
</branch>
<status status="PASS" starttime="20230814 22:01:22.208" endtime="20230814 22:01:22.216"/>
</if>
<status status="PASS" starttime="20230814 22:01:22.167" endtime="20230814 22:01:22.216"/>
</kw>
<kw name="Scroll By" library="Browser">
<arg>${None}</arg>
<tag>PageContent</tag>
<tag>Setter</tag>
<doc>Scrolls an element or the page relative from current position by the given values.</doc>
<msg timestamp="20230814 22:01:22.313" level="INFO">JavaScript executed successfully.</msg>
<msg timestamp="20230814 22:01:22.313" level="INFO">JavaScript executed successfully.</msg>
<msg timestamp="20230814 22:01:22.437" level="INFO">JavaScript executed successfully.</msg>
<msg timestamp="20230814 22:01:22.437" level="INFO">JavaScript executed successfully.</msg>
<msg timestamp="20230814 22:01:22.476" level="INFO">JavaScript executed successfully.</msg>
<status status="PASS" starttime="20230814 22:01:22.216" endtime="20230814 22:01:22.476"/>
</kw>
<status status="PASS" starttime="20230814 22:01:21.929" endtime="20230814 22:01:22.476"/>
</kw>
<kw name="Wait Until Element Is Visible" library="common">
<arg>//*[@id='name-application']</arg>
<kw name="Wait For Elements State" library="Browser">
<arg>${locator}</arg>
<arg>visible</arg>
<arg>${timeout}</arg>
<arg>${message}</arg>
<tag>PageContent</tag>
<tag>Wait</tag>
<doc>Waits for the element found by ``selector`` to satisfy state option.</doc>
<msg timestamp="20230814 22:01:22.890" level="INFO">Waited for Element with selector //*[@id='name-application'] at state visible</msg>
<status status="PASS" starttime="20230814 22:01:22.484" endtime="20230814 22:01:22.891"/>
</kw>
<status status="PASS" starttime="20230814 22:01:22.482" endtime="20230814 22:01:22.893"/>
</kw>
<status status="PASS" starttime="20230814 22:01:21.509" endtime="20230814 22:01:22.893"/>
</kw>
<status status="PASS" starttime="20230814 22:01:16.456" endtime="20230814 22:01:22.894"/>
</kw>
<kw name="When Go to crete product page">
<kw name="When Click &quot;Quản lý hàng hóa&quot; menu" library="common" sourcename="Click &quot;${text}&quot; menu">
<kw name="Click" library="Browser">
<arg>xpath=//span[contains(text(),'${text}')]</arg>
<tag>PageContent</tag>
<tag>Setter</tag>
<doc>Simulates mouse click on the element found by ``selector``.</doc>
<status status="PASS" starttime="20230814 22:01:22.902" endtime="20230814 22:01:23.067"/>
</kw>
<kw name="Wait Until Element Spin" library="common">
<kw name="Set Variable" library="BuiltIn">
<var>${element}</var>
<arg>xpath=//*[contains(@class, "ant-spin-spinning")]</arg>
<doc>Returns the given values which can then be assigned to a variables.</doc>
<msg timestamp="20230814 22:01:23.068" level="INFO">${element} = xpath=//*[contains(@class, "ant-spin-spinning")]</msg>
<status status="PASS" starttime="20230814 22:01:23.068" endtime="20230814 22:01:23.068"/>
</kw>
<kw name="Get Element Count" library="Browser">
<var>${count}</var>
<arg>${element}</arg>
<tag>Assertion</tag>
<tag>Getter</tag>
<tag>PageContent</tag>
<doc>Returns the count of elements found with ``selector``.</doc>
<msg timestamp="20230814 22:01:23.078" level="INFO">${count} = 0</msg>
<status status="PASS" starttime="20230814 22:01:23.068" endtime="20230814 22:01:23.079"/>
</kw>
<if>
<branch type="IF" condition="${count} &gt; 0">
<kw name="Wait Until Element Is Not Exist" library="common">
<arg>${element}</arg>
<status status="NOT RUN" starttime="20230814 22:01:23.080" endtime="20230814 22:01:23.081"/>
</kw>
<status status="NOT RUN" starttime="20230814 22:01:23.080" endtime="20230814 22:01:23.081"/>
</branch>
<status status="PASS" starttime="20230814 22:01:23.079" endtime="20230814 22:01:23.082"/>
</if>
<status status="PASS" starttime="20230814 22:01:23.067" endtime="20230814 22:01:23.082"/>
</kw>
<status status="PASS" starttime="20230814 22:01:22.901" endtime="20230814 22:01:23.082"/>
</kw>
<kw name="And Click &quot;Sản phẩm&quot; sub menu" library="common" sourcename="Click &quot;${text}&quot; sub menu">
<kw name="Wait Until Element Spin" library="common">
<kw name="Set Variable" library="BuiltIn">
<var>${element}</var>
<arg>xpath=//*[contains(@class, "ant-spin-spinning")]</arg>
<doc>Returns the given values which can then be assigned to a variables.</doc>
<msg timestamp="20230814 22:01:23.084" level="INFO">${element} = xpath=//*[contains(@class, "ant-spin-spinning")]</msg>
<status status="PASS" starttime="20230814 22:01:23.083" endtime="20230814 22:01:23.084"/>
</kw>
<kw name="Get Element Count" library="Browser">
<var>${count}</var>
<arg>${element}</arg>
<tag>Assertion</tag>
<tag>Getter</tag>
<tag>PageContent</tag>
<doc>Returns the count of elements found with ``selector``.</doc>
<msg timestamp="20230814 22:01:23.092" level="INFO">${count} = 0</msg>
<status status="PASS" starttime="20230814 22:01:23.084" endtime="20230814 22:01:23.092"/>
</kw>
<if>
<branch type="IF" condition="${count} &gt; 0">
<kw name="Wait Until Element Is Not Exist" library="common">
<arg>${element}</arg>
<status status="NOT RUN" starttime="20230814 22:01:23.093" endtime="20230814 22:01:23.093"/>
</kw>
<status status="NOT RUN" starttime="20230814 22:01:23.092" endtime="20230814 22:01:23.093"/>
</branch>
<status status="PASS" starttime="20230814 22:01:23.092" endtime="20230814 22:01:23.093"/>
</if>
<status status="PASS" starttime="20230814 22:01:23.083" endtime="20230814 22:01:23.093"/>
</kw>
<kw name="Click" library="Browser">
<arg>xpath=//a[contains(text(),'${text}')]</arg>
<tag>PageContent</tag>
<tag>Setter</tag>
<doc>Simulates mouse click on the element found by ``selector``.</doc>
<status status="PASS" starttime="20230814 22:01:23.094" endtime="20230814 22:01:23.265"/>
</kw>
<kw name="Wait Until Element Spin" library="common">
<kw name="Set Variable" library="BuiltIn">
<var>${element}</var>
<arg>xpath=//*[contains(@class, "ant-spin-spinning")]</arg>
<doc>Returns the given values which can then be assigned to a variables.</doc>
<msg timestamp="20230814 22:01:23.268" level="INFO">${element} = xpath=//*[contains(@class, "ant-spin-spinning")]</msg>
<status status="PASS" starttime="20230814 22:01:23.266" endtime="20230814 22:01:23.268"/>
</kw>
<kw name="Get Element Count" library="Browser">
<var>${count}</var>
<arg>${element}</arg>
<tag>Assertion</tag>
<tag>Getter</tag>
<tag>PageContent</tag>
<doc>Returns the count of elements found with ``selector``.</doc>
<msg timestamp="20230814 22:01:23.297" level="INFO">${count} = 0</msg>
<status status="PASS" starttime="20230814 22:01:23.269" endtime="20230814 22:01:23.297"/>
</kw>
<if>
<branch type="IF" condition="${count} &gt; 0">
<kw name="Wait Until Element Is Not Exist" library="common">
<arg>${element}</arg>
<status status="NOT RUN" starttime="20230814 22:01:23.302" endtime="20230814 22:01:23.302"/>
</kw>
<status status="NOT RUN" starttime="20230814 22:01:23.297" endtime="20230814 22:01:23.302"/>
</branch>
<status status="PASS" starttime="20230814 22:01:23.297" endtime="20230814 22:01:23.302"/>
</if>
<status status="PASS" starttime="20230814 22:01:23.265" endtime="20230814 22:01:23.302"/>
</kw>
<status status="PASS" starttime="20230814 22:01:23.082" endtime="20230814 22:01:23.302"/>
</kw>
<kw name="And Click &quot;Thêm sản phẩm&quot; button" library="common" sourcename="Click &quot;${text}&quot; button">
<kw name="Click" library="Browser">
<arg>xpath=//button[contains(text(),'${text}')]</arg>
<tag>PageContent</tag>
<tag>Setter</tag>
<doc>Simulates mouse click on the element found by ``selector``.</doc>
<status status="PASS" starttime="20230814 22:01:23.302" endtime="20230814 22:01:24.363"/>
</kw>
<kw name="Click Confirm To Action" library="common">
<kw name="Set Variable" library="BuiltIn">
<var>${element}</var>
<arg>xpath=//*[contains(@class, "ant-popover")]//*[contains(@class, "ant-btn-primary")]</arg>
<doc>Returns the given values which can then be assigned to a variables.</doc>
<msg timestamp="20230814 22:01:24.365" level="INFO">${element} = xpath=//*[contains(@class, "ant-popover")]//*[contains(@class, "ant-btn-primary")]</msg>
<status status="PASS" starttime="20230814 22:01:24.365" endtime="20230814 22:01:24.365"/>
</kw>
<kw name="Get Element Count" library="Browser">
<var>${count}</var>
<arg>${element}</arg>
<tag>Assertion</tag>
<tag>Getter</tag>
<tag>PageContent</tag>
<doc>Returns the count of elements found with ``selector``.</doc>
<msg timestamp="20230814 22:01:24.380" level="INFO">${count} = 0</msg>
<status status="PASS" starttime="20230814 22:01:24.367" endtime="20230814 22:01:24.380"/>
</kw>
<if>
<branch type="IF" condition="${count} &gt; 0">
<kw name="Click" library="Browser">
<arg>${element}</arg>
<tag>PageContent</tag>
<tag>Setter</tag>
<doc>Simulates mouse click on the element found by ``selector``.</doc>
<status status="NOT RUN" starttime="20230814 22:01:24.382" endtime="20230814 22:01:24.382"/>
</kw>
<kw name="Sleep" library="BuiltIn">
<arg>${SHOULD_TIMEOUT}</arg>
<doc>Pauses the test executed for the given time.</doc>
<status status="NOT RUN" starttime="20230814 22:01:24.383" endtime="20230814 22:01:24.383"/>
</kw>
<status status="NOT RUN" starttime="20230814 22:01:24.381" endtime="20230814 22:01:24.383"/>
</branch>
<status status="PASS" starttime="20230814 22:01:24.380" endtime="20230814 22:01:24.384"/>
</if>
<status status="PASS" starttime="20230814 22:01:24.364" endtime="20230814 22:01:24.384"/>
</kw>
<kw name="Scroll By" library="Browser">
<arg>${None}</arg>
<tag>PageContent</tag>
<tag>Setter</tag>
<doc>Scrolls an element or the page relative from current position by the given values.</doc>
<msg timestamp="20230814 22:01:24.506" level="INFO">JavaScript executed successfully.</msg>
<msg timestamp="20230814 22:01:24.506" level="INFO">JavaScript executed successfully.</msg>
<msg timestamp="20230814 22:01:24.805" level="INFO">JavaScript executed successfully.</msg>
<msg timestamp="20230814 22:01:24.805" level="INFO">JavaScript executed successfully.</msg>
<msg timestamp="20230814 22:01:24.819" level="INFO">JavaScript executed successfully.</msg>
<status status="PASS" starttime="20230814 22:01:24.385" endtime="20230814 22:01:24.820"/>
</kw>
<status status="PASS" starttime="20230814 22:01:23.302" endtime="20230814 22:01:24.820"/>
</kw>
<kw name="And Select category in &quot;Danh mục chính&quot; with &quot;Thời trang nữ&quot;" sourcename="Select category in &quot;${name}&quot; with &quot;${text}&quot;">
<kw name="Get Elements" library="Browser">
<var>${elements}</var>
<arg>//input[@placeholder="Tìm kiếm"]</arg>
<tag>Getter</tag>
<tag>PageContent</tag>
<doc>Returns a reference to Playwright [https://playwright.dev/docs/api/class-locator|Locator]
for all matched elements by ``selector``.</doc>
<msg timestamp="20230814 22:01:24.842" level="INFO">Found Locator@//input[@placeholder="Tìm kiếm"] &gt;&gt; nth=0,Locator@//input[@placeholder="Tìm kiếm"] &gt;&gt; nth=1,Locator@//input[@placeholder="Tìm kiếm"] &gt;&gt; nth=2 Locators successfully.</msg>
<msg timestamp="20230814 22:01:24.843" level="INFO">${elements} = ['//input[@placeholder="Tìm kiếm"] &gt;&gt; nth=0', '//input[@placeholder="Tìm kiếm"] &gt;&gt; nth=1', '//input[@placeholder="Tìm kiếm"] &gt;&gt; nth=2']</msg>
<status status="PASS" starttime="20230814 22:01:24.821" endtime="20230814 22:01:24.843"/>
</kw>
<if>
<branch type="IF" condition="'${name}' == 'Danh mục chính'">
<kw name="Set Variable" library="BuiltIn">
<var>${element}</var>
<arg>${elements}[0]</arg>
<doc>Returns the given values which can then be assigned to a variables.</doc>
<msg timestamp="20230814 22:01:24.844" level="INFO">${element} = //input[@placeholder="Tìm kiếm"] &gt;&gt; nth=0</msg>
<status status="PASS" starttime="20230814 22:01:24.843" endtime="20230814 22:01:24.844"/>
</kw>
<status status="PASS" starttime="20230814 22:01:24.843" endtime="20230814 22:01:24.844"/>
</branch>
<branch type="ELSE IF" condition="'${name}' == 'Danh mục cấp 1'">
<kw name="Set Variable" library="BuiltIn">
<var>${element}</var>
<arg>${elements}[1]</arg>
<doc>Returns the given values which can then be assigned to a variables.</doc>
<status status="NOT RUN" starttime="20230814 22:01:24.845" endtime="20230814 22:01:24.845"/>
</kw>
<status status="NOT RUN" starttime="20230814 22:01:24.844" endtime="20230814 22:01:24.845"/>
</branch>
<branch type="ELSE IF" condition="'${name}' == 'Danh mục cấp 2'">
<kw name="Set Variable" library="BuiltIn">
<var>${element}</var>
<arg>${elements}[2]</arg>
<doc>Returns the given values which can then be assigned to a variables.</doc>
<status status="NOT RUN" starttime="20230814 22:01:24.845" endtime="20230814 22:01:24.845"/>
</kw>
<status status="NOT RUN" starttime="20230814 22:01:24.845" endtime="20230814 22:01:24.845"/>
</branch>
<status status="PASS" starttime="20230814 22:01:24.843" endtime="20230814 22:01:24.846"/>
</if>
<kw name="Clear Text" library="Browser">
<arg>${element}</arg>
<tag>PageContent</tag>
<tag>Setter</tag>
<doc>Clears the text field found by ``selector``.</doc>
<status status="PASS" starttime="20230814 22:01:24.846" endtime="20230814 22:01:24.873"/>
</kw>
<kw name="Fill Text" library="Browser">
<arg>${element}</arg>
<arg>${text}</arg>
<arg>True</arg>
<tag>PageContent</tag>
<tag>Setter</tag>
<doc>Clears and fills the given ``txt`` into the text field found by ``selector``.</doc>
<msg timestamp="20230814 22:01:24.875" level="INFO">Fills the text 'Thời trang nữ' in the given field.</msg>
<status status="PASS" starttime="20230814 22:01:24.874" endtime="20230814 22:01:24.943"/>
</kw>
<kw name="Get Length" library="BuiltIn">
<var>${cnt}</var>
<arg>${text}</arg>
<doc>Returns and logs the length of the given item as an integer.</doc>
<msg timestamp="20230814 22:01:24.943" level="INFO">Length is 13</msg>
<msg timestamp="20230814 22:01:24.943" level="INFO">${cnt} = 13</msg>
<status status="PASS" starttime="20230814 22:01:24.943" endtime="20230814 22:01:24.943"/>
</kw>
<if>
<branch type="IF" condition="${cnt} &gt; 0">
<kw name="Set Global Variable" library="BuiltIn">
<arg>${STATE["${name}"]}</arg>
<arg>${text}</arg>
<doc>Makes a variable available globally in all tests and suites.</doc>
<msg timestamp="20230814 22:01:24.946" level="INFO">${STATE["Danh mục chính"]} = Thời trang nữ</msg>
<status status="PASS" starttime="20230814 22:01:24.946" endtime="20230814 22:01:24.946"/>
</kw>
<status status="PASS" starttime="20230814 22:01:24.943" endtime="20230814 22:01:24.946"/>
</branch>
<status status="PASS" starttime="20230814 22:01:24.943" endtime="20230814 22:01:24.946"/>
</if>
<kw name="Wait Until Element Spin" library="common">
<kw name="Set Variable" library="BuiltIn">
<var>${element}</var>
<arg>xpath=//*[contains(@class, "ant-spin-spinning")]</arg>
<doc>Returns the given values which can then be assigned to a variables.</doc>
<msg timestamp="20230814 22:01:24.951" level="INFO">${element} = xpath=//*[contains(@class, "ant-spin-spinning")]</msg>
<status status="PASS" starttime="20230814 22:01:24.951" endtime="20230814 22:01:24.951"/>
</kw>
<kw name="Get Element Count" library="Browser">
<var>${count}</var>
<arg>${element}</arg>
<tag>Assertion</tag>
<tag>Getter</tag>
<tag>PageContent</tag>
<doc>Returns the count of elements found with ``selector``.</doc>
<msg timestamp="20230814 22:01:24.959" level="INFO">${count} = 0</msg>
<status status="PASS" starttime="20230814 22:01:24.951" endtime="20230814 22:01:24.959"/>
</kw>
<if>
<branch type="IF" condition="${count} &gt; 0">
<kw name="Wait Until Element Is Not Exist" library="common">
<arg>${element}</arg>
<status status="NOT RUN" starttime="20230814 22:01:24.960" endtime="20230814 22:01:24.960"/>
</kw>
<status status="NOT RUN" starttime="20230814 22:01:24.959" endtime="20230814 22:01:24.960"/>
</branch>
<status status="PASS" starttime="20230814 22:01:24.959" endtime="20230814 22:01:24.960"/>
</if>
<status status="PASS" starttime="20230814 22:01:24.946" endtime="20230814 22:01:24.960"/>
</kw>
<kw name="Sleep" library="BuiltIn">
<arg>${SHOULD_TIMEOUT}</arg>
<doc>Pauses the test executed for the given time.</doc>
<msg timestamp="20230814 22:01:25.062" level="INFO">Slept 100 milliseconds</msg>
<status status="PASS" starttime="20230814 22:01:24.960" endtime="20230814 22:01:25.062"/>
</kw>
<kw name="Get Elements" library="Browser">
<var>${element}</var>
<arg>//div[contains(text(),'${text}')]</arg>
<tag>Getter</tag>
<tag>PageContent</tag>
<doc>Returns a reference to Playwright [https://playwright.dev/docs/api/class-locator|Locator]
for all matched elements by ``selector``.</doc>
<msg timestamp="20230814 22:01:25.092" level="INFO">Found Locator@//div[contains(text(),'Thời trang nữ')] &gt;&gt; nth=0 Locators successfully.</msg>
<msg timestamp="20230814 22:01:25.093" level="INFO">${element} = ["//div[contains(text(),'Thời trang nữ')] &gt;&gt; nth=0"]</msg>
<status status="PASS" starttime="20230814 22:01:25.063" endtime="20230814 22:01:25.093"/>
</kw>
<kw name="Click" library="Browser">
<arg>${element}[0]</arg>
<tag>PageContent</tag>
<tag>Setter</tag>
<doc>Simulates mouse click on the element found by ``selector``.</doc>
<status status="PASS" starttime="20230814 22:01:25.094" endtime="20230814 22:01:25.348"/>
</kw>
<status status="PASS" starttime="20230814 22:01:24.820" endtime="20230814 22:01:25.348"/>
</kw>
<kw name="And Select category in &quot;Danh mục cấp 1&quot; with &quot;Váy&quot;" sourcename="Select category in &quot;${name}&quot; with &quot;${text}&quot;">
<kw name="Get Elements" library="Browser">
<var>${elements}</var>
<arg>//input[@placeholder="Tìm kiếm"]</arg>
<tag>Getter</tag>
<tag>PageContent</tag>
<doc>Returns a reference to Playwright [https://playwright.dev/docs/api/class-locator|Locator]
for all matched elements by ``selector``.</doc>
<msg timestamp="20230814 22:01:25.367" level="INFO">Found Locator@//input[@placeholder="Tìm kiếm"] &gt;&gt; nth=0,Locator@//input[@placeholder="Tìm kiếm"] &gt;&gt; nth=1,Locator@//input[@placeholder="Tìm kiếm"] &gt;&gt; nth=2 Locators successfully.</msg>
<msg timestamp="20230814 22:01:25.368" level="INFO">${elements} = ['//input[@placeholder="Tìm kiếm"] &gt;&gt; nth=0', '//input[@placeholder="Tìm kiếm"] &gt;&gt; nth=1', '//input[@placeholder="Tìm kiếm"] &gt;&gt; nth=2']</msg>
<status status="PASS" starttime="20230814 22:01:25.349" endtime="20230814 22:01:25.368"/>
</kw>
<if>
<branch type="IF" condition="'${name}' == 'Danh mục chính'">
<kw name="Set Variable" library="BuiltIn">
<var>${element}</var>
<arg>${elements}[0]</arg>
<doc>Returns the given values which can then be assigned to a variables.</doc>
<status status="NOT RUN" starttime="20230814 22:01:25.369" endtime="20230814 22:01:25.369"/>
</kw>
<status status="NOT RUN" starttime="20230814 22:01:25.368" endtime="20230814 22:01:25.369"/>
</branch>
<branch type="ELSE IF" condition="'${name}' == 'Danh mục cấp 1'">
<kw name="Set Variable" library="BuiltIn">
<var>${element}</var>
<arg>${elements}[1]</arg>
<doc>Returns the given values which can then be assigned to a variables.</doc>
<msg timestamp="20230814 22:01:25.370" level="INFO">${element} = //input[@placeholder="Tìm kiếm"] &gt;&gt; nth=1</msg>
<status status="PASS" starttime="20230814 22:01:25.370" endtime="20230814 22:01:25.370"/>
</kw>
<status status="PASS" starttime="20230814 22:01:25.369" endtime="20230814 22:01:25.370"/>
</branch>
<branch type="ELSE IF" condition="'${name}' == 'Danh mục cấp 2'">
<kw name="Set Variable" library="BuiltIn">
<var>${element}</var>
<arg>${elements}[2]</arg>
<doc>Returns the given values which can then be assigned to a variables.</doc>
<status status="NOT RUN" starttime="20230814 22:01:25.371" endtime="20230814 22:01:25.371"/>
</kw>
<status status="NOT RUN" starttime="20230814 22:01:25.371" endtime="20230814 22:01:25.371"/>
</branch>
<status status="PASS" starttime="20230814 22:01:25.368" endtime="20230814 22:01:25.371"/>
</if>
<kw name="Clear Text" library="Browser">
<arg>${element}</arg>
<tag>PageContent</tag>
<tag>Setter</tag>
<doc>Clears the text field found by ``selector``.</doc>
<status status="PASS" starttime="20230814 22:01:25.371" endtime="20230814 22:01:25.400"/>
</kw>
<kw name="Fill Text" library="Browser">
<arg>${element}</arg>
<arg>${text}</arg>
<arg>True</arg>
<tag>PageContent</tag>
<tag>Setter</tag>
<doc>Clears and fills the given ``txt`` into the text field found by ``selector``.</doc>
<msg timestamp="20230814 22:01:25.401" level="INFO">Fills the text 'Váy' in the given field.</msg>
<status status="PASS" starttime="20230814 22:01:25.400" endtime="20230814 22:01:25.500"/>
</kw>
<kw name="Get Length" library="BuiltIn">
<var>${cnt}</var>
<arg>${text}</arg>
<doc>Returns and logs the length of the given item as an integer.</doc>
<msg timestamp="20230814 22:01:25.501" level="INFO">Length is 3</msg>
<msg timestamp="20230814 22:01:25.501" level="INFO">${cnt} = 3</msg>
<status status="PASS" starttime="20230814 22:01:25.500" endtime="20230814 22:01:25.501"/>
</kw>
<if>
<branch type="IF" condition="${cnt} &gt; 0">
<kw name="Set Global Variable" library="BuiltIn">
<arg>${STATE["${name}"]}</arg>
<arg>${text}</arg>
<doc>Makes a variable available globally in all tests and suites.</doc>
<msg timestamp="20230814 22:01:25.505" level="INFO">${STATE["Danh mục cấp 1"]} = Váy</msg>
<status status="PASS" starttime="20230814 22:01:25.503" endtime="20230814 22:01:25.505"/>
</kw>
<status status="PASS" starttime="20230814 22:01:25.502" endtime="20230814 22:01:25.505"/>
</branch>
<status status="PASS" starttime="20230814 22:01:25.502" endtime="20230814 22:01:25.506"/>
</if>
<kw name="Wait Until Element Spin" library="common">
<kw name="Set Variable" library="BuiltIn">
<var>${element}</var>
<arg>xpath=//*[contains(@class, "ant-spin-spinning")]</arg>
<doc>Returns the given values which can then be assigned to a variables.</doc>
<msg timestamp="20230814 22:01:25.507" level="INFO">${element} = xpath=//*[contains(@class, "ant-spin-spinning")]</msg>
<status status="PASS" starttime="20230814 22:01:25.507" endtime="20230814 22:01:25.507"/>
</kw>
<kw name="Get Element Count" library="Browser">
<var>${count}</var>
<arg>${element}</arg>
<tag>Assertion</tag>
<tag>Getter</tag>
<tag>PageContent</tag>
<doc>Returns the count of elements found with ``selector``.</doc>
<msg timestamp="20230814 22:01:25.545" level="INFO">${count} = 1</msg>
<status status="PASS" starttime="20230814 22:01:25.507" endtime="20230814 22:01:25.545"/>
</kw>
<if>
<branch type="IF" condition="${count} &gt; 0">
<kw name="Wait Until Element Is Not Exist" library="common">
<arg>${element}</arg>
<kw name="Wait For Elements State" library="Browser">
<arg>${locator}</arg>
<arg>detached</arg>
<arg>${timeout}</arg>
<arg>${message}</arg>
<tag>PageContent</tag>
<tag>Wait</tag>
<doc>Waits for the element found by ``selector`` to satisfy state option.</doc>
<msg timestamp="20230814 22:01:25.646" level="INFO">Waited for Element with selector xpath=//*[contains(@class, "ant-spin-spinning")] at state detached</msg>
<status status="PASS" starttime="20230814 22:01:25.549" endtime="20230814 22:01:25.646"/>
</kw>
<status status="PASS" starttime="20230814 22:01:25.547" endtime="20230814 22:01:25.646"/>
</kw>
<status status="PASS" starttime="20230814 22:01:25.546" endtime="20230814 22:01:25.646"/>
</branch>
<status status="PASS" starttime="20230814 22:01:25.546" endtime="20230814 22:01:25.646"/>
</if>
<status status="PASS" starttime="20230814 22:01:25.506" endtime="20230814 22:01:25.646"/>
</kw>
<kw name="Sleep" library="BuiltIn">
<arg>${SHOULD_TIMEOUT}</arg>
<doc>Pauses the test executed for the given time.</doc>
<msg timestamp="20230814 22:01:25.746" level="INFO">Slept 100 milliseconds</msg>
<status status="PASS" starttime="20230814 22:01:25.646" endtime="20230814 22:01:25.746"/>
</kw>
<kw name="Get Elements" library="Browser">
<var>${element}</var>
<arg>//div[contains(text(),'${text}')]</arg>
<tag>Getter</tag>
<tag>PageContent</tag>
<doc>Returns a reference to Playwright [https://playwright.dev/docs/api/class-locator|Locator]
for all matched elements by ``selector``.</doc>
<msg timestamp="20230814 22:01:25.756" level="INFO">Found Locator@//div[contains(text(),'Váy')] &gt;&gt; nth=0 Locators successfully.</msg>
<msg timestamp="20230814 22:01:25.756" level="INFO">${element} = ["//div[contains(text(),'Váy')] &gt;&gt; nth=0"]</msg>
<status status="PASS" starttime="20230814 22:01:25.746" endtime="20230814 22:01:25.756"/>
</kw>
<kw name="Click" library="Browser">
<arg>${element}[0]</arg>
<tag>PageContent</tag>
<tag>Setter</tag>
<doc>Simulates mouse click on the element found by ``selector``.</doc>
<status status="PASS" starttime="20230814 22:01:25.756" endtime="20230814 22:01:25.839"/>
</kw>
<status status="PASS" starttime="20230814 22:01:25.348" endtime="20230814 22:01:25.839"/>
</kw>
<kw name="And Click &quot;Tiếp theo&quot; button" library="common" sourcename="Click &quot;${text}&quot; button">
<kw name="Click" library="Browser">
<arg>xpath=//button[contains(text(),'${text}')]</arg>
<tag>PageContent</tag>
<tag>Setter</tag>
<doc>Simulates mouse click on the element found by ``selector``.</doc>
<status status="PASS" starttime="20230814 22:01:25.841" endtime="20230814 22:01:26.223"/>
</kw>
<kw name="Click Confirm To Action" library="common">
<kw name="Set Variable" library="BuiltIn">
<var>${element}</var>
<arg>xpath=//*[contains(@class, "ant-popover")]//*[contains(@class, "ant-btn-primary")]</arg>
<doc>Returns the given values which can then be assigned to a variables.</doc>
<msg timestamp="20230814 22:01:26.225" level="INFO">${element} = xpath=//*[contains(@class, "ant-popover")]//*[contains(@class, "ant-btn-primary")]</msg>
<status status="PASS" starttime="20230814 22:01:26.224" endtime="20230814 22:01:26.225"/>
</kw>
<kw name="Get Element Count" library="Browser">
<var>${count}</var>
<arg>${element}</arg>
<tag>Assertion</tag>
<tag>Getter</tag>
<tag>PageContent</tag>
<doc>Returns the count of elements found with ``selector``.</doc>
<msg timestamp="20230814 22:01:26.326" level="INFO">${count} = 0</msg>
<status status="PASS" starttime="20230814 22:01:26.225" endtime="20230814 22:01:26.326"/>
</kw>
<if>
<branch type="IF" condition="${count} &gt; 0">
<kw name="Click" library="Browser">
<arg>${element}</arg>
<tag>PageContent</tag>
<tag>Setter</tag>
<doc>Simulates mouse click on the element found by ``selector``.</doc>
<status status="NOT RUN" starttime="20230814 22:01:26.327" endtime="20230814 22:01:26.328"/>
</kw>
<kw name="Sleep" library="BuiltIn">
<arg>${SHOULD_TIMEOUT}</arg>
<doc>Pauses the test executed for the given time.</doc>
<status status="NOT RUN" starttime="20230814 22:01:26.328" endtime="20230814 22:01:26.328"/>
</kw>
<status status="NOT RUN" starttime="20230814 22:01:26.327" endtime="20230814 22:01:26.328"/>
</branch>
<status status="PASS" starttime="20230814 22:01:26.326" endtime="20230814 22:01:26.329"/>
</if>
<status status="PASS" starttime="20230814 22:01:26.223" endtime="20230814 22:01:26.329"/>
</kw>
<kw name="Scroll By" library="Browser">
<arg>${None}</arg>
<tag>PageContent</tag>
<tag>Setter</tag>
<doc>Scrolls an element or the page relative from current position by the given values.</doc>
<msg timestamp="20230814 22:01:26.342" level="INFO">JavaScript executed successfully.</msg>
<msg timestamp="20230814 22:01:26.342" level="INFO">JavaScript executed successfully.</msg>
<msg timestamp="20230814 22:01:26.351" level="INFO">JavaScript executed successfully.</msg>
<msg timestamp="20230814 22:01:26.351" level="INFO">JavaScript executed successfully.</msg>
<msg timestamp="20230814 22:01:26.363" level="INFO">JavaScript executed successfully.</msg>
<status status="PASS" starttime="20230814 22:01:26.329" endtime="20230814 22:01:26.363"/>
</kw>
<status status="PASS" starttime="20230814 22:01:25.840" endtime="20230814 22:01:26.363"/>
</kw>
<status status="PASS" starttime="20230814 22:01:22.900" endtime="20230814 22:01:26.363"/>
</kw>
<kw name="And Select file in &quot;Tải ảnh lên từ thiết bị&quot; with &quot;vaychinh.jpg&quot;" library="common" sourcename="Select file in &quot;${name}&quot; with &quot;${text}&quot;">
<kw name="Get Elements" library="Browser">
<var>${element}</var>
<arg>//span[1]/div[1]/div[1]</arg>
<tag>Getter</tag>
<tag>PageContent</tag>
<doc>Returns a reference to Playwright [https://playwright.dev/docs/api/class-locator|Locator]
for all matched elements by ``selector``.</doc>
<msg timestamp="20230814 22:01:26.432" level="INFO">Found Locator@//span[1]/div[1]/div[1] &gt;&gt; nth=0,Locator@//span[1]/div[1]/div[1] &gt;&gt; nth=1,Locator@//span[1]/div[1]/div[1] &gt;&gt; nth=2,Locator@//span[1]/div[1]/div[1] &gt;&gt; nth=3 Locators successfully.</msg>
<msg timestamp="20230814 22:01:26.432" level="INFO">${element} = ['//span[1]/div[1]/div[1] &gt;&gt; nth=0', '//span[1]/div[1]/div[1] &gt;&gt; nth=1', '//span[1]/div[1]/div[1] &gt;&gt; nth=2', '//span[1]/div[1]/div[1] &gt;&gt; nth=3']</msg>
<status status="PASS" starttime="20230814 22:01:26.366" endtime="20230814 22:01:26.432"/>
</kw>
<kw name="Click" library="Browser">
<arg>${element}[0]</arg>
<tag>PageContent</tag>
<tag>Setter</tag>
<doc>Simulates mouse click on the element found by ``selector``.</doc>
<status status="PASS" starttime="20230814 22:01:26.433" endtime="20230814 22:01:26.598"/>
</kw>
<kw name="Sleep" library="BuiltIn">
<arg>5</arg>
<doc>Pauses the test executed for the given time.</doc>
<msg timestamp="20230814 22:01:31.600" level="INFO">Slept 5 seconds</msg>
<status status="PASS" starttime="20230814 22:01:26.599" endtime="20230814 22:01:31.600"/>
</kw>
<status status="PASS" starttime="20230814 22:01:26.366" endtime="20230814 22:01:31.600"/>
</kw>
<kw name="And Enter default information">
<kw name="And Enter &quot;test name&quot; in &quot;Tên sản phẩm&quot; with &quot;_RANDOM_&quot;" library="common" sourcename="Enter &quot;${type}&quot; in &quot;${name}&quot; with &quot;${text}&quot;">
<kw name="Get Random Text" library="common">
<var>${text}</var>
<arg>${type}</arg>
<arg>${text}</arg>
<kw name="Set Variable" library="BuiltIn">
<var>${symbol}</var>
<arg>_RANDOM_</arg>
<doc>Returns the given values which can then be assigned to a variables.</doc>
<msg timestamp="20230814 22:01:31.604" level="INFO">${symbol} = _RANDOM_</msg>
[...]
</kw>
<kw name="Sleep" library="BuiltIn">
<arg>${SHOULD_TIMEOUT}</arg>
<doc>Pauses the test executed for the given time.</doc>
<status status="NOT RUN" starttime="20230814 22:01:37.556" endtime="20230814 22:01:37.556"/>
</kw>
<status status="NOT RUN" starttime="20230814 22:01:37.556" endtime="20230814 22:01:37.556"/>
</branch>
<status status="PASS" starttime="20230814 22:01:37.556" endtime="20230814 22:01:37.556"/>
</if>
<status status="PASS" starttime="20230814 22:01:37.546" endtime="20230814 22:01:37.556"/>
</kw>
<kw name="Scroll By" library="Browser">
<arg>${None}</arg>
<tag>PageContent</tag>
<tag>Setter</tag>
<doc>Scrolls an element or the page relative from current position by the given values.</doc>
<msg timestamp="20230814 22:01:37.566" level="INFO">JavaScript executed successfully.</msg>
<msg timestamp="20230814 22:01:37.566" level="INFO">JavaScript executed successfully.</msg>
<msg timestamp="20230814 22:01:37.585" level="INFO">JavaScript executed successfully.</msg>
<msg timestamp="20230814 22:01:37.585" level="INFO">JavaScript executed successfully.</msg>
<msg timestamp="20230814 22:01:37.595" level="INFO">JavaScript executed successfully.</msg>
<status status="PASS" starttime="20230814 22:01:37.556" endtime="20230814 22:01:37.595"/>
</kw>
<status status="PASS" starttime="20230814 22:01:37.265" endtime="20230814 22:01:37.595"/>
</kw>
<kw name="Then User look message &quot;Sản phẩm đã được gửi đến quản trị viên để phê duyệt.&quot; popup" library="common" sourcename="User look message &quot;${message}&quot; popup">
<kw name="Get Regexp Matches" library="String">
<var>${contains}</var>
<arg>${message}</arg>
<arg>_@(.+)@_</arg>
<arg>1</arg>
<doc>Returns a list of all non-overlapping matches in the given string.</doc>
<msg timestamp="20230814 22:01:37.597" level="INFO">${contains} = []</msg>
<status status="PASS" starttime="20230814 22:01:37.597" endtime="20230814 22:01:37.597"/>
</kw>
<kw name="Get Length" library="BuiltIn">
<var>${cnt}</var>
<arg>${contains}</arg>
<doc>Returns and logs the length of the given item as an integer.</doc>
<msg timestamp="20230814 22:01:37.598" level="INFO">Length is 0</msg>
<msg timestamp="20230814 22:01:37.598" level="INFO">${cnt} = 0</msg>
<status status="PASS" starttime="20230814 22:01:37.597" endtime="20230814 22:01:37.598"/>
</kw>
<if>
<branch type="IF" condition="${cnt} &gt; 0">
<kw name="Replace String" library="String">
<var>${message}</var>
<arg>${message}</arg>
<arg>_@${contains[0]}@_</arg>
<arg>${STATE["${contains[0]}"]}</arg>
<doc>Replaces ``search_for`` in the given ``string`` with ``replace_with``.</doc>
<status status="NOT RUN" starttime="20230814 22:01:37.598" endtime="20230814 22:01:37.599"/>
</kw>
<status status="NOT RUN" starttime="20230814 22:01:37.598" endtime="20230814 22:01:37.599"/>
</branch>
<status status="PASS" starttime="20230814 22:01:37.598" endtime="20230814 22:01:37.599"/>
</if>
<kw name="Element Text Should Be" library="common">
<arg>id=swal2-html-container</arg>
<arg>${message}</arg>
<kw name="Get Text" library="Browser">
<arg>${locator}</arg>
<arg>equal</arg>
<arg>${expected}</arg>
<arg>${message}</arg>
<tag>Assertion</tag>
<tag>Getter</tag>
<tag>PageContent</tag>
<doc>Returns text attribute of the element found by ``selector``.</doc>
<msg timestamp="20230814 22:01:38.209" level="INFO">Text: 'Sản phẩm đã được gửi đến quản trị viên để phê duyệt.'</msg>
<status status="PASS" starttime="20230814 22:01:37.601" endtime="20230814 22:01:38.209"/>
</kw>
<status status="PASS" starttime="20230814 22:01:37.599" endtime="20230814 22:01:38.216"/>
</kw>
<kw name="Set Variable" library="BuiltIn">
<var>${element}</var>
<arg>xpath=//*[contains(@class, "swal2-cancel")]</arg>
<doc>Returns the given values which can then be assigned to a variables.</doc>
<msg timestamp="20230814 22:01:38.216" level="INFO">${element} = xpath=//*[contains(@class, "swal2-cancel")]</msg>
<status status="PASS" starttime="20230814 22:01:38.216" endtime="20230814 22:01:38.216"/>
</kw>
<kw name="Run Keyword And Return Status" library="BuiltIn">
<var>${passed}</var>
<arg>Element Should Be Visible</arg>
<arg>${element}</arg>
<doc>Runs the given keyword with given arguments and returns the status as a Boolean value.</doc>
<kw name="Element Should Be Visible" library="common">
<arg>${element}</arg>
<kw name="Wait For Elements State" library="Browser">
<arg>${locator}</arg>
<arg>visible</arg>
<arg>${timeout}</arg>
<arg>${message}</arg>
<tag>PageContent</tag>
<tag>Wait</tag>
<doc>Waits for the element found by ``selector`` to satisfy state option.</doc>
<msg timestamp="20230814 22:01:38.243" level="INFO">Waited for Element with selector xpath=//*[contains(@class, "swal2-cancel")] at state visible</msg>
<status status="PASS" starttime="20230814 22:01:38.216" endtime="20230814 22:01:38.244"/>
</kw>
<status status="PASS" starttime="20230814 22:01:38.216" endtime="20230814 22:01:38.244"/>
</kw>
<msg timestamp="20230814 22:01:38.246" level="INFO">${passed} = True</msg>
<status status="PASS" starttime="20230814 22:01:38.216" endtime="20230814 22:01:38.246"/>
</kw>
<if>
<branch type="IF" condition="'${passed}' == 'True'">
<kw name="Click" library="Browser">
<arg>${element}</arg>
<tag>PageContent</tag>
<tag>Setter</tag>
<doc>Simulates mouse click on the element found by ``selector``.</doc>
<status status="PASS" starttime="20230814 22:01:38.246" endtime="20230814 22:01:38.491"/>
</kw>
<status status="PASS" starttime="20230814 22:01:38.246" endtime="20230814 22:01:38.492"/>
</branch>
<status status="PASS" starttime="20230814 22:01:38.246" endtime="20230814 22:01:38.492"/>
</if>
<kw name="Wait Until Element Is Not Exist" library="common">
<arg>${element}</arg>
<kw name="Wait For Elements State" library="Browser">
<arg>${locator}</arg>
<arg>detached</arg>
<arg>${timeout}</arg>
<arg>${message}</arg>
<tag>PageContent</tag>
<tag>Wait</tag>
<doc>Waits for the element found by ``selector`` to satisfy state option.</doc>
<msg timestamp="20230814 22:01:38.726" level="INFO">Waited for Element with selector xpath=//*[contains(@class, "swal2-cancel")] at state detached</msg>
<status status="PASS" starttime="20230814 22:01:38.496" endtime="20230814 22:01:38.726"/>
</kw>
<status status="PASS" starttime="20230814 22:01:38.492" endtime="20230814 22:01:38.726"/>
</kw>
<status status="PASS" starttime="20230814 22:01:37.596" endtime="20230814 22:01:38.726"/>
</kw>
<kw name="And Select product need to edit">
<kw name="Get Elements" library="Browser">
<var>${element}</var>
<arg>//*[contains(@class, "ant-table-row")]</arg>
<tag>Getter</tag>
<tag>PageContent</tag>
<doc>Returns a reference to Playwright [https://playwright.dev/docs/api/class-locator|Locator]
for all matched elements by ``selector``.</doc>
<msg timestamp="20230814 22:01:38.736" level="INFO">Found Locator@//*[contains(@class, "ant-table-row")] &gt;&gt; nth=0,Locator@//*[contains(@class, "ant-table-row")] &gt;&gt; nth=1,Locator@//*[contains(@class, "ant-table-row")] &gt;&gt; nth=2 Locators successfully.</msg>
<msg timestamp="20230814 22:01:38.736" level="INFO">${element} = ['//*[contains(@class, "ant-table-row")] &gt;&gt; nth=0', '//*[contains(@class, "ant-table-row")] &gt;&gt; nth=1', '//*[contains(@class, "ant-table-row")] &gt;&gt; nth=2']</msg>
<status status="PASS" starttime="20230814 22:01:38.726" endtime="20230814 22:01:38.736"/>
</kw>
<kw name="Click" library="Browser">
<arg>${element}[0]</arg>
<arg>left</arg>
<arg>2</arg>
<tag>PageContent</tag>
<tag>Setter</tag>
<doc>Simulates mouse click on the element found by ``selector``.</doc>
<msg timestamp="20230814 22:01:38.736" level="WARN">Some `Click` keyword arguments are deprecated. Use `Click With Options` instead.
Used deprecated args: clickCount</msg>
<status status="PASS" starttime="20230814 22:01:38.736" endtime="20230814 22:01:38.907"/>
</kw>
<status status="PASS" starttime="20230814 22:01:38.726" endtime="20230814 22:01:38.908"/>
</kw>
<kw name="And Click &quot;Xóa sản phẩm&quot; button" library="common" sourcename="Click &quot;${text}&quot; button">
<kw name="Click" library="Browser">
<arg>xpath=//button[contains(text(),'${text}')]</arg>
<tag>PageContent</tag>
<tag>Setter</tag>
<doc>Simulates mouse click on the element found by ``selector``.</doc>
<status status="PASS" starttime="20230814 22:01:38.910" endtime="20230814 22:01:39.531"/>
</kw>
<kw name="Click Confirm To Action" library="common">
<kw name="Set Variable" library="BuiltIn">
<var>${element}</var>
<arg>xpath=//*[contains(@class, "ant-popover")]//*[contains(@class, "ant-btn-primary")]</arg>
<doc>Returns the given values which can then be assigned to a variables.</doc>
<msg timestamp="20230814 22:01:39.531" level="INFO">${element} = xpath=//*[contains(@class, "ant-popover")]//*[contains(@class, "ant-btn-primary")]</msg>
<status status="PASS" starttime="20230814 22:01:39.531" endtime="20230814 22:01:39.531"/>
</kw>
<kw name="Get Element Count" library="Browser">
<var>${count}</var>
<arg>${element}</arg>
<tag>Assertion</tag>
<tag>Getter</tag>
<tag>PageContent</tag>
<doc>Returns the count of elements found with ``selector``.</doc>
<msg timestamp="20230814 22:01:39.547" level="INFO">${count} = 0</msg>
<status status="PASS" starttime="20230814 22:01:39.531" endtime="20230814 22:01:39.547"/>
</kw>
<if>
<branch type="IF" condition="${count} &gt; 0">
<kw name="Click" library="Browser">
<arg>${element}</arg>
<tag>PageContent</tag>
<tag>Setter</tag>
<doc>Simulates mouse click on the element found by ``selector``.</doc>
<status status="NOT RUN" starttime="20230814 22:01:39.548" endtime="20230814 22:01:39.548"/>
</kw>
<kw name="Sleep" library="BuiltIn">
<arg>${SHOULD_TIMEOUT}</arg>
<doc>Pauses the test executed for the given time.</doc>
<status status="NOT RUN" starttime="20230814 22:01:39.548" endtime="20230814 22:01:39.548"/>
</kw>
<status status="NOT RUN" starttime="20230814 22:01:39.547" endtime="20230814 22:01:39.548"/>
</branch>
<status status="PASS" starttime="20230814 22:01:39.547" endtime="20230814 22:01:39.548"/>
</if>
<status status="PASS" starttime="20230814 22:01:39.531" endtime="20230814 22:01:39.549"/>
</kw>
<kw name="Scroll By" library="Browser">
<arg>${None}</arg>
<tag>PageContent</tag>
<tag>Setter</tag>
<doc>Scrolls an element or the page relative from current position by the given values.</doc>
<msg timestamp="20230814 22:01:39.556" level="INFO">JavaScript executed successfully.</msg>
<msg timestamp="20230814 22:01:39.556" level="INFO">JavaScript executed successfully.</msg>
<msg timestamp="20230814 22:01:39.587" level="INFO">JavaScript executed successfully.</msg>
<msg timestamp="20230814 22:01:39.587" level="INFO">JavaScript executed successfully.</msg>
<msg timestamp="20230814 22:01:39.599" level="INFO">JavaScript executed successfully.</msg>
<status status="PASS" starttime="20230814 22:01:39.549" endtime="20230814 22:01:39.599"/>
</kw>
<status status="PASS" starttime="20230814 22:01:38.910" endtime="20230814 22:01:39.599"/>
</kw>
<kw name="And Click &quot;Đồng ý&quot; button" library="common" sourcename="Click &quot;${text}&quot; button">
<kw name="Click" library="Browser">
<arg>xpath=//button[contains(text(),'${text}')]</arg>
<tag>PageContent</tag>
<tag>Setter</tag>
<doc>Simulates mouse click on the element found by ``selector``.</doc>
<status status="PASS" starttime="20230814 22:01:39.601" endtime="20230814 22:01:39.892"/>
</kw>
<kw name="Click Confirm To Action" library="common">
<kw name="Set Variable" library="BuiltIn">
<var>${element}</var>
<arg>xpath=//*[contains(@class, "ant-popover")]//*[contains(@class, "ant-btn-primary")]</arg>
<doc>Returns the given values which can then be assigned to a variables.</doc>
<msg timestamp="20230814 22:01:39.894" level="INFO">${element} = xpath=//*[contains(@class, "ant-popover")]//*[contains(@class, "ant-btn-primary")]</msg>
<status status="PASS" starttime="20230814 22:01:39.893" endtime="20230814 22:01:39.894"/>
</kw>
<kw name="Get Element Count" library="Browser">
<var>${count}</var>
<arg>${element}</arg>
<tag>Assertion</tag>
<tag>Getter</tag>
<tag>PageContent</tag>
<doc>Returns the count of elements found with ``selector``.</doc>
<msg timestamp="20230814 22:01:39.898" level="INFO">${count} = 0</msg>
<status status="PASS" starttime="20230814 22:01:39.895" endtime="20230814 22:01:39.898"/>
</kw>
<if>
<branch type="IF" condition="${count} &gt; 0">
<kw name="Click" library="Browser">
<arg>${element}</arg>
<tag>PageContent</tag>
<tag>Setter</tag>
<doc>Simulates mouse click on the element found by ``selector``.</doc>
<status status="NOT RUN" starttime="20230814 22:01:39.898" endtime="20230814 22:01:39.906"/>
</kw>
<kw name="Sleep" library="BuiltIn">
<arg>${SHOULD_TIMEOUT}</arg>
<doc>Pauses the test executed for the given time.</doc>
<status status="NOT RUN" starttime="20230814 22:01:39.906" endtime="20230814 22:01:39.906"/>
</kw>
<status status="NOT RUN" starttime="20230814 22:01:39.898" endtime="20230814 22:01:39.906"/>
</branch>
<status status="PASS" starttime="20230814 22:01:39.898" endtime="20230814 22:01:39.906"/>
</if>
<status status="PASS" starttime="20230814 22:01:39.892" endtime="20230814 22:01:39.906"/>
</kw>
<kw name="Scroll By" library="Browser">
<arg>${None}</arg>
<tag>PageContent</tag>
<tag>Setter</tag>
<doc>Scrolls an element or the page relative from current position by the given values.</doc>
<msg timestamp="20230814 22:01:39.927" level="INFO">JavaScript executed successfully.</msg>
<msg timestamp="20230814 22:01:39.927" level="INFO">JavaScript executed successfully.</msg>
<msg timestamp="20230814 22:01:40.191" level="INFO">JavaScript executed successfully.</msg>
<msg timestamp="20230814 22:01:40.192" level="INFO">JavaScript executed successfully.</msg>
<msg timestamp="20230814 22:01:40.336" level="INFO">JavaScript executed successfully.</msg>
<status status="PASS" starttime="20230814 22:01:39.909" endtime="20230814 22:01:40.336"/>
</kw>
<status status="PASS" starttime="20230814 22:01:39.600" endtime="20230814 22:01:40.336"/>
</kw>
<kw name="Then User look message &quot;Xóa sản phẩm thành công.&quot; popup" library="common" sourcename="User look message &quot;${message}&quot; popup">
<kw name="Get Regexp Matches" library="String">
<var>${contains}</var>
<arg>${message}</arg>
<arg>_@(.+)@_</arg>
<arg>1</arg>
<doc>Returns a list of all non-overlapping matches in the given string.</doc>
<msg timestamp="20230814 22:01:40.340" level="INFO">${contains} = []</msg>
<status status="PASS" starttime="20230814 22:01:40.339" endtime="20230814 22:01:40.340"/>
</kw>
<kw name="Get Length" library="BuiltIn">
<var>${cnt}</var>
<arg>${contains}</arg>
<doc>Returns and logs the length of the given item as an integer.</doc>
<msg timestamp="20230814 22:01:40.343" level="INFO">Length is 0</msg>
<msg timestamp="20230814 22:01:40.343" level="INFO">${cnt} = 0</msg>
<status status="PASS" starttime="20230814 22:01:40.342" endtime="20230814 22:01:40.343"/>
</kw>
<if>
<branch type="IF" condition="${cnt} &gt; 0">
<kw name="Replace String" library="String">
<var>${message}</var>
<arg>${message}</arg>
<arg>_@${contains[0]}@_</arg>
<arg>${STATE["${contains[0]}"]}</arg>
<doc>Replaces ``search_for`` in the given ``string`` with ``replace_with``.</doc>
<status status="NOT RUN" starttime="20230814 22:01:40.345" endtime="20230814 22:01:40.346"/>
</kw>
<status status="NOT RUN" starttime="20230814 22:01:40.344" endtime="20230814 22:01:40.346"/>
</branch>
<status status="PASS" starttime="20230814 22:01:40.343" endtime="20230814 22:01:40.346"/>
</if>
<kw name="Element Text Should Be" library="common">
<arg>id=swal2-html-container</arg>
<arg>${message}</arg>
<kw name="Get Text" library="Browser">
<arg>${locator}</arg>
<arg>equal</arg>
<arg>${expected}</arg>
<arg>${message}</arg>
<tag>Assertion</tag>
<tag>Getter</tag>
<tag>PageContent</tag>
<doc>Returns text attribute of the element found by ``selector``.</doc>
<msg timestamp="20230814 22:01:40.436" level="INFO">Text: 'Xóa sản phẩm thành công.'</msg>
<status status="PASS" starttime="20230814 22:01:40.346" endtime="20230814 22:01:40.438"/>
</kw>
<status status="PASS" starttime="20230814 22:01:40.346" endtime="20230814 22:01:40.438"/>
</kw>
<kw name="Set Variable" library="BuiltIn">
<var>${element}</var>
<arg>xpath=//*[contains(@class, "swal2-cancel")]</arg>
<doc>Returns the given values which can then be assigned to a variables.</doc>
<msg timestamp="20230814 22:01:40.441" level="INFO">${element} = xpath=//*[contains(@class, "swal2-cancel")]</msg>
<status status="PASS" starttime="20230814 22:01:40.439" endtime="20230814 22:01:40.441"/>
</kw>
<kw name="Run Keyword And Return Status" library="BuiltIn">
<var>${passed}</var>
<arg>Element Should Be Visible</arg>
<arg>${element}</arg>
<doc>Runs the given keyword with given arguments and returns the status as a Boolean value.</doc>
<kw name="Element Should Be Visible" library="common">
<arg>${element}</arg>
<kw name="Wait For Elements State" library="Browser">
<arg>${locator}</arg>
<arg>visible</arg>
<arg>${timeout}</arg>
<arg>${message}</arg>
<tag>PageContent</tag>
<tag>Wait</tag>
<doc>Waits for the element found by ``selector`` to satisfy state option.</doc>
<msg timestamp="20230814 22:01:40.468" level="INFO">Waited for Element with selector xpath=//*[contains(@class, "swal2-cancel")] at state visible</msg>
<status status="PASS" starttime="20230814 22:01:40.447" endtime="20230814 22:01:40.468"/>
</kw>
<status status="PASS" starttime="20230814 22:01:40.443" endtime="20230814 22:01:40.468"/>
</kw>
<msg timestamp="20230814 22:01:40.468" level="INFO">${passed} = True</msg>
<status status="PASS" starttime="20230814 22:01:40.442" endtime="20230814 22:01:40.468"/>
</kw>
<if>
<branch type="IF" condition="'${passed}' == 'True'">
<kw name="Click" library="Browser">
<arg>${element}</arg>
<tag>PageContent</tag>
<tag>Setter</tag>
<doc>Simulates mouse click on the element found by ``selector``.</doc>
<status status="PASS" starttime="20230814 22:01:40.471" endtime="20230814 22:01:40.693"/>
</kw>
<status status="PASS" starttime="20230814 22:01:40.468" endtime="20230814 22:01:40.696"/>
</branch>
<status status="PASS" starttime="20230814 22:01:40.468" endtime="20230814 22:01:40.696"/>
</if>
<kw name="Wait Until Element Is Not Exist" library="common">
<arg>${element}</arg>
<kw name="Wait For Elements State" library="Browser">
<arg>${locator}</arg>
<arg>detached</arg>
<arg>${timeout}</arg>
<arg>${message}</arg>
<tag>PageContent</tag>
<tag>Wait</tag>
<doc>Waits for the element found by ``selector`` to satisfy state option.</doc>
<msg timestamp="20230814 22:01:40.933" level="INFO">Waited for Element with selector xpath=//*[contains(@class, "swal2-cancel")] at state detached</msg>
<status status="PASS" starttime="20230814 22:01:40.696" endtime="20230814 22:01:40.933"/>
</kw>
<status status="PASS" starttime="20230814 22:01:40.696" endtime="20230814 22:01:40.934"/>
</kw>
<status status="PASS" starttime="20230814 22:01:40.338" endtime="20230814 22:01:40.934"/>
</kw>
<kw name="Tear Down" library="common" type="TEARDOWN">
<kw name="Close Browser" library="Browser">
<arg>ALL</arg>
<tag>BrowserControl</tag>
<tag>Setter</tag>
<doc>Closes the current browser.</doc>
<msg timestamp="20230814 22:01:41.459" level="INFO">Closed all browsers</msg>
<status status="PASS" starttime="20230814 22:01:40.935" endtime="20230814 22:01:41.459"/>
</kw>
<status status="PASS" starttime="20230814 22:01:40.935" endtime="20230814 22:01:41.459"/>
</kw>
<status status="PASS" starttime="20230814 22:01:16.456" endtime="20230814 22:01:41.466"/>
</test>
<status status="PASS" starttime="20230814 22:01:14.136" endtime="20230814 22:01:41.475"/>
</suite>
<statistics>
<total>
<stat pass="1" fail="0" skip="0">All Tests</stat>
</total>
<tag>
</tag>
<suite>
<stat pass="1" fail="0" skip="0" id="s1" name="Supplier Create Product">Supplier Create Product</stat>
</suite>
</statistics>
<errors>
<msg timestamp="20230814 22:01:38.736" level="WARN">Some `Click` keyword arguments are deprecated. Use `Click With Options` instead.
Used deprecated args: clickCount</msg>
</errors>
</robot>
