<?xml version="1.0" encoding="UTF-8"?>
<robot generator="Robot 3.1.2 (Python 3.6.4 on win32)" generated="20230708 12:48:19.605" rpa="false">
<suite id="s1" name="LoginSuite" source="D:\ROBOT_FRAME_WORK\test\testcases\LoginSuite.robot">
<test id="s1-t1" name="DN-06 Verify that Đăng nhập unsuccessfully with incorrect &quot;Mật khẩu&quot;">
<kw name="User go to login page" library="common">
<kw name="Open Browser" library="SeleniumLibrary">
<doc>Opens a new browser instance to the given ``url``.</doc>
<arguments>
<arg>${host}</arg>
<arg>chrome</arg>
</arguments>
<msg timestamp="20230708 12:48:19.996" level="INFO">Opening browser 'chrome' to base url 'http://stag.balance.ari.com.vn/#/auth/login'.</msg>
<status status="PASS" starttime="20230708 12:48:19.996" endtime="20230708 12:48:23.212"></status>
</kw>
<kw name="Maximize Browser Window" library="SeleniumLibrary">
<doc>Maximizes current browser window.</doc>
<status status="PASS" starttime="20230708 12:48:23.213" endtime="20230708 12:48:23.339"></status>
</kw>
<kw name="Wait Until Element Is Visible" library="SeleniumLibrary">
<doc>Waits until element ``locator`` is visible.</doc>
<arguments>
<arg>${inputusername}</arg>
</arguments>
<status status="PASS" starttime="20230708 12:48:23.340" endtime="20230708 12:48:23.400"></status>
</kw>
<status status="PASS" starttime="20230708 12:48:19.995" endtime="20230708 12:48:23.401"></status>
</kw>
<kw name="Enter &quot;text&quot; in &quot;Tên đăng nhập&quot; with" library="common">
<arguments>
<arg>admin_balan@getnada.com</arg>
</arguments>
<kw name="Input Text" library="SeleniumLibrary">
<doc>Types the given ``text`` into text field identified by ``locator``.</doc>
<arguments>
<arg>${inputusername}</arg>
<arg>${username}</arg>
</arguments>
<msg timestamp="20230708 12:48:23.402" level="INFO">Typing text 'admin_balan@getnada.com' into text field 'css=input#email'.</msg>
<status status="PASS" starttime="20230708 12:48:23.402" endtime="20230708 12:48:23.994"></status>
</kw>
<status status="PASS" starttime="20230708 12:48:23.401" endtime="20230708 12:48:23.994"></status>
</kw>
<kw name="Enter &quot;text&quot; in &quot;Mật khẩu&quot; with" library="common">
<arguments>
<arg>Nhat@01101999</arg>
</arguments>
<kw name="Input Text" library="SeleniumLibrary">
<doc>Types the given ``text`` into text field identified by ``locator``.</doc>
<arguments>
<arg>${inputpassword}</arg>
<arg>${password}</arg>
</arguments>
<msg timestamp="20230708 12:48:23.996" level="INFO">Typing text 'Nhat@01101999' into text field 'css=input#password'.</msg>
<status status="PASS" starttime="20230708 12:48:23.996" endtime="20230708 12:48:24.302"></status>
</kw>
<status status="PASS" starttime="20230708 12:48:23.995" endtime="20230708 12:48:24.302"></status>
</kw>
<kw name="Click on &quot;Đăng nhập&quot; button" library="common">
<kw name="Click Button" library="SeleniumLibrary">
<doc>Clicks button identified by ``locator``.</doc>
<arguments>
<arg>${loginbutton}</arg>
</arguments>
<msg timestamp="20230708 12:48:24.308" level="INFO">Clicking button 'css=button#submit-btn'.</msg>
<status status="PASS" starttime="20230708 12:48:24.306" endtime="20230708 12:48:24.462"></status>
</kw>
<status status="PASS" starttime="20230708 12:48:24.305" endtime="20230708 12:48:24.463"></status>
</kw>
<kw name="Verify Error message" library="common">
<arguments>
<arg>Tài khoản hoặc mật khẩu không đúng, vui lòng thử lại</arg>
</arguments>
<kw name="Wait Until Element Is Visible" library="SeleniumLibrary">
<doc>Waits until element ``locator`` is visible.</doc>
<arguments>
<arg>${message}</arg>
</arguments>
<status status="PASS" starttime="20230708 12:48:24.464" endtime="20230708 12:48:25.589"></status>
</kw>
<kw name="Element Text Should Be" library="SeleniumLibrary">
<doc>Verifies that element ``locator`` contains exact text ``expected``.</doc>
<arguments>
<arg>${message}</arg>
<arg>${textMessage}</arg>
</arguments>
<msg timestamp="20230708 12:48:25.590" level="INFO">Verifying element 'css=div#swal2-html-container' contains exact text 'Tài khoản hoặc mật khẩu không đúng, vui lòng thử lại'.</msg>
<status status="PASS" starttime="20230708 12:48:25.589" endtime="20230708 12:48:25.626"></status>
</kw>
<status status="PASS" starttime="20230708 12:48:24.463" endtime="20230708 12:48:25.626"></status>
</kw>
<kw name="Close Browser" library="SeleniumLibrary" type="teardown">
<doc>Closes the current browser.</doc>
<status status="PASS" starttime="20230708 12:48:25.627" endtime="20230708 12:48:28.074"></status>
</kw>
<tags>
<tag>@regression</tag>
<tag>@smoketest</tag>
</tags>
<status status="PASS" starttime="20230708 12:48:19.994" endtime="20230708 12:48:28.075" critical="yes"></status>
</test>
<status status="PASS" starttime="20230708 12:48:19.609" endtime="20230708 12:48:28.080"></status>
</suite>
<statistics>
<total>
<stat pass="1" fail="0">Critical Tests</stat>
<stat pass="1" fail="0">All Tests</stat>
</total>
<tag>
<stat pass="1" fail="0">@regression</stat>
<stat pass="1" fail="0">@smoketest</stat>
</tag>
<suite>
<stat pass="1" fail="0" id="s1" name="LoginSuite">LoginSuite</stat>
</suite>
</statistics>
<errors>
</errors>
</robot>
