<?xml version="1.0" encoding="UTF-8"?>
<robot generator="Robot 6.1 (Python 3.11.4 on win32)" generated="20230714 14:51:52.219" rpa="false" schemaversion="4">
<suite id="s1" name="Create user" source="D:\DEMO2\vite-react-ari\test\testcases\Create_user.robot">
<test id="s1-t1" name="CRU-43 Verify that Next page" line="21">
<kw name="Setup" library="common" type="SETUP">
<kw name="Set Browser Timeout" library="Browser">
<arg>${BROWSER_TIMEOUT}</arg>
<tag>Config</tag>
<tag>Setter</tag>
<doc>Sets the timeout used by most input and getter keywords.</doc>
<status status="PASS" starttime="20230714 14:51:55.251" endtime="20230714 14:51:55.264"/>
</kw>
<kw name="New Browser" library="Browser">
<arg>${BROWSER}</arg>
<arg>headless=${HEADLESS}</arg>
<tag>BrowserControl</tag>
<tag>Setter</tag>
<doc>Create a new playwright Browser with specified options.</doc>
<msg timestamp="20230714 14:51:55.267" level="INFO">{"browser": "chromium", "headless": false, "devtools": false, "handleSIGHUP": true, "handleSIGINT": true, "handleSIGTERM": true, "slowMo": 0.0, "timeout": 30000.0, "deprecated_pos_args": [], "tracesDir": "D:\\DEMO2\\vite-react-ari\\browser\\traces\\79e53efb-9e03-453b-8ad2-45679930c97c"}</msg>
<msg timestamp="20230714 14:51:56.927" level="INFO">Successfully created browser with options: {"browser":"chromium","headless":false,"devtools":false,"handleSIGHUP":true,"handleSIGINT":true,"handleSIGTERM":true,"slowMo":0,"timeout":30000,"deprecated_pos_args":[],"tracesDir":"D:\\DEMO2\\vite-react-ari\\browser\\traces\\79e53efb-9e03-453b-8ad2-45679930c97c"}</msg>
<status status="PASS" starttime="20230714 14:51:55.265" endtime="20230714 14:51:56.928"/>
</kw>
<kw name="New Page" library="Browser">
<arg>${URL_DEFAULT}</arg>
<tag>BrowserControl</tag>
<tag>Setter</tag>
<doc>Open a new Page.</doc>
<msg timestamp="20230714 14:51:59.533" level="INFO">Successfully initialized new page object and opened url: http://localhost:5173</msg>
<msg timestamp="20230714 14:51:59.533" level="INFO">No context was open. New context was automatically opened when this page is created.</msg>
<status status="PASS" starttime="20230714 14:51:56.928" endtime="20230714 14:51:59.533"/>
</kw>
<kw name="Evaluate" library="BuiltIn">
<var>${STATE}</var>
<arg>json.loads('''{}''')</arg>
<arg>json</arg>
<doc>Evaluates the given expression in Python and returns the result.</doc>
<msg timestamp="20230714 14:51:59.535" level="INFO">${STATE} = {}</msg>
<status status="PASS" starttime="20230714 14:51:59.534" endtime="20230714 14:51:59.535"/>
</kw>
<status status="PASS" starttime="20230714 14:51:55.250" endtime="20230714 14:51:59.536"/>
</kw>
<kw name="Go to &quot;Danh sách Người dùng&quot; page" library="common">
<kw name="Login to admin" library="common">
<kw name="Enter &quot;email&quot; in &quot;Tên đăng nhập&quot; with &quot;admin@admin.com&quot;" library="common" sourcename="Enter &quot;${type}&quot; in &quot;${name}&quot; with &quot;${text}&quot;">
<kw name="Get Random Text" library="common">
<var>${text}</var>
<arg>${type}</arg>
<arg>${text}</arg>
<kw name="Set Variable" library="BuiltIn">
<var>${symbol}</var>
<arg>_RANDOM_</arg>
<doc>Returns the given values which can then be assigned to a variables.</doc>
<msg timestamp="20230714 14:51:59.547" level="INFO">${symbol} = _RANDOM_</msg>
<status status="PASS" starttime="20230714 14:51:59.547" endtime="20230714 14:51:59.548"/>
</kw>
<kw name="Set Variable" library="BuiltIn">
<var>${new_text}</var>
<doc>Returns the given values which can then be assigned to a variables.</doc>
<msg timestamp="20230714 14:51:59.549" level="INFO">${new_text} = </msg>
<status status="PASS" starttime="20230714 14:51:59.548" endtime="20230714 14:51:59.549"/>
</kw>
<kw name="Get Regexp Matches" library="String">
<var>${containsS}</var>
<arg>${text}</arg>
<arg>_@(.+)@_</arg>
<arg>1</arg>
<doc>Returns a list of all non-overlapping matches in the given string.</doc>
<msg timestamp="20230714 14:51:59.551" level="INFO">${containsS} = []</msg>
<status status="PASS" starttime="20230714 14:51:59.550" endtime="20230714 14:51:59.551"/>
</kw>
<kw name="Get Length" library="BuiltIn">
<var>${cntS}</var>
<arg>${containsS}</arg>
<doc>Returns and logs the length of the given item as an integer.</doc>
<msg timestamp="20230714 14:51:59.553" level="INFO">Length is 0</msg>
<msg timestamp="20230714 14:51:59.553" level="INFO">${cntS} = 0</msg>
<status status="PASS" starttime="20230714 14:51:59.552" endtime="20230714 14:51:59.553"/>
</kw>
<kw name="Get Regexp Matches" library="String">
<var>${contains}</var>
<arg>${text}</arg>
<arg>${symbol}</arg>
<doc>Returns a list of all non-overlapping matches in the given string.</doc>
<msg timestamp="20230714 14:51:59.555" level="INFO">${contains} = []</msg>
<status status="PASS" starttime="20230714 14:51:59.554" endtime="20230714 14:51:59.555"/>
</kw>
<kw name="Get Length" library="BuiltIn">
<var>${cnt}</var>
<arg>${contains}</arg>
<doc>Returns and logs the length of the given item as an integer.</doc>
<msg timestamp="20230714 14:51:59.557" level="INFO">Length is 0</msg>
<msg timestamp="20230714 14:51:59.557" level="INFO">${cnt} = 0</msg>
<status status="PASS" starttime="20230714 14:51:59.556" endtime="20230714 14:51:59.557"/>
</kw>
<if>
<branch type="IF" condition="${cntS} &gt; 0">
<kw name="Set Variable" library="BuiltIn">
<var>${new_text}</var>
<arg>${STATE["${containsS[0]}"]}</arg>
<doc>Returns the given values which can then be assigned to a variables.</doc>
<status status="NOT RUN" starttime="20230714 14:51:59.558" endtime="20230714 14:51:59.559"/>
</kw>
<kw name="Set Variable" library="BuiltIn">
<var>${symbol}</var>
<arg>_@${containsS[0]}@_</arg>
<doc>Returns the given values which can then be assigned to a variables.</doc>
<status status="NOT RUN" starttime="20230714 14:51:59.559" endtime="20230714 14:51:59.559"/>
</kw>
<status status="NOT RUN" starttime="20230714 14:51:59.557" endtime="20230714 14:51:59.560"/>
</branch>
<branch type="ELSE IF" condition="${cnt} &gt; 0 and '${type}' == 'test name'">
<kw name="Sentence" library="FakerLibrary">
<var>${random}</var>
<arg>nb_words=3</arg>
<doc>Generate a sentence.</doc>
<status status="NOT RUN" starttime="20230714 14:51:59.561" endtime="20230714 14:51:59.561"/>
</kw>
<kw name="Split String" library="String">
<var>${words}</var>
<arg>${TEST NAME}</arg>
<arg>${SPACE}</arg>
<doc>Splits the ``string`` using ``separator`` as a delimiter string.</doc>
<status status="NOT RUN" starttime="20230714 14:51:59.562" endtime="20230714 14:51:59.562"/>
</kw>
<kw name="Set Variable" library="BuiltIn">
<var>${new_text}</var>
<arg>${words[0]} ${random}</arg>
<doc>Returns the given values which can then be assigned to a variables.</doc>
<status status="NOT RUN" starttime="20230714 14:51:59.563" endtime="20230714 14:51:59.563"/>
</kw>
<status status="NOT RUN" starttime="20230714 14:51:59.560" endtime="20230714 14:51:59.564"/>
</branch>
<branch type="ELSE IF" condition="${cnt} &gt; 0 and '${type}' == 'number'">
<kw name="Random Int" library="FakerLibrary">
<var>${new_text}</var>
<doc>Generate a random integer between two integers ``min`` and ``max`` inclusive
while observing the provided ``step`` value.</doc>
<status status="NOT RUN" starttime="20230714 14:51:59.566" endtime="20230714 14:51:59.566"/>
</kw>
<kw name="Convert To String" library="BuiltIn">
<var>${new_text}</var>
<arg>${new_text}</arg>
<doc>Converts the given item to a Unicode string.</doc>
<status status="NOT RUN" starttime="20230714 14:51:59.567" endtime="20230714 14:51:59.567"/>
</kw>
<status status="NOT RUN" starttime="20230714 14:51:59.564" endtime="20230714 14:51:59.568"/>
</branch>
<branch type="ELSE IF" condition="${cnt} &gt; 0 and '${type}' == 'percentage'">
<kw name="Random Int" library="FakerLibrary">
<var>${new_text}</var>
<arg>max=100</arg>
<doc>Generate a random integer between two integers ``min`` and ``max`` inclusive
while observing the provided ``step`` value.</doc>
<status status="NOT RUN" starttime="20230714 14:51:59.570" endtime="20230714 14:51:59.571"/>
</kw>
<kw name="Convert To String" library="BuiltIn">
<var>${new_text}</var>
<arg>${new_text}</arg>
<doc>Converts the given item to a Unicode string.</doc>
<status status="NOT RUN" starttime="20230714 14:51:59.572" endtime="20230714 14:51:59.574"/>
</kw>
<status status="NOT RUN" starttime="20230714 14:51:59.569" endtime="20230714 14:51:59.574"/>
</branch>
<branch type="ELSE IF" condition="${cnt} &gt; 0 and '${type}' == 'paragraph'">
<kw name="Paragraph" library="FakerLibrary">
<var>${new_text}</var>
<doc>Generate a paragraph.</doc>
<status status="NOT RUN" starttime="20230714 14:51:59.575" endtime="20230714 14:51:59.575"/>
</kw>
<status status="NOT RUN" starttime="20230714 14:51:59.574" endtime="20230714 14:51:59.576"/>
</branch>
<branch type="ELSE IF" condition="${cnt} &gt; 0 and '${type}' == 'email'">
<kw name="Email" library="FakerLibrary">
<var>${new_text}</var>
<status status="NOT RUN" starttime="20230714 14:51:59.577" endtime="20230714 14:51:59.577"/>
</kw>
<status status="NOT RUN" starttime="20230714 14:51:59.576" endtime="20230714 14:51:59.577"/>
</branch>
<branch type="ELSE IF" condition="${cnt} &gt; 0 and '${type}' == 'phone'">
<kw name="Random Int" library="FakerLibrary">
<var>${new_text}</var>
<arg>min=55555555</arg>
<arg>max=999999999999</arg>
<doc>Generate a random integer between two integers ``min`` and ``max`` inclusive
while observing the provided ``step`` value.</doc>
<status status="NOT RUN" starttime="20230714 14:51:59.578" endtime="20230714 14:51:59.579"/>
</kw>
<kw name="Convert To String" library="BuiltIn">
<var>${new_text}</var>
<arg>${new_text}</arg>
<doc>Converts the given item to a Unicode string.</doc>
<status status="NOT RUN" starttime="20230714 14:51:59.579" endtime="20230714 14:51:59.580"/>
</kw>
<status status="NOT RUN" starttime="20230714 14:51:59.578" endtime="20230714 14:51:59.580"/>
</branch>
<branch type="ELSE IF" condition="${cnt} &gt; 0 and '${type}' == 'color'">
<kw name="Safe Hex Color" library="FakerLibrary">
<var>${new_text}</var>
<doc>Generate a web-safe color formatted as a hex triplet.</doc>
<status status="NOT RUN" starttime="20230714 14:51:59.584" endtime="20230714 14:51:59.585"/>
</kw>
<status status="NOT RUN" starttime="20230714 14:51:59.583" endtime="20230714 14:51:59.585"/>
</branch>
<branch type="ELSE IF" condition="${cnt} &gt; 0 and '${type}' == 'date'">
<kw name="Date" library="FakerLibrary">
<var>${new_text}</var>
<arg>pattern=%d-%m-%Y</arg>
<doc>Get a date string between January 1, 1970 and now.</doc>
<status status="NOT RUN" starttime="20230714 14:51:59.586" endtime="20230714 14:51:59.587"/>
</kw>
<status status="NOT RUN" starttime="20230714 14:51:59.586" endtime="20230714 14:51:59.587"/>
</branch>
<branch type="ELSE IF" condition="${cnt} &gt; 0 and '${type}' == 'word'">
<kw name="Sentence" library="FakerLibrary">
<var>${new_text}</var>
<arg>nb_words=2</arg>
<doc>Generate a sentence.</doc>
<status status="NOT RUN" starttime="20230714 14:51:59.588" endtime="20230714 14:51:59.588"/>
</kw>
<status status="NOT RUN" starttime="20230714 14:51:59.587" endtime="20230714 14:51:59.588"/>
</branch>
<branch type="ELSE IF" condition="${cnt} &gt; 0">
<kw name="Sentence" library="FakerLibrary">
<var>${new_text}</var>
<doc>Generate a sentence.</doc>
<status status="NOT RUN" starttime="20230714 14:51:59.589" endtime="20230714 14:51:59.590"/>
</kw>
<status status="NOT RUN" starttime="20230714 14:51:59.589" endtime="20230714 14:51:59.590"/>
</branch>
<status status="PASS" starttime="20230714 14:51:59.557" endtime="20230714 14:51:59.590"/>
</if>
<kw name="Get Length" library="BuiltIn">
<var>${cnt}</var>
<arg>${text}</arg>
<doc>Returns and logs the length of the given item as an integer.</doc>
<msg timestamp="20230714 14:51:59.591" level="INFO">Length is 15</msg>
<msg timestamp="20230714 14:51:59.592" level="INFO">${cnt} = 15</msg>
<status status="PASS" starttime="20230714 14:51:59.591" endtime="20230714 14:51:59.592"/>
</kw>
<if>
<branch type="IF" condition="${cnt} &gt; 0">
<kw name="Replace String" library="String">
<var>${text}</var>
<arg>${text}</arg>
<arg>${symbol}</arg>
<arg>${new_text}</arg>
<doc>Replaces ``search_for`` in the given ``string`` with ``replace_with``.</doc>
<msg timestamp="20230714 14:51:59.594" level="INFO">${text} = admin@admin.com</msg>
<status status="PASS" starttime="20230714 14:51:59.593" endtime="20230714 14:51:59.594"/>
</kw>
<status status="PASS" starttime="20230714 14:51:59.592" endtime="20230714 14:51:59.594"/>
</branch>
<status status="PASS" starttime="20230714 14:51:59.592" endtime="20230714 14:51:59.594"/>
</if>
<msg timestamp="20230714 14:51:59.595" level="INFO">${text} = admin@admin.com</msg>
<status status="PASS" starttime="20230714 14:51:59.545" endtime="20230714 14:51:59.595"/>
</kw>
<kw name="Get Element Form Item By Name" library="common">
<var>${element}</var>
<arg>${name}</arg>
<arg>//input[contains(@class, "ant-input")]</arg>
<msg timestamp="20230714 14:51:59.597" level="INFO">${element} = xpath=//*[contains(@class, "ant-form-item-label")]/label[text()="Tên đăng nhập"]/../../*[contains(@class, "ant-form-item")]//input[contains(@class, "ant-input")]</msg>
<status status="PASS" starttime="20230714 14:51:59.595" endtime="20230714 14:51:59.598"/>
</kw>
<kw name="Clear Text" library="Browser">
<arg>${element}</arg>
<tag>PageContent</tag>
<tag>Setter</tag>
<doc>Clears the text field found by ``selector``.</doc>
<status status="PASS" starttime="20230714 14:51:59.599" endtime="20230714 14:52:02.038"/>
</kw>
<kw name="Fill Text" library="Browser">
<arg>${element}</arg>
<arg>${text}</arg>
<arg>True</arg>
<tag>PageContent</tag>
<tag>Setter</tag>
<doc>Clears and fills the given ``txt`` into the text field found by ``selector``.</doc>
<msg timestamp="20230714 14:52:02.039" level="INFO">Fills the text 'admin@admin.com' in the given field.</msg>
<status status="PASS" starttime="20230714 14:52:02.039" endtime="20230714 14:52:02.111"/>
</kw>
<kw name="Get Length" library="BuiltIn">
<var>${cnt}</var>
<arg>${text}</arg>
<doc>Returns and logs the length of the given item as an integer.</doc>
<msg timestamp="20230714 14:52:02.112" level="INFO">Length is 15</msg>
<msg timestamp="20230714 14:52:02.113" level="INFO">${cnt} = 15</msg>
<status status="PASS" starttime="20230714 14:52:02.112" endtime="20230714 14:52:02.113"/>
</kw>
<if>
<branch type="IF" condition="${cnt} &gt; 0">
<kw name="Set Global Variable" library="BuiltIn">
<arg>${STATE["${name}"]}</arg>
<arg>${text}</arg>
<doc>Makes a variable available globally in all tests and suites.</doc>
<msg timestamp="20230714 14:52:02.117" level="INFO">${STATE["Tên đăng nhập"]} = admin@admin.com</msg>
<status status="PASS" starttime="20230714 14:52:02.114" endtime="20230714 14:52:02.117"/>
</kw>
<status status="PASS" starttime="20230714 14:52:02.113" endtime="20230714 14:52:02.117"/>
</branch>
<status status="PASS" starttime="20230714 14:52:02.113" endtime="20230714 14:52:02.118"/>
</if>
<status status="PASS" starttime="20230714 14:51:59.544" endtime="20230714 14:52:02.118"/>
</kw>
<kw name="Enter &quot;text&quot; in &quot;Mật khẩu&quot; with &quot;Password1!&quot;" library="common" sourcename="Enter &quot;${type}&quot; in &quot;${name}&quot; with &quot;${text}&quot;">
<kw name="Get Random Text" library="common">
<var>${text}</var>
<arg>${type}</arg>
<arg>${text}</arg>
<kw name="Set Variable" library="BuiltIn">
<var>${symbol}</var>
<arg>_RANDOM_</arg>
<doc>Returns the given values which can then be assigned to a variables.</doc>
<msg timestamp="20230714 14:52:02.121" level="INFO">${symbol} = _RANDOM_</msg>
<status status="PASS" starttime="20230714 14:52:02.121" endtime="20230714 14:52:02.121"/>
</kw>
<kw name="Set Variable" library="BuiltIn">
<var>${new_text}</var>
<doc>Returns the given values which can then be assigned to a variables.</doc>
<msg timestamp="20230714 14:52:02.123" level="INFO">${new_text} = </msg>
<status status="PASS" starttime="20230714 14:52:02.122" endtime="20230714 14:52:02.123"/>
</kw>
<kw name="Get Regexp Matches" library="String">
<var>${containsS}</var>
<arg>${text}</arg>
<arg>_@(.+)@_</arg>
<arg>1</arg>
<doc>Returns a list of all non-overlapping matches in the given string.</doc>
<msg timestamp="20230714 14:52:02.125" level="INFO">${containsS} = []</msg>
<status status="PASS" starttime="20230714 14:52:02.123" endtime="20230714 14:52:02.125"/>
</kw>
<kw name="Get Length" library="BuiltIn">
<var>${cntS}</var>
<arg>${containsS}</arg>
<doc>Returns and logs the length of the given item as an integer.</doc>
<msg timestamp="20230714 14:52:02.126" level="INFO">Length is 0</msg>
<msg timestamp="20230714 14:52:02.126" level="INFO">${cntS} = 0</msg>
<status status="PASS" starttime="20230714 14:52:02.125" endtime="20230714 14:52:02.126"/>
</kw>
<kw name="Get Regexp Matches" library="String">
<var>${contains}</var>
<arg>${text}</arg>
<arg>${symbol}</arg>
<doc>Returns a list of all non-overlapping matches in the given string.</doc>
<msg timestamp="20230714 14:52:02.128" level="INFO">${contains} = []</msg>
<status status="PASS" starttime="20230714 14:52:02.127" endtime="20230714 14:52:02.128"/>
</kw>
<kw name="Get Length" library="BuiltIn">
<var>${cnt}</var>
<arg>${contains}</arg>
<doc>Returns and logs the length of the given item as an integer.</doc>
<msg timestamp="20230714 14:52:02.129" level="INFO">Length is 0</msg>
<msg timestamp="20230714 14:52:02.129" level="INFO">${cnt} = 0</msg>
<status status="PASS" starttime="20230714 14:52:02.128" endtime="20230714 14:52:02.129"/>
</kw>
<if>
<branch type="IF" condition="${cntS} &gt; 0">
<kw name="Set Variable" library="BuiltIn">
<var>${new_text}</var>
<arg>${STATE["${containsS[0]}"]}</arg>
<doc>Returns the given values which can then be assigned to a variables.</doc>
<status status="NOT RUN" starttime="20230714 14:52:02.131" endtime="20230714 14:52:02.131"/>
</kw>
<kw name="Set Variable" library="BuiltIn">
<var>${symbol}</var>
<arg>_@${containsS[0]}@_</arg>
<doc>Returns the given values which can then be assigned to a variables.</doc>
<status status="NOT RUN" starttime="20230714 14:52:02.131" endtime="20230714 14:52:02.132"/>
</kw>
<status status="NOT RUN" starttime="20230714 14:52:02.130" endtime="20230714 14:52:02.132"/>
</branch>
<branch type="ELSE IF" condition="${cnt} &gt; 0 and '${type}' == 'test name'">
<kw name="Sentence" library="FakerLibrary">
<var>${random}</var>
<arg>nb_words=3</arg>
<doc>Generate a sentence.</doc>
<status status="NOT RUN" starttime="20230714 14:52:02.133" endtime="20230714 14:52:02.133"/>
</kw>
<kw name="Split String" library="String">
<var>${words}</var>
<arg>${TEST NAME}</arg>
<arg>${SPACE}</arg>
<doc>Splits the ``string`` using ``separator`` as a delimiter string.</doc>
<status status="NOT RUN" starttime="20230714 14:52:02.134" endtime="20230714 14:52:02.134"/>
</kw>
<kw name="Set Variable" library="BuiltIn">
<var>${new_text}</var>
<arg>${words[0]} ${random}</arg>
<doc>Returns the given values which can then be assigned to a variables.</doc>
<status status="NOT RUN" starttime="20230714 14:52:02.134" endtime="20230714 14:52:02.135"/>
</kw>
<status status="NOT RUN" starttime="20230714 14:52:02.132" endtime="20230714 14:52:02.135"/>
</branch>
<branch type="ELSE IF" condition="${cnt} &gt; 0 and '${type}' == 'number'">
<kw name="Random Int" library="FakerLibrary">
<var>${new_text}</var>
<doc>Generate a random integer between two integers ``min`` and ``max`` inclusive
while observing the provided ``step`` value.</doc>
<status status="NOT RUN" starttime="20230714 14:52:02.136" endtime="20230714 14:52:02.136"/>
</kw>
<kw name="Convert To String" library="BuiltIn">
<var>${new_text}</var>
<arg>${new_text}</arg>
<doc>Converts the given item to a Unicode string.</doc>
<status status="NOT RUN" starttime="20230714 14:52:02.137" endtime="20230714 14:52:02.137"/>
</kw>
<status status="NOT RUN" starttime="20230714 14:52:02.135" endtime="20230714 14:52:02.137"/>
</branch>
<branch type="ELSE IF" condition="${cnt} &gt; 0 and '${type}' == 'percentage'">
<kw name="Random Int" library="FakerLibrary">
<var>${new_text}</var>
<arg>max=100</arg>
<doc>Generate a random integer between two integers ``min`` and ``max`` inclusive
while observing the provided ``step`` value.</doc>
<status status="NOT RUN" starttime="20230714 14:52:02.139" endtime="20230714 14:52:02.139"/>
</kw>
<kw name="Convert To String" library="BuiltIn">
<var>${new_text}</var>
<arg>${new_text}</arg>
<doc>Converts the given item to a Unicode string.</doc>
<status status="NOT RUN" starttime="20230714 14:52:02.139" endtime="20230714 14:52:02.140"/>
</kw>
<status status="NOT RUN" starttime="20230714 14:52:02.138" endtime="20230714 14:52:02.140"/>
</branch>
<branch type="ELSE IF" condition="${cnt} &gt; 0 and '${type}' == 'paragraph'">
<kw name="Paragraph" library="FakerLibrary">
<var>${new_text}</var>
<doc>Generate a paragraph.</doc>
<status status="NOT RUN" starttime="20230714 14:52:02.141" endtime="20230714 14:52:02.141"/>
</kw>
<status status="NOT RUN" starttime="20230714 14:52:02.140" endtime="20230714 14:52:02.141"/>
</branch>
<branch type="ELSE IF" condition="${cnt} &gt; 0 and '${type}' == 'email'">
<kw name="Email" library="FakerLibrary">
<var>${new_text}</var>
<status status="NOT RUN" starttime="20230714 14:52:02.142" endtime="20230714 14:52:02.142"/>
</kw>
<status status="NOT RUN" starttime="20230714 14:52:02.141" endtime="20230714 14:52:02.143"/>
</branch>
<branch type="ELSE IF" condition="${cnt} &gt; 0 and '${type}' == 'phone'">
<kw name="Random Int" library="FakerLibrary">
<var>${new_text}</var>
<arg>min=55555555</arg>
<arg>max=999999999999</arg>
<doc>Generate a random integer between two integers ``min`` and ``max`` inclusive
while observing the provided ``step`` value.</doc>
<status status="NOT RUN" starttime="20230714 14:52:02.144" endtime="20230714 14:52:02.144"/>
</kw>
<kw name="Convert To String" library="BuiltIn">
<var>${new_text}</var>
<arg>${new_text}</arg>
<doc>Converts the given item to a Unicode string.</doc>
<status status="NOT RUN" starttime="20230714 14:52:02.144" endtime="20230714 14:52:02.144"/>
</kw>
<status status="NOT RUN" starttime="20230714 14:52:02.143" endtime="20230714 14:52:02.145"/>
</branch>
<branch type="ELSE IF" condition="${cnt} &gt; 0 and '${type}' == 'color'">
<kw name="Safe Hex Color" library="FakerLibrary">
<var>${new_text}</var>
<doc>Generate a web-safe color formatted as a hex triplet.</doc>
<status status="NOT RUN" starttime="20230714 14:52:02.146" endtime="20230714 14:52:02.146"/>
</kw>
<status status="NOT RUN" starttime="20230714 14:52:02.145" endtime="20230714 14:52:02.146"/>
</branch>
<branch type="ELSE IF" condition="${cnt} &gt; 0 and '${type}' == 'date'">
<kw name="Date" library="FakerLibrary">
<var>${new_text}</var>
<arg>pattern=%d-%m-%Y</arg>
<doc>Get a date string between January 1, 1970 and now.</doc>
<status status="NOT RUN" starttime="20230714 14:52:02.147" endtime="20230714 14:52:02.148"/>
</kw>
<status status="NOT RUN" starttime="20230714 14:52:02.146" endtime="20230714 14:52:02.148"/>
</branch>
<branch type="ELSE IF" condition="${cnt} &gt; 0 and '${type}' == 'word'">
<kw name="Sentence" library="FakerLibrary">
<var>${new_text}</var>
<arg>nb_words=2</arg>
<doc>Generate a sentence.</doc>
<status status="NOT RUN" starttime="20230714 14:52:02.149" endtime="20230714 14:52:02.149"/>
</kw>
<status status="NOT RUN" starttime="20230714 14:52:02.148" endtime="20230714 14:52:02.149"/>
</branch>
<branch type="ELSE IF" condition="${cnt} &gt; 0">
<kw name="Sentence" library="FakerLibrary">
<var>${new_text}</var>
<doc>Generate a sentence.</doc>
<status status="NOT RUN" starttime="20230714 14:52:02.150" endtime="20230714 14:52:02.150"/>
</kw>
<status status="NOT RUN" starttime="20230714 14:52:02.150" endtime="20230714 14:52:02.151"/>
</branch>
<status status="PASS" starttime="20230714 14:52:02.129" endtime="20230714 14:52:02.151"/>
</if>
<kw name="Get Length" library="BuiltIn">
<var>${cnt}</var>
<arg>${text}</arg>
<doc>Returns and logs the length of the given item as an integer.</doc>
<msg timestamp="20230714 14:52:02.152" level="INFO">Length is 10</msg>
<msg timestamp="20230714 14:52:02.152" level="INFO">${cnt} = 10</msg>
<status status="PASS" starttime="20230714 14:52:02.151" endtime="20230714 14:52:02.153"/>
</kw>
<if>
<branch type="IF" condition="${cnt} &gt; 0">
<kw name="Replace String" library="String">
<var>${text}</var>
<arg>${text}</arg>
<arg>${symbol}</arg>
<arg>${new_text}</arg>
<doc>Replaces ``search_for`` in the given ``string`` with ``replace_with``.</doc>
<msg timestamp="20230714 14:52:02.155" level="INFO">${text} = Password1!</msg>
<status status="PASS" starttime="20230714 14:52:02.154" endtime="20230714 14:52:02.155"/>
</kw>
<status status="PASS" starttime="20230714 14:52:02.153" endtime="20230714 14:52:02.155"/>
</branch>
<status status="PASS" starttime="20230714 14:52:02.153" endtime="20230714 14:52:02.155"/>
</if>
<msg timestamp="20230714 14:52:02.156" level="INFO">${text} = Password1!</msg>
<status status="PASS" starttime="20230714 14:52:02.120" endtime="20230714 14:52:02.156"/>
</kw>
<kw name="Get Element Form Item By Name" library="common">
<var>${element}</var>
<arg>${name}</arg>
<arg>//input[contains(@class, "ant-input")]</arg>
<msg timestamp="20230714 14:52:02.158" level="INFO">${element} = xpath=//*[contains(@class, "ant-form-item-label")]/label[text()="Mật khẩu"]/../../*[contains(@class, "ant-form-item")]//input[contains(@class, "ant-input")]</msg>
<status status="PASS" starttime="20230714 14:52:02.156" endtime="20230714 14:52:02.158"/>
</kw>
<kw name="Clear Text" library="Browser">
<arg>${element}</arg>
<tag>PageContent</tag>
<tag>Setter</tag>
<doc>Clears the text field found by ``selector``.</doc>
<status status="PASS" starttime="20230714 14:52:02.158" endtime="20230714 14:52:02.278"/>
</kw>
<kw name="Fill Text" library="Browser">
<arg>${element}</arg>
<arg>${text}</arg>
<arg>True</arg>
<tag>PageContent</tag>
<tag>Setter</tag>
<doc>Clears and fills the given ``txt`` into the text field found by ``selector``.</doc>
<msg timestamp="20230714 14:52:02.279" level="INFO">Fills the text 'Password1!' in the given field.</msg>
<status status="PASS" starttime="20230714 14:52:02.279" endtime="20230714 14:52:02.366"/>
</kw>
<kw name="Get Length" library="BuiltIn">
<var>${cnt}</var>
<arg>${text}</arg>
<doc>Returns and logs the length of the given item as an integer.</doc>
<msg timestamp="20230714 14:52:02.368" level="INFO">Length is 10</msg>
<msg timestamp="20230714 14:52:02.368" level="INFO">${cnt} = 10</msg>
<status status="PASS" starttime="20230714 14:52:02.367" endtime="20230714 14:52:02.368"/>
</kw>
<if>
<branch type="IF" condition="${cnt} &gt; 0">
<kw name="Set Global Variable" library="BuiltIn">
<arg>${STATE["${name}"]}</arg>
<arg>${text}</arg>
<doc>Makes a variable available globally in all tests and suites.</doc>
<msg timestamp="20230714 14:52:02.372" level="INFO">${STATE["Mật khẩu"]} = Password1!</msg>
<status status="PASS" starttime="20230714 14:52:02.369" endtime="20230714 14:52:02.372"/>
</kw>
<status status="PASS" starttime="20230714 14:52:02.369" endtime="20230714 14:52:02.372"/>
</branch>
<status status="PASS" starttime="20230714 14:52:02.368" endtime="20230714 14:52:02.372"/>
</if>
<status status="PASS" starttime="20230714 14:52:02.119" endtime="20230714 14:52:02.373"/>
</kw>
<kw name="Enter at &quot;Mật khẩu&quot; field to Login" library="common" sourcename="Enter at &quot;${name}&quot; field to Login">
<kw name="Get Element Form Item By Name" library="common">
<var>${element}</var>
<arg>${name}</arg>
<arg>//input[contains(@class, "ant-input")]</arg>
<msg timestamp="20230714 14:52:02.375" level="INFO">${element} = xpath=//*[contains(@class, "ant-form-item-label")]/label[text()="Mật khẩu"]/../../*[contains(@class, "ant-form-item")]//input[contains(@class, "ant-input")]</msg>
<status status="PASS" starttime="20230714 14:52:02.374" endtime="20230714 14:52:02.375"/>
</kw>
<kw name="Press Keys" library="Browser">
<arg>${element}</arg>
<arg>Enter</arg>
<tag>PageContent</tag>
<tag>Setter</tag>
<doc>Types the given key combination into element found by ``selector``.</doc>
<status status="PASS" starttime="20230714 14:52:02.376" endtime="20230714 14:52:02.578"/>
</kw>
<status status="PASS" starttime="20230714 14:52:02.373" endtime="20230714 14:52:02.579"/>
</kw>
<kw name="User look message &quot;Thành công&quot; popup" library="common" sourcename="User look message &quot;${message}&quot; popup">
<kw name="Get Regexp Matches" library="String">
<var>${contains}</var>
<arg>${message}</arg>
<arg>_@(.+)@_</arg>
<arg>1</arg>
<doc>Returns a list of all non-overlapping matches in the given string.</doc>
<msg timestamp="20230714 14:52:02.583" level="INFO">${contains} = []</msg>
<status status="PASS" starttime="20230714 14:52:02.581" endtime="20230714 14:52:02.583"/>
</kw>
<kw name="Get Length" library="BuiltIn">
<var>${cnt}</var>
<arg>${contains}</arg>
<doc>Returns and logs the length of the given item as an integer.</doc>
<msg timestamp="20230714 14:52:02.585" level="INFO">Length is 0</msg>
<msg timestamp="20230714 14:52:02.585" level="INFO">${cnt} = 0</msg>
<status status="PASS" starttime="20230714 14:52:02.584" endtime="20230714 14:52:02.585"/>
</kw>
<if>
<branch type="IF" condition="${cnt} &gt; 0">
<kw name="Replace String" library="String">
<var>${message}</var>
<arg>${message}</arg>
<arg>_@${contains[0]}@_</arg>
<arg>${STATE["${contains[0]}"]}</arg>
<doc>Replaces ``search_for`` in the given ``string`` with ``replace_with``.</doc>
<status status="NOT RUN" starttime="20230714 14:52:02.586" endtime="20230714 14:52:02.587"/>
</kw>
<status status="NOT RUN" starttime="20230714 14:52:02.586" endtime="20230714 14:52:02.587"/>
</branch>
<status status="PASS" starttime="20230714 14:52:02.585" endtime="20230714 14:52:02.587"/>
</if>
<kw name="Element Text Should Be" library="common">
<arg>id=swal2-html-container</arg>
<arg>${message}</arg>
<kw name="Get Text" library="Browser">
<arg>${locator}</arg>
<arg>equal</arg>
<arg>${expected}</arg>
<arg>${message}</arg>
<tag>Assertion</tag>
<tag>Getter</tag>
<tag>PageContent</tag>
<doc>Returns text attribute of the element found by ``selector``.</doc>
<msg timestamp="20230714 14:52:03.868" level="INFO">Text: 'Thành công'</msg>
<status status="PASS" starttime="20230714 14:52:02.592" endtime="20230714 14:52:03.869"/>
</kw>
<status status="PASS" starttime="20230714 14:52:02.588" endtime="20230714 14:52:03.869"/>
</kw>
<kw name="Set Variable" library="BuiltIn">
<var>${element}</var>
<arg>xpath=//*[contains(@class, "swal2-confirm")]</arg>
<doc>Returns the given values which can then be assigned to a variables.</doc>
<msg timestamp="20230714 14:52:03.870" level="INFO">${element} = xpath=//*[contains(@class, "swal2-confirm")]</msg>
<status status="PASS" starttime="20230714 14:52:03.869" endtime="20230714 14:52:03.870"/>
</kw>
<kw name="Run Keyword And Return Status" library="BuiltIn">
<var>${passed}</var>
<arg>Element Should Be Visible</arg>
<arg>${element}</arg>
<doc>Runs the given keyword with given arguments and returns the status as a Boolean value.</doc>
<kw name="Element Should Be Visible" library="common">
<arg>${element}</arg>
<kw name="Wait For Elements State" library="Browser">
<arg>${locator}</arg>
<arg>visible</arg>
<arg>${timeout}</arg>
<arg>${message}</arg>
<tag>PageContent</tag>
<tag>Wait</tag>
<doc>Waits for the element found by ``selector`` to satisfy state option.</doc>
<msg timestamp="20230714 14:52:04.774" level="INFO" html="true">&lt;/td&gt;&lt;/tr&gt;&lt;tr&gt;&lt;td colspan="3"&gt;&lt;a href="browser/screenshot/fail-screenshot-1.png" target="_blank"&gt;&lt;img src="browser/screenshot/fail-screenshot-1.png" width="800px"/&gt;&lt;/a&gt;</msg>
<msg timestamp="20230714 14:52:04.774" level="INFO">See also file:///D:/DEMO2/vite-react-ari/playwright-log.txt for additional details.</msg>
<msg timestamp="20230714 14:52:04.775" level="FAIL">TimeoutError: locator.waitFor: Timeout 100ms exceeded.
=========================== logs ===========================
waiting for locator('xpath=//*[contains(@class, "swal2-confirm")]') to be visible
  locator resolved to hidden &lt;button type="button" aria-label="" class="swal2-confirm…&gt;OK&lt;/button&gt;
============================================================
Tip: Use "Set Browser Timeout" for increasing the timeout or double check your locator as the targeted element(s) couldn't be found.</msg>
<status status="FAIL" starttime="20230714 14:52:03.876" endtime="20230714 14:52:04.784"/>
</kw>
<status status="FAIL" starttime="20230714 14:52:03.873" endtime="20230714 14:52:04.785"/>
</kw>
<msg timestamp="20230714 14:52:04.787" level="INFO">${passed} = False</msg>
<status status="PASS" starttime="20230714 14:52:03.871" endtime="20230714 14:52:04.788"/>
</kw>
<if>
<branch type="IF" condition="'${passed}' == 'True'">
<kw name="Click" library="Browser">
<arg>${element}</arg>
<tag>PageContent</tag>
<tag>Setter</tag>
<doc>Simulates mouse click on the element found by ``selector``.</doc>
<status status="NOT RUN" starttime="20230714 14:52:04.790" endtime="20230714 14:52:04.790"/>
</kw>
<status status="NOT RUN" starttime="20230714 14:52:04.789" endtime="20230714 14:52:04.790"/>
</branch>
<status status="PASS" starttime="20230714 14:52:04.788" endtime="20230714 14:52:04.790"/>
</if>
<kw name="Wait Until Element Is Not Exist" library="common">
<arg>${element}</arg>
<kw name="Wait For Elements State" library="Browser">
<arg>${locator}</arg>
<arg>detached</arg>
<arg>${timeout}</arg>
<arg>${message}</arg>
<tag>PageContent</tag>
<tag>Wait</tag>
<doc>Waits for the element found by ``selector`` to satisfy state option.</doc>
<msg timestamp="20230714 14:52:07.328" level="INFO">Waited for Element with selector xpath=//*[contains(@class, "swal2-confirm")] at state detached</msg>
<status status="PASS" starttime="20230714 14:52:04.794" endtime="20230714 14:52:07.328"/>
</kw>
<status status="PASS" starttime="20230714 14:52:04.791" endtime="20230714 14:52:07.329"/>
</kw>
<status status="PASS" starttime="20230714 14:52:02.579" endtime="20230714 14:52:07.329"/>
</kw>
<status status="PASS" starttime="20230714 14:51:59.543" endtime="20230714 14:52:07.330"/>
</kw>
<kw name="And Click &quot;Người Dùng&quot; menu" library="common" sourcename="Click &quot;${text}&quot; menu">
<kw name="Click" library="Browser">
<arg>xpath=//li[contains(@class, "menu") and descendant::span[contains(text(), "${text}")]]</arg>
<tag>PageContent</tag>
<tag>Setter</tag>
<doc>Simulates mouse click on the element found by ``selector``.</doc>
<status status="PASS" starttime="20230714 14:52:07.332" endtime="20230714 14:52:07.427"/>
</kw>
<status status="PASS" starttime="20230714 14:52:07.330" endtime="20230714 14:52:07.428"/>
</kw>
<kw name="And Click &quot;Danh sách&quot; submenu in &quot;Người Dùng&quot; menu" library="common" sourcename="Click &quot;${tepm}&quot; submenu in &quot;Người Dùng&quot; menu">
<kw name="Set Variable" library="BuiltIn">
<var>${element}</var>
<arg>xpath=(//span[text()='${tepm}'])[2]</arg>
<doc>Returns the given values which can then be assigned to a variables.</doc>
<msg timestamp="20230714 14:52:07.431" level="INFO">${element} = xpath=(//span[text()='Danh sách'])[2]</msg>
<status status="PASS" starttime="20230714 14:52:07.430" endtime="20230714 14:52:07.431"/>
</kw>
<kw name="Click" library="Browser">
<arg>${element}</arg>
<tag>PageContent</tag>
<tag>Setter</tag>
<doc>Simulates mouse click on the element found by ``selector``.</doc>
<status status="PASS" starttime="20230714 14:52:07.432" endtime="20230714 14:52:07.694"/>
</kw>
<kw name="Sleep" library="BuiltIn">
<arg>3</arg>
<doc>Pauses the test executed for the given time.</doc>
<msg timestamp="20230714 14:52:10.696" level="INFO">Slept 3 seconds</msg>
<status status="PASS" starttime="20230714 14:52:07.694" endtime="20230714 14:52:10.696"/>
</kw>
<status status="PASS" starttime="20230714 14:52:07.429" endtime="20230714 14:52:10.696"/>
</kw>
<status status="PASS" starttime="20230714 14:51:59.542" endtime="20230714 14:52:10.697"/>
</kw>
<kw name="Get_Element_Attribute with &quot;page_1&quot;" library="common" sourcename="Get_Element_Attribute with &quot;${page}&quot;">
<var>${page_1_before}</var>
<kw name="Set Variable" library="BuiltIn">
<var>${element}</var>
<arg>//button[@aria-label="${page}"]</arg>
<doc>Returns the given values which can then be assigned to a variables.</doc>
<msg timestamp="20230714 14:52:10.700" level="INFO">${element} = //button[@aria-label="page_1"]</msg>
<status status="PASS" starttime="20230714 14:52:10.699" endtime="20230714 14:52:10.700"/>
</kw>
<kw name="Wait Until Element Is Visible" library="common">
<arg>${element}</arg>
<kw name="Wait For Elements State" library="Browser">
<arg>${locator}</arg>
<arg>visible</arg>
<arg>${timeout}</arg>
<arg>${message}</arg>
<tag>PageContent</tag>
<tag>Wait</tag>
<doc>Waits for the element found by ``selector`` to satisfy state option.</doc>
<msg timestamp="20230714 14:52:10.717" level="INFO">Waited for Element with selector //button[@aria-label="page_1"] at state visible</msg>
<status status="PASS" starttime="20230714 14:52:10.703" endtime="20230714 14:52:10.717"/>
</kw>
<status status="PASS" starttime="20230714 14:52:10.700" endtime="20230714 14:52:10.718"/>
</kw>
<kw name="Get Attribute" library="Browser">
<var>${attribute}</var>
<arg>${element}</arg>
<arg>class</arg>
<tag>Assertion</tag>
<tag>Getter</tag>
<tag>PageContent</tag>
<doc>Returns the HTML ``attribute`` of the element found by ``selector``.</doc>
<msg timestamp="20230714 14:52:10.752" level="INFO">Attribute is: 'text-center duration-300 transition-all p-1 text-sm font-medium leading-normal relative bg-blue-600 rounded-full text-white hover:bg-blue-400 !px-2.5 mx-1'</msg>
<msg timestamp="20230714 14:52:10.752" level="INFO">${attribute} = text-center duration-300 transition-all p-1 text-sm font-medium leading-normal relative bg-blue-600 rounded-full text-white hover:bg-blue-400 !px-2.5 mx-1</msg>
<status status="PASS" starttime="20230714 14:52:10.718" endtime="20230714 14:52:10.752"/>
</kw>
<msg timestamp="20230714 14:52:10.753" level="INFO">${page_1_before} = text-center duration-300 transition-all p-1 text-sm font-medium leading-normal relative bg-blue-600 rounded-full text-white hover:bg-blue-400 !px-2.5 mx-1</msg>
<status status="PASS" starttime="20230714 14:52:10.698" endtime="20230714 14:52:10.753"/>
</kw>
<kw name="Get_Element_Attribute with &quot;page_2&quot;" library="common" sourcename="Get_Element_Attribute with &quot;${page}&quot;">
<var>${page_2_before}</var>
<kw name="Set Variable" library="BuiltIn">
<var>${element}</var>
<arg>//button[@aria-label="${page}"]</arg>
<doc>Returns the given values which can then be assigned to a variables.</doc>
<msg timestamp="20230714 14:52:10.760" level="INFO">${element} = //button[@aria-label="page_2"]</msg>
<status status="PASS" starttime="20230714 14:52:10.759" endtime="20230714 14:52:10.760"/>
</kw>
<kw name="Wait Until Element Is Visible" library="common">
<arg>${element}</arg>
<kw name="Wait For Elements State" library="Browser">
<arg>${locator}</arg>
<arg>visible</arg>
<arg>${timeout}</arg>
<arg>${message}</arg>
<tag>PageContent</tag>
<tag>Wait</tag>
<doc>Waits for the element found by ``selector`` to satisfy state option.</doc>
<msg timestamp="20230714 14:52:10.776" level="INFO">Waited for Element with selector //button[@aria-label="page_2"] at state visible</msg>
<status status="PASS" starttime="20230714 14:52:10.763" endtime="20230714 14:52:10.776"/>
</kw>
<status status="PASS" starttime="20230714 14:52:10.760" endtime="20230714 14:52:10.777"/>
</kw>
<kw name="Get Attribute" library="Browser">
<var>${attribute}</var>
<arg>${element}</arg>
<arg>class</arg>
<tag>Assertion</tag>
<tag>Getter</tag>
<tag>PageContent</tag>
<doc>Returns the HTML ``attribute`` of the element found by ``selector``.</doc>
<msg timestamp="20230714 14:52:10.806" level="INFO">Attribute is: 'text-center duration-300 transition-all p-1 text-sm font-medium leading-normal relative text-blue-400 hover:text-blue-600'</msg>
<msg timestamp="20230714 14:52:10.807" level="INFO">${attribute} = text-center duration-300 transition-all p-1 text-sm font-medium leading-normal relative text-blue-400 hover:text-blue-600</msg>
<status status="PASS" starttime="20230714 14:52:10.777" endtime="20230714 14:52:10.807"/>
</kw>
<msg timestamp="20230714 14:52:10.808" level="INFO">${page_2_before} = text-center duration-300 transition-all p-1 text-sm font-medium leading-normal relative text-blue-400 hover:text-blue-600</msg>
<status status="PASS" starttime="20230714 14:52:10.758" endtime="20230714 14:52:10.808"/>
</kw>
<kw name="Get_Element_Attribute with &quot;page_3&quot;" library="common" sourcename="Get_Element_Attribute with &quot;${page}&quot;">
<var>${page_3_before}</var>
<kw name="Set Variable" library="BuiltIn">
<var>${element}</var>
<arg>//button[@aria-label="${page}"]</arg>
<doc>Returns the given values which can then be assigned to a variables.</doc>
<msg timestamp="20230714 14:52:10.810" level="INFO">${element} = //button[@aria-label="page_3"]</msg>
<status status="PASS" starttime="20230714 14:52:10.809" endtime="20230714 14:52:10.810"/>
</kw>
<kw name="Wait Until Element Is Visible" library="common">
<arg>${element}</arg>
<kw name="Wait For Elements State" library="Browser">
<arg>${locator}</arg>
<arg>visible</arg>
<arg>${timeout}</arg>
<arg>${message}</arg>
<tag>PageContent</tag>
<tag>Wait</tag>
<doc>Waits for the element found by ``selector`` to satisfy state option.</doc>
<msg timestamp="20230714 14:52:10.827" level="INFO">Waited for Element with selector //button[@aria-label="page_3"] at state visible</msg>
<status status="PASS" starttime="20230714 14:52:10.812" endtime="20230714 14:52:10.827"/>
</kw>
<status status="PASS" starttime="20230714 14:52:10.810" endtime="20230714 14:52:10.827"/>
</kw>
<kw name="Get Attribute" library="Browser">
<var>${attribute}</var>
<arg>${element}</arg>
<arg>class</arg>
<tag>Assertion</tag>
<tag>Getter</tag>
<tag>PageContent</tag>
<doc>Returns the HTML ``attribute`` of the element found by ``selector``.</doc>
<msg timestamp="20230714 14:52:10.857" level="INFO">Attribute is: 'text-center duration-300 transition-all p-1 text-sm font-medium leading-normal relative text-blue-400 hover:text-blue-600'</msg>
<msg timestamp="20230714 14:52:10.857" level="INFO">${attribute} = text-center duration-300 transition-all p-1 text-sm font-medium leading-normal relative text-blue-400 hover:text-blue-600</msg>
<status status="PASS" starttime="20230714 14:52:10.828" endtime="20230714 14:52:10.857"/>
</kw>
<msg timestamp="20230714 14:52:10.858" level="INFO">${page_3_before} = text-center duration-300 transition-all p-1 text-sm font-medium leading-normal relative text-blue-400 hover:text-blue-600</msg>
<status status="PASS" starttime="20230714 14:52:10.809" endtime="20230714 14:52:10.858"/>
</kw>
<kw name="Get_Element_Attribute with &quot;page_4&quot;" library="common" sourcename="Get_Element_Attribute with &quot;${page}&quot;">
<var>${page_4_before}</var>
<kw name="Set Variable" library="BuiltIn">
<var>${element}</var>
<arg>//button[@aria-label="${page}"]</arg>
<doc>Returns the given values which can then be assigned to a variables.</doc>
<msg timestamp="20230714 14:52:10.860" level="INFO">${element} = //button[@aria-label="page_4"]</msg>
<status status="PASS" starttime="20230714 14:52:10.860" endtime="20230714 14:52:10.860"/>
</kw>
<kw name="Wait Until Element Is Visible" library="common">
<arg>${element}</arg>
<kw name="Wait For Elements State" library="Browser">
<arg>${locator}</arg>
<arg>visible</arg>
<arg>${timeout}</arg>
<arg>${message}</arg>
<tag>PageContent</tag>
<tag>Wait</tag>
<doc>Waits for the element found by ``selector`` to satisfy state option.</doc>
<msg timestamp="20230714 14:52:10.880" level="INFO">Waited for Element with selector //button[@aria-label="page_4"] at state visible</msg>
<status status="PASS" starttime="20230714 14:52:10.864" endtime="20230714 14:52:10.880"/>
</kw>
<status status="PASS" starttime="20230714 14:52:10.861" endtime="20230714 14:52:10.881"/>
</kw>
<kw name="Get Attribute" library="Browser">
<var>${attribute}</var>
<arg>${element}</arg>
<arg>class</arg>
<tag>Assertion</tag>
<tag>Getter</tag>
<tag>PageContent</tag>
<doc>Returns the HTML ``attribute`` of the element found by ``selector``.</doc>
<msg timestamp="20230714 14:52:10.908" level="INFO">Attribute is: 'text-center duration-300 transition-all p-1 text-sm font-medium leading-normal relative text-blue-400 hover:text-blue-600'</msg>
<msg timestamp="20230714 14:52:10.908" level="INFO">${attribute} = text-center duration-300 transition-all p-1 text-sm font-medium leading-normal relative text-blue-400 hover:text-blue-600</msg>
<status status="PASS" starttime="20230714 14:52:10.881" endtime="20230714 14:52:10.908"/>
</kw>
<msg timestamp="20230714 14:52:10.909" level="INFO">${page_4_before} = text-center duration-300 transition-all p-1 text-sm font-medium leading-normal relative text-blue-400 hover:text-blue-600</msg>
<status status="PASS" starttime="20230714 14:52:10.859" endtime="20230714 14:52:10.909"/>
</kw>
<kw name="Get_Element_Attribute with &quot;page_5&quot;" library="common" sourcename="Get_Element_Attribute with &quot;${page}&quot;">
<var>${page_5_before}</var>
<kw name="Set Variable" library="BuiltIn">
<var>${element}</var>
<arg>//button[@aria-label="${page}"]</arg>
<doc>Returns the given values which can then be assigned to a variables.</doc>
<msg timestamp="20230714 14:52:10.914" level="INFO">${element} = //button[@aria-label="page_5"]</msg>
<status status="PASS" starttime="20230714 14:52:10.914" endtime="20230714 14:52:10.914"/>
</kw>
<kw name="Wait Until Element Is Visible" library="common">
<arg>${element}</arg>
<kw name="Wait For Elements State" library="Browser">
<arg>${locator}</arg>
<arg>visible</arg>
<arg>${timeout}</arg>
<arg>${message}</arg>
<tag>PageContent</tag>
<tag>Wait</tag>
<doc>Waits for the element found by ``selector`` to satisfy state option.</doc>
<msg timestamp="20230714 14:52:10.936" level="INFO">Waited for Element with selector //button[@aria-label="page_5"] at state visible</msg>
<status status="PASS" starttime="20230714 14:52:10.918" endtime="20230714 14:52:10.936"/>
</kw>
<status status="PASS" starttime="20230714 14:52:10.915" endtime="20230714 14:52:10.937"/>
</kw>
<kw name="Get Attribute" library="Browser">
<var>${attribute}</var>
<arg>${element}</arg>
<arg>class</arg>
<tag>Assertion</tag>
<tag>Getter</tag>
<tag>PageContent</tag>
<doc>Returns the HTML ``attribute`` of the element found by ``selector``.</doc>
<msg timestamp="20230714 14:52:10.966" level="INFO">Attribute is: 'text-center duration-300 transition-all p-1 text-sm font-medium leading-normal relative text-blue-400 hover:text-blue-600'</msg>
<msg timestamp="20230714 14:52:10.966" level="INFO">${attribute} = text-center duration-300 transition-all p-1 text-sm font-medium leading-normal relative text-blue-400 hover:text-blue-600</msg>
<status status="PASS" starttime="20230714 14:52:10.937" endtime="20230714 14:52:10.966"/>
</kw>
<msg timestamp="20230714 14:52:10.967" level="INFO">${page_5_before} = text-center duration-300 transition-all p-1 text-sm font-medium leading-normal relative text-blue-400 hover:text-blue-600</msg>
<status status="PASS" starttime="20230714 14:52:10.911" endtime="20230714 14:52:10.967"/>
</kw>
<kw name="Click &quot;&gt;&quot; to &quot;next&quot; page" library="common" sourcename="Click &quot;${icon}&quot; to &quot;${next}&quot; page">
<kw name="Set Variable" library="BuiltIn">
<var>${element}</var>
<arg>//button[@aria-label="${next}"]</arg>
<doc>Returns the given values which can then be assigned to a variables.</doc>
<msg timestamp="20230714 14:52:10.970" level="INFO">${element} = //button[@aria-label="next"]</msg>
<status status="PASS" starttime="20230714 14:52:10.969" endtime="20230714 14:52:10.970"/>
</kw>
<kw name="Wait Until Element Is Visible" library="common">
<arg>${element}</arg>
<kw name="Wait For Elements State" library="Browser">
<arg>${locator}</arg>
<arg>visible</arg>
<arg>${timeout}</arg>
<arg>${message}</arg>
<tag>PageContent</tag>
<tag>Wait</tag>
<doc>Waits for the element found by ``selector`` to satisfy state option.</doc>
<msg timestamp="20230714 14:52:10.988" level="INFO">Waited for Element with selector //button[@aria-label="next"] at state visible</msg>
<status status="PASS" starttime="20230714 14:52:10.973" endtime="20230714 14:52:10.988"/>
</kw>
<status status="PASS" starttime="20230714 14:52:10.970" endtime="20230714 14:52:10.989"/>
</kw>
<kw name="Click" library="Browser">
<arg>${element}</arg>
<tag>PageContent</tag>
<tag>Setter</tag>
<doc>Simulates mouse click on the element found by ``selector``.</doc>
<status status="PASS" starttime="20230714 14:52:10.989" endtime="20230714 14:52:11.323"/>
</kw>
<kw name="Sleep" library="BuiltIn">
<arg>3</arg>
<doc>Pauses the test executed for the given time.</doc>
<msg timestamp="20230714 14:52:14.324" level="INFO">Slept 3 seconds</msg>
<status status="PASS" starttime="20230714 14:52:11.324" endtime="20230714 14:52:14.324"/>
</kw>
<status status="PASS" starttime="20230714 14:52:10.968" endtime="20230714 14:52:14.324"/>
</kw>
<kw name="Get_Element_Attribute with &quot;page_1&quot;" library="common" sourcename="Get_Element_Attribute with &quot;${page}&quot;">
<var>${page_1_after}</var>
<kw name="Set Variable" library="BuiltIn">
<var>${element}</var>
<arg>//button[@aria-label="${page}"]</arg>
<doc>Returns the given values which can then be assigned to a variables.</doc>
<msg timestamp="20230714 14:52:14.327" level="INFO">${element} = //button[@aria-label="page_1"]</msg>
<status status="PASS" starttime="20230714 14:52:14.326" endtime="20230714 14:52:14.327"/>
</kw>
<kw name="Wait Until Element Is Visible" library="common">
<arg>${element}</arg>
<kw name="Wait For Elements State" library="Browser">
<arg>${locator}</arg>
<arg>visible</arg>
<arg>${timeout}</arg>
<arg>${message}</arg>
<tag>PageContent</tag>
<tag>Wait</tag>
<doc>Waits for the element found by ``selector`` to satisfy state option.</doc>
<msg timestamp="20230714 14:52:14.340" level="INFO">Waited for Element with selector //button[@aria-label="page_1"] at state visible</msg>
<status status="PASS" starttime="20230714 14:52:14.329" endtime="20230714 14:52:14.341"/>
</kw>
<status status="PASS" starttime="20230714 14:52:14.327" endtime="20230714 14:52:14.341"/>
</kw>
<kw name="Get Attribute" library="Browser">
<var>${attribute}</var>
<arg>${element}</arg>
<arg>class</arg>
<tag>Assertion</tag>
<tag>Getter</tag>
<tag>PageContent</tag>
<doc>Returns the HTML ``attribute`` of the element found by ``selector``.</doc>
<msg timestamp="20230714 14:52:14.371" level="INFO">Attribute is: 'text-center duration-300 transition-all p-1 text-sm font-medium leading-normal relative text-blue-400 hover:text-blue-600'</msg>
<msg timestamp="20230714 14:52:14.371" level="INFO">${attribute} = text-center duration-300 transition-all p-1 text-sm font-medium leading-normal relative text-blue-400 hover:text-blue-600</msg>
<status status="PASS" starttime="20230714 14:52:14.342" endtime="20230714 14:52:14.371"/>
</kw>
<msg timestamp="20230714 14:52:14.372" level="INFO">${page_1_after} = text-center duration-300 transition-all p-1 text-sm font-medium leading-normal relative text-blue-400 hover:text-blue-600</msg>
<status status="PASS" starttime="20230714 14:52:14.325" endtime="20230714 14:52:14.372"/>
</kw>
<kw name="Get_Element_Attribute with &quot;page_2&quot;" library="common" sourcename="Get_Element_Attribute with &quot;${page}&quot;">
<var>${page_2_after}</var>
<kw name="Set Variable" library="BuiltIn">
<var>${element}</var>
<arg>//button[@aria-label="${page}"]</arg>
<doc>Returns the given values which can then be assigned to a variables.</doc>
<msg timestamp="20230714 14:52:14.374" level="INFO">${element} = //button[@aria-label="page_2"]</msg>
<status status="PASS" starttime="20230714 14:52:14.374" endtime="20230714 14:52:14.375"/>
</kw>
<kw name="Wait Until Element Is Visible" library="common">
<arg>${element}</arg>
<kw name="Wait For Elements State" library="Browser">
<arg>${locator}</arg>
<arg>visible</arg>
<arg>${timeout}</arg>
<arg>${message}</arg>
<tag>PageContent</tag>
<tag>Wait</tag>
<doc>Waits for the element found by ``selector`` to satisfy state option.</doc>
<msg timestamp="20230714 14:52:14.392" level="INFO">Waited for Element with selector //button[@aria-label="page_2"] at state visible</msg>
<status status="PASS" starttime="20230714 14:52:14.378" endtime="20230714 14:52:14.392"/>
</kw>
<status status="PASS" starttime="20230714 14:52:14.375" endtime="20230714 14:52:14.392"/>
</kw>
<kw name="Get Attribute" library="Browser">
<var>${attribute}</var>
<arg>${element}</arg>
<arg>class</arg>
<tag>Assertion</tag>
<tag>Getter</tag>
<tag>PageContent</tag>
<doc>Returns the HTML ``attribute`` of the element found by ``selector``.</doc>
<msg timestamp="20230714 14:52:14.420" level="INFO">Attribute is: 'text-center duration-300 transition-all p-1 text-sm font-medium leading-normal relative bg-blue-600 rounded-full text-white hover:bg-blue-400 !px-2.5 mx-1'</msg>
<msg timestamp="20230714 14:52:14.420" level="INFO">${attribute} = text-center duration-300 transition-all p-1 text-sm font-medium leading-normal relative bg-blue-600 rounded-full text-white hover:bg-blue-400 !px-2.5 mx-1</msg>
<status status="PASS" starttime="20230714 14:52:14.393" endtime="20230714 14:52:14.420"/>
</kw>
<msg timestamp="20230714 14:52:14.420" level="INFO">${page_2_after} = text-center duration-300 transition-all p-1 text-sm font-medium leading-normal relative bg-blue-600 rounded-full text-white hover:bg-blue-400 !px-2.5 mx-1</msg>
<status status="PASS" starttime="20230714 14:52:14.373" endtime="20230714 14:52:14.420"/>
</kw>
<kw name="Should Not Be Equal" library="BuiltIn">
<arg>${page_1_before}</arg>
<arg>${page_1_after}</arg>
<doc>Fails if the given objects are equal.</doc>
<status status="PASS" starttime="20230714 14:52:14.421" endtime="20230714 14:52:14.422"/>
</kw>
<kw name="Should Not Be Equal" library="BuiltIn">
<arg>${page_2_before}</arg>
<arg>${page_2_after}</arg>
<doc>Fails if the given objects are equal.</doc>
<status status="PASS" starttime="20230714 14:52:14.422" endtime="20230714 14:52:14.423"/>
</kw>
<kw name="Click &quot;&gt;&quot; to &quot;next&quot; page" library="common" sourcename="Click &quot;${icon}&quot; to &quot;${next}&quot; page">
<kw name="Set Variable" library="BuiltIn">
<var>${element}</var>
<arg>//button[@aria-label="${next}"]</arg>
<doc>Returns the given values which can then be assigned to a variables.</doc>
<msg timestamp="20230714 14:52:14.425" level="INFO">${element} = //button[@aria-label="next"]</msg>
<status status="PASS" starttime="20230714 14:52:14.424" endtime="20230714 14:52:14.425"/>
</kw>
<kw name="Wait Until Element Is Visible" library="common">
<arg>${element}</arg>
<kw name="Wait For Elements State" library="Browser">
<arg>${locator}</arg>
<arg>visible</arg>
<arg>${timeout}</arg>
<arg>${message}</arg>
<tag>PageContent</tag>
<tag>Wait</tag>
<doc>Waits for the element found by ``selector`` to satisfy state option.</doc>
<msg timestamp="20230714 14:52:14.441" level="INFO">Waited for Element with selector //button[@aria-label="next"] at state visible</msg>
<status status="PASS" starttime="20230714 14:52:14.426" endtime="20230714 14:52:14.441"/>
</kw>
<status status="PASS" starttime="20230714 14:52:14.425" endtime="20230714 14:52:14.441"/>
</kw>
<kw name="Click" library="Browser">
<arg>${element}</arg>
<tag>PageContent</tag>
<tag>Setter</tag>
<doc>Simulates mouse click on the element found by ``selector``.</doc>
<status status="PASS" starttime="20230714 14:52:14.442" endtime="20230714 14:52:14.799"/>
</kw>
<kw name="Sleep" library="BuiltIn">
<arg>3</arg>
<doc>Pauses the test executed for the given time.</doc>
<msg timestamp="20230714 14:52:17.801" level="INFO">Slept 3 seconds</msg>
<status status="PASS" starttime="20230714 14:52:14.799" endtime="20230714 14:52:17.801"/>
</kw>
<status status="PASS" starttime="20230714 14:52:14.424" endtime="20230714 14:52:17.801"/>
</kw>
<kw name="Get_Element_Attribute with &quot;page_3&quot;" library="common" sourcename="Get_Element_Attribute with &quot;${page}&quot;">
<var>${page_3_after}</var>
<kw name="Set Variable" library="BuiltIn">
<var>${element}</var>
<arg>//button[@aria-label="${page}"]</arg>
<doc>Returns the given values which can then be assigned to a variables.</doc>
<msg timestamp="20230714 14:52:17.804" level="INFO">${element} = //button[@aria-label="page_3"]</msg>
<status status="PASS" starttime="20230714 14:52:17.803" endtime="20230714 14:52:17.804"/>
</kw>
<kw name="Wait Until Element Is Visible" library="common">
<arg>${element}</arg>
<kw name="Wait For Elements State" library="Browser">
<arg>${locator}</arg>
<arg>visible</arg>
<arg>${timeout}</arg>
<arg>${message}</arg>
<tag>PageContent</tag>
<tag>Wait</tag>
<doc>Waits for the element found by ``selector`` to satisfy state option.</doc>
<msg timestamp="20230714 14:52:17.820" level="INFO">Waited for Element with selector //button[@aria-label="page_3"] at state visible</msg>
<status status="PASS" starttime="20230714 14:52:17.806" endtime="20230714 14:52:17.820"/>
</kw>
<status status="PASS" starttime="20230714 14:52:17.804" endtime="20230714 14:52:17.821"/>
</kw>
<kw name="Get Attribute" library="Browser">
<var>${attribute}</var>
<arg>${element}</arg>
<arg>class</arg>
<tag>Assertion</tag>
<tag>Getter</tag>
<tag>PageContent</tag>
<doc>Returns the HTML ``attribute`` of the element found by ``selector``.</doc>
<msg timestamp="20230714 14:52:17.850" level="INFO">Attribute is: 'text-center duration-300 transition-all p-1 text-sm font-medium leading-normal relative bg-blue-600 rounded-full text-white hover:bg-blue-400 !px-2.5 mx-1'</msg>
<msg timestamp="20230714 14:52:17.850" level="INFO">${attribute} = text-center duration-300 transition-all p-1 text-sm font-medium leading-normal relative bg-blue-600 rounded-full text-white hover:bg-blue-400 !px-2.5 mx-1</msg>
<status status="PASS" starttime="20230714 14:52:17.821" endtime="20230714 14:52:17.850"/>
</kw>
<msg timestamp="20230714 14:52:17.851" level="INFO">${page_3_after} = text-center duration-300 transition-all p-1 text-sm font-medium leading-normal relative bg-blue-600 rounded-full text-white hover:bg-blue-400 !px-2.5 mx-1</msg>
<status status="PASS" starttime="20230714 14:52:17.802" endtime="20230714 14:52:17.851"/>
</kw>
<kw name="Should Not Be Equal" library="BuiltIn">
<arg>${page_2_before}</arg>
<arg>${page_2_after}</arg>
<doc>Fails if the given objects are equal.</doc>
<status status="PASS" starttime="20230714 14:52:17.851" endtime="20230714 14:52:17.852"/>
</kw>
<kw name="Should Not Be Equal" library="BuiltIn">
<arg>${page_3_before}</arg>
<arg>${page_3_after}</arg>
<doc>Fails if the given objects are equal.</doc>
<status status="PASS" starttime="20230714 14:52:17.852" endtime="20230714 14:52:17.853"/>
</kw>
<kw name="Click &quot;&gt;&quot; to &quot;next&quot; page" library="common" sourcename="Click &quot;${icon}&quot; to &quot;${next}&quot; page">
<kw name="Set Variable" library="BuiltIn">
<var>${element}</var>
<arg>//button[@aria-label="${next}"]</arg>
<doc>Returns the given values which can then be assigned to a variables.</doc>
<msg timestamp="20230714 14:52:17.855" level="INFO">${element} = //button[@aria-label="next"]</msg>
<status status="PASS" starttime="20230714 14:52:17.854" endtime="20230714 14:52:17.855"/>
</kw>
<kw name="Wait Until Element Is Visible" library="common">
<arg>${element}</arg>
<kw name="Wait For Elements State" library="Browser">
<arg>${locator}</arg>
<arg>visible</arg>
<arg>${timeout}</arg>
<arg>${message}</arg>
<tag>PageContent</tag>
<tag>Wait</tag>
<doc>Waits for the element found by ``selector`` to satisfy state option.</doc>
<msg timestamp="20230714 14:52:17.870" level="INFO">Waited for Element with selector //button[@aria-label="next"] at state visible</msg>
<status status="PASS" starttime="20230714 14:52:17.857" endtime="20230714 14:52:17.870"/>
</kw>
<status status="PASS" starttime="20230714 14:52:17.855" endtime="20230714 14:52:17.871"/>
</kw>
<kw name="Click" library="Browser">
<arg>${element}</arg>
<tag>PageContent</tag>
<tag>Setter</tag>
<doc>Simulates mouse click on the element found by ``selector``.</doc>
<status status="PASS" starttime="20230714 14:52:17.871" endtime="20230714 14:52:18.191"/>
</kw>
<kw name="Sleep" library="BuiltIn">
<arg>3</arg>
<doc>Pauses the test executed for the given time.</doc>
<msg timestamp="20230714 14:52:21.193" level="INFO">Slept 3 seconds</msg>
<status status="PASS" starttime="20230714 14:52:18.192" endtime="20230714 14:52:21.193"/>
</kw>
<status status="PASS" starttime="20230714 14:52:17.853" endtime="20230714 14:52:21.193"/>
</kw>
<kw name="Get_Element_Attribute with &quot;page_4&quot;" library="common" sourcename="Get_Element_Attribute with &quot;${page}&quot;">
<var>${page_4_after}</var>
<kw name="Set Variable" library="BuiltIn">
<var>${element}</var>
<arg>//button[@aria-label="${page}"]</arg>
<doc>Returns the given values which can then be assigned to a variables.</doc>
<msg timestamp="20230714 14:52:21.196" level="INFO">${element} = //button[@aria-label="page_4"]</msg>
<status status="PASS" starttime="20230714 14:52:21.195" endtime="20230714 14:52:21.196"/>
</kw>
<kw name="Wait Until Element Is Visible" library="common">
<arg>${element}</arg>
<kw name="Wait For Elements State" library="Browser">
<arg>${locator}</arg>
<arg>visible</arg>
<arg>${timeout}</arg>
<arg>${message}</arg>
<tag>PageContent</tag>
<tag>Wait</tag>
<doc>Waits for the element found by ``selector`` to satisfy state option.</doc>
<msg timestamp="20230714 14:52:21.213" level="INFO">Waited for Element with selector //button[@aria-label="page_4"] at state visible</msg>
<status status="PASS" starttime="20230714 14:52:21.198" endtime="20230714 14:52:21.213"/>
</kw>
<status status="PASS" starttime="20230714 14:52:21.196" endtime="20230714 14:52:21.213"/>
</kw>
<kw name="Get Attribute" library="Browser">
<var>${attribute}</var>
<arg>${element}</arg>
<arg>class</arg>
<tag>Assertion</tag>
<tag>Getter</tag>
<tag>PageContent</tag>
<doc>Returns the HTML ``attribute`` of the element found by ``selector``.</doc>
<msg timestamp="20230714 14:52:21.243" level="INFO">Attribute is: 'text-center duration-300 transition-all p-1 text-sm font-medium leading-normal relative bg-blue-600 rounded-full text-white hover:bg-blue-400 !px-2.5 mx-1'</msg>
<msg timestamp="20230714 14:52:21.243" level="INFO">${attribute} = text-center duration-300 transition-all p-1 text-sm font-medium leading-normal relative bg-blue-600 rounded-full text-white hover:bg-blue-400 !px-2.5 mx-1</msg>
<status status="PASS" starttime="20230714 14:52:21.214" endtime="20230714 14:52:21.243"/>
</kw>
<msg timestamp="20230714 14:52:21.244" level="INFO">${page_4_after} = text-center duration-300 transition-all p-1 text-sm font-medium leading-normal relative bg-blue-600 rounded-full text-white hover:bg-blue-400 !px-2.5 mx-1</msg>
<status status="PASS" starttime="20230714 14:52:21.194" endtime="20230714 14:52:21.244"/>
</kw>
<kw name="Should Not Be Equal" library="BuiltIn">
<arg>${page_3_before}</arg>
<arg>${page_3_after}</arg>
<doc>Fails if the given objects are equal.</doc>
<status status="PASS" starttime="20230714 14:52:21.248" endtime="20230714 14:52:21.250"/>
</kw>
<kw name="Should Not Be Equal" library="BuiltIn">
<arg>${page_4_before}</arg>
<arg>${page_4_after}</arg>
<doc>Fails if the given objects are equal.</doc>
<status status="PASS" starttime="20230714 14:52:21.251" endtime="20230714 14:52:21.251"/>
</kw>
<kw name="Click &quot;&gt;&quot; to &quot;next&quot; page" library="common" sourcename="Click &quot;${icon}&quot; to &quot;${next}&quot; page">
<kw name="Set Variable" library="BuiltIn">
<var>${element}</var>
<arg>//button[@aria-label="${next}"]</arg>
<doc>Returns the given values which can then be assigned to a variables.</doc>
<msg timestamp="20230714 14:52:21.253" level="INFO">${element} = //button[@aria-label="next"]</msg>
<status status="PASS" starttime="20230714 14:52:21.253" endtime="20230714 14:52:21.253"/>
</kw>
<kw name="Wait Until Element Is Visible" library="common">
<arg>${element}</arg>
<kw name="Wait For Elements State" library="Browser">
<arg>${locator}</arg>
<arg>visible</arg>
<arg>${timeout}</arg>
<arg>${message}</arg>
<tag>PageContent</tag>
<tag>Wait</tag>
<doc>Waits for the element found by ``selector`` to satisfy state option.</doc>
<msg timestamp="20230714 14:52:21.267" level="INFO">Waited for Element with selector //button[@aria-label="next"] at state visible</msg>
<status status="PASS" starttime="20230714 14:52:21.255" endtime="20230714 14:52:21.267"/>
</kw>
<status status="PASS" starttime="20230714 14:52:21.253" endtime="20230714 14:52:21.268"/>
</kw>
<kw name="Click" library="Browser">
<arg>${element}</arg>
<tag>PageContent</tag>
<tag>Setter</tag>
<doc>Simulates mouse click on the element found by ``selector``.</doc>
<status status="PASS" starttime="20230714 14:52:21.268" endtime="20230714 14:52:21.571"/>
</kw>
<kw name="Sleep" library="BuiltIn">
<arg>3</arg>
<doc>Pauses the test executed for the given time.</doc>
<msg timestamp="20230714 14:52:24.572" level="INFO">Slept 3 seconds</msg>
<status status="PASS" starttime="20230714 14:52:21.572" endtime="20230714 14:52:24.572"/>
</kw>
<status status="PASS" starttime="20230714 14:52:21.252" endtime="20230714 14:52:24.572"/>
</kw>
<kw name="Get_Element_Attribute with &quot;page_5&quot;" library="common" sourcename="Get_Element_Attribute with &quot;${page}&quot;">
<var>${page_5_after}</var>
<kw name="Set Variable" library="BuiltIn">
<var>${element}</var>
<arg>//button[@aria-label="${page}"]</arg>
<doc>Returns the given values which can then be assigned to a variables.</doc>
<msg timestamp="20230714 14:52:24.573" level="INFO">${element} = //button[@aria-label="page_5"]</msg>
<status status="PASS" starttime="20230714 14:52:24.573" endtime="20230714 14:52:24.573"/>
</kw>
<kw name="Wait Until Element Is Visible" library="common">
<arg>${element}</arg>
<kw name="Wait For Elements State" library="Browser">
<arg>${locator}</arg>
<arg>visible</arg>
<arg>${timeout}</arg>
<arg>${message}</arg>
<tag>PageContent</tag>
<tag>Wait</tag>
<doc>Waits for the element found by ``selector`` to satisfy state option.</doc>
<msg timestamp="20230714 14:52:24.586" level="INFO">Waited for Element with selector //button[@aria-label="page_5"] at state visible</msg>
<status status="PASS" starttime="20230714 14:52:24.575" endtime="20230714 14:52:24.586"/>
</kw>
<status status="PASS" starttime="20230714 14:52:24.573" endtime="20230714 14:52:24.587"/>
</kw>
<kw name="Get Attribute" library="Browser">
<var>${attribute}</var>
<arg>${element}</arg>
<arg>class</arg>
<tag>Assertion</tag>
<tag>Getter</tag>
<tag>PageContent</tag>
<doc>Returns the HTML ``attribute`` of the element found by ``selector``.</doc>
<msg timestamp="20230714 14:52:24.617" level="INFO">Attribute is: 'text-center duration-300 transition-all p-1 text-sm font-medium leading-normal relative bg-blue-600 rounded-full text-white hover:bg-blue-400 !px-2.5 mx-1'</msg>
<msg timestamp="20230714 14:52:24.617" level="INFO">${attribute} = text-center duration-300 transition-all p-1 text-sm font-medium leading-normal relative bg-blue-600 rounded-full text-white hover:bg-blue-400 !px-2.5 mx-1</msg>
<status status="PASS" starttime="20230714 14:52:24.588" endtime="20230714 14:52:24.617"/>
</kw>
<msg timestamp="20230714 14:52:24.618" level="INFO">${page_5_after} = text-center duration-300 transition-all p-1 text-sm font-medium leading-normal relative bg-blue-600 rounded-full text-white hover:bg-blue-400 !px-2.5 mx-1</msg>
<status status="PASS" starttime="20230714 14:52:24.572" endtime="20230714 14:52:24.618"/>
</kw>
<kw name="Should Not Be Equal" library="BuiltIn">
<arg>${page_4_before}</arg>
<arg>${page_4_after}</arg>
<doc>Fails if the given objects are equal.</doc>
<status status="PASS" starttime="20230714 14:52:24.618" endtime="20230714 14:52:24.619"/>
</kw>
<kw name="Should Not Be Equal" library="BuiltIn">
<arg>${page_5_before}</arg>
<arg>${page_5_after}</arg>
<doc>Fails if the given objects are equal.</doc>
<status status="PASS" starttime="20230714 14:52:24.620" endtime="20230714 14:52:24.620"/>
</kw>
<kw name="Tear Down" library="common" type="TEARDOWN">
<kw name="Close Browser" library="Browser">
<arg>ALL</arg>
<tag>BrowserControl</tag>
<tag>Setter</tag>
<doc>Closes the current browser.</doc>
<msg timestamp="20230714 14:52:25.744" level="INFO">Closed all browsers</msg>
<status status="PASS" starttime="20230714 14:52:24.622" endtime="20230714 14:52:25.745"/>
</kw>
<status status="PASS" starttime="20230714 14:52:24.621" endtime="20230714 14:52:25.745"/>
</kw>
<status status="PASS" starttime="20230714 14:51:55.243" endtime="20230714 14:52:25.746"/>
</test>
<test id="s1-t2" name="CRU-43 Verify that Next page" line="46">
<kw name="Setup" library="common" type="SETUP">
<kw name="Set Browser Timeout" library="Browser">
<arg>${BROWSER_TIMEOUT}</arg>
<tag>Config</tag>
<tag>Setter</tag>
<doc>Sets the timeout used by most input and getter keywords.</doc>
<status status="PASS" starttime="20230714 14:52:25.767" endtime="20230714 14:52:25.768"/>
</kw>
<kw name="New Browser" library="Browser">
<arg>${BROWSER}</arg>
<arg>headless=${HEADLESS}</arg>
<tag>BrowserControl</tag>
<tag>Setter</tag>
<doc>Create a new playwright Browser with specified options.</doc>
<msg timestamp="20230714 14:52:25.769" level="INFO">{"browser": "chromium", "headless": false, "devtools": false, "handleSIGHUP": true, "handleSIGINT": true, "handleSIGTERM": true, "slowMo": 0.0, "timeout": 30000.0, "deprecated_pos_args": [], "tracesDir": "D:\\DEMO2\\vite-react-ari\\browser\\traces\\6577f3db-926c-40ae-8850-e6071c8287ea"}</msg>
<msg timestamp="20230714 14:52:27.002" level="INFO">Successfully created browser with options: {"browser":"chromium","headless":false,"devtools":false,"handleSIGHUP":true,"handleSIGINT":true,"handleSIGTERM":true,"slowMo":0,"timeout":30000,"deprecated_pos_args":[],"tracesDir":"D:\\DEMO2\\vite-react-ari\\browser\\traces\\6577f3db-926c-40ae-8850-e6071c8287ea"}</msg>
<status status="PASS" starttime="20230714 14:52:25.768" endtime="20230714 14:52:27.003"/>
</kw>
<kw name="New Page" library="Browser">
<arg>${URL_DEFAULT}</arg>
<tag>BrowserControl</tag>
<tag>Setter</tag>
<doc>Open a new Page.</doc>
<msg timestamp="20230714 14:52:29.405" level="INFO">Successfully initialized new page object and opened url: http://localhost:5173</msg>
<msg timestamp="20230714 14:52:29.405" level="INFO">No context was open. New context was automatically opened when this page is created.</msg>
<status status="PASS" starttime="20230714 14:52:27.003" endtime="20230714 14:52:29.406"/>
</kw>
<kw name="Evaluate" library="BuiltIn">
<var>${STATE}</var>
<arg>json.loads('''{}''')</arg>
<arg>json</arg>
<doc>Evaluates the given expression in Python and returns the result.</doc>
<msg timestamp="20230714 14:52:29.407" level="INFO">${STATE} = {}</msg>
<status status="PASS" starttime="20230714 14:52:29.406" endtime="20230714 14:52:29.407"/>
</kw>
<status status="PASS" starttime="20230714 14:52:25.766" endtime="20230714 14:52:29.407"/>
</kw>
<kw name="Go to &quot;Danh sách Người dùng&quot; page" library="common">
<kw name="Login to admin" library="common">
<kw name="Enter &quot;email&quot; in &quot;Tên đăng nhập&quot; with &quot;admin@admin.com&quot;" library="common" sourcename="Enter &quot;${type}&quot; in &quot;${name}&quot; with &quot;${text}&quot;">
<kw name="Get Random Text" library="common">
<var>${text}</var>
<arg>${type}</arg>
<arg>${text}</arg>
<kw name="Set Variable" library="BuiltIn">
<var>${symbol}</var>
<arg>_RANDOM_</arg>
<doc>Returns the given values which can then be assigned to a variables.</doc>
<msg timestamp="20230714 14:52:29.413" level="INFO">${symbol} = _RANDOM_</msg>
<status status="PASS" starttime="20230714 14:52:29.413" endtime="20230714 14:52:29.414"/>
</kw>
<kw name="Set Variable" library="BuiltIn">
<var>${new_text}</var>
<doc>Returns the given values which can then be assigned to a variables.</doc>
<msg timestamp="20230714 14:52:29.415" level="INFO">${new_text} = </msg>
<status status="PASS" starttime="20230714 14:52:29.414" endtime="20230714 14:52:29.415"/>
</kw>
<kw name="Get Regexp Matches" library="String">
<var>${containsS}</var>
<arg>${text}</arg>
<arg>_@(.+)@_</arg>
<arg>1</arg>
<doc>Returns a list of all non-overlapping matches in the given string.</doc>
<msg timestamp="20230714 14:52:29.417" level="INFO">${containsS} = []</msg>
<status status="PASS" starttime="20230714 14:52:29.416" endtime="20230714 14:52:29.417"/>
</kw>
<kw name="Get Length" library="BuiltIn">
<var>${cntS}</var>
<arg>${containsS}</arg>
<doc>Returns and logs the length of the given item as an integer.</doc>
<msg timestamp="20230714 14:52:29.419" level="INFO">Length is 0</msg>
<msg timestamp="20230714 14:52:29.419" level="INFO">${cntS} = 0</msg>
<status status="PASS" starttime="20230714 14:52:29.418" endtime="20230714 14:52:29.419"/>
</kw>
<kw name="Get Regexp Matches" library="String">
<var>${contains}</var>
<arg>${text}</arg>
<arg>${symbol}</arg>
<doc>Returns a list of all non-overlapping matches in the given string.</doc>
<msg timestamp="20230714 14:52:29.421" level="INFO">${contains} = []</msg>
<status status="PASS" starttime="20230714 14:52:29.420" endtime="20230714 14:52:29.421"/>
</kw>
<kw name="Get Length" library="BuiltIn">
<var>${cnt}</var>
<arg>${contains}</arg>
<doc>Returns and logs the length of the given item as an integer.</doc>
<msg timestamp="20230714 14:52:29.422" level="INFO">Length is 0</msg>
<msg timestamp="20230714 14:52:29.422" level="INFO">${cnt} = 0</msg>
<status status="PASS" starttime="20230714 14:52:29.421" endtime="20230714 14:52:29.422"/>
</kw>
<if>
<branch type="IF" condition="${cntS} &gt; 0">
<kw name="Set Variable" library="BuiltIn">
<var>${new_text}</var>
<arg>${STATE["${containsS[0]}"]}</arg>
<doc>Returns the given values which can then be assigned to a variables.</doc>
<status status="NOT RUN" starttime="20230714 14:52:29.424" endtime="20230714 14:52:29.424"/>
</kw>
<kw name="Set Variable" library="BuiltIn">
<var>${symbol}</var>
<arg>_@${containsS[0]}@_</arg>
<doc>Returns the given values which can then be assigned to a variables.</doc>
<status status="NOT RUN" starttime="20230714 14:52:29.425" endtime="20230714 14:52:29.425"/>
</kw>
<status status="NOT RUN" starttime="20230714 14:52:29.423" endtime="20230714 14:52:29.425"/>
</branch>
<branch type="ELSE IF" condition="${cnt} &gt; 0 and '${type}' == 'test name'">
<kw name="Sentence" library="FakerLibrary">
<var>${random}</var>
<arg>nb_words=3</arg>
<doc>Generate a sentence.</doc>
<status status="NOT RUN" starttime="20230714 14:52:29.426" endtime="20230714 14:52:29.426"/>
</kw>
<kw name="Split String" library="String">
<var>${words}</var>
<arg>${TEST NAME}</arg>
<arg>${SPACE}</arg>
<doc>Splits the ``string`` using ``separator`` as a delimiter string.</doc>
<status status="NOT RUN" starttime="20230714 14:52:29.427" endtime="20230714 14:52:29.427"/>
</kw>
<kw name="Set Variable" library="BuiltIn">
<var>${new_text}</var>
<arg>${words[0]} ${random}</arg>
<doc>Returns the given values which can then be assigned to a variables.</doc>
<status status="NOT RUN" starttime="20230714 14:52:29.428" endtime="20230714 14:52:29.429"/>
</kw>
<status status="NOT RUN" starttime="20230714 14:52:29.425" endtime="20230714 14:52:29.429"/>
</branch>
<branch type="ELSE IF" condition="${cnt} &gt; 0 and '${type}' == 'number'">
<kw name="Random Int" library="FakerLibrary">
<var>${new_text}</var>
<doc>Generate a random integer between two integers ``min`` and ``max`` inclusive
while observing the provided ``step`` value.</doc>
<status status="NOT RUN" starttime="20230714 14:52:29.430" endtime="20230714 14:52:29.431"/>
</kw>
<kw name="Convert To String" library="BuiltIn">
<var>${new_text}</var>
<arg>${new_text}</arg>
<doc>Converts the given item to a Unicode string.</doc>
<status status="NOT RUN" starttime="20230714 14:52:29.431" endtime="20230714 14:52:29.432"/>
</kw>
<status status="NOT RUN" starttime="20230714 14:52:29.429" endtime="20230714 14:52:29.432"/>
</branch>
<branch type="ELSE IF" condition="${cnt} &gt; 0 and '${type}' == 'percentage'">
<kw name="Random Int" library="FakerLibrary">
<var>${new_text}</var>
<arg>max=100</arg>
<doc>Generate a random integer between two integers ``min`` and ``max`` inclusive
while observing the provided ``step`` value.</doc>
<status status="NOT RUN" starttime="20230714 14:52:29.433" endtime="20230714 14:52:29.434"/>
</kw>
<kw name="Convert To String" library="BuiltIn">
<var>${new_text}</var>
<arg>${new_text}</arg>
<doc>Converts the given item to a Unicode string.</doc>
<status status="NOT RUN" starttime="20230714 14:52:29.434" endtime="20230714 14:52:29.434"/>
</kw>
<status status="NOT RUN" starttime="20230714 14:52:29.432" endtime="20230714 14:52:29.435"/>
</branch>
<branch type="ELSE IF" condition="${cnt} &gt; 0 and '${type}' == 'paragraph'">
<kw name="Paragraph" library="FakerLibrary">
<var>${new_text}</var>
<doc>Generate a paragraph.</doc>
<status status="NOT RUN" starttime="20230714 14:52:29.436" endtime="20230714 14:52:29.436"/>
</kw>
<status status="NOT RUN" starttime="20230714 14:52:29.435" endtime="20230714 14:52:29.436"/>
</branch>
<branch type="ELSE IF" condition="${cnt} &gt; 0 and '${type}' == 'email'">
<kw name="Email" library="FakerLibrary">
<var>${new_text}</var>
<status status="NOT RUN" starttime="20230714 14:52:29.437" endtime="20230714 14:52:29.438"/>
</kw>
<status status="NOT RUN" starttime="20230714 14:52:29.436" endtime="20230714 14:52:29.438"/>
</branch>
<branch type="ELSE IF" condition="${cnt} &gt; 0 and '${type}' == 'phone'">
<kw name="Random Int" library="FakerLibrary">
<var>${new_text}</var>
<arg>min=55555555</arg>
<arg>max=999999999999</arg>
<doc>Generate a random integer between two integers ``min`` and ``max`` inclusive
while observing the provided ``step`` value.</doc>
<status status="NOT RUN" starttime="20230714 14:52:29.439" endtime="20230714 14:52:29.440"/>
</kw>
<kw name="Convert To String" library="BuiltIn">
<var>${new_text}</var>
<arg>${new_text}</arg>
<doc>Converts the given item to a Unicode string.</doc>
<status status="NOT RUN" starttime="20230714 14:52:29.441" endtime="20230714 14:52:29.441"/>
</kw>
<status status="NOT RUN" starttime="20230714 14:52:29.438" endtime="20230714 14:52:29.442"/>
</branch>
<branch type="ELSE IF" condition="${cnt} &gt; 0 and '${type}' == 'color'">
<kw name="Safe Hex Color" library="FakerLibrary">
<var>${new_text}</var>
<doc>Generate a web-safe color formatted as a hex triplet.</doc>
<status status="NOT RUN" starttime="20230714 14:52:29.443" endtime="20230714 14:52:29.443"/>
</kw>
<status status="NOT RUN" starttime="20230714 14:52:29.442" endtime="20230714 14:52:29.444"/>
</branch>
<branch type="ELSE IF" condition="${cnt} &gt; 0 and '${type}' == 'date'">
<kw name="Date" library="FakerLibrary">
<var>${new_text}</var>
<arg>pattern=%d-%m-%Y</arg>
<doc>Get a date string between January 1, 1970 and now.</doc>
<status status="NOT RUN" starttime="20230714 14:52:29.445" endtime="20230714 14:52:29.446"/>
</kw>
<status status="NOT RUN" starttime="20230714 14:52:29.444" endtime="20230714 14:52:29.447"/>
</branch>
<branch type="ELSE IF" condition="${cnt} &gt; 0 and '${type}' == 'word'">
<kw name="Sentence" library="FakerLibrary">
<var>${new_text}</var>
<arg>nb_words=2</arg>
<doc>Generate a sentence.</doc>
<status status="NOT RUN" starttime="20230714 14:52:29.448" endtime="20230714 14:52:29.448"/>
</kw>
<status status="NOT RUN" starttime="20230714 14:52:29.447" endtime="20230714 14:52:29.449"/>
</branch>
<branch type="ELSE IF" condition="${cnt} &gt; 0">
<kw name="Sentence" library="FakerLibrary">
<var>${new_text}</var>
<doc>Generate a sentence.</doc>
<status status="NOT RUN" starttime="20230714 14:52:29.450" endtime="20230714 14:52:29.450"/>
</kw>
[...]
<var>${element}</var>
<arg>//button[@aria-label="${page}"]</arg>
<doc>Returns the given values which can then be assigned to a variables.</doc>
<msg timestamp="20230714 14:52:47.493" level="INFO">${element} = //button[@aria-label="page_5"]</msg>
<status status="PASS" starttime="20230714 14:52:47.492" endtime="20230714 14:52:47.493"/>
</kw>
<kw name="Wait Until Element Is Visible" library="common">
<arg>${element}</arg>
<kw name="Wait For Elements State" library="Browser">
<arg>${locator}</arg>
<arg>visible</arg>
<arg>${timeout}</arg>
<arg>${message}</arg>
<tag>PageContent</tag>
<tag>Wait</tag>
<doc>Waits for the element found by ``selector`` to satisfy state option.</doc>
<msg timestamp="20230714 14:52:47.509" level="INFO">Waited for Element with selector //button[@aria-label="page_5"] at state visible</msg>
<status status="PASS" starttime="20230714 14:52:47.497" endtime="20230714 14:52:47.510"/>
</kw>
<status status="PASS" starttime="20230714 14:52:47.494" endtime="20230714 14:52:47.510"/>
</kw>
<kw name="Get Attribute" library="Browser">
<var>${attribute}</var>
<arg>${element}</arg>
<arg>class</arg>
<tag>Assertion</tag>
<tag>Getter</tag>
<tag>PageContent</tag>
<doc>Returns the HTML ``attribute`` of the element found by ``selector``.</doc>
<msg timestamp="20230714 14:52:47.540" level="INFO">Attribute is: 'text-center duration-300 transition-all p-1 text-sm font-medium leading-normal relative text-blue-400 hover:text-blue-600'</msg>
<msg timestamp="20230714 14:52:47.541" level="INFO">${attribute} = text-center duration-300 transition-all p-1 text-sm font-medium leading-normal relative text-blue-400 hover:text-blue-600</msg>
<status status="PASS" starttime="20230714 14:52:47.511" endtime="20230714 14:52:47.541"/>
</kw>
<msg timestamp="20230714 14:52:47.541" level="INFO">${page_5_after} = text-center duration-300 transition-all p-1 text-sm font-medium leading-normal relative text-blue-400 hover:text-blue-600</msg>
<status status="PASS" starttime="20230714 14:52:47.491" endtime="20230714 14:52:47.541"/>
</kw>
<kw name="Get_Element_Attribute with &quot;page_4&quot;" library="common" sourcename="Get_Element_Attribute with &quot;${page}&quot;">
<var>${page_4_after}</var>
<kw name="Set Variable" library="BuiltIn">
<var>${element}</var>
<arg>//button[@aria-label="${page}"]</arg>
<doc>Returns the given values which can then be assigned to a variables.</doc>
<msg timestamp="20230714 14:52:47.544" level="INFO">${element} = //button[@aria-label="page_4"]</msg>
<status status="PASS" starttime="20230714 14:52:47.543" endtime="20230714 14:52:47.544"/>
</kw>
<kw name="Wait Until Element Is Visible" library="common">
<arg>${element}</arg>
<kw name="Wait For Elements State" library="Browser">
<arg>${locator}</arg>
<arg>visible</arg>
<arg>${timeout}</arg>
<arg>${message}</arg>
<tag>PageContent</tag>
<tag>Wait</tag>
<doc>Waits for the element found by ``selector`` to satisfy state option.</doc>
<msg timestamp="20230714 14:52:47.561" level="INFO">Waited for Element with selector //button[@aria-label="page_4"] at state visible</msg>
<status status="PASS" starttime="20230714 14:52:47.546" endtime="20230714 14:52:47.562"/>
</kw>
<status status="PASS" starttime="20230714 14:52:47.544" endtime="20230714 14:52:47.562"/>
</kw>
<kw name="Get Attribute" library="Browser">
<var>${attribute}</var>
<arg>${element}</arg>
<arg>class</arg>
<tag>Assertion</tag>
<tag>Getter</tag>
<tag>PageContent</tag>
<doc>Returns the HTML ``attribute`` of the element found by ``selector``.</doc>
<msg timestamp="20230714 14:52:47.590" level="INFO">Attribute is: 'text-center duration-300 transition-all p-1 text-sm font-medium leading-normal relative bg-blue-600 rounded-full text-white hover:bg-blue-400 !px-2.5 mx-1'</msg>
<msg timestamp="20230714 14:52:47.590" level="INFO">${attribute} = text-center duration-300 transition-all p-1 text-sm font-medium leading-normal relative bg-blue-600 rounded-full text-white hover:bg-blue-400 !px-2.5 mx-1</msg>
<status status="PASS" starttime="20230714 14:52:47.563" endtime="20230714 14:52:47.590"/>
</kw>
<msg timestamp="20230714 14:52:47.591" level="INFO">${page_4_after} = text-center duration-300 transition-all p-1 text-sm font-medium leading-normal relative bg-blue-600 rounded-full text-white hover:bg-blue-400 !px-2.5 mx-1</msg>
<status status="PASS" starttime="20230714 14:52:47.542" endtime="20230714 14:52:47.591"/>
</kw>
<kw name="Should Not Be Equal" library="BuiltIn">
<arg>${page_5_before}</arg>
<arg>${page_5_after}</arg>
<doc>Fails if the given objects are equal.</doc>
<status status="PASS" starttime="20230714 14:52:47.592" endtime="20230714 14:52:47.593"/>
</kw>
<kw name="Should Not Be Equal" library="BuiltIn">
<arg>${page_4_before}</arg>
<arg>${page_4_after}</arg>
<doc>Fails if the given objects are equal.</doc>
<status status="PASS" starttime="20230714 14:52:47.593" endtime="20230714 14:52:47.595"/>
</kw>
<kw name="Click &quot;&lt;&quot; to &quot;prev&quot; page" library="common" sourcename="Click &quot;${icon}&quot; to &quot;${next}&quot; page">
<kw name="Set Variable" library="BuiltIn">
<var>${element}</var>
<arg>//button[@aria-label="${next}"]</arg>
<doc>Returns the given values which can then be assigned to a variables.</doc>
<msg timestamp="20230714 14:52:47.597" level="INFO">${element} = //button[@aria-label="prev"]</msg>
<status status="PASS" starttime="20230714 14:52:47.597" endtime="20230714 14:52:47.597"/>
</kw>
<kw name="Wait Until Element Is Visible" library="common">
<arg>${element}</arg>
<kw name="Wait For Elements State" library="Browser">
<arg>${locator}</arg>
<arg>visible</arg>
<arg>${timeout}</arg>
<arg>${message}</arg>
<tag>PageContent</tag>
<tag>Wait</tag>
<doc>Waits for the element found by ``selector`` to satisfy state option.</doc>
<msg timestamp="20230714 14:52:47.615" level="INFO">Waited for Element with selector //button[@aria-label="prev"] at state visible</msg>
<status status="PASS" starttime="20230714 14:52:47.600" endtime="20230714 14:52:47.615"/>
</kw>
<status status="PASS" starttime="20230714 14:52:47.598" endtime="20230714 14:52:47.615"/>
</kw>
<kw name="Click" library="Browser">
<arg>${element}</arg>
<tag>PageContent</tag>
<tag>Setter</tag>
<doc>Simulates mouse click on the element found by ``selector``.</doc>
<status status="PASS" starttime="20230714 14:52:47.616" endtime="20230714 14:52:47.953"/>
</kw>
<kw name="Sleep" library="BuiltIn">
<arg>3</arg>
<doc>Pauses the test executed for the given time.</doc>
<msg timestamp="20230714 14:52:50.955" level="INFO">Slept 3 seconds</msg>
<status status="PASS" starttime="20230714 14:52:47.954" endtime="20230714 14:52:50.955"/>
</kw>
<status status="PASS" starttime="20230714 14:52:47.595" endtime="20230714 14:52:50.956"/>
</kw>
<kw name="Get_Element_Attribute with &quot;page_3&quot;" library="common" sourcename="Get_Element_Attribute with &quot;${page}&quot;">
<var>${page_3_after}</var>
<kw name="Set Variable" library="BuiltIn">
<var>${element}</var>
<arg>//button[@aria-label="${page}"]</arg>
<doc>Returns the given values which can then be assigned to a variables.</doc>
<msg timestamp="20230714 14:52:50.958" level="INFO">${element} = //button[@aria-label="page_3"]</msg>
<status status="PASS" starttime="20230714 14:52:50.957" endtime="20230714 14:52:50.958"/>
</kw>
<kw name="Wait Until Element Is Visible" library="common">
<arg>${element}</arg>
<kw name="Wait For Elements State" library="Browser">
<arg>${locator}</arg>
<arg>visible</arg>
<arg>${timeout}</arg>
<arg>${message}</arg>
<tag>PageContent</tag>
<tag>Wait</tag>
<doc>Waits for the element found by ``selector`` to satisfy state option.</doc>
<msg timestamp="20230714 14:52:50.973" level="INFO">Waited for Element with selector //button[@aria-label="page_3"] at state visible</msg>
<status status="PASS" starttime="20230714 14:52:50.960" endtime="20230714 14:52:50.973"/>
</kw>
<status status="PASS" starttime="20230714 14:52:50.958" endtime="20230714 14:52:50.974"/>
</kw>
<kw name="Get Attribute" library="Browser">
<var>${attribute}</var>
<arg>${element}</arg>
<arg>class</arg>
<tag>Assertion</tag>
<tag>Getter</tag>
<tag>PageContent</tag>
<doc>Returns the HTML ``attribute`` of the element found by ``selector``.</doc>
<msg timestamp="20230714 14:52:51.005" level="INFO">Attribute is: 'text-center duration-300 transition-all p-1 text-sm font-medium leading-normal relative bg-blue-600 rounded-full text-white hover:bg-blue-400 !px-2.5 mx-1'</msg>
<msg timestamp="20230714 14:52:51.005" level="INFO">${attribute} = text-center duration-300 transition-all p-1 text-sm font-medium leading-normal relative bg-blue-600 rounded-full text-white hover:bg-blue-400 !px-2.5 mx-1</msg>
<status status="PASS" starttime="20230714 14:52:50.974" endtime="20230714 14:52:51.005"/>
</kw>
<msg timestamp="20230714 14:52:51.006" level="INFO">${page_3_after} = text-center duration-300 transition-all p-1 text-sm font-medium leading-normal relative bg-blue-600 rounded-full text-white hover:bg-blue-400 !px-2.5 mx-1</msg>
<status status="PASS" starttime="20230714 14:52:50.957" endtime="20230714 14:52:51.006"/>
</kw>
<kw name="Should Not Be Equal" library="BuiltIn">
<arg>${page_4_before}</arg>
<arg>${page_4_after}</arg>
<doc>Fails if the given objects are equal.</doc>
<status status="PASS" starttime="20230714 14:52:51.007" endtime="20230714 14:52:51.007"/>
</kw>
<kw name="Should Not Be Equal" library="BuiltIn">
<arg>${page_3_before}</arg>
<arg>${page_3_after}</arg>
<doc>Fails if the given objects are equal.</doc>
<status status="PASS" starttime="20230714 14:52:51.008" endtime="20230714 14:52:51.009"/>
</kw>
<kw name="Click &quot;&lt;&quot; to &quot;prev&quot; page" library="common" sourcename="Click &quot;${icon}&quot; to &quot;${next}&quot; page">
<kw name="Set Variable" library="BuiltIn">
<var>${element}</var>
<arg>//button[@aria-label="${next}"]</arg>
<doc>Returns the given values which can then be assigned to a variables.</doc>
<msg timestamp="20230714 14:52:51.012" level="INFO">${element} = //button[@aria-label="prev"]</msg>
<status status="PASS" starttime="20230714 14:52:51.011" endtime="20230714 14:52:51.012"/>
</kw>
<kw name="Wait Until Element Is Visible" library="common">
<arg>${element}</arg>
<kw name="Wait For Elements State" library="Browser">
<arg>${locator}</arg>
<arg>visible</arg>
<arg>${timeout}</arg>
<arg>${message}</arg>
<tag>PageContent</tag>
<tag>Wait</tag>
<doc>Waits for the element found by ``selector`` to satisfy state option.</doc>
<msg timestamp="20230714 14:52:51.030" level="INFO">Waited for Element with selector //button[@aria-label="prev"] at state visible</msg>
<status status="PASS" starttime="20230714 14:52:51.015" endtime="20230714 14:52:51.031"/>
</kw>
<status status="PASS" starttime="20230714 14:52:51.013" endtime="20230714 14:52:51.032"/>
</kw>
<kw name="Click" library="Browser">
<arg>${element}</arg>
<tag>PageContent</tag>
<tag>Setter</tag>
<doc>Simulates mouse click on the element found by ``selector``.</doc>
<status status="PASS" starttime="20230714 14:52:51.033" endtime="20230714 14:52:51.341"/>
</kw>
<kw name="Sleep" library="BuiltIn">
<arg>3</arg>
<doc>Pauses the test executed for the given time.</doc>
<msg timestamp="20230714 14:52:54.344" level="INFO">Slept 3 seconds</msg>
<status status="PASS" starttime="20230714 14:52:51.342" endtime="20230714 14:52:54.344"/>
</kw>
<status status="PASS" starttime="20230714 14:52:51.010" endtime="20230714 14:52:54.344"/>
</kw>
<kw name="Get_Element_Attribute with &quot;page_2&quot;" library="common" sourcename="Get_Element_Attribute with &quot;${page}&quot;">
<var>${page_2_after}</var>
<kw name="Set Variable" library="BuiltIn">
<var>${element}</var>
<arg>//button[@aria-label="${page}"]</arg>
<doc>Returns the given values which can then be assigned to a variables.</doc>
<msg timestamp="20230714 14:52:54.346" level="INFO">${element} = //button[@aria-label="page_2"]</msg>
<status status="PASS" starttime="20230714 14:52:54.346" endtime="20230714 14:52:54.346"/>
</kw>
<kw name="Wait Until Element Is Visible" library="common">
<arg>${element}</arg>
<kw name="Wait For Elements State" library="Browser">
<arg>${locator}</arg>
<arg>visible</arg>
<arg>${timeout}</arg>
<arg>${message}</arg>
<tag>PageContent</tag>
<tag>Wait</tag>
<doc>Waits for the element found by ``selector`` to satisfy state option.</doc>
<msg timestamp="20230714 14:52:54.357" level="INFO">Waited for Element with selector //button[@aria-label="page_2"] at state visible</msg>
<status status="PASS" starttime="20230714 14:52:54.347" endtime="20230714 14:52:54.358"/>
</kw>
<status status="PASS" starttime="20230714 14:52:54.346" endtime="20230714 14:52:54.358"/>
</kw>
<kw name="Get Attribute" library="Browser">
<var>${attribute}</var>
<arg>${element}</arg>
<arg>class</arg>
<tag>Assertion</tag>
<tag>Getter</tag>
<tag>PageContent</tag>
<doc>Returns the HTML ``attribute`` of the element found by ``selector``.</doc>
<msg timestamp="20230714 14:52:54.383" level="INFO">Attribute is: 'text-center duration-300 transition-all p-1 text-sm font-medium leading-normal relative bg-blue-600 rounded-full text-white hover:bg-blue-400 !px-2.5 mx-1'</msg>
<msg timestamp="20230714 14:52:54.384" level="INFO">${attribute} = text-center duration-300 transition-all p-1 text-sm font-medium leading-normal relative bg-blue-600 rounded-full text-white hover:bg-blue-400 !px-2.5 mx-1</msg>
<status status="PASS" starttime="20230714 14:52:54.359" endtime="20230714 14:52:54.384"/>
</kw>
<msg timestamp="20230714 14:52:54.385" level="INFO">${page_2_after} = text-center duration-300 transition-all p-1 text-sm font-medium leading-normal relative bg-blue-600 rounded-full text-white hover:bg-blue-400 !px-2.5 mx-1</msg>
<status status="PASS" starttime="20230714 14:52:54.345" endtime="20230714 14:52:54.385"/>
</kw>
<kw name="Should Not Be Equal" library="BuiltIn">
<arg>${page_3_before}</arg>
<arg>${page_3_after}</arg>
<doc>Fails if the given objects are equal.</doc>
<status status="PASS" starttime="20230714 14:52:54.388" endtime="20230714 14:52:54.389"/>
</kw>
<kw name="Should Not Be Equal" library="BuiltIn">
<arg>${page_2_before}</arg>
<arg>${page_2_after}</arg>
<doc>Fails if the given objects are equal.</doc>
<status status="PASS" starttime="20230714 14:52:54.391" endtime="20230714 14:52:54.391"/>
</kw>
<kw name="Click &quot;&lt;&quot; to &quot;prev&quot; page" library="common" sourcename="Click &quot;${icon}&quot; to &quot;${next}&quot; page">
<kw name="Set Variable" library="BuiltIn">
<var>${element}</var>
<arg>//button[@aria-label="${next}"]</arg>
<doc>Returns the given values which can then be assigned to a variables.</doc>
<msg timestamp="20230714 14:52:54.394" level="INFO">${element} = //button[@aria-label="prev"]</msg>
<status status="PASS" starttime="20230714 14:52:54.392" endtime="20230714 14:52:54.394"/>
</kw>
<kw name="Wait Until Element Is Visible" library="common">
<arg>${element}</arg>
<kw name="Wait For Elements State" library="Browser">
<arg>${locator}</arg>
<arg>visible</arg>
<arg>${timeout}</arg>
<arg>${message}</arg>
<tag>PageContent</tag>
<tag>Wait</tag>
<doc>Waits for the element found by ``selector`` to satisfy state option.</doc>
<msg timestamp="20230714 14:52:54.411" level="INFO">Waited for Element with selector //button[@aria-label="prev"] at state visible</msg>
<status status="PASS" starttime="20230714 14:52:54.397" endtime="20230714 14:52:54.411"/>
</kw>
<status status="PASS" starttime="20230714 14:52:54.394" endtime="20230714 14:52:54.412"/>
</kw>
<kw name="Click" library="Browser">
<arg>${element}</arg>
<tag>PageContent</tag>
<tag>Setter</tag>
<doc>Simulates mouse click on the element found by ``selector``.</doc>
<status status="PASS" starttime="20230714 14:52:54.413" endtime="20230714 14:52:54.723"/>
</kw>
<kw name="Sleep" library="BuiltIn">
<arg>3</arg>
<doc>Pauses the test executed for the given time.</doc>
<msg timestamp="20230714 14:52:57.724" level="INFO">Slept 3 seconds</msg>
<status status="PASS" starttime="20230714 14:52:54.723" endtime="20230714 14:52:57.724"/>
</kw>
<status status="PASS" starttime="20230714 14:52:54.392" endtime="20230714 14:52:57.724"/>
</kw>
<kw name="Get_Element_Attribute with &quot;page_1&quot;" library="common" sourcename="Get_Element_Attribute with &quot;${page}&quot;">
<var>${page_1_after}</var>
<kw name="Set Variable" library="BuiltIn">
<var>${element}</var>
<arg>//button[@aria-label="${page}"]</arg>
<doc>Returns the given values which can then be assigned to a variables.</doc>
<msg timestamp="20230714 14:52:57.725" level="INFO">${element} = //button[@aria-label="page_1"]</msg>
<status status="PASS" starttime="20230714 14:52:57.725" endtime="20230714 14:52:57.725"/>
</kw>
<kw name="Wait Until Element Is Visible" library="common">
<arg>${element}</arg>
<kw name="Wait For Elements State" library="Browser">
<arg>${locator}</arg>
<arg>visible</arg>
<arg>${timeout}</arg>
<arg>${message}</arg>
<tag>PageContent</tag>
<tag>Wait</tag>
<doc>Waits for the element found by ``selector`` to satisfy state option.</doc>
<msg timestamp="20230714 14:52:57.739" level="INFO">Waited for Element with selector //button[@aria-label="page_1"] at state visible</msg>
<status status="PASS" starttime="20230714 14:52:57.728" endtime="20230714 14:52:57.740"/>
</kw>
<status status="PASS" starttime="20230714 14:52:57.726" endtime="20230714 14:52:57.740"/>
</kw>
<kw name="Get Attribute" library="Browser">
<var>${attribute}</var>
<arg>${element}</arg>
<arg>class</arg>
<tag>Assertion</tag>
<tag>Getter</tag>
<tag>PageContent</tag>
<doc>Returns the HTML ``attribute`` of the element found by ``selector``.</doc>
<msg timestamp="20230714 14:52:57.764" level="INFO">Attribute is: 'text-center duration-300 transition-all p-1 text-sm font-medium leading-normal relative bg-blue-600 rounded-full text-white hover:bg-blue-400 !px-2.5 mx-1'</msg>
<msg timestamp="20230714 14:52:57.765" level="INFO">${attribute} = text-center duration-300 transition-all p-1 text-sm font-medium leading-normal relative bg-blue-600 rounded-full text-white hover:bg-blue-400 !px-2.5 mx-1</msg>
<status status="PASS" starttime="20230714 14:52:57.740" endtime="20230714 14:52:57.765"/>
</kw>
<msg timestamp="20230714 14:52:57.766" level="INFO">${page_1_after} = text-center duration-300 transition-all p-1 text-sm font-medium leading-normal relative bg-blue-600 rounded-full text-white hover:bg-blue-400 !px-2.5 mx-1</msg>
<status status="PASS" starttime="20230714 14:52:57.724" endtime="20230714 14:52:57.766"/>
</kw>
<kw name="Should Not Be Equal" library="BuiltIn">
<arg>${page_2_before}</arg>
<arg>${page_2_after}</arg>
<doc>Fails if the given objects are equal.</doc>
<status status="PASS" starttime="20230714 14:52:57.767" endtime="20230714 14:52:57.768"/>
</kw>
<kw name="Should Not Be Equal" library="BuiltIn">
<arg>${page_1_before}</arg>
<arg>${page_1_after}</arg>
<doc>Fails if the given objects are equal.</doc>
<status status="PASS" starttime="20230714 14:52:57.769" endtime="20230714 14:52:57.769"/>
</kw>
<kw name="Tear Down" library="common" type="TEARDOWN">
<kw name="Close Browser" library="Browser">
<arg>ALL</arg>
<tag>BrowserControl</tag>
<tag>Setter</tag>
<doc>Closes the current browser.</doc>
<msg timestamp="20230714 14:52:58.914" level="INFO">Closed all browsers</msg>
<status status="PASS" starttime="20230714 14:52:57.771" endtime="20230714 14:52:58.914"/>
</kw>
<status status="PASS" starttime="20230714 14:52:57.770" endtime="20230714 14:52:58.914"/>
</kw>
<status status="PASS" starttime="20230714 14:52:25.759" endtime="20230714 14:52:58.915"/>
</test>
<status status="PASS" starttime="20230714 14:51:52.224" endtime="20230714 14:52:58.931"/>
</suite>
<statistics>
<total>
<stat pass="2" fail="0" skip="0">All Tests</stat>
</total>
<tag>
</tag>
<suite>
<stat pass="2" fail="0" skip="0" id="s1" name="Create user">Create user</stat>
</suite>
</statistics>
<errors>
<msg timestamp="20230714 14:52:25.758" level="WARN">Multiple tests with name 'CRU-43 Verify that Next page' executed in suite 'Create user'.</msg>
</errors>
</robot>
