<?xml version="1.0" encoding="UTF-8"?>
<robot generator="Robot 6.1.1 (Python 3.11.4 on win32)" generated="20230809 16:58:44.954" rpa="false" schemaversion="4">
<suite id="s1" name="Test" source="D:\BALANCE\vite-react-balance\test\testcases\test.robot">
<test id="s1-t1" name="Kiểm tra đăng nhập hợp lệ" line="5">
<kw name="Open Browser" library="SeleniumLibrary">
<arg>http://localhost:5173/</arg>
<arg>firefox</arg>
<doc>Opens a new browser instance to the given ``url``.</doc>
<msg timestamp="20230809 16:58:45.346" level="INFO">Opening browser 'firefox' to base url 'http://localhost:5173/'.</msg>
<kw name="Capture Page Screenshot" library="SeleniumLibrary">
<doc>Takes screenshot of the current page and embeds it into log file.</doc>
<msg timestamp="20230809 16:58:45.396" level="INFO">Cannot capture screenshot because no browser is open.</msg>
<status status="PASS" starttime="20230809 16:58:45.396" endtime="20230809 16:58:45.397"/>
</kw>
<msg timestamp="20230809 16:58:45.397" level="FAIL">WebDriverException: Message: 'geckodriver' executable needs to be in PATH. 
</msg>
<status status="FAIL" starttime="20230809 16:58:45.346" endtime="20230809 16:58:45.409"/>
</kw>
<kw name="Maximize Browser Window" library="SeleniumLibrary">
<doc>Maximizes current browser window.</doc>
<status status="NOT RUN" starttime="20230809 16:58:45.410" endtime="20230809 16:58:45.410"/>
</kw>
<kw name="Input Text" library="SeleniumLibrary">
<arg>//input[@id='username']</arg>
<arg>admin_balan@getnada.com</arg>
<doc>Types the given ``text`` into text field identified by ``locator``.</doc>
<status status="NOT RUN" starttime="20230809 16:58:45.411" endtime="20230809 16:58:45.411"/>
</kw>
<kw name="Input Password" library="SeleniumLibrary">
<arg>//input[@id='password']</arg>
<arg>Ari123456#</arg>
<doc>Types the given password into text field identified by ``locator``.</doc>
<status status="NOT RUN" starttime="20230809 16:58:45.411" endtime="20230809 16:58:45.412"/>
</kw>
<kw name="Click Button" library="SeleniumLibrary">
<arg>//button[@id='idSubmit']</arg>
<doc>Clicks button identified by ``locator``.</doc>
<status status="NOT RUN" starttime="20230809 16:58:45.412" endtime="20230809 16:58:45.412"/>
</kw>
<kw name="Element Text Should Be" library="SeleniumLibrary">
<arg>id=swal2-html-container</arg>
<arg>Đăng nhập thành công</arg>
<doc>Verifies that element ``locator`` contains exact text ``expected``.</doc>
<status status="NOT RUN" starttime="20230809 16:58:45.413" endtime="20230809 16:58:45.413"/>
</kw>
<doc>Kiểm tra việc đăng nhập với thông tin hợp lệ</doc>
<tag>UI</tag>
<status status="FAIL" starttime="20230809 16:58:45.346" endtime="20230809 16:58:45.414">WebDriverException: Message: 'geckodriver' executable needs to be in PATH. 
</status>
</test>
<status status="FAIL" starttime="20230809 16:58:44.970" endtime="20230809 16:58:45.416"/>
</suite>
<statistics>
<total>
<stat pass="0" fail="1" skip="0">All Tests</stat>
</total>
<tag>
<stat pass="0" fail="1" skip="0">UI</stat>
</tag>
<suite>
<stat pass="0" fail="1" skip="0" id="s1" name="Test">Test</stat>
</suite>
</statistics>
<errors>
</errors>
</robot>
