<?xml version="1.0" encoding="UTF-8"?>
<robot generator="Robot 6.1.1 (Python 3.11.4 on win32)" generated="20230812 12:02:45.232" rpa="false" schemaversion="4">
<suite id="s1" name="Admin Edit User" source="D:\BALANCE\vite-react-balance\test\testcases\Admin_Edit_User.robot">
<test id="s1-t1" name="EDU_15: Kiểm tra có thể điều hướng đến trang danh sách người dùng từ trang chỉnh sửa người dùng" line="120">
<kw name="Setup" library="common" type="SETUP">
<kw name="Set Browser Timeout" library="Browser">
<arg>${BROWSER_TIMEOUT}</arg>
<tag>Config</tag>
<tag>Setter</tag>
<doc>Sets the timeout used by most input and getter keywords.</doc>
<status status="PASS" starttime="20230812 12:02:52.505" endtime="20230812 12:02:52.527"/>
</kw>
<kw name="New Browser" library="Browser">
<arg>${BROWSER}</arg>
<arg>headless=${HEADLESS}</arg>
<tag>BrowserControl</tag>
<tag>Setter</tag>
<doc>Create a new playwright Browser with specified options.</doc>
<msg timestamp="20230812 12:02:52.530" level="INFO">{"browser": "chromium", "headless": false, "chromiumSandbox": false, "devtools": false, "handleSIGHUP": true, "handleSIGINT": true, "handleSIGTERM": true, "ignoreDefaultArgs": false, "slowMo": 0.0, "timeout": 30000.0, "tracesDir": "D:\\BALANCE\\vite-react-balance\\browser\\traces\\0fcd8167-14dd-4fdb-9e63-3e19490df806"}</msg>
<msg timestamp="20230812 12:02:54.649" level="INFO">Successfully created browser with options: {"browser":"chromium","headless":false,"chromiumSandbox":false,"devtools":false,"handleSIGHUP":true,"handleSIGINT":true,"handleSIGTERM":true,"ignoreDefaultArgs":false,"slowMo":0,"timeout":30000,"tracesDir":"D:\\BALANCE\\vite-react-balance\\browser\\traces\\0fcd8167-14dd-4fdb-9e63-3e19490df806"}</msg>
<status status="PASS" starttime="20230812 12:02:52.528" endtime="20230812 12:02:54.649"/>
</kw>
<kw name="New Page" library="Browser">
<arg>${URL_DEFAULT}</arg>
<tag>BrowserControl</tag>
<tag>Setter</tag>
<doc>Open a new Page.</doc>
<msg timestamp="20230812 12:02:58.511" level="INFO">Successfully initialized new page object and opened url: http://stag.balance.ari.com.vn/#/</msg>
<msg timestamp="20230812 12:02:58.511" level="INFO">No context was open. New context was automatically opened when this page is created.</msg>
<status status="PASS" starttime="20230812 12:02:54.650" endtime="20230812 12:02:58.511"/>
</kw>
<kw name="Evaluate" library="BuiltIn">
<var>${STATE}</var>
<arg>json.loads('''{}''')</arg>
<arg>json</arg>
<doc>Evaluates the given expression in Python and returns the result.</doc>
<msg timestamp="20230812 12:02:58.513" level="INFO">${STATE} = {}</msg>
<status status="PASS" starttime="20230812 12:02:58.512" endtime="20230812 12:02:58.513"/>
</kw>
<status status="PASS" starttime="20230812 12:02:52.505" endtime="20230812 12:02:58.514"/>
</kw>
<kw name="When Go to page edit user">
<kw name="Login to Admin" library="common">
<kw name="Enter &quot;email&quot; in &quot;Tên đăng nhập&quot; with &quot;admin_balan@getnada.com&quot;" library="common" sourcename="Enter &quot;${type}&quot; in &quot;${name}&quot; with &quot;${text}&quot;">
<kw name="Get Random Text" library="common">
<var>${text}</var>
<arg>${type}</arg>
<arg>${text}</arg>
<kw name="Set Variable" library="BuiltIn">
<var>${symbol}</var>
<arg>_RANDOM_</arg>
<doc>Returns the given values which can then be assigned to a variables.</doc>
<msg timestamp="20230812 12:02:58.519" level="INFO">${symbol} = _RANDOM_</msg>
<status status="PASS" starttime="20230812 12:02:58.519" endtime="20230812 12:02:58.519"/>
</kw>
<kw name="Set Variable" library="BuiltIn">
<var>${new_text}</var>
<doc>Returns the given values which can then be assigned to a variables.</doc>
<msg timestamp="20230812 12:02:58.519" level="INFO">${new_text} = </msg>
<status status="PASS" starttime="20230812 12:02:58.519" endtime="20230812 12:02:58.519"/>
</kw>
<kw name="Get Regexp Matches" library="String">
<var>${containsS}</var>
<arg>${text}</arg>
<arg>_@(.+)@_</arg>
<arg>1</arg>
<doc>Returns a list of all non-overlapping matches in the given string.</doc>
<msg timestamp="20230812 12:02:58.534" level="INFO">${containsS} = []</msg>
<status status="PASS" starttime="20230812 12:02:58.534" endtime="20230812 12:02:58.534"/>
</kw>
<kw name="Get Length" library="BuiltIn">
<var>${cntS}</var>
<arg>${containsS}</arg>
<doc>Returns and logs the length of the given item as an integer.</doc>
<msg timestamp="20230812 12:02:58.534" level="INFO">Length is 0</msg>
<msg timestamp="20230812 12:02:58.534" level="INFO">${cntS} = 0</msg>
<status status="PASS" starttime="20230812 12:02:58.534" endtime="20230812 12:02:58.534"/>
</kw>
<kw name="Get Regexp Matches" library="String">
<var>${contains}</var>
<arg>${text}</arg>
<arg>${symbol}</arg>
<doc>Returns a list of all non-overlapping matches in the given string.</doc>
<msg timestamp="20230812 12:02:58.534" level="INFO">${contains} = []</msg>
<status status="PASS" starttime="20230812 12:02:58.534" endtime="20230812 12:02:58.534"/>
</kw>
<kw name="Get Length" library="BuiltIn">
<var>${cnt}</var>
<arg>${contains}</arg>
<doc>Returns and logs the length of the given item as an integer.</doc>
<msg timestamp="20230812 12:02:58.534" level="INFO">Length is 0</msg>
<msg timestamp="20230812 12:02:58.534" level="INFO">${cnt} = 0</msg>
<status status="PASS" starttime="20230812 12:02:58.534" endtime="20230812 12:02:58.534"/>
</kw>
<if>
<branch type="IF" condition="${cntS} &gt; 0">
<kw name="Set Variable" library="BuiltIn">
<var>${new_text}</var>
<arg>${STATE["${containsS[0]}"]}</arg>
<doc>Returns the given values which can then be assigned to a variables.</doc>
<status status="NOT RUN" starttime="20230812 12:02:58.534" endtime="20230812 12:02:58.534"/>
</kw>
<kw name="Set Variable" library="BuiltIn">
<var>${symbol}</var>
<arg>_@${containsS[0]}@_</arg>
<doc>Returns the given values which can then be assigned to a variables.</doc>
<status status="NOT RUN" starttime="20230812 12:02:58.534" endtime="20230812 12:02:58.534"/>
</kw>
<status status="NOT RUN" starttime="20230812 12:02:58.534" endtime="20230812 12:02:58.534"/>
</branch>
<branch type="ELSE IF" condition="${cnt} &gt; 0 and '${type}' == 'fullname'">
<kw name="Name" library="FakerLibrary">
<var>${new_text}</var>
<doc>:example: 'John Doe'</doc>
<status status="NOT RUN" starttime="20230812 12:02:58.534" endtime="20230812 12:02:58.534"/>
</kw>
<status status="NOT RUN" starttime="20230812 12:02:58.534" endtime="20230812 12:02:58.534"/>
</branch>
<branch type="ELSE IF" condition="${cnt} &gt; 0 and '${type}' == 'test name'">
<kw name="Sentence" library="FakerLibrary">
<var>${random}</var>
<arg>nb_words=3</arg>
<doc>Generate a sentence.</doc>
<status status="NOT RUN" starttime="20230812 12:02:58.534" endtime="20230812 12:02:58.534"/>
</kw>
<kw name="Split String" library="String">
<var>${words}</var>
<arg>${TEST NAME}</arg>
<arg>${SPACE}</arg>
<doc>Splits the ``string`` using ``separator`` as a delimiter string.</doc>
<status status="NOT RUN" starttime="20230812 12:02:58.534" endtime="20230812 12:02:58.534"/>
</kw>
<kw name="Set Variable" library="BuiltIn">
<var>${new_text}</var>
<arg>${words[0]} ${random}</arg>
<doc>Returns the given values which can then be assigned to a variables.</doc>
<status status="NOT RUN" starttime="20230812 12:02:58.534" endtime="20230812 12:02:58.534"/>
</kw>
<status status="NOT RUN" starttime="20230812 12:02:58.534" endtime="20230812 12:02:58.534"/>
</branch>
<branch type="ELSE IF" condition="${cnt} &gt; 0 and '${type}' == 'name code'">
<kw name="Random Int" library="FakerLibrary">
<var>${random}</var>
<arg>min=00000</arg>
<arg>max=99999</arg>
<doc>Generate a random integer between two integers ``min`` and ``max`` inclusive
while observing the provided ``step`` value.</doc>
<status status="NOT RUN" starttime="20230812 12:02:58.534" endtime="20230812 12:02:58.550"/>
</kw>
<kw name="Set Variable" library="BuiltIn">
<var>${name}</var>
<arg>USR</arg>
<doc>Returns the given values which can then be assigned to a variables.</doc>
<status status="NOT RUN" starttime="20230812 12:02:58.550" endtime="20230812 12:02:58.550"/>
</kw>
<kw name="Set Variable" library="BuiltIn">
<var>${new_text}</var>
<arg>${name}${random}</arg>
<doc>Returns the given values which can then be assigned to a variables.</doc>
<status status="NOT RUN" starttime="20230812 12:02:58.550" endtime="20230812 12:02:58.550"/>
</kw>
<status status="NOT RUN" starttime="20230812 12:02:58.534" endtime="20230812 12:02:58.550"/>
</branch>
<branch type="ELSE IF" condition="${cnt} &gt; 0 and '${type}' == 'phone_invalid'">
<kw name="Random Int" library="FakerLibrary">
<var>${new_text}</var>
<arg>min=1000000000000</arg>
<arg>max=9999999999999</arg>
<doc>Generate a random integer between two integers ``min`` and ``max`` inclusive
while observing the provided ``step`` value.</doc>
<status status="NOT RUN" starttime="20230812 12:02:58.550" endtime="20230812 12:02:58.550"/>
</kw>
<kw name="Convert To String" library="BuiltIn">
<var>${new_text}</var>
<arg>${new_text}</arg>
<doc>Converts the given item to a Unicode string.</doc>
<status status="NOT RUN" starttime="20230812 12:02:58.550" endtime="20230812 12:02:58.550"/>
</kw>
<status status="NOT RUN" starttime="20230812 12:02:58.550" endtime="20230812 12:02:58.550"/>
</branch>
<branch type="ELSE IF" condition="${cnt} &gt; 0 and '${type}' == 'percentage'">
<kw name="Random Int" library="FakerLibrary">
<var>${new_text}</var>
<arg>max=100</arg>
<doc>Generate a random integer between two integers ``min`` and ``max`` inclusive
while observing the provided ``step`` value.</doc>
<status status="NOT RUN" starttime="20230812 12:02:58.550" endtime="20230812 12:02:58.550"/>
</kw>
<kw name="Convert To String" library="BuiltIn">
<var>${new_text}</var>
<arg>${new_text}</arg>
<doc>Converts the given item to a Unicode string.</doc>
<status status="NOT RUN" starttime="20230812 12:02:58.550" endtime="20230812 12:02:58.550"/>
</kw>
<status status="NOT RUN" starttime="20230812 12:02:58.550" endtime="20230812 12:02:58.550"/>
</branch>
<branch type="ELSE IF" condition="${cnt} &gt; 0 and '${type}' == 'paragraph'">
<kw name="Paragraph" library="FakerLibrary">
<var>${new_text}</var>
<doc>Generate a paragraph.</doc>
<status status="NOT RUN" starttime="20230812 12:02:58.582" endtime="20230812 12:02:58.582"/>
</kw>
<status status="NOT RUN" starttime="20230812 12:02:58.580" endtime="20230812 12:02:58.582"/>
</branch>
<branch type="ELSE IF" condition="${cnt} &gt; 0 and '${type}' == 'email'">
<kw name="Email" library="FakerLibrary">
<var>${new_text}</var>
<status status="NOT RUN" starttime="20230812 12:02:58.597" endtime="20230812 12:02:58.598"/>
</kw>
<status status="NOT RUN" starttime="20230812 12:02:58.594" endtime="20230812 12:02:58.600"/>
</branch>
<branch type="ELSE IF" condition="${cnt} &gt; 0 and '${type}' == 'phone'">
<kw name="Random Int" library="FakerLibrary">
<var>${new_text}</var>
<arg>min=55555555</arg>
<arg>max=999999999999</arg>
<doc>Generate a random integer between two integers ``min`` and ``max`` inclusive
while observing the provided ``step`` value.</doc>
<status status="NOT RUN" starttime="20230812 12:02:58.604" endtime="20230812 12:02:58.605"/>
</kw>
<kw name="Convert To String" library="BuiltIn">
<var>${new_text}</var>
<arg>${new_text}</arg>
<doc>Converts the given item to a Unicode string.</doc>
<status status="NOT RUN" starttime="20230812 12:02:58.606" endtime="20230812 12:02:58.606"/>
</kw>
<status status="NOT RUN" starttime="20230812 12:02:58.601" endtime="20230812 12:02:58.606"/>
</branch>
<branch type="ELSE IF" condition="${cnt} &gt; 0 and '${type}' == 'phone_7'">
<kw name="Random Int" library="FakerLibrary">
<var>${new_text}</var>
<arg>min=0000000</arg>
<arg>max=9999999</arg>
<doc>Generate a random integer between two integers ``min`` and ``max`` inclusive
while observing the provided ``step`` value.</doc>
<status status="NOT RUN" starttime="20230812 12:02:58.608" endtime="20230812 12:02:58.608"/>
</kw>
<kw name="Convert To String" library="BuiltIn">
<var>${new_text}</var>
<arg>${new_text}</arg>
<doc>Converts the given item to a Unicode string.</doc>
<status status="NOT RUN" starttime="20230812 12:02:58.609" endtime="20230812 12:02:58.610"/>
</kw>
<status status="NOT RUN" starttime="20230812 12:02:58.607" endtime="20230812 12:02:58.610"/>
</branch>
<branch type="ELSE IF" condition="${cnt} &gt; 0 and '${type}' == 'phone_invalid'">
<kw name="Random Int" library="FakerLibrary">
<var>${new_text}</var>
<arg>min=0000000000000</arg>
<arg>max=9999999999999</arg>
<doc>Generate a random integer between two integers ``min`` and ``max`` inclusive
while observing the provided ``step`` value.</doc>
<status status="NOT RUN" starttime="20230812 12:02:58.612" endtime="20230812 12:02:58.612"/>
</kw>
<kw name="Convert To String" library="BuiltIn">
<var>${new_text}</var>
<arg>${new_text}</arg>
<doc>Converts the given item to a Unicode string.</doc>
<status status="NOT RUN" starttime="20230812 12:02:58.613" endtime="20230812 12:02:58.613"/>
</kw>
<status status="NOT RUN" starttime="20230812 12:02:58.610" endtime="20230812 12:02:58.614"/>
</branch>
<branch type="ELSE IF" condition="${cnt} &gt; 0 and '${type}' == 'number'">
<kw name="Random Int" library="FakerLibrary">
<var>${new_text}</var>
<arg>min=55555555</arg>
<arg>max=999999999999</arg>
<doc>Generate a random integer between two integers ``min`` and ``max`` inclusive
while observing the provided ``step`` value.</doc>
<status status="NOT RUN" starttime="20230812 12:02:58.615" endtime="20230812 12:02:58.615"/>
</kw>
<kw name="Convert To String" library="BuiltIn">
<var>${new_text}</var>
<arg>${new_text}</arg>
<doc>Converts the given item to a Unicode string.</doc>
<status status="NOT RUN" starttime="20230812 12:02:58.616" endtime="20230812 12:02:58.616"/>
</kw>
<status status="NOT RUN" starttime="20230812 12:02:58.614" endtime="20230812 12:02:58.616"/>
</branch>
<branch type="ELSE IF" condition="${cnt} &gt; 0 and '${type}' == 'otp'">
<kw name="Random Int" library="FakerLibrary">
<var>${new_text}</var>
<arg>min=100000</arg>
<arg>max=999999</arg>
<doc>Generate a random integer between two integers ``min`` and ``max`` inclusive
while observing the provided ``step`` value.</doc>
<status status="NOT RUN" starttime="20230812 12:02:58.617" endtime="20230812 12:02:58.617"/>
</kw>
<kw name="Convert To String" library="BuiltIn">
<var>${new_text}</var>
<arg>${new_text}</arg>
<doc>Converts the given item to a Unicode string.</doc>
<status status="NOT RUN" starttime="20230812 12:02:58.618" endtime="20230812 12:02:58.618"/>
</kw>
<status status="NOT RUN" starttime="20230812 12:02:58.616" endtime="20230812 12:02:58.618"/>
</branch>
<branch type="ELSE IF" condition="${cnt} &gt; 0 and '${type}' == 'color'">
<kw name="Safe Hex Color" library="FakerLibrary">
<var>${new_text}</var>
<doc>Generate a web-safe color formatted as a hex triplet.</doc>
<status status="NOT RUN" starttime="20230812 12:02:58.619" endtime="20230812 12:02:58.619"/>
</kw>
<status status="NOT RUN" starttime="20230812 12:02:58.618" endtime="20230812 12:02:58.620"/>
</branch>
<branch type="ELSE IF" condition="${cnt} &gt; 0 and '${type}' == 'date'">
<kw name="Date" library="FakerLibrary">
<var>${new_text}</var>
<arg>pattern=%d-%m-%Y</arg>
<doc>Get a date string between January 1, 1970 and now.</doc>
<status status="NOT RUN" starttime="20230812 12:02:58.621" endtime="20230812 12:02:58.622"/>
</kw>
<status status="NOT RUN" starttime="20230812 12:02:58.621" endtime="20230812 12:02:58.622"/>
</branch>
<branch type="ELSE IF" condition="${cnt} &gt; 0 and '${type}' == 'word'">
<kw name="Sentence" library="FakerLibrary">
<var>${new_text}</var>
<arg>nb_words=500</arg>
<doc>Generate a sentence.</doc>
<status status="NOT RUN" starttime="20230812 12:02:58.623" endtime="20230812 12:02:58.624"/>
</kw>
<status status="NOT RUN" starttime="20230812 12:02:58.622" endtime="20230812 12:02:58.624"/>
</branch>
<branch type="ELSE IF" condition="${cnt} &gt; 0">
<kw name="Sentence" library="FakerLibrary">
<var>${new_text}</var>
<doc>Generate a sentence.</doc>
<status status="NOT RUN" starttime="20230812 12:02:58.625" endtime="20230812 12:02:58.626"/>
</kw>
<status status="NOT RUN" starttime="20230812 12:02:58.624" endtime="20230812 12:02:58.626"/>
</branch>
<status status="PASS" starttime="20230812 12:02:58.534" endtime="20230812 12:02:58.626"/>
</if>
<kw name="Get Length" library="BuiltIn">
<var>${cnt}</var>
<arg>${text}</arg>
<doc>Returns and logs the length of the given item as an integer.</doc>
<msg timestamp="20230812 12:02:58.627" level="INFO">Length is 23</msg>
<msg timestamp="20230812 12:02:58.628" level="INFO">${cnt} = 23</msg>
<status status="PASS" starttime="20230812 12:02:58.627" endtime="20230812 12:02:58.628"/>
</kw>
<if>
<branch type="IF" condition="${cnt} &gt; 0">
<kw name="Replace String" library="String">
<var>${text}</var>
<arg>${text}</arg>
<arg>${symbol}</arg>
<arg>${new_text}</arg>
<doc>Replaces ``search_for`` in the given ``string`` with ``replace_with``.</doc>
<msg timestamp="20230812 12:02:58.630" level="INFO">${text} = admin_balan@getnada.com</msg>
<status status="PASS" starttime="20230812 12:02:58.629" endtime="20230812 12:02:58.630"/>
</kw>
<status status="PASS" starttime="20230812 12:02:58.628" endtime="20230812 12:02:58.631"/>
</branch>
<status status="PASS" starttime="20230812 12:02:58.628" endtime="20230812 12:02:58.631"/>
</if>
<msg timestamp="20230812 12:02:58.631" level="INFO">${text} = admin_balan@getnada.com</msg>
<status status="PASS" starttime="20230812 12:02:58.519" endtime="20230812 12:02:58.631"/>
</kw>
<kw name="Get Element Form Item By Name" library="common">
<var>${element}</var>
<arg>${name}</arg>
<arg>//input[contains(@class, "ant-input")]</arg>
<msg timestamp="20230812 12:02:58.676" level="INFO">${element} = xpath=//*[contains(@class, "ant-form-item-label")]/label[text()="Tên đăng nhập"]/../../*[contains(@class, "ant-form-item")]//input[contains(@class, "ant-input")]</msg>
<status status="PASS" starttime="20230812 12:02:58.674" endtime="20230812 12:02:58.677"/>
</kw>
<kw name="Clear Text" library="Browser">
<arg>${element}</arg>
<tag>PageContent</tag>
<tag>Setter</tag>
<doc>Clears the text field found by ``selector``.</doc>
<status status="PASS" starttime="20230812 12:02:58.679" endtime="20230812 12:02:59.352"/>
</kw>
<kw name="Fill Text" library="Browser">
<arg>${element}</arg>
<arg>${text}</arg>
<arg>True</arg>
<tag>PageContent</tag>
<tag>Setter</tag>
<doc>Clears and fills the given ``txt`` into the text field found by ``selector``.</doc>
<msg timestamp="20230812 12:02:59.354" level="INFO">Fills the text 'admin_balan@getnada.com' in the given field.</msg>
<status status="PASS" starttime="20230812 12:02:59.353" endtime="20230812 12:02:59.417"/>
</kw>
<kw name="Get Length" library="BuiltIn">
<var>${cnt}</var>
<arg>${text}</arg>
<doc>Returns and logs the length of the given item as an integer.</doc>
<msg timestamp="20230812 12:02:59.417" level="INFO">Length is 23</msg>
<msg timestamp="20230812 12:02:59.417" level="INFO">${cnt} = 23</msg>
<status status="PASS" starttime="20230812 12:02:59.417" endtime="20230812 12:02:59.417"/>
</kw>
<if>
<branch type="IF" condition="${cnt} &gt; 0">
<kw name="Set Global Variable" library="BuiltIn">
<arg>${STATE["${name}"]}</arg>
<arg>${text}</arg>
<doc>Makes a variable available globally in all tests and suites.</doc>
<msg timestamp="20230812 12:02:59.417" level="INFO">${STATE["Tên đăng nhập"]} = admin_balan@getnada.com</msg>
<status status="PASS" starttime="20230812 12:02:59.417" endtime="20230812 12:02:59.417"/>
</kw>
<status status="PASS" starttime="20230812 12:02:59.417" endtime="20230812 12:02:59.417"/>
</branch>
<status status="PASS" starttime="20230812 12:02:59.417" endtime="20230812 12:02:59.417"/>
</if>
<status status="PASS" starttime="20230812 12:02:58.519" endtime="20230812 12:02:59.417"/>
</kw>
<kw name="Enter &quot;text&quot; in &quot;Mật khẩu&quot; with &quot;Ari123456#&quot;" library="common" sourcename="Enter &quot;${type}&quot; in &quot;${name}&quot; with &quot;${text}&quot;">
<kw name="Get Random Text" library="common">
<var>${text}</var>
<arg>${type}</arg>
<arg>${text}</arg>
<kw name="Set Variable" library="BuiltIn">
<var>${symbol}</var>
<arg>_RANDOM_</arg>
<doc>Returns the given values which can then be assigned to a variables.</doc>
<msg timestamp="20230812 12:02:59.417" level="INFO">${symbol} = _RANDOM_</msg>
<status status="PASS" starttime="20230812 12:02:59.417" endtime="20230812 12:02:59.417"/>
</kw>
<kw name="Set Variable" library="BuiltIn">
<var>${new_text}</var>
<doc>Returns the given values which can then be assigned to a variables.</doc>
<msg timestamp="20230812 12:02:59.417" level="INFO">${new_text} = </msg>
<status status="PASS" starttime="20230812 12:02:59.417" endtime="20230812 12:02:59.417"/>
</kw>
<kw name="Get Regexp Matches" library="String">
<var>${containsS}</var>
<arg>${text}</arg>
<arg>_@(.+)@_</arg>
<arg>1</arg>
<doc>Returns a list of all non-overlapping matches in the given string.</doc>
<msg timestamp="20230812 12:02:59.433" level="INFO">${containsS} = []</msg>
<status status="PASS" starttime="20230812 12:02:59.417" endtime="20230812 12:02:59.433"/>
</kw>
<kw name="Get Length" library="BuiltIn">
<var>${cntS}</var>
<arg>${containsS}</arg>
<doc>Returns and logs the length of the given item as an integer.</doc>
<msg timestamp="20230812 12:02:59.433" level="INFO">Length is 0</msg>
<msg timestamp="20230812 12:02:59.433" level="INFO">${cntS} = 0</msg>
<status status="PASS" starttime="20230812 12:02:59.433" endtime="20230812 12:02:59.433"/>
</kw>
<kw name="Get Regexp Matches" library="String">
<var>${contains}</var>
<arg>${text}</arg>
<arg>${symbol}</arg>
<doc>Returns a list of all non-overlapping matches in the given string.</doc>
<msg timestamp="20230812 12:02:59.433" level="INFO">${contains} = []</msg>
<status status="PASS" starttime="20230812 12:02:59.433" endtime="20230812 12:02:59.433"/>
</kw>
<kw name="Get Length" library="BuiltIn">
<var>${cnt}</var>
<arg>${contains}</arg>
<doc>Returns and logs the length of the given item as an integer.</doc>
<msg timestamp="20230812 12:02:59.433" level="INFO">Length is 0</msg>
<msg timestamp="20230812 12:02:59.433" level="INFO">${cnt} = 0</msg>
<status status="PASS" starttime="20230812 12:02:59.433" endtime="20230812 12:02:59.433"/>
</kw>
<if>
<branch type="IF" condition="${cntS} &gt; 0">
<kw name="Set Variable" library="BuiltIn">
<var>${new_text}</var>
<arg>${STATE["${containsS[0]}"]}</arg>
<doc>Returns the given values which can then be assigned to a variables.</doc>
<status status="NOT RUN" starttime="20230812 12:02:59.433" endtime="20230812 12:02:59.433"/>
</kw>
<kw name="Set Variable" library="BuiltIn">
<var>${symbol}</var>
<arg>_@${containsS[0]}@_</arg>
<doc>Returns the given values which can then be assigned to a variables.</doc>
<status status="NOT RUN" starttime="20230812 12:02:59.433" endtime="20230812 12:02:59.433"/>
</kw>
<status status="NOT RUN" starttime="20230812 12:02:59.433" endtime="20230812 12:02:59.433"/>
</branch>
<branch type="ELSE IF" condition="${cnt} &gt; 0 and '${type}' == 'fullname'">
<kw name="Name" library="FakerLibrary">
<var>${new_text}</var>
<doc>:example: 'John Doe'</doc>
<status status="NOT RUN" starttime="20230812 12:02:59.433" endtime="20230812 12:02:59.433"/>
</kw>
<status status="NOT RUN" starttime="20230812 12:02:59.433" endtime="20230812 12:02:59.433"/>
</branch>
<branch type="ELSE IF" condition="${cnt} &gt; 0 and '${type}' == 'test name'">
<kw name="Sentence" library="FakerLibrary">
<var>${random}</var>
<arg>nb_words=3</arg>
<doc>Generate a sentence.</doc>
<status status="NOT RUN" starttime="20230812 12:02:59.433" endtime="20230812 12:02:59.433"/>
</kw>
<kw name="Split String" library="String">
<var>${words}</var>
<arg>${TEST NAME}</arg>
<arg>${SPACE}</arg>
<doc>Splits the ``string`` using ``separator`` as a delimiter string.</doc>
<status status="NOT RUN" starttime="20230812 12:02:59.433" endtime="20230812 12:02:59.433"/>
</kw>
<kw name="Set Variable" library="BuiltIn">
<var>${new_text}</var>
<arg>${words[0]} ${random}</arg>
<doc>Returns the given values which can then be assigned to a variables.</doc>
<status status="NOT RUN" starttime="20230812 12:02:59.433" endtime="20230812 12:02:59.433"/>
</kw>
<status status="NOT RUN" starttime="20230812 12:02:59.433" endtime="20230812 12:02:59.433"/>
</branch>
<branch type="ELSE IF" condition="${cnt} &gt; 0 and '${type}' == 'name code'">
<kw name="Random Int" library="FakerLibrary">
<var>${random}</var>
<arg>min=00000</arg>
<arg>max=99999</arg>
<doc>Generate a random integer between two integers ``min`` and ``max`` inclusive
while observing the provided ``step`` value.</doc>
<status status="NOT RUN" starttime="20230812 12:02:59.433" endtime="20230812 12:02:59.433"/>
</kw>
<kw name="Set Variable" library="BuiltIn">
<var>${name}</var>
<arg>USR</arg>
<doc>Returns the given values which can then be assigned to a variables.</doc>
<status status="NOT RUN" starttime="20230812 12:02:59.433" endtime="20230812 12:02:59.433"/>
</kw>
<kw name="Set Variable" library="BuiltIn">
<var>${new_text}</var>
<arg>${name}${random}</arg>
<doc>Returns the given values which can then be assigned to a variables.</doc>
<status status="NOT RUN" starttime="20230812 12:02:59.433" endtime="20230812 12:02:59.433"/>
</kw>
<status status="NOT RUN" starttime="20230812 12:02:59.433" endtime="20230812 12:02:59.433"/>
</branch>
<branch type="ELSE IF" condition="${cnt} &gt; 0 and '${type}' == 'phone_invalid'">
<kw name="Random Int" library="FakerLibrary">
<var>${new_text}</var>
<arg>min=1000000000000</arg>
<arg>max=9999999999999</arg>
<doc>Generate a random integer between two integers ``min`` and ``max`` inclusive
while observing the provided ``step`` value.</doc>
<status status="NOT RUN" starttime="20230812 12:02:59.449" endtime="20230812 12:02:59.449"/>
</kw>
<kw name="Convert To String" library="BuiltIn">
<var>${new_text}</var>
<arg>${new_text}</arg>
<doc>Converts the given item to a Unicode string.</doc>
<status status="NOT RUN" starttime="20230812 12:02:59.449" endtime="20230812 12:02:59.449"/>
</kw>
<status status="NOT RUN" starttime="20230812 12:02:59.433" endtime="20230812 12:02:59.449"/>
</branch>
<branch type="ELSE IF" condition="${cnt} &gt; 0 and '${type}' == 'percentage'">
<kw name="Random Int" library="FakerLibrary">
<var>${new_text}</var>
<arg>max=100</arg>
<doc>Generate a random integer between two integers ``min`` and ``max`` inclusive
while observing the provided ``step`` value.</doc>
<status status="NOT RUN" starttime="20230812 12:02:59.449" endtime="20230812 12:02:59.449"/>
</kw>
<kw name="Convert To String" library="BuiltIn">
<var>${new_text}</var>
<arg>${new_text}</arg>
<doc>Converts the given item to a Unicode string.</doc>
<status status="NOT RUN" starttime="20230812 12:02:59.449" endtime="20230812 12:02:59.449"/>
</kw>
<status status="NOT RUN" starttime="20230812 12:02:59.449" endtime="20230812 12:02:59.449"/>
</branch>
<branch type="ELSE IF" condition="${cnt} &gt; 0 and '${type}' == 'paragraph'">
<kw name="Paragraph" library="FakerLibrary">
<var>${new_text}</var>
<doc>Generate a paragraph.</doc>
<status status="NOT RUN" starttime="20230812 12:02:59.449" endtime="20230812 12:02:59.449"/>
</kw>
<status status="NOT RUN" starttime="20230812 12:02:59.449" endtime="20230812 12:02:59.449"/>
</branch>
<branch type="ELSE IF" condition="${cnt} &gt; 0 and '${type}' == 'email'">
<kw name="Email" library="FakerLibrary">
<var>${new_text}</var>
<status status="NOT RUN" starttime="20230812 12:02:59.449" endtime="20230812 12:02:59.449"/>
</kw>
<status status="NOT RUN" starttime="20230812 12:02:59.449" endtime="20230812 12:02:59.449"/>
</branch>
<branch type="ELSE IF" condition="${cnt} &gt; 0 and '${type}' == 'phone'">
<kw name="Random Int" library="FakerLibrary">
<var>${new_text}</var>
<arg>min=55555555</arg>
<arg>max=999999999999</arg>
<doc>Generate a random integer between two integers ``min`` and ``max`` inclusive
while observing the provided ``step`` value.</doc>
<status status="NOT RUN" starttime="20230812 12:02:59.449" endtime="20230812 12:02:59.449"/>
</kw>
<kw name="Convert To String" library="BuiltIn">
<var>${new_text}</var>
<arg>${new_text}</arg>
<doc>Converts the given item to a Unicode string.</doc>
<status status="NOT RUN" starttime="20230812 12:02:59.449" endtime="20230812 12:02:59.449"/>
</kw>
<status status="NOT RUN" starttime="20230812 12:02:59.449" endtime="20230812 12:02:59.449"/>
</branch>
<branch type="ELSE IF" condition="${cnt} &gt; 0 and '${type}' == 'phone_7'">
<kw name="Random Int" library="FakerLibrary">
<var>${new_text}</var>
<arg>min=0000000</arg>
<arg>max=9999999</arg>
<doc>Generate a random integer between two integers ``min`` and ``max`` inclusive
while observing the provided ``step`` value.</doc>
<status status="NOT RUN" starttime="20230812 12:02:59.449" endtime="20230812 12:02:59.449"/>
</kw>
<kw name="Convert To String" library="BuiltIn">
<var>${new_text}</var>
<arg>${new_text}</arg>
<doc>Converts the given item to a Unicode string.</doc>
<status status="NOT RUN" starttime="20230812 12:02:59.449" endtime="20230812 12:02:59.449"/>
</kw>
<status status="NOT RUN" starttime="20230812 12:02:59.449" endtime="20230812 12:02:59.449"/>
</branch>
<branch type="ELSE IF" condition="${cnt} &gt; 0 and '${type}' == 'phone_invalid'">
<kw name="Random Int" library="FakerLibrary">
<var>${new_text}</var>
<arg>min=0000000000000</arg>
<arg>max=9999999999999</arg>
<doc>Generate a random integer between two integers ``min`` and ``max`` inclusive
while observing the provided ``step`` value.</doc>
<status status="NOT RUN" starttime="20230812 12:02:59.449" endtime="20230812 12:02:59.449"/>
</kw>
<kw name="Convert To String" library="BuiltIn">
<var>${new_text}</var>
<arg>${new_text}</arg>
<doc>Converts the given item to a Unicode string.</doc>
<status status="NOT RUN" starttime="20230812 12:02:59.449" endtime="20230812 12:02:59.449"/>
</kw>
<status status="NOT RUN" starttime="20230812 12:02:59.449" endtime="20230812 12:02:59.449"/>
</branch>
<branch type="ELSE IF" condition="${cnt} &gt; 0 and '${type}' == 'number'">
<kw name="Random Int" library="FakerLibrary">
<var>${new_text}</var>
<arg>min=55555555</arg>
<arg>max=999999999999</arg>
<doc>Generate a random integer between two integers ``min`` and ``max`` inclusive
while observing the provided ``step`` value.</doc>
<status status="NOT RUN" starttime="20230812 12:02:59.464" endtime="20230812 12:02:59.464"/>
</kw>
<kw name="Convert To String" library="BuiltIn">
<var>${new_text}</var>
<arg>${new_text}</arg>
<doc>Converts the given item to a Unicode string.</doc>
<status status="NOT RUN" starttime="20230812 12:02:59.464" endtime="20230812 12:02:59.464"/>
</kw>
<status status="NOT RUN" starttime="20230812 12:02:59.449" endtime="20230812 12:02:59.464"/>
</branch>
<branch type="ELSE IF" condition="${cnt} &gt; 0 and '${type}' == 'otp'">
<kw name="Random Int" library="FakerLibrary">
<var>${new_text}</var>
<arg>min=100000</arg>
<arg>max=999999</arg>
<doc>Generate a random integer between two integers ``min`` and ``max`` inclusive
while observing the provided ``step`` value.</doc>
<status status="NOT RUN" starttime="20230812 12:02:59.464" endtime="20230812 12:02:59.464"/>
</kw>
<kw name="Convert To String" library="BuiltIn">
<var>${new_text}</var>
<arg>${new_text}</arg>
<doc>Converts the given item to a Unicode string.</doc>
<status status="NOT RUN" starttime="20230812 12:02:59.464" endtime="20230812 12:02:59.464"/>
</kw>
<status status="NOT RUN" starttime="20230812 12:02:59.464" endtime="20230812 12:02:59.464"/>
</branch>
<branch type="ELSE IF" condition="${cnt} &gt; 0 and '${type}' == 'color'">
<kw name="Safe Hex Color" library="FakerLibrary">
<var>${new_text}</var>
<doc>Generate a web-safe color formatted as a hex triplet.</doc>
<status status="NOT RUN" starttime="20230812 12:02:59.464" endtime="20230812 12:02:59.464"/>
</kw>
<status status="NOT RUN" starttime="20230812 12:02:59.464" endtime="20230812 12:02:59.464"/>
</branch>
<branch type="ELSE IF" condition="${cnt} &gt; 0 and '${type}' == 'date'">
<kw name="Date" library="FakerLibrary">
<var>${new_text}</var>
<arg>pattern=%d-%m-%Y</arg>
<doc>Get a date string between January 1, 1970 and now.</doc>
<status status="NOT RUN" starttime="20230812 12:02:59.464" endtime="20230812 12:02:59.464"/>
</kw>
<status status="NOT RUN" starttime="20230812 12:02:59.464" endtime="20230812 12:02:59.464"/>
</branch>
<branch type="ELSE IF" condition="${cnt} &gt; 0 and '${type}' == 'word'">
<kw name="Sentence" library="FakerLibrary">
<var>${new_text}</var>
<arg>nb_words=500</arg>
<doc>Generate a sentence.</doc>
<status status="NOT RUN" starttime="20230812 12:02:59.464" endtime="20230812 12:02:59.464"/>
</kw>
<status status="NOT RUN" starttime="20230812 12:02:59.464" endtime="20230812 12:02:59.464"/>
</branch>
<branch type="ELSE IF" condition="${cnt} &gt; 0">
<kw name="Sentence" library="FakerLibrary">
<var>${new_text}</var>
<doc>Generate a sentence.</doc>
<status status="NOT RUN" starttime="20230812 12:02:59.464" endtime="20230812 12:02:59.464"/>
</kw>
<status status="NOT RUN" starttime="20230812 12:02:59.464" endtime="20230812 12:02:59.464"/>
</branch>
<status status="PASS" starttime="20230812 12:02:59.433" endtime="20230812 12:02:59.464"/>
</if>
<kw name="Get Length" library="BuiltIn">
<var>${cnt}</var>
<arg>${text}</arg>
<doc>Returns and logs the length of the given item as an integer.</doc>
<msg timestamp="20230812 12:02:59.464" level="INFO">Length is 10</msg>
<msg timestamp="20230812 12:02:59.464" level="INFO">${cnt} = 10</msg>
<status status="PASS" starttime="20230812 12:02:59.464" endtime="20230812 12:02:59.464"/>
</kw>
<if>
<branch type="IF" condition="${cnt} &gt; 0">
<kw name="Replace String" library="String">
<var>${text}</var>
<arg>${text}</arg>
<arg>${symbol}</arg>
<arg>${new_text}</arg>
<doc>Replaces ``search_for`` in the given ``string`` with ``replace_with``.</doc>
<msg timestamp="20230812 12:02:59.464" level="INFO">${text} = Ari123456#</msg>
<status status="PASS" starttime="20230812 12:02:59.464" endtime="20230812 12:02:59.464"/>
</kw>
<status status="PASS" starttime="20230812 12:02:59.464" endtime="20230812 12:02:59.464"/>
</branch>
<status status="PASS" starttime="20230812 12:02:59.464" endtime="20230812 12:02:59.480"/>
</if>
<msg timestamp="20230812 12:02:59.480" level="INFO">${text} = Ari123456#</msg>
<status status="PASS" starttime="20230812 12:02:59.417" endtime="20230812 12:02:59.480"/>
</kw>
<kw name="Get Element Form Item By Name" library="common">
<var>${element}</var>
<arg>${name}</arg>
<arg>//input[contains(@class, "ant-input")]</arg>
<msg timestamp="20230812 12:02:59.480" level="INFO">${element} = xpath=//*[contains(@class, "ant-form-item-label")]/label[text()="Mật khẩu"]/../../*[contains(@class, "ant-form-item")]//input[contains(@class, "ant-input")]</msg>
<status status="PASS" starttime="20230812 12:02:59.480" endtime="20230812 12:02:59.480"/>
</kw>
<kw name="Clear Text" library="Browser">
<arg>${element}</arg>
<tag>PageContent</tag>
<tag>Setter</tag>
<doc>Clears the text field found by ``selector``.</doc>
<status status="PASS" starttime="20230812 12:02:59.480" endtime="20230812 12:02:59.649"/>
</kw>
<kw name="Fill Text" library="Browser">
<arg>${element}</arg>
<arg>${text}</arg>
<arg>True</arg>
<tag>PageContent</tag>
<tag>Setter</tag>
<doc>Clears and fills the given ``txt`` into the text field found by ``selector``.</doc>
<msg timestamp="20230812 12:02:59.650" level="INFO">Fills the text 'Ari123456#' in the given field.</msg>
<status status="PASS" starttime="20230812 12:02:59.649" endtime="20230812 12:02:59.685"/>
</kw>
<kw name="Get Length" library="BuiltIn">
<var>${cnt}</var>
<arg>${text}</arg>
<doc>Returns and logs the length of the given item as an integer.</doc>
<msg timestamp="20230812 12:02:59.692" level="INFO">Length is 10</msg>
<msg timestamp="20230812 12:02:59.692" level="INFO">${cnt} = 10</msg>
<status status="PASS" starttime="20230812 12:02:59.691" endtime="20230812 12:02:59.692"/>
</kw>
<if>
<branch type="IF" condition="${cnt} &gt; 0">
<kw name="Set Global Variable" library="BuiltIn">
<arg>${STATE["${name}"]}</arg>
<arg>${text}</arg>
<doc>Makes a variable available globally in all tests and suites.</doc>
<msg timestamp="20230812 12:02:59.696" level="INFO">${STATE["Mật khẩu"]} = Ari123456#</msg>
<status status="PASS" starttime="20230812 12:02:59.693" endtime="20230812 12:02:59.696"/>
</kw>
<status status="PASS" starttime="20230812 12:02:59.692" endtime="20230812 12:02:59.696"/>
</branch>
<status status="PASS" starttime="20230812 12:02:59.692" endtime="20230812 12:02:59.697"/>
</if>
<status status="PASS" starttime="20230812 12:02:59.417" endtime="20230812 12:02:59.697"/>
</kw>
<kw name="Click &quot;Đăng Nhập&quot; button" library="common" sourcename="Click &quot;${text}&quot; button">
<kw name="Click" library="Browser">
<arg>xpath=//button[text()='${text}']</arg>
<tag>PageContent</tag>
<tag>Setter</tag>
<doc>Simulates mouse click on the element found by ``selector``.</doc>
<status status="PASS" starttime="20230812 12:02:59.699" endtime="20230812 12:02:59.918"/>
</kw>
<kw name="Click Confirm To Action" library="common">
<kw name="Set Variable" library="BuiltIn">
<var>${element}</var>
<arg>xpath=//*[contains(@class, "ant-popover")]//*[contains(@class, "ant-btn-primary")]</arg>
<doc>Returns the given values which can then be assigned to a variables.</doc>
<msg timestamp="20230812 12:02:59.921" level="INFO">${element} = xpath=//*[contains(@class, "ant-popover")]//*[contains(@class, "ant-btn-primary")]</msg>
<status status="PASS" starttime="20230812 12:02:59.920" endtime="20230812 12:02:59.921"/>
</kw>
<kw name="Get Element Count" library="Browser">
<var>${count}</var>
<arg>${element}</arg>
<tag>Assertion</tag>
<tag>Getter</tag>
<tag>PageContent</tag>
<doc>Returns the count of elements found with ``selector``.</doc>
<msg timestamp="20230812 12:02:59.943" level="INFO">${count} = 0</msg>
<status status="PASS" starttime="20230812 12:02:59.922" endtime="20230812 12:02:59.943"/>
</kw>
<if>
<branch type="IF" condition="${count} &gt; 0">
<kw name="Click" library="Browser">
<arg>${element}</arg>
<tag>PageContent</tag>
<tag>Setter</tag>
<doc>Simulates mouse click on the element found by ``selector``.</doc>
<status status="NOT RUN" starttime="20230812 12:02:59.943" endtime="20230812 12:02:59.943"/>
</kw>
<kw name="Sleep" library="BuiltIn">
<arg>${SHOULD_TIMEOUT}</arg>
<doc>Pauses the test executed for the given time.</doc>
<status status="NOT RUN" starttime="20230812 12:02:59.955" endtime="20230812 12:02:59.956"/>
</kw>
<status status="NOT RUN" starttime="20230812 12:02:59.943" endtime="20230812 12:02:59.957"/>
</branch>
<status status="PASS" starttime="20230812 12:02:59.943" endtime="20230812 12:02:59.959"/>
</if>
<status status="PASS" starttime="20230812 12:02:59.919" endtime="20230812 12:02:59.960"/>
</kw>
<kw name="Scroll By" library="Browser">
<arg>${None}</arg>
<tag>PageContent</tag>
<tag>Setter</tag>
<doc>Scrolls an element or the page relative from current position by the given values.</doc>
<msg timestamp="20230812 12:03:00.064" level="INFO">JavaScript executed successfully.</msg>
<msg timestamp="20230812 12:03:00.064" level="INFO">JavaScript executed successfully.</msg>
<msg timestamp="20230812 12:03:00.123" level="INFO">JavaScript executed successfully.</msg>
<msg timestamp="20230812 12:03:00.123" level="INFO">JavaScript executed successfully.</msg>
<msg timestamp="20230812 12:03:00.183" level="INFO">JavaScript executed successfully.</msg>
<status status="PASS" starttime="20230812 12:02:59.961" endtime="20230812 12:03:00.183"/>
</kw>
<status status="PASS" starttime="20230812 12:02:59.697" endtime="20230812 12:03:00.184"/>
</kw>
<kw name="Wait Until Element Is Visible" library="common">
<arg>//*[@id='name-application']</arg>
<kw name="Wait For Elements State" library="Browser">
<arg>${locator}</arg>
<arg>visible</arg>
<arg>${timeout}</arg>
<arg>${message}</arg>
<tag>PageContent</tag>
<tag>Wait</tag>
<doc>Waits for the element found by ``selector`` to satisfy state option.</doc>
<msg timestamp="20230812 12:03:01.328" level="INFO">Waited for Element with selector //*[@id='name-application'] at state visible</msg>
<status status="PASS" starttime="20230812 12:03:00.193" endtime="20230812 12:03:01.328"/>
</kw>
<status status="PASS" starttime="20230812 12:03:00.184" endtime="20230812 12:03:01.339"/>
</kw>
<status status="PASS" starttime="20230812 12:02:58.519" endtime="20230812 12:03:01.339"/>
</kw>
<kw name="And Click &quot;Quản lý người dùng&quot; menu" library="common" sourcename="Click &quot;${text}&quot; menu">
<kw name="Click" library="Browser">
<arg>xpath=//span[contains(text(),'${text}')]</arg>
<tag>PageContent</tag>
<tag>Setter</tag>
<doc>Simulates mouse click on the element found by ``selector``.</doc>
<status status="PASS" starttime="20230812 12:03:01.342" endtime="20230812 12:03:01.530"/>
</kw>
<kw name="Wait Until Element Spin" library="common">
<kw name="Set Variable" library="BuiltIn">
<var>${element}</var>
<arg>xpath=//*[contains(@class, "ant-spin-spinning")]</arg>
<doc>Returns the given values which can then be assigned to a variables.</doc>
<msg timestamp="20230812 12:03:01.533" level="INFO">${element} = xpath=//*[contains(@class, "ant-spin-spinning")]</msg>
<status status="PASS" starttime="20230812 12:03:01.532" endtime="20230812 12:03:01.533"/>
</kw>
<kw name="Get Element Count" library="Browser">
<var>${count}</var>
<arg>${element}</arg>
<tag>Assertion</tag>
<tag>Getter</tag>
<tag>PageContent</tag>
<doc>Returns the count of elements found with ``selector``.</doc>
<msg timestamp="20230812 12:03:01.553" level="INFO">${count} = 0</msg>
<status status="PASS" starttime="20230812 12:03:01.533" endtime="20230812 12:03:01.553"/>
</kw>
<if>
<branch type="IF" condition="${count} &gt; 0">
<kw name="Wait Until Element Is Not Exist" library="common">
<arg>${element}</arg>
<status status="NOT RUN" starttime="20230812 12:03:01.553" endtime="20230812 12:03:01.553"/>
</kw>
<status status="NOT RUN" starttime="20230812 12:03:01.553" endtime="20230812 12:03:01.553"/>
</branch>
<status status="PASS" starttime="20230812 12:03:01.553" endtime="20230812 12:03:01.553"/>
</if>
<status status="PASS" starttime="20230812 12:03:01.531" endtime="20230812 12:03:01.553"/>
</kw>
<status status="PASS" starttime="20230812 12:03:01.341" endtime="20230812 12:03:01.553"/>
</kw>
<kw name="And Select User need to edit">
<kw name="Set Variable" library="BuiltIn">
<var>${element}</var>
<arg>//td[contains(text(),'fateh62@example.net')]</arg>
<doc>Returns the given values which can then be assigned to a variables.</doc>
<msg timestamp="20230812 12:03:01.553" level="INFO">${element} = //td[contains(text(),'fateh62@example.net')]</msg>
<status status="PASS" starttime="20230812 12:03:01.553" endtime="20230812 12:03:01.553"/>
</kw>
<kw name="Click" library="Browser">
<arg>${element}</arg>
<arg>left</arg>
<arg>2</arg>
<tag>PageContent</tag>
<tag>Setter</tag>
<doc>Simulates mouse click on the element found by ``selector``.</doc>
<msg timestamp="20230812 12:03:01.553" level="WARN">Some `Click` keyword arguments are deprecated. Use `Click With Options` instead.
Used deprecated args: clickCount</msg>
<status status="PASS" starttime="20230812 12:03:01.553" endtime="20230812 12:03:02.571"/>
</kw>
<status status="PASS" starttime="20230812 12:03:01.553" endtime="20230812 12:03:02.571"/>
</kw>
<status status="PASS" starttime="20230812 12:02:58.519" endtime="20230812 12:03:02.572"/>
</kw>
<kw name="And Click &quot;Trở về&quot; button" library="common" sourcename="Click &quot;${text}&quot; button">
<kw name="Click" library="Browser">
<arg>xpath=//button[text()='${text}']</arg>
<tag>PageContent</tag>
<tag>Setter</tag>
<doc>Simulates mouse click on the element found by ``selector``.</doc>
<status status="PASS" starttime="20230812 12:03:02.579" endtime="20230812 12:03:03.641"/>
</kw>
<kw name="Click Confirm To Action" library="common">
<kw name="Set Variable" library="BuiltIn">
<var>${element}</var>
<arg>xpath=//*[contains(@class, "ant-popover")]//*[contains(@class, "ant-btn-primary")]</arg>
<doc>Returns the given values which can then be assigned to a variables.</doc>
<msg timestamp="20230812 12:03:03.644" level="INFO">${element} = xpath=//*[contains(@class, "ant-popover")]//*[contains(@class, "ant-btn-primary")]</msg>
<status status="PASS" starttime="20230812 12:03:03.643" endtime="20230812 12:03:03.644"/>
</kw>
<kw name="Get Element Count" library="Browser">
<var>${count}</var>
<arg>${element}</arg>
<tag>Assertion</tag>
<tag>Getter</tag>
<tag>PageContent</tag>
<doc>Returns the count of elements found with ``selector``.</doc>
<msg timestamp="20230812 12:03:03.659" level="INFO">${count} = 0</msg>
<status status="PASS" starttime="20230812 12:03:03.644" endtime="20230812 12:03:03.659"/>
</kw>
<if>
<branch type="IF" condition="${count} &gt; 0">
<kw name="Click" library="Browser">
<arg>${element}</arg>
<tag>PageContent</tag>
<tag>Setter</tag>
<doc>Simulates mouse click on the element found by ``selector``.</doc>
<status status="NOT RUN" starttime="20230812 12:03:03.661" endtime="20230812 12:03:03.661"/>
</kw>
<kw name="Sleep" library="BuiltIn">
<arg>${SHOULD_TIMEOUT}</arg>
<doc>Pauses the test executed for the given time.</doc>
<status status="NOT RUN" starttime="20230812 12:03:03.662" endtime="20230812 12:03:03.663"/>
</kw>
<status status="NOT RUN" starttime="20230812 12:03:03.660" endtime="20230812 12:03:03.663"/>
</branch>
<status status="PASS" starttime="20230812 12:03:03.660" endtime="20230812 12:03:03.663"/>
</if>
<status status="PASS" starttime="20230812 12:03:03.642" endtime="20230812 12:03:03.663"/>
</kw>
<kw name="Scroll By" library="Browser">
<arg>${None}</arg>
<tag>PageContent</tag>
<tag>Setter</tag>
<doc>Scrolls an element or the page relative from current position by the given values.</doc>
<msg timestamp="20230812 12:03:03.683" level="INFO">JavaScript executed successfully.</msg>
<msg timestamp="20230812 12:03:03.683" level="INFO">JavaScript executed successfully.</msg>
<msg timestamp="20230812 12:03:03.701" level="INFO">JavaScript executed successfully.</msg>
<msg timestamp="20230812 12:03:03.701" level="INFO">JavaScript executed successfully.</msg>
<msg timestamp="20230812 12:03:03.710" level="INFO">JavaScript executed successfully.</msg>
<status status="PASS" starttime="20230812 12:03:03.665" endtime="20230812 12:03:03.710"/>
</kw>
<status status="PASS" starttime="20230812 12:03:02.578" endtime="20230812 12:03:03.710"/>
</kw>
<kw name="Then User look title &quot;Quản Lý Người Dùng&quot;" library="common" sourcename="User look title &quot;${title}&quot;">
<kw name="Wait Until Element Spin" library="common">
<kw name="Set Variable" library="BuiltIn">
<var>${element}</var>
<arg>xpath=//*[contains(@class, "ant-spin-spinning")]</arg>
<doc>Returns the given values which can then be assigned to a variables.</doc>
<msg timestamp="20230812 12:03:03.710" level="INFO">${element} = xpath=//*[contains(@class, "ant-spin-spinning")]</msg>
<status status="PASS" starttime="20230812 12:03:03.710" endtime="20230812 12:03:03.710"/>
</kw>
<kw name="Get Element Count" library="Browser">
<var>${count}</var>
<arg>${element}</arg>
<tag>Assertion</tag>
<tag>Getter</tag>
<tag>PageContent</tag>
<doc>Returns the count of elements found with ``selector``.</doc>
<msg timestamp="20230812 12:03:03.725" level="INFO">${count} = 0</msg>
<status status="PASS" starttime="20230812 12:03:03.710" endtime="20230812 12:03:03.725"/>
</kw>
<if>
<branch type="IF" condition="${count} &gt; 0">
<kw name="Wait Until Element Is Not Exist" library="common">
<arg>${element}</arg>
<status status="NOT RUN" starttime="20230812 12:03:03.725" endtime="20230812 12:03:03.725"/>
</kw>
<status status="NOT RUN" starttime="20230812 12:03:03.725" endtime="20230812 12:03:03.725"/>
</branch>
<status status="PASS" starttime="20230812 12:03:03.725" endtime="20230812 12:03:03.725"/>
</if>
<status status="PASS" starttime="20230812 12:03:03.710" endtime="20230812 12:03:03.725"/>
</kw>
<kw name="Title Should Be" library="common">
<arg>${title}</arg>
<kw name="Wait Until Element Spin" library="common">
<kw name="Set Variable" library="BuiltIn">
<var>${element}</var>
<arg>xpath=//*[contains(@class, "ant-spin-spinning")]</arg>
<doc>Returns the given values which can then be assigned to a variables.</doc>
<msg timestamp="20230812 12:03:03.736" level="INFO">${element} = xpath=//*[contains(@class, "ant-spin-spinning")]</msg>
<status status="PASS" starttime="20230812 12:03:03.725" endtime="20230812 12:03:03.736"/>
</kw>
<kw name="Get Element Count" library="Browser">
<var>${count}</var>
<arg>${element}</arg>
<tag>Assertion</tag>
<tag>Getter</tag>
<tag>PageContent</tag>
<doc>Returns the count of elements found with ``selector``.</doc>
<msg timestamp="20230812 12:03:03.748" level="INFO">${count} = 0</msg>
<status status="PASS" starttime="20230812 12:03:03.736" endtime="20230812 12:03:03.748"/>
</kw>
<if>
<branch type="IF" condition="${count} &gt; 0">
<kw name="Wait Until Element Is Not Exist" library="common">
<arg>${element}</arg>
<status status="NOT RUN" starttime="20230812 12:03:03.749" endtime="20230812 12:03:03.750"/>
</kw>
<status status="NOT RUN" starttime="20230812 12:03:03.749" endtime="20230812 12:03:03.750"/>
</branch>
<status status="PASS" starttime="20230812 12:03:03.748" endtime="20230812 12:03:03.750"/>
</if>
<status status="PASS" starttime="20230812 12:03:03.725" endtime="20230812 12:03:03.750"/>
</kw>
<kw name="Get Title" library="Browser">
<var>${actualTitle}</var>
<tag>Assertion</tag>
<tag>Getter</tag>
<tag>PageContent</tag>
<doc>Returns the title of the current page.</doc>
<msg timestamp="20230812 12:03:03.771" level="INFO">Title: 'Quản Lý Người Dùng'</msg>
<msg timestamp="20230812 12:03:03.773" level="INFO">${actualTitle} = Quản Lý Người Dùng</msg>
<status status="PASS" starttime="20230812 12:03:03.751" endtime="20230812 12:03:03.773"/>
</kw>
<kw name="Should Be Equal As Strings" library="BuiltIn">
<arg>${actualTitle}</arg>
<arg>${expectedTitle}</arg>
<doc>Fails if objects are unequal after converting them to strings.</doc>
<status status="PASS" starttime="20230812 12:03:03.773" endtime="20230812 12:03:03.775"/>
</kw>
<status status="PASS" starttime="20230812 12:03:03.725" endtime="20230812 12:03:03.775"/>
</kw>
<status status="PASS" starttime="20230812 12:03:03.710" endtime="20230812 12:03:03.775"/>
</kw>
<kw name="And User look contains title is &quot;Quản lý người dùng&quot;" library="common" sourcename="User look contains title is &quot;${title}&quot;">
<kw name="Element Text Should Be" library="common">
<arg>xpath=//p[contains(text(),'${title}')]</arg>
<arg>${title}</arg>
<kw name="Get Text" library="Browser">
<arg>${locator}</arg>
<arg>equal</arg>
<arg>${expected}</arg>
<arg>${message}</arg>
<tag>Assertion</tag>
<tag>Getter</tag>
<tag>PageContent</tag>
<doc>Returns text attribute of the element found by ``selector``.</doc>
<msg timestamp="20230812 12:03:03.892" level="INFO">Text: 'Quản lý người dùng'</msg>
<status status="PASS" starttime="20230812 12:03:03.788" endtime="20230812 12:03:03.893"/>
</kw>
<status status="PASS" starttime="20230812 12:03:03.783" endtime="20230812 12:03:03.893"/>
</kw>
<status status="PASS" starttime="20230812 12:03:03.782" endtime="20230812 12:03:03.893"/>
</kw>
<kw name="Tear Down" library="common" type="TEARDOWN">
<kw name="Close Browser" library="Browser">
<arg>ALL</arg>
<tag>BrowserControl</tag>
<tag>Setter</tag>
<doc>Closes the current browser.</doc>
<msg timestamp="20230812 12:03:05.890" level="INFO">Closed all browsers</msg>
<status status="PASS" starttime="20230812 12:03:03.912" endtime="20230812 12:03:05.890"/>
</kw>
<status status="PASS" starttime="20230812 12:03:03.911" endtime="20230812 12:03:05.890"/>
</kw>
<tag>@regression</tag>
<tag>@smoketest</tag>
<status status="PASS" starttime="20230812 12:02:52.490" endtime="20230812 12:03:05.905"/>
</test>
<status status="PASS" starttime="20230812 12:02:45.263" endtime="20230812 12:03:05.921"/>
</suite>
<statistics>
<total>
<stat pass="1" fail="0" skip="0">All Tests</stat>
</total>
<tag>
<stat pass="1" fail="0" skip="0">@regression</stat>
<stat pass="1" fail="0" skip="0">@smoketest</stat>
</tag>
<suite>
<stat pass="1" fail="0" skip="0" id="s1" name="Admin Edit User">Admin Edit User</stat>
</suite>
</statistics>
<errors>
<msg timestamp="20230812 12:03:01.553" level="WARN">Some `Click` keyword arguments are deprecated. Use `Click With Options` instead.
Used deprecated args: clickCount</msg>
</errors>
</robot>
