<?xml version="1.0" encoding="UTF-8"?>
<robot generator="Robot 6.1 (Python 3.11.4 on win32)" generated="20230718 11:01:49.192" rpa="false" schemaversion="4">
<suite id="s1" name="Login" source="C:\Users\nhats\OneDrive\Desktop\ARI\vite-react-ari\test\testcases\login.robot">
<test id="s1-t1" name="DN-01 Validation text with &quot;Tên đăng nhập&quot; field" line="10">
<kw name="Setup" library="common" type="SETUP">
<kw name="Set Browser Timeout" library="Browser">
<arg>${BROWSER_TIMEOUT}</arg>
<tag>Config</tag>
<tag>Setter</tag>
<doc>Sets the timeout used by most input and getter keywords.</doc>
<status status="PASS" starttime="20230718 11:01:52.422" endtime="20230718 11:01:52.438"/>
</kw>
<kw name="New Browser" library="Browser">
<arg>${BROWSER}</arg>
<arg>headless=${HEADLESS}</arg>
<tag>BrowserControl</tag>
<tag>Setter</tag>
<doc>Create a new playwright Browser with specified options.</doc>
<msg timestamp="20230718 11:01:52.438" level="INFO">{"browser": "chromium", "headless": false, "devtools": false, "handleSIGHUP": true, "handleSIGINT": true, "handleSIGTERM": true, "slowMo": 0.0, "timeout": 30000.0, "deprecated_pos_args": [], "tracesDir": "C:\\Users\\nhats\\OneDrive\\Desktop\\ARI\\vite-react-ari\\browser\\traces\\71459904-5878-4607-9aca-fe4fa6b0e5e2"}</msg>
<msg timestamp="20230718 11:01:53.817" level="INFO">Successfully created browser with options: {"browser":"chromium","headless":false,"devtools":false,"handleSIGHUP":true,"handleSIGINT":true,"handleSIGTERM":true,"slowMo":0,"timeout":30000,"deprecated_pos_args":[],"tracesDir":"C:\\Users\\nhats\\OneDrive\\Desktop\\ARI\\vite-react-ari\\browser\\traces\\71459904-5878-4607-9aca-fe4fa6b0e5e2"}</msg>
<status status="PASS" starttime="20230718 11:01:52.438" endtime="20230718 11:01:53.817"/>
</kw>
<kw name="New Page" library="Browser">
<arg>${URL_DEFAULT}</arg>
<tag>BrowserControl</tag>
<tag>Setter</tag>
<doc>Open a new Page.</doc>
<msg timestamp="20230718 11:01:56.337" level="INFO">Successfully initialized new page object and opened url: http://localhost:5173</msg>
<msg timestamp="20230718 11:01:56.338" level="INFO">No context was open. New context was automatically opened when this page is created.</msg>
<status status="PASS" starttime="20230718 11:01:53.817" endtime="20230718 11:01:56.338"/>
</kw>
<kw name="Evaluate" library="BuiltIn">
<var>${STATE}</var>
<arg>json.loads('''{}''')</arg>
<arg>json</arg>
<doc>Evaluates the given expression in Python and returns the result.</doc>
<msg timestamp="20230718 11:01:56.340" level="INFO">${STATE} = {}</msg>
<status status="PASS" starttime="20230718 11:01:56.340" endtime="20230718 11:01:56.340"/>
</kw>
<status status="PASS" starttime="20230718 11:01:52.422" endtime="20230718 11:01:56.340"/>
</kw>
<kw name="When Enter &quot;text&quot; in &quot;Mật khẩu&quot; with &quot;_RANDOM_&quot;" library="common" sourcename="Enter &quot;${type}&quot; in &quot;${name}&quot; with &quot;${text}&quot;">
<kw name="Get Random Text" library="common">
<var>${text}</var>
<arg>${type}</arg>
<arg>${text}</arg>
<kw name="Set Variable" library="BuiltIn">
<var>${symbol}</var>
<arg>_RANDOM_</arg>
<doc>Returns the given values which can then be assigned to a variables.</doc>
<msg timestamp="20230718 11:01:56.346" level="INFO">${symbol} = _RANDOM_</msg>
<status status="PASS" starttime="20230718 11:01:56.346" endtime="20230718 11:01:56.346"/>
</kw>
<kw name="Set Variable" library="BuiltIn">
<var>${new_text}</var>
<doc>Returns the given values which can then be assigned to a variables.</doc>
<msg timestamp="20230718 11:01:56.347" level="INFO">${new_text} = </msg>
<status status="PASS" starttime="20230718 11:01:56.346" endtime="20230718 11:01:56.347"/>
</kw>
<kw name="Get Regexp Matches" library="String">
<var>${containsS}</var>
<arg>${text}</arg>
<arg>_@(.+)@_</arg>
<arg>1</arg>
<doc>Returns a list of all non-overlapping matches in the given string.</doc>
<msg timestamp="20230718 11:01:56.348" level="INFO">${containsS} = []</msg>
<status status="PASS" starttime="20230718 11:01:56.347" endtime="20230718 11:01:56.348"/>
</kw>
<kw name="Get Length" library="BuiltIn">
<var>${cntS}</var>
<arg>${containsS}</arg>
<doc>Returns and logs the length of the given item as an integer.</doc>
<msg timestamp="20230718 11:01:56.349" level="INFO">Length is 0</msg>
<msg timestamp="20230718 11:01:56.349" level="INFO">${cntS} = 0</msg>
<status status="PASS" starttime="20230718 11:01:56.348" endtime="20230718 11:01:56.349"/>
</kw>
<kw name="Get Regexp Matches" library="String">
<var>${contains}</var>
<arg>${text}</arg>
<arg>${symbol}</arg>
<doc>Returns a list of all non-overlapping matches in the given string.</doc>
<msg timestamp="20230718 11:01:56.351" level="INFO">${contains} = ['_RANDOM_']</msg>
<status status="PASS" starttime="20230718 11:01:56.350" endtime="20230718 11:01:56.351"/>
</kw>
<kw name="Get Length" library="BuiltIn">
<var>${cnt}</var>
<arg>${contains}</arg>
<doc>Returns and logs the length of the given item as an integer.</doc>
<msg timestamp="20230718 11:01:56.352" level="INFO">Length is 1</msg>
<msg timestamp="20230718 11:01:56.353" level="INFO">${cnt} = 1</msg>
<status status="PASS" starttime="20230718 11:01:56.352" endtime="20230718 11:01:56.353"/>
</kw>
<if>
<branch type="IF" condition="${cntS} &gt; 0">
<kw name="Set Variable" library="BuiltIn">
<var>${new_text}</var>
<arg>${STATE["${containsS[0]}"]}</arg>
<doc>Returns the given values which can then be assigned to a variables.</doc>
<status status="NOT RUN" starttime="20230718 11:01:56.354" endtime="20230718 11:01:56.355"/>
</kw>
<kw name="Set Variable" library="BuiltIn">
<var>${symbol}</var>
<arg>_@${containsS[0]}@_</arg>
<doc>Returns the given values which can then be assigned to a variables.</doc>
<status status="NOT RUN" starttime="20230718 11:01:56.355" endtime="20230718 11:01:56.355"/>
</kw>
<status status="NOT RUN" starttime="20230718 11:01:56.353" endtime="20230718 11:01:56.356"/>
</branch>
<branch type="ELSE IF" condition="${cnt} &gt; 0 and '${type}' == 'test name'">
<kw name="Sentence" library="FakerLibrary">
<var>${random}</var>
<arg>nb_words=3</arg>
<doc>Generate a sentence.</doc>
<status status="NOT RUN" starttime="20230718 11:01:56.357" endtime="20230718 11:01:56.357"/>
</kw>
<kw name="Split String" library="String">
<var>${words}</var>
<arg>${TEST NAME}</arg>
<arg>${SPACE}</arg>
<doc>Splits the ``string`` using ``separator`` as a delimiter string.</doc>
<status status="NOT RUN" starttime="20230718 11:01:56.357" endtime="20230718 11:01:56.357"/>
</kw>
<kw name="Set Variable" library="BuiltIn">
<var>${new_text}</var>
<arg>${words[0]} ${random}</arg>
<doc>Returns the given values which can then be assigned to a variables.</doc>
<status status="NOT RUN" starttime="20230718 11:01:56.357" endtime="20230718 11:01:56.357"/>
</kw>
<status status="NOT RUN" starttime="20230718 11:01:56.356" endtime="20230718 11:01:56.358"/>
</branch>
<branch type="ELSE IF" condition="${cnt} &gt; 0 and '${type}' == 'number'">
<kw name="Random Int" library="FakerLibrary">
<var>${new_text}</var>
<arg>min=1000000000000</arg>
<arg>max=9999999999999</arg>
<doc>Generate a random integer between two integers ``min`` and ``max`` inclusive
while observing the provided ``step`` value.</doc>
<status status="NOT RUN" starttime="20230718 11:01:56.358" endtime="20230718 11:01:56.358"/>
</kw>
<kw name="Convert To String" library="BuiltIn">
<var>${new_text}</var>
<arg>${new_text}</arg>
<doc>Converts the given item to a Unicode string.</doc>
<status status="NOT RUN" starttime="20230718 11:01:56.359" endtime="20230718 11:01:56.360"/>
</kw>
<status status="NOT RUN" starttime="20230718 11:01:56.358" endtime="20230718 11:01:56.360"/>
</branch>
<branch type="ELSE IF" condition="${cnt} &gt; 0 and '${type}' == 'leave date'">
<kw name="Random Int" library="FakerLibrary">
<var>${new_text}</var>
<arg>min=0</arg>
<arg>max=16</arg>
<doc>Generate a random integer between two integers ``min`` and ``max`` inclusive
while observing the provided ``step`` value.</doc>
<status status="NOT RUN" starttime="20230718 11:01:56.361" endtime="20230718 11:01:56.361"/>
</kw>
<kw name="Convert To String" library="BuiltIn">
<var>${new_text}</var>
<arg>${new_text}</arg>
<doc>Converts the given item to a Unicode string.</doc>
<status status="NOT RUN" starttime="20230718 11:01:56.361" endtime="20230718 11:01:56.361"/>
</kw>
<status status="NOT RUN" starttime="20230718 11:01:56.360" endtime="20230718 11:01:56.361"/>
</branch>
<branch type="ELSE IF" condition="${cnt} &gt; 0 and '${type}' == 'percentage'">
<kw name="Random Int" library="FakerLibrary">
<var>${new_text}</var>
<arg>max=100</arg>
<doc>Generate a random integer between two integers ``min`` and ``max`` inclusive
while observing the provided ``step`` value.</doc>
<status status="NOT RUN" starttime="20230718 11:01:56.361" endtime="20230718 11:01:56.361"/>
</kw>
<kw name="Convert To String" library="BuiltIn">
<var>${new_text}</var>
<arg>${new_text}</arg>
<doc>Converts the given item to a Unicode string.</doc>
<status status="NOT RUN" starttime="20230718 11:01:56.361" endtime="20230718 11:01:56.361"/>
</kw>
<status status="NOT RUN" starttime="20230718 11:01:56.361" endtime="20230718 11:01:56.366"/>
</branch>
<branch type="ELSE IF" condition="${cnt} &gt; 0 and '${type}' == 'paragraph'">
<kw name="Paragraph" library="FakerLibrary">
<var>${new_text}</var>
<doc>Generate a paragraph.</doc>
<status status="NOT RUN" starttime="20230718 11:01:56.367" endtime="20230718 11:01:56.367"/>
</kw>
<status status="NOT RUN" starttime="20230718 11:01:56.366" endtime="20230718 11:01:56.367"/>
</branch>
<branch type="ELSE IF" condition="${cnt} &gt; 0 and '${type}' == 'email'">
<kw name="Email" library="FakerLibrary">
<var>${new_text}</var>
<status status="NOT RUN" starttime="20230718 11:01:56.368" endtime="20230718 11:01:56.369"/>
</kw>
<status status="NOT RUN" starttime="20230718 11:01:56.367" endtime="20230718 11:01:56.369"/>
</branch>
<branch type="ELSE IF" condition="${cnt} &gt; 0 and '${type}' == 'phone'">
<kw name="Random Int" library="FakerLibrary">
<var>${new_text}</var>
<arg>min=55555555</arg>
<arg>max=999999999999</arg>
<doc>Generate a random integer between two integers ``min`` and ``max`` inclusive
while observing the provided ``step`` value.</doc>
<status status="NOT RUN" starttime="20230718 11:01:56.370" endtime="20230718 11:01:56.370"/>
</kw>
<kw name="Convert To String" library="BuiltIn">
<var>${new_text}</var>
<arg>${new_text}</arg>
<doc>Converts the given item to a Unicode string.</doc>
<status status="NOT RUN" starttime="20230718 11:01:56.371" endtime="20230718 11:01:56.371"/>
</kw>
<status status="NOT RUN" starttime="20230718 11:01:56.369" endtime="20230718 11:01:56.371"/>
</branch>
<branch type="ELSE IF" condition="${cnt} &gt; 0 and '${type}' == 'color'">
<kw name="Safe Hex Color" library="FakerLibrary">
<var>${new_text}</var>
<doc>Generate a web-safe color formatted as a hex triplet.</doc>
<status status="NOT RUN" starttime="20230718 11:01:56.373" endtime="20230718 11:01:56.373"/>
</kw>
<status status="NOT RUN" starttime="20230718 11:01:56.372" endtime="20230718 11:01:56.373"/>
</branch>
<branch type="ELSE IF" condition="${cnt} &gt; 0 and '${type}' == 'date'">
<kw name="Date" library="FakerLibrary">
<var>${new_text}</var>
<arg>pattern=%d-%m-%Y</arg>
<doc>Get a date string between January 1, 1970 and now.</doc>
<status status="NOT RUN" starttime="20230718 11:01:56.374" endtime="20230718 11:01:56.374"/>
</kw>
<status status="NOT RUN" starttime="20230718 11:01:56.373" endtime="20230718 11:01:56.374"/>
</branch>
<branch type="ELSE IF" condition="${cnt} &gt; 0 and '${type}' == 'word'">
<kw name="Sentence" library="FakerLibrary">
<var>${new_text}</var>
<arg>nb_words=2</arg>
<doc>Generate a sentence.</doc>
<status status="NOT RUN" starttime="20230718 11:01:56.376" endtime="20230718 11:01:56.376"/>
</kw>
<status status="NOT RUN" starttime="20230718 11:01:56.375" endtime="20230718 11:01:56.377"/>
</branch>
<branch type="ELSE IF" condition="${cnt} &gt; 0">
<kw name="Sentence" library="FakerLibrary">
<var>${new_text}</var>
<doc>Generate a sentence.</doc>
<msg timestamp="20230718 11:01:56.380" level="INFO">${new_text} = Placeat fugit aliquam ipsum doloribus.</msg>
<status status="PASS" starttime="20230718 11:01:56.378" endtime="20230718 11:01:56.380"/>
</kw>
<status status="PASS" starttime="20230718 11:01:56.377" endtime="20230718 11:01:56.381"/>
</branch>
<status status="PASS" starttime="20230718 11:01:56.353" endtime="20230718 11:01:56.381"/>
</if>
<kw name="Get Length" library="BuiltIn">
<var>${cnt}</var>
<arg>${text}</arg>
<doc>Returns and logs the length of the given item as an integer.</doc>
<msg timestamp="20230718 11:01:56.383" level="INFO">Length is 8</msg>
<msg timestamp="20230718 11:01:56.383" level="INFO">${cnt} = 8</msg>
<status status="PASS" starttime="20230718 11:01:56.382" endtime="20230718 11:01:56.383"/>
</kw>
<if>
<branch type="IF" condition="${cnt} &gt; 0">
<kw name="Replace String" library="String">
<var>${text}</var>
<arg>${text}</arg>
<arg>${symbol}</arg>
<arg>${new_text}</arg>
<doc>Replaces ``search_for`` in the given ``string`` with ``replace_with``.</doc>
<msg timestamp="20230718 11:01:56.384" level="INFO">${text} = Placeat fugit aliquam ipsum doloribus.</msg>
<status status="PASS" starttime="20230718 11:01:56.384" endtime="20230718 11:01:56.384"/>
</kw>
<status status="PASS" starttime="20230718 11:01:56.383" endtime="20230718 11:01:56.385"/>
</branch>
<status status="PASS" starttime="20230718 11:01:56.383" endtime="20230718 11:01:56.385"/>
</if>
<msg timestamp="20230718 11:01:56.385" level="INFO">${text} = Placeat fugit aliquam ipsum doloribus.</msg>
<status status="PASS" starttime="20230718 11:01:56.345" endtime="20230718 11:01:56.385"/>
</kw>
<kw name="Get Element Form Item By Name" library="common">
<var>${element}</var>
<arg>${name}</arg>
<arg>//input[contains(@class, "ant-input")]</arg>
<msg timestamp="20230718 11:01:56.386" level="INFO">${element} = xpath=//*[contains(@class, "ant-form-item-label")]/label[text()="Mật khẩu"]/../../*[contains(@class, "ant-form-item")]//input[contains(@class, "ant-input")]</msg>
<status status="PASS" starttime="20230718 11:01:56.385" endtime="20230718 11:01:56.386"/>
</kw>
<kw name="Clear Text" library="Browser">
<arg>${element}</arg>
<tag>PageContent</tag>
<tag>Setter</tag>
<doc>Clears the text field found by ``selector``.</doc>
<status status="PASS" starttime="20230718 11:01:56.386" endtime="20230718 11:01:58.527"/>
</kw>
<kw name="Fill Text" library="Browser">
<arg>${element}</arg>
<arg>${text}</arg>
<arg>True</arg>
<tag>PageContent</tag>
<tag>Setter</tag>
<doc>Clears and fills the given ``txt`` into the text field found by ``selector``.</doc>
<msg timestamp="20230718 11:01:58.529" level="INFO">Fills the text 'Placeat fugit aliquam ipsum doloribus.' in the given field.</msg>
<status status="PASS" starttime="20230718 11:01:58.528" endtime="20230718 11:01:58.591"/>
</kw>
<kw name="Get Length" library="BuiltIn">
<var>${cnt}</var>
<arg>${text}</arg>
<doc>Returns and logs the length of the given item as an integer.</doc>
<msg timestamp="20230718 11:01:58.591" level="INFO">Length is 38</msg>
<msg timestamp="20230718 11:01:58.591" level="INFO">${cnt} = 38</msg>
<status status="PASS" starttime="20230718 11:01:58.591" endtime="20230718 11:01:58.591"/>
</kw>
<if>
<branch type="IF" condition="${cnt} &gt; 0">
<kw name="Set Global Variable" library="BuiltIn">
<arg>${STATE["${name}"]}</arg>
<arg>${text}</arg>
<doc>Makes a variable available globally in all tests and suites.</doc>
<msg timestamp="20230718 11:01:58.591" level="INFO">${STATE["Mật khẩu"]} = Placeat fugit aliquam ipsum doloribus.</msg>
<status status="PASS" starttime="20230718 11:01:58.591" endtime="20230718 11:01:58.591"/>
</kw>
<status status="PASS" starttime="20230718 11:01:58.591" endtime="20230718 11:01:58.591"/>
</branch>
<status status="PASS" starttime="20230718 11:01:58.591" endtime="20230718 11:01:58.591"/>
</if>
<status status="PASS" starttime="20230718 11:01:56.344" endtime="20230718 11:01:58.591"/>
</kw>
<kw name="And Click &quot;Đăng nhập&quot; button" library="common" sourcename="Click &quot;${text}&quot; button">
<kw name="Click" library="Browser">
<arg>xpath=//button[@title = "${text}"]</arg>
<tag>PageContent</tag>
<tag>Setter</tag>
<doc>Simulates mouse click on the element found by ``selector``.</doc>
<status status="PASS" starttime="20230718 11:01:58.606" endtime="20230718 11:01:59.003"/>
</kw>
<kw name="Click Confirm To Action" library="common">
<kw name="Set Variable" library="BuiltIn">
<var>${element}</var>
<arg>xpath=//*[contains(@class, "ant-popover")]//*[contains(@class, "ant-btn-primary")]</arg>
<doc>Returns the given values which can then be assigned to a variables.</doc>
<msg timestamp="20230718 11:01:59.003" level="INFO">${element} = xpath=//*[contains(@class, "ant-popover")]//*[contains(@class, "ant-btn-primary")]</msg>
<status status="PASS" starttime="20230718 11:01:59.003" endtime="20230718 11:01:59.003"/>
</kw>
<kw name="Get Element Count" library="Browser">
<var>${count}</var>
<arg>${element}</arg>
<tag>Assertion</tag>
<tag>Getter</tag>
<tag>PageContent</tag>
<doc>Returns the count of elements found with ``selector``.</doc>
<msg timestamp="20230718 11:01:59.044" level="INFO">${count} = 0</msg>
<status status="PASS" starttime="20230718 11:01:59.003" endtime="20230718 11:01:59.044"/>
</kw>
<if>
<branch type="IF" condition="${count} &gt; 0">
<kw name="Click" library="Browser">
<arg>${element}</arg>
<tag>PageContent</tag>
<tag>Setter</tag>
<doc>Simulates mouse click on the element found by ``selector``.</doc>
<status status="NOT RUN" starttime="20230718 11:01:59.046" endtime="20230718 11:01:59.046"/>
</kw>
<kw name="Sleep" library="BuiltIn">
<arg>${SHOULD_TIMEOUT}</arg>
<doc>Pauses the test executed for the given time.</doc>
<status status="NOT RUN" starttime="20230718 11:01:59.047" endtime="20230718 11:01:59.047"/>
</kw>
<status status="NOT RUN" starttime="20230718 11:01:59.045" endtime="20230718 11:01:59.047"/>
</branch>
<status status="PASS" starttime="20230718 11:01:59.045" endtime="20230718 11:01:59.047"/>
</if>
<status status="PASS" starttime="20230718 11:01:59.003" endtime="20230718 11:01:59.048"/>
</kw>
<kw name="Scroll By" library="Browser">
<arg>${None}</arg>
<tag>PageContent</tag>
<tag>Setter</tag>
<doc>Scrolls an element or the page relative from current position by the given values.</doc>
<status status="PASS" starttime="20230718 11:01:59.048" endtime="20230718 11:01:59.120"/>
</kw>
<status status="PASS" starttime="20230718 11:01:58.591" endtime="20230718 11:01:59.120"/>
</kw>
<kw name="Then Required message &quot;Tên đăng nhập&quot; displayed under &quot;Xin vui lòng nhập tên đăng nhập&quot; field" library="common" sourcename="Required message &quot;${name}&quot; displayed under &quot;${text}&quot; field">
<kw name="Get Element Form Item By Name" library="common">
<var>${element}</var>
<arg>${name}</arg>
<arg>//*[contains(@class, "ant-form-item-explain-error")]</arg>
<msg timestamp="20230718 11:01:59.130" level="INFO">${element} = xpath=//*[contains(@class, "ant-form-item-label")]/label[text()="Tên đăng nhập"]/../../*[contains(@class, "ant-form-item")]//*[contains(@class, "ant-form-item-explain-error")]</msg>
<status status="PASS" starttime="20230718 11:01:59.127" endtime="20230718 11:01:59.130"/>
</kw>
<kw name="Wait Until Element Is Visible" library="common">
<arg>${element}</arg>
<kw name="Wait For Elements State" library="Browser">
<arg>${locator}</arg>
<arg>visible</arg>
<arg>${timeout}</arg>
<arg>${message}</arg>
<tag>PageContent</tag>
<tag>Wait</tag>
<doc>Waits for the element found by ``selector`` to satisfy state option.</doc>
<msg timestamp="20230718 11:01:59.166" level="INFO">Waited for Element with selector xpath=//*[contains(@class, "ant-form-item-label")]/label[text()="Tên đăng nhập"]/../../*[contains(@class, "ant-form-item")]//*[contains(@class, "ant-form-item-explain-error")] at state visible</msg>
<status status="PASS" starttime="20230718 11:01:59.134" endtime="20230718 11:01:59.166"/>
</kw>
<status status="PASS" starttime="20230718 11:01:59.130" endtime="20230718 11:01:59.167"/>
</kw>
<kw name="Element Text Should Be" library="common">
<arg>${element}</arg>
<arg>${text}</arg>
<kw name="Get Text" library="Browser">
<arg>${locator}</arg>
<arg>equal</arg>
<arg>${expected}</arg>
<arg>${message}</arg>
<tag>Assertion</tag>
<tag>Getter</tag>
<tag>PageContent</tag>
<doc>Returns text attribute of the element found by ``selector``.</doc>
<msg timestamp="20230718 11:01:59.251" level="INFO">Text: 'Xin vui lòng nhập tên đăng nhập'</msg>
<status status="PASS" starttime="20230718 11:01:59.170" endtime="20230718 11:01:59.251"/>
</kw>
<status status="PASS" starttime="20230718 11:01:59.167" endtime="20230718 11:01:59.251"/>
</kw>
<status status="PASS" starttime="20230718 11:01:59.126" endtime="20230718 11:01:59.251"/>
</kw>
<kw name="Tear Down" library="common" type="TEARDOWN">
<kw name="Close Browser" library="Browser">
<arg>ALL</arg>
<tag>BrowserControl</tag>
<tag>Setter</tag>
<doc>Closes the current browser.</doc>
<msg timestamp="20230718 11:02:00.374" level="INFO">Closed all browsers</msg>
<status status="PASS" starttime="20230718 11:01:59.261" endtime="20230718 11:02:00.374"/>
</kw>
<status status="PASS" starttime="20230718 11:01:59.251" endtime="20230718 11:02:00.375"/>
</kw>
<tag>@regression</tag>
<tag>@smoketest</tag>
<status status="PASS" starttime="20230718 11:01:52.422" endtime="20230718 11:02:00.375"/>
</test>
<test id="s1-t2" name="DN-02 Validation text with &quot;Mật khẩu&quot; field" line="16">
<kw name="Setup" library="common" type="SETUP">
<kw name="Set Browser Timeout" library="Browser">
<arg>${BROWSER_TIMEOUT}</arg>
<tag>Config</tag>
<tag>Setter</tag>
<doc>Sets the timeout used by most input and getter keywords.</doc>
<status status="PASS" starttime="20230718 11:02:00.394" endtime="20230718 11:02:00.395"/>
</kw>
<kw name="New Browser" library="Browser">
<arg>${BROWSER}</arg>
<arg>headless=${HEADLESS}</arg>
<tag>BrowserControl</tag>
<tag>Setter</tag>
<doc>Create a new playwright Browser with specified options.</doc>
<msg timestamp="20230718 11:02:00.399" level="INFO">{"browser": "chromium", "headless": false, "devtools": false, "handleSIGHUP": true, "handleSIGINT": true, "handleSIGTERM": true, "slowMo": 0.0, "timeout": 30000.0, "deprecated_pos_args": [], "tracesDir": "C:\\Users\\nhats\\OneDrive\\Desktop\\ARI\\vite-react-ari\\browser\\traces\\0cf75178-1447-4add-a7e3-df6166efd7d3"}</msg>
<msg timestamp="20230718 11:02:01.653" level="INFO">Successfully created browser with options: {"browser":"chromium","headless":false,"devtools":false,"handleSIGHUP":true,"handleSIGINT":true,"handleSIGTERM":true,"slowMo":0,"timeout":30000,"deprecated_pos_args":[],"tracesDir":"C:\\Users\\nhats\\OneDrive\\Desktop\\ARI\\vite-react-ari\\browser\\traces\\0cf75178-1447-4add-a7e3-df6166efd7d3"}</msg>
<status status="PASS" starttime="20230718 11:02:00.396" endtime="20230718 11:02:01.653"/>
</kw>
<kw name="New Page" library="Browser">
<arg>${URL_DEFAULT}</arg>
<tag>BrowserControl</tag>
<tag>Setter</tag>
<doc>Open a new Page.</doc>
<msg timestamp="20230718 11:02:03.839" level="INFO">Successfully initialized new page object and opened url: http://localhost:5173</msg>
<msg timestamp="20230718 11:02:03.839" level="INFO">No context was open. New context was automatically opened when this page is created.</msg>
<status status="PASS" starttime="20230718 11:02:01.653" endtime="20230718 11:02:03.840"/>
</kw>
<kw name="Evaluate" library="BuiltIn">
<var>${STATE}</var>
<arg>json.loads('''{}''')</arg>
<arg>json</arg>
<doc>Evaluates the given expression in Python and returns the result.</doc>
<msg timestamp="20230718 11:02:03.843" level="INFO">${STATE} = {}</msg>
<status status="PASS" starttime="20230718 11:02:03.840" endtime="20230718 11:02:03.843"/>
</kw>
<status status="PASS" starttime="20230718 11:02:00.393" endtime="20230718 11:02:03.844"/>
</kw>
<kw name="When Enter &quot;email&quot; in &quot;Tên đăng nhập&quot; with &quot;_RANDOM_&quot;" library="common" sourcename="Enter &quot;${type}&quot; in &quot;${name}&quot; with &quot;${text}&quot;">
<kw name="Get Random Text" library="common">
<var>${text}</var>
<arg>${type}</arg>
<arg>${text}</arg>
<kw name="Set Variable" library="BuiltIn">
<var>${symbol}</var>
<arg>_RANDOM_</arg>
<doc>Returns the given values which can then be assigned to a variables.</doc>
<msg timestamp="20230718 11:02:03.852" level="INFO">${symbol} = _RANDOM_</msg>
<status status="PASS" starttime="20230718 11:02:03.852" endtime="20230718 11:02:03.852"/>
</kw>
<kw name="Set Variable" library="BuiltIn">
<var>${new_text}</var>
<doc>Returns the given values which can then be assigned to a variables.</doc>
<msg timestamp="20230718 11:02:03.853" level="INFO">${new_text} = </msg>
<status status="PASS" starttime="20230718 11:02:03.852" endtime="20230718 11:02:03.853"/>
</kw>
<kw name="Get Regexp Matches" library="String">
<var>${containsS}</var>
<arg>${text}</arg>
<arg>_@(.+)@_</arg>
<arg>1</arg>
<doc>Returns a list of all non-overlapping matches in the given string.</doc>
<msg timestamp="20230718 11:02:03.853" level="INFO">${containsS} = []</msg>
<status status="PASS" starttime="20230718 11:02:03.853" endtime="20230718 11:02:03.853"/>
</kw>
<kw name="Get Length" library="BuiltIn">
<var>${cntS}</var>
<arg>${containsS}</arg>
<doc>Returns and logs the length of the given item as an integer.</doc>
<msg timestamp="20230718 11:02:03.854" level="INFO">Length is 0</msg>
<msg timestamp="20230718 11:02:03.854" level="INFO">${cntS} = 0</msg>
<status status="PASS" starttime="20230718 11:02:03.854" endtime="20230718 11:02:03.854"/>
</kw>
<kw name="Get Regexp Matches" library="String">
<var>${contains}</var>
<arg>${text}</arg>
<arg>${symbol}</arg>
<doc>Returns a list of all non-overlapping matches in the given string.</doc>
<msg timestamp="20230718 11:02:03.855" level="INFO">${contains} = ['_RANDOM_']</msg>
<status status="PASS" starttime="20230718 11:02:03.854" endtime="20230718 11:02:03.855"/>
</kw>
<kw name="Get Length" library="BuiltIn">
<var>${cnt}</var>
<arg>${contains}</arg>
<doc>Returns and logs the length of the given item as an integer.</doc>
<msg timestamp="20230718 11:02:03.855" level="INFO">Length is 1</msg>
<msg timestamp="20230718 11:02:03.855" level="INFO">${cnt} = 1</msg>
<status status="PASS" starttime="20230718 11:02:03.855" endtime="20230718 11:02:03.855"/>
</kw>
<if>
<branch type="IF" condition="${cntS} &gt; 0">
<kw name="Set Variable" library="BuiltIn">
<var>${new_text}</var>
<arg>${STATE["${containsS[0]}"]}</arg>
<doc>Returns the given values which can then be assigned to a variables.</doc>
<status status="NOT RUN" starttime="20230718 11:02:03.856" endtime="20230718 11:02:03.856"/>
</kw>
<kw name="Set Variable" library="BuiltIn">
<var>${symbol}</var>
<arg>_@${containsS[0]}@_</arg>
<doc>Returns the given values which can then be assigned to a variables.</doc>
<status status="NOT RUN" starttime="20230718 11:02:03.856" endtime="20230718 11:02:03.857"/>
</kw>
<status status="NOT RUN" starttime="20230718 11:02:03.856" endtime="20230718 11:02:03.857"/>
</branch>
<branch type="ELSE IF" condition="${cnt} &gt; 0 and '${type}' == 'test name'">
<kw name="Sentence" library="FakerLibrary">
<var>${random}</var>
<arg>nb_words=3</arg>
<doc>Generate a sentence.</doc>
<status status="NOT RUN" starttime="20230718 11:02:03.857" endtime="20230718 11:02:03.857"/>
</kw>
<kw name="Split String" library="String">
<var>${words}</var>
<arg>${TEST NAME}</arg>
<arg>${SPACE}</arg>
<doc>Splits the ``string`` using ``separator`` as a delimiter string.</doc>
<status status="NOT RUN" starttime="20230718 11:02:03.858" endtime="20230718 11:02:03.859"/>
</kw>
<kw name="Set Variable" library="BuiltIn">
<var>${new_text}</var>
<arg>${words[0]} ${random}</arg>
<doc>Returns the given values which can then be assigned to a variables.</doc>
<status status="NOT RUN" starttime="20230718 11:02:03.859" endtime="20230718 11:02:03.860"/>
</kw>
<status status="NOT RUN" starttime="20230718 11:02:03.857" endtime="20230718 11:02:03.860"/>
</branch>
<branch type="ELSE IF" condition="${cnt} &gt; 0 and '${type}' == 'number'">
<kw name="Random Int" library="FakerLibrary">
<var>${new_text}</var>
<arg>min=1000000000000</arg>
<arg>max=9999999999999</arg>
<doc>Generate a random integer between two integers ``min`` and ``max`` inclusive
while observing the provided ``step`` value.</doc>
<status status="NOT RUN" starttime="20230718 11:02:03.860" endtime="20230718 11:02:03.860"/>
</kw>
<kw name="Convert To String" library="BuiltIn">
<var>${new_text}</var>
<arg>${new_text}</arg>
<doc>Converts the given item to a Unicode string.</doc>
<status status="NOT RUN" starttime="20230718 11:02:03.860" endtime="20230718 11:02:03.864"/>
</kw>
<status status="NOT RUN" starttime="20230718 11:02:03.860" endtime="20230718 11:02:03.864"/>
</branch>
<branch type="ELSE IF" condition="${cnt} &gt; 0 and '${type}' == 'leave date'">
<kw name="Random Int" library="FakerLibrary">
<var>${new_text}</var>
<arg>min=0</arg>
<arg>max=16</arg>
<doc>Generate a random integer between two integers ``min`` and ``max`` inclusive
while observing the provided ``step`` value.</doc>
<status status="NOT RUN" starttime="20230718 11:02:03.865" endtime="20230718 11:02:03.866"/>
</kw>
<kw name="Convert To String" library="BuiltIn">
<var>${new_text}</var>
<arg>${new_text}</arg>
<doc>Converts the given item to a Unicode string.</doc>
<status status="NOT RUN" starttime="20230718 11:02:03.866" endtime="20230718 11:02:03.866"/>
</kw>
<status status="NOT RUN" starttime="20230718 11:02:03.864" endtime="20230718 11:02:03.867"/>
</branch>
<branch type="ELSE IF" condition="${cnt} &gt; 0 and '${type}' == 'percentage'">
<kw name="Random Int" library="FakerLibrary">
<var>${new_text}</var>
<arg>max=100</arg>
<doc>Generate a random integer between two integers ``min`` and ``max`` inclusive
while observing the provided ``step`` value.</doc>
<status status="NOT RUN" starttime="20230718 11:02:03.868" endtime="20230718 11:02:03.868"/>
</kw>
<kw name="Convert To String" library="BuiltIn">
<var>${new_text}</var>
<arg>${new_text}</arg>
<doc>Converts the given item to a Unicode string.</doc>
<status status="NOT RUN" starttime="20230718 11:02:03.869" endtime="20230718 11:02:03.869"/>
</kw>
<status status="NOT RUN" starttime="20230718 11:02:03.867" endtime="20230718 11:02:03.869"/>
</branch>
<branch type="ELSE IF" condition="${cnt} &gt; 0 and '${type}' == 'paragraph'">
<kw name="Paragraph" library="FakerLibrary">
<var>${new_text}</var>
<doc>Generate a paragraph.</doc>
<status status="NOT RUN" starttime="20230718 11:02:03.871" endtime="20230718 11:02:03.871"/>
</kw>
<status status="NOT RUN" starttime="20230718 11:02:03.870" endtime="20230718 11:02:03.871"/>
</branch>
<branch type="ELSE IF" condition="${cnt} &gt; 0 and '${type}' == 'email'">
<kw name="Email" library="FakerLibrary">
<var>${new_text}</var>
<msg timestamp="20230718 11:02:03.873" level="INFO">${new_text} = mehul15@example.org</msg>
<status status="PASS" starttime="20230718 11:02:03.872" endtime="20230718 11:02:03.873"/>
</kw>
<status status="PASS" starttime="20230718 11:02:03.871" endtime="20230718 11:02:03.874"/>
</branch>
<branch type="ELSE IF" condition="${cnt} &gt; 0 and '${type}' == 'phone'">
<kw name="Random Int" library="FakerLibrary">
<var>${new_text}</var>
<arg>min=55555555</arg>
<arg>max=999999999999</arg>
<doc>Generate a random integer between two integers ``min`` and ``max`` inclusive
while observing the provided ``step`` value.</doc>
<status status="NOT RUN" starttime="20230718 11:02:03.874" endtime="20230718 11:02:03.875"/>
</kw>
<kw name="Convert To String" library="BuiltIn">
<var>${new_text}</var>
<arg>${new_text}</arg>
<doc>Converts the given item to a Unicode string.</doc>
<status status="NOT RUN" starttime="20230718 11:02:03.876" endtime="20230718 11:02:03.876"/>
</kw>
<status status="NOT RUN" starttime="20230718 11:02:03.874" endtime="20230718 11:02:03.876"/>
</branch>
<branch type="ELSE IF" condition="${cnt} &gt; 0 and '${type}' == 'color'">
<kw name="Safe Hex Color" library="FakerLibrary">
<var>${new_text}</var>
<doc>Generate a web-safe color formatted as a hex triplet.</doc>
<status status="NOT RUN" starttime="20230718 11:02:03.877" endtime="20230718 11:02:03.877"/>
</kw>
<status status="NOT RUN" starttime="20230718 11:02:03.877" endtime="20230718 11:02:03.878"/>
</branch>
<branch type="ELSE IF" condition="${cnt} &gt; 0 and '${type}' == 'date'">
<kw name="Date" library="FakerLibrary">
<var>${new_text}</var>
<arg>pattern=%d-%m-%Y</arg>
<doc>Get a date string between January 1, 1970 and now.</doc>
<status status="NOT RUN" starttime="20230718 11:02:03.879" endtime="20230718 11:02:03.879"/>
</kw>
<status status="NOT RUN" starttime="20230718 11:02:03.878" endtime="20230718 11:02:03.880"/>
</branch>
<branch type="ELSE IF" condition="${cnt} &gt; 0 and '${type}' == 'word'">
<kw name="Sentence" library="FakerLibrary">
<var>${new_text}</var>
<arg>nb_words=2</arg>
<doc>Generate a sentence.</doc>
<status status="NOT RUN" starttime="20230718 11:02:03.881" endtime="20230718 11:02:03.881"/>
</kw>
<status status="NOT RUN" starttime="20230718 11:02:03.880" endtime="20230718 11:02:03.882"/>
</branch>
<branch type="ELSE IF" condition="${cnt} &gt; 0">
<kw name="Sentence" library="FakerLibrary">
<var>${new_text}</var>
<doc>Generate a sentence.</doc>
<status status="NOT RUN" starttime="20230718 11:02:03.884" endtime="20230718 11:02:03.884"/>
</kw>
<status status="NOT RUN" starttime="20230718 11:02:03.883" endtime="20230718 11:02:03.884"/>
</branch>
<status status="PASS" starttime="20230718 11:02:03.856" endtime="20230718 11:02:03.885"/>
</if>
<kw name="Get Length" library="BuiltIn">
<var>${cnt}</var>
<arg>${text}</arg>
<doc>Returns and logs the length of the given item as an integer.</doc>
<msg timestamp="20230718 11:02:03.886" level="INFO">Length is 8</msg>
<msg timestamp="20230718 11:02:03.886" level="INFO">${cnt} = 8</msg>
<status status="PASS" starttime="20230718 11:02:03.885" endtime="20230718 11:02:03.886"/>
</kw>
<if>
<branch type="IF" condition="${cnt} &gt; 0">
<kw name="Replace String" library="String">
<var>${text}</var>
<arg>${text}</arg>
<arg>${symbol}</arg>
<arg>${new_text}</arg>
<doc>Replaces ``search_for`` in the given ``string`` with ``replace_with``.</doc>
<msg timestamp="20230718 11:02:03.888" level="INFO">${text} = mehul15@example.org</msg>
<status status="PASS" starttime="20230718 11:02:03.887" endtime="20230718 11:02:03.888"/>
</kw>
<status status="PASS" starttime="20230718 11:02:03.886" endtime="20230718 11:02:03.888"/>
</branch>
<status status="PASS" starttime="20230718 11:02:03.886" endtime="20230718 11:02:03.888"/>
</if>
<msg timestamp="20230718 11:02:03.889" level="INFO">${text} = mehul15@example.org</msg>
<status status="PASS" starttime="20230718 11:02:03.851" endtime="20230718 11:02:03.889"/>
</kw>
<kw name="Get Element Form Item By Name" library="common">
<var>${element}</var>
<arg>${name}</arg>
<arg>//input[contains(@class, "ant-input")]</arg>
<msg timestamp="20230718 11:02:03.891" level="INFO">${element} = xpath=//*[contains(@class, "ant-form-item-label")]/label[text()="Tên đăng nhập"]/../../*[contains(@class, "ant-form-item")]//input[contains(@class, "ant-input")]</msg>
<status status="PASS" starttime="20230718 11:02:03.889" endtime="20230718 11:02:03.891"/>
</kw>
<kw name="Clear Text" library="Browser">
<arg>${element}</arg>
<tag>PageContent</tag>
<tag>Setter</tag>
<doc>Clears the text field found by ``selector``.</doc>
<status status="PASS" starttime="20230718 11:02:03.893" endtime="20230718 11:02:06.006"/>
</kw>
<kw name="Fill Text" library="Browser">
<arg>${element}</arg>
<arg>${text}</arg>
<arg>True</arg>
<tag>PageContent</tag>
<tag>Setter</tag>
<doc>Clears and fills the given ``txt`` into the text field found by ``selector``.</doc>
<msg timestamp="20230718 11:02:06.007" level="INFO">Fills the text 'mehul15@example.org' in the given field.</msg>
<status status="PASS" starttime="20230718 11:02:06.006" endtime="20230718 11:02:06.063"/>
</kw>
<kw name="Get Length" library="BuiltIn">
<var>${cnt}</var>
<arg>${text}</arg>
<doc>Returns and logs the length of the given item as an integer.</doc>
<msg timestamp="20230718 11:02:06.063" level="INFO">Length is 19</msg>
<msg timestamp="20230718 11:02:06.063" level="INFO">${cnt} = 19</msg>
<status status="PASS" starttime="20230718 11:02:06.063" endtime="20230718 11:02:06.063"/>
</kw>
<if>
<branch type="IF" condition="${cnt} &gt; 0">
<kw name="Set Global Variable" library="BuiltIn">
<arg>${STATE["${name}"]}</arg>
<arg>${text}</arg>
<doc>Makes a variable available globally in all tests and suites.</doc>
<msg timestamp="20230718 11:02:06.063" level="INFO">${STATE["Tên đăng nhập"]} = mehul15@example.org</msg>
<status status="PASS" starttime="20230718 11:02:06.063" endtime="20230718 11:02:06.063"/>
</kw>
<status status="PASS" starttime="20230718 11:02:06.063" endtime="20230718 11:02:06.063"/>
</branch>
<status status="PASS" starttime="20230718 11:02:06.063" endtime="20230718 11:02:06.063"/>
</if>
<status status="PASS" starttime="20230718 11:02:03.850" endtime="20230718 11:02:06.063"/>
</kw>
<kw name="And Click &quot;Đăng nhập&quot; button" library="common" sourcename="Click &quot;${text}&quot; button">
<kw name="Click" library="Browser">
<arg>xpath=//button[@title = "${text}"]</arg>
<tag>PageContent</tag>
<tag>Setter</tag>
<doc>Simulates mouse click on the element found by ``selector``.</doc>
<status status="PASS" starttime="20230718 11:02:06.079" endtime="20230718 11:02:06.484"/>
</kw>
<kw name="Click Confirm To Action" library="common">
<kw name="Set Variable" library="BuiltIn">
<var>${element}</var>
<arg>xpath=//*[contains(@class, "ant-popover")]//*[contains(@class, "ant-btn-primary")]</arg>
<doc>Returns the given values which can then be assigned to a variables.</doc>
<msg timestamp="20230718 11:02:06.486" level="INFO">${element} = xpath=//*[contains(@class, "ant-popover")]//*[contains(@class, "ant-btn-primary")]</msg>
<status status="PASS" starttime="20230718 11:02:06.486" endtime="20230718 11:02:06.486"/>
</kw>
<kw name="Get Element Count" library="Browser">
<var>${count}</var>
<arg>${element}</arg>
<tag>Assertion</tag>
<tag>Getter</tag>
<tag>PageContent</tag>
<doc>Returns the count of elements found with ``selector``.</doc>
<msg timestamp="20230718 11:02:06.521" level="INFO">${count} = 0</msg>
<status status="PASS" starttime="20230718 11:02:06.487" endtime="20230718 11:02:06.521"/>
</kw>
<if>
<branch type="IF" condition="${count} &gt; 0">
<kw name="Click" library="Browser">
<arg>${element}</arg>
<tag>PageContent</tag>
<tag>Setter</tag>
<doc>Simulates mouse click on the element found by ``selector``.</doc>
<status status="NOT RUN" starttime="20230718 11:02:06.523" endtime="20230718 11:02:06.523"/>
</kw>
<kw name="Sleep" library="BuiltIn">
<arg>${SHOULD_TIMEOUT}</arg>
<doc>Pauses the test executed for the given time.</doc>
<status status="NOT RUN" starttime="20230718 11:02:06.524" endtime="20230718 11:02:06.524"/>
</kw>
<status status="NOT RUN" starttime="20230718 11:02:06.522" endtime="20230718 11:02:06.525"/>
</branch>
<status status="PASS" starttime="20230718 11:02:06.522" endtime="20230718 11:02:06.525"/>
</if>
<status status="PASS" starttime="20230718 11:02:06.485" endtime="20230718 11:02:06.526"/>
</kw>
<kw name="Scroll By" library="Browser">
<arg>${None}</arg>
<tag>PageContent</tag>
<tag>Setter</tag>
<doc>Scrolls an element or the page relative from current position by the given values.</doc>
<status status="PASS" starttime="20230718 11:02:06.526" endtime="20230718 11:02:06.598"/>
</kw>
<status status="PASS" starttime="20230718 11:02:06.079" endtime="20230718 11:02:06.598"/>
</kw>
<kw name="Then Required message &quot;Mật khẩu&quot; displayed under &quot;Xin vui lòng nhập mật khẩu&quot; field" library="common" sourcename="Required message &quot;${name}&quot; displayed under &quot;${text}&quot; field">
<kw name="Get Element Form Item By Name" library="common">
<var>${element}</var>
<arg>${name}</arg>
<arg>//*[contains(@class, "ant-form-item-explain-error")]</arg>
<msg timestamp="20230718 11:02:06.601" level="INFO">${element} = xpath=//*[contains(@class, "ant-form-item-label")]/label[text()="Mật khẩu"]/../../*[contains(@class, "ant-form-item")]//*[contains(@class, "ant-form-item-explain-error")]</msg>
<status status="PASS" starttime="20230718 11:02:06.601" endtime="20230718 11:02:06.601"/>
</kw>
<kw name="Wait Until Element Is Visible" library="common">
<arg>${element}</arg>
<kw name="Wait For Elements State" library="Browser">
<arg>${locator}</arg>
<arg>visible</arg>
<arg>${timeout}</arg>
<arg>${message}</arg>
<tag>PageContent</tag>
<tag>Wait</tag>
<doc>Waits for the element found by ``selector`` to satisfy state option.</doc>
<msg timestamp="20230718 11:02:06.623" level="INFO">Waited for Element with selector xpath=//*[contains(@class, "ant-form-item-label")]/label[text()="Mật khẩu"]/../../*[contains(@class, "ant-form-item")]//*[contains(@class, "ant-form-item-explain-error")] at state visible</msg>
<status status="PASS" starttime="20230718 11:02:06.601" endtime="20230718 11:02:06.624"/>
</kw>
<status status="PASS" starttime="20230718 11:02:06.601" endtime="20230718 11:02:06.624"/>
</kw>
<kw name="Element Text Should Be" library="common">
<arg>${element}</arg>
<arg>${text}</arg>
<kw name="Get Text" library="Browser">
<arg>${locator}</arg>
<arg>equal</arg>
<arg>${expected}</arg>
<arg>${message}</arg>
<tag>Assertion</tag>
<tag>Getter</tag>
<tag>PageContent</tag>
<doc>Returns text attribute of the element found by ``selector``.</doc>
<msg timestamp="20230718 11:02:06.719" level="INFO">Text: 'Xin vui lòng nhập mật khẩu'</msg>
<status status="PASS" starttime="20230718 11:02:06.632" endtime="20230718 11:02:06.720"/>
</kw>
<status status="PASS" starttime="20230718 11:02:06.625" endtime="20230718 11:02:06.720"/>
</kw>
<status status="PASS" starttime="20230718 11:02:06.601" endtime="20230718 11:02:06.720"/>
</kw>
<kw name="Tear Down" library="common" type="TEARDOWN">
<kw name="Close Browser" library="Browser">
<arg>ALL</arg>
<tag>BrowserControl</tag>
<tag>Setter</tag>
<doc>Closes the current browser.</doc>
<msg timestamp="20230718 11:02:07.675" level="INFO">Closed all browsers</msg>
<status status="PASS" starttime="20230718 11:02:06.722" endtime="20230718 11:02:07.675"/>
</kw>
<status status="PASS" starttime="20230718 11:02:06.721" endtime="20230718 11:02:07.675"/>
</kw>
<tag>@regression</tag>
<tag>@smoketest</tag>
<status status="PASS" starttime="20230718 11:02:00.387" endtime="20230718 11:02:07.675"/>
</test>
<test id="s1-t3" name="DN-03 Validation text with &quot;Tên đăng nhập&quot; field and &quot;Mật khẩu&quot; field" line="22">
<kw name="Setup" library="common" type="SETUP">
<kw name="Set Browser Timeout" library="Browser">
<arg>${BROWSER_TIMEOUT}</arg>
<tag>Config</tag>
<tag>Setter</tag>
<doc>Sets the timeout used by most input and getter keywords.</doc>
<status status="PASS" starttime="20230718 11:02:07.707" endtime="20230718 11:02:07.707"/>
</kw>
<kw name="New Browser" library="Browser">
<arg>${BROWSER}</arg>
<arg>headless=${HEADLESS}</arg>
<tag>BrowserControl</tag>
<tag>Setter</tag>
<doc>Create a new playwright Browser with specified options.</doc>
<msg timestamp="20230718 11:02:07.707" level="INFO">{"browser": "chromium", "headless": false, "devtools": false, "handleSIGHUP": true, "handleSIGINT": true, "handleSIGTERM": true, "slowMo": 0.0, "timeout": 30000.0, "deprecated_pos_args": [], "tracesDir": "C:\\Users\\nhats\\OneDrive\\Desktop\\ARI\\vite-react-ari\\browser\\traces\\a38276e9-2d8f-402d-94e9-84ee2cb4fa7a"}</msg>
<msg timestamp="20230718 11:02:08.930" level="INFO">Successfully created browser with options: {"browser":"chromium","headless":false,"devtools":false,"handleSIGHUP":true,"handleSIGINT":true,"handleSIGTERM":true,"slowMo":0,"timeout":30000,"deprecated_pos_args":[],"tracesDir":"C:\\Users\\nhats\\OneDrive\\Desktop\\ARI\\vite-react-ari\\browser\\traces\\a38276e9-2d8f-402d-94e9-84ee2cb4fa7a"}</msg>
<status status="PASS" starttime="20230718 11:02:07.707" endtime="20230718 11:02:08.930"/>
</kw>
<kw name="New Page" library="Browser">
<arg>${URL_DEFAULT}</arg>
<tag>BrowserControl</tag>
<tag>Setter</tag>
<doc>Open a new Page.</doc>
<msg timestamp="20230718 11:02:11.223" level="INFO">Successfully initialized new page object and opened url: http://localhost:5173</msg>
<msg timestamp="20230718 11:02:11.223" level="INFO">No context was open. New context was automatically opened when this page is created.</msg>
<status status="PASS" starttime="20230718 11:02:08.945" endtime="20230718 11:02:11.223"/>
</kw>
<kw name="Evaluate" library="BuiltIn">
<var>${STATE}</var>
<arg>json.loads('''{}''')</arg>
<arg>json</arg>
<doc>Evaluates the given expression in Python and returns the result.</doc>
<msg timestamp="20230718 11:02:11.226" level="INFO">${STATE} = {}</msg>
<status status="PASS" starttime="20230718 11:02:11.225" endtime="20230718 11:02:11.226"/>
</kw>
<status status="PASS" starttime="20230718 11:02:07.707" endtime="20230718 11:02:11.226"/>
</kw>
<kw name="When Click &quot;Đăng nhập&quot; button" library="common" sourcename="Click &quot;${text}&quot; button">
<kw name="Click" library="Browser">
<arg>xpath=//button[@title = "${text}"]</arg>
<tag>PageContent</tag>
<tag>Setter</tag>
<doc>Simulates mouse click on the element found by ``selector``.</doc>
<status status="PASS" starttime="20230718 11:02:11.230" endtime="20230718 11:02:13.857"/>
</kw>
<kw name="Click Confirm To Action" library="common">
<kw name="Set Variable" library="BuiltIn">
<var>${element}</var>
<arg>xpath=//*[contains(@class, "ant-popover")]//*[contains(@class, "ant-btn-primary")]</arg>
<doc>Returns the given values which can then be assigned to a variables.</doc>
<msg timestamp="20230718 11:02:13.861" level="INFO">${element} = xpath=//*[contains(@class, "ant-popover")]//*[contains(@class, "ant-btn-primary")]</msg>
<status status="PASS" starttime="20230718 11:02:13.861" endtime="20230718 11:02:13.861"/>
</kw>
<kw name="Get Element Count" library="Browser">
<var>${count}</var>
<arg>${element}</arg>
<tag>Assertion</tag>
<tag>Getter</tag>
<tag>PageContent</tag>
<doc>Returns the count of elements found with ``selector``.</doc>
<msg timestamp="20230718 11:02:13.870" level="INFO">${count} = 0</msg>
<status status="PASS" starttime="20230718 11:02:13.862" endtime="20230718 11:02:13.874"/>
</kw>
<if>
<branch type="IF" condition="${count} &gt; 0">
<kw name="Click" library="Browser">
<arg>${element}</arg>
<tag>PageContent</tag>
<tag>Setter</tag>
<doc>Simulates mouse click on the element found by ``selector``.</doc>
<status status="NOT RUN" starttime="20230718 11:02:13.875" endtime="20230718 11:02:13.875"/>
</kw>
<kw name="Sleep" library="BuiltIn">
<arg>${SHOULD_TIMEOUT}</arg>
<doc>Pauses the test executed for the given time.</doc>
<status status="NOT RUN" starttime="20230718 11:02:13.876" endtime="20230718 11:02:13.876"/>
</kw>
<status status="NOT RUN" starttime="20230718 11:02:13.874" endtime="20230718 11:02:13.876"/>
</branch>
<status status="PASS" starttime="20230718 11:02:13.874" endtime="20230718 11:02:13.876"/>
</if>
<status status="PASS" starttime="20230718 11:02:13.857" endtime="20230718 11:02:13.877"/>
</kw>
<kw name="Scroll By" library="Browser">
<arg>${None}</arg>
<tag>PageContent</tag>
<tag>Setter</tag>
<doc>Scrolls an element or the page relative from current position by the given values.</doc>
<status status="PASS" starttime="20230718 11:02:13.877" endtime="20230718 11:02:13.987"/>
</kw>
<status status="PASS" starttime="20230718 11:02:11.229" endtime="20230718 11:02:13.989"/>
</kw>
<kw name="Then Required message &quot;Tên đăng nhập&quot; displayed under &quot;Xin vui lòng nhập tên đăng nhập&quot; field" library="common" sourcename="Required message &quot;${name}&quot; displayed under &quot;${text}&quot; field">
<kw name="Get Element Form Item By Name" library="common">
<var>${element}</var>
<arg>${name}</arg>
<arg>//*[contains(@class, "ant-form-item-explain-error")]</arg>
<msg timestamp="20230718 11:02:13.996" level="INFO">${element} = xpath=//*[contains(@class, "ant-form-item-label")]/label[text()="Tên đăng nhập"]/../../*[contains(@class, "ant-form-item")]//*[contains(@class, "ant-form-item-explain-error")]</msg>
<status status="PASS" starttime="20230718 11:02:13.994" endtime="20230718 11:02:13.996"/>
</kw>
<kw name="Wait Until Element Is Visible" library="common">
<arg>${element}</arg>
<kw name="Wait For Elements State" library="Browser">
<arg>${locator}</arg>
<arg>visible</arg>
<arg>${timeout}</arg>
<arg>${message}</arg>
<tag>PageContent</tag>
<tag>Wait</tag>
<doc>Waits for the element found by ``selector`` to satisfy state option.</doc>
<msg timestamp="20230718 11:02:14.021" level="INFO">Waited for Element with selector xpath=//*[contains(@class, "ant-form-item-label")]/label[text()="Tên đăng nhập"]/../../*[contains(@class, "ant-form-item")]//*[contains(@class, "ant-form-item-explain-error")] at state visible</msg>
<status status="PASS" starttime="20230718 11:02:13.998" endtime="20230718 11:02:14.022"/>
</kw>
<status status="PASS" starttime="20230718 11:02:13.996" endtime="20230718 11:02:14.023"/>
</kw>
<kw name="Element Text Should Be" library="common">
<arg>${element}</arg>
<arg>${text}</arg>
<kw name="Get Text" library="Browser">
<arg>${locator}</arg>
<arg>equal</arg>
<arg>${expected}</arg>
<arg>${message}</arg>
<tag>Assertion</tag>
<tag>Getter</tag>
<tag>PageContent</tag>
<doc>Returns text attribute of the element found by ``selector``.</doc>
<msg timestamp="20230718 11:02:14.133" level="INFO">Text: 'Xin vui lòng nhập tên đăng nhập'</msg>
<status status="PASS" starttime="20230718 11:02:14.033" endtime="20230718 11:02:14.133"/>
</kw>
<status status="PASS" starttime="20230718 11:02:14.024" endtime="20230718 11:02:14.133"/>
</kw>
<status status="PASS" starttime="20230718 11:02:13.993" endtime="20230718 11:02:14.133"/>
</kw>
<kw name="And Required message &quot;Mật khẩu&quot; displayed under &quot;Xin vui lòng nhập mật khẩu&quot; field" library="common" sourcename="Required message &quot;${name}&quot; displayed under &quot;${text}&quot; field">
<kw name="Get Element Form Item By Name" library="common">
<var>${element}</var>
<arg>${name}</arg>
<arg>//*[contains(@class, "ant-form-item-explain-error")]</arg>
<msg timestamp="20230718 11:02:14.149" level="INFO">${element} = xpath=//*[contains(@class, "ant-form-item-label")]/label[text()="Mật khẩu"]/../../*[contains(@class, "ant-form-item")]//*[contains(@class, "ant-form-item-explain-error")]</msg>
<status status="PASS" starttime="20230718 11:02:14.149" endtime="20230718 11:02:14.149"/>
</kw>
<kw name="Wait Until Element Is Visible" library="common">
<arg>${element}</arg>
<kw name="Wait For Elements State" library="Browser">
<arg>${locator}</arg>
<arg>visible</arg>
<arg>${timeout}</arg>
<arg>${message}</arg>
<tag>PageContent</tag>
<tag>Wait</tag>
<doc>Waits for the element found by ``selector`` to satisfy state option.</doc>
<msg timestamp="20230718 11:02:14.197" level="INFO">Waited for Element with selector xpath=//*[contains(@class, "ant-form-item-label")]/label[text()="Mật khẩu"]/../../*[contains(@class, "ant-form-item")]//*[contains(@class, "ant-form-item-explain-error")] at state visible</msg>
<status status="PASS" starttime="20230718 11:02:14.149" endtime="20230718 11:02:14.197"/>
</kw>
<status status="PASS" starttime="20230718 11:02:14.149" endtime="20230718 11:02:14.198"/>
</kw>
<kw name="Element Text Should Be" library="common">
<arg>${element}</arg>
<arg>${text}</arg>
<kw name="Get Text" library="Browser">
<arg>${locator}</arg>
<arg>equal</arg>
<arg>${expected}</arg>
<arg>${message}</arg>
<tag>Assertion</tag>
<tag>Getter</tag>
<tag>PageContent</tag>
<doc>Returns text attribute of the element found by ``selector``.</doc>
<msg timestamp="20230718 11:02:14.293" level="INFO">Text: 'Xin vui lòng nhập mật khẩu'</msg>
<status status="PASS" starttime="20230718 11:02:14.202" endtime="20230718 11:02:14.293"/>
</kw>
<status status="PASS" starttime="20230718 11:02:14.199" endtime="20230718 11:02:14.293"/>
</kw>
<status status="PASS" starttime="20230718 11:02:14.149" endtime="20230718 11:02:14.293"/>
</kw>
<kw name="Tear Down" library="common" type="TEARDOWN">
<kw name="Close Browser" library="Browser">
<arg>ALL</arg>
<tag>BrowserControl</tag>
<tag>Setter</tag>
<doc>Closes the current browser.</doc>
<msg timestamp="20230718 11:02:15.539" level="INFO">Closed all browsers</msg>
<status status="PASS" starttime="20230718 11:02:14.305" endtime="20230718 11:02:15.539"/>
</kw>
<status status="PASS" starttime="20230718 11:02:14.293" endtime="20230718 11:02:15.539"/>
</kw>
<tag>@regression</tag>
<tag>@smoketest</tag>
<status status="PASS" starttime="20230718 11:02:07.692" endtime="20230718 11:02:15.539"/>
</test>
<test id="s1-t4" name="DN-04 SI-04: Validation text with &quot;Tên đăng nhập&quot; field when enter invalid email format" line="28">
<kw name="Setup" library="common" type="SETUP">
<kw name="Set Browser Timeout" library="Browser">
<arg>${BROWSER_TIMEOUT}</arg>
<tag>Config</tag>
<tag>Setter</tag>
<doc>Sets the timeout used by most input and getter keywords.</doc>
<status status="PASS" starttime="20230718 11:02:15.568" endtime="20230718 11:02:15.569"/>
</kw>
<kw name="New Browser" library="Browser">
<arg>${BROWSER}</arg>
<arg>headless=${HEADLESS}</arg>
<tag>BrowserControl</tag>
<tag>Setter</tag>
<doc>Create a new playwright Browser with specified options.</doc>
<msg timestamp="20230718 11:02:15.572" level="INFO">{"browser": "chromium", "headless": false, "devtools": false, "handleSIGHUP": true, "handleSIGINT": true, "handleSIGTERM": true, "slowMo": 0.0, "timeout": 30000.0, "deprecated_pos_args": [], "tracesDir": "C:\\Users\\nhats\\OneDrive\\Desktop\\ARI\\vite-react-ari\\browser\\traces\\6602ddf3-1cbe-46ea-bd1e-0e953cc51b99"}</msg>
<msg timestamp="20230718 11:02:16.872" level="INFO">Successfully created browser with options: {"browser":"chromium","headless":false,"devtools":false,"handleSIGHUP":true,"handleSIGINT":true,"handleSIGTERM":true,"slowMo":0,"timeout":30000,"deprecated_pos_args":[],"tracesDir":"C:\\Users\\nhats\\OneDrive\\Desktop\\ARI\\vite-react-ari\\browser\\traces\\6602ddf3-1cbe-46ea-bd1e-0e953cc51b99"}</msg>
<status status="PASS" starttime="20230718 11:02:15.570" endtime="20230718 11:02:16.872"/>
</kw>
<kw name="New Page" library="Browser">
<arg>${URL_DEFAULT}</arg>
<tag>BrowserControl</tag>
<tag>Setter</tag>
<doc>Open a new Page.</doc>
<msg timestamp="20230718 11:02:19.223" level="INFO">Successfully initialized new page object and opened url: http://localhost:5173</msg>
<msg timestamp="20230718 11:02:19.223" level="INFO">No context was open. New context was automatically opened when this page is created.</msg>
<status status="PASS" starttime="20230718 11:02:16.872" endtime="20230718 11:02:19.223"/>
</kw>
<kw name="Evaluate" library="BuiltIn">
<var>${STATE}</var>
<arg>json.loads('''{}''')</arg>
<arg>json</arg>
<doc>Evaluates the given expression in Python and returns the result.</doc>
<msg timestamp="20230718 11:02:19.225" level="INFO">${STATE} = {}</msg>
<status status="PASS" starttime="20230718 11:02:19.224" endtime="20230718 11:02:19.226"/>
</kw>
<status status="PASS" starttime="20230718 11:02:15.568" endtime="20230718 11:02:19.226"/>
</kw>
<kw name="When Enter &quot;text&quot; in &quot;Tên đăng nhập&quot; with &quot;_RANDOM_&quot;" library="common" sourcename="Enter &quot;${type}&quot; in &quot;${name}&quot; with &quot;${text}&quot;">
<kw name="Get Random Text" library="common">
<var>${text}</var>
<arg>${type}</arg>
<arg>${text}</arg>
<kw name="Set Variable" library="BuiltIn">
<var>${symbol}</var>
<arg>_RANDOM_</arg>
<doc>Returns the given values which can then be assigned to a variables.</doc>
<msg timestamp="20230718 11:02:19.232" level="INFO">${symbol} = _RANDOM_</msg>
<status status="PASS" starttime="20230718 11:02:19.231" endtime="20230718 11:02:19.232"/>
</kw>
<kw name="Set Variable" library="BuiltIn">
<var>${new_text}</var>
<doc>Returns the given values which can then be assigned to a variables.</doc>
<msg timestamp="20230718 11:02:19.233" level="INFO">${new_text} = </msg>
<status status="PASS" starttime="20230718 11:02:19.233" endtime="20230718 11:02:19.233"/>
</kw>
<kw name="Get Regexp Matches" library="String">
<var>${containsS}</var>
<arg>${text}</arg>
<arg>_@(.+)@_</arg>
<arg>1</arg>
<doc>Returns a list of all non-overlapping matches in the given string.</doc>
<msg timestamp="20230718 11:02:19.235" level="INFO">${containsS} = []</msg>
<status status="PASS" starttime="20230718 11:02:19.234" endtime="20230718 11:02:19.235"/>
</kw>
<kw name="Get Length" library="BuiltIn">
<var>${cntS}</var>
<arg>${containsS}</arg>
<doc>Returns and logs the length of the given item as an integer.</doc>
<msg timestamp="20230718 11:02:19.236" level="INFO">Length is 0</msg>
<msg timestamp="20230718 11:02:19.236" level="INFO">${cntS} = 0</msg>
<status status="PASS" starttime="20230718 11:02:19.235" endtime="20230718 11:02:19.236"/>
</kw>
<kw name="Get Regexp Matches" library="String">
<var>${contains}</var>
<arg>${text}</arg>
<arg>${symbol}</arg>
<doc>Returns a list of all non-overlapping matches in the given string.</doc>
<msg timestamp="20230718 11:02:19.237" level="INFO">${contains} = ['_RANDOM_']</msg>
<status status="PASS" starttime="20230718 11:02:19.236" endtime="20230718 11:02:19.237"/>
</kw>
<kw name="Get Length" library="BuiltIn">
<var>${cnt}</var>
<arg>${contains}</arg>
<doc>Returns and logs the length of the given item as an integer.</doc>
<msg timestamp="20230718 11:02:19.239" level="INFO">Length is 1</msg>
<msg timestamp="20230718 11:02:19.239" level="INFO">${cnt} = 1</msg>
<status status="PASS" starttime="20230718 11:02:19.238" endtime="20230718 11:02:19.239"/>
</kw>
<if>
<branch type="IF" condition="${cntS} &gt; 0">
<kw name="Set Variable" library="BuiltIn">
<var>${new_text}</var>
<arg>${STATE["${containsS[0]}"]}</arg>
<doc>Returns the given values which can then be assigned to a variables.</doc>
<status status="NOT RUN" starttime="20230718 11:02:19.240" endtime="20230718 11:02:19.241"/>
</kw>
<kw name="Set Variable" library="BuiltIn">
<var>${symbol}</var>
<arg>_@${containsS[0]}@_</arg>
<doc>Returns the given values which can then be assigned to a variables.</doc>
<status status="NOT RUN" starttime="20230718 11:02:19.242" endtime="20230718 11:02:19.242"/>
</kw>
<status status="NOT RUN" starttime="20230718 11:02:19.239" endtime="20230718 11:02:19.242"/>
</branch>
<branch type="ELSE IF" condition="${cnt} &gt; 0 and '${type}' == 'test name'">
<kw name="Sentence" library="FakerLibrary">
<var>${random}</var>
<arg>nb_words=3</arg>
<doc>Generate a sentence.</doc>
<status status="NOT RUN" starttime="20230718 11:02:19.242" endtime="20230718 11:02:19.242"/>
</kw>
<kw name="Split String" library="String">
<var>${words}</var>
<arg>${TEST NAME}</arg>
<arg>${SPACE}</arg>
<doc>Splits the ``string`` using ``separator`` as a delimiter string.</doc>
<status status="NOT RUN" starttime="20230718 11:02:19.242" endtime="20230718 11:02:19.242"/>
</kw>
<kw name="Set Variable" library="BuiltIn">
<var>${new_text}</var>
<arg>${words[0]} ${random}</arg>
<doc>Returns the given values which can then be assigned to a variables.</doc>
<status status="NOT RUN" starttime="20230718 11:02:19.242" endtime="20230718 11:02:19.242"/>
</kw>
<status status="NOT RUN" starttime="20230718 11:02:19.242" endtime="20230718 11:02:19.242"/>
</branch>
<branch type="ELSE IF" condition="${cnt} &gt; 0 and '${type}' == 'number'">
<kw name="Random Int" library="FakerLibrary">
<var>${new_text}</var>
<arg>min=1000000000000</arg>
<arg>max=9999999999999</arg>
<doc>Generate a random integer between two integers ``min`` and ``max`` inclusive
while observing the provided ``step`` value.</doc>
<status status="NOT RUN" starttime="20230718 11:02:19.247" endtime="20230718 11:02:19.248"/>
</kw>
<kw name="Convert To String" library="BuiltIn">
<var>${new_text}</var>
<arg>${new_text}</arg>
<doc>Converts the given item to a Unicode string.</doc>
<status status="NOT RUN" starttime="20230718 11:02:19.248" endtime="20230718 11:02:19.249"/>
</kw>
<status status="NOT RUN" starttime="20230718 11:02:19.247" endtime="20230718 11:02:19.249"/>
</branch>
<branch type="ELSE IF" condition="${cnt} &gt; 0 and '${type}' == 'leave date'">
<kw name="Random Int" library="FakerLibrary">
<var>${new_text}</var>
<arg>min=0</arg>
<arg>max=16</arg>
<doc>Generate a random integer between two integers ``min`` and ``max`` inclusive
while observing the provided ``step`` value.</doc>
<status status="NOT RUN" starttime="20230718 11:02:19.250" endtime="20230718 11:02:19.250"/>
</kw>
<kw name="Convert To String" library="BuiltIn">
<var>${new_text}</var>
<arg>${new_text}</arg>
<doc>Converts the given item to a Unicode string.</doc>
<status status="NOT RUN" starttime="20230718 11:02:19.251" endtime="20230718 11:02:19.251"/>
</kw>
<status status="NOT RUN" starttime="20230718 11:02:19.249" endtime="20230718 11:02:19.251"/>
</branch>
<branch type="ELSE IF" condition="${cnt} &gt; 0 and '${type}' == 'percentage'">
<kw name="Random Int" library="FakerLibrary">
<var>${new_text}</var>
<arg>max=100</arg>
<doc>Generate a random integer between two integers ``min`` and ``max`` inclusive
while observing the provided ``step`` value.</doc>
<status status="NOT RUN" starttime="20230718 11:02:19.253" endtime="20230718 11:02:19.253"/>
</kw>
<kw name="Convert To String" library="BuiltIn">
<var>${new_text}</var>
<arg>${new_text}</arg>
<doc>Converts the given item to a Unicode string.</doc>
<status status="NOT RUN" starttime="20230718 11:02:19.253" endtime="20230718 11:02:19.254"/>
</kw>
<status status="NOT RUN" starttime="20230718 11:02:19.252" endtime="20230718 11:02:19.254"/>
</branch>
<branch type="ELSE IF" condition="${cnt} &gt; 0 and '${type}' == 'paragraph'">
<kw name="Paragraph" library="FakerLibrary">
<var>${new_text}</var>
<doc>Generate a paragraph.</doc>
<status status="NOT RUN" starttime="20230718 11:02:19.255" endtime="20230718 11:02:19.255"/>
</kw>
<status status="NOT RUN" starttime="20230718 11:02:19.254" endtime="20230718 11:02:19.255"/>
</branch>
<branch type="ELSE IF" condition="${cnt} &gt; 0 and '${type}' == 'email'">
<kw name="Email" library="FakerLibrary">
<var>${new_text}</var>
<status status="NOT RUN" starttime="20230718 11:02:19.259" endtime="20230718 11:02:19.261"/>
</kw>
<status status="NOT RUN" starttime="20230718 11:02:19.256" endtime="20230718 11:02:19.261"/>
</branch>
<branch type="ELSE IF" condition="${cnt} &gt; 0 and '${type}' == 'phone'">
<kw name="Random Int" library="FakerLibrary">
<var>${new_text}</var>
<arg>min=55555555</arg>
<arg>max=999999999999</arg>
<doc>Generate a random integer between two integers ``min`` and ``max`` inclusive
while observing the provided ``step`` value.</doc>
<status status="NOT RUN" starttime="20230718 11:02:19.264" endtime="20230718 11:02:19.265"/>
</kw>
<kw name="Convert To String" library="BuiltIn">
<var>${new_text}</var>
<arg>${new_text}</arg>
<doc>Converts the given item to a Unicode string.</doc>
<status status="NOT RUN" starttime="20230718 11:02:19.265" endtime="20230718 11:02:19.266"/>
</kw>
<status status="NOT RUN" starttime="20230718 11:02:19.262" endtime="20230718 11:02:19.266"/>
</branch>
<branch type="ELSE IF" condition="${cnt} &gt; 0 and '${type}' == 'color'">
<kw name="Safe Hex Color" library="FakerLibrary">
<var>${new_text}</var>
<doc>Generate a web-safe color formatted as a hex triplet.</doc>
<status status="NOT RUN" starttime="20230718 11:02:19.267" endtime="20230718 11:02:19.267"/>
</kw>
<status status="NOT RUN" starttime="20230718 11:02:19.266" endtime="20230718 11:02:19.268"/>
</branch>
<branch type="ELSE IF" condition="${cnt} &gt; 0 and '${type}' == 'date'">
<kw name="Date" library="FakerLibrary">
<var>${new_text}</var>
<arg>pattern=%d-%m-%Y</arg>
<doc>Get a date string between January 1, 1970 and now.</doc>
<status status="NOT RUN" starttime="20230718 11:02:19.269" endtime="20230718 11:02:19.269"/>
</kw>
<status status="NOT RUN" starttime="20230718 11:02:19.268" endtime="20230718 11:02:19.269"/>
</branch>
<branch type="ELSE IF" condition="${cnt} &gt; 0 and '${type}' == 'word'">
<kw name="Sentence" library="FakerLibrary">
<var>${new_text}</var>
<arg>nb_words=2</arg>
<doc>Generate a sentence.</doc>
<status status="NOT RUN" starttime="20230718 11:02:19.270" endtime="20230718 11:02:19.271"/>
</kw>
<status status="NOT RUN" starttime="20230718 11:02:19.270" endtime="20230718 11:02:19.271"/>
</branch>
<branch type="ELSE IF" condition="${cnt} &gt; 0">
<kw name="Sentence" library="FakerLibrary">
<var>${new_text}</var>
<doc>Generate a sentence.</doc>
<msg timestamp="20230718 11:02:19.273" level="INFO">${new_text} = Quae nostrum atque ea veniam.</msg>
<status status="PASS" starttime="20230718 11:02:19.272" endtime="20230718 11:02:19.273"/>
</kw>
<status status="PASS" starttime="20230718 11:02:19.271" endtime="20230718 11:02:19.273"/>
</branch>
<status status="PASS" starttime="20230718 11:02:19.239" endtime="20230718 11:02:19.274"/>
</if>
<kw name="Get Length" library="BuiltIn">
<var>${cnt}</var>
<arg>${text}</arg>
<doc>Returns and logs the length of the given item as an integer.</doc>
<msg timestamp="20230718 11:02:19.276" level="INFO">Length is 8</msg>
<msg timestamp="20230718 11:02:19.276" level="INFO">${cnt} = 8</msg>
<status status="PASS" starttime="20230718 11:02:19.275" endtime="20230718 11:02:19.276"/>
</kw>
<if>
<branch type="IF" condition="${cnt} &gt; 0">
<kw name="Replace String" library="String">
<var>${text}</var>
<arg>${text}</arg>
<arg>${symbol}</arg>
<arg>${new_text}</arg>
<doc>Replaces ``search_for`` in the given ``string`` with ``replace_with``.</doc>
<msg timestamp="20230718 11:02:19.279" level="INFO">${text} = Quae nostrum atque ea veniam.</msg>
<status status="PASS" starttime="20230718 11:02:19.278" endtime="20230718 11:02:19.279"/>
</kw>
<status status="PASS" starttime="20230718 11:02:19.277" endtime="20230718 11:02:19.279"/>
</branch>
<status status="PASS" starttime="20230718 11:02:19.277" endtime="20230718 11:02:19.280"/>
</if>
<msg timestamp="20230718 11:02:19.280" level="INFO">${text} = Quae nostrum atque ea veniam.</msg>
<status status="PASS" starttime="20230718 11:02:19.230" endtime="20230718 11:02:19.280"/>
</kw>
<kw name="Get Element Form Item By Name" library="common">
<var>${element}</var>
<arg>${name}</arg>
<arg>//input[contains(@class, "ant-input")]</arg>
<msg timestamp="20230718 11:02:19.282" level="INFO">${element} = xpath=//*[contains(@class, "ant-form-item-label")]/label[text()="Tên đăng nhập"]/../../*[contains(@class, "ant-form-item")]//input[contains(@class, "ant-input")]</msg>
<status status="PASS" starttime="20230718 11:02:19.281" endtime="20230718 11:02:19.282"/>
</kw>
<kw name="Clear Text" library="Browser">
<arg>${element}</arg>
<tag>PageContent</tag>
<tag>Setter</tag>
<doc>Clears the text field found by ``selector``.</doc>
<status status="PASS" starttime="20230718 11:02:19.282" endtime="20230718 11:02:21.834"/>
</kw>
<kw name="Fill Text" library="Browser">
<arg>${element}</arg>
<arg>${text}</arg>
<arg>True</arg>
<tag>PageContent</tag>
<tag>Setter</tag>
<doc>Clears and fills the given ``txt`` into the text field found by ``selector``.</doc>
<msg timestamp="20230718 11:02:21.834" level="INFO">Fills the text 'Quae nostrum atque ea veniam.' in the given field.</msg>
<status status="PASS" starttime="20230718 11:02:21.834" endtime="20230718 11:02:21.903"/>
</kw>
<kw name="Get Length" library="BuiltIn">
<var>${cnt}</var>
<arg>${text}</arg>
<doc>Returns and logs the length of the given item as an integer.</doc>
<msg timestamp="20230718 11:02:21.903" level="INFO">Length is 29</msg>
<msg timestamp="20230718 11:02:21.903" level="INFO">${cnt} = 29</msg>
<status status="PASS" starttime="20230718 11:02:21.903" endtime="20230718 11:02:21.903"/>
</kw>
<if>
<branch type="IF" condition="${cnt} &gt; 0">
<kw name="Set Global Variable" library="BuiltIn">
<arg>${STATE["${name}"]}</arg>
<arg>${text}</arg>
<doc>Makes a variable available globally in all tests and suites.</doc>
<msg timestamp="20230718 11:02:21.903" level="INFO">${STATE["Tên đăng nhập"]} = Quae nostrum atque ea veniam.</msg>
<status status="PASS" starttime="20230718 11:02:21.903" endtime="20230718 11:02:21.903"/>
</kw>
<status status="PASS" starttime="20230718 11:02:21.903" endtime="20230718 11:02:21.903"/>
</branch>
<status status="PASS" starttime="20230718 11:02:21.903" endtime="20230718 11:02:21.903"/>
</if>
<status status="PASS" starttime="20230718 11:02:19.229" endtime="20230718 11:02:21.903"/>
</kw>
<kw name="When Enter &quot;text&quot; in &quot;Mật khẩu&quot; with &quot;_RANDOM_&quot;" library="common" sourcename="Enter &quot;${type}&quot; in &quot;${name}&quot; with &quot;${text}&quot;">
<kw name="Get Random Text" library="common">
<var>${text}</var>
<arg>${type}</arg>
<arg>${text}</arg>
<kw name="Set Variable" library="BuiltIn">
<var>${symbol}</var>
<arg>_RANDOM_</arg>
<doc>Returns the given values which can then be assigned to a variables.</doc>
<msg timestamp="20230718 11:02:21.919" level="INFO">${symbol} = _RANDOM_</msg>
<status status="PASS" starttime="20230718 11:02:21.919" endtime="20230718 11:02:21.919"/>
</kw>
<kw name="Set Variable" library="BuiltIn">
<var>${new_text}</var>
<doc>Returns the given values which can then be assigned to a variables.</doc>
<msg timestamp="20230718 11:02:21.919" level="INFO">${new_text} = </msg>
<status status="PASS" starttime="20230718 11:02:21.919" endtime="20230718 11:02:21.919"/>
</kw>
<kw name="Get Regexp Matches" library="String">
<var>${containsS}</var>
<arg>${text}</arg>
<arg>_@(.+)@_</arg>
<arg>1</arg>
<doc>Returns a list of all non-overlapping matches in the given string.</doc>
<msg timestamp="20230718 11:02:21.919" level="INFO">${containsS} = []</msg>
<status status="PASS" starttime="20230718 11:02:21.919" endtime="20230718 11:02:21.919"/>
</kw>
<kw name="Get Length" library="BuiltIn">
<var>${cntS}</var>
<arg>${containsS}</arg>
<doc>Returns and logs the length of the given item as an integer.</doc>
<msg timestamp="20230718 11:02:21.919" level="INFO">Length is 0</msg>
<msg timestamp="20230718 11:02:21.919" level="INFO">${cntS} = 0</msg>
<status status="PASS" starttime="20230718 11:02:21.919" endtime="20230718 11:02:21.919"/>
</kw>
<kw name="Get Regexp Matches" library="String">
<var>${contains}</var>
<arg>${text}</arg>
<arg>${symbol}</arg>
<doc>Returns a list of all non-overlapping matches in the given string.</doc>
<msg timestamp="20230718 11:02:21.919" level="INFO">${contains} = ['_RANDOM_']</msg>
<status status="PASS" starttime="20230718 11:02:21.919" endtime="20230718 11:02:21.919"/>
</kw>
<kw name="Get Length" library="BuiltIn">
<var>${cnt}</var>
<arg>${contains}</arg>
<doc>Returns and logs the length of the given item as an integer.</doc>
<msg timestamp="20230718 11:02:21.919" level="INFO">Length is 1</msg>
<msg timestamp="20230718 11:02:21.919" level="INFO">${cnt} = 1</msg>
<status status="PASS" starttime="20230718 11:02:21.919" endtime="20230718 11:02:21.919"/>
</kw>
<if>
<branch type="IF" condition="${cntS} &gt; 0">
<kw name="Set Variable" library="BuiltIn">
<var>${new_text}</var>
<arg>${STATE["${containsS[0]}"]}</arg>
<doc>Returns the given values which can then be assigned to a variables.</doc>
<status status="NOT RUN" starttime="20230718 11:02:21.919" endtime="20230718 11:02:21.919"/>
</kw>
<kw name="Set Variable" library="BuiltIn">
<var>${symbol}</var>
<arg>_@${containsS[0]}@_</arg>
<doc>Returns the given values which can then be assigned to a variables.</doc>
<status status="NOT RUN" starttime="20230718 11:02:21.919" endtime="20230718 11:02:21.919"/>
</kw>
<status status="NOT RUN" starttime="20230718 11:02:21.919" endtime="20230718 11:02:21.919"/>
</branch>
<branch type="ELSE IF" condition="${cnt} &gt; 0 and '${type}' == 'test name'">
<kw name="Sentence" library="FakerLibrary">
<var>${random}</var>
<arg>nb_words=3</arg>
<doc>Generate a sentence.</doc>
<status status="NOT RUN" starttime="20230718 11:02:21.919" endtime="20230718 11:02:21.919"/>
</kw>
<kw name="Split String" library="String">
<var>${words}</var>
<arg>${TEST NAME}</arg>
<arg>${SPACE}</arg>
<doc>Splits the ``string`` using ``separator`` as a delimiter string.</doc>
<status status="NOT RUN" starttime="20230718 11:02:21.919" endtime="20230718 11:02:21.919"/>
</kw>
<kw name="Set Variable" library="BuiltIn">
<var>${new_text}</var>
<arg>${words[0]} ${random}</arg>
<doc>Returns the given values which can then be assigned to a variables.</doc>
<status status="NOT RUN" starttime="20230718 11:02:21.919" endtime="20230718 11:02:21.919"/>
</kw>
<status status="NOT RUN" starttime="20230718 11:02:21.919" endtime="20230718 11:02:21.919"/>
</branch>
<branch type="ELSE IF" condition="${cnt} &gt; 0 and '${type}' == 'number'">
<kw name="Random Int" library="FakerLibrary">
<var>${new_text}</var>
<arg>min=1000000000000</arg>
<arg>max=9999999999999</arg>
<doc>Generate a random integer between two integers ``min`` and ``max`` inclusive
while observing the provided ``step`` value.</doc>
<status status="NOT RUN" starttime="20230718 11:02:21.919" endtime="20230718 11:02:21.919"/>
</kw>
<kw name="Convert To String" library="BuiltIn">
<var>${new_text}</var>
<arg>${new_text}</arg>
<doc>Converts the given item to a Unicode string.</doc>
<status status="NOT RUN" starttime="20230718 11:02:21.919" endtime="20230718 11:02:21.919"/>
</kw>
<status status="NOT RUN" starttime="20230718 11:02:21.919" endtime="20230718 11:02:21.919"/>
</branch>
<branch type="ELSE IF" condition="${cnt} &gt; 0 and '${type}' == 'leave date'">
<kw name="Random Int" library="FakerLibrary">
<var>${new_text}</var>
<arg>min=0</arg>
<arg>max=16</arg>
<doc>Generate a random integer between two integers ``min`` and ``max`` inclusive
while observing the provided ``step`` value.</doc>
<status status="NOT RUN" starttime="20230718 11:02:21.935" endtime="20230718 11:02:21.935"/>
</kw>
<kw name="Convert To String" library="BuiltIn">
<var>${new_text}</var>
<arg>${new_text}</arg>
<doc>Converts the given item to a Unicode string.</doc>
<status status="NOT RUN" starttime="20230718 11:02:21.935" endtime="20230718 11:02:21.935"/>
</kw>
<status status="NOT RUN" starttime="20230718 11:02:21.919" endtime="20230718 11:02:21.935"/>
</branch>
<branch type="ELSE IF" condition="${cnt} &gt; 0 and '${type}' == 'percentage'">
<kw name="Random Int" library="FakerLibrary">
<var>${new_text}</var>
<arg>max=100</arg>
<doc>Generate a random integer between two integers ``min`` and ``max`` inclusive
while observing the provided ``step`` value.</doc>
<status status="NOT RUN" starttime="20230718 11:02:21.935" endtime="20230718 11:02:21.939"/>
</kw>
<kw name="Convert To String" library="BuiltIn">
<var>${new_text}</var>
<arg>${new_text}</arg>
<doc>Converts the given item to a Unicode string.</doc>
<status status="NOT RUN" starttime="20230718 11:02:21.939" endtime="20230718 11:02:21.940"/>
</kw>
<status status="NOT RUN" starttime="20230718 11:02:21.935" endtime="20230718 11:02:21.940"/>
</branch>
<branch type="ELSE IF" condition="${cnt} &gt; 0 and '${type}' == 'paragraph'">
<kw name="Paragraph" library="FakerLibrary">
<var>${new_text}</var>
<doc>Generate a paragraph.</doc>
<status status="NOT RUN" starttime="20230718 11:02:21.941" endtime="20230718 11:02:21.942"/>
</kw>
<status status="NOT RUN" starttime="20230718 11:02:21.941" endtime="20230718 11:02:21.942"/>
</branch>
<branch type="ELSE IF" condition="${cnt} &gt; 0 and '${type}' == 'email'">
<kw name="Email" library="FakerLibrary">
<var>${new_text}</var>
<status status="NOT RUN" starttime="20230718 11:02:21.944" endtime="20230718 11:02:21.944"/>
</kw>
<status status="NOT RUN" starttime="20230718 11:02:21.942" endtime="20230718 11:02:21.944"/>
</branch>
<branch type="ELSE IF" condition="${cnt} &gt; 0 and '${type}' == 'phone'">
<kw name="Random Int" library="FakerLibrary">
<var>${new_text}</var>
<arg>min=55555555</arg>
<arg>max=999999999999</arg>
<doc>Generate a random integer between two integers ``min`` and ``max`` inclusive
while observing the provided ``step`` value.</doc>
<status status="NOT RUN" starttime="20230718 11:02:21.945" endtime="20230718 11:02:21.946"/>
</kw>
<kw name="Convert To String" library="BuiltIn">
<var>${new_text}</var>
<arg>${new_text}</arg>
<doc>Converts the given item to a Unicode string.</doc>
<status status="NOT RUN" starttime="20230718 11:02:21.946" endtime="20230718 11:02:21.946"/>
</kw>
<status status="NOT RUN" starttime="20230718 11:02:21.945" endtime="20230718 11:02:21.946"/>
</branch>
<branch type="ELSE IF" condition="${cnt} &gt; 0 and '${type}' == 'color'">
<kw name="Safe Hex Color" library="FakerLibrary">
<var>${new_text}</var>
<doc>Generate a web-safe color formatted as a hex triplet.</doc>
<status status="NOT RUN" starttime="20230718 11:02:21.947" endtime="20230718 11:02:21.948"/>
</kw>
<status status="NOT RUN" starttime="20230718 11:02:21.947" endtime="20230718 11:02:21.948"/>
</branch>
<branch type="ELSE IF" condition="${cnt} &gt; 0 and '${type}' == 'date'">
<kw name="Date" library="FakerLibrary">
<var>${new_text}</var>
<arg>pattern=%d-%m-%Y</arg>
<doc>Get a date string between January 1, 1970 and now.</doc>
<status status="NOT RUN" starttime="20230718 11:02:21.949" endtime="20230718 11:02:21.949"/>
</kw>
<status status="NOT RUN" starttime="20230718 11:02:21.948" endtime="20230718 11:02:21.949"/>
</branch>
<branch type="ELSE IF" condition="${cnt} &gt; 0 and '${type}' == 'word'">
<kw name="Sentence" library="FakerLibrary">
<var>${new_text}</var>
<arg>nb_words=2</arg>
<doc>Generate a sentence.</doc>
<status status="NOT RUN" starttime="20230718 11:02:21.950" endtime="20230718 11:02:21.951"/>
</kw>
<status status="NOT RUN" starttime="20230718 11:02:21.950" endtime="20230718 11:02:21.951"/>
</branch>
<branch type="ELSE IF" condition="${cnt} &gt; 0">
<kw name="Sentence" library="FakerLibrary">
<var>${new_text}</var>
<doc>Generate a sentence.</doc>
<msg timestamp="20230718 11:02:21.954" level="INFO">${new_text} = Sunt perferendis quis illo atque totam nostrum.</msg>
<status status="PASS" starttime="20230718 11:02:21.952" endtime="20230718 11:02:21.954"/>
</kw>
<status status="PASS" starttime="20230718 11:02:21.952" endtime="20230718 11:02:21.954"/>
</branch>
<status status="PASS" starttime="20230718 11:02:21.919" endtime="20230718 11:02:21.955"/>
</if>
<kw name="Get Length" library="BuiltIn">
<var>${cnt}</var>
<arg>${text}</arg>
<doc>Returns and logs the length of the given item as an integer.</doc>
<msg timestamp="20230718 11:02:21.956" level="INFO">Length is 8</msg>
<msg timestamp="20230718 11:02:21.956" level="INFO">${cnt} = 8</msg>
<status status="PASS" starttime="20230718 11:02:21.955" endtime="20230718 11:02:21.956"/>
</kw>
<if>
<branch type="IF" condition="${cnt} &gt; 0">
<kw name="Replace String" library="String">
<var>${text}</var>
<arg>${text}</arg>
<arg>${symbol}</arg>
<arg>${new_text}</arg>
<doc>Replaces ``search_for`` in the given ``string`` with ``replace_with``.</doc>
<msg timestamp="20230718 11:02:21.961" level="INFO">${text} = Sunt perferendis quis illo atque totam nostrum.</msg>
<status status="PASS" starttime="20230718 11:02:21.959" endtime="20230718 11:02:21.961"/>
</kw>
<status status="PASS" starttime="20230718 11:02:21.957" endtime="20230718 11:02:21.961"/>
</branch>
<status status="PASS" starttime="20230718 11:02:21.956" endtime="20230718 11:02:21.962"/>
</if>
<msg timestamp="20230718 11:02:21.963" level="INFO">${text} = Sunt perferendis quis illo atque totam nostrum.</msg>
<status status="PASS" starttime="20230718 11:02:21.903" endtime="20230718 11:02:21.963"/>
</kw>
<kw name="Get Element Form Item By Name" library="common">
<var>${element}</var>
<arg>${name}</arg>
<arg>//input[contains(@class, "ant-input")]</arg>
<msg timestamp="20230718 11:02:21.965" level="INFO">${element} = xpath=//*[contains(@class, "ant-form-item-label")]/label[text()="Mật khẩu"]/../../*[contains(@class, "ant-form-item")]//input[contains(@class, "ant-input")]</msg>
[...]
</if>
<msg timestamp="20230718 11:04:37.801" level="INFO">${text} = indrajit13@example.com</msg>
<status status="PASS" starttime="20230718 11:04:37.755" endtime="20230718 11:04:37.801"/>
</kw>
<kw name="Get Element Form Item By Name" library="common">
<var>${element}</var>
<arg>${name}</arg>
<arg>//input[contains(@class, "ant-input")]</arg>
<msg timestamp="20230718 11:04:37.802" level="INFO">${element} = xpath=//*[contains(@class, "ant-form-item-label")]/label[text()="Tên đăng nhập"]/../../*[contains(@class, "ant-form-item")]//input[contains(@class, "ant-input")]</msg>
<status status="PASS" starttime="20230718 11:04:37.802" endtime="20230718 11:04:37.803"/>
</kw>
<kw name="Clear Text" library="Browser">
<arg>${element}</arg>
<tag>PageContent</tag>
<tag>Setter</tag>
<doc>Clears the text field found by ``selector``.</doc>
<status status="PASS" starttime="20230718 11:04:37.803" endtime="20230718 11:04:39.877"/>
</kw>
<kw name="Fill Text" library="Browser">
<arg>${element}</arg>
<arg>${text}</arg>
<arg>True</arg>
<tag>PageContent</tag>
<tag>Setter</tag>
<doc>Clears and fills the given ``txt`` into the text field found by ``selector``.</doc>
<msg timestamp="20230718 11:04:39.879" level="INFO">Fills the text 'indrajit13@example.com' in the given field.</msg>
<status status="PASS" starttime="20230718 11:04:39.878" endtime="20230718 11:04:39.928"/>
</kw>
<kw name="Get Length" library="BuiltIn">
<var>${cnt}</var>
<arg>${text}</arg>
<doc>Returns and logs the length of the given item as an integer.</doc>
<msg timestamp="20230718 11:04:39.944" level="INFO">Length is 22</msg>
<msg timestamp="20230718 11:04:39.944" level="INFO">${cnt} = 22</msg>
<status status="PASS" starttime="20230718 11:04:39.928" endtime="20230718 11:04:39.944"/>
</kw>
<if>
<branch type="IF" condition="${cnt} &gt; 0">
<kw name="Set Global Variable" library="BuiltIn">
<arg>${STATE["${name}"]}</arg>
<arg>${text}</arg>
<doc>Makes a variable available globally in all tests and suites.</doc>
<msg timestamp="20230718 11:04:39.944" level="INFO">${STATE["Tên đăng nhập"]} = indrajit13@example.com</msg>
<status status="PASS" starttime="20230718 11:04:39.944" endtime="20230718 11:04:39.944"/>
</kw>
<status status="PASS" starttime="20230718 11:04:39.944" endtime="20230718 11:04:39.944"/>
</branch>
<status status="PASS" starttime="20230718 11:04:39.944" endtime="20230718 11:04:39.944"/>
</if>
<status status="PASS" starttime="20230718 11:04:37.754" endtime="20230718 11:04:39.944"/>
</kw>
<kw name="And Enter &quot;text&quot; in &quot;Mật khẩu&quot; with &quot;_RANDOM_&quot;" library="common" sourcename="Enter &quot;${type}&quot; in &quot;${name}&quot; with &quot;${text}&quot;">
<kw name="Get Random Text" library="common">
<var>${text}</var>
<arg>${type}</arg>
<arg>${text}</arg>
<kw name="Set Variable" library="BuiltIn">
<var>${symbol}</var>
<arg>_RANDOM_</arg>
<doc>Returns the given values which can then be assigned to a variables.</doc>
<msg timestamp="20230718 11:04:39.944" level="INFO">${symbol} = _RANDOM_</msg>
<status status="PASS" starttime="20230718 11:04:39.944" endtime="20230718 11:04:39.944"/>
</kw>
<kw name="Set Variable" library="BuiltIn">
<var>${new_text}</var>
<doc>Returns the given values which can then be assigned to a variables.</doc>
<msg timestamp="20230718 11:04:39.944" level="INFO">${new_text} = </msg>
<status status="PASS" starttime="20230718 11:04:39.944" endtime="20230718 11:04:39.944"/>
</kw>
<kw name="Get Regexp Matches" library="String">
<var>${containsS}</var>
<arg>${text}</arg>
<arg>_@(.+)@_</arg>
<arg>1</arg>
<doc>Returns a list of all non-overlapping matches in the given string.</doc>
<msg timestamp="20230718 11:04:39.944" level="INFO">${containsS} = []</msg>
<status status="PASS" starttime="20230718 11:04:39.944" endtime="20230718 11:04:39.944"/>
</kw>
<kw name="Get Length" library="BuiltIn">
<var>${cntS}</var>
<arg>${containsS}</arg>
<doc>Returns and logs the length of the given item as an integer.</doc>
<msg timestamp="20230718 11:04:39.944" level="INFO">Length is 0</msg>
<msg timestamp="20230718 11:04:39.944" level="INFO">${cntS} = 0</msg>
<status status="PASS" starttime="20230718 11:04:39.944" endtime="20230718 11:04:39.944"/>
</kw>
<kw name="Get Regexp Matches" library="String">
<var>${contains}</var>
<arg>${text}</arg>
<arg>${symbol}</arg>
<doc>Returns a list of all non-overlapping matches in the given string.</doc>
<msg timestamp="20230718 11:04:39.944" level="INFO">${contains} = ['_RANDOM_']</msg>
<status status="PASS" starttime="20230718 11:04:39.944" endtime="20230718 11:04:39.944"/>
</kw>
<kw name="Get Length" library="BuiltIn">
<var>${cnt}</var>
<arg>${contains}</arg>
<doc>Returns and logs the length of the given item as an integer.</doc>
<msg timestamp="20230718 11:04:39.944" level="INFO">Length is 1</msg>
<msg timestamp="20230718 11:04:39.944" level="INFO">${cnt} = 1</msg>
<status status="PASS" starttime="20230718 11:04:39.944" endtime="20230718 11:04:39.944"/>
</kw>
<if>
<branch type="IF" condition="${cntS} &gt; 0">
<kw name="Set Variable" library="BuiltIn">
<var>${new_text}</var>
<arg>${STATE["${containsS[0]}"]}</arg>
<doc>Returns the given values which can then be assigned to a variables.</doc>
<status status="NOT RUN" starttime="20230718 11:04:39.959" endtime="20230718 11:04:39.959"/>
</kw>
<kw name="Set Variable" library="BuiltIn">
<var>${symbol}</var>
<arg>_@${containsS[0]}@_</arg>
<doc>Returns the given values which can then be assigned to a variables.</doc>
<status status="NOT RUN" starttime="20230718 11:04:39.959" endtime="20230718 11:04:39.959"/>
</kw>
<status status="NOT RUN" starttime="20230718 11:04:39.944" endtime="20230718 11:04:39.959"/>
</branch>
<branch type="ELSE IF" condition="${cnt} &gt; 0 and '${type}' == 'test name'">
<kw name="Sentence" library="FakerLibrary">
<var>${random}</var>
<arg>nb_words=3</arg>
<doc>Generate a sentence.</doc>
<status status="NOT RUN" starttime="20230718 11:04:39.963" endtime="20230718 11:04:39.963"/>
</kw>
<kw name="Split String" library="String">
<var>${words}</var>
<arg>${TEST NAME}</arg>
<arg>${SPACE}</arg>
<doc>Splits the ``string`` using ``separator`` as a delimiter string.</doc>
<status status="NOT RUN" starttime="20230718 11:04:39.964" endtime="20230718 11:04:39.964"/>
</kw>
<kw name="Set Variable" library="BuiltIn">
<var>${new_text}</var>
<arg>${words[0]} ${random}</arg>
<doc>Returns the given values which can then be assigned to a variables.</doc>
<status status="NOT RUN" starttime="20230718 11:04:39.965" endtime="20230718 11:04:39.965"/>
</kw>
<status status="NOT RUN" starttime="20230718 11:04:39.962" endtime="20230718 11:04:39.965"/>
</branch>
<branch type="ELSE IF" condition="${cnt} &gt; 0 and '${type}' == 'number'">
<kw name="Random Int" library="FakerLibrary">
<var>${new_text}</var>
<arg>min=1000000000000</arg>
<arg>max=9999999999999</arg>
<doc>Generate a random integer between two integers ``min`` and ``max`` inclusive
while observing the provided ``step`` value.</doc>
<status status="NOT RUN" starttime="20230718 11:04:39.966" endtime="20230718 11:04:39.967"/>
</kw>
<kw name="Convert To String" library="BuiltIn">
<var>${new_text}</var>
<arg>${new_text}</arg>
<doc>Converts the given item to a Unicode string.</doc>
<status status="NOT RUN" starttime="20230718 11:04:39.967" endtime="20230718 11:04:39.967"/>
</kw>
<status status="NOT RUN" starttime="20230718 11:04:39.966" endtime="20230718 11:04:39.968"/>
</branch>
<branch type="ELSE IF" condition="${cnt} &gt; 0 and '${type}' == 'leave date'">
<kw name="Random Int" library="FakerLibrary">
<var>${new_text}</var>
<arg>min=0</arg>
<arg>max=16</arg>
<doc>Generate a random integer between two integers ``min`` and ``max`` inclusive
while observing the provided ``step`` value.</doc>
<status status="NOT RUN" starttime="20230718 11:04:39.968" endtime="20230718 11:04:39.969"/>
</kw>
<kw name="Convert To String" library="BuiltIn">
<var>${new_text}</var>
<arg>${new_text}</arg>
<doc>Converts the given item to a Unicode string.</doc>
<status status="NOT RUN" starttime="20230718 11:04:39.969" endtime="20230718 11:04:39.969"/>
</kw>
<status status="NOT RUN" starttime="20230718 11:04:39.968" endtime="20230718 11:04:39.970"/>
</branch>
<branch type="ELSE IF" condition="${cnt} &gt; 0 and '${type}' == 'percentage'">
<kw name="Random Int" library="FakerLibrary">
<var>${new_text}</var>
<arg>max=100</arg>
<doc>Generate a random integer between two integers ``min`` and ``max`` inclusive
while observing the provided ``step`` value.</doc>
<status status="NOT RUN" starttime="20230718 11:04:39.971" endtime="20230718 11:04:39.971"/>
</kw>
<kw name="Convert To String" library="BuiltIn">
<var>${new_text}</var>
<arg>${new_text}</arg>
<doc>Converts the given item to a Unicode string.</doc>
<status status="NOT RUN" starttime="20230718 11:04:39.972" endtime="20230718 11:04:39.972"/>
</kw>
<status status="NOT RUN" starttime="20230718 11:04:39.970" endtime="20230718 11:04:39.972"/>
</branch>
<branch type="ELSE IF" condition="${cnt} &gt; 0 and '${type}' == 'paragraph'">
<kw name="Paragraph" library="FakerLibrary">
<var>${new_text}</var>
<doc>Generate a paragraph.</doc>
<status status="NOT RUN" starttime="20230718 11:04:39.973" endtime="20230718 11:04:39.974"/>
</kw>
<status status="NOT RUN" starttime="20230718 11:04:39.972" endtime="20230718 11:04:39.974"/>
</branch>
<branch type="ELSE IF" condition="${cnt} &gt; 0 and '${type}' == 'email'">
<kw name="Email" library="FakerLibrary">
<var>${new_text}</var>
<status status="NOT RUN" starttime="20230718 11:04:39.979" endtime="20230718 11:04:39.981"/>
</kw>
<status status="NOT RUN" starttime="20230718 11:04:39.975" endtime="20230718 11:04:39.982"/>
</branch>
<branch type="ELSE IF" condition="${cnt} &gt; 0 and '${type}' == 'phone'">
<kw name="Random Int" library="FakerLibrary">
<var>${new_text}</var>
<arg>min=55555555</arg>
<arg>max=999999999999</arg>
<doc>Generate a random integer between two integers ``min`` and ``max`` inclusive
while observing the provided ``step`` value.</doc>
<status status="NOT RUN" starttime="20230718 11:04:39.985" endtime="20230718 11:04:39.985"/>
</kw>
<kw name="Convert To String" library="BuiltIn">
<var>${new_text}</var>
<arg>${new_text}</arg>
<doc>Converts the given item to a Unicode string.</doc>
<status status="NOT RUN" starttime="20230718 11:04:39.986" endtime="20230718 11:04:39.986"/>
</kw>
<status status="NOT RUN" starttime="20230718 11:04:39.983" endtime="20230718 11:04:39.986"/>
</branch>
<branch type="ELSE IF" condition="${cnt} &gt; 0 and '${type}' == 'color'">
<kw name="Safe Hex Color" library="FakerLibrary">
<var>${new_text}</var>
<doc>Generate a web-safe color formatted as a hex triplet.</doc>
<status status="NOT RUN" starttime="20230718 11:04:39.987" endtime="20230718 11:04:39.988"/>
</kw>
<status status="NOT RUN" starttime="20230718 11:04:39.987" endtime="20230718 11:04:39.988"/>
</branch>
<branch type="ELSE IF" condition="${cnt} &gt; 0 and '${type}' == 'date'">
<kw name="Date" library="FakerLibrary">
<var>${new_text}</var>
<arg>pattern=%d-%m-%Y</arg>
<doc>Get a date string between January 1, 1970 and now.</doc>
<status status="NOT RUN" starttime="20230718 11:04:39.989" endtime="20230718 11:04:39.989"/>
</kw>
<status status="NOT RUN" starttime="20230718 11:04:39.988" endtime="20230718 11:04:39.989"/>
</branch>
<branch type="ELSE IF" condition="${cnt} &gt; 0 and '${type}' == 'word'">
<kw name="Sentence" library="FakerLibrary">
<var>${new_text}</var>
<arg>nb_words=2</arg>
<doc>Generate a sentence.</doc>
<status status="NOT RUN" starttime="20230718 11:04:39.990" endtime="20230718 11:04:39.990"/>
</kw>
<status status="NOT RUN" starttime="20230718 11:04:39.990" endtime="20230718 11:04:39.991"/>
</branch>
<branch type="ELSE IF" condition="${cnt} &gt; 0">
<kw name="Sentence" library="FakerLibrary">
<var>${new_text}</var>
<doc>Generate a sentence.</doc>
<msg timestamp="20230718 11:04:39.992" level="INFO">${new_text} = Temporibus vero dicta dolorum illo totam est aspernatur.</msg>
<status status="PASS" starttime="20230718 11:04:39.992" endtime="20230718 11:04:39.992"/>
</kw>
<status status="PASS" starttime="20230718 11:04:39.992" endtime="20230718 11:04:39.992"/>
</branch>
<status status="PASS" starttime="20230718 11:04:39.944" endtime="20230718 11:04:39.992"/>
</if>
<kw name="Get Length" library="BuiltIn">
<var>${cnt}</var>
<arg>${text}</arg>
<doc>Returns and logs the length of the given item as an integer.</doc>
<msg timestamp="20230718 11:04:39.992" level="INFO">Length is 8</msg>
<msg timestamp="20230718 11:04:39.992" level="INFO">${cnt} = 8</msg>
<status status="PASS" starttime="20230718 11:04:39.992" endtime="20230718 11:04:39.992"/>
</kw>
<if>
<branch type="IF" condition="${cnt} &gt; 0">
<kw name="Replace String" library="String">
<var>${text}</var>
<arg>${text}</arg>
<arg>${symbol}</arg>
<arg>${new_text}</arg>
<doc>Replaces ``search_for`` in the given ``string`` with ``replace_with``.</doc>
<msg timestamp="20230718 11:04:40.000" level="INFO">${text} = Temporibus vero dicta dolorum illo totam est aspernatur.</msg>
<status status="PASS" starttime="20230718 11:04:39.999" endtime="20230718 11:04:40.000"/>
</kw>
<status status="PASS" starttime="20230718 11:04:39.998" endtime="20230718 11:04:40.000"/>
</branch>
<status status="PASS" starttime="20230718 11:04:39.997" endtime="20230718 11:04:40.001"/>
</if>
<msg timestamp="20230718 11:04:40.001" level="INFO">${text} = Temporibus vero dicta dolorum illo totam est aspernatur.</msg>
<status status="PASS" starttime="20230718 11:04:39.944" endtime="20230718 11:04:40.001"/>
</kw>
<kw name="Get Element Form Item By Name" library="common">
<var>${element}</var>
<arg>${name}</arg>
<arg>//input[contains(@class, "ant-input")]</arg>
<msg timestamp="20230718 11:04:40.003" level="INFO">${element} = xpath=//*[contains(@class, "ant-form-item-label")]/label[text()="Mật khẩu"]/../../*[contains(@class, "ant-form-item")]//input[contains(@class, "ant-input")]</msg>
<status status="PASS" starttime="20230718 11:04:40.002" endtime="20230718 11:04:40.003"/>
</kw>
<kw name="Clear Text" library="Browser">
<arg>${element}</arg>
<tag>PageContent</tag>
<tag>Setter</tag>
<doc>Clears the text field found by ``selector``.</doc>
<status status="PASS" starttime="20230718 11:04:40.004" endtime="20230718 11:04:40.084"/>
</kw>
<kw name="Fill Text" library="Browser">
<arg>${element}</arg>
<arg>${text}</arg>
<arg>True</arg>
<tag>PageContent</tag>
<tag>Setter</tag>
<doc>Clears and fills the given ``txt`` into the text field found by ``selector``.</doc>
<msg timestamp="20230718 11:04:40.085" level="INFO">Fills the text 'Temporibus vero dicta dolorum illo totam est aspernatur.' in the given field.</msg>
<status status="PASS" starttime="20230718 11:04:40.085" endtime="20230718 11:04:40.230"/>
</kw>
<kw name="Get Length" library="BuiltIn">
<var>${cnt}</var>
<arg>${text}</arg>
<doc>Returns and logs the length of the given item as an integer.</doc>
<msg timestamp="20230718 11:04:40.234" level="INFO">Length is 56</msg>
<msg timestamp="20230718 11:04:40.235" level="INFO">${cnt} = 56</msg>
<status status="PASS" starttime="20230718 11:04:40.232" endtime="20230718 11:04:40.235"/>
</kw>
<if>
<branch type="IF" condition="${cnt} &gt; 0">
<kw name="Set Global Variable" library="BuiltIn">
<arg>${STATE["${name}"]}</arg>
<arg>${text}</arg>
<doc>Makes a variable available globally in all tests and suites.</doc>
<msg timestamp="20230718 11:04:40.240" level="INFO">${STATE["Mật khẩu"]} = Temporibus vero dicta dolorum illo totam est aspernatur.</msg>
<status status="PASS" starttime="20230718 11:04:40.236" endtime="20230718 11:04:40.240"/>
</kw>
<status status="PASS" starttime="20230718 11:04:40.235" endtime="20230718 11:04:40.240"/>
</branch>
<status status="PASS" starttime="20230718 11:04:40.235" endtime="20230718 11:04:40.241"/>
</if>
<status status="PASS" starttime="20230718 11:04:39.944" endtime="20230718 11:04:40.241"/>
</kw>
<kw name="And Reload Page" library="common">
<kw name="Reload" library="Browser">
<tag>BrowserControl</tag>
<tag>Setter</tag>
<doc>Reloads current active page.</doc>
<msg timestamp="20230718 11:04:41.434" level="INFO">Reloaded page</msg>
<status status="PASS" starttime="20230718 11:04:40.243" endtime="20230718 11:04:41.434"/>
</kw>
<status status="PASS" starttime="20230718 11:04:40.242" endtime="20230718 11:04:41.435"/>
</kw>
<kw name="Then User look &quot;Tên đăng nhập&quot; field empty" library="common" sourcename="User look &quot;${name}&quot; field empty">
<kw name="Get Element Form Item By Name" library="common">
<var>${element}</var>
<arg>${name}</arg>
<arg>//input[contains(@class, "ant-input")]</arg>
<msg timestamp="20230718 11:04:41.439" level="INFO">${element} = xpath=//*[contains(@class, "ant-form-item-label")]/label[text()="Tên đăng nhập"]/../../*[contains(@class, "ant-form-item")]//input[contains(@class, "ant-input")]</msg>
<status status="PASS" starttime="20230718 11:04:41.438" endtime="20230718 11:04:41.440"/>
</kw>
<kw name="Element Text Should Be" library="common">
<arg>${element}</arg>
<arg>${EMPTY}</arg>
<kw name="Get Text" library="Browser">
<arg>${locator}</arg>
<arg>equal</arg>
<arg>${expected}</arg>
<arg>${message}</arg>
<tag>Assertion</tag>
<tag>Getter</tag>
<tag>PageContent</tag>
<doc>Returns text attribute of the element found by ``selector``.</doc>
<msg timestamp="20230718 11:04:42.830" level="INFO">Text: ''</msg>
<status status="PASS" starttime="20230718 11:04:41.441" endtime="20230718 11:04:42.830"/>
</kw>
<status status="PASS" starttime="20230718 11:04:41.440" endtime="20230718 11:04:42.831"/>
</kw>
<status status="PASS" starttime="20230718 11:04:41.436" endtime="20230718 11:04:42.832"/>
</kw>
<kw name="And User look &quot;Mật khẩu&quot; field empty" library="common" sourcename="User look &quot;${name}&quot; field empty">
<kw name="Get Element Form Item By Name" library="common">
<var>${element}</var>
<arg>${name}</arg>
<arg>//input[contains(@class, "ant-input")]</arg>
<msg timestamp="20230718 11:04:42.837" level="INFO">${element} = xpath=//*[contains(@class, "ant-form-item-label")]/label[text()="Mật khẩu"]/../../*[contains(@class, "ant-form-item")]//input[contains(@class, "ant-input")]</msg>
<status status="PASS" starttime="20230718 11:04:42.836" endtime="20230718 11:04:42.838"/>
</kw>
<kw name="Element Text Should Be" library="common">
<arg>${element}</arg>
<arg>${EMPTY}</arg>
<kw name="Get Text" library="Browser">
<arg>${locator}</arg>
<arg>equal</arg>
<arg>${expected}</arg>
<arg>${message}</arg>
<tag>Assertion</tag>
<tag>Getter</tag>
<tag>PageContent</tag>
<doc>Returns text attribute of the element found by ``selector``.</doc>
<msg timestamp="20230718 11:04:42.904" level="INFO">Text: ''</msg>
<status status="PASS" starttime="20230718 11:04:42.843" endtime="20230718 11:04:42.904"/>
</kw>
<status status="PASS" starttime="20230718 11:04:42.838" endtime="20230718 11:04:42.904"/>
</kw>
<status status="PASS" starttime="20230718 11:04:42.835" endtime="20230718 11:04:42.905"/>
</kw>
<kw name="Tear Down" library="common" type="TEARDOWN">
<kw name="Close Browser" library="Browser">
<arg>ALL</arg>
<tag>BrowserControl</tag>
<tag>Setter</tag>
<doc>Closes the current browser.</doc>
<msg timestamp="20230718 11:04:43.817" level="INFO">Closed all browsers</msg>
<status status="PASS" starttime="20230718 11:04:42.906" endtime="20230718 11:04:43.817"/>
</kw>
<status status="PASS" starttime="20230718 11:04:42.905" endtime="20230718 11:04:43.817"/>
</kw>
<tag>@regression</tag>
<tag>@smoketest</tag>
<status status="PASS" starttime="20230718 11:04:34.530" endtime="20230718 11:04:43.817"/>
</test>
<status status="FAIL" starttime="20230718 11:01:49.192" endtime="20230718 11:04:43.843"/>
</suite>
<statistics>
<total>
<stat pass="17" fail="1" skip="0">All Tests</stat>
</total>
<tag>
<stat pass="16" fail="1" skip="0">@regression</stat>
<stat pass="16" fail="1" skip="0">@smoketest</stat>
</tag>
<suite>
<stat pass="17" fail="1" skip="0" id="s1" name="Login">Login</stat>
</suite>
</statistics>
<errors>
</errors>
</robot>
