<?xml version="1.0" encoding="UTF-8"?>
<robot generator="Robot 6.1 (Python 3.11.4 on win32)" generated="20230729 11:36:16.752" rpa="false" schemaversion="4">
<suite id="s1" name="Manager Leave Management" source="C:\Users\nhats\OneDrive\Desktop\ARI\vite-react-ari\test\testcases\Manager_Leave_Management.robot">
<test id="s1-t1" name="ALM_11 Verify Rejected unsuccessfully because blank &quot;Lý do&quot; field" line="66">
<kw name="Setup" library="common" type="SETUP">
<kw name="Set Browser Timeout" library="Browser">
<arg>${BROWSER_TIMEOUT}</arg>
<tag>Config</tag>
<tag>Setter</tag>
<doc>Sets the timeout used by most input and getter keywords.</doc>
<status status="PASS" starttime="20230729 11:36:31.023" endtime="20230729 11:36:31.040"/>
</kw>
<kw name="New Browser" library="Browser">
<arg>${BROWSER}</arg>
<arg>headless=${HEADLESS}</arg>
<tag>BrowserControl</tag>
<tag>Setter</tag>
<doc>Create a new playwright Browser with specified options.</doc>
<msg timestamp="20230729 11:36:31.042" level="INFO">{"browser": "chromium", "headless": false, "devtools": false, "handleSIGHUP": true, "handleSIGINT": true, "handleSIGTERM": true, "slowMo": 0.0, "timeout": 30000.0, "deprecated_pos_args": [], "tracesDir": "C:\\Users\\nhats\\OneDrive\\Desktop\\ARI\\vite-react-ari\\browser\\traces\\c4ad91b8-61f5-466c-97c1-fc0fb738955c"}</msg>
<msg timestamp="20230729 11:36:33.520" level="INFO">Successfully created browser with options: {"browser":"chromium","headless":false,"devtools":false,"handleSIGHUP":true,"handleSIGINT":true,"handleSIGTERM":true,"slowMo":0,"timeout":30000,"deprecated_pos_args":[],"tracesDir":"C:\\Users\\nhats\\OneDrive\\Desktop\\ARI\\vite-react-ari\\browser\\traces\\c4ad91b8-61f5-466c-97c1-fc0fb738955c"}</msg>
<status status="PASS" starttime="20230729 11:36:31.040" endtime="20230729 11:36:33.520"/>
</kw>
<kw name="New Page" library="Browser">
<arg>${URL_DEFAULT}</arg>
<tag>BrowserControl</tag>
<tag>Setter</tag>
<doc>Open a new Page.</doc>
<msg timestamp="20230729 11:36:36.386" level="INFO">Successfully initialized new page object and opened url: http://v2.ari.com.vn/</msg>
<msg timestamp="20230729 11:36:36.386" level="INFO">No context was open. New context was automatically opened when this page is created.</msg>
<status status="PASS" starttime="20230729 11:36:33.521" endtime="20230729 11:36:36.387"/>
</kw>
<kw name="Evaluate" library="BuiltIn">
<var>${STATE}</var>
<arg>json.loads('''{}''')</arg>
<arg>json</arg>
<doc>Evaluates the given expression in Python and returns the result.</doc>
<msg timestamp="20230729 11:36:36.389" level="INFO">${STATE} = {}</msg>
<status status="PASS" starttime="20230729 11:36:36.388" endtime="20230729 11:36:36.389"/>
</kw>
<status status="PASS" starttime="20230729 11:36:31.022" endtime="20230729 11:36:36.389"/>
</kw>
<kw name="Login to Manager" library="common">
<kw name="Enter &quot;email&quot; in &quot;Tên đăng nhập&quot; with &quot;manager@gmail.com&quot;" library="common" sourcename="Enter &quot;${type}&quot; in &quot;${name}&quot; with &quot;${text}&quot;">
<kw name="Get Random Text" library="common">
<var>${text}</var>
<arg>${type}</arg>
<arg>${text}</arg>
<kw name="Set Variable" library="BuiltIn">
<var>${symbol}</var>
<arg>_RANDOM_</arg>
<doc>Returns the given values which can then be assigned to a variables.</doc>
<msg timestamp="20230729 11:36:36.529" level="INFO">${symbol} = _RANDOM_</msg>
<status status="PASS" starttime="20230729 11:36:36.529" endtime="20230729 11:36:36.529"/>
</kw>
<kw name="Set Variable" library="BuiltIn">
<var>${new_text}</var>
<doc>Returns the given values which can then be assigned to a variables.</doc>
<msg timestamp="20230729 11:36:36.533" level="INFO">${new_text} = </msg>
<status status="PASS" starttime="20230729 11:36:36.531" endtime="20230729 11:36:36.533"/>
</kw>
<kw name="Get Regexp Matches" library="String">
<var>${containsS}</var>
<arg>${text}</arg>
<arg>_@(.+)@_</arg>
<arg>1</arg>
<doc>Returns a list of all non-overlapping matches in the given string.</doc>
<msg timestamp="20230729 11:36:36.535" level="INFO">${containsS} = []</msg>
<status status="PASS" starttime="20230729 11:36:36.534" endtime="20230729 11:36:36.535"/>
</kw>
<kw name="Get Length" library="BuiltIn">
<var>${cntS}</var>
<arg>${containsS}</arg>
<doc>Returns and logs the length of the given item as an integer.</doc>
<msg timestamp="20230729 11:36:36.540" level="INFO">Length is 0</msg>
<msg timestamp="20230729 11:36:36.540" level="INFO">${cntS} = 0</msg>
<status status="PASS" starttime="20230729 11:36:36.536" endtime="20230729 11:36:36.540"/>
</kw>
<kw name="Get Regexp Matches" library="String">
<var>${contains}</var>
<arg>${text}</arg>
<arg>${symbol}</arg>
<doc>Returns a list of all non-overlapping matches in the given string.</doc>
<msg timestamp="20230729 11:36:36.543" level="INFO">${contains} = []</msg>
<status status="PASS" starttime="20230729 11:36:36.541" endtime="20230729 11:36:36.543"/>
</kw>
<kw name="Get Length" library="BuiltIn">
<var>${cnt}</var>
<arg>${contains}</arg>
<doc>Returns and logs the length of the given item as an integer.</doc>
<msg timestamp="20230729 11:36:36.545" level="INFO">Length is 0</msg>
<msg timestamp="20230729 11:36:36.545" level="INFO">${cnt} = 0</msg>
<status status="PASS" starttime="20230729 11:36:36.544" endtime="20230729 11:36:36.545"/>
</kw>
<if>
<branch type="IF" condition="${cntS} &gt; 0">
<kw name="Set Variable" library="BuiltIn">
<var>${new_text}</var>
<arg>${STATE["${containsS[0]}"]}</arg>
<doc>Returns the given values which can then be assigned to a variables.</doc>
<status status="NOT RUN" starttime="20230729 11:36:36.547" endtime="20230729 11:36:36.550"/>
</kw>
<kw name="Set Variable" library="BuiltIn">
<var>${symbol}</var>
<arg>_@${containsS[0]}@_</arg>
<doc>Returns the given values which can then be assigned to a variables.</doc>
<status status="NOT RUN" starttime="20230729 11:36:36.551" endtime="20230729 11:36:36.551"/>
</kw>
<status status="NOT RUN" starttime="20230729 11:36:36.546" endtime="20230729 11:36:36.552"/>
</branch>
<branch type="ELSE IF" condition="${cnt} &gt; 0 and '${type}' == 'test name'">
<kw name="Sentence" library="FakerLibrary">
<var>${random}</var>
<arg>nb_words=3</arg>
<doc>Generate a sentence.</doc>
<status status="NOT RUN" starttime="20230729 11:36:36.557" endtime="20230729 11:36:36.557"/>
</kw>
<kw name="Split String" library="String">
<var>${words}</var>
<arg>${TEST NAME}</arg>
<arg>${SPACE}</arg>
<doc>Splits the ``string`` using ``separator`` as a delimiter string.</doc>
<status status="NOT RUN" starttime="20230729 11:36:36.558" endtime="20230729 11:36:36.558"/>
</kw>
<kw name="Set Variable" library="BuiltIn">
<var>${new_text}</var>
<arg>${words[0]} ${random}</arg>
<doc>Returns the given values which can then be assigned to a variables.</doc>
<status status="NOT RUN" starttime="20230729 11:36:36.558" endtime="20230729 11:36:36.559"/>
</kw>
<status status="NOT RUN" starttime="20230729 11:36:36.552" endtime="20230729 11:36:36.559"/>
</branch>
<branch type="ELSE IF" condition="${cnt} &gt; 0 and '${type}' == 'number'">
<kw name="Random Int" library="FakerLibrary">
<var>${new_text}</var>
<arg>min=1000000000000</arg>
<arg>max=9999999999999</arg>
<doc>Generate a random integer between two integers ``min`` and ``max`` inclusive
while observing the provided ``step`` value.</doc>
<status status="NOT RUN" starttime="20230729 11:36:36.560" endtime="20230729 11:36:36.560"/>
</kw>
<kw name="Convert To String" library="BuiltIn">
<var>${new_text}</var>
<arg>${new_text}</arg>
<doc>Converts the given item to a Unicode string.</doc>
<status status="NOT RUN" starttime="20230729 11:36:36.560" endtime="20230729 11:36:36.561"/>
</kw>
<status status="NOT RUN" starttime="20230729 11:36:36.559" endtime="20230729 11:36:36.561"/>
</branch>
<branch type="ELSE IF" condition="${cnt} &gt; 0 and '${type}' == 'order number'">
<kw name="Random Int" library="FakerLibrary">
<var>${new_text}</var>
<arg>min=0</arg>
<arg>max=999999999</arg>
<doc>Generate a random integer between two integers ``min`` and ``max`` inclusive
while observing the provided ``step`` value.</doc>
<status status="NOT RUN" starttime="20230729 11:36:36.562" endtime="20230729 11:36:36.562"/>
</kw>
<kw name="Convert To String" library="BuiltIn">
<var>${new_text}</var>
<arg>${new_text}</arg>
<doc>Converts the given item to a Unicode string.</doc>
<status status="NOT RUN" starttime="20230729 11:36:36.563" endtime="20230729 11:36:36.564"/>
</kw>
<status status="NOT RUN" starttime="20230729 11:36:36.561" endtime="20230729 11:36:36.571"/>
</branch>
<branch type="ELSE IF" condition="${cnt} &gt; 0 and '${type}' == 'leave date valid'">
<kw name="Random Int" library="FakerLibrary">
<var>${new_text}</var>
<arg>min=0</arg>
<arg>max=16</arg>
<doc>Generate a random integer between two integers ``min`` and ``max`` inclusive
while observing the provided ``step`` value.</doc>
<status status="NOT RUN" starttime="20230729 11:36:36.573" endtime="20230729 11:36:36.573"/>
</kw>
<kw name="Convert To String" library="BuiltIn">
<var>${new_text}</var>
<arg>${new_text}</arg>
<doc>Converts the given item to a Unicode string.</doc>
<status status="NOT RUN" starttime="20230729 11:36:36.573" endtime="20230729 11:36:36.574"/>
</kw>
<status status="NOT RUN" starttime="20230729 11:36:36.572" endtime="20230729 11:36:36.574"/>
</branch>
<branch type="ELSE IF" condition="${cnt} &gt; 0 and '${type}' == 'leave date invalid'">
<kw name="Random Int" library="FakerLibrary">
<var>${new_text}</var>
<arg>min=17</arg>
<arg>max=99</arg>
<doc>Generate a random integer between two integers ``min`` and ``max`` inclusive
while observing the provided ``step`` value.</doc>
<status status="NOT RUN" starttime="20230729 11:36:36.630" endtime="20230729 11:36:36.630"/>
</kw>
<kw name="Convert To String" library="BuiltIn">
<var>${new_text}</var>
<arg>${new_text}</arg>
<doc>Converts the given item to a Unicode string.</doc>
<status status="NOT RUN" starttime="20230729 11:36:36.631" endtime="20230729 11:36:36.631"/>
</kw>
<status status="NOT RUN" starttime="20230729 11:36:36.575" endtime="20230729 11:36:36.631"/>
</branch>
<branch type="ELSE IF" condition="${cnt} &gt; 0 and '${type}' == 'percentage'">
<kw name="Random Int" library="FakerLibrary">
<var>${new_text}</var>
<arg>max=100</arg>
<doc>Generate a random integer between two integers ``min`` and ``max`` inclusive
while observing the provided ``step`` value.</doc>
<status status="NOT RUN" starttime="20230729 11:36:36.632" endtime="20230729 11:36:36.633"/>
</kw>
<kw name="Convert To String" library="BuiltIn">
<var>${new_text}</var>
<arg>${new_text}</arg>
<doc>Converts the given item to a Unicode string.</doc>
<status status="NOT RUN" starttime="20230729 11:36:36.634" endtime="20230729 11:36:36.634"/>
</kw>
<status status="NOT RUN" starttime="20230729 11:36:36.632" endtime="20230729 11:36:36.635"/>
</branch>
<branch type="ELSE IF" condition="${cnt} &gt; 0 and '${type}' == 'paragraph'">
<kw name="Paragraph" library="FakerLibrary">
<var>${new_text}</var>
<doc>Generate a paragraph.</doc>
<status status="NOT RUN" starttime="20230729 11:36:36.636" endtime="20230729 11:36:36.637"/>
</kw>
<status status="NOT RUN" starttime="20230729 11:36:36.635" endtime="20230729 11:36:36.637"/>
</branch>
<branch type="ELSE IF" condition="${cnt} &gt; 0 and '${type}' == 'email'">
<kw name="Email" library="FakerLibrary">
<var>${new_text}</var>
<status status="NOT RUN" starttime="20230729 11:36:36.639" endtime="20230729 11:36:36.640"/>
</kw>
<status status="NOT RUN" starttime="20230729 11:36:36.637" endtime="20230729 11:36:36.640"/>
</branch>
<branch type="ELSE IF" condition="${cnt} &gt; 0 and '${type}' == 'phone'">
<kw name="Random Int" library="FakerLibrary">
<var>${new_text}</var>
<arg>min=55555555</arg>
<arg>max=999999999999</arg>
<doc>Generate a random integer between two integers ``min`` and ``max`` inclusive
while observing the provided ``step`` value.</doc>
<status status="NOT RUN" starttime="20230729 11:36:36.641" endtime="20230729 11:36:36.642"/>
</kw>
<kw name="Convert To String" library="BuiltIn">
<var>${new_text}</var>
<arg>${new_text}</arg>
<doc>Converts the given item to a Unicode string.</doc>
<status status="NOT RUN" starttime="20230729 11:36:36.642" endtime="20230729 11:36:36.642"/>
</kw>
<status status="NOT RUN" starttime="20230729 11:36:36.641" endtime="20230729 11:36:36.643"/>
</branch>
<branch type="ELSE IF" condition="${cnt} &gt; 0 and '${type}' == 'color'">
<kw name="Safe Hex Color" library="FakerLibrary">
<var>${new_text}</var>
<doc>Generate a web-safe color formatted as a hex triplet.</doc>
<status status="NOT RUN" starttime="20230729 11:36:36.644" endtime="20230729 11:36:36.644"/>
</kw>
<status status="NOT RUN" starttime="20230729 11:36:36.643" endtime="20230729 11:36:36.644"/>
</branch>
<branch type="ELSE IF" condition="${cnt} &gt; 0 and '${type}' == 'date'">
<kw name="Date" library="FakerLibrary">
<var>${new_text}</var>
<arg>pattern=%d-%m-%Y</arg>
<doc>Get a date string between January 1, 1970 and now.</doc>
<status status="NOT RUN" starttime="20230729 11:36:36.646" endtime="20230729 11:36:36.646"/>
</kw>
<status status="NOT RUN" starttime="20230729 11:36:36.645" endtime="20230729 11:36:36.647"/>
</branch>
<branch type="ELSE IF" condition="${cnt} &gt; 0 and '${type}' == 'word'">
<kw name="Sentence" library="FakerLibrary">
<var>${new_text}</var>
<arg>nb_words=2</arg>
<doc>Generate a sentence.</doc>
<status status="NOT RUN" starttime="20230729 11:36:36.651" endtime="20230729 11:36:36.652"/>
</kw>
<status status="NOT RUN" starttime="20230729 11:36:36.647" endtime="20230729 11:36:36.652"/>
</branch>
<branch type="ELSE IF" condition="${cnt} &gt; 0">
<kw name="Sentence" library="FakerLibrary">
<var>${new_text}</var>
<doc>Generate a sentence.</doc>
<status status="NOT RUN" starttime="20230729 11:36:36.656" endtime="20230729 11:36:36.663"/>
</kw>
<status status="NOT RUN" starttime="20230729 11:36:36.655" endtime="20230729 11:36:36.664"/>
</branch>
<status status="PASS" starttime="20230729 11:36:36.545" endtime="20230729 11:36:36.666"/>
</if>
<kw name="Get Length" library="BuiltIn">
<var>${cnt}</var>
<arg>${text}</arg>
<doc>Returns and logs the length of the given item as an integer.</doc>
<msg timestamp="20230729 11:36:36.672" level="INFO">Length is 17</msg>
<msg timestamp="20230729 11:36:36.673" level="INFO">${cnt} = 17</msg>
<status status="PASS" starttime="20230729 11:36:36.671" endtime="20230729 11:36:36.673"/>
</kw>
<if>
<branch type="IF" condition="${cnt} &gt; 0">
<kw name="Replace String" library="String">
<var>${text}</var>
<arg>${text}</arg>
<arg>${symbol}</arg>
<arg>${new_text}</arg>
<doc>Replaces ``search_for`` in the given ``string`` with ``replace_with``.</doc>
<msg timestamp="20230729 11:36:36.677" level="INFO">${text} = manager@gmail.com</msg>
<status status="PASS" starttime="20230729 11:36:36.676" endtime="20230729 11:36:36.677"/>
</kw>
<status status="PASS" starttime="20230729 11:36:36.674" endtime="20230729 11:36:36.678"/>
</branch>
<status status="PASS" starttime="20230729 11:36:36.674" endtime="20230729 11:36:36.678"/>
</if>
<msg timestamp="20230729 11:36:36.679" level="INFO">${text} = manager@gmail.com</msg>
<status status="PASS" starttime="20230729 11:36:36.527" endtime="20230729 11:36:36.680"/>
</kw>
<kw name="Get Element Form Item By Name" library="common">
<var>${element}</var>
<arg>${name}</arg>
<arg>//input[contains(@class, "ant-input")]</arg>
<msg timestamp="20230729 11:36:36.685" level="INFO">${element} = xpath=//*[contains(@class, "ant-form-item-label")]/label[text()="Tên đăng nhập"]/../../*[contains(@class, "ant-form-item")]//input[contains(@class, "ant-input")]</msg>
<status status="PASS" starttime="20230729 11:36:36.680" endtime="20230729 11:36:36.685"/>
</kw>
<kw name="Clear Text" library="Browser">
<arg>${element}</arg>
<tag>PageContent</tag>
<tag>Setter</tag>
<doc>Clears the text field found by ``selector``.</doc>
<status status="PASS" starttime="20230729 11:36:36.718" endtime="20230729 11:36:40.707"/>
</kw>
<kw name="Fill Text" library="Browser">
<arg>${element}</arg>
<arg>${text}</arg>
<arg>True</arg>
<tag>PageContent</tag>
<tag>Setter</tag>
<doc>Clears and fills the given ``txt`` into the text field found by ``selector``.</doc>
<msg timestamp="20230729 11:36:40.709" level="INFO">Fills the text 'manager@gmail.com' in the given field.</msg>
<status status="PASS" starttime="20230729 11:36:40.708" endtime="20230729 11:36:40.925"/>
</kw>
<kw name="Get Length" library="BuiltIn">
<var>${cnt}</var>
<arg>${text}</arg>
<doc>Returns and logs the length of the given item as an integer.</doc>
<msg timestamp="20230729 11:36:40.926" level="INFO">Length is 17</msg>
<msg timestamp="20230729 11:36:40.926" level="INFO">${cnt} = 17</msg>
<status status="PASS" starttime="20230729 11:36:40.926" endtime="20230729 11:36:40.926"/>
</kw>
<if>
<branch type="IF" condition="${cnt} &gt; 0">
<kw name="Set Global Variable" library="BuiltIn">
<arg>${STATE["${name}"]}</arg>
<arg>${text}</arg>
<doc>Makes a variable available globally in all tests and suites.</doc>
<msg timestamp="20230729 11:36:40.930" level="INFO">${STATE["Tên đăng nhập"]} = manager@gmail.com</msg>
<status status="PASS" starttime="20230729 11:36:40.928" endtime="20230729 11:36:40.930"/>
</kw>
<status status="PASS" starttime="20230729 11:36:40.927" endtime="20230729 11:36:40.931"/>
</branch>
<status status="PASS" starttime="20230729 11:36:40.927" endtime="20230729 11:36:40.931"/>
</if>
<status status="PASS" starttime="20230729 11:36:36.526" endtime="20230729 11:36:40.931"/>
</kw>
<kw name="Enter &quot;text&quot; in &quot;Mật khẩu&quot; with &quot;Tester@123&quot;" library="common" sourcename="Enter &quot;${type}&quot; in &quot;${name}&quot; with &quot;${text}&quot;">
<kw name="Get Random Text" library="common">
<var>${text}</var>
<arg>${type}</arg>
<arg>${text}</arg>
<kw name="Set Variable" library="BuiltIn">
<var>${symbol}</var>
<arg>_RANDOM_</arg>
<doc>Returns the given values which can then be assigned to a variables.</doc>
<msg timestamp="20230729 11:36:40.935" level="INFO">${symbol} = _RANDOM_</msg>
<status status="PASS" starttime="20230729 11:36:40.934" endtime="20230729 11:36:40.935"/>
</kw>
<kw name="Set Variable" library="BuiltIn">
<var>${new_text}</var>
<doc>Returns the given values which can then be assigned to a variables.</doc>
<msg timestamp="20230729 11:36:40.936" level="INFO">${new_text} = </msg>
<status status="PASS" starttime="20230729 11:36:40.935" endtime="20230729 11:36:40.936"/>
</kw>
<kw name="Get Regexp Matches" library="String">
<var>${containsS}</var>
<arg>${text}</arg>
<arg>_@(.+)@_</arg>
<arg>1</arg>
<doc>Returns a list of all non-overlapping matches in the given string.</doc>
<msg timestamp="20230729 11:36:40.940" level="INFO">${containsS} = []</msg>
<status status="PASS" starttime="20230729 11:36:40.938" endtime="20230729 11:36:40.940"/>
</kw>
<kw name="Get Length" library="BuiltIn">
<var>${cntS}</var>
<arg>${containsS}</arg>
<doc>Returns and logs the length of the given item as an integer.</doc>
<msg timestamp="20230729 11:36:40.941" level="INFO">Length is 0</msg>
<msg timestamp="20230729 11:36:40.941" level="INFO">${cntS} = 0</msg>
<status status="PASS" starttime="20230729 11:36:40.941" endtime="20230729 11:36:40.942"/>
</kw>
<kw name="Get Regexp Matches" library="String">
<var>${contains}</var>
<arg>${text}</arg>
<arg>${symbol}</arg>
<doc>Returns a list of all non-overlapping matches in the given string.</doc>
<msg timestamp="20230729 11:36:40.943" level="INFO">${contains} = []</msg>
<status status="PASS" starttime="20230729 11:36:40.942" endtime="20230729 11:36:40.943"/>
</kw>
<kw name="Get Length" library="BuiltIn">
<var>${cnt}</var>
<arg>${contains}</arg>
<doc>Returns and logs the length of the given item as an integer.</doc>
<msg timestamp="20230729 11:36:40.944" level="INFO">Length is 0</msg>
<msg timestamp="20230729 11:36:40.944" level="INFO">${cnt} = 0</msg>
<status status="PASS" starttime="20230729 11:36:40.944" endtime="20230729 11:36:40.944"/>
</kw>
<if>
<branch type="IF" condition="${cntS} &gt; 0">
<kw name="Set Variable" library="BuiltIn">
<var>${new_text}</var>
<arg>${STATE["${containsS[0]}"]}</arg>
<doc>Returns the given values which can then be assigned to a variables.</doc>
<status status="NOT RUN" starttime="20230729 11:36:40.946" endtime="20230729 11:36:40.946"/>
</kw>
<kw name="Set Variable" library="BuiltIn">
<var>${symbol}</var>
<arg>_@${containsS[0]}@_</arg>
<doc>Returns the given values which can then be assigned to a variables.</doc>
<status status="NOT RUN" starttime="20230729 11:36:40.946" endtime="20230729 11:36:40.947"/>
</kw>
<status status="NOT RUN" starttime="20230729 11:36:40.945" endtime="20230729 11:36:40.947"/>
</branch>
<branch type="ELSE IF" condition="${cnt} &gt; 0 and '${type}' == 'test name'">
<kw name="Sentence" library="FakerLibrary">
<var>${random}</var>
<arg>nb_words=3</arg>
<doc>Generate a sentence.</doc>
<status status="NOT RUN" starttime="20230729 11:36:40.948" endtime="20230729 11:36:40.948"/>
</kw>
<kw name="Split String" library="String">
<var>${words}</var>
<arg>${TEST NAME}</arg>
<arg>${SPACE}</arg>
<doc>Splits the ``string`` using ``separator`` as a delimiter string.</doc>
<status status="NOT RUN" starttime="20230729 11:36:40.949" endtime="20230729 11:36:40.949"/>
</kw>
<kw name="Set Variable" library="BuiltIn">
<var>${new_text}</var>
<arg>${words[0]} ${random}</arg>
<doc>Returns the given values which can then be assigned to a variables.</doc>
<status status="NOT RUN" starttime="20230729 11:36:40.950" endtime="20230729 11:36:40.950"/>
</kw>
<status status="NOT RUN" starttime="20230729 11:36:40.947" endtime="20230729 11:36:40.950"/>
</branch>
<branch type="ELSE IF" condition="${cnt} &gt; 0 and '${type}' == 'number'">
<kw name="Random Int" library="FakerLibrary">
<var>${new_text}</var>
<arg>min=1000000000000</arg>
<arg>max=9999999999999</arg>
<doc>Generate a random integer between two integers ``min`` and ``max`` inclusive
while observing the provided ``step`` value.</doc>
<status status="NOT RUN" starttime="20230729 11:36:40.951" endtime="20230729 11:36:40.951"/>
</kw>
<kw name="Convert To String" library="BuiltIn">
<var>${new_text}</var>
<arg>${new_text}</arg>
<doc>Converts the given item to a Unicode string.</doc>
<status status="NOT RUN" starttime="20230729 11:36:40.952" endtime="20230729 11:36:40.953"/>
</kw>
<status status="NOT RUN" starttime="20230729 11:36:40.951" endtime="20230729 11:36:40.953"/>
</branch>
<branch type="ELSE IF" condition="${cnt} &gt; 0 and '${type}' == 'order number'">
<kw name="Random Int" library="FakerLibrary">
<var>${new_text}</var>
<arg>min=0</arg>
<arg>max=999999999</arg>
<doc>Generate a random integer between two integers ``min`` and ``max`` inclusive
while observing the provided ``step`` value.</doc>
<status status="NOT RUN" starttime="20230729 11:36:40.956" endtime="20230729 11:36:40.957"/>
</kw>
<kw name="Convert To String" library="BuiltIn">
<var>${new_text}</var>
<arg>${new_text}</arg>
<doc>Converts the given item to a Unicode string.</doc>
<status status="NOT RUN" starttime="20230729 11:36:40.957" endtime="20230729 11:36:40.957"/>
</kw>
<status status="NOT RUN" starttime="20230729 11:36:40.954" endtime="20230729 11:36:40.958"/>
</branch>
<branch type="ELSE IF" condition="${cnt} &gt; 0 and '${type}' == 'leave date valid'">
<kw name="Random Int" library="FakerLibrary">
<var>${new_text}</var>
<arg>min=0</arg>
<arg>max=16</arg>
<doc>Generate a random integer between two integers ``min`` and ``max`` inclusive
while observing the provided ``step`` value.</doc>
<status status="NOT RUN" starttime="20230729 11:36:40.959" endtime="20230729 11:36:40.959"/>
</kw>
<kw name="Convert To String" library="BuiltIn">
<var>${new_text}</var>
<arg>${new_text}</arg>
<doc>Converts the given item to a Unicode string.</doc>
<status status="NOT RUN" starttime="20230729 11:36:40.960" endtime="20230729 11:36:40.960"/>
</kw>
<status status="NOT RUN" starttime="20230729 11:36:40.958" endtime="20230729 11:36:40.960"/>
</branch>
<branch type="ELSE IF" condition="${cnt} &gt; 0 and '${type}' == 'leave date invalid'">
<kw name="Random Int" library="FakerLibrary">
<var>${new_text}</var>
<arg>min=17</arg>
<arg>max=99</arg>
<doc>Generate a random integer between two integers ``min`` and ``max`` inclusive
while observing the provided ``step`` value.</doc>
<status status="NOT RUN" starttime="20230729 11:36:40.961" endtime="20230729 11:36:40.962"/>
</kw>
<kw name="Convert To String" library="BuiltIn">
<var>${new_text}</var>
<arg>${new_text}</arg>
<doc>Converts the given item to a Unicode string.</doc>
<status status="NOT RUN" starttime="20230729 11:36:40.962" endtime="20230729 11:36:40.963"/>
</kw>
<status status="NOT RUN" starttime="20230729 11:36:40.960" endtime="20230729 11:36:40.963"/>
</branch>
<branch type="ELSE IF" condition="${cnt} &gt; 0 and '${type}' == 'percentage'">
<kw name="Random Int" library="FakerLibrary">
<var>${new_text}</var>
<arg>max=100</arg>
<doc>Generate a random integer between two integers ``min`` and ``max`` inclusive
while observing the provided ``step`` value.</doc>
<status status="NOT RUN" starttime="20230729 11:36:40.964" endtime="20230729 11:36:40.964"/>
</kw>
<kw name="Convert To String" library="BuiltIn">
<var>${new_text}</var>
<arg>${new_text}</arg>
<doc>Converts the given item to a Unicode string.</doc>
<status status="NOT RUN" starttime="20230729 11:36:40.965" endtime="20230729 11:36:40.965"/>
</kw>
<status status="NOT RUN" starttime="20230729 11:36:40.963" endtime="20230729 11:36:40.965"/>
</branch>
<branch type="ELSE IF" condition="${cnt} &gt; 0 and '${type}' == 'paragraph'">
<kw name="Paragraph" library="FakerLibrary">
<var>${new_text}</var>
<doc>Generate a paragraph.</doc>
<status status="NOT RUN" starttime="20230729 11:36:40.966" endtime="20230729 11:36:40.966"/>
</kw>
<status status="NOT RUN" starttime="20230729 11:36:40.965" endtime="20230729 11:36:40.967"/>
</branch>
<branch type="ELSE IF" condition="${cnt} &gt; 0 and '${type}' == 'email'">
<kw name="Email" library="FakerLibrary">
<var>${new_text}</var>
<status status="NOT RUN" starttime="20230729 11:36:40.968" endtime="20230729 11:36:40.968"/>
</kw>
<status status="NOT RUN" starttime="20230729 11:36:40.967" endtime="20230729 11:36:40.968"/>
</branch>
<branch type="ELSE IF" condition="${cnt} &gt; 0 and '${type}' == 'phone'">
<kw name="Random Int" library="FakerLibrary">
<var>${new_text}</var>
<arg>min=55555555</arg>
<arg>max=999999999999</arg>
<doc>Generate a random integer between two integers ``min`` and ``max`` inclusive
while observing the provided ``step`` value.</doc>
<status status="NOT RUN" starttime="20230729 11:36:40.971" endtime="20230729 11:36:40.972"/>
</kw>
<kw name="Convert To String" library="BuiltIn">
<var>${new_text}</var>
<arg>${new_text}</arg>
<doc>Converts the given item to a Unicode string.</doc>
<status status="NOT RUN" starttime="20230729 11:36:40.973" endtime="20230729 11:36:40.973"/>
</kw>
<status status="NOT RUN" starttime="20230729 11:36:40.968" endtime="20230729 11:36:40.974"/>
</branch>
<branch type="ELSE IF" condition="${cnt} &gt; 0 and '${type}' == 'color'">
<kw name="Safe Hex Color" library="FakerLibrary">
<var>${new_text}</var>
<doc>Generate a web-safe color formatted as a hex triplet.</doc>
<status status="NOT RUN" starttime="20230729 11:36:40.975" endtime="20230729 11:36:40.975"/>
</kw>
<status status="NOT RUN" starttime="20230729 11:36:40.974" endtime="20230729 11:36:40.975"/>
</branch>
<branch type="ELSE IF" condition="${cnt} &gt; 0 and '${type}' == 'date'">
<kw name="Date" library="FakerLibrary">
<var>${new_text}</var>
<arg>pattern=%d-%m-%Y</arg>
<doc>Get a date string between January 1, 1970 and now.</doc>
<status status="NOT RUN" starttime="20230729 11:36:40.976" endtime="20230729 11:36:40.976"/>
</kw>
<status status="NOT RUN" starttime="20230729 11:36:40.975" endtime="20230729 11:36:40.977"/>
</branch>
<branch type="ELSE IF" condition="${cnt} &gt; 0 and '${type}' == 'word'">
<kw name="Sentence" library="FakerLibrary">
<var>${new_text}</var>
<arg>nb_words=2</arg>
<doc>Generate a sentence.</doc>
<status status="NOT RUN" starttime="20230729 11:36:40.978" endtime="20230729 11:36:40.978"/>
</kw>
<status status="NOT RUN" starttime="20230729 11:36:40.977" endtime="20230729 11:36:40.978"/>
</branch>
<branch type="ELSE IF" condition="${cnt} &gt; 0">
<kw name="Sentence" library="FakerLibrary">
<var>${new_text}</var>
<doc>Generate a sentence.</doc>
<status status="NOT RUN" starttime="20230729 11:36:40.979" endtime="20230729 11:36:40.979"/>
</kw>
<status status="NOT RUN" starttime="20230729 11:36:40.979" endtime="20230729 11:36:40.980"/>
</branch>
<status status="PASS" starttime="20230729 11:36:40.945" endtime="20230729 11:36:40.980"/>
</if>
<kw name="Get Length" library="BuiltIn">
<var>${cnt}</var>
<arg>${text}</arg>
<doc>Returns and logs the length of the given item as an integer.</doc>
<msg timestamp="20230729 11:36:40.981" level="INFO">Length is 10</msg>
<msg timestamp="20230729 11:36:40.981" level="INFO">${cnt} = 10</msg>
<status status="PASS" starttime="20230729 11:36:40.980" endtime="20230729 11:36:40.981"/>
</kw>
<if>
<branch type="IF" condition="${cnt} &gt; 0">
<kw name="Replace String" library="String">
<var>${text}</var>
<arg>${text}</arg>
<arg>${symbol}</arg>
<arg>${new_text}</arg>
<doc>Replaces ``search_for`` in the given ``string`` with ``replace_with``.</doc>
<msg timestamp="20230729 11:36:40.984" level="INFO">${text} = Tester@123</msg>
<status status="PASS" starttime="20230729 11:36:40.982" endtime="20230729 11:36:40.984"/>
</kw>
<status status="PASS" starttime="20230729 11:36:40.982" endtime="20230729 11:36:40.984"/>
</branch>
<status status="PASS" starttime="20230729 11:36:40.982" endtime="20230729 11:36:40.985"/>
</if>
<msg timestamp="20230729 11:36:40.985" level="INFO">${text} = Tester@123</msg>
<status status="PASS" starttime="20230729 11:36:40.933" endtime="20230729 11:36:40.985"/>
</kw>
<kw name="Get Element Form Item By Name" library="common">
<var>${element}</var>
<arg>${name}</arg>
<arg>//input[contains(@class, "ant-input")]</arg>
<msg timestamp="20230729 11:36:40.990" level="INFO">${element} = xpath=//*[contains(@class, "ant-form-item-label")]/label[text()="Mật khẩu"]/../../*[contains(@class, "ant-form-item")]//input[contains(@class, "ant-input")]</msg>
<status status="PASS" starttime="20230729 11:36:40.986" endtime="20230729 11:36:40.990"/>
</kw>
<kw name="Clear Text" library="Browser">
<arg>${element}</arg>
<tag>PageContent</tag>
<tag>Setter</tag>
<doc>Clears the text field found by ``selector``.</doc>
<status status="PASS" starttime="20230729 11:36:40.991" endtime="20230729 11:36:41.149"/>
</kw>
<kw name="Fill Text" library="Browser">
<arg>${element}</arg>
<arg>${text}</arg>
<arg>True</arg>
<tag>PageContent</tag>
<tag>Setter</tag>
<doc>Clears and fills the given ``txt`` into the text field found by ``selector``.</doc>
<msg timestamp="20230729 11:36:41.150" level="INFO">Fills the text 'Tester@123' in the given field.</msg>
<status status="PASS" starttime="20230729 11:36:41.149" endtime="20230729 11:36:41.215"/>
</kw>
<kw name="Get Length" library="BuiltIn">
<var>${cnt}</var>
<arg>${text}</arg>
<doc>Returns and logs the length of the given item as an integer.</doc>
<msg timestamp="20230729 11:36:41.216" level="INFO">Length is 10</msg>
<msg timestamp="20230729 11:36:41.217" level="INFO">${cnt} = 10</msg>
<status status="PASS" starttime="20230729 11:36:41.216" endtime="20230729 11:36:41.217"/>
</kw>
<if>
<branch type="IF" condition="${cnt} &gt; 0">
<kw name="Set Global Variable" library="BuiltIn">
<arg>${STATE["${name}"]}</arg>
<arg>${text}</arg>
<doc>Makes a variable available globally in all tests and suites.</doc>
<msg timestamp="20230729 11:36:41.224" level="INFO">${STATE["Mật khẩu"]} = Tester@123</msg>
<status status="PASS" starttime="20230729 11:36:41.218" endtime="20230729 11:36:41.224"/>
</kw>
<status status="PASS" starttime="20230729 11:36:41.217" endtime="20230729 11:36:41.224"/>
</branch>
<status status="PASS" starttime="20230729 11:36:41.217" endtime="20230729 11:36:41.225"/>
</if>
<status status="PASS" starttime="20230729 11:36:40.932" endtime="20230729 11:36:41.225"/>
</kw>
<kw name="Click &quot;Đăng nhập&quot; button" library="common" sourcename="Click &quot;${text}&quot; button">
<kw name="Click" library="Browser">
<arg>xpath=//button[@title = "${text}"]</arg>
<tag>PageContent</tag>
<tag>Setter</tag>
<doc>Simulates mouse click on the element found by ``selector``.</doc>
<status status="PASS" starttime="20230729 11:36:41.227" endtime="20230729 11:36:41.982"/>
</kw>
<kw name="Click Confirm To Action" library="common">
<kw name="Set Variable" library="BuiltIn">
<var>${element}</var>
<arg>xpath=//*[contains(@class, "ant-popover")]//*[contains(@class, "ant-btn-primary")]</arg>
<doc>Returns the given values which can then be assigned to a variables.</doc>
<msg timestamp="20230729 11:36:41.983" level="INFO">${element} = xpath=//*[contains(@class, "ant-popover")]//*[contains(@class, "ant-btn-primary")]</msg>
<status status="PASS" starttime="20230729 11:36:41.982" endtime="20230729 11:36:41.983"/>
</kw>
<kw name="Get Element Count" library="Browser">
<var>${count}</var>
<arg>${element}</arg>
<tag>Assertion</tag>
<tag>Getter</tag>
<tag>PageContent</tag>
<doc>Returns the count of elements found with ``selector``.</doc>
<msg timestamp="20230729 11:36:42.028" level="INFO">${count} = 0</msg>
<status status="PASS" starttime="20230729 11:36:41.983" endtime="20230729 11:36:42.028"/>
</kw>
<if>
<branch type="IF" condition="${count} &gt; 0">
<kw name="Click" library="Browser">
<arg>${element}</arg>
<tag>PageContent</tag>
<tag>Setter</tag>
<doc>Simulates mouse click on the element found by ``selector``.</doc>
<status status="NOT RUN" starttime="20230729 11:36:42.029" endtime="20230729 11:36:42.029"/>
</kw>
<kw name="Sleep" library="BuiltIn">
<arg>${SHOULD_TIMEOUT}</arg>
<doc>Pauses the test executed for the given time.</doc>
<status status="NOT RUN" starttime="20230729 11:36:42.030" endtime="20230729 11:36:42.030"/>
</kw>
<status status="NOT RUN" starttime="20230729 11:36:42.028" endtime="20230729 11:36:42.030"/>
</branch>
<status status="PASS" starttime="20230729 11:36:42.028" endtime="20230729 11:36:42.031"/>
</if>
<status status="PASS" starttime="20230729 11:36:41.982" endtime="20230729 11:36:42.031"/>
</kw>
<kw name="Scroll By" library="Browser">
<arg>${None}</arg>
<tag>PageContent</tag>
<tag>Setter</tag>
<doc>Scrolls an element or the page relative from current position by the given values.</doc>
<status status="PASS" starttime="20230729 11:36:42.032" endtime="20230729 11:36:42.125"/>
</kw>
<status status="PASS" starttime="20230729 11:36:41.226" endtime="20230729 11:36:42.126"/>
</kw>
<kw name="User look message &quot;Thành công&quot; popup" library="common" sourcename="User look message &quot;${message}&quot; popup">
<kw name="Get Regexp Matches" library="String">
<var>${contains}</var>
<arg>${message}</arg>
<arg>_@(.+)@_</arg>
<arg>1</arg>
<doc>Returns a list of all non-overlapping matches in the given string.</doc>
<msg timestamp="20230729 11:36:42.128" level="INFO">${contains} = []</msg>
<status status="PASS" starttime="20230729 11:36:42.127" endtime="20230729 11:36:42.128"/>
</kw>
<kw name="Get Length" library="BuiltIn">
<var>${cnt}</var>
<arg>${contains}</arg>
<doc>Returns and logs the length of the given item as an integer.</doc>
<msg timestamp="20230729 11:36:42.129" level="INFO">Length is 0</msg>
<msg timestamp="20230729 11:36:42.129" level="INFO">${cnt} = 0</msg>
<status status="PASS" starttime="20230729 11:36:42.129" endtime="20230729 11:36:42.129"/>
</kw>
<if>
<branch type="IF" condition="${cnt} &gt; 0">
<kw name="Replace String" library="String">
<var>${message}</var>
<arg>${message}</arg>
<arg>_@${contains[0]}@_</arg>
<arg>${STATE["${contains[0]}"]}</arg>
<doc>Replaces ``search_for`` in the given ``string`` with ``replace_with``.</doc>
<status status="NOT RUN" starttime="20230729 11:36:42.131" endtime="20230729 11:36:42.131"/>
</kw>
<status status="NOT RUN" starttime="20230729 11:36:42.130" endtime="20230729 11:36:42.131"/>
</branch>
<status status="PASS" starttime="20230729 11:36:42.130" endtime="20230729 11:36:42.131"/>
</if>
<kw name="Element Text Should Be" library="common">
<arg>id=swal2-html-container</arg>
<arg>${message}</arg>
<kw name="Get Text" library="Browser">
<arg>${locator}</arg>
<arg>equal</arg>
<arg>${expected}</arg>
<arg>${message}</arg>
<tag>Assertion</tag>
<tag>Getter</tag>
<tag>PageContent</tag>
<doc>Returns text attribute of the element found by ``selector``.</doc>
<msg timestamp="20230729 11:36:44.879" level="INFO">Text: 'Thành công'</msg>
<status status="PASS" starttime="20230729 11:36:42.135" endtime="20230729 11:36:44.879"/>
</kw>
<status status="PASS" starttime="20230729 11:36:42.132" endtime="20230729 11:36:44.879"/>
</kw>
<kw name="Set Variable" library="BuiltIn">
<var>${element}</var>
<arg>xpath=//*[contains(@class, "swal2-confirm")]</arg>
<doc>Returns the given values which can then be assigned to a variables.</doc>
<msg timestamp="20230729 11:36:44.881" level="INFO">${element} = xpath=//*[contains(@class, "swal2-confirm")]</msg>
<status status="PASS" starttime="20230729 11:36:44.880" endtime="20230729 11:36:44.881"/>
</kw>
<kw name="Run Keyword And Return Status" library="BuiltIn">
<var>${passed}</var>
<arg>Element Should Be Visible</arg>
<arg>${element}</arg>
<doc>Runs the given keyword with given arguments and returns the status as a Boolean value.</doc>
<kw name="Element Should Be Visible" library="common">
<arg>${element}</arg>
<kw name="Wait For Elements State" library="Browser">
<arg>${locator}</arg>
<arg>visible</arg>
<arg>${timeout}</arg>
<arg>${message}</arg>
<tag>PageContent</tag>
<tag>Wait</tag>
<doc>Waits for the element found by ``selector`` to satisfy state option.</doc>
<msg timestamp="20230729 11:36:47.227" level="INFO" html="true">&lt;/td&gt;&lt;/tr&gt;&lt;tr&gt;&lt;td colspan="3"&gt;&lt;a href="browser/screenshot/fail-screenshot-1.png" target="_blank"&gt;&lt;img src="browser/screenshot/fail-screenshot-1.png" width="800px"/&gt;&lt;/a&gt;</msg>
<msg timestamp="20230729 11:36:47.227" level="INFO">See also file:///C:/Users/nhats/OneDrive/Desktop/ARI/vite-react-ari/playwright-log.txt for additional details.</msg>
<msg timestamp="20230729 11:36:47.228" level="FAIL">TimeoutError: locator.waitFor: Timeout 100ms exceeded.
=========================== logs ===========================
waiting for locator('xpath=//*[contains(@class, "swal2-confirm")]') to be visible
============================================================
Tip: Use "Set Browser Timeout" for increasing the timeout or double check your locator as the targeted element(s) couldn't be found.</msg>
<status status="FAIL" starttime="20230729 11:36:44.885" endtime="20230729 11:36:47.236"/>
</kw>
<status status="FAIL" starttime="20230729 11:36:44.882" endtime="20230729 11:36:47.237"/>
</kw>
<msg timestamp="20230729 11:36:47.237" level="INFO">${passed} = False</msg>
<status status="PASS" starttime="20230729 11:36:44.881" endtime="20230729 11:36:47.238"/>
</kw>
<if>
<branch type="IF" condition="'${passed}' == 'True'">
<kw name="Click" library="Browser">
<arg>${element}</arg>
<tag>PageContent</tag>
<tag>Setter</tag>
<doc>Simulates mouse click on the element found by ``selector``.</doc>
<status status="NOT RUN" starttime="20230729 11:36:47.239" endtime="20230729 11:36:47.239"/>
</kw>
<status status="NOT RUN" starttime="20230729 11:36:47.238" endtime="20230729 11:36:47.240"/>
</branch>
<status status="PASS" starttime="20230729 11:36:47.238" endtime="20230729 11:36:47.240"/>
</if>
<kw name="Wait Until Element Is Not Exist" library="common">
<arg>${element}</arg>
<kw name="Wait For Elements State" library="Browser">
<arg>${locator}</arg>
<arg>detached</arg>
<arg>${timeout}</arg>
<arg>${message}</arg>
<tag>PageContent</tag>
<tag>Wait</tag>
<doc>Waits for the element found by ``selector`` to satisfy state option.</doc>
<msg timestamp="20230729 11:36:48.581" level="INFO">Waited for Element with selector xpath=//*[contains(@class, "swal2-confirm")] at state detached</msg>
<status status="PASS" starttime="20230729 11:36:47.243" endtime="20230729 11:36:48.581"/>
</kw>
<status status="PASS" starttime="20230729 11:36:47.240" endtime="20230729 11:36:48.581"/>
</kw>
<status status="PASS" starttime="20230729 11:36:42.126" endtime="20230729 11:36:48.582"/>
</kw>
<status status="PASS" starttime="20230729 11:36:36.517" endtime="20230729 11:36:48.582"/>
</kw>
<kw name="When Select the leave date status as Pending" library="common" sourcename="Select the leave date status as ${status}">
<kw name="Filter the list of holidays with the status of &quot;${status}&quot;" library="common" sourcename="Filter the list of holidays with the status of &quot;${status}&quot;">
<kw name="Click" library="Browser">
<arg>//thead/tr[1]/th[7]/div[1]/span[2]/*[1]</arg>
<tag>PageContent</tag>
<tag>Setter</tag>
<doc>Simulates mouse click on the element found by ``selector``.</doc>
<status status="PASS" starttime="20230729 11:36:48.591" endtime="20230729 11:36:49.533"/>
</kw>
<kw name="Click" library="Browser">
<arg>//span[contains(text(),'${status}')]</arg>
<tag>PageContent</tag>
<tag>Setter</tag>
<doc>Simulates mouse click on the element found by ``selector``.</doc>
<status status="PASS" starttime="20230729 11:36:49.533" endtime="20230729 11:36:50.095"/>
</kw>
<kw name="Click &quot;Tìm kiếm&quot; button" library="common" sourcename="Click &quot;${text}&quot; button">
<kw name="Click" library="Browser">
<arg>xpath=//button[@title = "${text}"]</arg>
<tag>PageContent</tag>
<tag>Setter</tag>
<doc>Simulates mouse click on the element found by ``selector``.</doc>
<status status="PASS" starttime="20230729 11:36:50.096" endtime="20230729 11:36:50.818"/>
</kw>
<kw name="Click Confirm To Action" library="common">
<kw name="Set Variable" library="BuiltIn">
<var>${element}</var>
<arg>xpath=//*[contains(@class, "ant-popover")]//*[contains(@class, "ant-btn-primary")]</arg>
<doc>Returns the given values which can then be assigned to a variables.</doc>
<msg timestamp="20230729 11:36:50.821" level="INFO">${element} = xpath=//*[contains(@class, "ant-popover")]//*[contains(@class, "ant-btn-primary")]</msg>
<status status="PASS" starttime="20230729 11:36:50.820" endtime="20230729 11:36:50.821"/>
</kw>
<kw name="Get Element Count" library="Browser">
<var>${count}</var>
<arg>${element}</arg>
<tag>Assertion</tag>
<tag>Getter</tag>
<tag>PageContent</tag>
<doc>Returns the count of elements found with ``selector``.</doc>
<msg timestamp="20230729 11:36:50.846" level="INFO">${count} = 0</msg>
<status status="PASS" starttime="20230729 11:36:50.822" endtime="20230729 11:36:50.846"/>
</kw>
<if>
<branch type="IF" condition="${count} &gt; 0">
<kw name="Click" library="Browser">
<arg>${element}</arg>
<tag>PageContent</tag>
<tag>Setter</tag>
<doc>Simulates mouse click on the element found by ``selector``.</doc>
<status status="NOT RUN" starttime="20230729 11:36:50.848" endtime="20230729 11:36:50.849"/>
</kw>
<kw name="Sleep" library="BuiltIn">
<arg>${SHOULD_TIMEOUT}</arg>
<doc>Pauses the test executed for the given time.</doc>
<status status="NOT RUN" starttime="20230729 11:36:50.849" endtime="20230729 11:36:50.850"/>
</kw>
<status status="NOT RUN" starttime="20230729 11:36:50.847" endtime="20230729 11:36:50.850"/>
</branch>
<status status="PASS" starttime="20230729 11:36:50.847" endtime="20230729 11:36:50.850"/>
</if>
<status status="PASS" starttime="20230729 11:36:50.819" endtime="20230729 11:36:50.851"/>
</kw>
<kw name="Scroll By" library="Browser">
<arg>${None}</arg>
<tag>PageContent</tag>
<tag>Setter</tag>
<doc>Scrolls an element or the page relative from current position by the given values.</doc>
<status status="PASS" starttime="20230729 11:36:50.851" endtime="20230729 11:36:50.979"/>
</kw>
<status status="PASS" starttime="20230729 11:36:50.095" endtime="20230729 11:36:50.979"/>
</kw>
<status status="PASS" starttime="20230729 11:36:48.588" endtime="20230729 11:36:50.979"/>
</kw>
<kw name="Get Elements" library="Browser">
<var>${elements}</var>
<arg>//*[contains(@class, "ant-table-row")]</arg>
<tag>Getter</tag>
<tag>PageContent</tag>
<doc>Returns a reference to Playwright [https://playwright.dev/docs/api/class-locator|Locator]
for all matched elements by ``selector``.</doc>
<msg timestamp="20230729 11:36:51.005" level="INFO">Found 6 Locators successfully.</msg>
<msg timestamp="20230729 11:36:51.006" level="INFO">${elements} = ['element=bf6d757c-c35f-4411-9402-e727cc5f31f1', 'element=e65fb585-68ed-4561-9c17-6667a7790b42', 'element=64e5882e-11c0-4c5c-9582-9c0f4032e630', 'element=c77ff47c-5529-4187-bfca-f8614eadd9d5', 'elemen...</msg>
<status status="PASS" starttime="20230729 11:36:50.979" endtime="20230729 11:36:51.006"/>
</kw>
<if>
<branch type="IF" condition="'${status}'=='Pending'">
<kw name="Click" library="Browser">
<arg>${elements}[1]</arg>
<arg>left</arg>
<arg>2</arg>
<tag>PageContent</tag>
<tag>Setter</tag>
<doc>Simulates mouse click on the element found by ``selector``.</doc>
<status status="PASS" starttime="20230729 11:36:51.007" endtime="20230729 11:36:52.998"/>
</kw>
<status status="PASS" starttime="20230729 11:36:51.007" endtime="20230729 11:36:52.998"/>
</branch>
<branch type="ELSE IF" condition="'${status}'=='Approved'">
<kw name="Click" library="Browser">
<arg>${elements}[0]</arg>
<arg>left</arg>
<arg>2</arg>
<tag>PageContent</tag>
<tag>Setter</tag>
<doc>Simulates mouse click on the element found by ``selector``.</doc>
<status status="NOT RUN" starttime="20230729 11:36:52.999" endtime="20230729 11:36:53.000"/>
</kw>
<status status="NOT RUN" starttime="20230729 11:36:52.999" endtime="20230729 11:36:53.000"/>
</branch>
<branch type="ELSE IF" condition="'${status}'=='Rejected'">
<kw name="Click" library="Browser">
<arg>${elements}[0]</arg>
<arg>left</arg>
<arg>2</arg>
<tag>PageContent</tag>
<tag>Setter</tag>
<doc>Simulates mouse click on the element found by ``selector``.</doc>
<status status="NOT RUN" starttime="20230729 11:36:53.001" endtime="20230729 11:36:53.001"/>
</kw>
<status status="NOT RUN" starttime="20230729 11:36:53.000" endtime="20230729 11:36:53.002"/>
</branch>
<status status="PASS" starttime="20230729 11:36:51.006" endtime="20230729 11:36:53.002"/>
</if>
<kw name="Wait Until Element Spin" library="common">
<kw name="Set Variable" library="BuiltIn">
<var>${element}</var>
<arg>xpath=//*[contains(@class, "ant-spin-spinning")]</arg>
<doc>Returns the given values which can then be assigned to a variables.</doc>
<msg timestamp="20230729 11:36:53.005" level="INFO">${element} = xpath=//*[contains(@class, "ant-spin-spinning")]</msg>
<status status="PASS" starttime="20230729 11:36:53.004" endtime="20230729 11:36:53.005"/>
</kw>
<kw name="Get Element Count" library="Browser">
<var>${count}</var>
<arg>${element}</arg>
<tag>Assertion</tag>
<tag>Getter</tag>
<tag>PageContent</tag>
<doc>Returns the count of elements found with ``selector``.</doc>
<msg timestamp="20230729 11:36:53.017" level="INFO">${count} = 1</msg>
<status status="PASS" starttime="20230729 11:36:53.006" endtime="20230729 11:36:53.017"/>
</kw>
<if>
<branch type="IF" condition="${count} &gt; 0">
<kw name="Wait Until Element Is Not Exist" library="common">
<arg>${element}</arg>
<kw name="Wait For Elements State" library="Browser">
<arg>${locator}</arg>
<arg>detached</arg>
<arg>${timeout}</arg>
<arg>${message}</arg>
<tag>PageContent</tag>
<tag>Wait</tag>
<doc>Waits for the element found by ``selector`` to satisfy state option.</doc>
<msg timestamp="20230729 11:36:53.315" level="INFO">Waited for Element with selector xpath=//*[contains(@class, "ant-spin-spinning")] at state detached</msg>
<status status="PASS" starttime="20230729 11:36:53.022" endtime="20230729 11:36:53.315"/>
</kw>
<status status="PASS" starttime="20230729 11:36:53.019" endtime="20230729 11:36:53.315"/>
</kw>
<status status="PASS" starttime="20230729 11:36:53.018" endtime="20230729 11:36:53.316"/>
</branch>
<status status="PASS" starttime="20230729 11:36:53.018" endtime="20230729 11:36:53.316"/>
</if>
<status status="PASS" starttime="20230729 11:36:53.003" endtime="20230729 11:36:53.316"/>
</kw>
<status status="PASS" starttime="20230729 11:36:48.585" endtime="20230729 11:36:53.317"/>
</kw>
<kw name="And Click &quot; Từ chối &quot; button" library="common" sourcename="Click &quot;${text}&quot; button">
<kw name="Click" library="Browser">
<arg>xpath=//button[@title = "${text}"]</arg>
<tag>PageContent</tag>
<tag>Setter</tag>
<doc>Simulates mouse click on the element found by ``selector``.</doc>
<status status="PASS" starttime="20230729 11:36:53.337" endtime="20230729 11:36:54.827"/>
</kw>
<kw name="Click Confirm To Action" library="common">
<kw name="Set Variable" library="BuiltIn">
<var>${element}</var>
<arg>xpath=//*[contains(@class, "ant-popover")]//*[contains(@class, "ant-btn-primary")]</arg>
<doc>Returns the given values which can then be assigned to a variables.</doc>
<msg timestamp="20230729 11:36:54.829" level="INFO">${element} = xpath=//*[contains(@class, "ant-popover")]//*[contains(@class, "ant-btn-primary")]</msg>
<status status="PASS" starttime="20230729 11:36:54.828" endtime="20230729 11:36:54.829"/>
</kw>
<kw name="Get Element Count" library="Browser">
<var>${count}</var>
<arg>${element}</arg>
<tag>Assertion</tag>
<tag>Getter</tag>
<tag>PageContent</tag>
<doc>Returns the count of elements found with ``selector``.</doc>
<msg timestamp="20230729 11:36:54.897" level="INFO">${count} = 0</msg>
<status status="PASS" starttime="20230729 11:36:54.829" endtime="20230729 11:36:54.897"/>
</kw>
<if>
<branch type="IF" condition="${count} &gt; 0">
<kw name="Click" library="Browser">
<arg>${element}</arg>
<tag>PageContent</tag>
<tag>Setter</tag>
<doc>Simulates mouse click on the element found by ``selector``.</doc>
<status status="NOT RUN" starttime="20230729 11:36:54.899" endtime="20230729 11:36:54.899"/>
</kw>
<kw name="Sleep" library="BuiltIn">
<arg>${SHOULD_TIMEOUT}</arg>
<doc>Pauses the test executed for the given time.</doc>
<status status="NOT RUN" starttime="20230729 11:36:54.900" endtime="20230729 11:36:54.900"/>
</kw>
<status status="NOT RUN" starttime="20230729 11:36:54.898" endtime="20230729 11:36:54.901"/>
</branch>
<status status="PASS" starttime="20230729 11:36:54.898" endtime="20230729 11:36:54.901"/>
</if>
<status status="PASS" starttime="20230729 11:36:54.827" endtime="20230729 11:36:54.902"/>
</kw>
<kw name="Scroll By" library="Browser">
<arg>${None}</arg>
<tag>PageContent</tag>
<tag>Setter</tag>
<doc>Scrolls an element or the page relative from current position by the given values.</doc>
<status status="PASS" starttime="20230729 11:36:54.903" endtime="20230729 11:36:55.007"/>
</kw>
<status status="PASS" starttime="20230729 11:36:53.336" endtime="20230729 11:36:55.007"/>
</kw>
<kw name="And Click &quot;Lưu lại&quot; button" library="common" sourcename="Click &quot;${text}&quot; button">
<kw name="Click" library="Browser">
<arg>xpath=//button[@title = "${text}"]</arg>
<tag>PageContent</tag>
<tag>Setter</tag>
<doc>Simulates mouse click on the element found by ``selector``.</doc>
<status status="PASS" starttime="20230729 11:36:55.045" endtime="20230729 11:36:55.624"/>
</kw>
<kw name="Click Confirm To Action" library="common">
<kw name="Set Variable" library="BuiltIn">
<var>${element}</var>
<arg>xpath=//*[contains(@class, "ant-popover")]//*[contains(@class, "ant-btn-primary")]</arg>
<doc>Returns the given values which can then be assigned to a variables.</doc>
<msg timestamp="20230729 11:36:55.626" level="INFO">${element} = xpath=//*[contains(@class, "ant-popover")]//*[contains(@class, "ant-btn-primary")]</msg>
<status status="PASS" starttime="20230729 11:36:55.626" endtime="20230729 11:36:55.627"/>
</kw>
<kw name="Get Element Count" library="Browser">
<var>${count}</var>
<arg>${element}</arg>
<tag>Assertion</tag>
<tag>Getter</tag>
<tag>PageContent</tag>
<doc>Returns the count of elements found with ``selector``.</doc>
<msg timestamp="20230729 11:36:55.642" level="INFO">${count} = 0</msg>
<status status="PASS" starttime="20230729 11:36:55.627" endtime="20230729 11:36:55.642"/>
</kw>
<if>
<branch type="IF" condition="${count} &gt; 0">
<kw name="Click" library="Browser">
<arg>${element}</arg>
<tag>PageContent</tag>
<tag>Setter</tag>
<doc>Simulates mouse click on the element found by ``selector``.</doc>
<status status="NOT RUN" starttime="20230729 11:36:55.643" endtime="20230729 11:36:55.644"/>
</kw>
<kw name="Sleep" library="BuiltIn">
<arg>${SHOULD_TIMEOUT}</arg>
<doc>Pauses the test executed for the given time.</doc>
<status status="NOT RUN" starttime="20230729 11:36:55.644" endtime="20230729 11:36:55.644"/>
</kw>
<status status="NOT RUN" starttime="20230729 11:36:55.642" endtime="20230729 11:36:55.645"/>
</branch>
<status status="PASS" starttime="20230729 11:36:55.642" endtime="20230729 11:36:55.645"/>
</if>
<status status="PASS" starttime="20230729 11:36:55.625" endtime="20230729 11:36:55.645"/>
</kw>
<kw name="Scroll By" library="Browser">
<arg>${None}</arg>
<tag>PageContent</tag>
<tag>Setter</tag>
<doc>Scrolls an element or the page relative from current position by the given values.</doc>
<status status="PASS" starttime="20230729 11:36:55.646" endtime="20230729 11:36:55.727"/>
</kw>
<status status="PASS" starttime="20230729 11:36:55.044" endtime="20230729 11:36:55.728"/>
</kw>
<kw name="Then Required message &quot;Lý do từ chối&quot; displayed under &quot;Xin vui lòng nhập lý do từ chối&quot; field" library="common" sourcename="Required message &quot;${name}&quot; displayed under &quot;${text}&quot; field">
<kw name="Get Element Form Item By Name" library="common">
<var>${element}</var>
<arg>${name}</arg>
<arg>//*[contains(@class, "ant-form-item-explain-error")]</arg>
<msg timestamp="20230729 11:36:55.780" level="INFO">${element} = xpath=//*[contains(@class, "ant-form-item-label")]/label[text()="Lý do từ chối"]/../../*[contains(@class, "ant-form-item")]//*[contains(@class, "ant-form-item-explain-error")]</msg>
<status status="PASS" starttime="20230729 11:36:55.779" endtime="20230729 11:36:55.780"/>
</kw>
<kw name="Wait Until Element Is Visible" library="common">
<arg>${element}</arg>
<kw name="Wait For Elements State" library="Browser">
<arg>${locator}</arg>
<arg>visible</arg>
<arg>${timeout}</arg>
<arg>${message}</arg>
<tag>PageContent</tag>
<tag>Wait</tag>
<doc>Waits for the element found by ``selector`` to satisfy state option.</doc>
<msg timestamp="20230729 11:36:55.835" level="INFO">Waited for Element with selector xpath=//*[contains(@class, "ant-form-item-label")]/label[text()="Lý do từ chối"]/../../*[contains(@class, "ant-form-item")]//*[contains(@class, "ant-form-item-explain-error")] at state visible</msg>
<status status="PASS" starttime="20230729 11:36:55.782" endtime="20230729 11:36:55.835"/>
</kw>
<status status="PASS" starttime="20230729 11:36:55.780" endtime="20230729 11:36:55.836"/>
</kw>
<kw name="Element Text Should Be" library="common">
<arg>${element}</arg>
<arg>${text}</arg>
<kw name="Get Text" library="Browser">
<arg>${locator}</arg>
<arg>equal</arg>
<arg>${expected}</arg>
<arg>${message}</arg>
<tag>Assertion</tag>
<tag>Getter</tag>
<tag>PageContent</tag>
<doc>Returns text attribute of the element found by ``selector``.</doc>
<msg timestamp="20230729 11:36:55.941" level="INFO">Text: 'Xin vui lòng nhập lý do từ chối'</msg>
<status status="PASS" starttime="20230729 11:36:55.841" endtime="20230729 11:36:55.941"/>
</kw>
<status status="PASS" starttime="20230729 11:36:55.836" endtime="20230729 11:36:55.942"/>
</kw>
<status status="PASS" starttime="20230729 11:36:55.778" endtime="20230729 11:36:55.942"/>
</kw>
<kw name="Tear Down" library="common" type="TEARDOWN">
<kw name="Close Browser" library="Browser">
<arg>ALL</arg>
<tag>BrowserControl</tag>
<tag>Setter</tag>
<doc>Closes the current browser.</doc>
<msg timestamp="20230729 11:37:11.440" level="INFO">Closed all browsers</msg>
<status status="PASS" starttime="20230729 11:36:55.974" endtime="20230729 11:37:11.440"/>
</kw>
<status status="PASS" starttime="20230729 11:36:55.973" endtime="20230729 11:37:11.441"/>
</kw>
<status status="PASS" starttime="20230729 11:36:31.006" endtime="20230729 11:37:11.462"/>
</test>
<status status="PASS" starttime="20230729 11:36:16.777" endtime="20230729 11:37:11.493"/>
</suite>
<statistics>
<total>
<stat pass="1" fail="0" skip="0">All Tests</stat>
</total>
<tag>
</tag>
<suite>
<stat pass="1" fail="0" skip="0" id="s1" name="Manager Leave Management">Manager Leave Management</stat>
</suite>
</statistics>
<errors>
</errors>
</robot>
