<?xml version="1.0" encoding="UTF-8"?>
<robot generator="Robot 6.1 (Python 3.11.4 on win32)" generated="20230721 19:30:21.900" rpa="false" schemaversion="4">
<suite id="s1" name="Teeee" source="C:\Users\nhats\OneDrive\Desktop\ARI\vite-react-ari\test\testcases\teeee.robot">
<test id="s1-t1" name="CRU-39 Verify that Admin can search successfully when entering correct keyword to search box with &quot;Họ và tên&quot;" line="11">
<kw name="Setup" library="common" type="SETUP">
<kw name="Set Browser Timeout" library="Browser">
<arg>${BROWSER_TIMEOUT}</arg>
<tag>Config</tag>
<tag>Setter</tag>
<doc>Sets the timeout used by most input and getter keywords.</doc>
<status status="PASS" starttime="20230721 19:30:28.146" endtime="20230721 19:30:28.165"/>
</kw>
<kw name="New Browser" library="Browser">
<arg>${BROWSER}</arg>
<arg>headless=${HEADLESS}</arg>
<tag>BrowserControl</tag>
<tag>Setter</tag>
<doc>Create a new playwright Browser with specified options.</doc>
<msg timestamp="20230721 19:30:28.174" level="INFO">{"browser": "chromium", "headless": false, "devtools": false, "handleSIGHUP": true, "handleSIGINT": true, "handleSIGTERM": true, "slowMo": 0.0, "timeout": 30000.0, "deprecated_pos_args": [], "tracesDir": "C:\\Users\\nhats\\OneDrive\\Desktop\\ARI\\vite-react-ari\\browser\\traces\\69a8fbaa-4636-4a9b-b59e-b055d219aee6"}</msg>
<msg timestamp="20230721 19:30:30.513" level="INFO">Successfully created browser with options: {"browser":"chromium","headless":false,"devtools":false,"handleSIGHUP":true,"handleSIGINT":true,"handleSIGTERM":true,"slowMo":0,"timeout":30000,"deprecated_pos_args":[],"tracesDir":"C:\\Users\\nhats\\OneDrive\\Desktop\\ARI\\vite-react-ari\\browser\\traces\\69a8fbaa-4636-4a9b-b59e-b055d219aee6"}</msg>
<status status="PASS" starttime="20230721 19:30:28.167" endtime="20230721 19:30:30.513"/>
</kw>
<kw name="New Page" library="Browser">
<arg>${URL_DEFAULT}</arg>
<tag>BrowserControl</tag>
<tag>Setter</tag>
<doc>Open a new Page.</doc>
<msg timestamp="20230721 19:30:32.943" level="INFO">Successfully initialized new page object and opened url: http://v2.ari.com.vn/</msg>
<msg timestamp="20230721 19:30:32.943" level="INFO">No context was open. New context was automatically opened when this page is created.</msg>
<status status="PASS" starttime="20230721 19:30:30.514" endtime="20230721 19:30:32.943"/>
</kw>
<kw name="Evaluate" library="BuiltIn">
<var>${STATE}</var>
<arg>json.loads('''{}''')</arg>
<arg>json</arg>
<doc>Evaluates the given expression in Python and returns the result.</doc>
<msg timestamp="20230721 19:30:32.945" level="INFO">${STATE} = {}</msg>
<status status="PASS" starttime="20230721 19:30:32.944" endtime="20230721 19:30:32.945"/>
</kw>
<status status="PASS" starttime="20230721 19:30:28.144" endtime="20230721 19:30:32.946"/>
</kw>
<kw name="Login to admin" library="common">
<kw name="Enter &quot;email&quot; in &quot;Tên đăng nhập&quot; with &quot;admin@admin.com&quot;" library="common" sourcename="Enter &quot;${type}&quot; in &quot;${name}&quot; with &quot;${text}&quot;">
<kw name="Get Random Text" library="common">
<var>${text}</var>
<arg>${type}</arg>
<arg>${text}</arg>
<kw name="Set Variable" library="BuiltIn">
<var>${symbol}</var>
<arg>_RANDOM_</arg>
<doc>Returns the given values which can then be assigned to a variables.</doc>
<msg timestamp="20230721 19:30:32.977" level="INFO">${symbol} = _RANDOM_</msg>
<status status="PASS" starttime="20230721 19:30:32.977" endtime="20230721 19:30:32.977"/>
</kw>
<kw name="Set Variable" library="BuiltIn">
<var>${new_text}</var>
<doc>Returns the given values which can then be assigned to a variables.</doc>
<msg timestamp="20230721 19:30:32.978" level="INFO">${new_text} = </msg>
<status status="PASS" starttime="20230721 19:30:32.978" endtime="20230721 19:30:32.978"/>
</kw>
<kw name="Get Regexp Matches" library="String">
<var>${containsS}</var>
<arg>${text}</arg>
<arg>_@(.+)@_</arg>
<arg>1</arg>
<doc>Returns a list of all non-overlapping matches in the given string.</doc>
<msg timestamp="20230721 19:30:32.980" level="INFO">${containsS} = []</msg>
<status status="PASS" starttime="20230721 19:30:32.979" endtime="20230721 19:30:32.980"/>
</kw>
<kw name="Get Length" library="BuiltIn">
<var>${cntS}</var>
<arg>${containsS}</arg>
<doc>Returns and logs the length of the given item as an integer.</doc>
<msg timestamp="20230721 19:30:32.982" level="INFO">Length is 0</msg>
<msg timestamp="20230721 19:30:32.982" level="INFO">${cntS} = 0</msg>
<status status="PASS" starttime="20230721 19:30:32.981" endtime="20230721 19:30:32.982"/>
</kw>
<kw name="Get Regexp Matches" library="String">
<var>${contains}</var>
<arg>${text}</arg>
<arg>${symbol}</arg>
<doc>Returns a list of all non-overlapping matches in the given string.</doc>
<msg timestamp="20230721 19:30:32.984" level="INFO">${contains} = []</msg>
<status status="PASS" starttime="20230721 19:30:32.983" endtime="20230721 19:30:32.984"/>
</kw>
<kw name="Get Length" library="BuiltIn">
<var>${cnt}</var>
<arg>${contains}</arg>
<doc>Returns and logs the length of the given item as an integer.</doc>
<msg timestamp="20230721 19:30:32.985" level="INFO">Length is 0</msg>
<msg timestamp="20230721 19:30:32.985" level="INFO">${cnt} = 0</msg>
<status status="PASS" starttime="20230721 19:30:32.984" endtime="20230721 19:30:32.985"/>
</kw>
<if>
<branch type="IF" condition="${cntS} &gt; 0">
<kw name="Set Variable" library="BuiltIn">
<var>${new_text}</var>
<arg>${STATE["${containsS[0]}"]}</arg>
<doc>Returns the given values which can then be assigned to a variables.</doc>
<status status="NOT RUN" starttime="20230721 19:30:32.987" endtime="20230721 19:30:32.987"/>
</kw>
<kw name="Set Variable" library="BuiltIn">
<var>${symbol}</var>
<arg>_@${containsS[0]}@_</arg>
<doc>Returns the given values which can then be assigned to a variables.</doc>
<status status="NOT RUN" starttime="20230721 19:30:32.988" endtime="20230721 19:30:32.988"/>
</kw>
<status status="NOT RUN" starttime="20230721 19:30:32.986" endtime="20230721 19:30:32.988"/>
</branch>
<branch type="ELSE IF" condition="${cnt} &gt; 0 and '${type}' == 'test name'">
<kw name="Sentence" library="FakerLibrary">
<var>${random}</var>
<arg>nb_words=3</arg>
<doc>Generate a sentence.</doc>
<status status="NOT RUN" starttime="20230721 19:30:32.989" endtime="20230721 19:30:32.989"/>
</kw>
<kw name="Split String" library="String">
<var>${words}</var>
<arg>${TEST NAME}</arg>
<arg>${SPACE}</arg>
<doc>Splits the ``string`` using ``separator`` as a delimiter string.</doc>
<status status="NOT RUN" starttime="20230721 19:30:32.990" endtime="20230721 19:30:32.990"/>
</kw>
<kw name="Set Variable" library="BuiltIn">
<var>${new_text}</var>
<arg>${words[0]} ${random}</arg>
<doc>Returns the given values which can then be assigned to a variables.</doc>
<status status="NOT RUN" starttime="20230721 19:30:32.991" endtime="20230721 19:30:32.991"/>
</kw>
<status status="NOT RUN" starttime="20230721 19:30:32.988" endtime="20230721 19:30:32.991"/>
</branch>
<branch type="ELSE IF" condition="${cnt} &gt; 0 and '${type}' == 'number'">
<kw name="Random Int" library="FakerLibrary">
<var>${new_text}</var>
<arg>min=1000000000000</arg>
<arg>max=9999999999999</arg>
<doc>Generate a random integer between two integers ``min`` and ``max`` inclusive
while observing the provided ``step`` value.</doc>
<status status="NOT RUN" starttime="20230721 19:30:32.993" endtime="20230721 19:30:32.993"/>
</kw>
<kw name="Convert To String" library="BuiltIn">
<var>${new_text}</var>
<arg>${new_text}</arg>
<doc>Converts the given item to a Unicode string.</doc>
<status status="NOT RUN" starttime="20230721 19:30:32.994" endtime="20230721 19:30:32.994"/>
</kw>
<status status="NOT RUN" starttime="20230721 19:30:32.991" endtime="20230721 19:30:32.995"/>
</branch>
<branch type="ELSE IF" condition="${cnt} &gt; 0 and '${type}' == 'leave date'">
<kw name="Random Int" library="FakerLibrary">
<var>${new_text}</var>
<arg>min=0</arg>
<arg>max=16</arg>
<doc>Generate a random integer between two integers ``min`` and ``max`` inclusive
while observing the provided ``step`` value.</doc>
<status status="NOT RUN" starttime="20230721 19:30:32.996" endtime="20230721 19:30:32.997"/>
</kw>
<kw name="Convert To String" library="BuiltIn">
<var>${new_text}</var>
<arg>${new_text}</arg>
<doc>Converts the given item to a Unicode string.</doc>
<status status="NOT RUN" starttime="20230721 19:30:32.998" endtime="20230721 19:30:32.999"/>
</kw>
<status status="NOT RUN" starttime="20230721 19:30:32.995" endtime="20230721 19:30:32.999"/>
</branch>
<branch type="ELSE IF" condition="${cnt} &gt; 0 and '${type}' == 'percentage'">
<kw name="Random Int" library="FakerLibrary">
<var>${new_text}</var>
<arg>max=100</arg>
<doc>Generate a random integer between two integers ``min`` and ``max`` inclusive
while observing the provided ``step`` value.</doc>
<status status="NOT RUN" starttime="20230721 19:30:33.001" endtime="20230721 19:30:33.001"/>
</kw>
<kw name="Convert To String" library="BuiltIn">
<var>${new_text}</var>
<arg>${new_text}</arg>
<doc>Converts the given item to a Unicode string.</doc>
<status status="NOT RUN" starttime="20230721 19:30:33.001" endtime="20230721 19:30:33.003"/>
</kw>
<status status="NOT RUN" starttime="20230721 19:30:33.000" endtime="20230721 19:30:33.003"/>
</branch>
<branch type="ELSE IF" condition="${cnt} &gt; 0 and '${type}' == 'paragraph'">
<kw name="Paragraph" library="FakerLibrary">
<var>${new_text}</var>
<doc>Generate a paragraph.</doc>
<status status="NOT RUN" starttime="20230721 19:30:33.005" endtime="20230721 19:30:33.006"/>
</kw>
<status status="NOT RUN" starttime="20230721 19:30:33.004" endtime="20230721 19:30:33.006"/>
</branch>
<branch type="ELSE IF" condition="${cnt} &gt; 0 and '${type}' == 'email'">
<kw name="Email" library="FakerLibrary">
<var>${new_text}</var>
<status status="NOT RUN" starttime="20230721 19:30:33.007" endtime="20230721 19:30:33.007"/>
</kw>
<status status="NOT RUN" starttime="20230721 19:30:33.006" endtime="20230721 19:30:33.007"/>
</branch>
<branch type="ELSE IF" condition="${cnt} &gt; 0 and '${type}' == 'phone'">
<kw name="Random Int" library="FakerLibrary">
<var>${new_text}</var>
<arg>min=55555555</arg>
<arg>max=999999999999</arg>
<doc>Generate a random integer between two integers ``min`` and ``max`` inclusive
while observing the provided ``step`` value.</doc>
<status status="NOT RUN" starttime="20230721 19:30:33.008" endtime="20230721 19:30:33.009"/>
</kw>
<kw name="Convert To String" library="BuiltIn">
<var>${new_text}</var>
<arg>${new_text}</arg>
<doc>Converts the given item to a Unicode string.</doc>
<status status="NOT RUN" starttime="20230721 19:30:33.010" endtime="20230721 19:30:33.010"/>
</kw>
<status status="NOT RUN" starttime="20230721 19:30:33.008" endtime="20230721 19:30:33.010"/>
</branch>
<branch type="ELSE IF" condition="${cnt} &gt; 0 and '${type}' == 'color'">
<kw name="Safe Hex Color" library="FakerLibrary">
<var>${new_text}</var>
<doc>Generate a web-safe color formatted as a hex triplet.</doc>
<status status="NOT RUN" starttime="20230721 19:30:33.011" endtime="20230721 19:30:33.011"/>
</kw>
<status status="NOT RUN" starttime="20230721 19:30:33.010" endtime="20230721 19:30:33.012"/>
</branch>
<branch type="ELSE IF" condition="${cnt} &gt; 0 and '${type}' == 'date'">
<kw name="Date" library="FakerLibrary">
<var>${new_text}</var>
<arg>pattern=%d-%m-%Y</arg>
<doc>Get a date string between January 1, 1970 and now.</doc>
<status status="NOT RUN" starttime="20230721 19:30:33.013" endtime="20230721 19:30:33.013"/>
</kw>
<status status="NOT RUN" starttime="20230721 19:30:33.012" endtime="20230721 19:30:33.013"/>
</branch>
<branch type="ELSE IF" condition="${cnt} &gt; 0 and '${type}' == 'word'">
<kw name="Sentence" library="FakerLibrary">
<var>${new_text}</var>
<arg>nb_words=2</arg>
<doc>Generate a sentence.</doc>
<status status="NOT RUN" starttime="20230721 19:30:33.015" endtime="20230721 19:30:33.015"/>
</kw>
<status status="NOT RUN" starttime="20230721 19:30:33.013" endtime="20230721 19:30:33.016"/>
</branch>
<branch type="ELSE IF" condition="${cnt} &gt; 0">
<kw name="Sentence" library="FakerLibrary">
<var>${new_text}</var>
<doc>Generate a sentence.</doc>
<status status="NOT RUN" starttime="20230721 19:30:33.017" endtime="20230721 19:30:33.017"/>
</kw>
<status status="NOT RUN" starttime="20230721 19:30:33.016" endtime="20230721 19:30:33.018"/>
</branch>
<status status="PASS" starttime="20230721 19:30:32.986" endtime="20230721 19:30:33.018"/>
</if>
<kw name="Get Length" library="BuiltIn">
<var>${cnt}</var>
<arg>${text}</arg>
<doc>Returns and logs the length of the given item as an integer.</doc>
<msg timestamp="20230721 19:30:33.021" level="INFO">Length is 15</msg>
<msg timestamp="20230721 19:30:33.021" level="INFO">${cnt} = 15</msg>
<status status="PASS" starttime="20230721 19:30:33.020" endtime="20230721 19:30:33.021"/>
</kw>
<if>
<branch type="IF" condition="${cnt} &gt; 0">
<kw name="Replace String" library="String">
<var>${text}</var>
<arg>${text}</arg>
<arg>${symbol}</arg>
<arg>${new_text}</arg>
<doc>Replaces ``search_for`` in the given ``string`` with ``replace_with``.</doc>
<msg timestamp="20230721 19:30:33.024" level="INFO">${text} = admin@admin.com</msg>
<status status="PASS" starttime="20230721 19:30:33.023" endtime="20230721 19:30:33.024"/>
</kw>
<status status="PASS" starttime="20230721 19:30:33.021" endtime="20230721 19:30:33.024"/>
</branch>
<status status="PASS" starttime="20230721 19:30:33.021" endtime="20230721 19:30:33.025"/>
</if>
<msg timestamp="20230721 19:30:33.025" level="INFO">${text} = admin@admin.com</msg>
<status status="PASS" starttime="20230721 19:30:32.975" endtime="20230721 19:30:33.025"/>
</kw>
<kw name="Get Element Form Item By Name" library="common">
<var>${element}</var>
<arg>${name}</arg>
<arg>//input[contains(@class, "ant-input")]</arg>
<msg timestamp="20230721 19:30:33.027" level="INFO">${element} = xpath=//*[contains(@class, "ant-form-item-label")]/label[text()="Tên đăng nhập"]/../../*[contains(@class, "ant-form-item")]//input[contains(@class, "ant-input")]</msg>
<status status="PASS" starttime="20230721 19:30:33.026" endtime="20230721 19:30:33.027"/>
</kw>
<kw name="Clear Text" library="Browser">
<arg>${element}</arg>
<tag>PageContent</tag>
<tag>Setter</tag>
<doc>Clears the text field found by ``selector``.</doc>
<status status="PASS" starttime="20230721 19:30:33.027" endtime="20230721 19:30:35.462"/>
</kw>
<kw name="Fill Text" library="Browser">
<arg>${element}</arg>
<arg>${text}</arg>
<arg>True</arg>
<tag>PageContent</tag>
<tag>Setter</tag>
<doc>Clears and fills the given ``txt`` into the text field found by ``selector``.</doc>
<msg timestamp="20230721 19:30:35.464" level="INFO">Fills the text 'admin@admin.com' in the given field.</msg>
<status status="PASS" starttime="20230721 19:30:35.462" endtime="20230721 19:30:35.581"/>
</kw>
<kw name="Get Length" library="BuiltIn">
<var>${cnt}</var>
<arg>${text}</arg>
<doc>Returns and logs the length of the given item as an integer.</doc>
<msg timestamp="20230721 19:30:35.583" level="INFO">Length is 15</msg>
<msg timestamp="20230721 19:30:35.583" level="INFO">${cnt} = 15</msg>
<status status="PASS" starttime="20230721 19:30:35.582" endtime="20230721 19:30:35.583"/>
</kw>
<if>
<branch type="IF" condition="${cnt} &gt; 0">
<kw name="Set Global Variable" library="BuiltIn">
<arg>${STATE["${name}"]}</arg>
<arg>${text}</arg>
<doc>Makes a variable available globally in all tests and suites.</doc>
<msg timestamp="20230721 19:30:35.587" level="INFO">${STATE["Tên đăng nhập"]} = admin@admin.com</msg>
<status status="PASS" starttime="20230721 19:30:35.584" endtime="20230721 19:30:35.587"/>
</kw>
<status status="PASS" starttime="20230721 19:30:35.583" endtime="20230721 19:30:35.587"/>
</branch>
<status status="PASS" starttime="20230721 19:30:35.583" endtime="20230721 19:30:35.587"/>
</if>
<status status="PASS" starttime="20230721 19:30:32.974" endtime="20230721 19:30:35.588"/>
</kw>
<kw name="Enter &quot;text&quot; in &quot;Mật khẩu&quot; with &quot;Password1!&quot;" library="common" sourcename="Enter &quot;${type}&quot; in &quot;${name}&quot; with &quot;${text}&quot;">
<kw name="Get Random Text" library="common">
<var>${text}</var>
<arg>${type}</arg>
<arg>${text}</arg>
<kw name="Set Variable" library="BuiltIn">
<var>${symbol}</var>
<arg>_RANDOM_</arg>
<doc>Returns the given values which can then be assigned to a variables.</doc>
<msg timestamp="20230721 19:30:35.591" level="INFO">${symbol} = _RANDOM_</msg>
<status status="PASS" starttime="20230721 19:30:35.591" endtime="20230721 19:30:35.591"/>
</kw>
<kw name="Set Variable" library="BuiltIn">
<var>${new_text}</var>
<doc>Returns the given values which can then be assigned to a variables.</doc>
<msg timestamp="20230721 19:30:35.593" level="INFO">${new_text} = </msg>
<status status="PASS" starttime="20230721 19:30:35.591" endtime="20230721 19:30:35.593"/>
</kw>
<kw name="Get Regexp Matches" library="String">
<var>${containsS}</var>
<arg>${text}</arg>
<arg>_@(.+)@_</arg>
<arg>1</arg>
<doc>Returns a list of all non-overlapping matches in the given string.</doc>
<msg timestamp="20230721 19:30:35.594" level="INFO">${containsS} = []</msg>
<status status="PASS" starttime="20230721 19:30:35.593" endtime="20230721 19:30:35.594"/>
</kw>
<kw name="Get Length" library="BuiltIn">
<var>${cntS}</var>
<arg>${containsS}</arg>
<doc>Returns and logs the length of the given item as an integer.</doc>
<msg timestamp="20230721 19:30:35.596" level="INFO">Length is 0</msg>
<msg timestamp="20230721 19:30:35.596" level="INFO">${cntS} = 0</msg>
<status status="PASS" starttime="20230721 19:30:35.595" endtime="20230721 19:30:35.596"/>
</kw>
<kw name="Get Regexp Matches" library="String">
<var>${contains}</var>
<arg>${text}</arg>
<arg>${symbol}</arg>
<doc>Returns a list of all non-overlapping matches in the given string.</doc>
<msg timestamp="20230721 19:30:35.597" level="INFO">${contains} = []</msg>
<status status="PASS" starttime="20230721 19:30:35.596" endtime="20230721 19:30:35.597"/>
</kw>
<kw name="Get Length" library="BuiltIn">
<var>${cnt}</var>
<arg>${contains}</arg>
<doc>Returns and logs the length of the given item as an integer.</doc>
<msg timestamp="20230721 19:30:35.598" level="INFO">Length is 0</msg>
<msg timestamp="20230721 19:30:35.598" level="INFO">${cnt} = 0</msg>
<status status="PASS" starttime="20230721 19:30:35.597" endtime="20230721 19:30:35.598"/>
</kw>
<if>
<branch type="IF" condition="${cntS} &gt; 0">
<kw name="Set Variable" library="BuiltIn">
<var>${new_text}</var>
<arg>${STATE["${containsS[0]}"]}</arg>
<doc>Returns the given values which can then be assigned to a variables.</doc>
<status status="NOT RUN" starttime="20230721 19:30:35.600" endtime="20230721 19:30:35.600"/>
</kw>
<kw name="Set Variable" library="BuiltIn">
<var>${symbol}</var>
<arg>_@${containsS[0]}@_</arg>
<doc>Returns the given values which can then be assigned to a variables.</doc>
<status status="NOT RUN" starttime="20230721 19:30:35.600" endtime="20230721 19:30:35.601"/>
</kw>
<status status="NOT RUN" starttime="20230721 19:30:35.599" endtime="20230721 19:30:35.601"/>
</branch>
<branch type="ELSE IF" condition="${cnt} &gt; 0 and '${type}' == 'test name'">
<kw name="Sentence" library="FakerLibrary">
<var>${random}</var>
<arg>nb_words=3</arg>
<doc>Generate a sentence.</doc>
<status status="NOT RUN" starttime="20230721 19:30:35.602" endtime="20230721 19:30:35.603"/>
</kw>
<kw name="Split String" library="String">
<var>${words}</var>
<arg>${TEST NAME}</arg>
<arg>${SPACE}</arg>
<doc>Splits the ``string`` using ``separator`` as a delimiter string.</doc>
<status status="NOT RUN" starttime="20230721 19:30:35.603" endtime="20230721 19:30:35.604"/>
</kw>
<kw name="Set Variable" library="BuiltIn">
<var>${new_text}</var>
<arg>${words[0]} ${random}</arg>
<doc>Returns the given values which can then be assigned to a variables.</doc>
<status status="NOT RUN" starttime="20230721 19:30:35.604" endtime="20230721 19:30:35.604"/>
</kw>
<status status="NOT RUN" starttime="20230721 19:30:35.601" endtime="20230721 19:30:35.605"/>
</branch>
<branch type="ELSE IF" condition="${cnt} &gt; 0 and '${type}' == 'number'">
<kw name="Random Int" library="FakerLibrary">
<var>${new_text}</var>
<arg>min=1000000000000</arg>
<arg>max=9999999999999</arg>
<doc>Generate a random integer between two integers ``min`` and ``max`` inclusive
while observing the provided ``step`` value.</doc>
<status status="NOT RUN" starttime="20230721 19:30:35.606" endtime="20230721 19:30:35.606"/>
</kw>
<kw name="Convert To String" library="BuiltIn">
<var>${new_text}</var>
<arg>${new_text}</arg>
<doc>Converts the given item to a Unicode string.</doc>
<status status="NOT RUN" starttime="20230721 19:30:35.606" endtime="20230721 19:30:35.607"/>
</kw>
<status status="NOT RUN" starttime="20230721 19:30:35.605" endtime="20230721 19:30:35.607"/>
</branch>
<branch type="ELSE IF" condition="${cnt} &gt; 0 and '${type}' == 'leave date'">
<kw name="Random Int" library="FakerLibrary">
<var>${new_text}</var>
<arg>min=0</arg>
<arg>max=16</arg>
<doc>Generate a random integer between two integers ``min`` and ``max`` inclusive
while observing the provided ``step`` value.</doc>
<status status="NOT RUN" starttime="20230721 19:30:35.608" endtime="20230721 19:30:35.608"/>
</kw>
<kw name="Convert To String" library="BuiltIn">
<var>${new_text}</var>
<arg>${new_text}</arg>
<doc>Converts the given item to a Unicode string.</doc>
<status status="NOT RUN" starttime="20230721 19:30:35.609" endtime="20230721 19:30:35.609"/>
</kw>
<status status="NOT RUN" starttime="20230721 19:30:35.607" endtime="20230721 19:30:35.609"/>
</branch>
<branch type="ELSE IF" condition="${cnt} &gt; 0 and '${type}' == 'percentage'">
<kw name="Random Int" library="FakerLibrary">
<var>${new_text}</var>
<arg>max=100</arg>
<doc>Generate a random integer between two integers ``min`` and ``max`` inclusive
while observing the provided ``step`` value.</doc>
<status status="NOT RUN" starttime="20230721 19:30:35.610" endtime="20230721 19:30:35.611"/>
</kw>
<kw name="Convert To String" library="BuiltIn">
<var>${new_text}</var>
<arg>${new_text}</arg>
<doc>Converts the given item to a Unicode string.</doc>
<status status="NOT RUN" starttime="20230721 19:30:35.611" endtime="20230721 19:30:35.612"/>
</kw>
<status status="NOT RUN" starttime="20230721 19:30:35.610" endtime="20230721 19:30:35.612"/>
</branch>
<branch type="ELSE IF" condition="${cnt} &gt; 0 and '${type}' == 'paragraph'">
<kw name="Paragraph" library="FakerLibrary">
<var>${new_text}</var>
<doc>Generate a paragraph.</doc>
<status status="NOT RUN" starttime="20230721 19:30:35.614" endtime="20230721 19:30:35.614"/>
</kw>
<status status="NOT RUN" starttime="20230721 19:30:35.612" endtime="20230721 19:30:35.614"/>
</branch>
<branch type="ELSE IF" condition="${cnt} &gt; 0 and '${type}' == 'email'">
<kw name="Email" library="FakerLibrary">
<var>${new_text}</var>
<status status="NOT RUN" starttime="20230721 19:30:35.615" endtime="20230721 19:30:35.615"/>
</kw>
<status status="NOT RUN" starttime="20230721 19:30:35.614" endtime="20230721 19:30:35.616"/>
</branch>
<branch type="ELSE IF" condition="${cnt} &gt; 0 and '${type}' == 'phone'">
<kw name="Random Int" library="FakerLibrary">
<var>${new_text}</var>
<arg>min=55555555</arg>
<arg>max=999999999999</arg>
<doc>Generate a random integer between two integers ``min`` and ``max`` inclusive
while observing the provided ``step`` value.</doc>
<status status="NOT RUN" starttime="20230721 19:30:35.617" endtime="20230721 19:30:35.617"/>
</kw>
<kw name="Convert To String" library="BuiltIn">
<var>${new_text}</var>
<arg>${new_text}</arg>
<doc>Converts the given item to a Unicode string.</doc>
<status status="NOT RUN" starttime="20230721 19:30:35.617" endtime="20230721 19:30:35.618"/>
</kw>
<status status="NOT RUN" starttime="20230721 19:30:35.616" endtime="20230721 19:30:35.618"/>
</branch>
<branch type="ELSE IF" condition="${cnt} &gt; 0 and '${type}' == 'color'">
<kw name="Safe Hex Color" library="FakerLibrary">
<var>${new_text}</var>
<doc>Generate a web-safe color formatted as a hex triplet.</doc>
<status status="NOT RUN" starttime="20230721 19:30:35.619" endtime="20230721 19:30:35.619"/>
</kw>
<status status="NOT RUN" starttime="20230721 19:30:35.618" endtime="20230721 19:30:35.620"/>
</branch>
<branch type="ELSE IF" condition="${cnt} &gt; 0 and '${type}' == 'date'">
<kw name="Date" library="FakerLibrary">
<var>${new_text}</var>
<arg>pattern=%d-%m-%Y</arg>
<doc>Get a date string between January 1, 1970 and now.</doc>
<status status="NOT RUN" starttime="20230721 19:30:35.621" endtime="20230721 19:30:35.621"/>
</kw>
<status status="NOT RUN" starttime="20230721 19:30:35.620" endtime="20230721 19:30:35.621"/>
</branch>
<branch type="ELSE IF" condition="${cnt} &gt; 0 and '${type}' == 'word'">
<kw name="Sentence" library="FakerLibrary">
<var>${new_text}</var>
<arg>nb_words=2</arg>
<doc>Generate a sentence.</doc>
<status status="NOT RUN" starttime="20230721 19:30:35.622" endtime="20230721 19:30:35.623"/>
</kw>
<status status="NOT RUN" starttime="20230721 19:30:35.621" endtime="20230721 19:30:35.623"/>
</branch>
<branch type="ELSE IF" condition="${cnt} &gt; 0">
<kw name="Sentence" library="FakerLibrary">
<var>${new_text}</var>
<doc>Generate a sentence.</doc>
<status status="NOT RUN" starttime="20230721 19:30:35.624" endtime="20230721 19:30:35.624"/>
</kw>
<status status="NOT RUN" starttime="20230721 19:30:35.623" endtime="20230721 19:30:35.625"/>
</branch>
<status status="PASS" starttime="20230721 19:30:35.599" endtime="20230721 19:30:35.625"/>
</if>
<kw name="Get Length" library="BuiltIn">
<var>${cnt}</var>
<arg>${text}</arg>
<doc>Returns and logs the length of the given item as an integer.</doc>
<msg timestamp="20230721 19:30:35.626" level="INFO">Length is 10</msg>
<msg timestamp="20230721 19:30:35.626" level="INFO">${cnt} = 10</msg>
<status status="PASS" starttime="20230721 19:30:35.625" endtime="20230721 19:30:35.626"/>
</kw>
<if>
<branch type="IF" condition="${cnt} &gt; 0">
<kw name="Replace String" library="String">
<var>${text}</var>
<arg>${text}</arg>
<arg>${symbol}</arg>
<arg>${new_text}</arg>
<doc>Replaces ``search_for`` in the given ``string`` with ``replace_with``.</doc>
<msg timestamp="20230721 19:30:35.629" level="INFO">${text} = Password1!</msg>
<status status="PASS" starttime="20230721 19:30:35.628" endtime="20230721 19:30:35.629"/>
</kw>
<status status="PASS" starttime="20230721 19:30:35.627" endtime="20230721 19:30:35.629"/>
</branch>
<status status="PASS" starttime="20230721 19:30:35.627" endtime="20230721 19:30:35.629"/>
</if>
<msg timestamp="20230721 19:30:35.630" level="INFO">${text} = Password1!</msg>
<status status="PASS" starttime="20230721 19:30:35.589" endtime="20230721 19:30:35.630"/>
</kw>
<kw name="Get Element Form Item By Name" library="common">
<var>${element}</var>
<arg>${name}</arg>
<arg>//input[contains(@class, "ant-input")]</arg>
<msg timestamp="20230721 19:30:35.632" level="INFO">${element} = xpath=//*[contains(@class, "ant-form-item-label")]/label[text()="Mật khẩu"]/../../*[contains(@class, "ant-form-item")]//input[contains(@class, "ant-input")]</msg>
<status status="PASS" starttime="20230721 19:30:35.631" endtime="20230721 19:30:35.632"/>
</kw>
<kw name="Clear Text" library="Browser">
<arg>${element}</arg>
<tag>PageContent</tag>
<tag>Setter</tag>
<doc>Clears the text field found by ``selector``.</doc>
<status status="PASS" starttime="20230721 19:30:35.635" endtime="20230721 19:30:35.916"/>
</kw>
<kw name="Fill Text" library="Browser">
<arg>${element}</arg>
<arg>${text}</arg>
<arg>True</arg>
<tag>PageContent</tag>
<tag>Setter</tag>
<doc>Clears and fills the given ``txt`` into the text field found by ``selector``.</doc>
<msg timestamp="20230721 19:30:35.920" level="INFO">Fills the text 'Password1!' in the given field.</msg>
<status status="PASS" starttime="20230721 19:30:35.919" endtime="20230721 19:30:36.015"/>
</kw>
<kw name="Get Length" library="BuiltIn">
<var>${cnt}</var>
<arg>${text}</arg>
<doc>Returns and logs the length of the given item as an integer.</doc>
<msg timestamp="20230721 19:30:36.020" level="INFO">Length is 10</msg>
<msg timestamp="20230721 19:30:36.020" level="INFO">${cnt} = 10</msg>
<status status="PASS" starttime="20230721 19:30:36.019" endtime="20230721 19:30:36.020"/>
</kw>
<if>
<branch type="IF" condition="${cnt} &gt; 0">
<kw name="Set Global Variable" library="BuiltIn">
<arg>${STATE["${name}"]}</arg>
<arg>${text}</arg>
<doc>Makes a variable available globally in all tests and suites.</doc>
<msg timestamp="20230721 19:30:36.023" level="INFO">${STATE["Mật khẩu"]} = Password1!</msg>
<status status="PASS" starttime="20230721 19:30:36.021" endtime="20230721 19:30:36.024"/>
</kw>
<status status="PASS" starttime="20230721 19:30:36.021" endtime="20230721 19:30:36.024"/>
</branch>
<status status="PASS" starttime="20230721 19:30:36.020" endtime="20230721 19:30:36.024"/>
</if>
<status status="PASS" starttime="20230721 19:30:35.588" endtime="20230721 19:30:36.025"/>
</kw>
<kw name="Click &quot;Đăng nhập&quot; button" library="common" sourcename="Click &quot;${text}&quot; button">
<kw name="Click" library="Browser">
<arg>xpath=//button[@title = "${text}"]</arg>
<tag>PageContent</tag>
<tag>Setter</tag>
<doc>Simulates mouse click on the element found by ``selector``.</doc>
<status status="PASS" starttime="20230721 19:30:36.026" endtime="20230721 19:30:36.332"/>
</kw>
<kw name="Click Confirm To Action" library="common">
<kw name="Set Variable" library="BuiltIn">
<var>${element}</var>
<arg>xpath=//*[contains(@class, "ant-popover")]//*[contains(@class, "ant-btn-primary")]</arg>
<doc>Returns the given values which can then be assigned to a variables.</doc>
<msg timestamp="20230721 19:30:36.335" level="INFO">${element} = xpath=//*[contains(@class, "ant-popover")]//*[contains(@class, "ant-btn-primary")]</msg>
<status status="PASS" starttime="20230721 19:30:36.334" endtime="20230721 19:30:36.335"/>
</kw>
<kw name="Get Element Count" library="Browser">
<var>${count}</var>
<arg>${element}</arg>
<tag>Assertion</tag>
<tag>Getter</tag>
<tag>PageContent</tag>
<doc>Returns the count of elements found with ``selector``.</doc>
<msg timestamp="20230721 19:30:36.367" level="INFO">${count} = 0</msg>
<status status="PASS" starttime="20230721 19:30:36.335" endtime="20230721 19:30:36.367"/>
</kw>
<if>
<branch type="IF" condition="${count} &gt; 0">
<kw name="Click" library="Browser">
<arg>${element}</arg>
<tag>PageContent</tag>
<tag>Setter</tag>
<doc>Simulates mouse click on the element found by ``selector``.</doc>
<status status="NOT RUN" starttime="20230721 19:30:36.368" endtime="20230721 19:30:36.368"/>
</kw>
<kw name="Sleep" library="BuiltIn">
<arg>${SHOULD_TIMEOUT}</arg>
<doc>Pauses the test executed for the given time.</doc>
<status status="NOT RUN" starttime="20230721 19:30:36.369" endtime="20230721 19:30:36.369"/>
</kw>
<status status="NOT RUN" starttime="20230721 19:30:36.367" endtime="20230721 19:30:36.369"/>
</branch>
<status status="PASS" starttime="20230721 19:30:36.367" endtime="20230721 19:30:36.369"/>
</if>
<status status="PASS" starttime="20230721 19:30:36.333" endtime="20230721 19:30:36.370"/>
</kw>
<kw name="Scroll By" library="Browser">
<arg>${None}</arg>
<tag>PageContent</tag>
<tag>Setter</tag>
<doc>Scrolls an element or the page relative from current position by the given values.</doc>
<status status="PASS" starttime="20230721 19:30:36.370" endtime="20230721 19:30:36.461"/>
</kw>
<status status="PASS" starttime="20230721 19:30:36.025" endtime="20230721 19:30:36.461"/>
</kw>
<kw name="User look message &quot;Thành công&quot; popup" library="common" sourcename="User look message &quot;${message}&quot; popup">
<kw name="Get Regexp Matches" library="String">
<var>${contains}</var>
<arg>${message}</arg>
<arg>_@(.+)@_</arg>
<arg>1</arg>
<doc>Returns a list of all non-overlapping matches in the given string.</doc>
<msg timestamp="20230721 19:30:36.464" level="INFO">${contains} = []</msg>
<status status="PASS" starttime="20230721 19:30:36.462" endtime="20230721 19:30:36.464"/>
</kw>
<kw name="Get Length" library="BuiltIn">
<var>${cnt}</var>
<arg>${contains}</arg>
<doc>Returns and logs the length of the given item as an integer.</doc>
<msg timestamp="20230721 19:30:36.468" level="INFO">Length is 0</msg>
<msg timestamp="20230721 19:30:36.468" level="INFO">${cnt} = 0</msg>
<status status="PASS" starttime="20230721 19:30:36.466" endtime="20230721 19:30:36.469"/>
</kw>
<if>
<branch type="IF" condition="${cnt} &gt; 0">
<kw name="Replace String" library="String">
<var>${message}</var>
<arg>${message}</arg>
<arg>_@${contains[0]}@_</arg>
<arg>${STATE["${contains[0]}"]}</arg>
<doc>Replaces ``search_for`` in the given ``string`` with ``replace_with``.</doc>
<status status="NOT RUN" starttime="20230721 19:30:36.470" endtime="20230721 19:30:36.470"/>
</kw>
<status status="NOT RUN" starttime="20230721 19:30:36.469" endtime="20230721 19:30:36.470"/>
</branch>
<status status="PASS" starttime="20230721 19:30:36.469" endtime="20230721 19:30:36.471"/>
</if>
<kw name="Element Text Should Be" library="common">
<arg>id=swal2-html-container</arg>
<arg>${message}</arg>
<kw name="Get Text" library="Browser">
<arg>${locator}</arg>
<arg>equal</arg>
<arg>${expected}</arg>
<arg>${message}</arg>
<tag>Assertion</tag>
<tag>Getter</tag>
<tag>PageContent</tag>
<doc>Returns text attribute of the element found by ``selector``.</doc>
<msg timestamp="20230721 19:30:38.676" level="INFO">Text: 'Thành công'</msg>
<status status="PASS" starttime="20230721 19:30:36.476" endtime="20230721 19:30:38.676"/>
</kw>
<status status="PASS" starttime="20230721 19:30:36.471" endtime="20230721 19:30:38.677"/>
</kw>
<kw name="Set Variable" library="BuiltIn">
<var>${element}</var>
<arg>xpath=//*[contains(@class, "swal2-confirm")]</arg>
<doc>Returns the given values which can then be assigned to a variables.</doc>
<msg timestamp="20230721 19:30:38.678" level="INFO">${element} = xpath=//*[contains(@class, "swal2-confirm")]</msg>
<status status="PASS" starttime="20230721 19:30:38.677" endtime="20230721 19:30:38.678"/>
</kw>
<kw name="Run Keyword And Return Status" library="BuiltIn">
<var>${passed}</var>
<arg>Element Should Be Visible</arg>
<arg>${element}</arg>
<doc>Runs the given keyword with given arguments and returns the status as a Boolean value.</doc>
<kw name="Element Should Be Visible" library="common">
<arg>${element}</arg>
<kw name="Wait For Elements State" library="Browser">
<arg>${locator}</arg>
<arg>visible</arg>
<arg>${timeout}</arg>
<arg>${message}</arg>
<tag>PageContent</tag>
<tag>Wait</tag>
<doc>Waits for the element found by ``selector`` to satisfy state option.</doc>
<msg timestamp="20230721 19:30:39.323" level="INFO" html="true">&lt;/td&gt;&lt;/tr&gt;&lt;tr&gt;&lt;td colspan="3"&gt;&lt;a href="browser/screenshot/fail-screenshot-1.png" target="_blank"&gt;&lt;img src="browser/screenshot/fail-screenshot-1.png" width="800px"/&gt;&lt;/a&gt;</msg>
<msg timestamp="20230721 19:30:39.323" level="INFO">See also file:///C:/Users/nhats/OneDrive/Desktop/ARI/vite-react-ari/playwright-log.txt for additional details.</msg>
<msg timestamp="20230721 19:30:39.323" level="FAIL">TimeoutError: locator.waitFor: Timeout 100ms exceeded.
=========================== logs ===========================
waiting for locator('xpath=//*[contains(@class, "swal2-confirm")]') to be visible
  locator resolved to hidden &lt;button type="button" aria-label="" class="swal2-confirm…&gt;OK&lt;/button&gt;
============================================================
Tip: Use "Set Browser Timeout" for increasing the timeout or double check your locator as the targeted element(s) couldn't be found.</msg>
<status status="FAIL" starttime="20230721 19:30:38.685" endtime="20230721 19:30:39.334"/>
</kw>
<status status="FAIL" starttime="20230721 19:30:38.679" endtime="20230721 19:30:39.335"/>
</kw>
<msg timestamp="20230721 19:30:39.336" level="INFO">${passed} = False</msg>
<status status="PASS" starttime="20230721 19:30:38.679" endtime="20230721 19:30:39.336"/>
</kw>
<if>
<branch type="IF" condition="'${passed}' == 'True'">
<kw name="Click" library="Browser">
<arg>${element}</arg>
<tag>PageContent</tag>
<tag>Setter</tag>
<doc>Simulates mouse click on the element found by ``selector``.</doc>
<status status="NOT RUN" starttime="20230721 19:30:39.339" endtime="20230721 19:30:39.339"/>
</kw>
<status status="NOT RUN" starttime="20230721 19:30:39.338" endtime="20230721 19:30:39.339"/>
</branch>
<status status="PASS" starttime="20230721 19:30:39.337" endtime="20230721 19:30:39.339"/>
</if>
<kw name="Wait Until Element Is Not Exist" library="common">
<arg>${element}</arg>
<kw name="Wait For Elements State" library="Browser">
<arg>${locator}</arg>
<arg>detached</arg>
<arg>${timeout}</arg>
<arg>${message}</arg>
<tag>PageContent</tag>
<tag>Wait</tag>
<doc>Waits for the element found by ``selector`` to satisfy state option.</doc>
<msg timestamp="20230721 19:30:41.895" level="INFO">Waited for Element with selector xpath=//*[contains(@class, "swal2-confirm")] at state detached</msg>
<status status="PASS" starttime="20230721 19:30:39.343" endtime="20230721 19:30:41.895"/>
</kw>
<status status="PASS" starttime="20230721 19:30:39.340" endtime="20230721 19:30:41.895"/>
</kw>
<status status="PASS" starttime="20230721 19:30:36.461" endtime="20230721 19:30:41.896"/>
</kw>
<status status="PASS" starttime="20230721 19:30:32.973" endtime="20230721 19:30:41.896"/>
</kw>
<kw name="And Click &quot;Người Dùng&quot; menu" library="common" sourcename="Click &quot;${text}&quot; menu">
<kw name="Click" library="Browser">
<arg>xpath=//li[span[contains(text(), "${text}")]]</arg>
<tag>PageContent</tag>
<tag>Setter</tag>
<doc>Simulates mouse click on the element found by ``selector``.</doc>
<status status="PASS" starttime="20230721 19:30:41.904" endtime="20230721 19:30:42.094"/>
</kw>
<kw name="Wait Until Element Spin" library="common">
<kw name="Set Variable" library="BuiltIn">
<var>${element}</var>
<arg>xpath=//*[contains(@class, "ant-spin-spinning")]</arg>
<doc>Returns the given values which can then be assigned to a variables.</doc>
<msg timestamp="20230721 19:30:42.096" level="INFO">${element} = xpath=//*[contains(@class, "ant-spin-spinning")]</msg>
<status status="PASS" starttime="20230721 19:30:42.095" endtime="20230721 19:30:42.096"/>
</kw>
<kw name="Get Element Count" library="Browser">
<var>${count}</var>
<arg>${element}</arg>
<tag>Assertion</tag>
<tag>Getter</tag>
<tag>PageContent</tag>
<doc>Returns the count of elements found with ``selector``.</doc>
<msg timestamp="20230721 19:30:42.117" level="INFO">${count} = 1</msg>
<status status="PASS" starttime="20230721 19:30:42.096" endtime="20230721 19:30:42.117"/>
</kw>
<if>
<branch type="IF" condition="${count} &gt; 0">
<kw name="Wait Until Element Is Not Exist" library="common">
<arg>${element}</arg>
<kw name="Wait For Elements State" library="Browser">
<arg>${locator}</arg>
<arg>detached</arg>
<arg>${timeout}</arg>
<arg>${message}</arg>
<tag>PageContent</tag>
<tag>Wait</tag>
<doc>Waits for the element found by ``selector`` to satisfy state option.</doc>
<msg timestamp="20230721 19:30:42.677" level="INFO">Waited for Element with selector xpath=//*[contains(@class, "ant-spin-spinning")] at state detached</msg>
<status status="PASS" starttime="20230721 19:30:42.121" endtime="20230721 19:30:42.678"/>
</kw>
<status status="PASS" starttime="20230721 19:30:42.119" endtime="20230721 19:30:42.678"/>
</kw>
<status status="PASS" starttime="20230721 19:30:42.118" endtime="20230721 19:30:42.678"/>
</branch>
<status status="PASS" starttime="20230721 19:30:42.118" endtime="20230721 19:30:42.679"/>
</if>
<status status="PASS" starttime="20230721 19:30:42.094" endtime="20230721 19:30:42.679"/>
</kw>
<status status="PASS" starttime="20230721 19:30:41.903" endtime="20230721 19:30:42.679"/>
</kw>
<kw name="And Search &quot;text&quot; in &quot;Tìm kiếm&quot; with &quot;${username_valid}&quot;" library="common" sourcename="Search &quot;${type}&quot; in &quot;${name}&quot; with &quot;${text}&quot;">
<kw name="Wait Until Element Spin" library="common">
<kw name="Set Variable" library="BuiltIn">
<var>${element}</var>
<arg>xpath=//*[contains(@class, "ant-spin-spinning")]</arg>
<doc>Returns the given values which can then be assigned to a variables.</doc>
<msg timestamp="20230721 19:30:42.684" level="INFO">${element} = xpath=//*[contains(@class, "ant-spin-spinning")]</msg>
<status status="PASS" starttime="20230721 19:30:42.683" endtime="20230721 19:30:42.684"/>
</kw>
<kw name="Get Element Count" library="Browser">
<var>${count}</var>
<arg>${element}</arg>
<tag>Assertion</tag>
<tag>Getter</tag>
<tag>PageContent</tag>
<doc>Returns the count of elements found with ``selector``.</doc>
<msg timestamp="20230721 19:30:42.694" level="INFO">${count} = 2</msg>
<status status="PASS" starttime="20230721 19:30:42.684" endtime="20230721 19:30:42.694"/>
</kw>
<if>
<branch type="IF" condition="${count} &gt; 0">
<kw name="Wait Until Element Is Not Exist" library="common">
<arg>${element}</arg>
<kw name="Wait For Elements State" library="Browser">
<arg>${locator}</arg>
<arg>detached</arg>
<arg>${timeout}</arg>
<arg>${message}</arg>
<tag>PageContent</tag>
<tag>Wait</tag>
<doc>Waits for the element found by ``selector`` to satisfy state option.</doc>
<msg timestamp="20230721 19:30:44.677" level="INFO">Waited for Element with selector xpath=//*[contains(@class, "ant-spin-spinning")] at state detached</msg>
<status status="PASS" starttime="20230721 19:30:42.698" endtime="20230721 19:30:44.678"/>
</kw>
<status status="PASS" starttime="20230721 19:30:42.695" endtime="20230721 19:30:44.678"/>
</kw>
<status status="PASS" starttime="20230721 19:30:42.695" endtime="20230721 19:30:44.678"/>
</branch>
<status status="PASS" starttime="20230721 19:30:42.695" endtime="20230721 19:30:44.679"/>
</if>
<status status="PASS" starttime="20230721 19:30:42.682" endtime="20230721 19:30:44.679"/>
</kw>
<kw name="Wait Until Element Spin" library="common">
<kw name="Set Variable" library="BuiltIn">
<var>${element}</var>
<arg>xpath=//*[contains(@class, "ant-spin-spinning")]</arg>
<doc>Returns the given values which can then be assigned to a variables.</doc>
<msg timestamp="20230721 19:30:44.681" level="INFO">${element} = xpath=//*[contains(@class, "ant-spin-spinning")]</msg>
<status status="PASS" starttime="20230721 19:30:44.680" endtime="20230721 19:30:44.681"/>
</kw>
<kw name="Get Element Count" library="Browser">
<var>${count}</var>
<arg>${element}</arg>
<tag>Assertion</tag>
<tag>Getter</tag>
<tag>PageContent</tag>
<doc>Returns the count of elements found with ``selector``.</doc>
<msg timestamp="20230721 19:30:44.690" level="INFO">${count} = 0</msg>
<status status="PASS" starttime="20230721 19:30:44.681" endtime="20230721 19:30:44.691"/>
</kw>
<if>
<branch type="IF" condition="${count} &gt; 0">
<kw name="Wait Until Element Is Not Exist" library="common">
<arg>${element}</arg>
<status status="NOT RUN" starttime="20230721 19:30:44.692" endtime="20230721 19:30:44.693"/>
</kw>
<status status="NOT RUN" starttime="20230721 19:30:44.691" endtime="20230721 19:30:44.693"/>
</branch>
<status status="PASS" starttime="20230721 19:30:44.691" endtime="20230721 19:30:44.693"/>
</if>
<status status="PASS" starttime="20230721 19:30:44.679" endtime="20230721 19:30:44.694"/>
</kw>
<kw name="Get Random Text" library="common">
<var>${text}</var>
<arg>${type}</arg>
<arg>${text}</arg>
<kw name="Set Variable" library="BuiltIn">
<var>${symbol}</var>
<arg>_RANDOM_</arg>
<doc>Returns the given values which can then be assigned to a variables.</doc>
<msg timestamp="20230721 19:30:44.695" level="INFO">${symbol} = _RANDOM_</msg>
<status status="PASS" starttime="20230721 19:30:44.695" endtime="20230721 19:30:44.695"/>
</kw>
<kw name="Set Variable" library="BuiltIn">
<var>${new_text}</var>
<doc>Returns the given values which can then be assigned to a variables.</doc>
<msg timestamp="20230721 19:30:44.697" level="INFO">${new_text} = </msg>
<status status="PASS" starttime="20230721 19:30:44.696" endtime="20230721 19:30:44.697"/>
</kw>
<kw name="Get Regexp Matches" library="String">
<var>${containsS}</var>
<arg>${text}</arg>
<arg>_@(.+)@_</arg>
<arg>1</arg>
<doc>Returns a list of all non-overlapping matches in the given string.</doc>
<msg timestamp="20230721 19:30:44.698" level="INFO">${containsS} = []</msg>
<status status="PASS" starttime="20230721 19:30:44.697" endtime="20230721 19:30:44.698"/>
</kw>
<kw name="Get Length" library="BuiltIn">
<var>${cntS}</var>
<arg>${containsS}</arg>
<doc>Returns and logs the length of the given item as an integer.</doc>
<msg timestamp="20230721 19:30:44.699" level="INFO">Length is 0</msg>
<msg timestamp="20230721 19:30:44.699" level="INFO">${cntS} = 0</msg>
<status status="PASS" starttime="20230721 19:30:44.699" endtime="20230721 19:30:44.700"/>
</kw>
<kw name="Get Regexp Matches" library="String">
<var>${contains}</var>
<arg>${text}</arg>
<arg>${symbol}</arg>
<doc>Returns a list of all non-overlapping matches in the given string.</doc>
<msg timestamp="20230721 19:30:44.701" level="INFO">${contains} = []</msg>
<status status="PASS" starttime="20230721 19:30:44.700" endtime="20230721 19:30:44.701"/>
</kw>
<kw name="Get Length" library="BuiltIn">
<var>${cnt}</var>
<arg>${contains}</arg>
<doc>Returns and logs the length of the given item as an integer.</doc>
<msg timestamp="20230721 19:30:44.703" level="INFO">Length is 0</msg>
<msg timestamp="20230721 19:30:44.703" level="INFO">${cnt} = 0</msg>
<status status="PASS" starttime="20230721 19:30:44.701" endtime="20230721 19:30:44.703"/>
</kw>
<if>
<branch type="IF" condition="${cntS} &gt; 0">
<kw name="Set Variable" library="BuiltIn">
<var>${new_text}</var>
<arg>${STATE["${containsS[0]}"]}</arg>
<doc>Returns the given values which can then be assigned to a variables.</doc>
<status status="NOT RUN" starttime="20230721 19:30:44.704" endtime="20230721 19:30:44.704"/>
</kw>
<kw name="Set Variable" library="BuiltIn">
<var>${symbol}</var>
<arg>_@${containsS[0]}@_</arg>
<doc>Returns the given values which can then be assigned to a variables.</doc>
<status status="NOT RUN" starttime="20230721 19:30:44.705" endtime="20230721 19:30:44.705"/>
</kw>
<status status="NOT RUN" starttime="20230721 19:30:44.703" endtime="20230721 19:30:44.705"/>
</branch>
<branch type="ELSE IF" condition="${cnt} &gt; 0 and '${type}' == 'test name'">
<kw name="Sentence" library="FakerLibrary">
<var>${random}</var>
<arg>nb_words=3</arg>
<doc>Generate a sentence.</doc>
<status status="NOT RUN" starttime="20230721 19:30:44.706" endtime="20230721 19:30:44.707"/>
</kw>
<kw name="Split String" library="String">
<var>${words}</var>
<arg>${TEST NAME}</arg>
<arg>${SPACE}</arg>
<doc>Splits the ``string`` using ``separator`` as a delimiter string.</doc>
<status status="NOT RUN" starttime="20230721 19:30:44.707" endtime="20230721 19:30:44.708"/>
</kw>
<kw name="Set Variable" library="BuiltIn">
<var>${new_text}</var>
<arg>${words[0]} ${random}</arg>
<doc>Returns the given values which can then be assigned to a variables.</doc>
<status status="NOT RUN" starttime="20230721 19:30:44.708" endtime="20230721 19:30:44.708"/>
</kw>
<status status="NOT RUN" starttime="20230721 19:30:44.706" endtime="20230721 19:30:44.709"/>
</branch>
<branch type="ELSE IF" condition="${cnt} &gt; 0 and '${type}' == 'number'">
<kw name="Random Int" library="FakerLibrary">
<var>${new_text}</var>
<arg>min=1000000000000</arg>
<arg>max=9999999999999</arg>
<doc>Generate a random integer between two integers ``min`` and ``max`` inclusive
while observing the provided ``step`` value.</doc>
<status status="NOT RUN" starttime="20230721 19:30:44.710" endtime="20230721 19:30:44.710"/>
</kw>
<kw name="Convert To String" library="BuiltIn">
<var>${new_text}</var>
<arg>${new_text}</arg>
<doc>Converts the given item to a Unicode string.</doc>
<status status="NOT RUN" starttime="20230721 19:30:44.710" endtime="20230721 19:30:44.711"/>
</kw>
<status status="NOT RUN" starttime="20230721 19:30:44.709" endtime="20230721 19:30:44.711"/>
</branch>
<branch type="ELSE IF" condition="${cnt} &gt; 0 and '${type}' == 'leave date'">
<kw name="Random Int" library="FakerLibrary">
<var>${new_text}</var>
<arg>min=0</arg>
<arg>max=16</arg>
<doc>Generate a random integer between two integers ``min`` and ``max`` inclusive
while observing the provided ``step`` value.</doc>
<status status="NOT RUN" starttime="20230721 19:30:44.711" endtime="20230721 19:30:44.712"/>
</kw>
<kw name="Convert To String" library="BuiltIn">
<var>${new_text}</var>
<arg>${new_text}</arg>
<doc>Converts the given item to a Unicode string.</doc>
<status status="NOT RUN" starttime="20230721 19:30:44.712" endtime="20230721 19:30:44.713"/>
</kw>
<status status="NOT RUN" starttime="20230721 19:30:44.711" endtime="20230721 19:30:44.713"/>
</branch>
<branch type="ELSE IF" condition="${cnt} &gt; 0 and '${type}' == 'percentage'">
<kw name="Random Int" library="FakerLibrary">
<var>${new_text}</var>
<arg>max=100</arg>
<doc>Generate a random integer between two integers ``min`` and ``max`` inclusive
while observing the provided ``step`` value.</doc>
<status status="NOT RUN" starttime="20230721 19:30:44.714" endtime="20230721 19:30:44.714"/>
</kw>
<kw name="Convert To String" library="BuiltIn">
<var>${new_text}</var>
<arg>${new_text}</arg>
<doc>Converts the given item to a Unicode string.</doc>
<status status="NOT RUN" starttime="20230721 19:30:44.715" endtime="20230721 19:30:44.715"/>
</kw>
<status status="NOT RUN" starttime="20230721 19:30:44.713" endtime="20230721 19:30:44.715"/>
</branch>
<branch type="ELSE IF" condition="${cnt} &gt; 0 and '${type}' == 'paragraph'">
<kw name="Paragraph" library="FakerLibrary">
<var>${new_text}</var>
<doc>Generate a paragraph.</doc>
<status status="NOT RUN" starttime="20230721 19:30:44.716" endtime="20230721 19:30:44.716"/>
</kw>
<status status="NOT RUN" starttime="20230721 19:30:44.715" endtime="20230721 19:30:44.717"/>
</branch>
<branch type="ELSE IF" condition="${cnt} &gt; 0 and '${type}' == 'email'">
<kw name="Email" library="FakerLibrary">
<var>${new_text}</var>
<status status="NOT RUN" starttime="20230721 19:30:44.718" endtime="20230721 19:30:44.718"/>
</kw>
<status status="NOT RUN" starttime="20230721 19:30:44.717" endtime="20230721 19:30:44.718"/>
</branch>
<branch type="ELSE IF" condition="${cnt} &gt; 0 and '${type}' == 'phone'">
<kw name="Random Int" library="FakerLibrary">
<var>${new_text}</var>
<arg>min=55555555</arg>
<arg>max=999999999999</arg>
<doc>Generate a random integer between two integers ``min`` and ``max`` inclusive
while observing the provided ``step`` value.</doc>
<status status="NOT RUN" starttime="20230721 19:30:44.719" endtime="20230721 19:30:44.719"/>
</kw>
<kw name="Convert To String" library="BuiltIn">
<var>${new_text}</var>
<arg>${new_text}</arg>
<doc>Converts the given item to a Unicode string.</doc>
<status status="NOT RUN" starttime="20230721 19:30:44.720" endtime="20230721 19:30:44.720"/>
</kw>
<status status="NOT RUN" starttime="20230721 19:30:44.718" endtime="20230721 19:30:44.720"/>
</branch>
<branch type="ELSE IF" condition="${cnt} &gt; 0 and '${type}' == 'color'">
<kw name="Safe Hex Color" library="FakerLibrary">
<var>${new_text}</var>
<doc>Generate a web-safe color formatted as a hex triplet.</doc>
<status status="NOT RUN" starttime="20230721 19:30:44.721" endtime="20230721 19:30:44.722"/>
</kw>
<status status="NOT RUN" starttime="20230721 19:30:44.721" endtime="20230721 19:30:44.722"/>
</branch>
<branch type="ELSE IF" condition="${cnt} &gt; 0 and '${type}' == 'date'">
<kw name="Date" library="FakerLibrary">
<var>${new_text}</var>
<arg>pattern=%d-%m-%Y</arg>
<doc>Get a date string between January 1, 1970 and now.</doc>
<status status="NOT RUN" starttime="20230721 19:30:44.724" endtime="20230721 19:30:44.724"/>
</kw>
<status status="NOT RUN" starttime="20230721 19:30:44.723" endtime="20230721 19:30:44.724"/>
</branch>
<branch type="ELSE IF" condition="${cnt} &gt; 0 and '${type}' == 'word'">
<kw name="Sentence" library="FakerLibrary">
<var>${new_text}</var>
<arg>nb_words=2</arg>
<doc>Generate a sentence.</doc>
<status status="NOT RUN" starttime="20230721 19:30:44.725" endtime="20230721 19:30:44.725"/>
</kw>
<status status="NOT RUN" starttime="20230721 19:30:44.724" endtime="20230721 19:30:44.726"/>
</branch>
<branch type="ELSE IF" condition="${cnt} &gt; 0">
<kw name="Sentence" library="FakerLibrary">
<var>${new_text}</var>
<doc>Generate a sentence.</doc>
<status status="NOT RUN" starttime="20230721 19:30:44.726" endtime="20230721 19:30:44.727"/>
</kw>
<status status="NOT RUN" starttime="20230721 19:30:44.726" endtime="20230721 19:30:44.727"/>
</branch>
<status status="PASS" starttime="20230721 19:30:44.703" endtime="20230721 19:30:44.727"/>
</if>
<kw name="Get Length" library="BuiltIn">
<var>${cnt}</var>
<arg>${text}</arg>
<doc>Returns and logs the length of the given item as an integer.</doc>
<msg timestamp="20230721 19:30:44.728" level="INFO">Length is 11</msg>
<msg timestamp="20230721 19:30:44.728" level="INFO">${cnt} = 11</msg>
<status status="PASS" starttime="20230721 19:30:44.728" endtime="20230721 19:30:44.728"/>
</kw>
<if>
<branch type="IF" condition="${cnt} &gt; 0">
<kw name="Replace String" library="String">
<var>${text}</var>
<arg>${text}</arg>
<arg>${symbol}</arg>
<arg>${new_text}</arg>
<doc>Replaces ``search_for`` in the given ``string`` with ``replace_with``.</doc>
<msg timestamp="20230721 19:30:44.731" level="INFO">${text} = Hồ Văn Nhật</msg>
<status status="PASS" starttime="20230721 19:30:44.730" endtime="20230721 19:30:44.731"/>
</kw>
<status status="PASS" starttime="20230721 19:30:44.729" endtime="20230721 19:30:44.731"/>
</branch>
<status status="PASS" starttime="20230721 19:30:44.729" endtime="20230721 19:30:44.731"/>
</if>
<msg timestamp="20230721 19:30:44.731" level="INFO">${text} = Hồ Văn Nhật</msg>
<status status="PASS" starttime="20230721 19:30:44.694" endtime="20230721 19:30:44.731"/>
</kw>
<kw name="Set Variable" library="BuiltIn">
<var>${element}</var>
<arg>//input[@placeholder="${name}"]</arg>
<doc>Returns the given values which can then be assigned to a variables.</doc>
<msg timestamp="20230721 19:30:44.732" level="INFO">${element} = //input[@placeholder="Tìm kiếm"]</msg>
<status status="PASS" starttime="20230721 19:30:44.732" endtime="20230721 19:30:44.732"/>
</kw>
<kw name="Clear Text" library="Browser">
<arg>${element}</arg>
<tag>PageContent</tag>
<tag>Setter</tag>
<doc>Clears the text field found by ``selector``.</doc>
<status status="PASS" starttime="20230721 19:30:44.733" endtime="20230721 19:30:44.766"/>
</kw>
<kw name="Fill Text" library="Browser">
<arg>${element}</arg>
<arg>${text}</arg>
<arg>True</arg>
<tag>PageContent</tag>
<tag>Setter</tag>
<doc>Clears and fills the given ``txt`` into the text field found by ``selector``.</doc>
<msg timestamp="20230721 19:30:44.768" level="INFO">Fills the text 'Hồ Văn Nhật' in the given field.</msg>
<status status="PASS" starttime="20230721 19:30:44.767" endtime="20230721 19:30:44.801"/>
</kw>
<kw name="Get Length" library="BuiltIn">
<var>${cnt}</var>
<arg>${text}</arg>
<doc>Returns and logs the length of the given item as an integer.</doc>
<msg timestamp="20230721 19:30:44.803" level="INFO">Length is 11</msg>
<msg timestamp="20230721 19:30:44.804" level="INFO">${cnt} = 11</msg>
<status status="PASS" starttime="20230721 19:30:44.803" endtime="20230721 19:30:44.804"/>
</kw>
<if>
<branch type="IF" condition="${cnt} &gt; 0">
<kw name="Set Global Variable" library="BuiltIn">
<arg>${STATE["${name}"]}</arg>
<arg>${text}</arg>
<doc>Makes a variable available globally in all tests and suites.</doc>
<msg timestamp="20230721 19:30:44.807" level="INFO">${STATE["Tìm kiếm"]} = Hồ Văn Nhật</msg>
<status status="PASS" starttime="20230721 19:30:44.805" endtime="20230721 19:30:44.807"/>
</kw>
<status status="PASS" starttime="20230721 19:30:44.804" endtime="20230721 19:30:44.808"/>
</branch>
<status status="PASS" starttime="20230721 19:30:44.804" endtime="20230721 19:30:44.808"/>
</if>
<kw name="Sleep" library="BuiltIn">
<arg>4</arg>
<doc>Pauses the test executed for the given time.</doc>
<msg timestamp="20230721 19:30:48.809" level="INFO">Slept 4 seconds</msg>
<status status="PASS" starttime="20230721 19:30:44.808" endtime="20230721 19:30:48.809"/>
</kw>
<status status="PASS" starttime="20230721 19:30:42.681" endtime="20230721 19:30:48.809"/>
</kw>
<kw name="Then Show list of users" library="common">
<kw name="Get Elements" library="Browser">
<var>${elements}</var>
<arg>xpath=//tr[@class='ant-table-row ant-table-row-level-0']</arg>
<tag>Getter</tag>
<tag>PageContent</tag>
<doc>Returns a reference to Playwright [https://playwright.dev/docs/api/class-locator|Locator]
for all matched elements by ``selector``.</doc>
<msg timestamp="20230721 19:30:48.833" level="INFO">Found 5 Locators successfully.</msg>
<msg timestamp="20230721 19:30:48.833" level="INFO">${elements} = ['element=b549c8d2-5426-4566-9d74-5371e8572115', 'element=68bc4b85-1ead-485d-a58e-7eb7a7e4cf9a', 'element=d1b9484b-c42e-46b9-ab2d-34c242432a2b', 'element=afae7d5c-d8ac-41d3-8c1a-b8bb4d6419cf', 'elemen...</msg>
<status status="PASS" starttime="20230721 19:30:48.815" endtime="20230721 19:30:48.833"/>
</kw>
<kw name="Set Variable" library="BuiltIn">
<var>${user_count}</var>
<arg>2</arg>
<doc>Returns the given values which can then be assigned to a variables.</doc>
<msg timestamp="20230721 19:30:48.834" level="INFO">${user_count} = 2</msg>
<status status="PASS" starttime="20230721 19:30:48.834" endtime="20230721 19:30:48.834"/>
</kw>
<kw name="Set Variable" library="BuiltIn">
<var>${stt}</var>
<arg>1</arg>
<doc>Returns the given values which can then be assigned to a variables.</doc>
<msg timestamp="20230721 19:30:48.835" level="INFO">${stt} = 1</msg>
<status status="PASS" starttime="20230721 19:30:48.835" endtime="20230721 19:30:48.836"/>
</kw>
<for flavor="IN">
<var>${item}</var>
<value>@{elements}</value>
<iter>
<var name="${item}">element=b549c8d2-5426-4566-9d74-5371e8572115</var>
<kw name="Get Text" library="Browser">
<var>${username}</var>
<arg>//tbody/tr[${user_count}]/td[1]/div[1]/span[1]</arg>
<tag>Assertion</tag>
<tag>Getter</tag>
<tag>PageContent</tag>
<doc>Returns text attribute of the element found by ``selector``.</doc>
<msg timestamp="20230721 19:30:48.876" level="INFO">Text: 'Hồ Văn Nhật'</msg>
<msg timestamp="20230721 19:30:48.877" level="INFO">${username} = Hồ Văn Nhật</msg>
<status status="PASS" starttime="20230721 19:30:48.837" endtime="20230721 19:30:48.877"/>
</kw>
<kw name="Get Text" library="Browser">
<var>${position}</var>
<arg>//tbody/tr[${user_count}]/td[2]</arg>
<tag>Assertion</tag>
<tag>Getter</tag>
<tag>PageContent</tag>
<doc>Returns text attribute of the element found by ``selector``.</doc>
<msg timestamp="20230721 19:30:48.911" level="INFO">Text: 'Tester'</msg>
<msg timestamp="20230721 19:30:48.911" level="INFO">${position} = Tester</msg>
<status status="PASS" starttime="20230721 19:30:48.877" endtime="20230721 19:30:48.911"/>
</kw>
<kw name="Get Text" library="Browser">
<var>${role}</var>
<arg>//tbody/tr[${user_count}]/td[3]</arg>
<tag>Assertion</tag>
<tag>Getter</tag>
<tag>PageContent</tag>
<doc>Returns text attribute of the element found by ``selector``.</doc>
<msg timestamp="20230721 19:30:48.944" level="INFO">Text: 'Staff'</msg>
<msg timestamp="20230721 19:30:48.944" level="INFO">${role} = Staff</msg>
<status status="PASS" starttime="20230721 19:30:48.912" endtime="20230721 19:30:48.944"/>
</kw>
<kw name="Get Text" library="Browser">
<var>${manager}</var>
<arg>//tbody/tr[${user_count}]/td[4]</arg>
<tag>Assertion</tag>
<tag>Getter</tag>
<tag>PageContent</tag>
<doc>Returns text attribute of the element found by ``selector``.</doc>
<msg timestamp="20230721 19:30:48.975" level="INFO">Text: 'Hồ Văn Nhật'</msg>
<msg timestamp="20230721 19:30:48.975" level="INFO">${manager} = Hồ Văn Nhật</msg>
<status status="PASS" starttime="20230721 19:30:48.945" endtime="20230721 19:30:48.975"/>
</kw>
<kw name="Get Text" library="Browser">
<var>${team}</var>
<arg>//tbody/tr[${user_count}]/td[5]</arg>
<tag>Assertion</tag>
<tag>Getter</tag>
<tag>PageContent</tag>
<doc>Returns text attribute of the element found by ``selector``.</doc>
<msg timestamp="20230721 19:30:49.026" level="INFO">Text: ''</msg>
<msg timestamp="20230721 19:30:49.026" level="INFO">${team} = </msg>
<status status="PASS" starttime="20230721 19:30:48.976" endtime="20230721 19:30:49.026"/>
</kw>
<kw name="Get Text" library="Browser">
<var>${Email}</var>
<arg>//tbody/tr[${user_count}]/td[6]</arg>
<tag>Assertion</tag>
<tag>Getter</tag>
<tag>PageContent</tag>
<doc>Returns text attribute of the element found by ``selector``.</doc>
<msg timestamp="20230721 19:30:49.056" level="INFO">Text: 'hovannhat_staff@gmail.com'</msg>
<msg timestamp="20230721 19:30:49.056" level="INFO">${Email} = hovannhat_staff@gmail.com</msg>
<status status="PASS" starttime="20230721 19:30:49.026" endtime="20230721 19:30:49.056"/>
</kw>
<kw name="Get Text" library="Browser">
<var>${phone_number}</var>
<arg>//tbody/tr[${user_count}]/td[7]</arg>
<tag>Assertion</tag>
<tag>Getter</tag>
<tag>PageContent</tag>
<doc>Returns text attribute of the element found by ``selector``.</doc>
<msg timestamp="20230721 19:30:49.087" level="INFO">Text: '0941225407'</msg>
<msg timestamp="20230721 19:30:49.088" level="INFO">${phone_number} = 0941225407</msg>
<status status="PASS" starttime="20230721 19:30:49.057" endtime="20230721 19:30:49.088"/>
</kw>
<if>
<branch type="IF" condition="'${manager}' == '${EMPTY}'">
<kw name="Set Variable" library="BuiltIn">
<var>${manager}</var>
<arg>Không có quản lý</arg>
<doc>Returns the given values which can then be assigned to a variables.</doc>
<status status="NOT RUN" starttime="20230721 19:30:49.090" endtime="20230721 19:30:49.091"/>
</kw>
<status status="NOT RUN" starttime="20230721 19:30:49.088" endtime="20230721 19:30:49.091"/>
</branch>
<status status="PASS" starttime="20230721 19:30:49.088" endtime="20230721 19:30:49.091"/>
</if>
<if>
<branch type="IF" condition="'${team}' == '${EMPTY}'">
<kw name="Set Variable" library="BuiltIn">
<var>${team}</var>
<arg>Không có nhóm</arg>
<doc>Returns the given values which can then be assigned to a variables.</doc>
<msg timestamp="20230721 19:30:49.094" level="INFO">${team} = Không có nhóm</msg>
<status status="PASS" starttime="20230721 19:30:49.093" endtime="20230721 19:30:49.094"/>
</kw>
<status status="PASS" starttime="20230721 19:30:49.091" endtime="20230721 19:30:49.094"/>
</branch>
<status status="PASS" starttime="20230721 19:30:49.091" endtime="20230721 19:30:49.094"/>
</if>
<kw name="Log To Console" library="BuiltIn">
<arg>${stt}. ${username} | ${position} | ${role} | ${manager} | ${team} | ${Email} | ${phone_number} |</arg>
<doc>Logs the given message to the console.</doc>
<status status="PASS" starttime="20230721 19:30:49.095" endtime="20230721 19:30:49.097"/>
</kw>
<kw name="Log To Console" library="BuiltIn">
<arg>=====================================================================================================================================================</arg>
<doc>Logs the given message to the console.</doc>
<status status="PASS" starttime="20230721 19:30:49.097" endtime="20230721 19:30:49.098"/>
</kw>
<kw name="Evaluate" library="BuiltIn">
<var>${user_count}</var>
<arg>${user_count} + 1</arg>
<doc>Evaluates the given expression in Python and returns the result.</doc>
<msg timestamp="20230721 19:30:49.100" level="INFO">${user_count} = 3</msg>
<status status="PASS" starttime="20230721 19:30:49.099" endtime="20230721 19:30:49.100"/>
</kw>
<kw name="Evaluate" library="BuiltIn">
<var>${stt}</var>
<arg>${stt} + 1</arg>
<doc>Evaluates the given expression in Python and returns the result.</doc>
<msg timestamp="20230721 19:30:49.101" level="INFO">${stt} = 2</msg>
<status status="PASS" starttime="20230721 19:30:49.100" endtime="20230721 19:30:49.101"/>
</kw>
<status status="PASS" starttime="20230721 19:30:48.836" endtime="20230721 19:30:49.101"/>
</iter>
<iter>
<var name="${item}">element=68bc4b85-1ead-485d-a58e-7eb7a7e4cf9a</var>
<kw name="Get Text" library="Browser">
<var>${username}</var>
<arg>//tbody/tr[${user_count}]/td[1]/div[1]/span[1]</arg>
<tag>Assertion</tag>
<tag>Getter</tag>
<tag>PageContent</tag>
<doc>Returns text attribute of the element found by ``selector``.</doc>
<msg timestamp="20230721 19:30:49.134" level="INFO">Text: 'Hồ Văn Nhật'</msg>
<msg timestamp="20230721 19:30:49.135" level="INFO">${username} = Hồ Văn Nhật</msg>
<status status="PASS" starttime="20230721 19:30:49.102" endtime="20230721 19:30:49.135"/>
</kw>
<kw name="Get Text" library="Browser">
<var>${position}</var>
<arg>//tbody/tr[${user_count}]/td[2]</arg>
<tag>Assertion</tag>
<tag>Getter</tag>
<tag>PageContent</tag>
<doc>Returns text attribute of the element found by ``selector``.</doc>
<msg timestamp="20230721 19:30:49.171" level="INFO">Text: 'Tester'</msg>
<msg timestamp="20230721 19:30:49.171" level="INFO">${position} = Tester</msg>
<status status="PASS" starttime="20230721 19:30:49.136" endtime="20230721 19:30:49.171"/>
</kw>
<kw name="Get Text" library="Browser">
<var>${role}</var>
<arg>//tbody/tr[${user_count}]/td[3]</arg>
<tag>Assertion</tag>
<tag>Getter</tag>
<tag>PageContent</tag>
<doc>Returns text attribute of the element found by ``selector``.</doc>
<msg timestamp="20230721 19:30:49.202" level="INFO">Text: 'Staff'</msg>
<msg timestamp="20230721 19:30:49.202" level="INFO">${role} = Staff</msg>
<status status="PASS" starttime="20230721 19:30:49.171" endtime="20230721 19:30:49.202"/>
</kw>
<kw name="Get Text" library="Browser">
<var>${manager}</var>
<arg>//tbody/tr[${user_count}]/td[4]</arg>
<tag>Assertion</tag>
<tag>Getter</tag>
<tag>PageContent</tag>
<doc>Returns text attribute of the element found by ``selector``.</doc>
<msg timestamp="20230721 19:30:49.231" level="INFO">Text: ''</msg>
<msg timestamp="20230721 19:30:49.231" level="INFO">${manager} = </msg>
<status status="PASS" starttime="20230721 19:30:49.202" endtime="20230721 19:30:49.231"/>
</kw>
<kw name="Get Text" library="Browser">
<var>${team}</var>
<arg>//tbody/tr[${user_count}]/td[5]</arg>
<tag>Assertion</tag>
<tag>Getter</tag>
<tag>PageContent</tag>
<doc>Returns text attribute of the element found by ``selector``.</doc>
<msg timestamp="20230721 19:30:49.262" level="INFO">Text: 'Nhân viên ARI'</msg>
<msg timestamp="20230721 19:30:49.262" level="INFO">${team} = Nhân viên ARI</msg>
<status status="PASS" starttime="20230721 19:30:49.232" endtime="20230721 19:30:49.262"/>
</kw>
<kw name="Get Text" library="Browser">
<var>${Email}</var>
<arg>//tbody/tr[${user_count}]/td[6]</arg>
<tag>Assertion</tag>
<tag>Getter</tag>
<tag>PageContent</tag>
<doc>Returns text attribute of the element found by ``selector``.</doc>
<msg timestamp="20230721 19:30:49.293" level="INFO">Text: '19t1051013@husc.edu.vn'</msg>
<msg timestamp="20230721 19:30:49.293" level="INFO">${Email} = 19t1051013@husc.edu.vn</msg>
<status status="PASS" starttime="20230721 19:30:49.263" endtime="20230721 19:30:49.293"/>
</kw>
<kw name="Get Text" library="Browser">
<var>${phone_number}</var>
<arg>//tbody/tr[${user_count}]/td[7]</arg>
<tag>Assertion</tag>
<tag>Getter</tag>
<tag>PageContent</tag>
<doc>Returns text attribute of the element found by ``selector``.</doc>
<msg timestamp="20230721 19:30:49.323" level="INFO">Text: '0941225407'</msg>
<msg timestamp="20230721 19:30:49.323" level="INFO">${phone_number} = 0941225407</msg>
<status status="PASS" starttime="20230721 19:30:49.293" endtime="20230721 19:30:49.323"/>
</kw>
<if>
<branch type="IF" condition="'${manager}' == '${EMPTY}'">
<kw name="Set Variable" library="BuiltIn">
<var>${manager}</var>
<arg>Không có quản lý</arg>
<doc>Returns the given values which can then be assigned to a variables.</doc>
<msg timestamp="20230721 19:30:49.327" level="INFO">${manager} = Không có quản lý</msg>
<status status="PASS" starttime="20230721 19:30:49.326" endtime="20230721 19:30:49.327"/>
</kw>
<status status="PASS" starttime="20230721 19:30:49.324" endtime="20230721 19:30:49.327"/>
</branch>
<status status="PASS" starttime="20230721 19:30:49.324" endtime="20230721 19:30:49.328"/>
</if>
<if>
<branch type="IF" condition="'${team}' == '${EMPTY}'">
<kw name="Set Variable" library="BuiltIn">
<var>${team}</var>
<arg>Không có nhóm</arg>
<doc>Returns the given values which can then be assigned to a variables.</doc>
<status status="NOT RUN" starttime="20230721 19:30:49.331" endtime="20230721 19:30:49.331"/>
</kw>
<status status="NOT RUN" starttime="20230721 19:30:49.328" endtime="20230721 19:30:49.331"/>
</branch>
<status status="PASS" starttime="20230721 19:30:49.328" endtime="20230721 19:30:49.331"/>
</if>
<kw name="Log To Console" library="BuiltIn">
<arg>${stt}. ${username} | ${position} | ${role} | ${manager} | ${team} | ${Email} | ${phone_number} |</arg>
<doc>Logs the given message to the console.</doc>
<status status="PASS" starttime="20230721 19:30:49.333" endtime="20230721 19:30:49.336"/>
</kw>
<kw name="Log To Console" library="BuiltIn">
<arg>=====================================================================================================================================================</arg>
<doc>Logs the given message to the console.</doc>
<status status="PASS" starttime="20230721 19:30:49.337" endtime="20230721 19:30:49.340"/>
</kw>
<kw name="Evaluate" library="BuiltIn">
<var>${user_count}</var>
<arg>${user_count} + 1</arg>
<doc>Evaluates the given expression in Python and returns the result.</doc>
<msg timestamp="20230721 19:30:49.341" level="INFO">${user_count} = 4</msg>
<status status="PASS" starttime="20230721 19:30:49.340" endtime="20230721 19:30:49.341"/>
</kw>
<kw name="Evaluate" library="BuiltIn">
<var>${stt}</var>
<arg>${stt} + 1</arg>
<doc>Evaluates the given expression in Python and returns the result.</doc>
<msg timestamp="20230721 19:30:49.343" level="INFO">${stt} = 3</msg>
<status status="PASS" starttime="20230721 19:30:49.342" endtime="20230721 19:30:49.343"/>
</kw>
<status status="PASS" starttime="20230721 19:30:49.101" endtime="20230721 19:30:49.343"/>
</iter>
<iter>
<var name="${item}">element=d1b9484b-c42e-46b9-ab2d-34c242432a2b</var>
<kw name="Get Text" library="Browser">
<var>${username}</var>
<arg>//tbody/tr[${user_count}]/td[1]/div[1]/span[1]</arg>
<tag>Assertion</tag>
<tag>Getter</tag>
<tag>PageContent</tag>
<doc>Returns text attribute of the element found by ``selector``.</doc>
<msg timestamp="20230721 19:30:49.381" level="INFO">Text: 'Hồ Văn Nhật'</msg>
<msg timestamp="20230721 19:30:49.382" level="INFO">${username} = Hồ Văn Nhật</msg>
<status status="PASS" starttime="20230721 19:30:49.344" endtime="20230721 19:30:49.382"/>
</kw>
<kw name="Get Text" library="Browser">
<var>${position}</var>
<arg>//tbody/tr[${user_count}]/td[2]</arg>
<tag>Assertion</tag>
<tag>Getter</tag>
<tag>PageContent</tag>
<doc>Returns text attribute of the element found by ``selector``.</doc>
<msg timestamp="20230721 19:30:49.422" level="INFO">Text: 'Tester'</msg>
<msg timestamp="20230721 19:30:49.422" level="INFO">${position} = Tester</msg>
<status status="PASS" starttime="20230721 19:30:49.382" endtime="20230721 19:30:49.422"/>
</kw>
<kw name="Get Text" library="Browser">
<var>${role}</var>
<arg>//tbody/tr[${user_count}]/td[3]</arg>
<tag>Assertion</tag>
<tag>Getter</tag>
<tag>PageContent</tag>
<doc>Returns text attribute of the element found by ``selector``.</doc>
<msg timestamp="20230721 19:30:49.460" level="INFO">Text: 'Supper Admin'</msg>
<msg timestamp="20230721 19:30:49.461" level="INFO">${role} = Supper Admin</msg>
<status status="PASS" starttime="20230721 19:30:49.423" endtime="20230721 19:30:49.461"/>
</kw>
<kw name="Get Text" library="Browser">
<var>${manager}</var>
<arg>//tbody/tr[${user_count}]/td[4]</arg>
<tag>Assertion</tag>
<tag>Getter</tag>
<tag>PageContent</tag>
<doc>Returns text attribute of the element found by ``selector``.</doc>
<msg timestamp="20230721 19:30:49.492" level="INFO">Text: ''</msg>
<msg timestamp="20230721 19:30:49.493" level="INFO">${manager} = </msg>
<status status="PASS" starttime="20230721 19:30:49.461" endtime="20230721 19:30:49.493"/>
</kw>
<kw name="Get Text" library="Browser">
<var>${team}</var>
<arg>//tbody/tr[${user_count}]/td[5]</arg>
<tag>Assertion</tag>
<tag>Getter</tag>
<tag>PageContent</tag>
<doc>Returns text attribute of the element found by ``selector``.</doc>
<msg timestamp="20230721 19:30:49.527" level="INFO">Text: ''</msg>
<msg timestamp="20230721 19:30:49.527" level="INFO">${team} = </msg>
<status status="PASS" starttime="20230721 19:30:49.493" endtime="20230721 19:30:49.527"/>
</kw>
<kw name="Get Text" library="Browser">
<var>${Email}</var>
<arg>//tbody/tr[${user_count}]/td[6]</arg>
<tag>Assertion</tag>
<tag>Getter</tag>
<tag>PageContent</tag>
<doc>Returns text attribute of the element found by ``selector``.</doc>
<msg timestamp="20230721 19:30:49.557" level="INFO">Text: 'hovannhat_supperadmin@gmail.com'</msg>
<msg timestamp="20230721 19:30:49.557" level="INFO">${Email} = hovannhat_supperadmin@gmail.com</msg>
<status status="PASS" starttime="20230721 19:30:49.527" endtime="20230721 19:30:49.557"/>
</kw>
<kw name="Get Text" library="Browser">
<var>${phone_number}</var>
<arg>//tbody/tr[${user_count}]/td[7]</arg>
<tag>Assertion</tag>
<tag>Getter</tag>
<tag>PageContent</tag>
<doc>Returns text attribute of the element found by ``selector``.</doc>
<msg timestamp="20230721 19:30:49.588" level="INFO">Text: '0941225407'</msg>
<msg timestamp="20230721 19:30:49.589" level="INFO">${phone_number} = 0941225407</msg>
<status status="PASS" starttime="20230721 19:30:49.557" endtime="20230721 19:30:49.589"/>
</kw>
<if>
<branch type="IF" condition="'${manager}' == '${EMPTY}'">
<kw name="Set Variable" library="BuiltIn">
<var>${manager}</var>
<arg>Không có quản lý</arg>
<doc>Returns the given values which can then be assigned to a variables.</doc>
<msg timestamp="20230721 19:30:49.593" level="INFO">${manager} = Không có quản lý</msg>
<status status="PASS" starttime="20230721 19:30:49.593" endtime="20230721 19:30:49.594"/>
</kw>
<status status="PASS" starttime="20230721 19:30:49.590" endtime="20230721 19:30:49.594"/>
</branch>
<status status="PASS" starttime="20230721 19:30:49.589" endtime="20230721 19:30:49.594"/>
</if>
<if>
<branch type="IF" condition="'${team}' == '${EMPTY}'">
<kw name="Set Variable" library="BuiltIn">
<var>${team}</var>
<arg>Không có nhóm</arg>
<doc>Returns the given values which can then be assigned to a variables.</doc>
<msg timestamp="20230721 19:30:49.597" level="INFO">${team} = Không có nhóm</msg>
<status status="PASS" starttime="20230721 19:30:49.597" endtime="20230721 19:30:49.597"/>
</kw>
<status status="PASS" starttime="20230721 19:30:49.595" endtime="20230721 19:30:49.598"/>
</branch>
<status status="PASS" starttime="20230721 19:30:49.595" endtime="20230721 19:30:49.598"/>
</if>
<kw name="Log To Console" library="BuiltIn">
<arg>${stt}. ${username} | ${position} | ${role} | ${manager} | ${team} | ${Email} | ${phone_number} |</arg>
<doc>Logs the given message to the console.</doc>
<status status="PASS" starttime="20230721 19:30:49.599" endtime="20230721 19:30:49.600"/>
</kw>
<kw name="Log To Console" library="BuiltIn">
<arg>=====================================================================================================================================================</arg>
<doc>Logs the given message to the console.</doc>
<status status="PASS" starttime="20230721 19:30:49.601" endtime="20230721 19:30:49.603"/>
</kw>
<kw name="Evaluate" library="BuiltIn">
<var>${user_count}</var>
<arg>${user_count} + 1</arg>
<doc>Evaluates the given expression in Python and returns the result.</doc>
<msg timestamp="20230721 19:30:49.605" level="INFO">${user_count} = 5</msg>
<status status="PASS" starttime="20230721 19:30:49.604" endtime="20230721 19:30:49.605"/>
</kw>
<kw name="Evaluate" library="BuiltIn">
<var>${stt}</var>
<arg>${stt} + 1</arg>
<doc>Evaluates the given expression in Python and returns the result.</doc>
<msg timestamp="20230721 19:30:49.606" level="INFO">${stt} = 4</msg>
<status status="PASS" starttime="20230721 19:30:49.605" endtime="20230721 19:30:49.606"/>
</kw>
<status status="PASS" starttime="20230721 19:30:49.343" endtime="20230721 19:30:49.607"/>
</iter>
<iter>
<var name="${item}">element=afae7d5c-d8ac-41d3-8c1a-b8bb4d6419cf</var>
<kw name="Get Text" library="Browser">
<var>${username}</var>
<arg>//tbody/tr[${user_count}]/td[1]/div[1]/span[1]</arg>
<tag>Assertion</tag>
<tag>Getter</tag>
<tag>PageContent</tag>
<doc>Returns text attribute of the element found by ``selector``.</doc>
<msg timestamp="20230721 19:30:49.643" level="INFO">Text: 'Hồ Văn Nhật'</msg>
<msg timestamp="20230721 19:30:49.644" level="INFO">${username} = Hồ Văn Nhật</msg>
<status status="PASS" starttime="20230721 19:30:49.608" endtime="20230721 19:30:49.644"/>
</kw>
<kw name="Get Text" library="Browser">
<var>${position}</var>
<arg>//tbody/tr[${user_count}]/td[2]</arg>
<tag>Assertion</tag>
<tag>Getter</tag>
<tag>PageContent</tag>
<doc>Returns text attribute of the element found by ``selector``.</doc>
<msg timestamp="20230721 19:30:49.683" level="INFO">Text: 'Tester'</msg>
<msg timestamp="20230721 19:30:49.683" level="INFO">${position} = Tester</msg>
<status status="PASS" starttime="20230721 19:30:49.645" endtime="20230721 19:30:49.683"/>
</kw>
<kw name="Get Text" library="Browser">
<var>${role}</var>
<arg>//tbody/tr[${user_count}]/td[3]</arg>
<tag>Assertion</tag>
<tag>Getter</tag>
<tag>PageContent</tag>
<doc>Returns text attribute of the element found by ``selector``.</doc>
<msg timestamp="20230721 19:30:49.715" level="INFO">Text: 'Staff'</msg>
<msg timestamp="20230721 19:30:49.716" level="INFO">${role} = Staff</msg>
<status status="PASS" starttime="20230721 19:30:49.684" endtime="20230721 19:30:49.716"/>
</kw>
<kw name="Get Text" library="Browser">
<var>${manager}</var>
<arg>//tbody/tr[${user_count}]/td[4]</arg>
<tag>Assertion</tag>
<tag>Getter</tag>
<tag>PageContent</tag>
<doc>Returns text attribute of the element found by ``selector``.</doc>
<msg timestamp="20230721 19:30:49.745" level="INFO">Text: 'Hồ Văn Nhật'</msg>
<msg timestamp="20230721 19:30:49.745" level="INFO">${manager} = Hồ Văn Nhật</msg>
<status status="PASS" starttime="20230721 19:30:49.716" endtime="20230721 19:30:49.745"/>
</kw>
<kw name="Get Text" library="Browser">
<var>${team}</var>
<arg>//tbody/tr[${user_count}]/td[5]</arg>
<tag>Assertion</tag>
<tag>Getter</tag>
<tag>PageContent</tag>
<doc>Returns text attribute of the element found by ``selector``.</doc>
<msg timestamp="20230721 19:30:49.780" level="INFO">Text: ''</msg>
<msg timestamp="20230721 19:30:49.780" level="INFO">${team} = </msg>
<status status="PASS" starttime="20230721 19:30:49.746" endtime="20230721 19:30:49.780"/>
</kw>
<kw name="Get Text" library="Browser">
<var>${Email}</var>
<arg>//tbody/tr[${user_count}]/td[6]</arg>
<tag>Assertion</tag>
<tag>Getter</tag>
<tag>PageContent</tag>
<doc>Returns text attribute of the element found by ``selector``.</doc>
<msg timestamp="20230721 19:30:49.810" level="INFO">Text: '19t1051013@gmail.com'</msg>
<msg timestamp="20230721 19:30:49.810" level="INFO">${Email} = 19t1051013@gmail.com</msg>
<status status="PASS" starttime="20230721 19:30:49.781" endtime="20230721 19:30:49.810"/>
</kw>
<kw name="Get Text" library="Browser">
<var>${phone_number}</var>
<arg>//tbody/tr[${user_count}]/td[7]</arg>
<tag>Assertion</tag>
<tag>Getter</tag>
<tag>PageContent</tag>
<doc>Returns text attribute of the element found by ``selector``.</doc>
<msg timestamp="20230721 19:30:49.838" level="INFO">Text: '252031977309'</msg>
<msg timestamp="20230721 19:30:49.838" level="INFO">${phone_number} = 252031977309</msg>
<status status="PASS" starttime="20230721 19:30:49.811" endtime="20230721 19:30:49.838"/>
</kw>
<if>
<branch type="IF" condition="'${manager}' == '${EMPTY}'">
<kw name="Set Variable" library="BuiltIn">
<var>${manager}</var>
<arg>Không có quản lý</arg>
[...]
</iter>
<iter>
<var name="${item}">element=de42b0b4-554e-433f-82e1-632842b37a6e</var>
<kw name="Get Text" library="Browser">
<var>${username}</var>
<arg>//tbody/tr[${user_count}]/td[1]/div[1]/span[1]</arg>
<tag>Assertion</tag>
<tag>Getter</tag>
<tag>PageContent</tag>
<doc>Returns text attribute of the element found by ``selector``.</doc>
<msg timestamp="20230721 19:33:42.661" level="INFO">Text: 'Hồ Văn Nhật'</msg>
<msg timestamp="20230721 19:33:42.662" level="INFO">${username} = Hồ Văn Nhật</msg>
<status status="PASS" starttime="20230721 19:33:42.628" endtime="20230721 19:33:42.662"/>
</kw>
<kw name="Get Text" library="Browser">
<var>${position}</var>
<arg>//tbody/tr[${user_count}]/td[2]</arg>
<tag>Assertion</tag>
<tag>Getter</tag>
<tag>PageContent</tag>
<doc>Returns text attribute of the element found by ``selector``.</doc>
<msg timestamp="20230721 19:33:42.692" level="INFO">Text: 'Tester'</msg>
<msg timestamp="20230721 19:33:42.692" level="INFO">${position} = Tester</msg>
<status status="PASS" starttime="20230721 19:33:42.662" endtime="20230721 19:33:42.693"/>
</kw>
<kw name="Get Text" library="Browser">
<var>${role}</var>
<arg>//tbody/tr[${user_count}]/td[3]</arg>
<tag>Assertion</tag>
<tag>Getter</tag>
<tag>PageContent</tag>
<doc>Returns text attribute of the element found by ``selector``.</doc>
<msg timestamp="20230721 19:33:42.721" level="INFO">Text: 'Staff'</msg>
<msg timestamp="20230721 19:33:42.721" level="INFO">${role} = Staff</msg>
<status status="PASS" starttime="20230721 19:33:42.693" endtime="20230721 19:33:42.721"/>
</kw>
<kw name="Get Text" library="Browser">
<var>${manager}</var>
<arg>//tbody/tr[${user_count}]/td[4]</arg>
<tag>Assertion</tag>
<tag>Getter</tag>
<tag>PageContent</tag>
<doc>Returns text attribute of the element found by ``selector``.</doc>
<msg timestamp="20230721 19:33:42.748" level="INFO">Text: ''</msg>
<msg timestamp="20230721 19:33:42.748" level="INFO">${manager} = </msg>
<status status="PASS" starttime="20230721 19:33:42.721" endtime="20230721 19:33:42.748"/>
</kw>
<kw name="Get Text" library="Browser">
<var>${team}</var>
<arg>//tbody/tr[${user_count}]/td[5]</arg>
<tag>Assertion</tag>
<tag>Getter</tag>
<tag>PageContent</tag>
<doc>Returns text attribute of the element found by ``selector``.</doc>
<msg timestamp="20230721 19:33:42.776" level="INFO">Text: 'Nhân viên ARI'</msg>
<msg timestamp="20230721 19:33:42.777" level="INFO">${team} = Nhân viên ARI</msg>
<status status="PASS" starttime="20230721 19:33:42.749" endtime="20230721 19:33:42.777"/>
</kw>
<kw name="Get Text" library="Browser">
<var>${Email}</var>
<arg>//tbody/tr[${user_count}]/td[6]</arg>
<tag>Assertion</tag>
<tag>Getter</tag>
<tag>PageContent</tag>
<doc>Returns text attribute of the element found by ``selector``.</doc>
<msg timestamp="20230721 19:33:42.805" level="INFO">Text: '19t1051013@husc.edu.vn'</msg>
<msg timestamp="20230721 19:33:42.805" level="INFO">${Email} = 19t1051013@husc.edu.vn</msg>
<status status="PASS" starttime="20230721 19:33:42.777" endtime="20230721 19:33:42.805"/>
</kw>
<kw name="Get Text" library="Browser">
<var>${phone_number}</var>
<arg>//tbody/tr[${user_count}]/td[7]</arg>
<tag>Assertion</tag>
<tag>Getter</tag>
<tag>PageContent</tag>
<doc>Returns text attribute of the element found by ``selector``.</doc>
<msg timestamp="20230721 19:33:42.833" level="INFO">Text: '0941225407'</msg>
<msg timestamp="20230721 19:33:42.833" level="INFO">${phone_number} = 0941225407</msg>
<status status="PASS" starttime="20230721 19:33:42.806" endtime="20230721 19:33:42.833"/>
</kw>
<if>
<branch type="IF" condition="'${manager}' == '${EMPTY}'">
<kw name="Set Variable" library="BuiltIn">
<var>${manager}</var>
<arg>Không có quản lý</arg>
<doc>Returns the given values which can then be assigned to a variables.</doc>
<msg timestamp="20230721 19:33:42.837" level="INFO">${manager} = Không có quản lý</msg>
<status status="PASS" starttime="20230721 19:33:42.836" endtime="20230721 19:33:42.837"/>
</kw>
<status status="PASS" starttime="20230721 19:33:42.834" endtime="20230721 19:33:42.837"/>
</branch>
<status status="PASS" starttime="20230721 19:33:42.834" endtime="20230721 19:33:42.837"/>
</if>
<if>
<branch type="IF" condition="'${team}' == '${EMPTY}'">
<kw name="Set Variable" library="BuiltIn">
<var>${team}</var>
<arg>Không có nhóm</arg>
<doc>Returns the given values which can then be assigned to a variables.</doc>
<status status="NOT RUN" starttime="20230721 19:33:42.841" endtime="20230721 19:33:42.841"/>
</kw>
<status status="NOT RUN" starttime="20230721 19:33:42.838" endtime="20230721 19:33:42.841"/>
</branch>
<status status="PASS" starttime="20230721 19:33:42.838" endtime="20230721 19:33:42.841"/>
</if>
<kw name="Log To Console" library="BuiltIn">
<arg>${stt}. ${username} | ${position} | ${role} | ${manager} | ${team} | ${Email} | ${phone_number} |</arg>
<doc>Logs the given message to the console.</doc>
<status status="PASS" starttime="20230721 19:33:42.842" endtime="20230721 19:33:42.844"/>
</kw>
<kw name="Log To Console" library="BuiltIn">
<arg>=====================================================================================================================================================</arg>
<doc>Logs the given message to the console.</doc>
<status status="PASS" starttime="20230721 19:33:42.844" endtime="20230721 19:33:42.846"/>
</kw>
<kw name="Evaluate" library="BuiltIn">
<var>${user_count}</var>
<arg>${user_count} + 1</arg>
<doc>Evaluates the given expression in Python and returns the result.</doc>
<msg timestamp="20230721 19:33:42.848" level="INFO">${user_count} = 9</msg>
<status status="PASS" starttime="20230721 19:33:42.847" endtime="20230721 19:33:42.848"/>
</kw>
<kw name="Evaluate" library="BuiltIn">
<var>${stt}</var>
<arg>${stt} + 1</arg>
<doc>Evaluates the given expression in Python and returns the result.</doc>
<msg timestamp="20230721 19:33:42.849" level="INFO">${stt} = 8</msg>
<status status="PASS" starttime="20230721 19:33:42.848" endtime="20230721 19:33:42.849"/>
</kw>
<status status="PASS" starttime="20230721 19:33:42.627" endtime="20230721 19:33:42.850"/>
</iter>
<iter>
<var name="${item}">element=5a39a9d4-39e0-42da-b407-377c1ebbfdb0</var>
<kw name="Get Text" library="Browser">
<var>${username}</var>
<arg>//tbody/tr[${user_count}]/td[1]/div[1]/span[1]</arg>
<tag>Assertion</tag>
<tag>Getter</tag>
<tag>PageContent</tag>
<doc>Returns text attribute of the element found by ``selector``.</doc>
<msg timestamp="20230721 19:33:42.888" level="INFO">Text: 'Hoàng Diệu'</msg>
<msg timestamp="20230721 19:33:42.888" level="INFO">${username} = Hoàng Diệu</msg>
<status status="PASS" starttime="20230721 19:33:42.852" endtime="20230721 19:33:42.888"/>
</kw>
<kw name="Get Text" library="Browser">
<var>${position}</var>
<arg>//tbody/tr[${user_count}]/td[2]</arg>
<tag>Assertion</tag>
<tag>Getter</tag>
<tag>PageContent</tag>
<doc>Returns text attribute of the element found by ``selector``.</doc>
<msg timestamp="20230721 19:33:42.921" level="INFO">Text: 'Developer'</msg>
<msg timestamp="20230721 19:33:42.921" level="INFO">${position} = Developer</msg>
<status status="PASS" starttime="20230721 19:33:42.888" endtime="20230721 19:33:42.921"/>
</kw>
<kw name="Get Text" library="Browser">
<var>${role}</var>
<arg>//tbody/tr[${user_count}]/td[3]</arg>
<tag>Assertion</tag>
<tag>Getter</tag>
<tag>PageContent</tag>
<doc>Returns text attribute of the element found by ``selector``.</doc>
<msg timestamp="20230721 19:33:42.951" level="INFO">Text: 'Manager'</msg>
<msg timestamp="20230721 19:33:42.952" level="INFO">${role} = Manager</msg>
<status status="PASS" starttime="20230721 19:33:42.922" endtime="20230721 19:33:42.952"/>
</kw>
<kw name="Get Text" library="Browser">
<var>${manager}</var>
<arg>//tbody/tr[${user_count}]/td[4]</arg>
<tag>Assertion</tag>
<tag>Getter</tag>
<tag>PageContent</tag>
<doc>Returns text attribute of the element found by ``selector``.</doc>
<msg timestamp="20230721 19:33:42.979" level="INFO">Text: 'Maiores repellat error.'</msg>
<msg timestamp="20230721 19:33:42.979" level="INFO">${manager} = Maiores repellat error.</msg>
<status status="PASS" starttime="20230721 19:33:42.952" endtime="20230721 19:33:42.979"/>
</kw>
<kw name="Get Text" library="Browser">
<var>${team}</var>
<arg>//tbody/tr[${user_count}]/td[5]</arg>
<tag>Assertion</tag>
<tag>Getter</tag>
<tag>PageContent</tag>
<doc>Returns text attribute of the element found by ``selector``.</doc>
<msg timestamp="20230721 19:33:43.007" level="INFO">Text: ''</msg>
<msg timestamp="20230721 19:33:43.007" level="INFO">${team} = </msg>
<status status="PASS" starttime="20230721 19:33:42.980" endtime="20230721 19:33:43.007"/>
</kw>
<kw name="Get Text" library="Browser">
<var>${Email}</var>
<arg>//tbody/tr[${user_count}]/td[6]</arg>
<tag>Assertion</tag>
<tag>Getter</tag>
<tag>PageContent</tag>
<doc>Returns text attribute of the element found by ``selector``.</doc>
<msg timestamp="20230721 19:33:43.036" level="INFO">Text: 'saanvi76@example.net'</msg>
<msg timestamp="20230721 19:33:43.036" level="INFO">${Email} = saanvi76@example.net</msg>
<status status="PASS" starttime="20230721 19:33:43.008" endtime="20230721 19:33:43.036"/>
</kw>
<kw name="Get Text" library="Browser">
<var>${phone_number}</var>
<arg>//tbody/tr[${user_count}]/td[7]</arg>
<tag>Assertion</tag>
<tag>Getter</tag>
<tag>PageContent</tag>
<doc>Returns text attribute of the element found by ``selector``.</doc>
<msg timestamp="20230721 19:33:43.063" level="INFO">Text: '363266895878'</msg>
<msg timestamp="20230721 19:33:43.063" level="INFO">${phone_number} = 363266895878</msg>
<status status="PASS" starttime="20230721 19:33:43.036" endtime="20230721 19:33:43.063"/>
</kw>
<if>
<branch type="IF" condition="'${manager}' == '${EMPTY}'">
<kw name="Set Variable" library="BuiltIn">
<var>${manager}</var>
<arg>Không có quản lý</arg>
<doc>Returns the given values which can then be assigned to a variables.</doc>
<status status="NOT RUN" starttime="20230721 19:33:43.066" endtime="20230721 19:33:43.066"/>
</kw>
<status status="NOT RUN" starttime="20230721 19:33:43.064" endtime="20230721 19:33:43.066"/>
</branch>
<status status="PASS" starttime="20230721 19:33:43.063" endtime="20230721 19:33:43.067"/>
</if>
<if>
<branch type="IF" condition="'${team}' == '${EMPTY}'">
<kw name="Set Variable" library="BuiltIn">
<var>${team}</var>
<arg>Không có nhóm</arg>
<doc>Returns the given values which can then be assigned to a variables.</doc>
<msg timestamp="20230721 19:33:43.070" level="INFO">${team} = Không có nhóm</msg>
<status status="PASS" starttime="20230721 19:33:43.070" endtime="20230721 19:33:43.070"/>
</kw>
<status status="PASS" starttime="20230721 19:33:43.067" endtime="20230721 19:33:43.071"/>
</branch>
<status status="PASS" starttime="20230721 19:33:43.067" endtime="20230721 19:33:43.071"/>
</if>
<kw name="Log To Console" library="BuiltIn">
<arg>${stt}. ${username} | ${position} | ${role} | ${manager} | ${team} | ${Email} | ${phone_number} |</arg>
<doc>Logs the given message to the console.</doc>
<status status="PASS" starttime="20230721 19:33:43.071" endtime="20230721 19:33:43.073"/>
</kw>
<kw name="Log To Console" library="BuiltIn">
<arg>=====================================================================================================================================================</arg>
<doc>Logs the given message to the console.</doc>
<status status="PASS" starttime="20230721 19:33:43.073" endtime="20230721 19:33:43.074"/>
</kw>
<kw name="Evaluate" library="BuiltIn">
<var>${user_count}</var>
<arg>${user_count} + 1</arg>
<doc>Evaluates the given expression in Python and returns the result.</doc>
<msg timestamp="20230721 19:33:43.076" level="INFO">${user_count} = 10</msg>
<status status="PASS" starttime="20230721 19:33:43.075" endtime="20230721 19:33:43.076"/>
</kw>
<kw name="Evaluate" library="BuiltIn">
<var>${stt}</var>
<arg>${stt} + 1</arg>
<doc>Evaluates the given expression in Python and returns the result.</doc>
<msg timestamp="20230721 19:33:43.077" level="INFO">${stt} = 9</msg>
<status status="PASS" starttime="20230721 19:33:43.077" endtime="20230721 19:33:43.078"/>
</kw>
<status status="PASS" starttime="20230721 19:33:42.851" endtime="20230721 19:33:43.078"/>
</iter>
<iter>
<var name="${item}">element=1ee72c8d-805e-48fd-b351-cb8e9579a798</var>
<kw name="Get Text" library="Browser">
<var>${username}</var>
<arg>//tbody/tr[${user_count}]/td[1]/div[1]/span[1]</arg>
<tag>Assertion</tag>
<tag>Getter</tag>
<tag>PageContent</tag>
<doc>Returns text attribute of the element found by ``selector``.</doc>
<msg timestamp="20230721 19:33:43.117" level="INFO">Text: 'Maiores repellat error.'</msg>
<msg timestamp="20230721 19:33:43.117" level="INFO">${username} = Maiores repellat error.</msg>
<status status="PASS" starttime="20230721 19:33:43.079" endtime="20230721 19:33:43.117"/>
</kw>
<kw name="Get Text" library="Browser">
<var>${position}</var>
<arg>//tbody/tr[${user_count}]/td[2]</arg>
<tag>Assertion</tag>
<tag>Getter</tag>
<tag>PageContent</tag>
<doc>Returns text attribute of the element found by ``selector``.</doc>
<msg timestamp="20230721 19:33:43.159" level="INFO">Text: 'Developer'</msg>
<msg timestamp="20230721 19:33:43.159" level="INFO">${position} = Developer</msg>
<status status="PASS" starttime="20230721 19:33:43.118" endtime="20230721 19:33:43.159"/>
</kw>
<kw name="Get Text" library="Browser">
<var>${role}</var>
<arg>//tbody/tr[${user_count}]/td[3]</arg>
<tag>Assertion</tag>
<tag>Getter</tag>
<tag>PageContent</tag>
<doc>Returns text attribute of the element found by ``selector``.</doc>
<msg timestamp="20230721 19:33:43.190" level="INFO">Text: 'Manager'</msg>
<msg timestamp="20230721 19:33:43.191" level="INFO">${role} = Manager</msg>
<status status="PASS" starttime="20230721 19:33:43.160" endtime="20230721 19:33:43.191"/>
</kw>
<kw name="Get Text" library="Browser">
<var>${manager}</var>
<arg>//tbody/tr[${user_count}]/td[4]</arg>
<tag>Assertion</tag>
<tag>Getter</tag>
<tag>PageContent</tag>
<doc>Returns text attribute of the element found by ``selector``.</doc>
<msg timestamp="20230721 19:33:43.218" level="INFO">Text: 'Hồ Văn Nhật'</msg>
<msg timestamp="20230721 19:33:43.218" level="INFO">${manager} = Hồ Văn Nhật</msg>
<status status="PASS" starttime="20230721 19:33:43.191" endtime="20230721 19:33:43.218"/>
</kw>
<kw name="Get Text" library="Browser">
<var>${team}</var>
<arg>//tbody/tr[${user_count}]/td[5]</arg>
<tag>Assertion</tag>
<tag>Getter</tag>
<tag>PageContent</tag>
<doc>Returns text attribute of the element found by ``selector``.</doc>
<msg timestamp="20230721 19:33:43.246" level="INFO">Text: ''</msg>
<msg timestamp="20230721 19:33:43.246" level="INFO">${team} = </msg>
<status status="PASS" starttime="20230721 19:33:43.219" endtime="20230721 19:33:43.246"/>
</kw>
<kw name="Get Text" library="Browser">
<var>${Email}</var>
<arg>//tbody/tr[${user_count}]/td[6]</arg>
<tag>Assertion</tag>
<tag>Getter</tag>
<tag>PageContent</tag>
<doc>Returns text attribute of the element found by ``selector``.</doc>
<msg timestamp="20230721 19:33:43.274" level="INFO">Text: '19t1051013@husc.edu.vn'</msg>
<msg timestamp="20230721 19:33:43.274" level="INFO">${Email} = 19t1051013@husc.edu.vn</msg>
<status status="PASS" starttime="20230721 19:33:43.246" endtime="20230721 19:33:43.274"/>
</kw>
<kw name="Get Text" library="Browser">
<var>${phone_number}</var>
<arg>//tbody/tr[${user_count}]/td[7]</arg>
<tag>Assertion</tag>
<tag>Getter</tag>
<tag>PageContent</tag>
<doc>Returns text attribute of the element found by ``selector``.</doc>
<msg timestamp="20230721 19:33:43.302" level="INFO">Text: '307288947687'</msg>
<msg timestamp="20230721 19:33:43.302" level="INFO">${phone_number} = 307288947687</msg>
<status status="PASS" starttime="20230721 19:33:43.275" endtime="20230721 19:33:43.302"/>
</kw>
<if>
<branch type="IF" condition="'${manager}' == '${EMPTY}'">
<kw name="Set Variable" library="BuiltIn">
<var>${manager}</var>
<arg>Không có quản lý</arg>
<doc>Returns the given values which can then be assigned to a variables.</doc>
<status status="NOT RUN" starttime="20230721 19:33:43.305" endtime="20230721 19:33:43.305"/>
</kw>
<status status="NOT RUN" starttime="20230721 19:33:43.303" endtime="20230721 19:33:43.305"/>
</branch>
<status status="PASS" starttime="20230721 19:33:43.302" endtime="20230721 19:33:43.306"/>
</if>
<if>
<branch type="IF" condition="'${team}' == '${EMPTY}'">
<kw name="Set Variable" library="BuiltIn">
<var>${team}</var>
<arg>Không có nhóm</arg>
<doc>Returns the given values which can then be assigned to a variables.</doc>
<msg timestamp="20230721 19:33:43.308" level="INFO">${team} = Không có nhóm</msg>
<status status="PASS" starttime="20230721 19:33:43.308" endtime="20230721 19:33:43.308"/>
</kw>
<status status="PASS" starttime="20230721 19:33:43.306" endtime="20230721 19:33:43.309"/>
</branch>
<status status="PASS" starttime="20230721 19:33:43.306" endtime="20230721 19:33:43.309"/>
</if>
<kw name="Log To Console" library="BuiltIn">
<arg>${stt}. ${username} | ${position} | ${role} | ${manager} | ${team} | ${Email} | ${phone_number} |</arg>
<doc>Logs the given message to the console.</doc>
<status status="PASS" starttime="20230721 19:33:43.309" endtime="20230721 19:33:43.311"/>
</kw>
<kw name="Log To Console" library="BuiltIn">
<arg>=====================================================================================================================================================</arg>
<doc>Logs the given message to the console.</doc>
<status status="PASS" starttime="20230721 19:33:43.311" endtime="20230721 19:33:43.313"/>
</kw>
<kw name="Evaluate" library="BuiltIn">
<var>${user_count}</var>
<arg>${user_count} + 1</arg>
<doc>Evaluates the given expression in Python and returns the result.</doc>
<msg timestamp="20230721 19:33:43.315" level="INFO">${user_count} = 11</msg>
<status status="PASS" starttime="20230721 19:33:43.314" endtime="20230721 19:33:43.315"/>
</kw>
<kw name="Evaluate" library="BuiltIn">
<var>${stt}</var>
<arg>${stt} + 1</arg>
<doc>Evaluates the given expression in Python and returns the result.</doc>
<msg timestamp="20230721 19:33:43.317" level="INFO">${stt} = 10</msg>
<status status="PASS" starttime="20230721 19:33:43.316" endtime="20230721 19:33:43.317"/>
</kw>
<status status="PASS" starttime="20230721 19:33:43.078" endtime="20230721 19:33:43.317"/>
</iter>
<status status="PASS" starttime="20230721 19:33:41.132" endtime="20230721 19:33:43.318"/>
</for>
<kw name="Evaluate" library="BuiltIn">
<var>${total}</var>
<arg>${user_count} - 2</arg>
<doc>Evaluates the given expression in Python and returns the result.</doc>
<msg timestamp="20230721 19:33:43.320" level="INFO">${total} = 9</msg>
<status status="PASS" starttime="20230721 19:33:43.319" endtime="20230721 19:33:43.320"/>
</kw>
<kw name="Log To Console" library="BuiltIn">
<arg>Tổng số lượng user: ${total}</arg>
<doc>Logs the given message to the console.</doc>
<status status="PASS" starttime="20230721 19:33:43.321" endtime="20230721 19:33:43.322"/>
</kw>
<status status="PASS" starttime="20230721 19:33:41.007" endtime="20230721 19:33:43.322"/>
</kw>
<kw name="Tear Down" library="common" type="TEARDOWN">
<kw name="Close Browser" library="Browser">
<arg>ALL</arg>
<tag>BrowserControl</tag>
<tag>Setter</tag>
<doc>Closes the current browser.</doc>
<msg timestamp="20230721 19:33:45.251" level="INFO">Closed all browsers</msg>
<status status="PASS" starttime="20230721 19:33:43.325" endtime="20230721 19:33:45.251"/>
</kw>
<status status="PASS" starttime="20230721 19:33:43.324" endtime="20230721 19:33:45.251"/>
</kw>
<status status="PASS" starttime="20230721 19:33:21.356" endtime="20230721 19:33:45.252"/>
</test>
<status status="PASS" starttime="20230721 19:30:21.904" endtime="20230721 19:33:45.265"/>
</suite>
<statistics>
<total>
<stat pass="8" fail="0" skip="0">All Tests</stat>
</total>
<tag>
</tag>
<suite>
<stat pass="8" fail="0" skip="0" id="s1" name="Teeee">Teeee</stat>
</suite>
</statistics>
<errors>
</errors>
</robot>
