<?xml version="1.0" encoding="UTF-8"?>
<robot generator="Robot 6.1 (Python 3.11.4 on win32)" generated="20230802 23:26:01.801" rpa="false" schemaversion="4">
<suite id="s1" name="Admin Create User" source="C:\Users\nhats\OneDrive\Desktop\BALANCE\vite-react\test\testcases\Admin_Create_User.robot">
<test id="s1-t1" name="CRU_15 Verify that the list of all users can be viewed successfully" line="130">
<kw name="Setup" library="common" type="SETUP">
<kw name="Set Browser Timeout" library="Browser">
<arg>${BROWSER_TIMEOUT}</arg>
<tag>Config</tag>
<tag>Setter</tag>
<doc>Sets the timeout used by most input and getter keywords.</doc>
<status status="PASS" starttime="20230802 23:26:06.544" endtime="20230802 23:26:06.573"/>
</kw>
<kw name="New Browser" library="Browser">
<arg>${BROWSER}</arg>
<arg>headless=${HEADLESS}</arg>
<tag>BrowserControl</tag>
<tag>Setter</tag>
<doc>Create a new playwright Browser with specified options.</doc>
<msg timestamp="20230802 23:26:06.576" level="INFO">{"browser": "chromium", "headless": false, "devtools": false, "handleSIGHUP": true, "handleSIGINT": true, "handleSIGTERM": true, "slowMo": 0.0, "timeout": 30000.0, "deprecated_pos_args": [], "tracesDir": "C:\\Users\\nhats\\OneDrive\\Desktop\\BALANCE\\vite-react\\browser\\traces\\ae9731ad-9875-49f2-94e1-6b10b16f207e"}</msg>
<msg timestamp="20230802 23:26:08.205" level="INFO">Successfully created browser with options: {"browser":"chromium","headless":false,"devtools":false,"handleSIGHUP":true,"handleSIGINT":true,"handleSIGTERM":true,"slowMo":0,"timeout":30000,"deprecated_pos_args":[],"tracesDir":"C:\\Users\\nhats\\OneDrive\\Desktop\\BALANCE\\vite-react\\browser\\traces\\ae9731ad-9875-49f2-94e1-6b10b16f207e"}</msg>
<status status="PASS" starttime="20230802 23:26:06.574" endtime="20230802 23:26:08.205"/>
</kw>
<kw name="New Page" library="Browser">
<arg>${URL_DEFAULT}</arg>
<tag>BrowserControl</tag>
<tag>Setter</tag>
<doc>Open a new Page.</doc>
<msg timestamp="20230802 23:26:11.578" level="INFO">Successfully initialized new page object and opened url: http://localhost:5173/</msg>
<msg timestamp="20230802 23:26:11.578" level="INFO">No context was open. New context was automatically opened when this page is created.</msg>
<status status="PASS" starttime="20230802 23:26:08.205" endtime="20230802 23:26:11.578"/>
</kw>
<kw name="Evaluate" library="BuiltIn">
<var>${STATE}</var>
<arg>json.loads('''{}''')</arg>
<arg>json</arg>
<doc>Evaluates the given expression in Python and returns the result.</doc>
<msg timestamp="20230802 23:26:11.580" level="INFO">${STATE} = {}</msg>
<status status="PASS" starttime="20230802 23:26:11.579" endtime="20230802 23:26:11.580"/>
</kw>
<status status="PASS" starttime="20230802 23:26:06.544" endtime="20230802 23:26:11.580"/>
</kw>
<kw name="When Login to admin" library="common">
<kw name="Enter &quot;email&quot; in &quot;Tên đăng nhập&quot; with &quot;admin_balan@getnada.com&quot;" library="common" sourcename="Enter &quot;${type}&quot; in &quot;${name}&quot; with &quot;${text}&quot;">
<kw name="Get Random Text" library="common">
<var>${text}</var>
<arg>${type}</arg>
<arg>${text}</arg>
<kw name="Set Variable" library="BuiltIn">
<var>${symbol}</var>
<arg>_RANDOM_</arg>
<doc>Returns the given values which can then be assigned to a variables.</doc>
<msg timestamp="20230802 23:26:11.586" level="INFO">${symbol} = _RANDOM_</msg>
<status status="PASS" starttime="20230802 23:26:11.586" endtime="20230802 23:26:11.586"/>
</kw>
<kw name="Set Variable" library="BuiltIn">
<var>${new_text}</var>
<doc>Returns the given values which can then be assigned to a variables.</doc>
<msg timestamp="20230802 23:26:11.586" level="INFO">${new_text} = </msg>
<status status="PASS" starttime="20230802 23:26:11.586" endtime="20230802 23:26:11.586"/>
</kw>
<kw name="Get Regexp Matches" library="String">
<var>${containsS}</var>
<arg>${text}</arg>
<arg>_@(.+)@_</arg>
<arg>1</arg>
<doc>Returns a list of all non-overlapping matches in the given string.</doc>
<msg timestamp="20230802 23:26:11.586" level="INFO">${containsS} = []</msg>
<status status="PASS" starttime="20230802 23:26:11.586" endtime="20230802 23:26:11.586"/>
</kw>
<kw name="Get Length" library="BuiltIn">
<var>${cntS}</var>
<arg>${containsS}</arg>
<doc>Returns and logs the length of the given item as an integer.</doc>
<msg timestamp="20230802 23:26:11.586" level="INFO">Length is 0</msg>
<msg timestamp="20230802 23:26:11.586" level="INFO">${cntS} = 0</msg>
<status status="PASS" starttime="20230802 23:26:11.586" endtime="20230802 23:26:11.586"/>
</kw>
<kw name="Get Regexp Matches" library="String">
<var>${contains}</var>
<arg>${text}</arg>
<arg>${symbol}</arg>
<doc>Returns a list of all non-overlapping matches in the given string.</doc>
<msg timestamp="20230802 23:26:11.594" level="INFO">${contains} = []</msg>
<status status="PASS" starttime="20230802 23:26:11.586" endtime="20230802 23:26:11.594"/>
</kw>
<kw name="Get Length" library="BuiltIn">
<var>${cnt}</var>
<arg>${contains}</arg>
<doc>Returns and logs the length of the given item as an integer.</doc>
<msg timestamp="20230802 23:26:11.594" level="INFO">Length is 0</msg>
<msg timestamp="20230802 23:26:11.594" level="INFO">${cnt} = 0</msg>
<status status="PASS" starttime="20230802 23:26:11.594" endtime="20230802 23:26:11.594"/>
</kw>
<if>
<branch type="IF" condition="${cntS} &gt; 0">
<kw name="Set Variable" library="BuiltIn">
<var>${new_text}</var>
<arg>${STATE["${containsS[0]}"]}</arg>
<doc>Returns the given values which can then be assigned to a variables.</doc>
<status status="NOT RUN" starttime="20230802 23:26:11.594" endtime="20230802 23:26:11.594"/>
</kw>
<kw name="Set Variable" library="BuiltIn">
<var>${symbol}</var>
<arg>_@${containsS[0]}@_</arg>
<doc>Returns the given values which can then be assigned to a variables.</doc>
<status status="NOT RUN" starttime="20230802 23:26:11.598" endtime="20230802 23:26:11.598"/>
</kw>
<status status="NOT RUN" starttime="20230802 23:26:11.594" endtime="20230802 23:26:11.598"/>
</branch>
<branch type="ELSE IF" condition="${cnt} &gt; 0 and '${type}' == 'fullname'">
<kw name="Name" library="FakerLibrary">
<var>${new_text}</var>
<doc>:example: 'John Doe'</doc>
<status status="NOT RUN" starttime="20230802 23:26:11.600" endtime="20230802 23:26:11.600"/>
</kw>
<status status="NOT RUN" starttime="20230802 23:26:11.599" endtime="20230802 23:26:11.601"/>
</branch>
<branch type="ELSE IF" condition="${cnt} &gt; 0 and '${type}' == 'test name'">
<kw name="Sentence" library="FakerLibrary">
<var>${random}</var>
<arg>nb_words=3</arg>
<doc>Generate a sentence.</doc>
<status status="NOT RUN" starttime="20230802 23:26:11.602" endtime="20230802 23:26:11.603"/>
</kw>
<kw name="Split String" library="String">
<var>${words}</var>
<arg>${TEST NAME}</arg>
<arg>${SPACE}</arg>
<doc>Splits the ``string`` using ``separator`` as a delimiter string.</doc>
<status status="NOT RUN" starttime="20230802 23:26:11.603" endtime="20230802 23:26:11.604"/>
</kw>
<kw name="Set Variable" library="BuiltIn">
<var>${new_text}</var>
<arg>${words[0]} ${random}</arg>
<doc>Returns the given values which can then be assigned to a variables.</doc>
<status status="NOT RUN" starttime="20230802 23:26:11.604" endtime="20230802 23:26:11.605"/>
</kw>
<status status="NOT RUN" starttime="20230802 23:26:11.601" endtime="20230802 23:26:11.605"/>
</branch>
<branch type="ELSE IF" condition="${cnt} &gt; 0 and '${type}' == 'name code'">
<kw name="Random Int" library="FakerLibrary">
<var>${random}</var>
<arg>min=00000</arg>
<arg>max=99999</arg>
<doc>Generate a random integer between two integers ``min`` and ``max`` inclusive
while observing the provided ``step`` value.</doc>
<status status="NOT RUN" starttime="20230802 23:26:11.606" endtime="20230802 23:26:11.607"/>
</kw>
<kw name="Set Variable" library="BuiltIn">
<var>${name}</var>
<arg>USR</arg>
<doc>Returns the given values which can then be assigned to a variables.</doc>
<status status="NOT RUN" starttime="20230802 23:26:11.607" endtime="20230802 23:26:11.607"/>
</kw>
<kw name="Set Variable" library="BuiltIn">
<var>${new_text}</var>
<arg>${name}${random}</arg>
<doc>Returns the given values which can then be assigned to a variables.</doc>
<status status="NOT RUN" starttime="20230802 23:26:11.608" endtime="20230802 23:26:11.608"/>
</kw>
<status status="NOT RUN" starttime="20230802 23:26:11.605" endtime="20230802 23:26:11.609"/>
</branch>
<branch type="ELSE IF" condition="${cnt} &gt; 0 and '${type}' == 'phone_invalid'">
<kw name="Random Int" library="FakerLibrary">
<var>${new_text}</var>
<arg>min=1000000000000</arg>
<arg>max=9999999999999</arg>
<doc>Generate a random integer between two integers ``min`` and ``max`` inclusive
while observing the provided ``step`` value.</doc>
<status status="NOT RUN" starttime="20230802 23:26:11.610" endtime="20230802 23:26:11.610"/>
</kw>
<kw name="Convert To String" library="BuiltIn">
<var>${new_text}</var>
<arg>${new_text}</arg>
<doc>Converts the given item to a Unicode string.</doc>
<status status="NOT RUN" starttime="20230802 23:26:11.610" endtime="20230802 23:26:11.611"/>
</kw>
<status status="NOT RUN" starttime="20230802 23:26:11.609" endtime="20230802 23:26:11.611"/>
</branch>
<branch type="ELSE IF" condition="${cnt} &gt; 0 and '${type}' == 'percentage'">
<kw name="Random Int" library="FakerLibrary">
<var>${new_text}</var>
<arg>max=100</arg>
<doc>Generate a random integer between two integers ``min`` and ``max`` inclusive
while observing the provided ``step`` value.</doc>
<status status="NOT RUN" starttime="20230802 23:26:11.612" endtime="20230802 23:26:11.613"/>
</kw>
<kw name="Convert To String" library="BuiltIn">
<var>${new_text}</var>
<arg>${new_text}</arg>
<doc>Converts the given item to a Unicode string.</doc>
<status status="NOT RUN" starttime="20230802 23:26:11.613" endtime="20230802 23:26:11.619"/>
</kw>
<status status="NOT RUN" starttime="20230802 23:26:11.611" endtime="20230802 23:26:11.621"/>
</branch>
<branch type="ELSE IF" condition="${cnt} &gt; 0 and '${type}' == 'paragraph'">
<kw name="Paragraph" library="FakerLibrary">
<var>${new_text}</var>
<doc>Generate a paragraph.</doc>
<status status="NOT RUN" starttime="20230802 23:26:11.622" endtime="20230802 23:26:11.622"/>
</kw>
<status status="NOT RUN" starttime="20230802 23:26:11.621" endtime="20230802 23:26:11.623"/>
</branch>
<branch type="ELSE IF" condition="${cnt} &gt; 0 and '${type}' == 'email'">
<kw name="Email" library="FakerLibrary">
<var>${new_text}</var>
<status status="NOT RUN" starttime="20230802 23:26:11.624" endtime="20230802 23:26:11.624"/>
</kw>
<status status="NOT RUN" starttime="20230802 23:26:11.623" endtime="20230802 23:26:11.624"/>
</branch>
<branch type="ELSE IF" condition="${cnt} &gt; 0 and '${type}' == 'phone'">
<kw name="Random Int" library="FakerLibrary">
<var>${new_text}</var>
<arg>min=55555555</arg>
<arg>max=999999999999</arg>
<doc>Generate a random integer between two integers ``min`` and ``max`` inclusive
while observing the provided ``step`` value.</doc>
<status status="NOT RUN" starttime="20230802 23:26:11.625" endtime="20230802 23:26:11.625"/>
</kw>
<kw name="Convert To String" library="BuiltIn">
<var>${new_text}</var>
<arg>${new_text}</arg>
<doc>Converts the given item to a Unicode string.</doc>
<status status="NOT RUN" starttime="20230802 23:26:11.626" endtime="20230802 23:26:11.626"/>
</kw>
<status status="NOT RUN" starttime="20230802 23:26:11.625" endtime="20230802 23:26:11.626"/>
</branch>
<branch type="ELSE IF" condition="${cnt} &gt; 0 and '${type}' == 'number'">
<kw name="Random Int" library="FakerLibrary">
<var>${new_text}</var>
<arg>min=55555555</arg>
<arg>max=999999999999</arg>
<doc>Generate a random integer between two integers ``min`` and ``max`` inclusive
while observing the provided ``step`` value.</doc>
<status status="NOT RUN" starttime="20230802 23:26:11.628" endtime="20230802 23:26:11.628"/>
</kw>
<kw name="Convert To String" library="BuiltIn">
<var>${new_text}</var>
<arg>${new_text}</arg>
<doc>Converts the given item to a Unicode string.</doc>
<status status="NOT RUN" starttime="20230802 23:26:11.629" endtime="20230802 23:26:11.629"/>
</kw>
<status status="NOT RUN" starttime="20230802 23:26:11.627" endtime="20230802 23:26:11.629"/>
</branch>
<branch type="ELSE IF" condition="${cnt} &gt; 0 and '${type}' == 'otp'">
<kw name="Random Int" library="FakerLibrary">
<var>${new_text}</var>
<arg>min=100000</arg>
<arg>max=999999</arg>
<doc>Generate a random integer between two integers ``min`` and ``max`` inclusive
while observing the provided ``step`` value.</doc>
<status status="NOT RUN" starttime="20230802 23:26:11.631" endtime="20230802 23:26:11.632"/>
</kw>
<kw name="Convert To String" library="BuiltIn">
<var>${new_text}</var>
<arg>${new_text}</arg>
<doc>Converts the given item to a Unicode string.</doc>
<status status="NOT RUN" starttime="20230802 23:26:11.632" endtime="20230802 23:26:11.633"/>
</kw>
<status status="NOT RUN" starttime="20230802 23:26:11.630" endtime="20230802 23:26:11.633"/>
</branch>
<branch type="ELSE IF" condition="${cnt} &gt; 0 and '${type}' == 'color'">
<kw name="Safe Hex Color" library="FakerLibrary">
<var>${new_text}</var>
<doc>Generate a web-safe color formatted as a hex triplet.</doc>
<status status="NOT RUN" starttime="20230802 23:26:11.635" endtime="20230802 23:26:11.635"/>
</kw>
<status status="NOT RUN" starttime="20230802 23:26:11.633" endtime="20230802 23:26:11.636"/>
</branch>
<branch type="ELSE IF" condition="${cnt} &gt; 0 and '${type}' == 'date'">
<kw name="Date" library="FakerLibrary">
<var>${new_text}</var>
<arg>pattern=%d-%m-%Y</arg>
<doc>Get a date string between January 1, 1970 and now.</doc>
<status status="NOT RUN" starttime="20230802 23:26:11.638" endtime="20230802 23:26:11.638"/>
</kw>
<status status="NOT RUN" starttime="20230802 23:26:11.636" endtime="20230802 23:26:11.638"/>
</branch>
<branch type="ELSE IF" condition="${cnt} &gt; 0 and '${type}' == 'word'">
<kw name="Sentence" library="FakerLibrary">
<var>${new_text}</var>
<arg>nb_words=2</arg>
<doc>Generate a sentence.</doc>
<status status="NOT RUN" starttime="20230802 23:26:11.641" endtime="20230802 23:26:11.641"/>
</kw>
<status status="NOT RUN" starttime="20230802 23:26:11.640" endtime="20230802 23:26:11.642"/>
</branch>
<branch type="ELSE IF" condition="${cnt} &gt; 0">
<kw name="Sentence" library="FakerLibrary">
<var>${new_text}</var>
<doc>Generate a sentence.</doc>
<status status="NOT RUN" starttime="20230802 23:26:11.643" endtime="20230802 23:26:11.643"/>
</kw>
<status status="NOT RUN" starttime="20230802 23:26:11.642" endtime="20230802 23:26:11.643"/>
</branch>
<status status="PASS" starttime="20230802 23:26:11.594" endtime="20230802 23:26:11.644"/>
</if>
<kw name="Get Length" library="BuiltIn">
<var>${cnt}</var>
<arg>${text}</arg>
<doc>Returns and logs the length of the given item as an integer.</doc>
<msg timestamp="20230802 23:26:11.645" level="INFO">Length is 23</msg>
<msg timestamp="20230802 23:26:11.645" level="INFO">${cnt} = 23</msg>
<status status="PASS" starttime="20230802 23:26:11.645" endtime="20230802 23:26:11.645"/>
</kw>
<if>
<branch type="IF" condition="${cnt} &gt; 0">
<kw name="Replace String" library="String">
<var>${text}</var>
<arg>${text}</arg>
<arg>${symbol}</arg>
<arg>${new_text}</arg>
<doc>Replaces ``search_for`` in the given ``string`` with ``replace_with``.</doc>
<msg timestamp="20230802 23:26:11.650" level="INFO">${text} = admin_balan@getnada.com</msg>
<status status="PASS" starttime="20230802 23:26:11.647" endtime="20230802 23:26:11.650"/>
</kw>
<status status="PASS" starttime="20230802 23:26:11.646" endtime="20230802 23:26:11.650"/>
</branch>
<status status="PASS" starttime="20230802 23:26:11.646" endtime="20230802 23:26:11.651"/>
</if>
<msg timestamp="20230802 23:26:11.651" level="INFO">${text} = admin_balan@getnada.com</msg>
<status status="PASS" starttime="20230802 23:26:11.586" endtime="20230802 23:26:11.652"/>
</kw>
<kw name="Get Element Form Item By Name" library="common">
<var>${element}</var>
<arg>${name}</arg>
<arg>//input[contains(@class, "ant-input")]</arg>
<msg timestamp="20230802 23:26:11.654" level="INFO">${element} = xpath=//*[contains(@class, "ant-form-item-label")]/label[text()="Tên đăng nhập"]/../../*[contains(@class, "ant-form-item")]//input[contains(@class, "ant-input")]</msg>
<status status="PASS" starttime="20230802 23:26:11.652" endtime="20230802 23:26:11.654"/>
</kw>
<kw name="Clear Text" library="Browser">
<arg>${element}</arg>
<tag>PageContent</tag>
<tag>Setter</tag>
<doc>Clears the text field found by ``selector``.</doc>
<status status="PASS" starttime="20230802 23:26:11.661" endtime="20230802 23:26:14.415"/>
</kw>
<kw name="Fill Text" library="Browser">
<arg>${element}</arg>
<arg>${text}</arg>
<arg>True</arg>
<tag>PageContent</tag>
<tag>Setter</tag>
<doc>Clears and fills the given ``txt`` into the text field found by ``selector``.</doc>
<msg timestamp="20230802 23:26:14.415" level="INFO">Fills the text 'admin_balan@getnada.com' in the given field.</msg>
<status status="PASS" starttime="20230802 23:26:14.415" endtime="20230802 23:26:14.495"/>
</kw>
<kw name="Get Length" library="BuiltIn">
<var>${cnt}</var>
<arg>${text}</arg>
<doc>Returns and logs the length of the given item as an integer.</doc>
<msg timestamp="20230802 23:26:14.500" level="INFO">Length is 23</msg>
<msg timestamp="20230802 23:26:14.500" level="INFO">${cnt} = 23</msg>
<status status="PASS" starttime="20230802 23:26:14.495" endtime="20230802 23:26:14.500"/>
</kw>
<if>
<branch type="IF" condition="${cnt} &gt; 0">
<kw name="Set Global Variable" library="BuiltIn">
<arg>${STATE["${name}"]}</arg>
<arg>${text}</arg>
<doc>Makes a variable available globally in all tests and suites.</doc>
<msg timestamp="20230802 23:26:14.500" level="INFO">${STATE["Tên đăng nhập"]} = admin_balan@getnada.com</msg>
<status status="PASS" starttime="20230802 23:26:14.500" endtime="20230802 23:26:14.500"/>
</kw>
<status status="PASS" starttime="20230802 23:26:14.500" endtime="20230802 23:26:14.500"/>
</branch>
<status status="PASS" starttime="20230802 23:26:14.500" endtime="20230802 23:26:14.500"/>
</if>
<status status="PASS" starttime="20230802 23:26:11.583" endtime="20230802 23:26:14.505"/>
</kw>
<kw name="Enter &quot;text&quot; in &quot;Mật khẩu&quot; with &quot;Ari123456#&quot;" library="common" sourcename="Enter &quot;${type}&quot; in &quot;${name}&quot; with &quot;${text}&quot;">
<kw name="Get Random Text" library="common">
<var>${text}</var>
<arg>${type}</arg>
<arg>${text}</arg>
<kw name="Set Variable" library="BuiltIn">
<var>${symbol}</var>
<arg>_RANDOM_</arg>
<doc>Returns the given values which can then be assigned to a variables.</doc>
<msg timestamp="20230802 23:26:14.505" level="INFO">${symbol} = _RANDOM_</msg>
<status status="PASS" starttime="20230802 23:26:14.505" endtime="20230802 23:26:14.505"/>
</kw>
<kw name="Set Variable" library="BuiltIn">
<var>${new_text}</var>
<doc>Returns the given values which can then be assigned to a variables.</doc>
<msg timestamp="20230802 23:26:14.509" level="INFO">${new_text} = </msg>
<status status="PASS" starttime="20230802 23:26:14.505" endtime="20230802 23:26:14.509"/>
</kw>
<kw name="Get Regexp Matches" library="String">
<var>${containsS}</var>
<arg>${text}</arg>
<arg>_@(.+)@_</arg>
<arg>1</arg>
<doc>Returns a list of all non-overlapping matches in the given string.</doc>
<msg timestamp="20230802 23:26:14.509" level="INFO">${containsS} = []</msg>
<status status="PASS" starttime="20230802 23:26:14.509" endtime="20230802 23:26:14.509"/>
</kw>
<kw name="Get Length" library="BuiltIn">
<var>${cntS}</var>
<arg>${containsS}</arg>
<doc>Returns and logs the length of the given item as an integer.</doc>
<msg timestamp="20230802 23:26:14.509" level="INFO">Length is 0</msg>
<msg timestamp="20230802 23:26:14.509" level="INFO">${cntS} = 0</msg>
<status status="PASS" starttime="20230802 23:26:14.509" endtime="20230802 23:26:14.509"/>
</kw>
<kw name="Get Regexp Matches" library="String">
<var>${contains}</var>
<arg>${text}</arg>
<arg>${symbol}</arg>
<doc>Returns a list of all non-overlapping matches in the given string.</doc>
<msg timestamp="20230802 23:26:14.514" level="INFO">${contains} = []</msg>
<status status="PASS" starttime="20230802 23:26:14.509" endtime="20230802 23:26:14.514"/>
</kw>
<kw name="Get Length" library="BuiltIn">
<var>${cnt}</var>
<arg>${contains}</arg>
<doc>Returns and logs the length of the given item as an integer.</doc>
<msg timestamp="20230802 23:26:14.514" level="INFO">Length is 0</msg>
<msg timestamp="20230802 23:26:14.514" level="INFO">${cnt} = 0</msg>
<status status="PASS" starttime="20230802 23:26:14.514" endtime="20230802 23:26:14.514"/>
</kw>
<if>
<branch type="IF" condition="${cntS} &gt; 0">
<kw name="Set Variable" library="BuiltIn">
<var>${new_text}</var>
<arg>${STATE["${containsS[0]}"]}</arg>
<doc>Returns the given values which can then be assigned to a variables.</doc>
<status status="NOT RUN" starttime="20230802 23:26:14.514" endtime="20230802 23:26:14.514"/>
</kw>
<kw name="Set Variable" library="BuiltIn">
<var>${symbol}</var>
<arg>_@${containsS[0]}@_</arg>
<doc>Returns the given values which can then be assigned to a variables.</doc>
<status status="NOT RUN" starttime="20230802 23:26:14.514" endtime="20230802 23:26:14.514"/>
</kw>
<status status="NOT RUN" starttime="20230802 23:26:14.514" endtime="20230802 23:26:14.514"/>
</branch>
<branch type="ELSE IF" condition="${cnt} &gt; 0 and '${type}' == 'fullname'">
<kw name="Name" library="FakerLibrary">
<var>${new_text}</var>
<doc>:example: 'John Doe'</doc>
<status status="NOT RUN" starttime="20230802 23:26:14.519" endtime="20230802 23:26:14.519"/>
</kw>
<status status="NOT RUN" starttime="20230802 23:26:14.514" endtime="20230802 23:26:14.519"/>
</branch>
<branch type="ELSE IF" condition="${cnt} &gt; 0 and '${type}' == 'test name'">
<kw name="Sentence" library="FakerLibrary">
<var>${random}</var>
<arg>nb_words=3</arg>
<doc>Generate a sentence.</doc>
<status status="NOT RUN" starttime="20230802 23:26:14.519" endtime="20230802 23:26:14.519"/>
</kw>
<kw name="Split String" library="String">
<var>${words}</var>
<arg>${TEST NAME}</arg>
<arg>${SPACE}</arg>
<doc>Splits the ``string`` using ``separator`` as a delimiter string.</doc>
<status status="NOT RUN" starttime="20230802 23:26:14.519" endtime="20230802 23:26:14.522"/>
</kw>
<kw name="Set Variable" library="BuiltIn">
<var>${new_text}</var>
<arg>${words[0]} ${random}</arg>
<doc>Returns the given values which can then be assigned to a variables.</doc>
<status status="NOT RUN" starttime="20230802 23:26:14.522" endtime="20230802 23:26:14.522"/>
</kw>
<status status="NOT RUN" starttime="20230802 23:26:14.519" endtime="20230802 23:26:14.522"/>
</branch>
<branch type="ELSE IF" condition="${cnt} &gt; 0 and '${type}' == 'name code'">
<kw name="Random Int" library="FakerLibrary">
<var>${random}</var>
<arg>min=00000</arg>
<arg>max=99999</arg>
<doc>Generate a random integer between two integers ``min`` and ``max`` inclusive
while observing the provided ``step`` value.</doc>
<status status="NOT RUN" starttime="20230802 23:26:14.522" endtime="20230802 23:26:14.522"/>
</kw>
<kw name="Set Variable" library="BuiltIn">
<var>${name}</var>
<arg>USR</arg>
<doc>Returns the given values which can then be assigned to a variables.</doc>
<status status="NOT RUN" starttime="20230802 23:26:14.524" endtime="20230802 23:26:14.524"/>
</kw>
<kw name="Set Variable" library="BuiltIn">
<var>${new_text}</var>
<arg>${name}${random}</arg>
<doc>Returns the given values which can then be assigned to a variables.</doc>
<status status="NOT RUN" starttime="20230802 23:26:14.524" endtime="20230802 23:26:14.524"/>
</kw>
<status status="NOT RUN" starttime="20230802 23:26:14.522" endtime="20230802 23:26:14.525"/>
</branch>
<branch type="ELSE IF" condition="${cnt} &gt; 0 and '${type}' == 'phone_invalid'">
<kw name="Random Int" library="FakerLibrary">
<var>${new_text}</var>
<arg>min=1000000000000</arg>
<arg>max=9999999999999</arg>
<doc>Generate a random integer between two integers ``min`` and ``max`` inclusive
while observing the provided ``step`` value.</doc>
<status status="NOT RUN" starttime="20230802 23:26:14.525" endtime="20230802 23:26:14.525"/>
</kw>
<kw name="Convert To String" library="BuiltIn">
<var>${new_text}</var>
<arg>${new_text}</arg>
<doc>Converts the given item to a Unicode string.</doc>
<status status="NOT RUN" starttime="20230802 23:26:14.525" endtime="20230802 23:26:14.525"/>
</kw>
<status status="NOT RUN" starttime="20230802 23:26:14.525" endtime="20230802 23:26:14.525"/>
</branch>
<branch type="ELSE IF" condition="${cnt} &gt; 0 and '${type}' == 'percentage'">
<kw name="Random Int" library="FakerLibrary">
<var>${new_text}</var>
<arg>max=100</arg>
<doc>Generate a random integer between two integers ``min`` and ``max`` inclusive
while observing the provided ``step`` value.</doc>
<status status="NOT RUN" starttime="20230802 23:26:14.525" endtime="20230802 23:26:14.529"/>
</kw>
<kw name="Convert To String" library="BuiltIn">
<var>${new_text}</var>
<arg>${new_text}</arg>
<doc>Converts the given item to a Unicode string.</doc>
<status status="NOT RUN" starttime="20230802 23:26:14.529" endtime="20230802 23:26:14.529"/>
</kw>
<status status="NOT RUN" starttime="20230802 23:26:14.525" endtime="20230802 23:26:14.529"/>
</branch>
<branch type="ELSE IF" condition="${cnt} &gt; 0 and '${type}' == 'paragraph'">
<kw name="Paragraph" library="FakerLibrary">
<var>${new_text}</var>
<doc>Generate a paragraph.</doc>
<status status="NOT RUN" starttime="20230802 23:26:14.529" endtime="20230802 23:26:14.529"/>
</kw>
<status status="NOT RUN" starttime="20230802 23:26:14.529" endtime="20230802 23:26:14.529"/>
</branch>
<branch type="ELSE IF" condition="${cnt} &gt; 0 and '${type}' == 'email'">
<kw name="Email" library="FakerLibrary">
<var>${new_text}</var>
<status status="NOT RUN" starttime="20230802 23:26:14.529" endtime="20230802 23:26:14.529"/>
</kw>
<status status="NOT RUN" starttime="20230802 23:26:14.529" endtime="20230802 23:26:14.529"/>
</branch>
<branch type="ELSE IF" condition="${cnt} &gt; 0 and '${type}' == 'phone'">
<kw name="Random Int" library="FakerLibrary">
<var>${new_text}</var>
<arg>min=55555555</arg>
<arg>max=999999999999</arg>
<doc>Generate a random integer between two integers ``min`` and ``max`` inclusive
while observing the provided ``step`` value.</doc>
<status status="NOT RUN" starttime="20230802 23:26:14.534" endtime="20230802 23:26:14.534"/>
</kw>
<kw name="Convert To String" library="BuiltIn">
<var>${new_text}</var>
<arg>${new_text}</arg>
<doc>Converts the given item to a Unicode string.</doc>
<status status="NOT RUN" starttime="20230802 23:26:14.534" endtime="20230802 23:26:14.534"/>
</kw>
<status status="NOT RUN" starttime="20230802 23:26:14.529" endtime="20230802 23:26:14.534"/>
</branch>
<branch type="ELSE IF" condition="${cnt} &gt; 0 and '${type}' == 'number'">
<kw name="Random Int" library="FakerLibrary">
<var>${new_text}</var>
<arg>min=55555555</arg>
<arg>max=999999999999</arg>
<doc>Generate a random integer between two integers ``min`` and ``max`` inclusive
while observing the provided ``step`` value.</doc>
<status status="NOT RUN" starttime="20230802 23:26:14.534" endtime="20230802 23:26:14.534"/>
</kw>
<kw name="Convert To String" library="BuiltIn">
<var>${new_text}</var>
<arg>${new_text}</arg>
<doc>Converts the given item to a Unicode string.</doc>
<status status="NOT RUN" starttime="20230802 23:26:14.534" endtime="20230802 23:26:14.534"/>
</kw>
<status status="NOT RUN" starttime="20230802 23:26:14.534" endtime="20230802 23:26:14.534"/>
</branch>
<branch type="ELSE IF" condition="${cnt} &gt; 0 and '${type}' == 'otp'">
<kw name="Random Int" library="FakerLibrary">
<var>${new_text}</var>
<arg>min=100000</arg>
<arg>max=999999</arg>
<doc>Generate a random integer between two integers ``min`` and ``max`` inclusive
while observing the provided ``step`` value.</doc>
<status status="NOT RUN" starttime="20230802 23:26:14.539" endtime="20230802 23:26:14.539"/>
</kw>
<kw name="Convert To String" library="BuiltIn">
<var>${new_text}</var>
<arg>${new_text}</arg>
<doc>Converts the given item to a Unicode string.</doc>
<status status="NOT RUN" starttime="20230802 23:26:14.539" endtime="20230802 23:26:14.539"/>
</kw>
<status status="NOT RUN" starttime="20230802 23:26:14.539" endtime="20230802 23:26:14.541"/>
</branch>
<branch type="ELSE IF" condition="${cnt} &gt; 0 and '${type}' == 'color'">
<kw name="Safe Hex Color" library="FakerLibrary">
<var>${new_text}</var>
<doc>Generate a web-safe color formatted as a hex triplet.</doc>
<status status="NOT RUN" starttime="20230802 23:26:14.541" endtime="20230802 23:26:14.541"/>
</kw>
<status status="NOT RUN" starttime="20230802 23:26:14.541" endtime="20230802 23:26:14.541"/>
</branch>
<branch type="ELSE IF" condition="${cnt} &gt; 0 and '${type}' == 'date'">
<kw name="Date" library="FakerLibrary">
<var>${new_text}</var>
<arg>pattern=%d-%m-%Y</arg>
<doc>Get a date string between January 1, 1970 and now.</doc>
<status status="NOT RUN" starttime="20230802 23:26:14.544" endtime="20230802 23:26:14.544"/>
</kw>
<status status="NOT RUN" starttime="20230802 23:26:14.541" endtime="20230802 23:26:14.544"/>
</branch>
<branch type="ELSE IF" condition="${cnt} &gt; 0 and '${type}' == 'word'">
<kw name="Sentence" library="FakerLibrary">
<var>${new_text}</var>
<arg>nb_words=2</arg>
<doc>Generate a sentence.</doc>
<status status="NOT RUN" starttime="20230802 23:26:14.544" endtime="20230802 23:26:14.544"/>
</kw>
<status status="NOT RUN" starttime="20230802 23:26:14.544" endtime="20230802 23:26:14.544"/>
</branch>
<branch type="ELSE IF" condition="${cnt} &gt; 0">
<kw name="Sentence" library="FakerLibrary">
<var>${new_text}</var>
<doc>Generate a sentence.</doc>
<status status="NOT RUN" starttime="20230802 23:26:14.544" endtime="20230802 23:26:14.544"/>
</kw>
<status status="NOT RUN" starttime="20230802 23:26:14.544" endtime="20230802 23:26:14.544"/>
</branch>
<status status="PASS" starttime="20230802 23:26:14.514" endtime="20230802 23:26:14.549"/>
</if>
<kw name="Get Length" library="BuiltIn">
<var>${cnt}</var>
<arg>${text}</arg>
<doc>Returns and logs the length of the given item as an integer.</doc>
<msg timestamp="20230802 23:26:14.549" level="INFO">Length is 10</msg>
<msg timestamp="20230802 23:26:14.549" level="INFO">${cnt} = 10</msg>
<status status="PASS" starttime="20230802 23:26:14.549" endtime="20230802 23:26:14.549"/>
</kw>
<if>
<branch type="IF" condition="${cnt} &gt; 0">
<kw name="Replace String" library="String">
<var>${text}</var>
<arg>${text}</arg>
<arg>${symbol}</arg>
<arg>${new_text}</arg>
<doc>Replaces ``search_for`` in the given ``string`` with ``replace_with``.</doc>
<msg timestamp="20230802 23:26:14.549" level="INFO">${text} = Ari123456#</msg>
<status status="PASS" starttime="20230802 23:26:14.549" endtime="20230802 23:26:14.549"/>
</kw>
<status status="PASS" starttime="20230802 23:26:14.549" endtime="20230802 23:26:14.549"/>
</branch>
<status status="PASS" starttime="20230802 23:26:14.549" endtime="20230802 23:26:14.549"/>
</if>
<msg timestamp="20230802 23:26:14.549" level="INFO">${text} = Ari123456#</msg>
<status status="PASS" starttime="20230802 23:26:14.505" endtime="20230802 23:26:14.549"/>
</kw>
<kw name="Get Element Form Item By Name" library="common">
<var>${element}</var>
<arg>${name}</arg>
<arg>//input[contains(@class, "ant-input")]</arg>
<msg timestamp="20230802 23:26:14.554" level="INFO">${element} = xpath=//*[contains(@class, "ant-form-item-label")]/label[text()="Mật khẩu"]/../../*[contains(@class, "ant-form-item")]//input[contains(@class, "ant-input")]</msg>
<status status="PASS" starttime="20230802 23:26:14.554" endtime="20230802 23:26:14.554"/>
</kw>
<kw name="Clear Text" library="Browser">
<arg>${element}</arg>
<tag>PageContent</tag>
<tag>Setter</tag>
<doc>Clears the text field found by ``selector``.</doc>
<status status="PASS" starttime="20230802 23:26:14.554" endtime="20230802 23:26:14.665"/>
</kw>
<kw name="Fill Text" library="Browser">
<arg>${element}</arg>
<arg>${text}</arg>
<arg>True</arg>
<tag>PageContent</tag>
<tag>Setter</tag>
<doc>Clears and fills the given ``txt`` into the text field found by ``selector``.</doc>
<msg timestamp="20230802 23:26:14.667" level="INFO">Fills the text 'Ari123456#' in the given field.</msg>
<status status="PASS" starttime="20230802 23:26:14.666" endtime="20230802 23:26:14.724"/>
</kw>
<kw name="Get Length" library="BuiltIn">
<var>${cnt}</var>
<arg>${text}</arg>
<doc>Returns and logs the length of the given item as an integer.</doc>
<msg timestamp="20230802 23:26:14.724" level="INFO">Length is 10</msg>
<msg timestamp="20230802 23:26:14.724" level="INFO">${cnt} = 10</msg>
<status status="PASS" starttime="20230802 23:26:14.724" endtime="20230802 23:26:14.724"/>
</kw>
<if>
<branch type="IF" condition="${cnt} &gt; 0">
<kw name="Set Global Variable" library="BuiltIn">
<arg>${STATE["${name}"]}</arg>
<arg>${text}</arg>
<doc>Makes a variable available globally in all tests and suites.</doc>
<msg timestamp="20230802 23:26:14.731" level="INFO">${STATE["Mật khẩu"]} = Ari123456#</msg>
<status status="PASS" starttime="20230802 23:26:14.724" endtime="20230802 23:26:14.731"/>
</kw>
<status status="PASS" starttime="20230802 23:26:14.724" endtime="20230802 23:26:14.731"/>
</branch>
<status status="PASS" starttime="20230802 23:26:14.724" endtime="20230802 23:26:14.731"/>
</if>
<status status="PASS" starttime="20230802 23:26:14.505" endtime="20230802 23:26:14.732"/>
</kw>
<kw name="Click &quot;Đăng nhập&quot; button" library="common" sourcename="Click &quot;${text}&quot; button">
<kw name="Click" library="Browser">
<arg>xpath=//button[@title = "${text}"]</arg>
<tag>PageContent</tag>
<tag>Setter</tag>
<doc>Simulates mouse click on the element found by ``selector``.</doc>
<status status="PASS" starttime="20230802 23:26:14.733" endtime="20230802 23:26:14.987"/>
</kw>
<kw name="Click Confirm To Action" library="common">
<kw name="Set Variable" library="BuiltIn">
<var>${element}</var>
<arg>xpath=//*[contains(@class, "ant-popover")]//*[contains(@class, "ant-btn-primary")]</arg>
<doc>Returns the given values which can then be assigned to a variables.</doc>
<msg timestamp="20230802 23:26:14.989" level="INFO">${element} = xpath=//*[contains(@class, "ant-popover")]//*[contains(@class, "ant-btn-primary")]</msg>
<status status="PASS" starttime="20230802 23:26:14.988" endtime="20230802 23:26:14.989"/>
</kw>
<kw name="Get Element Count" library="Browser">
<var>${count}</var>
<arg>${element}</arg>
<tag>Assertion</tag>
<tag>Getter</tag>
<tag>PageContent</tag>
<doc>Returns the count of elements found with ``selector``.</doc>
<msg timestamp="20230802 23:26:15.025" level="INFO">${count} = 0</msg>
<status status="PASS" starttime="20230802 23:26:14.990" endtime="20230802 23:26:15.025"/>
</kw>
<if>
<branch type="IF" condition="${count} &gt; 0">
<kw name="Click" library="Browser">
<arg>${element}</arg>
<tag>PageContent</tag>
<tag>Setter</tag>
<doc>Simulates mouse click on the element found by ``selector``.</doc>
<status status="NOT RUN" starttime="20230802 23:26:15.027" endtime="20230802 23:26:15.027"/>
</kw>
<kw name="Sleep" library="BuiltIn">
<arg>${SHOULD_TIMEOUT}</arg>
<doc>Pauses the test executed for the given time.</doc>
<status status="NOT RUN" starttime="20230802 23:26:15.027" endtime="20230802 23:26:15.027"/>
</kw>
<status status="NOT RUN" starttime="20230802 23:26:15.027" endtime="20230802 23:26:15.027"/>
</branch>
<status status="PASS" starttime="20230802 23:26:15.027" endtime="20230802 23:26:15.027"/>
</if>
<status status="PASS" starttime="20230802 23:26:14.987" endtime="20230802 23:26:15.027"/>
</kw>
<kw name="Scroll By" library="Browser">
<arg>${None}</arg>
<tag>PageContent</tag>
<tag>Setter</tag>
<doc>Scrolls an element or the page relative from current position by the given values.</doc>
<status status="PASS" starttime="20230802 23:26:15.031" endtime="20230802 23:26:15.098"/>
</kw>
<status status="PASS" starttime="20230802 23:26:14.732" endtime="20230802 23:26:15.099"/>
</kw>
<kw name="User look message &quot;Đăng nhập thành công&quot; popup" library="common" sourcename="User look message &quot;${message}&quot; popup">
<kw name="Get Regexp Matches" library="String">
<var>${contains}</var>
<arg>${message}</arg>
<arg>_@(.+)@_</arg>
<arg>1</arg>
<doc>Returns a list of all non-overlapping matches in the given string.</doc>
<msg timestamp="20230802 23:26:15.101" level="INFO">${contains} = []</msg>
<status status="PASS" starttime="20230802 23:26:15.101" endtime="20230802 23:26:15.101"/>
</kw>
<kw name="Get Length" library="BuiltIn">
<var>${cnt}</var>
<arg>${contains}</arg>
<doc>Returns and logs the length of the given item as an integer.</doc>
<msg timestamp="20230802 23:26:15.104" level="INFO">Length is 0</msg>
<msg timestamp="20230802 23:26:15.104" level="INFO">${cnt} = 0</msg>
<status status="PASS" starttime="20230802 23:26:15.101" endtime="20230802 23:26:15.104"/>
</kw>
<if>
<branch type="IF" condition="${cnt} &gt; 0">
<kw name="Replace String" library="String">
<var>${message}</var>
<arg>${message}</arg>
<arg>_@${contains[0]}@_</arg>
<arg>${STATE["${contains[0]}"]}</arg>
<doc>Replaces ``search_for`` in the given ``string`` with ``replace_with``.</doc>
<status status="NOT RUN" starttime="20230802 23:26:15.104" endtime="20230802 23:26:15.104"/>
</kw>
<status status="NOT RUN" starttime="20230802 23:26:15.104" endtime="20230802 23:26:15.104"/>
</branch>
<status status="PASS" starttime="20230802 23:26:15.104" endtime="20230802 23:26:15.104"/>
</if>
<kw name="Element Text Should Be" library="common">
<arg>id=swal2-html-container</arg>
<arg>${message}</arg>
<kw name="Get Text" library="Browser">
<arg>${locator}</arg>
<arg>equal</arg>
<arg>${expected}</arg>
<arg>${message}</arg>
<tag>Assertion</tag>
<tag>Getter</tag>
<tag>PageContent</tag>
<doc>Returns text attribute of the element found by ``selector``.</doc>
<msg timestamp="20230802 23:26:15.547" level="INFO">Text: 'Đăng nhập thành công'</msg>
<status status="PASS" starttime="20230802 23:26:15.110" endtime="20230802 23:26:15.547"/>
</kw>
<status status="PASS" starttime="20230802 23:26:15.104" endtime="20230802 23:26:15.547"/>
</kw>
<kw name="Set Variable" library="BuiltIn">
<var>${element}</var>
<arg>xpath=//*[contains(@class, "swal2-confirm")]</arg>
<doc>Returns the given values which can then be assigned to a variables.</doc>
<msg timestamp="20230802 23:26:15.549" level="INFO">${element} = xpath=//*[contains(@class, "swal2-confirm")]</msg>
<status status="PASS" starttime="20230802 23:26:15.548" endtime="20230802 23:26:15.549"/>
</kw>
<kw name="Run Keyword And Return Status" library="BuiltIn">
<var>${passed}</var>
<arg>Element Should Be Visible</arg>
<arg>${element}</arg>
<doc>Runs the given keyword with given arguments and returns the status as a Boolean value.</doc>
<kw name="Element Should Be Visible" library="common">
<arg>${element}</arg>
<kw name="Wait For Elements State" library="Browser">
<arg>${locator}</arg>
<arg>visible</arg>
<arg>${timeout}</arg>
<arg>${message}</arg>
<tag>PageContent</tag>
<tag>Wait</tag>
<doc>Waits for the element found by ``selector`` to satisfy state option.</doc>
<msg timestamp="20230802 23:26:16.103" level="INFO" html="true">&lt;/td&gt;&lt;/tr&gt;&lt;tr&gt;&lt;td colspan="3"&gt;&lt;a href="browser/screenshot/fail-screenshot-1.png" target="_blank"&gt;&lt;img src="browser/screenshot/fail-screenshot-1.png" width="800px"/&gt;&lt;/a&gt;</msg>
<msg timestamp="20230802 23:26:16.104" level="INFO">See also file:///C:/Users/nhats/OneDrive/Desktop/BALANCE/vite-react/playwright-log.txt for additional details.</msg>
<msg timestamp="20230802 23:26:16.104" level="FAIL">TimeoutError: locator.waitFor: Timeout 100ms exceeded.
=========================== logs ===========================
waiting for locator('xpath=//*[contains(@class, "swal2-confirm")]') to be visible
  locator resolved to hidden &lt;button type="button" aria-label="" class="swal2-confirm…&gt;OK&lt;/button&gt;
  locator resolved to hidden &lt;button type="button" aria-label="" class="swal2-confirm…&gt;OK&lt;/button&gt;
  locator resolved to hidden &lt;button type="button" aria-label="" class="swal2-confirm…&gt;OK&lt;/button&gt;
============================================================
Tip: Use "Set Browser Timeout" for increasing the timeout or double check your locator as the targeted element(s) couldn't be found.</msg>
<status status="FAIL" starttime="20230802 23:26:15.552" endtime="20230802 23:26:16.113"/>
</kw>
<status status="FAIL" starttime="20230802 23:26:15.550" endtime="20230802 23:26:16.113"/>
</kw>
<msg timestamp="20230802 23:26:16.115" level="INFO">${passed} = False</msg>
<status status="PASS" starttime="20230802 23:26:15.549" endtime="20230802 23:26:16.115"/>
</kw>
<if>
<branch type="IF" condition="'${passed}' == 'True'">
<kw name="Click" library="Browser">
<arg>${element}</arg>
<tag>PageContent</tag>
<tag>Setter</tag>
<doc>Simulates mouse click on the element found by ``selector``.</doc>
<status status="NOT RUN" starttime="20230802 23:26:16.117" endtime="20230802 23:26:16.118"/>
</kw>
<status status="NOT RUN" starttime="20230802 23:26:16.117" endtime="20230802 23:26:16.118"/>
</branch>
<status status="PASS" starttime="20230802 23:26:16.116" endtime="20230802 23:26:16.119"/>
</if>
<kw name="Wait Until Element Is Not Exist" library="common">
<arg>${element}</arg>
<kw name="Wait For Elements State" library="Browser">
<arg>${locator}</arg>
<arg>detached</arg>
<arg>${timeout}</arg>
<arg>${message}</arg>
<tag>PageContent</tag>
<tag>Wait</tag>
<doc>Waits for the element found by ``selector`` to satisfy state option.</doc>
<msg timestamp="20230802 23:26:19.240" level="INFO">Waited for Element with selector xpath=//*[contains(@class, "swal2-confirm")] at state detached</msg>
<status status="PASS" starttime="20230802 23:26:16.122" endtime="20230802 23:26:19.240"/>
</kw>
<status status="PASS" starttime="20230802 23:26:16.120" endtime="20230802 23:26:19.241"/>
</kw>
<status status="PASS" starttime="20230802 23:26:15.100" endtime="20230802 23:26:19.241"/>
</kw>
<status status="PASS" starttime="20230802 23:26:11.582" endtime="20230802 23:26:19.242"/>
</kw>
<kw name="And Click &quot;Quản lý người dùng&quot; menu" library="common" sourcename="Click &quot;${text}&quot; menu">
<kw name="Click" library="Browser">
<arg>xpath=//span[contains(text(),'${text}')]</arg>
<tag>PageContent</tag>
<tag>Setter</tag>
<doc>Simulates mouse click on the element found by ``selector``.</doc>
<status status="PASS" starttime="20230802 23:26:19.244" endtime="20230802 23:26:19.808"/>
</kw>
<kw name="Wait Until Element Spin" library="common">
<kw name="Set Variable" library="BuiltIn">
<var>${element}</var>
<arg>xpath=//*[contains(@class, "ant-spin-spinning")]</arg>
<doc>Returns the given values which can then be assigned to a variables.</doc>
<msg timestamp="20230802 23:26:19.817" level="INFO">${element} = xpath=//*[contains(@class, "ant-spin-spinning")]</msg>
<status status="PASS" starttime="20230802 23:26:19.814" endtime="20230802 23:26:19.817"/>
</kw>
<kw name="Get Element Count" library="Browser">
<var>${count}</var>
<arg>${element}</arg>
<tag>Assertion</tag>
<tag>Getter</tag>
<tag>PageContent</tag>
<doc>Returns the count of elements found with ``selector``.</doc>
<msg timestamp="20230802 23:26:19.879" level="INFO">${count} = 1</msg>
<status status="PASS" starttime="20230802 23:26:19.817" endtime="20230802 23:26:19.879"/>
</kw>
<if>
<branch type="IF" condition="${count} &gt; 0">
<kw name="Wait Until Element Is Not Exist" library="common">
<arg>${element}</arg>
<kw name="Wait For Elements State" library="Browser">
<arg>${locator}</arg>
<arg>detached</arg>
<arg>${timeout}</arg>
<arg>${message}</arg>
<tag>PageContent</tag>
<tag>Wait</tag>
<doc>Waits for the element found by ``selector`` to satisfy state option.</doc>
<msg timestamp="20230802 23:26:20.809" level="INFO">Waited for Element with selector xpath=//*[contains(@class, "ant-spin-spinning")] at state detached</msg>
<status status="PASS" starttime="20230802 23:26:19.885" endtime="20230802 23:26:20.809"/>
</kw>
<status status="PASS" starttime="20230802 23:26:19.882" endtime="20230802 23:26:20.809"/>
</kw>
<status status="PASS" starttime="20230802 23:26:19.881" endtime="20230802 23:26:20.809"/>
</branch>
<status status="PASS" starttime="20230802 23:26:19.881" endtime="20230802 23:26:20.809"/>
</if>
<status status="PASS" starttime="20230802 23:26:19.808" endtime="20230802 23:26:20.809"/>
</kw>
<status status="PASS" starttime="20230802 23:26:19.243" endtime="20230802 23:26:20.809"/>
</kw>
<kw name="Then Show list of &quot;users&quot;" library="common" sourcename="Show list of &quot;${name}&quot;">
<kw name="Log To Console" library="BuiltIn">
<arg>****************Danh sách Người Dùng****************</arg>
<doc>Logs the given message to the console.</doc>
<status status="PASS" starttime="20230802 23:26:20.814" endtime="20230802 23:26:20.814"/>
</kw>
<kw name="Wait Until Element Spin" library="common">
<kw name="Set Variable" library="BuiltIn">
<var>${element}</var>
<arg>xpath=//*[contains(@class, "ant-spin-spinning")]</arg>
<doc>Returns the given values which can then be assigned to a variables.</doc>
<msg timestamp="20230802 23:26:20.816" level="INFO">${element} = xpath=//*[contains(@class, "ant-spin-spinning")]</msg>
<status status="PASS" starttime="20230802 23:26:20.816" endtime="20230802 23:26:20.816"/>
</kw>
<kw name="Get Element Count" library="Browser">
<var>${count}</var>
<arg>${element}</arg>
<tag>Assertion</tag>
<tag>Getter</tag>
<tag>PageContent</tag>
<doc>Returns the count of elements found with ``selector``.</doc>
<msg timestamp="20230802 23:26:21.029" level="INFO">${count} = 1</msg>
<status status="PASS" starttime="20230802 23:26:20.816" endtime="20230802 23:26:21.031"/>
</kw>
<if>
<branch type="IF" condition="${count} &gt; 0">
<kw name="Wait Until Element Is Not Exist" library="common">
<arg>${element}</arg>
<kw name="Wait For Elements State" library="Browser">
<arg>${locator}</arg>
<arg>detached</arg>
<arg>${timeout}</arg>
<arg>${message}</arg>
<tag>PageContent</tag>
<tag>Wait</tag>
<doc>Waits for the element found by ``selector`` to satisfy state option.</doc>
<msg timestamp="20230802 23:26:21.150" level="INFO">Waited for Element with selector xpath=//*[contains(@class, "ant-spin-spinning")] at state detached</msg>
<status status="PASS" starttime="20230802 23:26:21.034" endtime="20230802 23:26:21.150"/>
</kw>
<status status="PASS" starttime="20230802 23:26:21.032" endtime="20230802 23:26:21.151"/>
</kw>
<status status="PASS" starttime="20230802 23:26:21.031" endtime="20230802 23:26:21.151"/>
</branch>
<status status="PASS" starttime="20230802 23:26:21.031" endtime="20230802 23:26:21.151"/>
</if>
<status status="PASS" starttime="20230802 23:26:20.814" endtime="20230802 23:26:21.152"/>
</kw>
<kw name="Get Elements" library="Browser">
<var>${elements}</var>
<arg>xpath=//*[contains(@class, "ant-table-row")]</arg>
<tag>Getter</tag>
<tag>PageContent</tag>
<doc>Returns a reference to Playwright [https://playwright.dev/docs/api/class-locator|Locator]
for all matched elements by ``selector``.</doc>
<msg timestamp="20230802 23:26:21.191" level="INFO">Found 10 Locators successfully.</msg>
<msg timestamp="20230802 23:26:21.191" level="INFO">${elements} = ['element=23e00f3a-5aeb-4fab-bd54-97a60ce572a2', 'element=fa872f11-73f3-41ce-9b7a-19c0757f9f21', 'element=24ae0f68-43fc-4c6f-bf5d-cdb2fb90e04e', 'element=8cdf091d-76a6-423f-8d43-b75618aa93de', 'elemen...</msg>
<status status="PASS" starttime="20230802 23:26:21.153" endtime="20230802 23:26:21.191"/>
</kw>
<kw name="Set Variable" library="BuiltIn">
<var>${count}</var>
<arg>2</arg>
<doc>Returns the given values which can then be assigned to a variables.</doc>
<msg timestamp="20230802 23:26:21.191" level="INFO">${count} = 2</msg>
<status status="PASS" starttime="20230802 23:26:21.191" endtime="20230802 23:26:21.191"/>
</kw>
<kw name="Set Variable" library="BuiltIn">
<var>${stt}</var>
<arg>1</arg>
<doc>Returns the given values which can then be assigned to a variables.</doc>
<msg timestamp="20230802 23:26:21.191" level="INFO">${stt} = 1</msg>
<status status="PASS" starttime="20230802 23:26:21.191" endtime="20230802 23:26:21.191"/>
</kw>
<if>
<branch type="IF" condition="'${name}' == 'users'">
<for flavor="IN">
<var>${i}</var>
<value>@{elements}</value>
<iter>
<var name="${i}">element=23e00f3a-5aeb-4fab-bd54-97a60ce572a2</var>
<kw name="Get Text" library="Browser">
<var>${user_code}</var>
<arg>//tbody/tr[${count}]/td[1]</arg>
<tag>Assertion</tag>
<tag>Getter</tag>
<tag>PageContent</tag>
<doc>Returns text attribute of the element found by ``selector``.</doc>
<msg timestamp="20230802 23:26:21.228" level="INFO">Text: 'USR1403'</msg>
<msg timestamp="20230802 23:26:21.228" level="INFO">${user_code} = USR1403</msg>
<status status="PASS" starttime="20230802 23:26:21.195" endtime="20230802 23:26:21.228"/>
</kw>
<kw name="Get Text" library="Browser">
<var>${fullname}</var>
<arg>//tbody/tr[${count}]/td[2]</arg>
<tag>Assertion</tag>
<tag>Getter</tag>
<tag>PageContent</tag>
<doc>Returns text attribute of the element found by ``selector``.</doc>
<msg timestamp="20230802 23:26:21.264" level="INFO">Text: 'Heer Swaminathan'</msg>
<msg timestamp="20230802 23:26:21.264" level="INFO">${fullname} = Heer Swaminathan</msg>
<status status="PASS" starttime="20230802 23:26:21.228" endtime="20230802 23:26:21.264"/>
</kw>
<kw name="Get Text" library="Browser">
<var>${email}</var>
<arg>//tbody/tr[${count}]/td[3]</arg>
<tag>Assertion</tag>
<tag>Getter</tag>
<tag>PageContent</tag>
<doc>Returns text attribute of the element found by ``selector``.</doc>
<msg timestamp="20230802 23:26:21.299" level="INFO">Text: 'taimurshan@example.com'</msg>
<msg timestamp="20230802 23:26:21.304" level="INFO">${email} = taimurshan@example.com</msg>
<status status="PASS" starttime="20230802 23:26:21.264" endtime="20230802 23:26:21.304"/>
</kw>
<kw name="Get Text" library="Browser">
<var>${phone}</var>
<arg>//tbody/tr[${count}]/td[4]</arg>
<tag>Assertion</tag>
<tag>Getter</tag>
<tag>PageContent</tag>
<doc>Returns text attribute of the element found by ``selector``.</doc>
<msg timestamp="20230802 23:26:21.334" level="INFO">Text: '596625024377'</msg>
<msg timestamp="20230802 23:26:21.334" level="INFO">${phone} = 596625024377</msg>
<status status="PASS" starttime="20230802 23:26:21.304" endtime="20230802 23:26:21.334"/>
</kw>
<kw name="Get Text" library="Browser">
<var>${role}</var>
<arg>//tbody/tr[${count}]/td[5]</arg>
<tag>Assertion</tag>
<tag>Getter</tag>
<tag>PageContent</tag>
<doc>Returns text attribute of the element found by ``selector``.</doc>
<msg timestamp="20230802 23:26:21.392" level="INFO">Text: 'Quản trị viên'</msg>
<msg timestamp="20230802 23:26:21.392" level="INFO">${role} = Quản trị viên</msg>
<status status="PASS" starttime="20230802 23:26:21.334" endtime="20230802 23:26:21.392"/>
</kw>
<kw name="Log To Console" library="BuiltIn">
<arg>${stt}. Mã người dùng: ${user_code} | Họ và tên: ${fullname} | Email: ${email} | Số điện thoại: ${phone} | Vai trò: ${role}</arg>
<doc>Logs the given message to the console.</doc>
<status status="PASS" starttime="20230802 23:26:21.393" endtime="20230802 23:26:21.394"/>
</kw>
<kw name="Log To Console" library="BuiltIn">
<arg>============================================================================================================================================</arg>
<doc>Logs the given message to the console.</doc>
<status status="PASS" starttime="20230802 23:26:21.396" endtime="20230802 23:26:21.397"/>
</kw>
<kw name="Evaluate" library="BuiltIn">
<var>${count}</var>
<arg>${count} + 1</arg>
<doc>Evaluates the given expression in Python and returns the result.</doc>
<msg timestamp="20230802 23:26:21.397" level="INFO">${count} = 3</msg>
<status status="PASS" starttime="20230802 23:26:21.397" endtime="20230802 23:26:21.399"/>
</kw>
<kw name="Evaluate" library="BuiltIn">
<var>${stt}</var>
<arg>${stt} + 1</arg>
<doc>Evaluates the given expression in Python and returns the result.</doc>
<msg timestamp="20230802 23:26:21.400" level="INFO">${stt} = 2</msg>
<status status="PASS" starttime="20230802 23:26:21.399" endtime="20230802 23:26:21.400"/>
</kw>
<status status="PASS" starttime="20230802 23:26:21.195" endtime="20230802 23:26:21.400"/>
</iter>
<iter>
<var name="${i}">element=fa872f11-73f3-41ce-9b7a-19c0757f9f21</var>
<kw name="Get Text" library="Browser">
<var>${user_code}</var>
<arg>//tbody/tr[${count}]/td[1]</arg>
<tag>Assertion</tag>
<tag>Getter</tag>
<tag>PageContent</tag>
<doc>Returns text attribute of the element found by ``selector``.</doc>
<msg timestamp="20230802 23:26:21.497" level="INFO">Text: 'USR1402'</msg>
<msg timestamp="20230802 23:26:21.497" level="INFO">${user_code} = USR1402</msg>
<status status="PASS" starttime="20230802 23:26:21.401" endtime="20230802 23:26:21.497"/>
</kw>
<kw name="Get Text" library="Browser">
<var>${fullname}</var>
<arg>//tbody/tr[${count}]/td[2]</arg>
<tag>Assertion</tag>
<tag>Getter</tag>
<tag>PageContent</tag>
<doc>Returns text attribute of the element found by ``selector``.</doc>
<msg timestamp="20230802 23:26:21.529" level="INFO">Text: 'Mehul Bhatnagar'</msg>
<msg timestamp="20230802 23:26:21.529" level="INFO">${fullname} = Mehul Bhatnagar</msg>
<status status="PASS" starttime="20230802 23:26:21.497" endtime="20230802 23:26:21.529"/>
</kw>
<kw name="Get Text" library="Browser">
<var>${email}</var>
<arg>//tbody/tr[${count}]/td[3]</arg>
<tag>Assertion</tag>
<tag>Getter</tag>
<tag>PageContent</tag>
<doc>Returns text attribute of the element found by ``selector``.</doc>
<msg timestamp="20230802 23:26:21.561" level="INFO">Text: 'duberohan@example.net'</msg>
<msg timestamp="20230802 23:26:21.561" level="INFO">${email} = duberohan@example.net</msg>
<status status="PASS" starttime="20230802 23:26:21.529" endtime="20230802 23:26:21.561"/>
</kw>
<kw name="Get Text" library="Browser">
<var>${phone}</var>
<arg>//tbody/tr[${count}]/td[4]</arg>
<tag>Assertion</tag>
<tag>Getter</tag>
<tag>PageContent</tag>
<doc>Returns text attribute of the element found by ``selector``.</doc>
<msg timestamp="20230802 23:26:21.594" level="INFO">Text: '231113593248'</msg>
<msg timestamp="20230802 23:26:21.594" level="INFO">${phone} = 231113593248</msg>
<status status="PASS" starttime="20230802 23:26:21.565" endtime="20230802 23:26:21.594"/>
</kw>
<kw name="Get Text" library="Browser">
<var>${role}</var>
<arg>//tbody/tr[${count}]/td[5]</arg>
<tag>Assertion</tag>
<tag>Getter</tag>
<tag>PageContent</tag>
<doc>Returns text attribute of the element found by ``selector``.</doc>
<msg timestamp="20230802 23:26:21.624" level="INFO">Text: 'Quản trị viên'</msg>
<msg timestamp="20230802 23:26:21.624" level="INFO">${role} = Quản trị viên</msg>
<status status="PASS" starttime="20230802 23:26:21.594" endtime="20230802 23:26:21.624"/>
</kw>
<kw name="Log To Console" library="BuiltIn">
<arg>${stt}. Mã người dùng: ${user_code} | Họ và tên: ${fullname} | Email: ${email} | Số điện thoại: ${phone} | Vai trò: ${role}</arg>
<doc>Logs the given message to the console.</doc>
<status status="PASS" starttime="20230802 23:26:21.624" endtime="20230802 23:26:21.624"/>
</kw>
<kw name="Log To Console" library="BuiltIn">
<arg>============================================================================================================================================</arg>
<doc>Logs the given message to the console.</doc>
<status status="PASS" starttime="20230802 23:26:21.624" endtime="20230802 23:26:21.628"/>
</kw>
<kw name="Evaluate" library="BuiltIn">
<var>${count}</var>
<arg>${count} + 1</arg>
<doc>Evaluates the given expression in Python and returns the result.</doc>
<msg timestamp="20230802 23:26:21.629" level="INFO">${count} = 4</msg>
<status status="PASS" starttime="20230802 23:26:21.628" endtime="20230802 23:26:21.629"/>
</kw>
<kw name="Evaluate" library="BuiltIn">
<var>${stt}</var>
<arg>${stt} + 1</arg>
<doc>Evaluates the given expression in Python and returns the result.</doc>
<msg timestamp="20230802 23:26:21.631" level="INFO">${stt} = 3</msg>
<status status="PASS" starttime="20230802 23:26:21.630" endtime="20230802 23:26:21.631"/>
</kw>
<status status="PASS" starttime="20230802 23:26:21.401" endtime="20230802 23:26:21.632"/>
</iter>
<iter>
<var name="${i}">element=24ae0f68-43fc-4c6f-bf5d-cdb2fb90e04e</var>
<kw name="Get Text" library="Browser">
<var>${user_code}</var>
<arg>//tbody/tr[${count}]/td[1]</arg>
<tag>Assertion</tag>
<tag>Getter</tag>
<tag>PageContent</tag>
<doc>Returns text attribute of the element found by ``selector``.</doc>
<msg timestamp="20230802 23:26:21.668" level="INFO">Text: 'USR1401'</msg>
<msg timestamp="20230802 23:26:21.668" level="INFO">${user_code} = USR1401</msg>
<status status="PASS" starttime="20230802 23:26:21.633" endtime="20230802 23:26:21.668"/>
</kw>
<kw name="Get Text" library="Browser">
<var>${fullname}</var>
<arg>//tbody/tr[${count}]/td[2]</arg>
<tag>Assertion</tag>
<tag>Getter</tag>
<tag>PageContent</tag>
<doc>Returns text attribute of the element found by ``selector``.</doc>
<msg timestamp="20230802 23:26:21.737" level="INFO">Text: 'Aradhya Ramakrishnan'</msg>
<msg timestamp="20230802 23:26:21.738" level="INFO">${fullname} = Aradhya Ramakrishnan</msg>
<status status="PASS" starttime="20230802 23:26:21.669" endtime="20230802 23:26:21.738"/>
</kw>
<kw name="Get Text" library="Browser">
<var>${email}</var>
<arg>//tbody/tr[${count}]/td[3]</arg>
<tag>Assertion</tag>
<tag>Getter</tag>
<tag>PageContent</tag>
<doc>Returns text attribute of the element found by ``selector``.</doc>
<msg timestamp="20230802 23:26:21.774" level="INFO">Text: 'dkata@example.org'</msg>
<msg timestamp="20230802 23:26:21.775" level="INFO">${email} = dkata@example.org</msg>
<status status="PASS" starttime="20230802 23:26:21.739" endtime="20230802 23:26:21.775"/>
</kw>
<kw name="Get Text" library="Browser">
<var>${phone}</var>
<arg>//tbody/tr[${count}]/td[4]</arg>
<tag>Assertion</tag>
<tag>Getter</tag>
<tag>PageContent</tag>
<doc>Returns text attribute of the element found by ``selector``.</doc>
<msg timestamp="20230802 23:26:21.835" level="INFO">Text: '884564292865'</msg>
<msg timestamp="20230802 23:26:21.835" level="INFO">${phone} = 884564292865</msg>
<status status="PASS" starttime="20230802 23:26:21.775" endtime="20230802 23:26:21.835"/>
</kw>
<kw name="Get Text" library="Browser">
<var>${role}</var>
<arg>//tbody/tr[${count}]/td[5]</arg>
<tag>Assertion</tag>
<tag>Getter</tag>
<tag>PageContent</tag>
<doc>Returns text attribute of the element found by ``selector``.</doc>
<msg timestamp="20230802 23:26:21.864" level="INFO">Text: 'Quản trị viên'</msg>
<msg timestamp="20230802 23:26:21.864" level="INFO">${role} = Quản trị viên</msg>
<status status="PASS" starttime="20230802 23:26:21.836" endtime="20230802 23:26:21.864"/>
</kw>
<kw name="Log To Console" library="BuiltIn">
<arg>${stt}. Mã người dùng: ${user_code} | Họ và tên: ${fullname} | Email: ${email} | Số điện thoại: ${phone} | Vai trò: ${role}</arg>
<doc>Logs the given message to the console.</doc>
<status status="PASS" starttime="20230802 23:26:21.864" endtime="20230802 23:26:21.864"/>
</kw>
<kw name="Log To Console" library="BuiltIn">
<arg>============================================================================================================================================</arg>
<doc>Logs the given message to the console.</doc>
<status status="PASS" starttime="20230802 23:26:21.864" endtime="20230802 23:26:21.869"/>
</kw>
<kw name="Evaluate" library="BuiltIn">
<var>${count}</var>
<arg>${count} + 1</arg>
<doc>Evaluates the given expression in Python and returns the result.</doc>
<msg timestamp="20230802 23:26:21.870" level="INFO">${count} = 5</msg>
<status status="PASS" starttime="20230802 23:26:21.869" endtime="20230802 23:26:21.870"/>
</kw>
<kw name="Evaluate" library="BuiltIn">
<var>${stt}</var>
<arg>${stt} + 1</arg>
<doc>Evaluates the given expression in Python and returns the result.</doc>
<msg timestamp="20230802 23:26:21.872" level="INFO">${stt} = 4</msg>
<status status="PASS" starttime="20230802 23:26:21.871" endtime="20230802 23:26:21.872"/>
</kw>
<status status="PASS" starttime="20230802 23:26:21.632" endtime="20230802 23:26:21.873"/>
</iter>
<iter>
<var name="${i}">element=8cdf091d-76a6-423f-8d43-b75618aa93de</var>
<kw name="Get Text" library="Browser">
<var>${user_code}</var>
<arg>//tbody/tr[${count}]/td[1]</arg>
<tag>Assertion</tag>
<tag>Getter</tag>
<tag>PageContent</tag>
<doc>Returns text attribute of the element found by ``selector``.</doc>
<msg timestamp="20230802 23:26:21.916" level="INFO">Text: 'USR0047'</msg>
<msg timestamp="20230802 23:26:21.916" level="INFO">${user_code} = USR0047</msg>
<status status="PASS" starttime="20230802 23:26:21.877" endtime="20230802 23:26:21.916"/>
</kw>
<kw name="Get Text" library="Browser">
<var>${fullname}</var>
<arg>//tbody/tr[${count}]/td[2]</arg>
<tag>Assertion</tag>
<tag>Getter</tag>
<tag>PageContent</tag>
<doc>Returns text attribute of the element found by ``selector``.</doc>
<msg timestamp="20230802 23:26:21.950" level="INFO">Text: 'Admin'</msg>
<msg timestamp="20230802 23:26:21.950" level="INFO">${fullname} = Admin</msg>
<status status="PASS" starttime="20230802 23:26:21.917" endtime="20230802 23:26:21.950"/>
</kw>
<kw name="Get Text" library="Browser">
<var>${email}</var>
<arg>//tbody/tr[${count}]/td[3]</arg>
<tag>Assertion</tag>
<tag>Getter</tag>
<tag>PageContent</tag>
<doc>Returns text attribute of the element found by ``selector``.</doc>
<msg timestamp="20230802 23:26:21.974" level="INFO">Text: 'admin_balan@getnada.com'</msg>
<msg timestamp="20230802 23:26:21.974" level="INFO">${email} = admin_balan@getnada.com</msg>
<status status="PASS" starttime="20230802 23:26:21.951" endtime="20230802 23:26:21.979"/>
</kw>
<kw name="Get Text" library="Browser">
<var>${phone}</var>
<arg>//tbody/tr[${count}]/td[4]</arg>
<tag>Assertion</tag>
<tag>Getter</tag>
<tag>PageContent</tag>
<doc>Returns text attribute of the element found by ``selector``.</doc>
<msg timestamp="20230802 23:26:22.004" level="INFO">Text: '978742782944'</msg>
<msg timestamp="20230802 23:26:22.004" level="INFO">${phone} = 978742782944</msg>
<status status="PASS" starttime="20230802 23:26:21.979" endtime="20230802 23:26:22.004"/>
</kw>
<kw name="Get Text" library="Browser">
<var>${role}</var>
<arg>//tbody/tr[${count}]/td[5]</arg>
<tag>Assertion</tag>
<tag>Getter</tag>
<tag>PageContent</tag>
<doc>Returns text attribute of the element found by ``selector``.</doc>
<msg timestamp="20230802 23:26:22.035" level="INFO">Text: 'Quản trị viên'</msg>
<msg timestamp="20230802 23:26:22.035" level="INFO">${role} = Quản trị viên</msg>
<status status="PASS" starttime="20230802 23:26:22.004" endtime="20230802 23:26:22.035"/>
</kw>
<kw name="Log To Console" library="BuiltIn">
<arg>${stt}. Mã người dùng: ${user_code} | Họ và tên: ${fullname} | Email: ${email} | Số điện thoại: ${phone} | Vai trò: ${role}</arg>
<doc>Logs the given message to the console.</doc>
<status status="PASS" starttime="20230802 23:26:22.035" endtime="20230802 23:26:22.035"/>
</kw>
<kw name="Log To Console" library="BuiltIn">
<arg>============================================================================================================================================</arg>
<doc>Logs the given message to the console.</doc>
<status status="PASS" starttime="20230802 23:26:22.035" endtime="20230802 23:26:22.042"/>
</kw>
<kw name="Evaluate" library="BuiltIn">
<var>${count}</var>
<arg>${count} + 1</arg>
<doc>Evaluates the given expression in Python and returns the result.</doc>
<msg timestamp="20230802 23:26:22.049" level="INFO">${count} = 6</msg>
<status status="PASS" starttime="20230802 23:26:22.043" endtime="20230802 23:26:22.049"/>
</kw>
<kw name="Evaluate" library="BuiltIn">
<var>${stt}</var>
<arg>${stt} + 1</arg>
<doc>Evaluates the given expression in Python and returns the result.</doc>
<msg timestamp="20230802 23:26:22.051" level="INFO">${stt} = 5</msg>
<status status="PASS" starttime="20230802 23:26:22.050" endtime="20230802 23:26:22.051"/>
</kw>
<status status="PASS" starttime="20230802 23:26:21.873" endtime="20230802 23:26:22.051"/>
</iter>
<iter>
<var name="${i}">element=4093938a-dda1-46a5-af36-1cfe5fec5252</var>
<kw name="Get Text" library="Browser">
<var>${user_code}</var>
<arg>//tbody/tr[${count}]/td[1]</arg>
<tag>Assertion</tag>
<tag>Getter</tag>
<tag>PageContent</tag>
<doc>Returns text attribute of the element found by ``selector``.</doc>
<msg timestamp="20230802 23:26:22.093" level="INFO">Text: 'USR1324'</msg>
<msg timestamp="20230802 23:26:22.094" level="INFO">${user_code} = USR1324</msg>
<status status="PASS" starttime="20230802 23:26:22.052" endtime="20230802 23:26:22.094"/>
</kw>
<kw name="Get Text" library="Browser">
<var>${fullname}</var>
<arg>//tbody/tr[${count}]/td[2]</arg>
<tag>Assertion</tag>
<tag>Getter</tag>
<tag>PageContent</tag>
<doc>Returns text attribute of the element found by ``selector``.</doc>
<msg timestamp="20230802 23:26:22.131" level="INFO">Text: 'Nguyễn Thị Lan Anh'</msg>
<msg timestamp="20230802 23:26:22.131" level="INFO">${fullname} = Nguyễn Thị Lan Anh</msg>
<status status="PASS" starttime="20230802 23:26:22.094" endtime="20230802 23:26:22.132"/>
</kw>
<kw name="Get Text" library="Browser">
<var>${email}</var>
<arg>//tbody/tr[${count}]/td[3]</arg>
<tag>Assertion</tag>
<tag>Getter</tag>
<tag>PageContent</tag>
<doc>Returns text attribute of the element found by ``selector``.</doc>
<msg timestamp="20230802 23:26:22.160" level="INFO">Text: '21211ttt4375@mail.tdc.edu.vn'</msg>
<msg timestamp="20230802 23:26:22.161" level="INFO">${email} = 21211ttt4375@mail.tdc.edu.vn</msg>
<status status="PASS" starttime="20230802 23:26:22.132" endtime="20230802 23:26:22.161"/>
</kw>
<kw name="Get Text" library="Browser">
<var>${phone}</var>
<arg>//tbody/tr[${count}]/td[4]</arg>
<tag>Assertion</tag>
<tag>Getter</tag>
<tag>PageContent</tag>
<doc>Returns text attribute of the element found by ``selector``.</doc>
<msg timestamp="20230802 23:26:22.184" level="INFO">Text: '0335745994'</msg>
<msg timestamp="20230802 23:26:22.189" level="INFO">${phone} = 0335745994</msg>
<status status="PASS" starttime="20230802 23:26:22.161" endtime="20230802 23:26:22.189"/>
</kw>
<kw name="Get Text" library="Browser">
<var>${role}</var>
<arg>//tbody/tr[${count}]/td[5]</arg>
<tag>Assertion</tag>
<tag>Getter</tag>
<tag>PageContent</tag>
<doc>Returns text attribute of the element found by ``selector``.</doc>
<msg timestamp="20230802 23:26:22.220" level="INFO">Text: 'Đại diện cửa hàng'</msg>
<msg timestamp="20230802 23:26:22.220" level="INFO">${role} = Đại diện cửa hàng</msg>
<status status="PASS" starttime="20230802 23:26:22.189" endtime="20230802 23:26:22.220"/>
</kw>
<kw name="Log To Console" library="BuiltIn">
<arg>${stt}. Mã người dùng: ${user_code} | Họ và tên: ${fullname} | Email: ${email} | Số điện thoại: ${phone} | Vai trò: ${role}</arg>
<doc>Logs the given message to the console.</doc>
<status status="PASS" starttime="20230802 23:26:22.220" endtime="20230802 23:26:22.220"/>
</kw>
<kw name="Log To Console" library="BuiltIn">
<arg>============================================================================================================================================</arg>
<doc>Logs the given message to the console.</doc>
<status status="PASS" starttime="20230802 23:26:22.225" endtime="20230802 23:26:22.225"/>
</kw>
<kw name="Evaluate" library="BuiltIn">
<var>${count}</var>
<arg>${count} + 1</arg>
<doc>Evaluates the given expression in Python and returns the result.</doc>
<msg timestamp="20230802 23:26:22.226" level="INFO">${count} = 7</msg>
<status status="PASS" starttime="20230802 23:26:22.226" endtime="20230802 23:26:22.227"/>
</kw>
<kw name="Evaluate" library="BuiltIn">
<var>${stt}</var>
<arg>${stt} + 1</arg>
<doc>Evaluates the given expression in Python and returns the result.</doc>
<msg timestamp="20230802 23:26:22.228" level="INFO">${stt} = 6</msg>
<status status="PASS" starttime="20230802 23:26:22.227" endtime="20230802 23:26:22.228"/>
</kw>
<status status="PASS" starttime="20230802 23:26:22.051" endtime="20230802 23:26:22.229"/>
</iter>
<iter>
<var name="${i}">element=47358970-f4e1-4d8d-91b2-2b091532db59</var>
<kw name="Get Text" library="Browser">
<var>${user_code}</var>
<arg>//tbody/tr[${count}]/td[1]</arg>
<tag>Assertion</tag>
<tag>Getter</tag>
<tag>PageContent</tag>
<doc>Returns text attribute of the element found by ``selector``.</doc>
<msg timestamp="20230802 23:26:22.266" level="INFO">Text: 'USR1323'</msg>
<msg timestamp="20230802 23:26:22.266" level="INFO">${user_code} = USR1323</msg>
<status status="PASS" starttime="20230802 23:26:22.230" endtime="20230802 23:26:22.266"/>
</kw>
<kw name="Get Text" library="Browser">
<var>${fullname}</var>
<arg>//tbody/tr[${count}]/td[2]</arg>
<tag>Assertion</tag>
<tag>Getter</tag>
<tag>PageContent</tag>
<doc>Returns text attribute of the element found by ``selector``.</doc>
<msg timestamp="20230802 23:26:22.316" level="INFO">Text: 'Nguyễn Thị Lan Anh'</msg>
<msg timestamp="20230802 23:26:22.316" level="INFO">${fullname} = Nguyễn Thị Lan Anh</msg>
<status status="PASS" starttime="20230802 23:26:22.267" endtime="20230802 23:26:22.316"/>
</kw>
<kw name="Get Text" library="Browser">
<var>${email}</var>
<arg>//tbody/tr[${count}]/td[3]</arg>
<tag>Assertion</tag>
<tag>Getter</tag>
<tag>PageContent</tag>
<doc>Returns text attribute of the element found by ``selector``.</doc>
<msg timestamp="20230802 23:26:22.352" level="INFO">Text: 'lananh8032003@gmail.com'</msg>
<msg timestamp="20230802 23:26:22.352" level="INFO">${email} = lananh8032003@gmail.com</msg>
<status status="PASS" starttime="20230802 23:26:22.317" endtime="20230802 23:26:22.352"/>
</kw>
<kw name="Get Text" library="Browser">
<var>${phone}</var>
<arg>//tbody/tr[${count}]/td[4]</arg>
<tag>Assertion</tag>
<tag>Getter</tag>
<tag>PageContent</tag>
<doc>Returns text attribute of the element found by ``selector``.</doc>
<msg timestamp="20230802 23:26:22.379" level="INFO">Text: '0335745999'</msg>
<msg timestamp="20230802 23:26:22.379" level="INFO">${phone} = 0335745999</msg>
<status status="PASS" starttime="20230802 23:26:22.353" endtime="20230802 23:26:22.379"/>
</kw>
<kw name="Get Text" library="Browser">
<var>${role}</var>
<arg>//tbody/tr[${count}]/td[5]</arg>
<tag>Assertion</tag>
<tag>Getter</tag>
<tag>PageContent</tag>
<doc>Returns text attribute of the element found by ``selector``.</doc>
<msg timestamp="20230802 23:26:22.409" level="INFO">Text: 'Đại diện NCC'</msg>
<msg timestamp="20230802 23:26:22.409" level="INFO">${role} = Đại diện NCC</msg>
<status status="PASS" starttime="20230802 23:26:22.379" endtime="20230802 23:26:22.409"/>
</kw>
<kw name="Log To Console" library="BuiltIn">
<arg>${stt}. Mã người dùng: ${user_code} | Họ và tên: ${fullname} | Email: ${email} | Số điện thoại: ${phone} | Vai trò: ${role}</arg>
<doc>Logs the given message to the console.</doc>
<status status="PASS" starttime="20230802 23:26:22.409" endtime="20230802 23:26:22.411"/>
</kw>
<kw name="Log To Console" library="BuiltIn">
<arg>============================================================================================================================================</arg>
<doc>Logs the given message to the console.</doc>
<status status="PASS" starttime="20230802 23:26:22.411" endtime="20230802 23:26:22.414"/>
</kw>
<kw name="Evaluate" library="BuiltIn">
<var>${count}</var>
<arg>${count} + 1</arg>
<doc>Evaluates the given expression in Python and returns the result.</doc>
<msg timestamp="20230802 23:26:22.416" level="INFO">${count} = 8</msg>
<status status="PASS" starttime="20230802 23:26:22.414" endtime="20230802 23:26:22.417"/>
</kw>
<kw name="Evaluate" library="BuiltIn">
<var>${stt}</var>
<arg>${stt} + 1</arg>
<doc>Evaluates the given expression in Python and returns the result.</doc>
<msg timestamp="20230802 23:26:22.419" level="INFO">${stt} = 7</msg>
<status status="PASS" starttime="20230802 23:26:22.417" endtime="20230802 23:26:22.419"/>
</kw>
<status status="PASS" starttime="20230802 23:26:22.229" endtime="20230802 23:26:22.419"/>
</iter>
<iter>
<var name="${i}">element=d778556c-133b-47b9-b24c-7a9331537ee5</var>
<kw name="Get Text" library="Browser">
<var>${user_code}</var>
<arg>//tbody/tr[${count}]/td[1]</arg>
<tag>Assertion</tag>
<tag>Getter</tag>
<tag>PageContent</tag>
<doc>Returns text attribute of the element found by ``selector``.</doc>
<msg timestamp="20230802 23:26:22.461" level="INFO">Text: 'USR0939'</msg>
<msg timestamp="20230802 23:26:22.461" level="INFO">${user_code} = USR0939</msg>
<status status="PASS" starttime="20230802 23:26:22.424" endtime="20230802 23:26:22.461"/>
</kw>
<kw name="Get Text" library="Browser">
<var>${fullname}</var>
<arg>//tbody/tr[${count}]/td[2]</arg>
<tag>Assertion</tag>
<tag>Getter</tag>
<tag>PageContent</tag>
<doc>Returns text attribute of the element found by ``selector``.</doc>
<msg timestamp="20230802 23:26:22.499" level="INFO">Text: 'Trần Mộng Lê'</msg>
<msg timestamp="20230802 23:26:22.499" level="INFO">${fullname} = Trần Mộng Lê</msg>
<status status="PASS" starttime="20230802 23:26:22.462" endtime="20230802 23:26:22.499"/>
</kw>
<kw name="Get Text" library="Browser">
<var>${email}</var>
<arg>//tbody/tr[${count}]/td[3]</arg>
<tag>Assertion</tag>
<tag>Getter</tag>
<tag>PageContent</tag>
<doc>Returns text attribute of the element found by ``selector``.</doc>
<msg timestamp="20230802 23:26:22.529" level="INFO">Text: 'nhacungungmongle@getnada.com'</msg>
<msg timestamp="20230802 23:26:22.529" level="INFO">${email} = nhacungungmongle@getnada.com</msg>
<status status="PASS" starttime="20230802 23:26:22.500" endtime="20230802 23:26:22.529"/>
</kw>
<kw name="Get Text" library="Browser">
<var>${phone}</var>
<arg>//tbody/tr[${count}]/td[4]</arg>
<tag>Assertion</tag>
<tag>Getter</tag>
<tag>PageContent</tag>
<doc>Returns text attribute of the element found by ``selector``.</doc>
<msg timestamp="20230802 23:26:22.559" level="INFO">Text: '0235252334'</msg>
<msg timestamp="20230802 23:26:22.559" level="INFO">${phone} = 0235252334</msg>
<status status="PASS" starttime="20230802 23:26:22.529" endtime="20230802 23:26:22.559"/>
</kw>
<kw name="Get Text" library="Browser">
<var>${role}</var>
<arg>//tbody/tr[${count}]/td[5]</arg>
<tag>Assertion</tag>
<tag>Getter</tag>
<tag>PageContent</tag>
<doc>Returns text attribute of the element found by ``selector``.</doc>
<msg timestamp="20230802 23:26:22.585" level="INFO">Text: 'Đại diện NCC'</msg>
<msg timestamp="20230802 23:26:22.585" level="INFO">${role} = Đại diện NCC</msg>
<status status="PASS" starttime="20230802 23:26:22.561" endtime="20230802 23:26:22.585"/>
</kw>
<kw name="Log To Console" library="BuiltIn">
<arg>${stt}. Mã người dùng: ${user_code} | Họ và tên: ${fullname} | Email: ${email} | Số điện thoại: ${phone} | Vai trò: ${role}</arg>
<doc>Logs the given message to the console.</doc>
<status status="PASS" starttime="20230802 23:26:22.585" endtime="20230802 23:26:22.590"/>
</kw>
<kw name="Log To Console" library="BuiltIn">
<arg>============================================================================================================================================</arg>
<doc>Logs the given message to the console.</doc>
<status status="PASS" starttime="20230802 23:26:22.590" endtime="20230802 23:26:22.592"/>
</kw>
<kw name="Evaluate" library="BuiltIn">
<var>${count}</var>
<arg>${count} + 1</arg>
<doc>Evaluates the given expression in Python and returns the result.</doc>
<msg timestamp="20230802 23:26:22.593" level="INFO">${count} = 9</msg>
<status status="PASS" starttime="20230802 23:26:22.592" endtime="20230802 23:26:22.593"/>
</kw>
<kw name="Evaluate" library="BuiltIn">
<var>${stt}</var>
<arg>${stt} + 1</arg>
<doc>Evaluates the given expression in Python and returns the result.</doc>
<msg timestamp="20230802 23:26:22.595" level="INFO">${stt} = 8</msg>
<status status="PASS" starttime="20230802 23:26:22.594" endtime="20230802 23:26:22.595"/>
</kw>
<status status="PASS" starttime="20230802 23:26:22.423" endtime="20230802 23:26:22.596"/>
</iter>
<iter>
<var name="${i}">element=2271d8d6-9ec4-4e46-8c54-908353d82d78</var>
<kw name="Get Text" library="Browser">
<var>${user_code}</var>
<arg>//tbody/tr[${count}]/td[1]</arg>
<tag>Assertion</tag>
<tag>Getter</tag>
<tag>PageContent</tag>
<doc>Returns text attribute of the element found by ``selector``.</doc>
<msg timestamp="20230802 23:26:22.631" level="INFO">Text: 'USR1332'</msg>
<msg timestamp="20230802 23:26:22.631" level="INFO">${user_code} = USR1332</msg>
<status status="PASS" starttime="20230802 23:26:22.596" endtime="20230802 23:26:22.631"/>
</kw>
<kw name="Get Text" library="Browser">
<var>${fullname}</var>
<arg>//tbody/tr[${count}]/td[2]</arg>
<tag>Assertion</tag>
<tag>Getter</tag>
<tag>PageContent</tag>
<doc>Returns text attribute of the element found by ``selector``.</doc>
<msg timestamp="20230802 23:26:22.678" level="INFO">Text: 'Trần Minh Tuấn'</msg>
<msg timestamp="20230802 23:26:22.678" level="INFO">${fullname} = Trần Minh Tuấn</msg>
<status status="PASS" starttime="20230802 23:26:22.633" endtime="20230802 23:26:22.679"/>
</kw>
<kw name="Get Text" library="Browser">
<var>${email}</var>
<arg>//tbody/tr[${count}]/td[3]</arg>
<tag>Assertion</tag>
<tag>Getter</tag>
<tag>PageContent</tag>
<doc>Returns text attribute of the element found by ``selector``.</doc>
<msg timestamp="20230802 23:26:22.718" level="INFO">Text: 'suppliertuan@gmail.com'</msg>
<msg timestamp="20230802 23:26:22.718" level="INFO">${email} = suppliertuan@gmail.com</msg>
<status status="PASS" starttime="20230802 23:26:22.679" endtime="20230802 23:26:22.718"/>
</kw>
<kw name="Get Text" library="Browser">
<var>${phone}</var>
<arg>//tbody/tr[${count}]/td[4]</arg>
<tag>Assertion</tag>
<tag>Getter</tag>
<tag>PageContent</tag>
<doc>Returns text attribute of the element found by ``selector``.</doc>
<msg timestamp="20230802 23:26:22.757" level="INFO">Text: '0359054541'</msg>
<msg timestamp="20230802 23:26:22.757" level="INFO">${phone} = 0359054541</msg>
<status status="PASS" starttime="20230802 23:26:22.719" endtime="20230802 23:26:22.757"/>
</kw>
<kw name="Get Text" library="Browser">
<var>${role}</var>
<arg>//tbody/tr[${count}]/td[5]</arg>
<tag>Assertion</tag>
<tag>Getter</tag>
<tag>PageContent</tag>
<doc>Returns text attribute of the element found by ``selector``.</doc>
<msg timestamp="20230802 23:26:22.789" level="INFO">Text: 'Đại diện NCC'</msg>
<msg timestamp="20230802 23:26:22.789" level="INFO">${role} = Đại diện NCC</msg>
<status status="PASS" starttime="20230802 23:26:22.758" endtime="20230802 23:26:22.789"/>
</kw>
<kw name="Log To Console" library="BuiltIn">
<arg>${stt}. Mã người dùng: ${user_code} | Họ và tên: ${fullname} | Email: ${email} | Số điện thoại: ${phone} | Vai trò: ${role}</arg>
<doc>Logs the given message to the console.</doc>
<status status="PASS" starttime="20230802 23:26:22.789" endtime="20230802 23:26:22.789"/>
</kw>
<kw name="Log To Console" library="BuiltIn">
<arg>============================================================================================================================================</arg>
<doc>Logs the given message to the console.</doc>
<status status="PASS" starttime="20230802 23:26:22.789" endtime="20230802 23:26:22.789"/>
</kw>
<kw name="Evaluate" library="BuiltIn">
<var>${count}</var>
<arg>${count} + 1</arg>
<doc>Evaluates the given expression in Python and returns the result.</doc>
<msg timestamp="20230802 23:26:22.794" level="INFO">${count} = 10</msg>
<status status="PASS" starttime="20230802 23:26:22.789" endtime="20230802 23:26:22.794"/>
</kw>
<kw name="Evaluate" library="BuiltIn">
<var>${stt}</var>
<arg>${stt} + 1</arg>
<doc>Evaluates the given expression in Python and returns the result.</doc>
<msg timestamp="20230802 23:26:22.796" level="INFO">${stt} = 9</msg>
<status status="PASS" starttime="20230802 23:26:22.796" endtime="20230802 23:26:22.796"/>
</kw>
<status status="PASS" starttime="20230802 23:26:22.596" endtime="20230802 23:26:22.797"/>
</iter>
<iter>
<var name="${i}">element=fb2be411-92d3-4eb0-ba25-e6b3e7027910</var>
<kw name="Get Text" library="Browser">
<var>${user_code}</var>
<arg>//tbody/tr[${count}]/td[1]</arg>
<tag>Assertion</tag>
<tag>Getter</tag>
<tag>PageContent</tag>
<doc>Returns text attribute of the element found by ``selector``.</doc>
<msg timestamp="20230802 23:26:22.833" level="INFO">Text: 'USR1399'</msg>
<msg timestamp="20230802 23:26:22.833" level="INFO">${user_code} = USR1399</msg>
<status status="PASS" starttime="20230802 23:26:22.798" endtime="20230802 23:26:22.834"/>
</kw>
<kw name="Get Text" library="Browser">
<var>${fullname}</var>
<arg>//tbody/tr[${count}]/td[2]</arg>
<tag>Assertion</tag>
<tag>Getter</tag>
<tag>PageContent</tag>
<doc>Returns text attribute of the element found by ``selector``.</doc>
<msg timestamp="20230802 23:26:22.881" level="INFO">Text: 'Mai'</msg>
<msg timestamp="20230802 23:26:22.882" level="INFO">${fullname} = Mai</msg>
<status status="PASS" starttime="20230802 23:26:22.835" endtime="20230802 23:26:22.882"/>
</kw>
<kw name="Get Text" library="Browser">
<var>${email}</var>
<arg>//tbody/tr[${count}]/td[3]</arg>
<tag>Assertion</tag>
<tag>Getter</tag>
<tag>PageContent</tag>
<doc>Returns text attribute of the element found by ``selector``.</doc>
<msg timestamp="20230802 23:26:22.919" level="INFO">Text: 'lannanh8032003@gmail.com'</msg>
<msg timestamp="20230802 23:26:22.919" level="INFO">${email} = lannanh8032003@gmail.com</msg>
<status status="PASS" starttime="20230802 23:26:22.882" endtime="20230802 23:26:22.919"/>
</kw>
<kw name="Get Text" library="Browser">
<var>${phone}</var>
<arg>//tbody/tr[${count}]/td[4]</arg>
<tag>Assertion</tag>
<tag>Getter</tag>
<tag>PageContent</tag>
<doc>Returns text attribute of the element found by ``selector``.</doc>
<msg timestamp="20230802 23:26:22.947" level="INFO">Text: '0337567992'</msg>
<msg timestamp="20230802 23:26:22.947" level="INFO">${phone} = 0337567992</msg>
<status status="PASS" starttime="20230802 23:26:22.920" endtime="20230802 23:26:22.947"/>
</kw>
<kw name="Get Text" library="Browser">
<var>${role}</var>
<arg>//tbody/tr[${count}]/td[5]</arg>
<tag>Assertion</tag>
<tag>Getter</tag>
<tag>PageContent</tag>
<doc>Returns text attribute of the element found by ``selector``.</doc>
<msg timestamp="20230802 23:26:22.975" level="INFO">Text: 'Đại diện cửa hàng'</msg>
<msg timestamp="20230802 23:26:22.978" level="INFO">${role} = Đại diện cửa hàng</msg>
<status status="PASS" starttime="20230802 23:26:22.947" endtime="20230802 23:26:22.978"/>
</kw>
<kw name="Log To Console" library="BuiltIn">
<arg>${stt}. Mã người dùng: ${user_code} | Họ và tên: ${fullname} | Email: ${email} | Số điện thoại: ${phone} | Vai trò: ${role}</arg>
<doc>Logs the given message to the console.</doc>
<status status="PASS" starttime="20230802 23:26:22.978" endtime="20230802 23:26:22.978"/>
</kw>
<kw name="Log To Console" library="BuiltIn">
<arg>============================================================================================================================================</arg>
<doc>Logs the given message to the console.</doc>
<status status="PASS" starttime="20230802 23:26:22.978" endtime="20230802 23:26:22.982"/>
</kw>
<kw name="Evaluate" library="BuiltIn">
<var>${count}</var>
<arg>${count} + 1</arg>
<doc>Evaluates the given expression in Python and returns the result.</doc>
<msg timestamp="20230802 23:26:22.983" level="INFO">${count} = 11</msg>
<status status="PASS" starttime="20230802 23:26:22.982" endtime="20230802 23:26:22.983"/>
</kw>
<kw name="Evaluate" library="BuiltIn">
<var>${stt}</var>
<arg>${stt} + 1</arg>
<doc>Evaluates the given expression in Python and returns the result.</doc>
<msg timestamp="20230802 23:26:22.985" level="INFO">${stt} = 10</msg>
<status status="PASS" starttime="20230802 23:26:22.983" endtime="20230802 23:26:22.986"/>
</kw>
<status status="PASS" starttime="20230802 23:26:22.797" endtime="20230802 23:26:22.986"/>
</iter>
<iter>
<var name="${i}">element=aa46816d-6634-43f3-a86f-714c36aed3eb</var>
<kw name="Get Text" library="Browser">
<var>${user_code}</var>
<arg>//tbody/tr[${count}]/td[1]</arg>
<tag>Assertion</tag>
<tag>Getter</tag>
<tag>PageContent</tag>
<doc>Returns text attribute of the element found by ``selector``.</doc>
<msg timestamp="20230802 23:26:23.030" level="INFO">Text: 'USR1400'</msg>
<msg timestamp="20230802 23:26:23.032" level="INFO">${user_code} = USR1400</msg>
<status status="PASS" starttime="20230802 23:26:22.990" endtime="20230802 23:26:23.033"/>
</kw>
<kw name="Get Text" library="Browser">
<var>${fullname}</var>
<arg>//tbody/tr[${count}]/td[2]</arg>
<tag>Assertion</tag>
<tag>Getter</tag>
<tag>PageContent</tag>
<doc>Returns text attribute of the element found by ``selector``.</doc>
<msg timestamp="20230802 23:26:23.068" level="INFO">Text: 'Ngô Thị Ly'</msg>
<msg timestamp="20230802 23:26:23.069" level="INFO">${fullname} = Ngô Thị Ly</msg>
<status status="PASS" starttime="20230802 23:26:23.033" endtime="20230802 23:26:23.069"/>
</kw>
<kw name="Get Text" library="Browser">
<var>${email}</var>
<arg>//tbody/tr[${count}]/td[3]</arg>
<tag>Assertion</tag>
<tag>Getter</tag>
<tag>PageContent</tag>
<doc>Returns text attribute of the element found by ``selector``.</doc>
<msg timestamp="20230802 23:26:23.096" level="INFO">Text: 'ncc_haisandoclet@getnada.com'</msg>
<msg timestamp="20230802 23:26:23.096" level="INFO">${email} = ncc_haisandoclet@getnada.com</msg>
<status status="PASS" starttime="20230802 23:26:23.069" endtime="20230802 23:26:23.096"/>
</kw>
<kw name="Get Text" library="Browser">
<var>${phone}</var>
<arg>//tbody/tr[${count}]/td[4]</arg>
<tag>Assertion</tag>
<tag>Getter</tag>
<tag>PageContent</tag>
<doc>Returns text attribute of the element found by ``selector``.</doc>
<msg timestamp="20230802 23:26:23.128" level="INFO">Text: '0977101904'</msg>
<msg timestamp="20230802 23:26:23.128" level="INFO">${phone} = 0977101904</msg>
<status status="PASS" starttime="20230802 23:26:23.099" endtime="20230802 23:26:23.128"/>
</kw>
<kw name="Get Text" library="Browser">
<var>${role}</var>
<arg>//tbody/tr[${count}]/td[5]</arg>
<tag>Assertion</tag>
<tag>Getter</tag>
<tag>PageContent</tag>
<doc>Returns text attribute of the element found by ``selector``.</doc>
<msg timestamp="20230802 23:26:23.160" level="INFO">Text: 'Đại diện NCC'</msg>
<msg timestamp="20230802 23:26:23.160" level="INFO">${role} = Đại diện NCC</msg>
<status status="PASS" starttime="20230802 23:26:23.128" endtime="20230802 23:26:23.160"/>
</kw>
<kw name="Log To Console" library="BuiltIn">
<arg>${stt}. Mã người dùng: ${user_code} | Họ và tên: ${fullname} | Email: ${email} | Số điện thoại: ${phone} | Vai trò: ${role}</arg>
<doc>Logs the given message to the console.</doc>
<status status="PASS" starttime="20230802 23:26:23.160" endtime="20230802 23:26:23.160"/>
</kw>
<kw name="Log To Console" library="BuiltIn">
<arg>============================================================================================================================================</arg>
<doc>Logs the given message to the console.</doc>
<status status="PASS" starttime="20230802 23:26:23.160" endtime="20230802 23:26:23.160"/>
</kw>
<kw name="Evaluate" library="BuiltIn">
<var>${count}</var>
<arg>${count} + 1</arg>
<doc>Evaluates the given expression in Python and returns the result.</doc>
<msg timestamp="20230802 23:26:23.166" level="INFO">${count} = 12</msg>
<status status="PASS" starttime="20230802 23:26:23.165" endtime="20230802 23:26:23.166"/>
</kw>
<kw name="Evaluate" library="BuiltIn">
<var>${stt}</var>
<arg>${stt} + 1</arg>
<doc>Evaluates the given expression in Python and returns the result.</doc>
<msg timestamp="20230802 23:26:23.168" level="INFO">${stt} = 11</msg>
<status status="PASS" starttime="20230802 23:26:23.167" endtime="20230802 23:26:23.168"/>
</kw>
<status status="PASS" starttime="20230802 23:26:22.987" endtime="20230802 23:26:23.168"/>
</iter>
<status status="PASS" starttime="20230802 23:26:21.195" endtime="20230802 23:26:23.169"/>
</for>
<status status="PASS" starttime="20230802 23:26:21.195" endtime="20230802 23:26:23.170"/>
</branch>
<status status="PASS" starttime="20230802 23:26:21.195" endtime="20230802 23:26:23.172"/>
</if>
<kw name="Evaluate" library="BuiltIn">
<var>${total}</var>
<arg>${count} - 2</arg>
<doc>Evaluates the given expression in Python and returns the result.</doc>
<msg timestamp="20230802 23:26:23.174" level="INFO">${total} = 10</msg>
<status status="PASS" starttime="20230802 23:26:23.173" endtime="20230802 23:26:23.174"/>
</kw>
<kw name="Log To Console" library="BuiltIn">
<arg>Tổng số lượng ${name} là: ${total}</arg>
<doc>Logs the given message to the console.</doc>
<status status="PASS" starttime="20230802 23:26:23.175" endtime="20230802 23:26:23.176"/>
</kw>
<status status="PASS" starttime="20230802 23:26:20.809" endtime="20230802 23:26:23.176"/>
</kw>
<kw name="Tear Down" library="common" type="TEARDOWN">
<kw name="Close Browser" library="Browser">
<arg>ALL</arg>
<tag>BrowserControl</tag>
<tag>Setter</tag>
<doc>Closes the current browser.</doc>
<msg timestamp="20230802 23:26:24.867" level="INFO">Closed all browsers</msg>
<status status="PASS" starttime="20230802 23:26:23.178" endtime="20230802 23:26:24.867"/>
</kw>
<status status="PASS" starttime="20230802 23:26:23.177" endtime="20230802 23:26:24.867"/>
</kw>
<status status="PASS" starttime="20230802 23:26:06.538" endtime="20230802 23:26:24.868"/>
</test>
<status status="PASS" starttime="20230802 23:26:01.810" endtime="20230802 23:26:24.879"/>
</suite>
<statistics>
<total>
<stat pass="1" fail="0" skip="0">All Tests</stat>
</total>
<tag>
</tag>
<suite>
<stat pass="1" fail="0" skip="0" id="s1" name="Admin Create User">Admin Create User</stat>
</suite>
</statistics>
<errors>
</errors>
</robot>
