<?xml version="1.0" encoding="UTF-8"?>
<robot generator="Robot 6.1 (Python 3.11.4 on win32)" generated="20230729 09:12:11.064" rpa="false" schemaversion="4">
<suite id="s1" name="Admin leave management" source="C:\Users\nhats\OneDrive\Desktop\ARI\vite-react-ari\test\testcases\Admin_leave_management.robot">
<test id="s1-t1" name="ALM_01 Check the ability to display the user's leave list table" line="8">
<kw name="Setup" library="common" type="SETUP">
<kw name="Set Browser Timeout" library="Browser">
<arg>${BROWSER_TIMEOUT}</arg>
<tag>Config</tag>
<tag>Setter</tag>
<doc>Sets the timeout used by most input and getter keywords.</doc>
<status status="PASS" starttime="20230729 09:12:16.540" endtime="20230729 09:12:16.561"/>
</kw>
<kw name="New Browser" library="Browser">
<arg>${BROWSER}</arg>
<arg>headless=${HEADLESS}</arg>
<tag>BrowserControl</tag>
<tag>Setter</tag>
<doc>Create a new playwright Browser with specified options.</doc>
<msg timestamp="20230729 09:12:16.567" level="INFO">{"browser": "chromium", "headless": false, "devtools": false, "handleSIGHUP": true, "handleSIGINT": true, "handleSIGTERM": true, "slowMo": 0.0, "timeout": 30000.0, "deprecated_pos_args": [], "tracesDir": "C:\\Users\\nhats\\OneDrive\\Desktop\\ARI\\vite-react-ari\\browser\\traces\\24a856d4-46b6-43f4-8a5c-d19c32171d3a"}</msg>
<msg timestamp="20230729 09:12:18.317" level="INFO">Successfully created browser with options: {"browser":"chromium","headless":false,"devtools":false,"handleSIGHUP":true,"handleSIGINT":true,"handleSIGTERM":true,"slowMo":0,"timeout":30000,"deprecated_pos_args":[],"tracesDir":"C:\\Users\\nhats\\OneDrive\\Desktop\\ARI\\vite-react-ari\\browser\\traces\\24a856d4-46b6-43f4-8a5c-d19c32171d3a"}</msg>
<status status="PASS" starttime="20230729 09:12:16.562" endtime="20230729 09:12:18.317"/>
</kw>
<kw name="New Page" library="Browser">
<arg>${URL_DEFAULT}</arg>
<tag>BrowserControl</tag>
<tag>Setter</tag>
<doc>Open a new Page.</doc>
<msg timestamp="20230729 09:12:20.424" level="INFO">Successfully initialized new page object and opened url: http://v2.ari.com.vn/</msg>
<msg timestamp="20230729 09:12:20.425" level="INFO">No context was open. New context was automatically opened when this page is created.</msg>
<status status="PASS" starttime="20230729 09:12:18.317" endtime="20230729 09:12:20.425"/>
</kw>
<kw name="Evaluate" library="BuiltIn">
<var>${STATE}</var>
<arg>json.loads('''{}''')</arg>
<arg>json</arg>
<doc>Evaluates the given expression in Python and returns the result.</doc>
<msg timestamp="20230729 09:12:20.430" level="INFO">${STATE} = {}</msg>
<status status="PASS" starttime="20230729 09:12:20.430" endtime="20230729 09:12:20.430"/>
</kw>
<status status="PASS" starttime="20230729 09:12:16.540" endtime="20230729 09:12:20.430"/>
</kw>
<kw name="Login to admin" library="common">
<kw name="Enter &quot;email&quot; in &quot;Tên đăng nhập&quot; with &quot;hovannhat@admin.com&quot;" library="common" sourcename="Enter &quot;${type}&quot; in &quot;${name}&quot; with &quot;${text}&quot;">
<kw name="Get Random Text" library="common">
<var>${text}</var>
<arg>${type}</arg>
<arg>${text}</arg>
<kw name="Set Variable" library="BuiltIn">
<var>${symbol}</var>
<arg>_RANDOM_</arg>
<doc>Returns the given values which can then be assigned to a variables.</doc>
<msg timestamp="20230729 09:12:20.466" level="INFO">${symbol} = _RANDOM_</msg>
<status status="PASS" starttime="20230729 09:12:20.465" endtime="20230729 09:12:20.466"/>
</kw>
<kw name="Set Variable" library="BuiltIn">
<var>${new_text}</var>
<doc>Returns the given values which can then be assigned to a variables.</doc>
<msg timestamp="20230729 09:12:20.469" level="INFO">${new_text} = </msg>
<status status="PASS" starttime="20230729 09:12:20.468" endtime="20230729 09:12:20.469"/>
</kw>
<kw name="Get Regexp Matches" library="String">
<var>${containsS}</var>
<arg>${text}</arg>
<arg>_@(.+)@_</arg>
<arg>1</arg>
<doc>Returns a list of all non-overlapping matches in the given string.</doc>
<msg timestamp="20230729 09:12:20.475" level="INFO">${containsS} = []</msg>
<status status="PASS" starttime="20230729 09:12:20.471" endtime="20230729 09:12:20.477"/>
</kw>
<kw name="Get Length" library="BuiltIn">
<var>${cntS}</var>
<arg>${containsS}</arg>
<doc>Returns and logs the length of the given item as an integer.</doc>
<msg timestamp="20230729 09:12:20.478" level="INFO">Length is 0</msg>
<msg timestamp="20230729 09:12:20.478" level="INFO">${cntS} = 0</msg>
<status status="PASS" starttime="20230729 09:12:20.478" endtime="20230729 09:12:20.478"/>
</kw>
<kw name="Get Regexp Matches" library="String">
<var>${contains}</var>
<arg>${text}</arg>
<arg>${symbol}</arg>
<doc>Returns a list of all non-overlapping matches in the given string.</doc>
<msg timestamp="20230729 09:12:20.481" level="INFO">${contains} = []</msg>
<status status="PASS" starttime="20230729 09:12:20.479" endtime="20230729 09:12:20.481"/>
</kw>
<kw name="Get Length" library="BuiltIn">
<var>${cnt}</var>
<arg>${contains}</arg>
<doc>Returns and logs the length of the given item as an integer.</doc>
<msg timestamp="20230729 09:12:20.482" level="INFO">Length is 0</msg>
<msg timestamp="20230729 09:12:20.482" level="INFO">${cnt} = 0</msg>
<status status="PASS" starttime="20230729 09:12:20.481" endtime="20230729 09:12:20.482"/>
</kw>
<if>
<branch type="IF" condition="${cntS} &gt; 0">
<kw name="Set Variable" library="BuiltIn">
<var>${new_text}</var>
<arg>${STATE["${containsS[0]}"]}</arg>
<doc>Returns the given values which can then be assigned to a variables.</doc>
<status status="NOT RUN" starttime="20230729 09:12:20.483" endtime="20230729 09:12:20.484"/>
</kw>
<kw name="Set Variable" library="BuiltIn">
<var>${symbol}</var>
<arg>_@${containsS[0]}@_</arg>
<doc>Returns the given values which can then be assigned to a variables.</doc>
<status status="NOT RUN" starttime="20230729 09:12:20.484" endtime="20230729 09:12:20.484"/>
</kw>
<status status="NOT RUN" starttime="20230729 09:12:20.482" endtime="20230729 09:12:20.484"/>
</branch>
<branch type="ELSE IF" condition="${cnt} &gt; 0 and '${type}' == 'test name'">
<kw name="Sentence" library="FakerLibrary">
<var>${random}</var>
<arg>nb_words=3</arg>
<doc>Generate a sentence.</doc>
<status status="NOT RUN" starttime="20230729 09:12:20.486" endtime="20230729 09:12:20.486"/>
</kw>
<kw name="Split String" library="String">
<var>${words}</var>
<arg>${TEST NAME}</arg>
<arg>${SPACE}</arg>
<doc>Splits the ``string`` using ``separator`` as a delimiter string.</doc>
<status status="NOT RUN" starttime="20230729 09:12:20.487" endtime="20230729 09:12:20.505"/>
</kw>
<kw name="Set Variable" library="BuiltIn">
<var>${new_text}</var>
<arg>${words[0]} ${random}</arg>
<doc>Returns the given values which can then be assigned to a variables.</doc>
<status status="NOT RUN" starttime="20230729 09:12:20.515" endtime="20230729 09:12:20.518"/>
</kw>
<status status="NOT RUN" starttime="20230729 09:12:20.485" endtime="20230729 09:12:20.540"/>
</branch>
<branch type="ELSE IF" condition="${cnt} &gt; 0 and '${type}' == 'number'">
<kw name="Random Int" library="FakerLibrary">
<var>${new_text}</var>
<arg>min=1000000000000</arg>
<arg>max=9999999999999</arg>
<doc>Generate a random integer between two integers ``min`` and ``max`` inclusive
while observing the provided ``step`` value.</doc>
<status status="NOT RUN" starttime="20230729 09:12:20.541" endtime="20230729 09:12:20.541"/>
</kw>
<kw name="Convert To String" library="BuiltIn">
<var>${new_text}</var>
<arg>${new_text}</arg>
<doc>Converts the given item to a Unicode string.</doc>
<status status="NOT RUN" starttime="20230729 09:12:20.550" endtime="20230729 09:12:20.552"/>
</kw>
<status status="NOT RUN" starttime="20230729 09:12:20.540" endtime="20230729 09:12:20.553"/>
</branch>
<branch type="ELSE IF" condition="${cnt} &gt; 0 and '${type}' == 'order number'">
<kw name="Random Int" library="FakerLibrary">
<var>${new_text}</var>
<arg>min=0</arg>
<arg>max=999999999</arg>
<doc>Generate a random integer between two integers ``min`` and ``max`` inclusive
while observing the provided ``step`` value.</doc>
<status status="NOT RUN" starttime="20230729 09:12:20.554" endtime="20230729 09:12:20.555"/>
</kw>
<kw name="Convert To String" library="BuiltIn">
<var>${new_text}</var>
<arg>${new_text}</arg>
<doc>Converts the given item to a Unicode string.</doc>
<status status="NOT RUN" starttime="20230729 09:12:20.556" endtime="20230729 09:12:20.557"/>
</kw>
<status status="NOT RUN" starttime="20230729 09:12:20.553" endtime="20230729 09:12:20.563"/>
</branch>
<branch type="ELSE IF" condition="${cnt} &gt; 0 and '${type}' == 'leave date valid'">
<kw name="Random Int" library="FakerLibrary">
<var>${new_text}</var>
<arg>min=0</arg>
<arg>max=16</arg>
<doc>Generate a random integer between two integers ``min`` and ``max`` inclusive
while observing the provided ``step`` value.</doc>
<status status="NOT RUN" starttime="20230729 09:12:20.564" endtime="20230729 09:12:20.564"/>
</kw>
<kw name="Convert To String" library="BuiltIn">
<var>${new_text}</var>
<arg>${new_text}</arg>
<doc>Converts the given item to a Unicode string.</doc>
<status status="NOT RUN" starttime="20230729 09:12:20.565" endtime="20230729 09:12:20.565"/>
</kw>
<status status="NOT RUN" starttime="20230729 09:12:20.563" endtime="20230729 09:12:20.565"/>
</branch>
<branch type="ELSE IF" condition="${cnt} &gt; 0 and '${type}' == 'leave date invalid'">
<kw name="Random Int" library="FakerLibrary">
<var>${new_text}</var>
<arg>min=17</arg>
<arg>max=99</arg>
<doc>Generate a random integer between two integers ``min`` and ``max`` inclusive
while observing the provided ``step`` value.</doc>
<status status="NOT RUN" starttime="20230729 09:12:20.568" endtime="20230729 09:12:20.568"/>
</kw>
<kw name="Convert To String" library="BuiltIn">
<var>${new_text}</var>
<arg>${new_text}</arg>
<doc>Converts the given item to a Unicode string.</doc>
<status status="NOT RUN" starttime="20230729 09:12:20.569" endtime="20230729 09:12:20.570"/>
</kw>
<status status="NOT RUN" starttime="20230729 09:12:20.565" endtime="20230729 09:12:20.570"/>
</branch>
<branch type="ELSE IF" condition="${cnt} &gt; 0 and '${type}' == 'percentage'">
<kw name="Random Int" library="FakerLibrary">
<var>${new_text}</var>
<arg>max=100</arg>
<doc>Generate a random integer between two integers ``min`` and ``max`` inclusive
while observing the provided ``step`` value.</doc>
<status status="NOT RUN" starttime="20230729 09:12:20.572" endtime="20230729 09:12:20.573"/>
</kw>
<kw name="Convert To String" library="BuiltIn">
<var>${new_text}</var>
<arg>${new_text}</arg>
<doc>Converts the given item to a Unicode string.</doc>
<status status="NOT RUN" starttime="20230729 09:12:20.573" endtime="20230729 09:12:20.574"/>
</kw>
<status status="NOT RUN" starttime="20230729 09:12:20.571" endtime="20230729 09:12:20.574"/>
</branch>
<branch type="ELSE IF" condition="${cnt} &gt; 0 and '${type}' == 'paragraph'">
<kw name="Paragraph" library="FakerLibrary">
<var>${new_text}</var>
<doc>Generate a paragraph.</doc>
<status status="NOT RUN" starttime="20230729 09:12:20.575" endtime="20230729 09:12:20.575"/>
</kw>
<status status="NOT RUN" starttime="20230729 09:12:20.574" endtime="20230729 09:12:20.577"/>
</branch>
<branch type="ELSE IF" condition="${cnt} &gt; 0 and '${type}' == 'email'">
<kw name="Email" library="FakerLibrary">
<var>${new_text}</var>
<status status="NOT RUN" starttime="20230729 09:12:20.578" endtime="20230729 09:12:20.578"/>
</kw>
<status status="NOT RUN" starttime="20230729 09:12:20.577" endtime="20230729 09:12:20.578"/>
</branch>
<branch type="ELSE IF" condition="${cnt} &gt; 0 and '${type}' == 'phone'">
<kw name="Random Int" library="FakerLibrary">
<var>${new_text}</var>
<arg>min=55555555</arg>
<arg>max=999999999999</arg>
<doc>Generate a random integer between two integers ``min`` and ``max`` inclusive
while observing the provided ``step`` value.</doc>
<status status="NOT RUN" starttime="20230729 09:12:20.580" endtime="20230729 09:12:20.580"/>
</kw>
<kw name="Convert To String" library="BuiltIn">
<var>${new_text}</var>
<arg>${new_text}</arg>
<doc>Converts the given item to a Unicode string.</doc>
<status status="NOT RUN" starttime="20230729 09:12:20.581" endtime="20230729 09:12:20.582"/>
</kw>
<status status="NOT RUN" starttime="20230729 09:12:20.579" endtime="20230729 09:12:20.582"/>
</branch>
<branch type="ELSE IF" condition="${cnt} &gt; 0 and '${type}' == 'color'">
<kw name="Safe Hex Color" library="FakerLibrary">
<var>${new_text}</var>
<doc>Generate a web-safe color formatted as a hex triplet.</doc>
<status status="NOT RUN" starttime="20230729 09:12:20.587" endtime="20230729 09:12:20.587"/>
</kw>
<status status="NOT RUN" starttime="20230729 09:12:20.584" endtime="20230729 09:12:20.587"/>
</branch>
<branch type="ELSE IF" condition="${cnt} &gt; 0 and '${type}' == 'date'">
<kw name="Date" library="FakerLibrary">
<var>${new_text}</var>
<arg>pattern=%d-%m-%Y</arg>
<doc>Get a date string between January 1, 1970 and now.</doc>
<status status="NOT RUN" starttime="20230729 09:12:20.590" endtime="20230729 09:12:20.590"/>
</kw>
<status status="NOT RUN" starttime="20230729 09:12:20.587" endtime="20230729 09:12:20.591"/>
</branch>
<branch type="ELSE IF" condition="${cnt} &gt; 0 and '${type}' == 'word'">
<kw name="Sentence" library="FakerLibrary">
<var>${new_text}</var>
<arg>nb_words=2</arg>
<doc>Generate a sentence.</doc>
<status status="NOT RUN" starttime="20230729 09:12:20.595" endtime="20230729 09:12:20.595"/>
</kw>
<status status="NOT RUN" starttime="20230729 09:12:20.592" endtime="20230729 09:12:20.595"/>
</branch>
<branch type="ELSE IF" condition="${cnt} &gt; 0">
<kw name="Sentence" library="FakerLibrary">
<var>${new_text}</var>
<doc>Generate a sentence.</doc>
<status status="NOT RUN" starttime="20230729 09:12:20.596" endtime="20230729 09:12:20.596"/>
</kw>
<status status="NOT RUN" starttime="20230729 09:12:20.596" endtime="20230729 09:12:20.597"/>
</branch>
<status status="PASS" starttime="20230729 09:12:20.482" endtime="20230729 09:12:20.597"/>
</if>
<kw name="Get Length" library="BuiltIn">
<var>${cnt}</var>
<arg>${text}</arg>
<doc>Returns and logs the length of the given item as an integer.</doc>
<msg timestamp="20230729 09:12:20.598" level="INFO">Length is 19</msg>
<msg timestamp="20230729 09:12:20.598" level="INFO">${cnt} = 19</msg>
<status status="PASS" starttime="20230729 09:12:20.597" endtime="20230729 09:12:20.599"/>
</kw>
<if>
<branch type="IF" condition="${cnt} &gt; 0">
<kw name="Replace String" library="String">
<var>${text}</var>
<arg>${text}</arg>
<arg>${symbol}</arg>
<arg>${new_text}</arg>
<doc>Replaces ``search_for`` in the given ``string`` with ``replace_with``.</doc>
<msg timestamp="20230729 09:12:20.601" level="INFO">${text} = hovannhat@admin.com</msg>
<status status="PASS" starttime="20230729 09:12:20.600" endtime="20230729 09:12:20.601"/>
</kw>
<status status="PASS" starttime="20230729 09:12:20.600" endtime="20230729 09:12:20.601"/>
</branch>
<status status="PASS" starttime="20230729 09:12:20.599" endtime="20230729 09:12:20.602"/>
</if>
<msg timestamp="20230729 09:12:20.602" level="INFO">${text} = hovannhat@admin.com</msg>
<status status="PASS" starttime="20230729 09:12:20.463" endtime="20230729 09:12:20.602"/>
</kw>
<kw name="Get Element Form Item By Name" library="common">
<var>${element}</var>
<arg>${name}</arg>
<arg>//input[contains(@class, "ant-input")]</arg>
<msg timestamp="20230729 09:12:20.614" level="INFO">${element} = xpath=//*[contains(@class, "ant-form-item-label")]/label[text()="Tên đăng nhập"]/../../*[contains(@class, "ant-form-item")]//input[contains(@class, "ant-input")]</msg>
<status status="PASS" starttime="20230729 09:12:20.603" endtime="20230729 09:12:20.614"/>
</kw>
<kw name="Clear Text" library="Browser">
<arg>${element}</arg>
<tag>PageContent</tag>
<tag>Setter</tag>
<doc>Clears the text field found by ``selector``.</doc>
<status status="PASS" starttime="20230729 09:12:20.615" endtime="20230729 09:12:22.569"/>
</kw>
<kw name="Fill Text" library="Browser">
<arg>${element}</arg>
<arg>${text}</arg>
<arg>True</arg>
<tag>PageContent</tag>
<tag>Setter</tag>
<doc>Clears and fills the given ``txt`` into the text field found by ``selector``.</doc>
<msg timestamp="20230729 09:12:22.580" level="INFO">Fills the text 'hovannhat@admin.com' in the given field.</msg>
<status status="PASS" starttime="20230729 09:12:22.575" endtime="20230729 09:12:22.692"/>
</kw>
<kw name="Get Length" library="BuiltIn">
<var>${cnt}</var>
<arg>${text}</arg>
<doc>Returns and logs the length of the given item as an integer.</doc>
<msg timestamp="20230729 09:12:22.692" level="INFO">Length is 19</msg>
<msg timestamp="20230729 09:12:22.692" level="INFO">${cnt} = 19</msg>
<status status="PASS" starttime="20230729 09:12:22.692" endtime="20230729 09:12:22.692"/>
</kw>
<if>
<branch type="IF" condition="${cnt} &gt; 0">
<kw name="Set Global Variable" library="BuiltIn">
<arg>${STATE["${name}"]}</arg>
<arg>${text}</arg>
<doc>Makes a variable available globally in all tests and suites.</doc>
<msg timestamp="20230729 09:12:22.701" level="INFO">${STATE["Tên đăng nhập"]} = hovannhat@admin.com</msg>
<status status="PASS" starttime="20230729 09:12:22.700" endtime="20230729 09:12:22.701"/>
</kw>
<status status="PASS" starttime="20230729 09:12:22.692" endtime="20230729 09:12:22.701"/>
</branch>
<status status="PASS" starttime="20230729 09:12:22.692" endtime="20230729 09:12:22.701"/>
</if>
<status status="PASS" starttime="20230729 09:12:20.459" endtime="20230729 09:12:22.701"/>
</kw>
<kw name="Enter &quot;text&quot; in &quot;Mật khẩu&quot; with &quot;Nhat@01101999&quot;" library="common" sourcename="Enter &quot;${type}&quot; in &quot;${name}&quot; with &quot;${text}&quot;">
<kw name="Get Random Text" library="common">
<var>${text}</var>
<arg>${type}</arg>
<arg>${text}</arg>
<kw name="Set Variable" library="BuiltIn">
<var>${symbol}</var>
<arg>_RANDOM_</arg>
<doc>Returns the given values which can then be assigned to a variables.</doc>
<msg timestamp="20230729 09:12:22.707" level="INFO">${symbol} = _RANDOM_</msg>
<status status="PASS" starttime="20230729 09:12:22.707" endtime="20230729 09:12:22.707"/>
</kw>
<kw name="Set Variable" library="BuiltIn">
<var>${new_text}</var>
<doc>Returns the given values which can then be assigned to a variables.</doc>
<msg timestamp="20230729 09:12:22.707" level="INFO">${new_text} = </msg>
<status status="PASS" starttime="20230729 09:12:22.707" endtime="20230729 09:12:22.707"/>
</kw>
<kw name="Get Regexp Matches" library="String">
<var>${containsS}</var>
<arg>${text}</arg>
<arg>_@(.+)@_</arg>
<arg>1</arg>
<doc>Returns a list of all non-overlapping matches in the given string.</doc>
<msg timestamp="20230729 09:12:22.710" level="INFO">${containsS} = []</msg>
<status status="PASS" starttime="20230729 09:12:22.710" endtime="20230729 09:12:22.710"/>
</kw>
<kw name="Get Length" library="BuiltIn">
<var>${cntS}</var>
<arg>${containsS}</arg>
<doc>Returns and logs the length of the given item as an integer.</doc>
<msg timestamp="20230729 09:12:22.711" level="INFO">Length is 0</msg>
<msg timestamp="20230729 09:12:22.711" level="INFO">${cntS} = 0</msg>
<status status="PASS" starttime="20230729 09:12:22.711" endtime="20230729 09:12:22.711"/>
</kw>
<kw name="Get Regexp Matches" library="String">
<var>${contains}</var>
<arg>${text}</arg>
<arg>${symbol}</arg>
<doc>Returns a list of all non-overlapping matches in the given string.</doc>
<msg timestamp="20230729 09:12:22.711" level="INFO">${contains} = []</msg>
<status status="PASS" starttime="20230729 09:12:22.711" endtime="20230729 09:12:22.711"/>
</kw>
<kw name="Get Length" library="BuiltIn">
<var>${cnt}</var>
<arg>${contains}</arg>
<doc>Returns and logs the length of the given item as an integer.</doc>
<msg timestamp="20230729 09:12:22.711" level="INFO">Length is 0</msg>
<msg timestamp="20230729 09:12:22.711" level="INFO">${cnt} = 0</msg>
<status status="PASS" starttime="20230729 09:12:22.711" endtime="20230729 09:12:22.711"/>
</kw>
<if>
<branch type="IF" condition="${cntS} &gt; 0">
<kw name="Set Variable" library="BuiltIn">
<var>${new_text}</var>
<arg>${STATE["${containsS[0]}"]}</arg>
<doc>Returns the given values which can then be assigned to a variables.</doc>
<status status="NOT RUN" starttime="20230729 09:12:22.711" endtime="20230729 09:12:22.711"/>
</kw>
<kw name="Set Variable" library="BuiltIn">
<var>${symbol}</var>
<arg>_@${containsS[0]}@_</arg>
<doc>Returns the given values which can then be assigned to a variables.</doc>
<status status="NOT RUN" starttime="20230729 09:12:22.711" endtime="20230729 09:12:22.711"/>
</kw>
<status status="NOT RUN" starttime="20230729 09:12:22.711" endtime="20230729 09:12:22.711"/>
</branch>
<branch type="ELSE IF" condition="${cnt} &gt; 0 and '${type}' == 'test name'">
<kw name="Sentence" library="FakerLibrary">
<var>${random}</var>
<arg>nb_words=3</arg>
<doc>Generate a sentence.</doc>
<status status="NOT RUN" starttime="20230729 09:12:22.711" endtime="20230729 09:12:22.711"/>
</kw>
<kw name="Split String" library="String">
<var>${words}</var>
<arg>${TEST NAME}</arg>
<arg>${SPACE}</arg>
<doc>Splits the ``string`` using ``separator`` as a delimiter string.</doc>
<status status="NOT RUN" starttime="20230729 09:12:22.720" endtime="20230729 09:12:22.720"/>
</kw>
<kw name="Set Variable" library="BuiltIn">
<var>${new_text}</var>
<arg>${words[0]} ${random}</arg>
<doc>Returns the given values which can then be assigned to a variables.</doc>
<status status="NOT RUN" starttime="20230729 09:12:22.720" endtime="20230729 09:12:22.720"/>
</kw>
<status status="NOT RUN" starttime="20230729 09:12:22.711" endtime="20230729 09:12:22.720"/>
</branch>
<branch type="ELSE IF" condition="${cnt} &gt; 0 and '${type}' == 'number'">
<kw name="Random Int" library="FakerLibrary">
<var>${new_text}</var>
<arg>min=1000000000000</arg>
<arg>max=9999999999999</arg>
<doc>Generate a random integer between two integers ``min`` and ``max`` inclusive
while observing the provided ``step`` value.</doc>
<status status="NOT RUN" starttime="20230729 09:12:22.720" endtime="20230729 09:12:22.720"/>
</kw>
<kw name="Convert To String" library="BuiltIn">
<var>${new_text}</var>
<arg>${new_text}</arg>
<doc>Converts the given item to a Unicode string.</doc>
<status status="NOT RUN" starttime="20230729 09:12:22.723" endtime="20230729 09:12:22.723"/>
</kw>
<status status="NOT RUN" starttime="20230729 09:12:22.720" endtime="20230729 09:12:22.723"/>
</branch>
<branch type="ELSE IF" condition="${cnt} &gt; 0 and '${type}' == 'order number'">
<kw name="Random Int" library="FakerLibrary">
<var>${new_text}</var>
<arg>min=0</arg>
<arg>max=999999999</arg>
<doc>Generate a random integer between two integers ``min`` and ``max`` inclusive
while observing the provided ``step`` value.</doc>
<status status="NOT RUN" starttime="20230729 09:12:22.723" endtime="20230729 09:12:22.723"/>
</kw>
<kw name="Convert To String" library="BuiltIn">
<var>${new_text}</var>
<arg>${new_text}</arg>
<doc>Converts the given item to a Unicode string.</doc>
<status status="NOT RUN" starttime="20230729 09:12:22.723" endtime="20230729 09:12:22.723"/>
</kw>
<status status="NOT RUN" starttime="20230729 09:12:22.723" endtime="20230729 09:12:22.723"/>
</branch>
<branch type="ELSE IF" condition="${cnt} &gt; 0 and '${type}' == 'leave date valid'">
<kw name="Random Int" library="FakerLibrary">
<var>${new_text}</var>
<arg>min=0</arg>
<arg>max=16</arg>
<doc>Generate a random integer between two integers ``min`` and ``max`` inclusive
while observing the provided ``step`` value.</doc>
<status status="NOT RUN" starttime="20230729 09:12:22.723" endtime="20230729 09:12:22.723"/>
</kw>
<kw name="Convert To String" library="BuiltIn">
<var>${new_text}</var>
<arg>${new_text}</arg>
<doc>Converts the given item to a Unicode string.</doc>
<status status="NOT RUN" starttime="20230729 09:12:22.723" endtime="20230729 09:12:22.723"/>
</kw>
<status status="NOT RUN" starttime="20230729 09:12:22.723" endtime="20230729 09:12:22.723"/>
</branch>
<branch type="ELSE IF" condition="${cnt} &gt; 0 and '${type}' == 'leave date invalid'">
<kw name="Random Int" library="FakerLibrary">
<var>${new_text}</var>
<arg>min=17</arg>
<arg>max=99</arg>
<doc>Generate a random integer between two integers ``min`` and ``max`` inclusive
while observing the provided ``step`` value.</doc>
<status status="NOT RUN" starttime="20230729 09:12:22.730" endtime="20230729 09:12:22.730"/>
</kw>
<kw name="Convert To String" library="BuiltIn">
<var>${new_text}</var>
<arg>${new_text}</arg>
<doc>Converts the given item to a Unicode string.</doc>
<status status="NOT RUN" starttime="20230729 09:12:22.731" endtime="20230729 09:12:22.731"/>
</kw>
<status status="NOT RUN" starttime="20230729 09:12:22.723" endtime="20230729 09:12:22.731"/>
</branch>
<branch type="ELSE IF" condition="${cnt} &gt; 0 and '${type}' == 'percentage'">
<kw name="Random Int" library="FakerLibrary">
<var>${new_text}</var>
<arg>max=100</arg>
<doc>Generate a random integer between two integers ``min`` and ``max`` inclusive
while observing the provided ``step`` value.</doc>
<status status="NOT RUN" starttime="20230729 09:12:22.731" endtime="20230729 09:12:22.731"/>
</kw>
<kw name="Convert To String" library="BuiltIn">
<var>${new_text}</var>
<arg>${new_text}</arg>
<doc>Converts the given item to a Unicode string.</doc>
<status status="NOT RUN" starttime="20230729 09:12:22.731" endtime="20230729 09:12:22.731"/>
</kw>
<status status="NOT RUN" starttime="20230729 09:12:22.731" endtime="20230729 09:12:22.731"/>
</branch>
<branch type="ELSE IF" condition="${cnt} &gt; 0 and '${type}' == 'paragraph'">
<kw name="Paragraph" library="FakerLibrary">
<var>${new_text}</var>
<doc>Generate a paragraph.</doc>
<status status="NOT RUN" starttime="20230729 09:12:22.731" endtime="20230729 09:12:22.731"/>
</kw>
<status status="NOT RUN" starttime="20230729 09:12:22.731" endtime="20230729 09:12:22.731"/>
</branch>
<branch type="ELSE IF" condition="${cnt} &gt; 0 and '${type}' == 'email'">
<kw name="Email" library="FakerLibrary">
<var>${new_text}</var>
<status status="NOT RUN" starttime="20230729 09:12:22.731" endtime="20230729 09:12:22.731"/>
</kw>
<status status="NOT RUN" starttime="20230729 09:12:22.731" endtime="20230729 09:12:22.731"/>
</branch>
<branch type="ELSE IF" condition="${cnt} &gt; 0 and '${type}' == 'phone'">
<kw name="Random Int" library="FakerLibrary">
<var>${new_text}</var>
<arg>min=55555555</arg>
<arg>max=999999999999</arg>
<doc>Generate a random integer between two integers ``min`` and ``max`` inclusive
while observing the provided ``step`` value.</doc>
<status status="NOT RUN" starttime="20230729 09:12:22.731" endtime="20230729 09:12:22.731"/>
</kw>
<kw name="Convert To String" library="BuiltIn">
<var>${new_text}</var>
<arg>${new_text}</arg>
<doc>Converts the given item to a Unicode string.</doc>
<status status="NOT RUN" starttime="20230729 09:12:22.740" endtime="20230729 09:12:22.740"/>
</kw>
<status status="NOT RUN" starttime="20230729 09:12:22.731" endtime="20230729 09:12:22.740"/>
</branch>
<branch type="ELSE IF" condition="${cnt} &gt; 0 and '${type}' == 'color'">
<kw name="Safe Hex Color" library="FakerLibrary">
<var>${new_text}</var>
<doc>Generate a web-safe color formatted as a hex triplet.</doc>
<status status="NOT RUN" starttime="20230729 09:12:22.741" endtime="20230729 09:12:22.741"/>
</kw>
<status status="NOT RUN" starttime="20230729 09:12:22.740" endtime="20230729 09:12:22.741"/>
</branch>
<branch type="ELSE IF" condition="${cnt} &gt; 0 and '${type}' == 'date'">
<kw name="Date" library="FakerLibrary">
<var>${new_text}</var>
<arg>pattern=%d-%m-%Y</arg>
<doc>Get a date string between January 1, 1970 and now.</doc>
<status status="NOT RUN" starttime="20230729 09:12:22.741" endtime="20230729 09:12:22.741"/>
</kw>
<status status="NOT RUN" starttime="20230729 09:12:22.741" endtime="20230729 09:12:22.741"/>
</branch>
<branch type="ELSE IF" condition="${cnt} &gt; 0 and '${type}' == 'word'">
<kw name="Sentence" library="FakerLibrary">
<var>${new_text}</var>
<arg>nb_words=2</arg>
<doc>Generate a sentence.</doc>
<status status="NOT RUN" starttime="20230729 09:12:22.741" endtime="20230729 09:12:22.741"/>
</kw>
<status status="NOT RUN" starttime="20230729 09:12:22.741" endtime="20230729 09:12:22.741"/>
</branch>
<branch type="ELSE IF" condition="${cnt} &gt; 0">
<kw name="Sentence" library="FakerLibrary">
<var>${new_text}</var>
<doc>Generate a sentence.</doc>
<status status="NOT RUN" starttime="20230729 09:12:22.741" endtime="20230729 09:12:22.741"/>
</kw>
<status status="NOT RUN" starttime="20230729 09:12:22.741" endtime="20230729 09:12:22.741"/>
</branch>
<status status="PASS" starttime="20230729 09:12:22.711" endtime="20230729 09:12:22.741"/>
</if>
<kw name="Get Length" library="BuiltIn">
<var>${cnt}</var>
<arg>${text}</arg>
<doc>Returns and logs the length of the given item as an integer.</doc>
<msg timestamp="20230729 09:12:22.741" level="INFO">Length is 13</msg>
<msg timestamp="20230729 09:12:22.741" level="INFO">${cnt} = 13</msg>
<status status="PASS" starttime="20230729 09:12:22.741" endtime="20230729 09:12:22.741"/>
</kw>
<if>
<branch type="IF" condition="${cnt} &gt; 0">
<kw name="Replace String" library="String">
<var>${text}</var>
<arg>${text}</arg>
<arg>${symbol}</arg>
<arg>${new_text}</arg>
<doc>Replaces ``search_for`` in the given ``string`` with ``replace_with``.</doc>
<msg timestamp="20230729 09:12:22.750" level="INFO">${text} = Nhat@01101999</msg>
<status status="PASS" starttime="20230729 09:12:22.749" endtime="20230729 09:12:22.750"/>
</kw>
<status status="PASS" starttime="20230729 09:12:22.741" endtime="20230729 09:12:22.750"/>
</branch>
<status status="PASS" starttime="20230729 09:12:22.741" endtime="20230729 09:12:22.750"/>
</if>
<msg timestamp="20230729 09:12:22.750" level="INFO">${text} = Nhat@01101999</msg>
<status status="PASS" starttime="20230729 09:12:22.701" endtime="20230729 09:12:22.750"/>
</kw>
<kw name="Get Element Form Item By Name" library="common">
<var>${element}</var>
<arg>${name}</arg>
<arg>//input[contains(@class, "ant-input")]</arg>
<msg timestamp="20230729 09:12:22.750" level="INFO">${element} = xpath=//*[contains(@class, "ant-form-item-label")]/label[text()="Mật khẩu"]/../../*[contains(@class, "ant-form-item")]//input[contains(@class, "ant-input")]</msg>
<status status="PASS" starttime="20230729 09:12:22.750" endtime="20230729 09:12:22.750"/>
</kw>
<kw name="Clear Text" library="Browser">
<arg>${element}</arg>
<tag>PageContent</tag>
<tag>Setter</tag>
<doc>Clears the text field found by ``selector``.</doc>
<status status="PASS" starttime="20230729 09:12:22.754" endtime="20230729 09:12:22.909"/>
</kw>
<kw name="Fill Text" library="Browser">
<arg>${element}</arg>
<arg>${text}</arg>
<arg>True</arg>
<tag>PageContent</tag>
<tag>Setter</tag>
<doc>Clears and fills the given ``txt`` into the text field found by ``selector``.</doc>
<msg timestamp="20230729 09:12:22.911" level="INFO">Fills the text 'Nhat@01101999' in the given field.</msg>
<status status="PASS" starttime="20230729 09:12:22.910" endtime="20230729 09:12:23.012"/>
</kw>
<kw name="Get Length" library="BuiltIn">
<var>${cnt}</var>
<arg>${text}</arg>
<doc>Returns and logs the length of the given item as an integer.</doc>
<msg timestamp="20230729 09:12:23.016" level="INFO">Length is 13</msg>
<msg timestamp="20230729 09:12:23.016" level="INFO">${cnt} = 13</msg>
<status status="PASS" starttime="20230729 09:12:23.015" endtime="20230729 09:12:23.017"/>
</kw>
<if>
<branch type="IF" condition="${cnt} &gt; 0">
<kw name="Set Global Variable" library="BuiltIn">
<arg>${STATE["${name}"]}</arg>
<arg>${text}</arg>
<doc>Makes a variable available globally in all tests and suites.</doc>
<msg timestamp="20230729 09:12:23.022" level="INFO">${STATE["Mật khẩu"]} = Nhat@01101999</msg>
<status status="PASS" starttime="20230729 09:12:23.022" endtime="20230729 09:12:23.029"/>
</kw>
<status status="PASS" starttime="20230729 09:12:23.020" endtime="20230729 09:12:23.031"/>
</branch>
<status status="PASS" starttime="20230729 09:12:23.020" endtime="20230729 09:12:23.032"/>
</if>
<status status="PASS" starttime="20230729 09:12:22.701" endtime="20230729 09:12:23.032"/>
</kw>
<kw name="Click &quot;Đăng nhập&quot; button" library="common" sourcename="Click &quot;${text}&quot; button">
<kw name="Click" library="Browser">
<arg>xpath=//button[@title = "${text}"]</arg>
<tag>PageContent</tag>
<tag>Setter</tag>
<doc>Simulates mouse click on the element found by ``selector``.</doc>
<status status="PASS" starttime="20230729 09:12:23.034" endtime="20230729 09:12:23.322"/>
</kw>
<kw name="Click Confirm To Action" library="common">
<kw name="Set Variable" library="BuiltIn">
<var>${element}</var>
<arg>xpath=//*[contains(@class, "ant-popover")]//*[contains(@class, "ant-btn-primary")]</arg>
<doc>Returns the given values which can then be assigned to a variables.</doc>
<msg timestamp="20230729 09:12:23.324" level="INFO">${element} = xpath=//*[contains(@class, "ant-popover")]//*[contains(@class, "ant-btn-primary")]</msg>
<status status="PASS" starttime="20230729 09:12:23.323" endtime="20230729 09:12:23.324"/>
</kw>
<kw name="Get Element Count" library="Browser">
<var>${count}</var>
<arg>${element}</arg>
<tag>Assertion</tag>
<tag>Getter</tag>
<tag>PageContent</tag>
<doc>Returns the count of elements found with ``selector``.</doc>
<msg timestamp="20230729 09:12:23.364" level="INFO">${count} = 0</msg>
<status status="PASS" starttime="20230729 09:12:23.325" endtime="20230729 09:12:23.364"/>
</kw>
<if>
<branch type="IF" condition="${count} &gt; 0">
<kw name="Click" library="Browser">
<arg>${element}</arg>
<tag>PageContent</tag>
<tag>Setter</tag>
<doc>Simulates mouse click on the element found by ``selector``.</doc>
<status status="NOT RUN" starttime="20230729 09:12:23.369" endtime="20230729 09:12:23.370"/>
</kw>
<kw name="Sleep" library="BuiltIn">
<arg>${SHOULD_TIMEOUT}</arg>
<doc>Pauses the test executed for the given time.</doc>
<status status="NOT RUN" starttime="20230729 09:12:23.372" endtime="20230729 09:12:23.372"/>
</kw>
<status status="NOT RUN" starttime="20230729 09:12:23.364" endtime="20230729 09:12:23.372"/>
</branch>
<status status="PASS" starttime="20230729 09:12:23.364" endtime="20230729 09:12:23.372"/>
</if>
<status status="PASS" starttime="20230729 09:12:23.323" endtime="20230729 09:12:23.374"/>
</kw>
<kw name="Scroll By" library="Browser">
<arg>${None}</arg>
<tag>PageContent</tag>
<tag>Setter</tag>
<doc>Scrolls an element or the page relative from current position by the given values.</doc>
<status status="PASS" starttime="20230729 09:12:23.374" endtime="20230729 09:12:23.470"/>
</kw>
<status status="PASS" starttime="20230729 09:12:23.034" endtime="20230729 09:12:23.470"/>
</kw>
<kw name="User look message &quot;Thành công&quot; popup" library="common" sourcename="User look message &quot;${message}&quot; popup">
<kw name="Get Regexp Matches" library="String">
<var>${contains}</var>
<arg>${message}</arg>
<arg>_@(.+)@_</arg>
<arg>1</arg>
<doc>Returns a list of all non-overlapping matches in the given string.</doc>
<msg timestamp="20230729 09:12:23.471" level="INFO">${contains} = []</msg>
<status status="PASS" starttime="20230729 09:12:23.471" endtime="20230729 09:12:23.471"/>
</kw>
<kw name="Get Length" library="BuiltIn">
<var>${cnt}</var>
<arg>${contains}</arg>
<doc>Returns and logs the length of the given item as an integer.</doc>
<msg timestamp="20230729 09:12:23.471" level="INFO">Length is 0</msg>
<msg timestamp="20230729 09:12:23.471" level="INFO">${cnt} = 0</msg>
<status status="PASS" starttime="20230729 09:12:23.471" endtime="20230729 09:12:23.471"/>
</kw>
<if>
<branch type="IF" condition="${cnt} &gt; 0">
<kw name="Replace String" library="String">
<var>${message}</var>
<arg>${message}</arg>
<arg>_@${contains[0]}@_</arg>
<arg>${STATE["${contains[0]}"]}</arg>
<doc>Replaces ``search_for`` in the given ``string`` with ``replace_with``.</doc>
<status status="NOT RUN" starttime="20230729 09:12:23.471" endtime="20230729 09:12:23.479"/>
</kw>
<status status="NOT RUN" starttime="20230729 09:12:23.471" endtime="20230729 09:12:23.480"/>
</branch>
<status status="PASS" starttime="20230729 09:12:23.471" endtime="20230729 09:12:23.480"/>
</if>
<kw name="Element Text Should Be" library="common">
<arg>id=swal2-html-container</arg>
<arg>${message}</arg>
<kw name="Get Text" library="Browser">
<arg>${locator}</arg>
<arg>equal</arg>
<arg>${expected}</arg>
<arg>${message}</arg>
<tag>Assertion</tag>
<tag>Getter</tag>
<tag>PageContent</tag>
<doc>Returns text attribute of the element found by ``selector``.</doc>
<msg timestamp="20230729 09:12:25.802" level="INFO">Text: 'Thành công'</msg>
<status status="PASS" starttime="20230729 09:12:23.482" endtime="20230729 09:12:25.803"/>
</kw>
<status status="PASS" starttime="20230729 09:12:23.482" endtime="20230729 09:12:25.803"/>
</kw>
<kw name="Set Variable" library="BuiltIn">
<var>${element}</var>
<arg>xpath=//*[contains(@class, "swal2-confirm")]</arg>
<doc>Returns the given values which can then be assigned to a variables.</doc>
<msg timestamp="20230729 09:12:25.804" level="INFO">${element} = xpath=//*[contains(@class, "swal2-confirm")]</msg>
<status status="PASS" starttime="20230729 09:12:25.804" endtime="20230729 09:12:25.804"/>
</kw>
<kw name="Run Keyword And Return Status" library="BuiltIn">
<var>${passed}</var>
<arg>Element Should Be Visible</arg>
<arg>${element}</arg>
<doc>Runs the given keyword with given arguments and returns the status as a Boolean value.</doc>
<kw name="Element Should Be Visible" library="common">
<arg>${element}</arg>
<kw name="Wait For Elements State" library="Browser">
<arg>${locator}</arg>
<arg>visible</arg>
<arg>${timeout}</arg>
<arg>${message}</arg>
<tag>PageContent</tag>
<tag>Wait</tag>
<doc>Waits for the element found by ``selector`` to satisfy state option.</doc>
<msg timestamp="20230729 09:12:26.288" level="INFO" html="true">&lt;/td&gt;&lt;/tr&gt;&lt;tr&gt;&lt;td colspan="3"&gt;&lt;a href="browser/screenshot/fail-screenshot-1.png" target="_blank"&gt;&lt;img src="browser/screenshot/fail-screenshot-1.png" width="800px"/&gt;&lt;/a&gt;</msg>
<msg timestamp="20230729 09:12:26.289" level="INFO">See also file:///C:/Users/nhats/OneDrive/Desktop/ARI/vite-react-ari/playwright-log.txt for additional details.</msg>
<msg timestamp="20230729 09:12:26.291" level="FAIL">TimeoutError: locator.waitFor: Timeout 100ms exceeded.
=========================== logs ===========================
waiting for locator('xpath=//*[contains(@class, "swal2-confirm")]') to be visible
============================================================
Tip: Use "Set Browser Timeout" for increasing the timeout or double check your locator as the targeted element(s) couldn't be found.</msg>
<status status="FAIL" starttime="20230729 09:12:25.808" endtime="20230729 09:12:26.302"/>
</kw>
<status status="FAIL" starttime="20230729 09:12:25.805" endtime="20230729 09:12:26.303"/>
</kw>
<msg timestamp="20230729 09:12:26.303" level="INFO">${passed} = False</msg>
<status status="PASS" starttime="20230729 09:12:25.805" endtime="20230729 09:12:26.303"/>
</kw>
<if>
<branch type="IF" condition="'${passed}' == 'True'">
<kw name="Click" library="Browser">
<arg>${element}</arg>
<tag>PageContent</tag>
<tag>Setter</tag>
<doc>Simulates mouse click on the element found by ``selector``.</doc>
<status status="NOT RUN" starttime="20230729 09:12:26.305" endtime="20230729 09:12:26.305"/>
</kw>
<status status="NOT RUN" starttime="20230729 09:12:26.304" endtime="20230729 09:12:26.305"/>
</branch>
<status status="PASS" starttime="20230729 09:12:26.304" endtime="20230729 09:12:26.305"/>
</if>
<kw name="Wait Until Element Is Not Exist" library="common">
<arg>${element}</arg>
<kw name="Wait For Elements State" library="Browser">
<arg>${locator}</arg>
<arg>detached</arg>
<arg>${timeout}</arg>
<arg>${message}</arg>
<tag>PageContent</tag>
<tag>Wait</tag>
<doc>Waits for the element found by ``selector`` to satisfy state option.</doc>
<msg timestamp="20230729 09:12:28.792" level="INFO">Waited for Element with selector xpath=//*[contains(@class, "swal2-confirm")] at state detached</msg>
<status status="PASS" starttime="20230729 09:12:26.308" endtime="20230729 09:12:28.792"/>
</kw>
<status status="PASS" starttime="20230729 09:12:26.306" endtime="20230729 09:12:28.792"/>
</kw>
<status status="PASS" starttime="20230729 09:12:23.471" endtime="20230729 09:12:28.792"/>
</kw>
<status status="PASS" starttime="20230729 09:12:20.457" endtime="20230729 09:12:28.792"/>
</kw>
<kw name="User look title &quot;Danh sách nghỉ phép&quot;" library="common" sourcename="User look title &quot;${title}&quot;">
<kw name="Wait Until Element Spin" library="common">
<kw name="Set Variable" library="BuiltIn">
<var>${element}</var>
<arg>xpath=//*[contains(@class, "ant-spin-spinning")]</arg>
<doc>Returns the given values which can then be assigned to a variables.</doc>
<msg timestamp="20230729 09:12:28.792" level="INFO">${element} = xpath=//*[contains(@class, "ant-spin-spinning")]</msg>
<status status="PASS" starttime="20230729 09:12:28.792" endtime="20230729 09:12:28.792"/>
</kw>
<kw name="Get Element Count" library="Browser">
<var>${count}</var>
<arg>${element}</arg>
<tag>Assertion</tag>
<tag>Getter</tag>
<tag>PageContent</tag>
<doc>Returns the count of elements found with ``selector``.</doc>
<msg timestamp="20230729 09:12:28.810" level="INFO">${count} = 0</msg>
<status status="PASS" starttime="20230729 09:12:28.792" endtime="20230729 09:12:28.810"/>
</kw>
<if>
<branch type="IF" condition="${count} &gt; 0">
<kw name="Wait Until Element Is Not Exist" library="common">
<arg>${element}</arg>
<status status="NOT RUN" starttime="20230729 09:12:28.811" endtime="20230729 09:12:28.811"/>
</kw>
<status status="NOT RUN" starttime="20230729 09:12:28.810" endtime="20230729 09:12:28.811"/>
</branch>
<status status="PASS" starttime="20230729 09:12:28.810" endtime="20230729 09:12:28.811"/>
</if>
<status status="PASS" starttime="20230729 09:12:28.792" endtime="20230729 09:12:28.811"/>
</kw>
<kw name="Title Should Be" library="common">
<arg>${title}</arg>
<kw name="Wait Until Element Spin" library="common">
<kw name="Set Variable" library="BuiltIn">
<var>${element}</var>
<arg>xpath=//*[contains(@class, "ant-spin-spinning")]</arg>
<doc>Returns the given values which can then be assigned to a variables.</doc>
<msg timestamp="20230729 09:12:28.815" level="INFO">${element} = xpath=//*[contains(@class, "ant-spin-spinning")]</msg>
<status status="PASS" starttime="20230729 09:12:28.815" endtime="20230729 09:12:28.815"/>
</kw>
<kw name="Get Element Count" library="Browser">
<var>${count}</var>
<arg>${element}</arg>
<tag>Assertion</tag>
<tag>Getter</tag>
<tag>PageContent</tag>
<doc>Returns the count of elements found with ``selector``.</doc>
<msg timestamp="20230729 09:12:28.825" level="INFO">${count} = 0</msg>
<status status="PASS" starttime="20230729 09:12:28.816" endtime="20230729 09:12:28.826"/>
</kw>
<if>
<branch type="IF" condition="${count} &gt; 0">
<kw name="Wait Until Element Is Not Exist" library="common">
<arg>${element}</arg>
<status status="NOT RUN" starttime="20230729 09:12:28.827" endtime="20230729 09:12:28.828"/>
</kw>
<status status="NOT RUN" starttime="20230729 09:12:28.827" endtime="20230729 09:12:28.830"/>
</branch>
<status status="PASS" starttime="20230729 09:12:28.826" endtime="20230729 09:12:28.831"/>
</if>
<status status="PASS" starttime="20230729 09:12:28.811" endtime="20230729 09:12:28.832"/>
</kw>
<kw name="Get Title" library="Browser">
<var>${actualTitle}</var>
<tag>Assertion</tag>
<tag>Getter</tag>
<tag>PageContent</tag>
<doc>Returns the title of the current page.</doc>
<msg timestamp="20230729 09:12:28.844" level="INFO">Title: 'Danh sách nghỉ phép'</msg>
<msg timestamp="20230729 09:12:28.845" level="INFO">${actualTitle} = Danh sách nghỉ phép</msg>
<status status="PASS" starttime="20230729 09:12:28.833" endtime="20230729 09:12:28.845"/>
</kw>
<kw name="Should Be Equal As Strings" library="BuiltIn">
<arg>${actualTitle}</arg>
<arg>${expectedTitle}</arg>
<doc>Fails if objects are unequal after converting them to strings.</doc>
<status status="PASS" starttime="20230729 09:12:28.846" endtime="20230729 09:12:28.847"/>
</kw>
<status status="PASS" starttime="20230729 09:12:28.811" endtime="20230729 09:12:28.848"/>
</kw>
<status status="PASS" starttime="20230729 09:12:28.792" endtime="20230729 09:12:28.848"/>
</kw>
<kw name="Then Show list of &quot;created&quot; leave date" library="common" sourcename="Show list of &quot;${name}&quot; leave date">
<kw name="Sleep" library="BuiltIn">
<arg>3</arg>
<doc>Pauses the test executed for the given time.</doc>
<msg timestamp="20230729 09:12:31.851" level="INFO">Slept 3 seconds</msg>
<status status="PASS" starttime="20230729 09:12:28.851" endtime="20230729 09:12:31.851"/>
</kw>
<kw name="Get Elements" library="Browser">
<var>${elements}</var>
<arg>xpath=//*[contains(@class, "ant-table-row")]</arg>
<tag>Getter</tag>
<tag>PageContent</tag>
<doc>Returns a reference to Playwright [https://playwright.dev/docs/api/class-locator|Locator]
for all matched elements by ``selector``.</doc>
<msg timestamp="20230729 09:12:31.871" level="INFO">Found 5 Locators successfully.</msg>
<msg timestamp="20230729 09:12:31.871" level="INFO">${elements} = ['element=1587b859-1408-4440-a00a-1ac7b402ca64', 'element=e5d10aaa-8d75-4ba4-bce4-ac56b81e2c4e', 'element=3bd4521f-3822-49c9-a874-5c507f247ed3', 'element=60317d04-c8b4-4aa5-ac56-6a5eafa8a2ad', 'elemen...</msg>
<status status="PASS" starttime="20230729 09:12:31.851" endtime="20230729 09:12:31.871"/>
</kw>
<kw name="Set Variable" library="BuiltIn">
<var>${user_count}</var>
<arg>2</arg>
<doc>Returns the given values which can then be assigned to a variables.</doc>
<msg timestamp="20230729 09:12:31.871" level="INFO">${user_count} = 2</msg>
<status status="PASS" starttime="20230729 09:12:31.871" endtime="20230729 09:12:31.871"/>
</kw>
<kw name="Set Variable" library="BuiltIn">
<var>${stt}</var>
<arg>1</arg>
<doc>Returns the given values which can then be assigned to a variables.</doc>
<msg timestamp="20230729 09:12:31.871" level="INFO">${stt} = 1</msg>
<status status="PASS" starttime="20230729 09:12:31.871" endtime="20230729 09:12:31.876"/>
</kw>
<for flavor="IN">
<var>${item}</var>
<value>@{elements}</value>
<iter>
<var name="${item}">element=1587b859-1408-4440-a00a-1ac7b402ca64</var>
<kw name="Get Text" library="Browser">
<var>${username}</var>
<arg>//tbody/tr[${user_count}]/td[2]/div[1]/span[1]</arg>
<tag>Assertion</tag>
<tag>Getter</tag>
<tag>PageContent</tag>
<doc>Returns text attribute of the element found by ``selector``.</doc>
<msg timestamp="20230729 09:12:31.911" level="INFO">Text: 'Hoàng Diệu'</msg>
<msg timestamp="20230729 09:12:31.911" level="INFO">${username} = Hoàng Diệu</msg>
<status status="PASS" starttime="20230729 09:12:31.876" endtime="20230729 09:12:31.911"/>
</kw>
<kw name="Get Elements" library="Browser">
<var>${element_manager}</var>
<arg>//tbody/tr[${user_count}]/td[3]/div[1]/span[1]</arg>
<tag>Getter</tag>
<tag>PageContent</tag>
<doc>Returns a reference to Playwright [https://playwright.dev/docs/api/class-locator|Locator]
for all matched elements by ``selector``.</doc>
<msg timestamp="20230729 09:12:31.923" level="INFO">Found 1 Locators successfully.</msg>
<msg timestamp="20230729 09:12:31.923" level="INFO">${element_manager} = ['element=246268d7-428d-4131-9d91-664dbefec954']</msg>
<status status="PASS" starttime="20230729 09:12:31.911" endtime="20230729 09:12:31.923"/>
</kw>
<kw name="Get Text" library="Browser">
<var>${manager}</var>
<arg>${element_manager}[0]</arg>
<tag>Assertion</tag>
<tag>Getter</tag>
<tag>PageContent</tag>
<doc>Returns text attribute of the element found by ``selector``.</doc>
<msg timestamp="20230729 09:12:31.960" level="INFO">Text: 'Hoàng Anh'</msg>
<msg timestamp="20230729 09:12:31.961" level="INFO">${manager} = Hoàng Anh</msg>
<status status="PASS" starttime="20230729 09:12:31.923" endtime="20230729 09:12:31.961"/>
</kw>
<kw name="Get Elements" library="Browser">
<var>${element_type}</var>
<arg>//tbody/tr[${user_count}]/td[4]</arg>
<tag>Getter</tag>
<tag>PageContent</tag>
<doc>Returns a reference to Playwright [https://playwright.dev/docs/api/class-locator|Locator]
for all matched elements by ``selector``.</doc>
<msg timestamp="20230729 09:12:31.971" level="INFO">Found 1 Locators successfully.</msg>
<msg timestamp="20230729 09:12:31.971" level="INFO">${element_type} = ['element=00f55fac-4859-49c4-8c82-54de0466b676']</msg>
<status status="PASS" starttime="20230729 09:12:31.961" endtime="20230729 09:12:31.971"/>
</kw>
<kw name="Get Text" library="Browser">
<var>${type}</var>
<arg>${element_type}[0]</arg>
<tag>Assertion</tag>
<tag>Getter</tag>
<tag>PageContent</tag>
<doc>Returns text attribute of the element found by ``selector``.</doc>
<msg timestamp="20230729 09:12:32.010" level="INFO">Text: 'Làm remote'</msg>
<msg timestamp="20230729 09:12:32.010" level="INFO">${type} = Làm remote</msg>
<status status="PASS" starttime="20230729 09:12:31.980" endtime="20230729 09:12:32.010"/>
</kw>
<kw name="Get Elements" library="Browser">
<var>${element_time}</var>
<arg>//tbody/tr[${user_count}]/td[5]</arg>
<tag>Getter</tag>
<tag>PageContent</tag>
<doc>Returns a reference to Playwright [https://playwright.dev/docs/api/class-locator|Locator]
for all matched elements by ``selector``.</doc>
<msg timestamp="20230729 09:12:32.030" level="INFO">Found 1 Locators successfully.</msg>
<msg timestamp="20230729 09:12:32.030" level="INFO">${element_time} = ['element=4b214478-165a-49d7-8ae6-452ad89cca13']</msg>
<status status="PASS" starttime="20230729 09:12:32.010" endtime="20230729 09:12:32.030"/>
</kw>
<kw name="Get Text" library="Browser">
<var>${time}</var>
<arg>${element_time}[0]</arg>
<tag>Assertion</tag>
<tag>Getter</tag>
<tag>PageContent</tag>
<doc>Returns text attribute of the element found by ``selector``.</doc>
<msg timestamp="20230729 09:12:32.060" level="INFO">Text: 'Cả ngày'</msg>
<msg timestamp="20230729 09:12:32.060" level="INFO">${time} = Cả ngày</msg>
<status status="PASS" starttime="20230729 09:12:32.030" endtime="20230729 09:12:32.062"/>
</kw>
<kw name="Get Elements" library="Browser">
<var>${element_leave_date}</var>
<arg>//tbody/tr[${user_count}]/td[6]</arg>
<tag>Getter</tag>
<tag>PageContent</tag>
<doc>Returns a reference to Playwright [https://playwright.dev/docs/api/class-locator|Locator]
for all matched elements by ``selector``.</doc>
<msg timestamp="20230729 09:12:32.071" level="INFO">Found 1 Locators successfully.</msg>
<msg timestamp="20230729 09:12:32.071" level="INFO">${element_leave_date} = ['element=197c367c-9815-4f36-a525-7155d1f085f0']</msg>
<status status="PASS" starttime="20230729 09:12:32.062" endtime="20230729 09:12:32.071"/>
</kw>
<kw name="Get Text" library="Browser">
<var>${leave_date}</var>
<arg>${element_leave_date}[0]</arg>
<tag>Assertion</tag>
<tag>Getter</tag>
<tag>PageContent</tag>
<doc>Returns text attribute of the element found by ``selector``.</doc>
<msg timestamp="20230729 09:12:32.110" level="INFO">Text: '05-07-2023 =&gt; 06-07-2023'</msg>
<msg timestamp="20230729 09:12:32.110" level="INFO">${leave_date} = 05-07-2023 =&gt; 06-07-2023</msg>
<status status="PASS" starttime="20230729 09:12:32.079" endtime="20230729 09:12:32.110"/>
</kw>
<kw name="Get Text" library="Browser">
<var>${approvated_date}</var>
<arg>//tbody/tr[${user_count}]/td[8]</arg>
<tag>Assertion</tag>
<tag>Getter</tag>
<tag>PageContent</tag>
<doc>Returns text attribute of the element found by ``selector``.</doc>
<msg timestamp="20230729 09:12:32.140" level="INFO">Text: ''</msg>
<msg timestamp="20230729 09:12:32.140" level="INFO">${approvated_date} = </msg>
<status status="PASS" starttime="20230729 09:12:32.110" endtime="20230729 09:12:32.140"/>
</kw>
<kw name="Get Text" library="Browser">
<var>${approvated_by}</var>
<arg>//tbody/tr[${user_count}]/td[9]</arg>
<tag>Assertion</tag>
<tag>Getter</tag>
<tag>PageContent</tag>
<doc>Returns text attribute of the element found by ``selector``.</doc>
<msg timestamp="20230729 09:12:32.169" level="INFO">Text: ''</msg>
<msg timestamp="20230729 09:12:32.169" level="INFO">${approvated_by} = </msg>
<status status="PASS" starttime="20230729 09:12:32.142" endtime="20230729 09:12:32.169"/>
</kw>
<if>
<branch type="IF" condition="'${approvated_date}' == ''">
<kw name="Set Variable" library="BuiltIn">
<var>${status}</var>
<arg>Đang chờ phê duyệt</arg>
<doc>Returns the given values which can then be assigned to a variables.</doc>
<msg timestamp="20230729 09:12:32.170" level="INFO">${status} = Đang chờ phê duyệt</msg>
<status status="PASS" starttime="20230729 09:12:32.170" endtime="20230729 09:12:32.170"/>
</kw>
<status status="PASS" starttime="20230729 09:12:32.170" endtime="20230729 09:12:32.170"/>
</branch>
<status status="PASS" starttime="20230729 09:12:32.170" endtime="20230729 09:12:32.170"/>
</if>
<if>
<branch type="IF" condition="'${name}'=='approved'">
<kw name="Set Variable" library="BuiltIn">
<var>${status}</var>
<arg>Đã phê duyệt</arg>
<doc>Returns the given values which can then be assigned to a variables.</doc>
<status status="NOT RUN" starttime="20230729 09:12:32.173" endtime="20230729 09:12:32.173"/>
</kw>
<status status="NOT RUN" starttime="20230729 09:12:32.170" endtime="20230729 09:12:32.173"/>
</branch>
<branch type="ELSE IF" condition="'${name}'=='rejected'">
<kw name="Set Variable" library="BuiltIn">
<var>${status}</var>
<arg>Từ chối phê duyệt</arg>
<doc>Returns the given values which can then be assigned to a variables.</doc>
<status status="NOT RUN" starttime="20230729 09:12:32.173" endtime="20230729 09:12:32.173"/>
</kw>
<status status="NOT RUN" starttime="20230729 09:12:32.173" endtime="20230729 09:12:32.173"/>
</branch>
<branch type="ELSE IF" condition="'${name}'=='pending'">
<kw name="Set Variable" library="BuiltIn">
<var>${status}</var>
<arg>Đang chờ phê duyệt</arg>
<doc>Returns the given values which can then be assigned to a variables.</doc>
<status status="NOT RUN" starttime="20230729 09:12:32.173" endtime="20230729 09:12:32.173"/>
</kw>
<status status="NOT RUN" starttime="20230729 09:12:32.173" endtime="20230729 09:12:32.173"/>
</branch>
<branch type="ELSE IF" condition="'${name}'=='created'">
<kw name="Set Variable" library="BuiltIn">
<var>${status}</var>
<arg>${EMPTY}</arg>
<doc>Returns the given values which can then be assigned to a variables.</doc>
<msg timestamp="20230729 09:12:32.180" level="INFO">${status} = </msg>
<status status="PASS" starttime="20230729 09:12:32.173" endtime="20230729 09:12:32.180"/>
</kw>
<status status="PASS" starttime="20230729 09:12:32.173" endtime="20230729 09:12:32.181"/>
</branch>
<status status="PASS" starttime="20230729 09:12:32.170" endtime="20230729 09:12:32.181"/>
</if>
<kw name="Log To Console" library="BuiltIn">
<arg>${stt}. Họ và tên: ${username} | Quản lý: ${manager} | Loại phép: ${type} | Thời gian: ${time} | Ngày nghỉ: ${leave_date} | Trạng thái: ${status} | Ngày phê duyệt: ${approvated_date} | Người phê duyệt: ${approvated_by}</arg>
<doc>Logs the given message to the console.</doc>
<status status="PASS" starttime="20230729 09:12:32.181" endtime="20230729 09:12:32.181"/>
</kw>
<kw name="Log To Console" library="BuiltIn">
<arg>================================================================================================================================================================================================================================================================</arg>
<doc>Logs the given message to the console.</doc>
<status status="PASS" starttime="20230729 09:12:32.181" endtime="20230729 09:12:32.181"/>
</kw>
<kw name="Evaluate" library="BuiltIn">
<var>${user_count}</var>
<arg>${user_count} + 1</arg>
<doc>Evaluates the given expression in Python and returns the result.</doc>
<msg timestamp="20230729 09:12:32.181" level="INFO">${user_count} = 3</msg>
<status status="PASS" starttime="20230729 09:12:32.181" endtime="20230729 09:12:32.181"/>
</kw>
<kw name="Evaluate" library="BuiltIn">
<var>${stt}</var>
<arg>${stt} + 1</arg>
<doc>Evaluates the given expression in Python and returns the result.</doc>
<msg timestamp="20230729 09:12:32.181" level="INFO">${stt} = 2</msg>
<status status="PASS" starttime="20230729 09:12:32.181" endtime="20230729 09:12:32.181"/>
</kw>
<status status="PASS" starttime="20230729 09:12:31.876" endtime="20230729 09:12:32.181"/>
</iter>
<iter>
<var name="${item}">element=e5d10aaa-8d75-4ba4-bce4-ac56b81e2c4e</var>
<kw name="Get Text" library="Browser">
<var>${username}</var>
<arg>//tbody/tr[${user_count}]/td[2]/div[1]/span[1]</arg>
<tag>Assertion</tag>
<tag>Getter</tag>
<tag>PageContent</tag>
<doc>Returns text attribute of the element found by ``selector``.</doc>
<msg timestamp="20230729 09:12:32.225" level="INFO">Text: 'Hoàng Diệu'</msg>
<msg timestamp="20230729 09:12:32.226" level="INFO">${username} = Hoàng Diệu</msg>
<status status="PASS" starttime="20230729 09:12:32.190" endtime="20230729 09:12:32.226"/>
</kw>
<kw name="Get Elements" library="Browser">
<var>${element_manager}</var>
<arg>//tbody/tr[${user_count}]/td[3]/div[1]/span[1]</arg>
<tag>Getter</tag>
<tag>PageContent</tag>
<doc>Returns a reference to Playwright [https://playwright.dev/docs/api/class-locator|Locator]
for all matched elements by ``selector``.</doc>
<msg timestamp="20230729 09:12:32.243" level="INFO">Found 1 Locators successfully.</msg>
<msg timestamp="20230729 09:12:32.244" level="INFO">${element_manager} = ['element=2dceaf07-3da0-404c-96b0-968aae399787']</msg>
<status status="PASS" starttime="20230729 09:12:32.226" endtime="20230729 09:12:32.244"/>
</kw>
<kw name="Get Text" library="Browser">
<var>${manager}</var>
<arg>${element_manager}[0]</arg>
<tag>Assertion</tag>
<tag>Getter</tag>
<tag>PageContent</tag>
<doc>Returns text attribute of the element found by ``selector``.</doc>
<msg timestamp="20230729 09:12:32.276" level="INFO">Text: 'Hoàng Anh'</msg>
<msg timestamp="20230729 09:12:32.276" level="INFO">${manager} = Hoàng Anh</msg>
<status status="PASS" starttime="20230729 09:12:32.245" endtime="20230729 09:12:32.276"/>
</kw>
<kw name="Get Elements" library="Browser">
<var>${element_type}</var>
<arg>//tbody/tr[${user_count}]/td[4]</arg>
<tag>Getter</tag>
<tag>PageContent</tag>
<doc>Returns a reference to Playwright [https://playwright.dev/docs/api/class-locator|Locator]
for all matched elements by ``selector``.</doc>
<msg timestamp="20230729 09:12:32.292" level="INFO">Found 1 Locators successfully.</msg>
<msg timestamp="20230729 09:12:32.292" level="INFO">${element_type} = ['element=7940bf7a-175e-4eec-a571-fa9d4437455d']</msg>
<status status="PASS" starttime="20230729 09:12:32.276" endtime="20230729 09:12:32.292"/>
</kw>
<kw name="Get Text" library="Browser">
<var>${type}</var>
<arg>${element_type}[0]</arg>
<tag>Assertion</tag>
<tag>Getter</tag>
<tag>PageContent</tag>
<doc>Returns text attribute of the element found by ``selector``.</doc>
<msg timestamp="20230729 09:12:32.323" level="INFO">Text: 'Nghỉ phép không lương'</msg>
<msg timestamp="20230729 09:12:32.323" level="INFO">${type} = Nghỉ phép không lương</msg>
<status status="PASS" starttime="20230729 09:12:32.292" endtime="20230729 09:12:32.323"/>
</kw>
<kw name="Get Elements" library="Browser">
<var>${element_time}</var>
<arg>//tbody/tr[${user_count}]/td[5]</arg>
<tag>Getter</tag>
<tag>PageContent</tag>
<doc>Returns a reference to Playwright [https://playwright.dev/docs/api/class-locator|Locator]
for all matched elements by ``selector``.</doc>
<msg timestamp="20230729 09:12:32.341" level="INFO">Found 1 Locators successfully.</msg>
<msg timestamp="20230729 09:12:32.341" level="INFO">${element_time} = ['element=99bd7d81-a31b-4e33-abd3-dd4afa9b5d99']</msg>
<status status="PASS" starttime="20230729 09:12:32.323" endtime="20230729 09:12:32.341"/>
</kw>
<kw name="Get Text" library="Browser">
<var>${time}</var>
<arg>${element_time}[0]</arg>
<tag>Assertion</tag>
<tag>Getter</tag>
<tag>PageContent</tag>
<doc>Returns text attribute of the element found by ``selector``.</doc>
<msg timestamp="20230729 09:12:32.371" level="INFO">Text: 'Cả ngày'</msg>
<msg timestamp="20230729 09:12:32.371" level="INFO">${time} = Cả ngày</msg>
<status status="PASS" starttime="20230729 09:12:32.341" endtime="20230729 09:12:32.371"/>
</kw>
<kw name="Get Elements" library="Browser">
<var>${element_leave_date}</var>
<arg>//tbody/tr[${user_count}]/td[6]</arg>
<tag>Getter</tag>
<tag>PageContent</tag>
<doc>Returns a reference to Playwright [https://playwright.dev/docs/api/class-locator|Locator]
for all matched elements by ``selector``.</doc>
<msg timestamp="20230729 09:12:32.403" level="INFO">Found 1 Locators successfully.</msg>
<msg timestamp="20230729 09:12:32.403" level="INFO">${element_leave_date} = ['element=caec9485-feba-4c26-9aeb-e52a46ae489a']</msg>
<status status="PASS" starttime="20230729 09:12:32.371" endtime="20230729 09:12:32.403"/>
</kw>
<kw name="Get Text" library="Browser">
<var>${leave_date}</var>
<arg>${element_leave_date}[0]</arg>
<tag>Assertion</tag>
<tag>Getter</tag>
<tag>PageContent</tag>
<doc>Returns text attribute of the element found by ``selector``.</doc>
<msg timestamp="20230729 09:12:32.441" level="INFO">Text: '03-07-2023 =&gt; 04-07-2023'</msg>
<msg timestamp="20230729 09:12:32.441" level="INFO">${leave_date} = 03-07-2023 =&gt; 04-07-2023</msg>
<status status="PASS" starttime="20230729 09:12:32.403" endtime="20230729 09:12:32.441"/>
</kw>
<kw name="Get Text" library="Browser">
<var>${approvated_date}</var>
<arg>//tbody/tr[${user_count}]/td[8]</arg>
<tag>Assertion</tag>
<tag>Getter</tag>
<tag>PageContent</tag>
<doc>Returns text attribute of the element found by ``selector``.</doc>
<msg timestamp="20230729 09:12:32.471" level="INFO">Text: ''</msg>
<msg timestamp="20230729 09:12:32.471" level="INFO">${approvated_date} = </msg>
<status status="PASS" starttime="20230729 09:12:32.441" endtime="20230729 09:12:32.471"/>
</kw>
<kw name="Get Text" library="Browser">
<var>${approvated_by}</var>
<arg>//tbody/tr[${user_count}]/td[9]</arg>
<tag>Assertion</tag>
<tag>Getter</tag>
<tag>PageContent</tag>
<doc>Returns text attribute of the element found by ``selector``.</doc>
<msg timestamp="20230729 09:12:32.500" level="INFO">Text: ''</msg>
<msg timestamp="20230729 09:12:32.500" level="INFO">${approvated_by} = </msg>
<status status="PASS" starttime="20230729 09:12:32.471" endtime="20230729 09:12:32.500"/>
</kw>
<if>
<branch type="IF" condition="'${approvated_date}' == ''">
<kw name="Set Variable" library="BuiltIn">
<var>${status}</var>
<arg>Đang chờ phê duyệt</arg>
<doc>Returns the given values which can then be assigned to a variables.</doc>
<msg timestamp="20230729 09:12:32.504" level="INFO">${status} = Đang chờ phê duyệt</msg>
<status status="PASS" starttime="20230729 09:12:32.504" endtime="20230729 09:12:32.504"/>
</kw>
<status status="PASS" starttime="20230729 09:12:32.504" endtime="20230729 09:12:32.504"/>
</branch>
<status status="PASS" starttime="20230729 09:12:32.504" endtime="20230729 09:12:32.504"/>
</if>
<if>
<branch type="IF" condition="'${name}'=='approved'">
<kw name="Set Variable" library="BuiltIn">
<var>${status}</var>
<arg>Đã phê duyệt</arg>
<doc>Returns the given values which can then be assigned to a variables.</doc>
<status status="NOT RUN" starttime="20230729 09:12:32.504" endtime="20230729 09:12:32.504"/>
</kw>
<status status="NOT RUN" starttime="20230729 09:12:32.504" endtime="20230729 09:12:32.504"/>
</branch>
<branch type="ELSE IF" condition="'${name}'=='rejected'">
<kw name="Set Variable" library="BuiltIn">
<var>${status}</var>
<arg>Từ chối phê duyệt</arg>
<doc>Returns the given values which can then be assigned to a variables.</doc>
<status status="NOT RUN" starttime="20230729 09:12:32.504" endtime="20230729 09:12:32.504"/>
</kw>
<status status="NOT RUN" starttime="20230729 09:12:32.504" endtime="20230729 09:12:32.504"/>
</branch>
<branch type="ELSE IF" condition="'${name}'=='pending'">
<kw name="Set Variable" library="BuiltIn">
<var>${status}</var>
<arg>Đang chờ phê duyệt</arg>
<doc>Returns the given values which can then be assigned to a variables.</doc>
<status status="NOT RUN" starttime="20230729 09:12:32.509" endtime="20230729 09:12:32.510"/>
</kw>
<status status="NOT RUN" starttime="20230729 09:12:32.509" endtime="20230729 09:12:32.510"/>
</branch>
<branch type="ELSE IF" condition="'${name}'=='created'">
<kw name="Set Variable" library="BuiltIn">
<var>${status}</var>
<arg>${EMPTY}</arg>
<doc>Returns the given values which can then be assigned to a variables.</doc>
<msg timestamp="20230729 09:12:32.513" level="INFO">${status} = </msg>
<status status="PASS" starttime="20230729 09:12:32.511" endtime="20230729 09:12:32.513"/>
</kw>
<status status="PASS" starttime="20230729 09:12:32.510" endtime="20230729 09:12:32.513"/>
</branch>
<status status="PASS" starttime="20230729 09:12:32.504" endtime="20230729 09:12:32.513"/>
</if>
<kw name="Log To Console" library="BuiltIn">
<arg>${stt}. Họ và tên: ${username} | Quản lý: ${manager} | Loại phép: ${type} | Thời gian: ${time} | Ngày nghỉ: ${leave_date} | Trạng thái: ${status} | Ngày phê duyệt: ${approvated_date} | Người phê duyệt: ${approvated_by}</arg>
<doc>Logs the given message to the console.</doc>
<status status="PASS" starttime="20230729 09:12:32.513" endtime="20230729 09:12:32.513"/>
</kw>
<kw name="Log To Console" library="BuiltIn">
<arg>================================================================================================================================================================================================================================================================</arg>
<doc>Logs the given message to the console.</doc>
<status status="PASS" starttime="20230729 09:12:32.513" endtime="20230729 09:12:32.513"/>
</kw>
<kw name="Evaluate" library="BuiltIn">
<var>${user_count}</var>
<arg>${user_count} + 1</arg>
<doc>Evaluates the given expression in Python and returns the result.</doc>
<msg timestamp="20230729 09:12:32.518" level="INFO">${user_count} = 4</msg>
<status status="PASS" starttime="20230729 09:12:32.518" endtime="20230729 09:12:32.518"/>
</kw>
<kw name="Evaluate" library="BuiltIn">
<var>${stt}</var>
<arg>${stt} + 1</arg>
<doc>Evaluates the given expression in Python and returns the result.</doc>
<msg timestamp="20230729 09:12:32.520" level="INFO">${stt} = 3</msg>
<status status="PASS" starttime="20230729 09:12:32.518" endtime="20230729 09:12:32.520"/>
</kw>
<status status="PASS" starttime="20230729 09:12:32.181" endtime="20230729 09:12:32.520"/>
</iter>
<iter>
<var name="${item}">element=3bd4521f-3822-49c9-a874-5c507f247ed3</var>
<kw name="Get Text" library="Browser">
<var>${username}</var>
<arg>//tbody/tr[${user_count}]/td[2]/div[1]/span[1]</arg>
<tag>Assertion</tag>
<tag>Getter</tag>
<tag>PageContent</tag>
<doc>Returns text attribute of the element found by ``selector``.</doc>
<msg timestamp="20230729 09:12:32.561" level="INFO">Text: 'Hoàng Diệu'</msg>
<msg timestamp="20230729 09:12:32.561" level="INFO">${username} = Hoàng Diệu</msg>
<status status="PASS" starttime="20230729 09:12:32.521" endtime="20230729 09:12:32.561"/>
</kw>
<kw name="Get Elements" library="Browser">
<var>${element_manager}</var>
<arg>//tbody/tr[${user_count}]/td[3]/div[1]/span[1]</arg>
<tag>Getter</tag>
<tag>PageContent</tag>
<doc>Returns a reference to Playwright [https://playwright.dev/docs/api/class-locator|Locator]
for all matched elements by ``selector``.</doc>
<msg timestamp="20230729 09:12:32.577" level="INFO">Found 1 Locators successfully.</msg>
<msg timestamp="20230729 09:12:32.577" level="INFO">${element_manager} = ['element=4509ddff-164b-4299-8c6b-69402349acc2']</msg>
<status status="PASS" starttime="20230729 09:12:32.562" endtime="20230729 09:12:32.577"/>
</kw>
<kw name="Get Text" library="Browser">
<var>${manager}</var>
<arg>${element_manager}[0]</arg>
<tag>Assertion</tag>
<tag>Getter</tag>
<tag>PageContent</tag>
<doc>Returns text attribute of the element found by ``selector``.</doc>
<msg timestamp="20230729 09:12:32.610" level="INFO">Text: 'Hoàng Anh'</msg>
<msg timestamp="20230729 09:12:32.610" level="INFO">${manager} = Hoàng Anh</msg>
<status status="PASS" starttime="20230729 09:12:32.578" endtime="20230729 09:12:32.610"/>
</kw>
<kw name="Get Elements" library="Browser">
<var>${element_type}</var>
<arg>//tbody/tr[${user_count}]/td[4]</arg>
<tag>Getter</tag>
<tag>PageContent</tag>
<doc>Returns a reference to Playwright [https://playwright.dev/docs/api/class-locator|Locator]
for all matched elements by ``selector``.</doc>
<msg timestamp="20230729 09:12:32.623" level="INFO">Found 1 Locators successfully.</msg>
<msg timestamp="20230729 09:12:32.623" level="INFO">${element_type} = ['element=4e9bc8ec-c794-42f4-a70c-e1de55b646bb']</msg>
<status status="PASS" starttime="20230729 09:12:32.611" endtime="20230729 09:12:32.623"/>
</kw>
<kw name="Get Text" library="Browser">
<var>${type}</var>
<arg>${element_type}[0]</arg>
<tag>Assertion</tag>
<tag>Getter</tag>
<tag>PageContent</tag>
<doc>Returns text attribute of the element found by ``selector``.</doc>
<msg timestamp="20230729 09:12:32.654" level="INFO">Text: 'Nghỉ phép có lương'</msg>
<msg timestamp="20230729 09:12:32.654" level="INFO">${type} = Nghỉ phép có lương</msg>
<status status="PASS" starttime="20230729 09:12:32.623" endtime="20230729 09:12:32.654"/>
</kw>
<kw name="Get Elements" library="Browser">
<var>${element_time}</var>
<arg>//tbody/tr[${user_count}]/td[5]</arg>
<tag>Getter</tag>
<tag>PageContent</tag>
<doc>Returns a reference to Playwright [https://playwright.dev/docs/api/class-locator|Locator]
for all matched elements by ``selector``.</doc>
<msg timestamp="20230729 09:12:32.670" level="INFO">Found 1 Locators successfully.</msg>
<msg timestamp="20230729 09:12:32.672" level="INFO">${element_time} = ['element=290720e9-1947-4a0f-b444-1129c849dc41']</msg>
<status status="PASS" starttime="20230729 09:12:32.654" endtime="20230729 09:12:32.672"/>
</kw>
<kw name="Get Text" library="Browser">
<var>${time}</var>
<arg>${element_time}[0]</arg>
<tag>Assertion</tag>
<tag>Getter</tag>
<tag>PageContent</tag>
<doc>Returns text attribute of the element found by ``selector``.</doc>
<msg timestamp="20230729 09:12:32.702" level="INFO">Text: 'Cả ngày'</msg>
<msg timestamp="20230729 09:12:32.702" level="INFO">${time} = Cả ngày</msg>
<status status="PASS" starttime="20230729 09:12:32.672" endtime="20230729 09:12:32.702"/>
</kw>
<kw name="Get Elements" library="Browser">
<var>${element_leave_date}</var>
<arg>//tbody/tr[${user_count}]/td[6]</arg>
<tag>Getter</tag>
<tag>PageContent</tag>
<doc>Returns a reference to Playwright [https://playwright.dev/docs/api/class-locator|Locator]
for all matched elements by ``selector``.</doc>
<msg timestamp="20230729 09:12:32.711" level="INFO">Found 1 Locators successfully.</msg>
<msg timestamp="20230729 09:12:32.711" level="INFO">${element_leave_date} = ['element=4f40b431-d687-47a0-9f6a-e1707bf07294']</msg>
<status status="PASS" starttime="20230729 09:12:32.702" endtime="20230729 09:12:32.711"/>
</kw>
<kw name="Get Text" library="Browser">
<var>${leave_date}</var>
<arg>${element_leave_date}[0]</arg>
<tag>Assertion</tag>
<tag>Getter</tag>
<tag>PageContent</tag>
<doc>Returns text attribute of the element found by ``selector``.</doc>
<msg timestamp="20230729 09:12:32.741" level="INFO">Text: '28-07-2023'</msg>
<msg timestamp="20230729 09:12:32.741" level="INFO">${leave_date} = 28-07-2023</msg>
<status status="PASS" starttime="20230729 09:12:32.718" endtime="20230729 09:12:32.741"/>
</kw>
<kw name="Get Text" library="Browser">
<var>${approvated_date}</var>
<arg>//tbody/tr[${user_count}]/td[8]</arg>
<tag>Assertion</tag>
<tag>Getter</tag>
<tag>PageContent</tag>
<doc>Returns text attribute of the element found by ``selector``.</doc>
<msg timestamp="20230729 09:12:32.771" level="INFO">Text: ''</msg>
<msg timestamp="20230729 09:12:32.771" level="INFO">${approvated_date} = </msg>
<status status="PASS" starttime="20230729 09:12:32.741" endtime="20230729 09:12:32.771"/>
</kw>
<kw name="Get Text" library="Browser">
<var>${approvated_by}</var>
<arg>//tbody/tr[${user_count}]/td[9]</arg>
<tag>Assertion</tag>
<tag>Getter</tag>
<tag>PageContent</tag>
<doc>Returns text attribute of the element found by ``selector``.</doc>
<msg timestamp="20230729 09:12:32.801" level="INFO">Text: ''</msg>
<msg timestamp="20230729 09:12:32.801" level="INFO">${approvated_by} = </msg>
<status status="PASS" starttime="20230729 09:12:32.771" endtime="20230729 09:12:32.801"/>
</kw>
<if>
<branch type="IF" condition="'${approvated_date}' == ''">
<kw name="Set Variable" library="BuiltIn">
<var>${status}</var>
<arg>Đang chờ phê duyệt</arg>
<doc>Returns the given values which can then be assigned to a variables.</doc>
<msg timestamp="20230729 09:12:32.801" level="INFO">${status} = Đang chờ phê duyệt</msg>
<status status="PASS" starttime="20230729 09:12:32.801" endtime="20230729 09:12:32.801"/>
</kw>
<status status="PASS" starttime="20230729 09:12:32.801" endtime="20230729 09:12:32.801"/>
</branch>
<status status="PASS" starttime="20230729 09:12:32.801" endtime="20230729 09:12:32.801"/>
</if>
<if>
<branch type="IF" condition="'${name}'=='approved'">
<kw name="Set Variable" library="BuiltIn">
<var>${status}</var>
<arg>Đã phê duyệt</arg>
<doc>Returns the given values which can then be assigned to a variables.</doc>
<status status="NOT RUN" starttime="20230729 09:12:32.801" endtime="20230729 09:12:32.810"/>
</kw>
<status status="NOT RUN" starttime="20230729 09:12:32.801" endtime="20230729 09:12:32.810"/>
</branch>
<branch type="ELSE IF" condition="'${name}'=='rejected'">
<kw name="Set Variable" library="BuiltIn">
<var>${status}</var>
<arg>Từ chối phê duyệt</arg>
<doc>Returns the given values which can then be assigned to a variables.</doc>
<status status="NOT RUN" starttime="20230729 09:12:32.810" endtime="20230729 09:12:32.810"/>
</kw>
<status status="NOT RUN" starttime="20230729 09:12:32.810" endtime="20230729 09:12:32.811"/>
</branch>
<branch type="ELSE IF" condition="'${name}'=='pending'">
<kw name="Set Variable" library="BuiltIn">
<var>${status}</var>
<arg>Đang chờ phê duyệt</arg>
<doc>Returns the given values which can then be assigned to a variables.</doc>
<status status="NOT RUN" starttime="20230729 09:12:32.811" endtime="20230729 09:12:32.811"/>
</kw>
<status status="NOT RUN" starttime="20230729 09:12:32.811" endtime="20230729 09:12:32.811"/>
</branch>
<branch type="ELSE IF" condition="'${name}'=='created'">
<kw name="Set Variable" library="BuiltIn">
<var>${status}</var>
<arg>${EMPTY}</arg>
<doc>Returns the given values which can then be assigned to a variables.</doc>
<msg timestamp="20230729 09:12:32.811" level="INFO">${status} = </msg>
<status status="PASS" starttime="20230729 09:12:32.811" endtime="20230729 09:12:32.811"/>
</kw>
<status status="PASS" starttime="20230729 09:12:32.811" endtime="20230729 09:12:32.811"/>
</branch>
<status status="PASS" starttime="20230729 09:12:32.801" endtime="20230729 09:12:32.811"/>
</if>
<kw name="Log To Console" library="BuiltIn">
<arg>${stt}. Họ và tên: ${username} | Quản lý: ${manager} | Loại phép: ${type} | Thời gian: ${time} | Ngày nghỉ: ${leave_date} | Trạng thái: ${status} | Ngày phê duyệt: ${approvated_date} | Người phê duyệt: ${approvated_by}</arg>
<doc>Logs the given message to the console.</doc>
<status status="PASS" starttime="20230729 09:12:32.811" endtime="20230729 09:12:32.818"/>
</kw>
<kw name="Log To Console" library="BuiltIn">
<arg>================================================================================================================================================================================================================================================================</arg>
<doc>Logs the given message to the console.</doc>
<status status="PASS" starttime="20230729 09:12:32.818" endtime="20230729 09:12:32.819"/>
</kw>
<kw name="Evaluate" library="BuiltIn">
<var>${user_count}</var>
<arg>${user_count} + 1</arg>
<doc>Evaluates the given expression in Python and returns the result.</doc>
<msg timestamp="20230729 09:12:32.820" level="INFO">${user_count} = 5</msg>
<status status="PASS" starttime="20230729 09:12:32.819" endtime="20230729 09:12:32.820"/>
</kw>
<kw name="Evaluate" library="BuiltIn">
<var>${stt}</var>
<arg>${stt} + 1</arg>
<doc>Evaluates the given expression in Python and returns the result.</doc>
<msg timestamp="20230729 09:12:32.820" level="INFO">${stt} = 4</msg>
<status status="PASS" starttime="20230729 09:12:32.820" endtime="20230729 09:12:32.820"/>
</kw>
<status status="PASS" starttime="20230729 09:12:32.520" endtime="20230729 09:12:32.820"/>
</iter>
<iter>
<var name="${item}">element=60317d04-c8b4-4aa5-ac56-6a5eafa8a2ad</var>
<kw name="Get Text" library="Browser">
<var>${username}</var>
<arg>//tbody/tr[${user_count}]/td[2]/div[1]/span[1]</arg>
<tag>Assertion</tag>
<tag>Getter</tag>
<tag>PageContent</tag>
<doc>Returns text attribute of the element found by ``selector``.</doc>
<msg timestamp="20230729 09:12:32.863" level="INFO">Text: 'Hoàng Diệu'</msg>
<msg timestamp="20230729 09:12:32.864" level="INFO">${username} = Hoàng Diệu</msg>
<status status="PASS" starttime="20230729 09:12:32.820" endtime="20230729 09:12:32.864"/>
</kw>
<kw name="Get Elements" library="Browser">
<var>${element_manager}</var>
<arg>//tbody/tr[${user_count}]/td[3]/div[1]/span[1]</arg>
<tag>Getter</tag>
<tag>PageContent</tag>
<doc>Returns a reference to Playwright [https://playwright.dev/docs/api/class-locator|Locator]
for all matched elements by ``selector``.</doc>
<msg timestamp="20230729 09:12:32.880" level="INFO">Found 1 Locators successfully.</msg>
<msg timestamp="20230729 09:12:32.880" level="INFO">${element_manager} = ['element=add9f7b6-bd9c-47c5-9d49-7b58e4656870']</msg>
<status status="PASS" starttime="20230729 09:12:32.864" endtime="20230729 09:12:32.880"/>
</kw>
<kw name="Get Text" library="Browser">
<var>${manager}</var>
<arg>${element_manager}[0]</arg>
<tag>Assertion</tag>
<tag>Getter</tag>
<tag>PageContent</tag>
<doc>Returns text attribute of the element found by ``selector``.</doc>
<msg timestamp="20230729 09:12:32.910" level="INFO">Text: 'Hoàng Anh'</msg>
<msg timestamp="20230729 09:12:32.910" level="INFO">${manager} = Hoàng Anh</msg>
<status status="PASS" starttime="20230729 09:12:32.880" endtime="20230729 09:12:32.910"/>
</kw>
<kw name="Get Elements" library="Browser">
<var>${element_type}</var>
<arg>//tbody/tr[${user_count}]/td[4]</arg>
<tag>Getter</tag>
<tag>PageContent</tag>
<doc>Returns a reference to Playwright [https://playwright.dev/docs/api/class-locator|Locator]
for all matched elements by ``selector``.</doc>
<msg timestamp="20230729 09:12:32.923" level="INFO">Found 1 Locators successfully.</msg>
<msg timestamp="20230729 09:12:32.923" level="INFO">${element_type} = ['element=5696e5f9-6c64-49f0-8cd6-ee790375c67f']</msg>
<status status="PASS" starttime="20230729 09:12:32.910" endtime="20230729 09:12:32.923"/>
</kw>
<kw name="Get Text" library="Browser">
<var>${type}</var>
<arg>${element_type}[0]</arg>
<tag>Assertion</tag>
<tag>Getter</tag>
<tag>PageContent</tag>
<doc>Returns text attribute of the element found by ``selector``.</doc>
<msg timestamp="20230729 09:12:32.955" level="INFO">Text: 'Nghỉ phép có lương'</msg>
<msg timestamp="20230729 09:12:32.955" level="INFO">${type} = Nghỉ phép có lương</msg>
<status status="PASS" starttime="20230729 09:12:32.923" endtime="20230729 09:12:32.955"/>
</kw>
<kw name="Get Elements" library="Browser">
<var>${element_time}</var>
<arg>//tbody/tr[${user_count}]/td[5]</arg>
<tag>Getter</tag>
<tag>PageContent</tag>
<doc>Returns a reference to Playwright [https://playwright.dev/docs/api/class-locator|Locator]
for all matched elements by ``selector``.</doc>
<msg timestamp="20230729 09:12:32.971" level="INFO">Found 1 Locators successfully.</msg>
<msg timestamp="20230729 09:12:32.971" level="INFO">${element_time} = ['element=87b65fc7-15c3-4f78-80e4-aaf03a6d5ebf']</msg>
<status status="PASS" starttime="20230729 09:12:32.955" endtime="20230729 09:12:32.971"/>
</kw>
[...]
<msg timestamp="20230729 09:14:50.567" level="INFO">${time} = Cả ngày</msg>
<status status="PASS" starttime="20230729 09:14:50.551" endtime="20230729 09:14:50.567"/>
</kw>
<kw name="Get Elements" library="Browser">
<var>${element_leave_date}</var>
<arg>//tbody/tr[${user_count}]/td[6]</arg>
<tag>Getter</tag>
<tag>PageContent</tag>
<doc>Returns a reference to Playwright [https://playwright.dev/docs/api/class-locator|Locator]
for all matched elements by ``selector``.</doc>
<msg timestamp="20230729 09:14:50.592" level="INFO">Found 3 Locators successfully.</msg>
<msg timestamp="20230729 09:14:50.592" level="INFO">${element_leave_date} = ['element=42567627-e6f3-4230-b602-58046edd31de', 'element=3c132910-bcc7-4d76-906d-ad97e93bfd50', 'element=b2ea01b3-950b-45b5-941e-cab55ece38ae']</msg>
<status status="PASS" starttime="20230729 09:14:50.567" endtime="20230729 09:14:50.592"/>
</kw>
<kw name="Get Text" library="Browser">
<var>${leave_date}</var>
<arg>${element_leave_date}[0]</arg>
<tag>Assertion</tag>
<tag>Getter</tag>
<tag>PageContent</tag>
<doc>Returns text attribute of the element found by ``selector``.</doc>
<msg timestamp="20230729 09:14:50.614" level="INFO">Text: '06-07-2023 =&gt; 14-07-2023'</msg>
<msg timestamp="20230729 09:14:50.614" level="INFO">${leave_date} = 06-07-2023 =&gt; 14-07-2023</msg>
<status status="PASS" starttime="20230729 09:14:50.592" endtime="20230729 09:14:50.614"/>
</kw>
<kw name="Get Text" library="Browser">
<var>${approvated_date}</var>
<arg>//tbody/tr[${user_count}]/td[8]</arg>
<tag>Assertion</tag>
<tag>Getter</tag>
<tag>PageContent</tag>
<doc>Returns text attribute of the element found by ``selector``.</doc>
<msg timestamp="20230729 09:14:50.645" level="INFO">Text: '28-07-2023'</msg>
<msg timestamp="20230729 09:14:50.645" level="INFO">${approvated_date} = 28-07-2023</msg>
<status status="PASS" starttime="20230729 09:14:50.614" endtime="20230729 09:14:50.645"/>
</kw>
<kw name="Get Text" library="Browser">
<var>${approvated_by}</var>
<arg>//tbody/tr[${user_count}]/td[9]</arg>
<tag>Assertion</tag>
<tag>Getter</tag>
<tag>PageContent</tag>
<doc>Returns text attribute of the element found by ``selector``.</doc>
<msg timestamp="20230729 09:14:50.676" level="INFO">Text: 'H\nHoàng Anh'</msg>
<msg timestamp="20230729 09:14:50.676" level="INFO">${approvated_by} = H
Hoàng Anh</msg>
<status status="PASS" starttime="20230729 09:14:50.645" endtime="20230729 09:14:50.676"/>
</kw>
<if>
<branch type="IF" condition="'${approvated_date}' == ''">
<kw name="Set Variable" library="BuiltIn">
<var>${status}</var>
<arg>Đang chờ phê duyệt</arg>
<doc>Returns the given values which can then be assigned to a variables.</doc>
<status status="NOT RUN" starttime="20230729 09:14:50.676" endtime="20230729 09:14:50.676"/>
</kw>
<status status="NOT RUN" starttime="20230729 09:14:50.676" endtime="20230729 09:14:50.676"/>
</branch>
<status status="PASS" starttime="20230729 09:14:50.676" endtime="20230729 09:14:50.676"/>
</if>
<if>
<branch type="IF" condition="'${name}'=='approved'">
<kw name="Set Variable" library="BuiltIn">
<var>${status}</var>
<arg>Đã phê duyệt</arg>
<doc>Returns the given values which can then be assigned to a variables.</doc>
<status status="NOT RUN" starttime="20230729 09:14:50.676" endtime="20230729 09:14:50.676"/>
</kw>
<status status="NOT RUN" starttime="20230729 09:14:50.676" endtime="20230729 09:14:50.676"/>
</branch>
<branch type="ELSE IF" condition="'${name}'=='rejected'">
<kw name="Set Variable" library="BuiltIn">
<var>${status}</var>
<arg>Từ chối phê duyệt</arg>
<doc>Returns the given values which can then be assigned to a variables.</doc>
<status status="NOT RUN" starttime="20230729 09:14:50.676" endtime="20230729 09:14:50.676"/>
</kw>
<status status="NOT RUN" starttime="20230729 09:14:50.676" endtime="20230729 09:14:50.676"/>
</branch>
<branch type="ELSE IF" condition="'${name}'=='pending'">
<kw name="Set Variable" library="BuiltIn">
<var>${status}</var>
<arg>Đang chờ phê duyệt</arg>
<doc>Returns the given values which can then be assigned to a variables.</doc>
<status status="NOT RUN" starttime="20230729 09:14:50.676" endtime="20230729 09:14:50.676"/>
</kw>
<status status="NOT RUN" starttime="20230729 09:14:50.676" endtime="20230729 09:14:50.676"/>
</branch>
<branch type="ELSE IF" condition="'${name}'=='created'">
<kw name="Set Variable" library="BuiltIn">
<var>${status}</var>
<arg>${EMPTY}</arg>
<doc>Returns the given values which can then be assigned to a variables.</doc>
<msg timestamp="20230729 09:14:50.676" level="INFO">${status} = </msg>
<status status="PASS" starttime="20230729 09:14:50.676" endtime="20230729 09:14:50.676"/>
</kw>
<status status="PASS" starttime="20230729 09:14:50.676" endtime="20230729 09:14:50.692"/>
</branch>
<status status="PASS" starttime="20230729 09:14:50.676" endtime="20230729 09:14:50.692"/>
</if>
<kw name="Log To Console" library="BuiltIn">
<arg>${stt}. Họ và tên: ${username} | Quản lý: ${manager} | Loại phép: ${type} | Thời gian: ${time} | Ngày nghỉ: ${leave_date} | Trạng thái: ${status} | Ngày phê duyệt: ${approvated_date} | Người phê duyệt: ${approvated_by}</arg>
<doc>Logs the given message to the console.</doc>
<status status="PASS" starttime="20230729 09:14:50.693" endtime="20230729 09:14:50.693"/>
</kw>
<kw name="Log To Console" library="BuiltIn">
<arg>================================================================================================================================================================================================================================================================</arg>
<doc>Logs the given message to the console.</doc>
<status status="PASS" starttime="20230729 09:14:50.693" endtime="20230729 09:14:50.698"/>
</kw>
<kw name="Evaluate" library="BuiltIn">
<var>${user_count}</var>
<arg>${user_count} + 1</arg>
<doc>Evaluates the given expression in Python and returns the result.</doc>
<msg timestamp="20230729 09:14:50.699" level="INFO">${user_count} = 3</msg>
<status status="PASS" starttime="20230729 09:14:50.698" endtime="20230729 09:14:50.699"/>
</kw>
<kw name="Evaluate" library="BuiltIn">
<var>${stt}</var>
<arg>${stt} + 1</arg>
<doc>Evaluates the given expression in Python and returns the result.</doc>
<msg timestamp="20230729 09:14:50.701" level="INFO">${stt} = 2</msg>
<status status="PASS" starttime="20230729 09:14:50.700" endtime="20230729 09:14:50.701"/>
</kw>
<status status="PASS" starttime="20230729 09:14:50.410" endtime="20230729 09:14:50.701"/>
</iter>
<iter>
<var name="${item}">element=6b5ca1bb-fdbb-44e1-8987-702a4afc6594</var>
<kw name="Get Text" library="Browser">
<var>${username}</var>
<arg>//tbody/tr[${user_count}]/td[2]/div[1]/span[1]</arg>
<tag>Assertion</tag>
<tag>Getter</tag>
<tag>PageContent</tag>
<doc>Returns text attribute of the element found by ``selector``.</doc>
<msg timestamp="20230729 09:14:50.732" level="INFO">Text: 'Hoàng Diệu'</msg>
<msg timestamp="20230729 09:14:50.743" level="INFO">${username} = Hoàng Diệu</msg>
<status status="PASS" starttime="20230729 09:14:50.702" endtime="20230729 09:14:50.743"/>
</kw>
<kw name="Get Elements" library="Browser">
<var>${element_manager}</var>
<arg>//tbody/tr[${user_count}]/td[3]/div[1]/span[1]</arg>
<tag>Getter</tag>
<tag>PageContent</tag>
<doc>Returns a reference to Playwright [https://playwright.dev/docs/api/class-locator|Locator]
for all matched elements by ``selector``.</doc>
<msg timestamp="20230729 09:14:50.765" level="INFO">Found 1 Locators successfully.</msg>
<msg timestamp="20230729 09:14:50.766" level="INFO">${element_manager} = ['element=87741a84-53d7-4d63-bb17-1aab8b208e7c']</msg>
<status status="PASS" starttime="20230729 09:14:50.744" endtime="20230729 09:14:50.766"/>
</kw>
<kw name="Get Text" library="Browser">
<var>${manager}</var>
<arg>${element_manager}[0]</arg>
<tag>Assertion</tag>
<tag>Getter</tag>
<tag>PageContent</tag>
<doc>Returns text attribute of the element found by ``selector``.</doc>
<msg timestamp="20230729 09:14:50.808" level="INFO">Text: 'Hoàng Anh'</msg>
<msg timestamp="20230729 09:14:50.809" level="INFO">${manager} = Hoàng Anh</msg>
<status status="PASS" starttime="20230729 09:14:50.767" endtime="20230729 09:14:50.809"/>
</kw>
<kw name="Get Elements" library="Browser">
<var>${element_type}</var>
<arg>//tbody/tr[${user_count}]/td[4]</arg>
<tag>Getter</tag>
<tag>PageContent</tag>
<doc>Returns a reference to Playwright [https://playwright.dev/docs/api/class-locator|Locator]
for all matched elements by ``selector``.</doc>
<msg timestamp="20230729 09:14:50.824" level="INFO">Found 3 Locators successfully.</msg>
<msg timestamp="20230729 09:14:50.824" level="INFO">${element_type} = ['element=ea11c41b-40fb-459a-9ea1-cac27206202a', 'element=9a8bbaf9-8ecb-4425-b44b-d55371ba54c9', 'element=f74eb20d-b506-4e84-b8bb-9c5ad1cebca9']</msg>
<status status="PASS" starttime="20230729 09:14:50.809" endtime="20230729 09:14:50.824"/>
</kw>
<kw name="Get Text" library="Browser">
<var>${type}</var>
<arg>${element_type}[0]</arg>
<tag>Assertion</tag>
<tag>Getter</tag>
<tag>PageContent</tag>
<doc>Returns text attribute of the element found by ``selector``.</doc>
<msg timestamp="20230729 09:14:50.848" level="INFO">Text: 'Nghỉ phép có lương'</msg>
<msg timestamp="20230729 09:14:50.848" level="INFO">${type} = Nghỉ phép có lương</msg>
<status status="PASS" starttime="20230729 09:14:50.825" endtime="20230729 09:14:50.848"/>
</kw>
<kw name="Get Elements" library="Browser">
<var>${element_time}</var>
<arg>//tbody/tr[${user_count}]/td[5]</arg>
<tag>Getter</tag>
<tag>PageContent</tag>
<doc>Returns a reference to Playwright [https://playwright.dev/docs/api/class-locator|Locator]
for all matched elements by ``selector``.</doc>
<msg timestamp="20230729 09:14:50.863" level="INFO">Found 3 Locators successfully.</msg>
<msg timestamp="20230729 09:14:50.863" level="INFO">${element_time} = ['element=b05af9a6-f25a-42ff-a866-63521c87f34a', 'element=4b9d1e19-f61b-4e36-b642-a60c1d93366b', 'element=5d554aa7-c7a1-4b72-933b-0c9a363c9360']</msg>
<status status="PASS" starttime="20230729 09:14:50.848" endtime="20230729 09:14:50.863"/>
</kw>
<kw name="Get Text" library="Browser">
<var>${time}</var>
<arg>${element_time}[0]</arg>
<tag>Assertion</tag>
<tag>Getter</tag>
<tag>PageContent</tag>
<doc>Returns text attribute of the element found by ``selector``.</doc>
<msg timestamp="20230729 09:14:50.895" level="INFO">Text: 'Cả ngày'</msg>
<msg timestamp="20230729 09:14:50.895" level="INFO">${time} = Cả ngày</msg>
<status status="PASS" starttime="20230729 09:14:50.863" endtime="20230729 09:14:50.895"/>
</kw>
<kw name="Get Elements" library="Browser">
<var>${element_leave_date}</var>
<arg>//tbody/tr[${user_count}]/td[6]</arg>
<tag>Getter</tag>
<tag>PageContent</tag>
<doc>Returns a reference to Playwright [https://playwright.dev/docs/api/class-locator|Locator]
for all matched elements by ``selector``.</doc>
<msg timestamp="20230729 09:14:50.895" level="INFO">Found 3 Locators successfully.</msg>
<msg timestamp="20230729 09:14:50.895" level="INFO">${element_leave_date} = ['element=24eff669-c217-43d5-bc4c-7d73ad871d6a', 'element=d6ace09d-e04b-453c-bada-080910f5831c', 'element=18daed07-320e-47ae-a42b-88f020d2ad90']</msg>
<status status="PASS" starttime="20230729 09:14:50.895" endtime="20230729 09:14:50.895"/>
</kw>
<kw name="Get Text" library="Browser">
<var>${leave_date}</var>
<arg>${element_leave_date}[0]</arg>
<tag>Assertion</tag>
<tag>Getter</tag>
<tag>PageContent</tag>
<doc>Returns text attribute of the element found by ``selector``.</doc>
<msg timestamp="20230729 09:14:50.938" level="INFO">Text: '03-07-2023'</msg>
<msg timestamp="20230729 09:14:50.938" level="INFO">${leave_date} = 03-07-2023</msg>
<status status="PASS" starttime="20230729 09:14:50.895" endtime="20230729 09:14:50.938"/>
</kw>
<kw name="Get Text" library="Browser">
<var>${approvated_date}</var>
<arg>//tbody/tr[${user_count}]/td[8]</arg>
<tag>Assertion</tag>
<tag>Getter</tag>
<tag>PageContent</tag>
<doc>Returns text attribute of the element found by ``selector``.</doc>
<msg timestamp="20230729 09:14:50.962" level="INFO">Text: '28-07-2023'</msg>
<msg timestamp="20230729 09:14:50.962" level="INFO">${approvated_date} = 28-07-2023</msg>
<status status="PASS" starttime="20230729 09:14:50.939" endtime="20230729 09:14:50.962"/>
</kw>
<kw name="Get Text" library="Browser">
<var>${approvated_by}</var>
<arg>//tbody/tr[${user_count}]/td[9]</arg>
<tag>Assertion</tag>
<tag>Getter</tag>
<tag>PageContent</tag>
<doc>Returns text attribute of the element found by ``selector``.</doc>
<msg timestamp="20230729 09:14:50.992" level="INFO">Text: 'H\nHoàng Anh'</msg>
<msg timestamp="20230729 09:14:50.992" level="INFO">${approvated_by} = H
Hoàng Anh</msg>
<status status="PASS" starttime="20230729 09:14:50.962" endtime="20230729 09:14:50.992"/>
</kw>
<if>
<branch type="IF" condition="'${approvated_date}' == ''">
<kw name="Set Variable" library="BuiltIn">
<var>${status}</var>
<arg>Đang chờ phê duyệt</arg>
<doc>Returns the given values which can then be assigned to a variables.</doc>
<status status="NOT RUN" starttime="20230729 09:14:50.993" endtime="20230729 09:14:50.993"/>
</kw>
<status status="NOT RUN" starttime="20230729 09:14:50.993" endtime="20230729 09:14:50.993"/>
</branch>
<status status="PASS" starttime="20230729 09:14:50.993" endtime="20230729 09:14:50.993"/>
</if>
<if>
<branch type="IF" condition="'${name}'=='approved'">
<kw name="Set Variable" library="BuiltIn">
<var>${status}</var>
<arg>Đã phê duyệt</arg>
<doc>Returns the given values which can then be assigned to a variables.</doc>
<status status="NOT RUN" starttime="20230729 09:14:50.993" endtime="20230729 09:14:50.993"/>
</kw>
<status status="NOT RUN" starttime="20230729 09:14:50.993" endtime="20230729 09:14:50.993"/>
</branch>
<branch type="ELSE IF" condition="'${name}'=='rejected'">
<kw name="Set Variable" library="BuiltIn">
<var>${status}</var>
<arg>Từ chối phê duyệt</arg>
<doc>Returns the given values which can then be assigned to a variables.</doc>
<status status="NOT RUN" starttime="20230729 09:14:50.993" endtime="20230729 09:14:50.993"/>
</kw>
<status status="NOT RUN" starttime="20230729 09:14:50.993" endtime="20230729 09:14:50.993"/>
</branch>
<branch type="ELSE IF" condition="'${name}'=='pending'">
<kw name="Set Variable" library="BuiltIn">
<var>${status}</var>
<arg>Đang chờ phê duyệt</arg>
<doc>Returns the given values which can then be assigned to a variables.</doc>
<status status="NOT RUN" starttime="20230729 09:14:50.993" endtime="20230729 09:14:50.993"/>
</kw>
<status status="NOT RUN" starttime="20230729 09:14:50.993" endtime="20230729 09:14:50.993"/>
</branch>
<branch type="ELSE IF" condition="'${name}'=='created'">
<kw name="Set Variable" library="BuiltIn">
<var>${status}</var>
<arg>${EMPTY}</arg>
<doc>Returns the given values which can then be assigned to a variables.</doc>
<msg timestamp="20230729 09:14:50.993" level="INFO">${status} = </msg>
<status status="PASS" starttime="20230729 09:14:50.993" endtime="20230729 09:14:50.993"/>
</kw>
<status status="PASS" starttime="20230729 09:14:50.993" endtime="20230729 09:14:50.993"/>
</branch>
<status status="PASS" starttime="20230729 09:14:50.993" endtime="20230729 09:14:50.993"/>
</if>
<kw name="Log To Console" library="BuiltIn">
<arg>${stt}. Họ và tên: ${username} | Quản lý: ${manager} | Loại phép: ${type} | Thời gian: ${time} | Ngày nghỉ: ${leave_date} | Trạng thái: ${status} | Ngày phê duyệt: ${approvated_date} | Người phê duyệt: ${approvated_by}</arg>
<doc>Logs the given message to the console.</doc>
<status status="PASS" starttime="20230729 09:14:50.993" endtime="20230729 09:14:50.993"/>
</kw>
<kw name="Log To Console" library="BuiltIn">
<arg>================================================================================================================================================================================================================================================================</arg>
<doc>Logs the given message to the console.</doc>
<status status="PASS" starttime="20230729 09:14:50.993" endtime="20230729 09:14:51.009"/>
</kw>
<kw name="Evaluate" library="BuiltIn">
<var>${user_count}</var>
<arg>${user_count} + 1</arg>
<doc>Evaluates the given expression in Python and returns the result.</doc>
<msg timestamp="20230729 09:14:51.010" level="INFO">${user_count} = 4</msg>
<status status="PASS" starttime="20230729 09:14:51.009" endtime="20230729 09:14:51.010"/>
</kw>
<kw name="Evaluate" library="BuiltIn">
<var>${stt}</var>
<arg>${stt} + 1</arg>
<doc>Evaluates the given expression in Python and returns the result.</doc>
<msg timestamp="20230729 09:14:51.012" level="INFO">${stt} = 3</msg>
<status status="PASS" starttime="20230729 09:14:51.011" endtime="20230729 09:14:51.012"/>
</kw>
<status status="PASS" starttime="20230729 09:14:50.701" endtime="20230729 09:14:51.012"/>
</iter>
<status status="PASS" starttime="20230729 09:14:50.410" endtime="20230729 09:14:51.012"/>
</for>
<kw name="Evaluate" library="BuiltIn">
<var>${total}</var>
<arg>${user_count} - 2</arg>
<doc>Evaluates the given expression in Python and returns the result.</doc>
<msg timestamp="20230729 09:14:51.014" level="INFO">${total} = 2</msg>
<status status="PASS" starttime="20230729 09:14:51.013" endtime="20230729 09:14:51.014"/>
</kw>
<if>
<branch type="IF" condition="'${name}'=='created'">
<kw name="Log To Console" library="BuiltIn">
<arg>Total number of holidays ${name}: ${total}</arg>
<doc>Logs the given message to the console.</doc>
<status status="PASS" starttime="20230729 09:14:51.015" endtime="20230729 09:14:51.017"/>
</kw>
<status status="PASS" starttime="20230729 09:14:51.014" endtime="20230729 09:14:51.018"/>
</branch>
<branch type="ELSE IF" condition="'${name}'=='approved'">
<kw name="Log To Console" library="BuiltIn">
<arg>Total number of ${name} holidays: ${total}</arg>
<doc>Logs the given message to the console.</doc>
<status status="NOT RUN" starttime="20230729 09:14:51.021" endtime="20230729 09:14:51.022"/>
</kw>
<status status="NOT RUN" starttime="20230729 09:14:51.018" endtime="20230729 09:14:51.023"/>
</branch>
<branch type="ELSE IF" condition="'${name}'=='rejected'">
<kw name="Log To Console" library="BuiltIn">
<arg>Total number of days off ${name} approval: ${total}</arg>
<doc>Logs the given message to the console.</doc>
<status status="NOT RUN" starttime="20230729 09:14:51.024" endtime="20230729 09:14:51.024"/>
</kw>
<status status="NOT RUN" starttime="20230729 09:14:51.023" endtime="20230729 09:14:51.024"/>
</branch>
<branch type="ELSE IF" condition="'${name}'=='pending'">
<kw name="Log To Console" library="BuiltIn">
<arg>Total number of days off ${name} approval: ${total}</arg>
<doc>Logs the given message to the console.</doc>
<status status="NOT RUN" starttime="20230729 09:14:51.025" endtime="20230729 09:14:51.026"/>
</kw>
<status status="NOT RUN" starttime="20230729 09:14:51.025" endtime="20230729 09:14:51.026"/>
</branch>
<status status="PASS" starttime="20230729 09:14:51.014" endtime="20230729 09:14:51.026"/>
</if>
<status status="PASS" starttime="20230729 09:14:47.397" endtime="20230729 09:14:51.027"/>
</kw>
<kw name="Tear Down" library="common" type="TEARDOWN">
<kw name="Close Browser" library="Browser">
<arg>ALL</arg>
<tag>BrowserControl</tag>
<tag>Setter</tag>
<doc>Closes the current browser.</doc>
<msg timestamp="20230729 09:14:52.205" level="INFO">Closed all browsers</msg>
<status status="PASS" starttime="20230729 09:14:51.029" endtime="20230729 09:14:52.205"/>
</kw>
<status status="PASS" starttime="20230729 09:14:51.028" endtime="20230729 09:14:52.206"/>
</kw>
<status status="PASS" starttime="20230729 09:14:31.999" endtime="20230729 09:14:52.206"/>
</test>
<status status="PASS" starttime="20230729 09:12:11.068" endtime="20230729 09:14:52.215"/>
</suite>
<statistics>
<total>
<stat pass="9" fail="0" skip="0">All Tests</stat>
</total>
<tag>
</tag>
<suite>
<stat pass="9" fail="0" skip="0" id="s1" name="Admin leave management">Admin leave management</stat>
</suite>
</statistics>
<errors>
</errors>
</robot>
