<?xml version="1.0" encoding="UTF-8"?>
<robot generator="Robot 6.1 (Python 3.11.4 on win32)" generated="20230729 15:09:02.182" rpa="false" schemaversion="4">
<suite id="s1" name="Vite-React-Ari" source="C:\Users\nhats\OneDrive\Desktop\ARI\vite-react-ari">
<suite id="s1-s1" name="Test" source="C:\Users\nhats\OneDrive\Desktop\ARI\vite-react-ari\test">
<suite id="s1-s1-s1" name="Testcases" source="C:\Users\nhats\OneDrive\Desktop\ARI\vite-react-ari\test\testcases">
<suite id="s1-s1-s1-s1" name="Admin Create user" source="C:\Users\nhats\OneDrive\Desktop\ARI\vite-react-ari\test\testcases\Admin_Create_user.robot">
<test id="s1-s1-s1-s1-t1" name="CRU-38 Verify that user can view the list of Supper Admin successfully" line="320">
<kw name="Setup" library="common" type="SETUP">
<kw name="Set Browser Timeout" library="Browser">
<arg>${BROWSER_TIMEOUT}</arg>
<tag>Config</tag>
<tag>Setter</tag>
<doc>Sets the timeout used by most input and getter keywords.</doc>
<status status="PASS" starttime="20230729 15:09:07.982" endtime="20230729 15:09:07.999"/>
</kw>
<kw name="New Browser" library="Browser">
<arg>${BROWSER}</arg>
<arg>headless=${HEADLESS}</arg>
<tag>BrowserControl</tag>
<tag>Setter</tag>
<doc>Create a new playwright Browser with specified options.</doc>
<msg timestamp="20230729 15:09:08.002" level="INFO">{"browser": "chromium", "headless": true, "devtools": false, "handleSIGHUP": true, "handleSIGINT": true, "handleSIGTERM": true, "slowMo": 0.0, "timeout": 30000.0, "deprecated_pos_args": [], "tracesDir": "C:\\Users\\nhats\\OneDrive\\Desktop\\ARI\\vite-react-ari\\results\\browser\\traces\\6a54f652-b23d-4a58-aa14-c73164fd8d4a"}</msg>
<msg timestamp="20230729 15:09:10.086" level="INFO">Successfully created browser with options: {"browser":"chromium","headless":true,"devtools":false,"handleSIGHUP":true,"handleSIGINT":true,"handleSIGTERM":true,"slowMo":0,"timeout":30000,"deprecated_pos_args":[],"tracesDir":"C:\\Users\\nhats\\OneDrive\\Desktop\\ARI\\vite-react-ari\\results\\browser\\traces\\6a54f652-b23d-4a58-aa14-c73164fd8d4a"}</msg>
<status status="PASS" starttime="20230729 15:09:08.000" endtime="20230729 15:09:10.088"/>
</kw>
<kw name="New Page" library="Browser">
<arg>${URL_DEFAULT}</arg>
<tag>BrowserControl</tag>
<tag>Setter</tag>
<doc>Open a new Page.</doc>
<msg timestamp="20230729 15:09:11.376" level="INFO">Successfully initialized new page object and opened url: http://v2.ari.com.vn/</msg>
<msg timestamp="20230729 15:09:11.377" level="INFO">No context was open. New context was automatically opened when this page is created.</msg>
<status status="PASS" starttime="20230729 15:09:10.089" endtime="20230729 15:09:11.379"/>
</kw>
<kw name="Evaluate" library="BuiltIn">
<var>${STATE}</var>
<arg>json.loads('''{}''')</arg>
<arg>json</arg>
<doc>Evaluates the given expression in Python and returns the result.</doc>
<msg timestamp="20230729 15:09:11.382" level="INFO">${STATE} = {}</msg>
<status status="PASS" starttime="20230729 15:09:11.380" endtime="20230729 15:09:11.383"/>
</kw>
<status status="PASS" starttime="20230729 15:09:07.980" endtime="20230729 15:09:11.384"/>
</kw>
<kw name="Login to admin" library="common">
<kw name="Enter &quot;email&quot; in &quot;Tên đăng nhập&quot; with &quot;hovannhat@admin.com&quot;" library="common" sourcename="Enter &quot;${type}&quot; in &quot;${name}&quot; with &quot;${text}&quot;">
<kw name="Get Random Text" library="common">
<var>${text}</var>
<arg>${type}</arg>
<arg>${text}</arg>
<kw name="Set Variable" library="BuiltIn">
<var>${symbol}</var>
<arg>_RANDOM_</arg>
<doc>Returns the given values which can then be assigned to a variables.</doc>
<msg timestamp="20230729 15:09:11.414" level="INFO">${symbol} = _RANDOM_</msg>
<status status="PASS" starttime="20230729 15:09:11.413" endtime="20230729 15:09:11.415"/>
</kw>
<kw name="Set Variable" library="BuiltIn">
<var>${new_text}</var>
<doc>Returns the given values which can then be assigned to a variables.</doc>
<msg timestamp="20230729 15:09:11.418" level="INFO">${new_text} = </msg>
<status status="PASS" starttime="20230729 15:09:11.416" endtime="20230729 15:09:11.419"/>
</kw>
<kw name="Get Regexp Matches" library="String">
<var>${containsS}</var>
<arg>${text}</arg>
<arg>_@(.+)@_</arg>
<arg>1</arg>
<doc>Returns a list of all non-overlapping matches in the given string.</doc>
<msg timestamp="20230729 15:09:11.423" level="INFO">${containsS} = []</msg>
<status status="PASS" starttime="20230729 15:09:11.420" endtime="20230729 15:09:11.427"/>
</kw>
<kw name="Get Length" library="BuiltIn">
<var>${cntS}</var>
<arg>${containsS}</arg>
<doc>Returns and logs the length of the given item as an integer.</doc>
<msg timestamp="20230729 15:09:11.430" level="INFO">Length is 0</msg>
<msg timestamp="20230729 15:09:11.433" level="INFO">${cntS} = 0</msg>
<status status="PASS" starttime="20230729 15:09:11.429" endtime="20230729 15:09:11.434"/>
</kw>
<kw name="Get Regexp Matches" library="String">
<var>${contains}</var>
<arg>${text}</arg>
<arg>${symbol}</arg>
<doc>Returns a list of all non-overlapping matches in the given string.</doc>
<msg timestamp="20230729 15:09:11.437" level="INFO">${contains} = []</msg>
<status status="PASS" starttime="20230729 15:09:11.435" endtime="20230729 15:09:11.439"/>
</kw>
<kw name="Get Length" library="BuiltIn">
<var>${cnt}</var>
<arg>${contains}</arg>
<doc>Returns and logs the length of the given item as an integer.</doc>
<msg timestamp="20230729 15:09:11.442" level="INFO">Length is 0</msg>
<msg timestamp="20230729 15:09:11.444" level="INFO">${cnt} = 0</msg>
<status status="PASS" starttime="20230729 15:09:11.440" endtime="20230729 15:09:11.444"/>
</kw>
<if>
<branch type="IF" condition="${cntS} &gt; 0">
<kw name="Set Variable" library="BuiltIn">
<var>${new_text}</var>
<arg>${STATE["${containsS[0]}"]}</arg>
<doc>Returns the given values which can then be assigned to a variables.</doc>
<status status="NOT RUN" starttime="20230729 15:09:11.447" endtime="20230729 15:09:11.448"/>
</kw>
<kw name="Set Variable" library="BuiltIn">
<var>${symbol}</var>
<arg>_@${containsS[0]}@_</arg>
<doc>Returns the given values which can then be assigned to a variables.</doc>
<status status="NOT RUN" starttime="20230729 15:09:11.449" endtime="20230729 15:09:11.484"/>
</kw>
<status status="NOT RUN" starttime="20230729 15:09:11.445" endtime="20230729 15:09:11.484"/>
</branch>
<branch type="ELSE IF" condition="${cnt} &gt; 0 and '${type}' == 'test name'">
<kw name="Sentence" library="FakerLibrary">
<var>${random}</var>
<arg>nb_words=3</arg>
<doc>Generate a sentence.</doc>
<status status="NOT RUN" starttime="20230729 15:09:11.486" endtime="20230729 15:09:11.488"/>
</kw>
<kw name="Split String" library="String">
<var>${words}</var>
<arg>${TEST NAME}</arg>
<arg>${SPACE}</arg>
<doc>Splits the ``string`` using ``separator`` as a delimiter string.</doc>
<status status="NOT RUN" starttime="20230729 15:09:11.490" endtime="20230729 15:09:11.491"/>
</kw>
<kw name="Set Variable" library="BuiltIn">
<var>${new_text}</var>
<arg>${words[0]} ${random}</arg>
<doc>Returns the given values which can then be assigned to a variables.</doc>
<status status="NOT RUN" starttime="20230729 15:09:11.492" endtime="20230729 15:09:11.493"/>
</kw>
<status status="NOT RUN" starttime="20230729 15:09:11.485" endtime="20230729 15:09:11.494"/>
</branch>
<branch type="ELSE IF" condition="${cnt} &gt; 0 and '${type}' == 'number'">
<kw name="Random Int" library="FakerLibrary">
<var>${new_text}</var>
<arg>min=1000000000000</arg>
<arg>max=9999999999999</arg>
<doc>Generate a random integer between two integers ``min`` and ``max`` inclusive
while observing the provided ``step`` value.</doc>
<status status="NOT RUN" starttime="20230729 15:09:11.496" endtime="20230729 15:09:11.496"/>
</kw>
<kw name="Convert To String" library="BuiltIn">
<var>${new_text}</var>
<arg>${new_text}</arg>
<doc>Converts the given item to a Unicode string.</doc>
<status status="NOT RUN" starttime="20230729 15:09:11.497" endtime="20230729 15:09:11.498"/>
</kw>
<status status="NOT RUN" starttime="20230729 15:09:11.494" endtime="20230729 15:09:11.499"/>
</branch>
<branch type="ELSE IF" condition="${cnt} &gt; 0 and '${type}' == 'order number'">
<kw name="Random Int" library="FakerLibrary">
<var>${new_text}</var>
<arg>min=0</arg>
<arg>max=999999999</arg>
<doc>Generate a random integer between two integers ``min`` and ``max`` inclusive
while observing the provided ``step`` value.</doc>
<status status="NOT RUN" starttime="20230729 15:09:11.501" endtime="20230729 15:09:11.502"/>
</kw>
<kw name="Convert To String" library="BuiltIn">
<var>${new_text}</var>
<arg>${new_text}</arg>
<doc>Converts the given item to a Unicode string.</doc>
<status status="NOT RUN" starttime="20230729 15:09:11.503" endtime="20230729 15:09:11.504"/>
</kw>
<status status="NOT RUN" starttime="20230729 15:09:11.500" endtime="20230729 15:09:11.504"/>
</branch>
<branch type="ELSE IF" condition="${cnt} &gt; 0 and '${type}' == 'leave date valid'">
<kw name="Random Int" library="FakerLibrary">
<var>${new_text}</var>
<arg>min=0</arg>
<arg>max=16</arg>
<doc>Generate a random integer between two integers ``min`` and ``max`` inclusive
while observing the provided ``step`` value.</doc>
<status status="NOT RUN" starttime="20230729 15:09:11.508" endtime="20230729 15:09:11.509"/>
</kw>
<kw name="Convert To String" library="BuiltIn">
<var>${new_text}</var>
<arg>${new_text}</arg>
<doc>Converts the given item to a Unicode string.</doc>
<status status="NOT RUN" starttime="20230729 15:09:11.510" endtime="20230729 15:09:11.512"/>
</kw>
<status status="NOT RUN" starttime="20230729 15:09:11.506" endtime="20230729 15:09:11.512"/>
</branch>
<branch type="ELSE IF" condition="${cnt} &gt; 0 and '${type}' == 'leave date invalid'">
<kw name="Random Int" library="FakerLibrary">
<var>${new_text}</var>
<arg>min=17</arg>
<arg>max=99</arg>
<doc>Generate a random integer between two integers ``min`` and ``max`` inclusive
while observing the provided ``step`` value.</doc>
<status status="NOT RUN" starttime="20230729 15:09:11.514" endtime="20230729 15:09:11.515"/>
</kw>
<kw name="Convert To String" library="BuiltIn">
<var>${new_text}</var>
<arg>${new_text}</arg>
<doc>Converts the given item to a Unicode string.</doc>
<status status="NOT RUN" starttime="20230729 15:09:11.516" endtime="20230729 15:09:11.517"/>
</kw>
<status status="NOT RUN" starttime="20230729 15:09:11.513" endtime="20230729 15:09:11.517"/>
</branch>
<branch type="ELSE IF" condition="${cnt} &gt; 0 and '${type}' == 'percentage'">
<kw name="Random Int" library="FakerLibrary">
<var>${new_text}</var>
<arg>max=100</arg>
<doc>Generate a random integer between two integers ``min`` and ``max`` inclusive
while observing the provided ``step`` value.</doc>
<status status="NOT RUN" starttime="20230729 15:09:11.540" endtime="20230729 15:09:11.544"/>
</kw>
<kw name="Convert To String" library="BuiltIn">
<var>${new_text}</var>
<arg>${new_text}</arg>
<doc>Converts the given item to a Unicode string.</doc>
<status status="NOT RUN" starttime="20230729 15:09:11.547" endtime="20230729 15:09:11.549"/>
</kw>
<status status="NOT RUN" starttime="20230729 15:09:11.535" endtime="20230729 15:09:11.550"/>
</branch>
<branch type="ELSE IF" condition="${cnt} &gt; 0 and '${type}' == 'paragraph'">
<kw name="Paragraph" library="FakerLibrary">
<var>${new_text}</var>
<doc>Generate a paragraph.</doc>
<status status="NOT RUN" starttime="20230729 15:09:11.551" endtime="20230729 15:09:11.553"/>
</kw>
<status status="NOT RUN" starttime="20230729 15:09:11.550" endtime="20230729 15:09:11.557"/>
</branch>
<branch type="ELSE IF" condition="${cnt} &gt; 0 and '${type}' == 'email'">
<kw name="Email" library="FakerLibrary">
<var>${new_text}</var>
<status status="NOT RUN" starttime="20230729 15:09:11.579" endtime="20230729 15:09:11.579"/>
</kw>
<status status="NOT RUN" starttime="20230729 15:09:11.559" endtime="20230729 15:09:11.580"/>
</branch>
<branch type="ELSE IF" condition="${cnt} &gt; 0 and '${type}' == 'phone'">
<kw name="Random Int" library="FakerLibrary">
<var>${new_text}</var>
<arg>min=55555555</arg>
<arg>max=999999999999</arg>
<doc>Generate a random integer between two integers ``min`` and ``max`` inclusive
while observing the provided ``step`` value.</doc>
<status status="NOT RUN" starttime="20230729 15:09:11.582" endtime="20230729 15:09:11.583"/>
</kw>
<kw name="Convert To String" library="BuiltIn">
<var>${new_text}</var>
<arg>${new_text}</arg>
<doc>Converts the given item to a Unicode string.</doc>
<status status="NOT RUN" starttime="20230729 15:09:11.584" endtime="20230729 15:09:11.585"/>
</kw>
<status status="NOT RUN" starttime="20230729 15:09:11.581" endtime="20230729 15:09:11.591"/>
</branch>
<branch type="ELSE IF" condition="${cnt} &gt; 0 and '${type}' == 'color'">
<kw name="Safe Hex Color" library="FakerLibrary">
<var>${new_text}</var>
<doc>Generate a web-safe color formatted as a hex triplet.</doc>
<status status="NOT RUN" starttime="20230729 15:09:11.594" endtime="20230729 15:09:11.596"/>
</kw>
<status status="NOT RUN" starttime="20230729 15:09:11.593" endtime="20230729 15:09:11.596"/>
</branch>
<branch type="ELSE IF" condition="${cnt} &gt; 0 and '${type}' == 'date'">
<kw name="Date" library="FakerLibrary">
<var>${new_text}</var>
<arg>pattern=%d-%m-%Y</arg>
<doc>Get a date string between January 1, 1970 and now.</doc>
<status status="NOT RUN" starttime="20230729 15:09:11.600" endtime="20230729 15:09:11.600"/>
</kw>
<status status="NOT RUN" starttime="20230729 15:09:11.597" endtime="20230729 15:09:11.601"/>
</branch>
<branch type="ELSE IF" condition="${cnt} &gt; 0 and '${type}' == 'word'">
<kw name="Sentence" library="FakerLibrary">
<var>${new_text}</var>
<arg>nb_words=2</arg>
<doc>Generate a sentence.</doc>
<status status="NOT RUN" starttime="20230729 15:09:11.619" endtime="20230729 15:09:11.622"/>
</kw>
<status status="NOT RUN" starttime="20230729 15:09:11.602" endtime="20230729 15:09:11.623"/>
</branch>
<branch type="ELSE IF" condition="${cnt} &gt; 0">
<kw name="Sentence" library="FakerLibrary">
<var>${new_text}</var>
<doc>Generate a sentence.</doc>
<status status="NOT RUN" starttime="20230729 15:09:11.628" endtime="20230729 15:09:11.629"/>
</kw>
<status status="NOT RUN" starttime="20230729 15:09:11.624" endtime="20230729 15:09:11.643"/>
</branch>
<status status="PASS" starttime="20230729 15:09:11.445" endtime="20230729 15:09:11.644"/>
</if>
<kw name="Get Length" library="BuiltIn">
<var>${cnt}</var>
<arg>${text}</arg>
<doc>Returns and logs the length of the given item as an integer.</doc>
<msg timestamp="20230729 15:09:11.645" level="INFO">Length is 19</msg>
<msg timestamp="20230729 15:09:11.657" level="INFO">${cnt} = 19</msg>
<status status="PASS" starttime="20230729 15:09:11.645" endtime="20230729 15:09:11.661"/>
</kw>
<if>
<branch type="IF" condition="${cnt} &gt; 0">
<kw name="Replace String" library="String">
<var>${text}</var>
<arg>${text}</arg>
<arg>${symbol}</arg>
<arg>${new_text}</arg>
<doc>Replaces ``search_for`` in the given ``string`` with ``replace_with``.</doc>
<msg timestamp="20230729 15:09:11.665" level="INFO">${text} = hovannhat@admin.com</msg>
<status status="PASS" starttime="20230729 15:09:11.664" endtime="20230729 15:09:11.667"/>
</kw>
<status status="PASS" starttime="20230729 15:09:11.662" endtime="20230729 15:09:11.668"/>
</branch>
<status status="PASS" starttime="20230729 15:09:11.662" endtime="20230729 15:09:11.669"/>
</if>
<msg timestamp="20230729 15:09:11.670" level="INFO">${text} = hovannhat@admin.com</msg>
<status status="PASS" starttime="20230729 15:09:11.411" endtime="20230729 15:09:11.670"/>
</kw>
<kw name="Get Element Form Item By Name" library="common">
<var>${element}</var>
<arg>${name}</arg>
<arg>//input[contains(@class, "ant-input")]</arg>
<msg timestamp="20230729 15:09:11.678" level="INFO">${element} = xpath=//*[contains(@class, "ant-form-item-label")]/label[text()="Tên đăng nhập"]/../../*[contains(@class, "ant-form-item")]//input[contains(@class, "ant-input")]</msg>
<status status="PASS" starttime="20230729 15:09:11.673" endtime="20230729 15:09:11.679"/>
</kw>
<kw name="Clear Text" library="Browser">
<arg>${element}</arg>
<tag>PageContent</tag>
<tag>Setter</tag>
<doc>Clears the text field found by ``selector``.</doc>
<status status="PASS" starttime="20230729 15:09:11.681" endtime="20230729 15:09:13.951"/>
</kw>
<kw name="Fill Text" library="Browser">
<arg>${element}</arg>
<arg>${text}</arg>
<arg>True</arg>
<tag>PageContent</tag>
<tag>Setter</tag>
<doc>Clears and fills the given ``txt`` into the text field found by ``selector``.</doc>
<msg timestamp="20230729 15:09:13.953" level="INFO">Fills the text 'hovannhat@admin.com' in the given field.</msg>
<status status="PASS" starttime="20230729 15:09:13.952" endtime="20230729 15:09:14.061"/>
</kw>
<kw name="Get Length" library="BuiltIn">
<var>${cnt}</var>
<arg>${text}</arg>
<doc>Returns and logs the length of the given item as an integer.</doc>
<msg timestamp="20230729 15:09:14.064" level="INFO">Length is 19</msg>
<msg timestamp="20230729 15:09:14.064" level="INFO">${cnt} = 19</msg>
<status status="PASS" starttime="20230729 15:09:14.062" endtime="20230729 15:09:14.065"/>
</kw>
<if>
<branch type="IF" condition="${cnt} &gt; 0">
<kw name="Set Global Variable" library="BuiltIn">
<arg>${STATE["${name}"]}</arg>
<arg>${text}</arg>
<doc>Makes a variable available globally in all tests and suites.</doc>
<msg timestamp="20230729 15:09:14.079" level="INFO">${STATE["Tên đăng nhập"]} = hovannhat@admin.com</msg>
<status status="PASS" starttime="20230729 15:09:14.069" endtime="20230729 15:09:14.081"/>
</kw>
<status status="PASS" starttime="20230729 15:09:14.067" endtime="20230729 15:09:14.081"/>
</branch>
<status status="PASS" starttime="20230729 15:09:14.065" endtime="20230729 15:09:14.082"/>
</if>
<status status="PASS" starttime="20230729 15:09:11.408" endtime="20230729 15:09:14.082"/>
</kw>
<kw name="Enter &quot;text&quot; in &quot;Mật khẩu&quot; with &quot;Nhat@01101999&quot;" library="common" sourcename="Enter &quot;${type}&quot; in &quot;${name}&quot; with &quot;${text}&quot;">
<kw name="Get Random Text" library="common">
<var>${text}</var>
<arg>${type}</arg>
<arg>${text}</arg>
<kw name="Set Variable" library="BuiltIn">
<var>${symbol}</var>
<arg>_RANDOM_</arg>
<doc>Returns the given values which can then be assigned to a variables.</doc>
<msg timestamp="20230729 15:09:14.096" level="INFO">${symbol} = _RANDOM_</msg>
<status status="PASS" starttime="20230729 15:09:14.095" endtime="20230729 15:09:14.096"/>
</kw>
<kw name="Set Variable" library="BuiltIn">
<var>${new_text}</var>
<doc>Returns the given values which can then be assigned to a variables.</doc>
<msg timestamp="20230729 15:09:14.101" level="INFO">${new_text} = </msg>
<status status="PASS" starttime="20230729 15:09:14.100" endtime="20230729 15:09:14.103"/>
</kw>
<kw name="Get Regexp Matches" library="String">
<var>${containsS}</var>
<arg>${text}</arg>
<arg>_@(.+)@_</arg>
<arg>1</arg>
<doc>Returns a list of all non-overlapping matches in the given string.</doc>
<msg timestamp="20230729 15:09:14.112" level="INFO">${containsS} = []</msg>
<status status="PASS" starttime="20230729 15:09:14.104" endtime="20230729 15:09:14.117"/>
</kw>
<kw name="Get Length" library="BuiltIn">
<var>${cntS}</var>
<arg>${containsS}</arg>
<doc>Returns and logs the length of the given item as an integer.</doc>
<msg timestamp="20230729 15:09:14.120" level="INFO">Length is 0</msg>
<msg timestamp="20230729 15:09:14.122" level="INFO">${cntS} = 0</msg>
<status status="PASS" starttime="20230729 15:09:14.118" endtime="20230729 15:09:14.125"/>
</kw>
<kw name="Get Regexp Matches" library="String">
<var>${contains}</var>
<arg>${text}</arg>
<arg>${symbol}</arg>
<doc>Returns a list of all non-overlapping matches in the given string.</doc>
<msg timestamp="20230729 15:09:14.133" level="INFO">${contains} = []</msg>
<status status="PASS" starttime="20230729 15:09:14.130" endtime="20230729 15:09:14.137"/>
</kw>
<kw name="Get Length" library="BuiltIn">
<var>${cnt}</var>
<arg>${contains}</arg>
<doc>Returns and logs the length of the given item as an integer.</doc>
<msg timestamp="20230729 15:09:14.144" level="INFO">Length is 0</msg>
<msg timestamp="20230729 15:09:14.145" level="INFO">${cnt} = 0</msg>
<status status="PASS" starttime="20230729 15:09:14.141" endtime="20230729 15:09:14.146"/>
</kw>
<if>
<branch type="IF" condition="${cntS} &gt; 0">
<kw name="Set Variable" library="BuiltIn">
<var>${new_text}</var>
<arg>${STATE["${containsS[0]}"]}</arg>
<doc>Returns the given values which can then be assigned to a variables.</doc>
<status status="NOT RUN" starttime="20230729 15:09:14.150" endtime="20230729 15:09:14.151"/>
</kw>
<kw name="Set Variable" library="BuiltIn">
<var>${symbol}</var>
<arg>_@${containsS[0]}@_</arg>
<doc>Returns the given values which can then be assigned to a variables.</doc>
<status status="NOT RUN" starttime="20230729 15:09:14.152" endtime="20230729 15:09:14.153"/>
</kw>
<status status="NOT RUN" starttime="20230729 15:09:14.147" endtime="20230729 15:09:14.158"/>
</branch>
<branch type="ELSE IF" condition="${cnt} &gt; 0 and '${type}' == 'test name'">
<kw name="Sentence" library="FakerLibrary">
<var>${random}</var>
<arg>nb_words=3</arg>
<doc>Generate a sentence.</doc>
<status status="NOT RUN" starttime="20230729 15:09:14.162" endtime="20230729 15:09:14.163"/>
</kw>
<kw name="Split String" library="String">
<var>${words}</var>
<arg>${TEST NAME}</arg>
<arg>${SPACE}</arg>
<doc>Splits the ``string`` using ``separator`` as a delimiter string.</doc>
<status status="NOT RUN" starttime="20230729 15:09:14.164" endtime="20230729 15:09:14.165"/>
</kw>
<kw name="Set Variable" library="BuiltIn">
<var>${new_text}</var>
<arg>${words[0]} ${random}</arg>
<doc>Returns the given values which can then be assigned to a variables.</doc>
<status status="NOT RUN" starttime="20230729 15:09:14.167" endtime="20230729 15:09:14.216"/>
</kw>
<status status="NOT RUN" starttime="20230729 15:09:14.158" endtime="20230729 15:09:14.216"/>
</branch>
<branch type="ELSE IF" condition="${cnt} &gt; 0 and '${type}' == 'number'">
<kw name="Random Int" library="FakerLibrary">
<var>${new_text}</var>
<arg>min=1000000000000</arg>
<arg>max=9999999999999</arg>
<doc>Generate a random integer between two integers ``min`` and ``max`` inclusive
while observing the provided ``step`` value.</doc>
<status status="NOT RUN" starttime="20230729 15:09:14.219" endtime="20230729 15:09:14.220"/>
</kw>
<kw name="Convert To String" library="BuiltIn">
<var>${new_text}</var>
<arg>${new_text}</arg>
<doc>Converts the given item to a Unicode string.</doc>
<status status="NOT RUN" starttime="20230729 15:09:14.221" endtime="20230729 15:09:14.223"/>
</kw>
<status status="NOT RUN" starttime="20230729 15:09:14.217" endtime="20230729 15:09:14.224"/>
</branch>
<branch type="ELSE IF" condition="${cnt} &gt; 0 and '${type}' == 'order number'">
<kw name="Random Int" library="FakerLibrary">
<var>${new_text}</var>
<arg>min=0</arg>
<arg>max=999999999</arg>
<doc>Generate a random integer between two integers ``min`` and ``max`` inclusive
while observing the provided ``step`` value.</doc>
<status status="NOT RUN" starttime="20230729 15:09:14.227" endtime="20230729 15:09:14.229"/>
</kw>
<kw name="Convert To String" library="BuiltIn">
<var>${new_text}</var>
<arg>${new_text}</arg>
<doc>Converts the given item to a Unicode string.</doc>
<status status="NOT RUN" starttime="20230729 15:09:14.231" endtime="20230729 15:09:14.233"/>
</kw>
<status status="NOT RUN" starttime="20230729 15:09:14.225" endtime="20230729 15:09:14.237"/>
</branch>
<branch type="ELSE IF" condition="${cnt} &gt; 0 and '${type}' == 'leave date valid'">
<kw name="Random Int" library="FakerLibrary">
<var>${new_text}</var>
<arg>min=0</arg>
<arg>max=16</arg>
<doc>Generate a random integer between two integers ``min`` and ``max`` inclusive
while observing the provided ``step`` value.</doc>
<status status="NOT RUN" starttime="20230729 15:09:14.241" endtime="20230729 15:09:14.242"/>
</kw>
<kw name="Convert To String" library="BuiltIn">
<var>${new_text}</var>
<arg>${new_text}</arg>
<doc>Converts the given item to a Unicode string.</doc>
<status status="NOT RUN" starttime="20230729 15:09:14.245" endtime="20230729 15:09:14.248"/>
</kw>
<status status="NOT RUN" starttime="20230729 15:09:14.238" endtime="20230729 15:09:14.248"/>
</branch>
<branch type="ELSE IF" condition="${cnt} &gt; 0 and '${type}' == 'leave date invalid'">
<kw name="Random Int" library="FakerLibrary">
<var>${new_text}</var>
<arg>min=17</arg>
<arg>max=99</arg>
<doc>Generate a random integer between two integers ``min`` and ``max`` inclusive
while observing the provided ``step`` value.</doc>
<status status="NOT RUN" starttime="20230729 15:09:14.250" endtime="20230729 15:09:14.252"/>
</kw>
<kw name="Convert To String" library="BuiltIn">
<var>${new_text}</var>
<arg>${new_text}</arg>
<doc>Converts the given item to a Unicode string.</doc>
<status status="NOT RUN" starttime="20230729 15:09:14.253" endtime="20230729 15:09:14.263"/>
</kw>
<status status="NOT RUN" starttime="20230729 15:09:14.249" endtime="20230729 15:09:14.264"/>
</branch>
<branch type="ELSE IF" condition="${cnt} &gt; 0 and '${type}' == 'percentage'">
<kw name="Random Int" library="FakerLibrary">
<var>${new_text}</var>
<arg>max=100</arg>
<doc>Generate a random integer between two integers ``min`` and ``max`` inclusive
while observing the provided ``step`` value.</doc>
<status status="NOT RUN" starttime="20230729 15:09:14.265" endtime="20230729 15:09:14.267"/>
</kw>
<kw name="Convert To String" library="BuiltIn">
<var>${new_text}</var>
<arg>${new_text}</arg>
<doc>Converts the given item to a Unicode string.</doc>
<status status="NOT RUN" starttime="20230729 15:09:14.279" endtime="20230729 15:09:14.280"/>
</kw>
<status status="NOT RUN" starttime="20230729 15:09:14.265" endtime="20230729 15:09:14.281"/>
</branch>
<branch type="ELSE IF" condition="${cnt} &gt; 0 and '${type}' == 'paragraph'">
<kw name="Paragraph" library="FakerLibrary">
<var>${new_text}</var>
<doc>Generate a paragraph.</doc>
<status status="NOT RUN" starttime="20230729 15:09:14.283" endtime="20230729 15:09:14.284"/>
</kw>
<status status="NOT RUN" starttime="20230729 15:09:14.281" endtime="20230729 15:09:14.284"/>
</branch>
<branch type="ELSE IF" condition="${cnt} &gt; 0 and '${type}' == 'email'">
<kw name="Email" library="FakerLibrary">
<var>${new_text}</var>
<status status="NOT RUN" starttime="20230729 15:09:14.292" endtime="20230729 15:09:14.293"/>
</kw>
<status status="NOT RUN" starttime="20230729 15:09:14.285" endtime="20230729 15:09:14.294"/>
</branch>
<branch type="ELSE IF" condition="${cnt} &gt; 0 and '${type}' == 'phone'">
<kw name="Random Int" library="FakerLibrary">
<var>${new_text}</var>
<arg>min=55555555</arg>
<arg>max=999999999999</arg>
<doc>Generate a random integer between two integers ``min`` and ``max`` inclusive
while observing the provided ``step`` value.</doc>
<status status="NOT RUN" starttime="20230729 15:09:14.295" endtime="20230729 15:09:14.296"/>
</kw>
<kw name="Convert To String" library="BuiltIn">
<var>${new_text}</var>
<arg>${new_text}</arg>
<doc>Converts the given item to a Unicode string.</doc>
<status status="NOT RUN" starttime="20230729 15:09:14.296" endtime="20230729 15:09:14.298"/>
</kw>
<status status="NOT RUN" starttime="20230729 15:09:14.294" endtime="20230729 15:09:14.298"/>
</branch>
<branch type="ELSE IF" condition="${cnt} &gt; 0 and '${type}' == 'color'">
<kw name="Safe Hex Color" library="FakerLibrary">
<var>${new_text}</var>
<doc>Generate a web-safe color formatted as a hex triplet.</doc>
<status status="NOT RUN" starttime="20230729 15:09:14.300" endtime="20230729 15:09:14.355"/>
</kw>
<status status="NOT RUN" starttime="20230729 15:09:14.299" endtime="20230729 15:09:14.359"/>
</branch>
<branch type="ELSE IF" condition="${cnt} &gt; 0 and '${type}' == 'date'">
<kw name="Date" library="FakerLibrary">
<var>${new_text}</var>
<arg>pattern=%d-%m-%Y</arg>
<doc>Get a date string between January 1, 1970 and now.</doc>
<status status="NOT RUN" starttime="20230729 15:09:14.360" endtime="20230729 15:09:14.361"/>
</kw>
<status status="NOT RUN" starttime="20230729 15:09:14.360" endtime="20230729 15:09:14.362"/>
</branch>
<branch type="ELSE IF" condition="${cnt} &gt; 0 and '${type}' == 'word'">
<kw name="Sentence" library="FakerLibrary">
<var>${new_text}</var>
<arg>nb_words=2</arg>
<doc>Generate a sentence.</doc>
<status status="NOT RUN" starttime="20230729 15:09:14.364" endtime="20230729 15:09:14.365"/>
</kw>
<status status="NOT RUN" starttime="20230729 15:09:14.362" endtime="20230729 15:09:14.365"/>
</branch>
<branch type="ELSE IF" condition="${cnt} &gt; 0">
<kw name="Sentence" library="FakerLibrary">
<var>${new_text}</var>
<doc>Generate a sentence.</doc>
<status status="NOT RUN" starttime="20230729 15:09:14.369" endtime="20230729 15:09:14.371"/>
</kw>
<status status="NOT RUN" starttime="20230729 15:09:14.365" endtime="20230729 15:09:14.379"/>
</branch>
<status status="PASS" starttime="20230729 15:09:14.147" endtime="20230729 15:09:14.380"/>
</if>
<kw name="Get Length" library="BuiltIn">
<var>${cnt}</var>
<arg>${text}</arg>
<doc>Returns and logs the length of the given item as an integer.</doc>
<msg timestamp="20230729 15:09:14.493" level="INFO">Length is 13</msg>
<msg timestamp="20230729 15:09:14.493" level="INFO">${cnt} = 13</msg>
<status status="PASS" starttime="20230729 15:09:14.381" endtime="20230729 15:09:14.495"/>
</kw>
<if>
<branch type="IF" condition="${cnt} &gt; 0">
<kw name="Replace String" library="String">
<var>${text}</var>
<arg>${text}</arg>
<arg>${symbol}</arg>
<arg>${new_text}</arg>
<doc>Replaces ``search_for`` in the given ``string`` with ``replace_with``.</doc>
<msg timestamp="20230729 15:09:14.501" level="INFO">${text} = Nhat@01101999</msg>
<status status="PASS" starttime="20230729 15:09:14.499" endtime="20230729 15:09:14.505"/>
</kw>
<status status="PASS" starttime="20230729 15:09:14.496" endtime="20230729 15:09:14.510"/>
</branch>
<status status="PASS" starttime="20230729 15:09:14.495" endtime="20230729 15:09:14.511"/>
</if>
<msg timestamp="20230729 15:09:14.512" level="INFO">${text} = Nhat@01101999</msg>
<status status="PASS" starttime="20230729 15:09:14.088" endtime="20230729 15:09:14.512"/>
</kw>
<kw name="Get Element Form Item By Name" library="common">
<var>${element}</var>
<arg>${name}</arg>
<arg>//input[contains(@class, "ant-input")]</arg>
<msg timestamp="20230729 15:09:14.516" level="INFO">${element} = xpath=//*[contains(@class, "ant-form-item-label")]/label[text()="Mật khẩu"]/../../*[contains(@class, "ant-form-item")]//input[contains(@class, "ant-input")]</msg>
<status status="PASS" starttime="20230729 15:09:14.513" endtime="20230729 15:09:14.517"/>
</kw>
<kw name="Clear Text" library="Browser">
<arg>${element}</arg>
<tag>PageContent</tag>
<tag>Setter</tag>
<doc>Clears the text field found by ``selector``.</doc>
<status status="PASS" starttime="20230729 15:09:14.519" endtime="20230729 15:09:14.867"/>
</kw>
<kw name="Fill Text" library="Browser">
<arg>${element}</arg>
<arg>${text}</arg>
<arg>True</arg>
<tag>PageContent</tag>
<tag>Setter</tag>
<doc>Clears and fills the given ``txt`` into the text field found by ``selector``.</doc>
<msg timestamp="20230729 15:09:14.872" level="INFO">Fills the text 'Nhat@01101999' in the given field.</msg>
<status status="PASS" starttime="20230729 15:09:14.869" endtime="20230729 15:09:15.121"/>
</kw>
<kw name="Get Length" library="BuiltIn">
<var>${cnt}</var>
<arg>${text}</arg>
<doc>Returns and logs the length of the given item as an integer.</doc>
<msg timestamp="20230729 15:09:15.125" level="INFO">Length is 13</msg>
<msg timestamp="20230729 15:09:15.125" level="INFO">${cnt} = 13</msg>
<status status="PASS" starttime="20230729 15:09:15.123" endtime="20230729 15:09:15.127"/>
</kw>
<if>
<branch type="IF" condition="${cnt} &gt; 0">
<kw name="Set Global Variable" library="BuiltIn">
<arg>${STATE["${name}"]}</arg>
<arg>${text}</arg>
<doc>Makes a variable available globally in all tests and suites.</doc>
<msg timestamp="20230729 15:09:15.134" level="INFO">${STATE["Mật khẩu"]} = Nhat@01101999</msg>
<status status="PASS" starttime="20230729 15:09:15.129" endtime="20230729 15:09:15.135"/>
</kw>
<status status="PASS" starttime="20230729 15:09:15.128" endtime="20230729 15:09:15.137"/>
</branch>
<status status="PASS" starttime="20230729 15:09:15.128" endtime="20230729 15:09:15.137"/>
</if>
<status status="PASS" starttime="20230729 15:09:14.084" endtime="20230729 15:09:15.139"/>
</kw>
<kw name="Click &quot;Đăng nhập&quot; button" library="common" sourcename="Click &quot;${text}&quot; button">
<kw name="Click" library="Browser">
<arg>xpath=//button[@title = "${text}"]</arg>
<tag>PageContent</tag>
<tag>Setter</tag>
<doc>Simulates mouse click on the element found by ``selector``.</doc>
<status status="PASS" starttime="20230729 15:09:15.145" endtime="20230729 15:09:15.675"/>
</kw>
<kw name="Click Confirm To Action" library="common">
<kw name="Set Variable" library="BuiltIn">
<var>${element}</var>
<arg>xpath=//*[contains(@class, "ant-popover")]//*[contains(@class, "ant-btn-primary")]</arg>
<doc>Returns the given values which can then be assigned to a variables.</doc>
<msg timestamp="20230729 15:09:15.680" level="INFO">${element} = xpath=//*[contains(@class, "ant-popover")]//*[contains(@class, "ant-btn-primary")]</msg>
<status status="PASS" starttime="20230729 15:09:15.678" endtime="20230729 15:09:15.681"/>
</kw>
<kw name="Get Element Count" library="Browser">
<var>${count}</var>
<arg>${element}</arg>
<tag>Assertion</tag>
<tag>Getter</tag>
<tag>PageContent</tag>
<doc>Returns the count of elements found with ``selector``.</doc>
<msg timestamp="20230729 15:09:15.749" level="INFO">${count} = 0</msg>
<status status="PASS" starttime="20230729 15:09:15.682" endtime="20230729 15:09:15.749"/>
</kw>
<if>
<branch type="IF" condition="${count} &gt; 0">
<kw name="Click" library="Browser">
<arg>${element}</arg>
<tag>PageContent</tag>
<tag>Setter</tag>
<doc>Simulates mouse click on the element found by ``selector``.</doc>
<status status="NOT RUN" starttime="20230729 15:09:15.752" endtime="20230729 15:09:15.753"/>
</kw>
<kw name="Sleep" library="BuiltIn">
<arg>${SHOULD_TIMEOUT}</arg>
<doc>Pauses the test executed for the given time.</doc>
<status status="NOT RUN" starttime="20230729 15:09:15.754" endtime="20230729 15:09:15.756"/>
</kw>
<status status="NOT RUN" starttime="20230729 15:09:15.750" endtime="20230729 15:09:15.757"/>
</branch>
<status status="PASS" starttime="20230729 15:09:15.750" endtime="20230729 15:09:15.757"/>
</if>
<status status="PASS" starttime="20230729 15:09:15.676" endtime="20230729 15:09:15.758"/>
</kw>
<kw name="Scroll By" library="Browser">
<arg>${None}</arg>
<tag>PageContent</tag>
<tag>Setter</tag>
<doc>Scrolls an element or the page relative from current position by the given values.</doc>
<status status="PASS" starttime="20230729 15:09:15.759" endtime="20230729 15:09:16.001"/>
</kw>
<status status="PASS" starttime="20230729 15:09:15.141" endtime="20230729 15:09:16.002"/>
</kw>
<kw name="User look message &quot;Thành công&quot; popup" library="common" sourcename="User look message &quot;${message}&quot; popup">
<kw name="Get Regexp Matches" library="String">
<var>${contains}</var>
<arg>${message}</arg>
<arg>_@(.+)@_</arg>
<arg>1</arg>
<doc>Returns a list of all non-overlapping matches in the given string.</doc>
<msg timestamp="20230729 15:09:16.007" level="INFO">${contains} = []</msg>
<status status="PASS" starttime="20230729 15:09:16.006" endtime="20230729 15:09:16.008"/>
</kw>
<kw name="Get Length" library="BuiltIn">
<var>${cnt}</var>
<arg>${contains}</arg>
<doc>Returns and logs the length of the given item as an integer.</doc>
<msg timestamp="20230729 15:09:16.012" level="INFO">Length is 0</msg>
<msg timestamp="20230729 15:09:16.015" level="INFO">${cnt} = 0</msg>
<status status="PASS" starttime="20230729 15:09:16.010" endtime="20230729 15:09:16.016"/>
</kw>
<if>
<branch type="IF" condition="${cnt} &gt; 0">
<kw name="Replace String" library="String">
<var>${message}</var>
<arg>${message}</arg>
<arg>_@${contains[0]}@_</arg>
<arg>${STATE["${contains[0]}"]}</arg>
<doc>Replaces ``search_for`` in the given ``string`` with ``replace_with``.</doc>
<status status="NOT RUN" starttime="20230729 15:09:16.020" endtime="20230729 15:09:16.022"/>
</kw>
<status status="NOT RUN" starttime="20230729 15:09:16.017" endtime="20230729 15:09:16.023"/>
</branch>
<status status="PASS" starttime="20230729 15:09:16.017" endtime="20230729 15:09:16.023"/>
</if>
<kw name="Element Text Should Be" library="common">
<arg>id=swal2-html-container</arg>
<arg>${message}</arg>
<kw name="Get Text" library="Browser">
<arg>${locator}</arg>
<arg>equal</arg>
<arg>${expected}</arg>
<arg>${message}</arg>
<tag>Assertion</tag>
<tag>Getter</tag>
<tag>PageContent</tag>
<doc>Returns text attribute of the element found by ``selector``.</doc>
<msg timestamp="20230729 15:09:18.685" level="INFO">Text: 'Thành công'</msg>
<status status="PASS" starttime="20230729 15:09:16.030" endtime="20230729 15:09:18.687"/>
</kw>
<status status="PASS" starttime="20230729 15:09:16.024" endtime="20230729 15:09:18.687"/>
</kw>
<kw name="Set Variable" library="BuiltIn">
<var>${element}</var>
<arg>xpath=//*[contains(@class, "swal2-confirm")]</arg>
<doc>Returns the given values which can then be assigned to a variables.</doc>
<msg timestamp="20230729 15:09:18.692" level="INFO">${element} = xpath=//*[contains(@class, "swal2-confirm")]</msg>
<status status="PASS" starttime="20230729 15:09:18.688" endtime="20230729 15:09:18.693"/>
</kw>
<kw name="Run Keyword And Return Status" library="BuiltIn">
<var>${passed}</var>
<arg>Element Should Be Visible</arg>
<arg>${element}</arg>
<doc>Runs the given keyword with given arguments and returns the status as a Boolean value.</doc>
<kw name="Element Should Be Visible" library="common">
<arg>${element}</arg>
<kw name="Wait For Elements State" library="Browser">
<arg>${locator}</arg>
<arg>visible</arg>
<arg>${timeout}</arg>
<arg>${message}</arg>
<tag>PageContent</tag>
<tag>Wait</tag>
<doc>Waits for the element found by ``selector`` to satisfy state option.</doc>
<msg timestamp="20230729 15:09:19.246" level="INFO" html="true">&lt;/td&gt;&lt;/tr&gt;&lt;tr&gt;&lt;td colspan="3"&gt;&lt;a href="browser/screenshot/fail-screenshot-1.png" target="_blank"&gt;&lt;img src="browser/screenshot/fail-screenshot-1.png" width="800px"/&gt;&lt;/a&gt;</msg>
<msg timestamp="20230729 15:09:19.248" level="INFO">See also file:///C:/Users/nhats/OneDrive/Desktop/ARI/vite-react-ari/results/playwright-log.txt for additional details.</msg>
<msg timestamp="20230729 15:09:19.250" level="FAIL">TimeoutError: locator.waitFor: Timeout 100ms exceeded.
=========================== logs ===========================
waiting for locator('xpath=//*[contains(@class, "swal2-confirm")]') to be visible
  locator resolved to hidden &lt;button type="button" aria-label="" class="swal2-confirm…&gt;OK&lt;/button&gt;
  locator resolved to hidden &lt;button type="button" aria-label="" class="swal2-confirm…&gt;OK&lt;/button&gt;
  locator resolved to hidden &lt;button type="button" aria-label="" class="swal2-confirm…&gt;OK&lt;/button&gt;
============================================================
Tip: Use "Set Browser Timeout" for increasing the timeout or double check your locator as the targeted element(s) couldn't be found.</msg>
<status status="FAIL" starttime="20230729 15:09:18.700" endtime="20230729 15:09:19.265"/>
</kw>
<status status="FAIL" starttime="20230729 15:09:18.697" endtime="20230729 15:09:19.266"/>
</kw>
<msg timestamp="20230729 15:09:19.267" level="INFO">${passed} = False</msg>
<status status="PASS" starttime="20230729 15:09:18.694" endtime="20230729 15:09:19.268"/>
</kw>
<if>
<branch type="IF" condition="'${passed}' == 'True'">
<kw name="Click" library="Browser">
<arg>${element}</arg>
<tag>PageContent</tag>
<tag>Setter</tag>
<doc>Simulates mouse click on the element found by ``selector``.</doc>
<status status="NOT RUN" starttime="20230729 15:09:19.271" endtime="20230729 15:09:19.273"/>
</kw>
<status status="NOT RUN" starttime="20230729 15:09:19.269" endtime="20230729 15:09:19.274"/>
</branch>
<status status="PASS" starttime="20230729 15:09:19.269" endtime="20230729 15:09:19.275"/>
</if>
<kw name="Wait Until Element Is Not Exist" library="common">
<arg>${element}</arg>
<kw name="Wait For Elements State" library="Browser">
<arg>${locator}</arg>
<arg>detached</arg>
<arg>${timeout}</arg>
<arg>${message}</arg>
<tag>PageContent</tag>
<tag>Wait</tag>
<doc>Waits for the element found by ``selector`` to satisfy state option.</doc>
<msg timestamp="20230729 15:09:21.417" level="INFO">Waited for Element with selector xpath=//*[contains(@class, "swal2-confirm")] at state detached</msg>
<status status="PASS" starttime="20230729 15:09:19.279" endtime="20230729 15:09:21.418"/>
</kw>
<status status="PASS" starttime="20230729 15:09:19.276" endtime="20230729 15:09:21.419"/>
</kw>
<status status="PASS" starttime="20230729 15:09:16.003" endtime="20230729 15:09:21.420"/>
</kw>
<status status="PASS" starttime="20230729 15:09:11.405" endtime="20230729 15:09:21.421"/>
</kw>
<kw name="And Click &quot;Người Dùng&quot; menu" library="common" sourcename="Click &quot;${text}&quot; menu">
<kw name="Click" library="Browser">
<arg>xpath=//li[span[contains(text(), "${text}")]]</arg>
<tag>PageContent</tag>
<tag>Setter</tag>
<doc>Simulates mouse click on the element found by ``selector``.</doc>
<status status="PASS" starttime="20230729 15:09:21.482" endtime="20230729 15:09:21.718"/>
</kw>
<kw name="Wait Until Element Spin" library="common">
<kw name="Set Variable" library="BuiltIn">
<var>${element}</var>
<arg>xpath=//*[contains(@class, "ant-spin-spinning")]</arg>
<doc>Returns the given values which can then be assigned to a variables.</doc>
<msg timestamp="20230729 15:09:21.722" level="INFO">${element} = xpath=//*[contains(@class, "ant-spin-spinning")]</msg>
<status status="PASS" starttime="20230729 15:09:21.721" endtime="20230729 15:09:21.723"/>
</kw>
<kw name="Get Element Count" library="Browser">
<var>${count}</var>
<arg>${element}</arg>
<tag>Assertion</tag>
<tag>Getter</tag>
<tag>PageContent</tag>
<doc>Returns the count of elements found with ``selector``.</doc>
<msg timestamp="20230729 15:09:21.749" level="INFO">${count} = 1</msg>
<status status="PASS" starttime="20230729 15:09:21.725" endtime="20230729 15:09:21.750"/>
</kw>
<if>
<branch type="IF" condition="${count} &gt; 0">
<kw name="Wait Until Element Is Not Exist" library="common">
<arg>${element}</arg>
<kw name="Wait For Elements State" library="Browser">
<arg>${locator}</arg>
<arg>detached</arg>
<arg>${timeout}</arg>
<arg>${message}</arg>
<tag>PageContent</tag>
<tag>Wait</tag>
<doc>Waits for the element found by ``selector`` to satisfy state option.</doc>
<msg timestamp="20230729 15:09:22.383" level="INFO">Waited for Element with selector xpath=//*[contains(@class, "ant-spin-spinning")] at state detached</msg>
<status status="PASS" starttime="20230729 15:09:21.757" endtime="20230729 15:09:22.384"/>
</kw>
<status status="PASS" starttime="20230729 15:09:21.752" endtime="20230729 15:09:22.385"/>
</kw>
<status status="PASS" starttime="20230729 15:09:21.751" endtime="20230729 15:09:22.386"/>
</branch>
<status status="PASS" starttime="20230729 15:09:21.751" endtime="20230729 15:09:22.386"/>
</if>
<status status="PASS" starttime="20230729 15:09:21.719" endtime="20230729 15:09:22.387"/>
</kw>
<status status="PASS" starttime="20230729 15:09:21.448" endtime="20230729 15:09:22.388"/>
</kw>
<kw name="And Click list Role with &quot;Supper Admin&quot;" library="common" sourcename="Click list ${name} with &quot;${text}&quot;">
<kw name="Set Variable" library="BuiltIn">
<var>${element}</var>
<arg>xpath=//div[contains(@class, 'truncate') and text()='${text}']</arg>
<doc>Returns the given values which can then be assigned to a variables.</doc>
<msg timestamp="20230729 15:09:22.513" level="INFO">${element} = xpath=//div[contains(@class, 'truncate') and text()='Supper Admin']</msg>
<status status="PASS" starttime="20230729 15:09:22.511" endtime="20230729 15:09:22.515"/>
</kw>
<kw name="Wait Until Element Is Visible" library="common">
<arg>${element}</arg>
<kw name="Wait For Elements State" library="Browser">
<arg>${locator}</arg>
<arg>visible</arg>
<arg>${timeout}</arg>
<arg>${message}</arg>
<tag>PageContent</tag>
<tag>Wait</tag>
<doc>Waits for the element found by ``selector`` to satisfy state option.</doc>
<msg timestamp="20230729 15:09:24.383" level="INFO">Waited for Element with selector xpath=//div[contains(@class, 'truncate') and text()='Supper Admin'] at state visible</msg>
<status status="PASS" starttime="20230729 15:09:22.524" endtime="20230729 15:09:24.384"/>
</kw>
<status status="PASS" starttime="20230729 15:09:22.516" endtime="20230729 15:09:24.384"/>
</kw>
<kw name="Click" library="Browser">
<arg>${element}</arg>
<tag>PageContent</tag>
<tag>Setter</tag>
<doc>Simulates mouse click on the element found by ``selector``.</doc>
<status status="PASS" starttime="20230729 15:09:24.385" endtime="20230729 15:09:24.645"/>
</kw>
<kw name="Wait Until Element Spin" library="common">
<kw name="Set Variable" library="BuiltIn">
<var>${element}</var>
<arg>xpath=//*[contains(@class, "ant-spin-spinning")]</arg>
<doc>Returns the given values which can then be assigned to a variables.</doc>
<msg timestamp="20230729 15:09:24.650" level="INFO">${element} = xpath=//*[contains(@class, "ant-spin-spinning")]</msg>
<status status="PASS" starttime="20230729 15:09:24.649" endtime="20230729 15:09:24.650"/>
</kw>
<kw name="Get Element Count" library="Browser">
<var>${count}</var>
<arg>${element}</arg>
<tag>Assertion</tag>
<tag>Getter</tag>
<tag>PageContent</tag>
<doc>Returns the count of elements found with ``selector``.</doc>
<msg timestamp="20230729 15:09:24.755" level="INFO">${count} = 1</msg>
<status status="PASS" starttime="20230729 15:09:24.651" endtime="20230729 15:09:24.755"/>
</kw>
<if>
<branch type="IF" condition="${count} &gt; 0">
<kw name="Wait Until Element Is Not Exist" library="common">
<arg>${element}</arg>
<kw name="Wait For Elements State" library="Browser">
<arg>${locator}</arg>
<arg>detached</arg>
<arg>${timeout}</arg>
<arg>${message}</arg>
<tag>PageContent</tag>
<tag>Wait</tag>
<doc>Waits for the element found by ``selector`` to satisfy state option.</doc>
<msg timestamp="20230729 15:09:26.210" level="INFO">Waited for Element with selector xpath=//*[contains(@class, "ant-spin-spinning")] at state detached</msg>
<status status="PASS" starttime="20230729 15:09:24.765" endtime="20230729 15:09:26.214"/>
</kw>
<status status="PASS" starttime="20230729 15:09:24.762" endtime="20230729 15:09:26.215"/>
</kw>
<status status="PASS" starttime="20230729 15:09:24.758" endtime="20230729 15:09:26.216"/>
</branch>
<status status="PASS" starttime="20230729 15:09:24.758" endtime="20230729 15:09:26.217"/>
</if>
<status status="PASS" starttime="20230729 15:09:24.647" endtime="20230729 15:09:26.217"/>
</kw>
<kw name="Wait Until Element Spin" library="common">
<kw name="Set Variable" library="BuiltIn">
<var>${element}</var>
<arg>xpath=//*[contains(@class, "ant-spin-spinning")]</arg>
<doc>Returns the given values which can then be assigned to a variables.</doc>
<msg timestamp="20230729 15:09:26.221" level="INFO">${element} = xpath=//*[contains(@class, "ant-spin-spinning")]</msg>
<status status="PASS" starttime="20230729 15:09:26.220" endtime="20230729 15:09:26.222"/>
</kw>
<kw name="Get Element Count" library="Browser">
<var>${count}</var>
<arg>${element}</arg>
<tag>Assertion</tag>
<tag>Getter</tag>
<tag>PageContent</tag>
<doc>Returns the count of elements found with ``selector``.</doc>
<msg timestamp="20230729 15:09:26.248" level="INFO">${count} = 0</msg>
<status status="PASS" starttime="20230729 15:09:26.224" endtime="20230729 15:09:26.250"/>
</kw>
<if>
<branch type="IF" condition="${count} &gt; 0">
<kw name="Wait Until Element Is Not Exist" library="common">
<arg>${element}</arg>
<status status="NOT RUN" starttime="20230729 15:09:26.252" endtime="20230729 15:09:26.253"/>
</kw>
<status status="NOT RUN" starttime="20230729 15:09:26.251" endtime="20230729 15:09:26.254"/>
</branch>
<status status="PASS" starttime="20230729 15:09:26.251" endtime="20230729 15:09:26.254"/>
</if>
<status status="PASS" starttime="20230729 15:09:26.218" endtime="20230729 15:09:26.254"/>
</kw>
<status status="PASS" starttime="20230729 15:09:22.435" endtime="20230729 15:09:26.255"/>
</kw>
<kw name="Then Show list of &quot;users&quot;" library="common" sourcename="Show list of &quot;${name}&quot;">
<kw name="Wait Until Element Spin" library="common">
<kw name="Set Variable" library="BuiltIn">
<var>${element}</var>
<arg>xpath=//*[contains(@class, "ant-spin-spinning")]</arg>
<doc>Returns the given values which can then be assigned to a variables.</doc>
<msg timestamp="20230729 15:09:26.384" level="INFO">${element} = xpath=//*[contains(@class, "ant-spin-spinning")]</msg>
<status status="PASS" starttime="20230729 15:09:26.382" endtime="20230729 15:09:26.385"/>
</kw>
<kw name="Get Element Count" library="Browser">
<var>${count}</var>
<arg>${element}</arg>
<tag>Assertion</tag>
<tag>Getter</tag>
<tag>PageContent</tag>
<doc>Returns the count of elements found with ``selector``.</doc>
<msg timestamp="20230729 15:09:26.401" level="INFO">${count} = 0</msg>
<status status="PASS" starttime="20230729 15:09:26.385" endtime="20230729 15:09:26.401"/>
</kw>
<if>
<branch type="IF" condition="${count} &gt; 0">
<kw name="Wait Until Element Is Not Exist" library="common">
<arg>${element}</arg>
<status status="NOT RUN" starttime="20230729 15:09:26.404" endtime="20230729 15:09:26.405"/>
</kw>
<status status="NOT RUN" starttime="20230729 15:09:26.402" endtime="20230729 15:09:26.407"/>
</branch>
<status status="PASS" starttime="20230729 15:09:26.402" endtime="20230729 15:09:26.408"/>
</if>
<status status="PASS" starttime="20230729 15:09:26.379" endtime="20230729 15:09:26.410"/>
</kw>
<kw name="Wait Until Element Spin" library="common">
<kw name="Set Variable" library="BuiltIn">
<var>${element}</var>
<arg>xpath=//*[contains(@class, "ant-spin-spinning")]</arg>
<doc>Returns the given values which can then be assigned to a variables.</doc>
<msg timestamp="20230729 15:09:26.415" level="INFO">${element} = xpath=//*[contains(@class, "ant-spin-spinning")]</msg>
<status status="PASS" starttime="20230729 15:09:26.414" endtime="20230729 15:09:26.416"/>
</kw>
<kw name="Get Element Count" library="Browser">
<var>${count}</var>
<arg>${element}</arg>
<tag>Assertion</tag>
<tag>Getter</tag>
<tag>PageContent</tag>
<doc>Returns the count of elements found with ``selector``.</doc>
<msg timestamp="20230729 15:09:26.438" level="INFO">${count} = 0</msg>
<status status="PASS" starttime="20230729 15:09:26.416" endtime="20230729 15:09:26.440"/>
</kw>
<if>
<branch type="IF" condition="${count} &gt; 0">
<kw name="Wait Until Element Is Not Exist" library="common">
<arg>${element}</arg>
<status status="NOT RUN" starttime="20230729 15:09:26.445" endtime="20230729 15:09:26.446"/>
</kw>
<status status="NOT RUN" starttime="20230729 15:09:26.442" endtime="20230729 15:09:26.447"/>
</branch>
<status status="PASS" starttime="20230729 15:09:26.441" endtime="20230729 15:09:26.447"/>
</if>
<status status="PASS" starttime="20230729 15:09:26.410" endtime="20230729 15:09:26.448"/>
</kw>
<kw name="Get Elements" library="Browser">
<var>${elements}</var>
<arg>xpath=//*[contains(@class, "ant-table-row")]</arg>
<tag>Getter</tag>
<tag>PageContent</tag>
<doc>Returns a reference to Playwright [https://playwright.dev/docs/api/class-locator|Locator]
for all matched elements by ``selector``.</doc>
<msg timestamp="20230729 15:09:26.498" level="INFO">Found 2 Locators successfully.</msg>
<msg timestamp="20230729 15:09:26.499" level="INFO">${elements} = ['element=7de2e84e-0e44-460b-a252-b45c02e74b9d', 'element=cec44cf4-f4dd-4a78-ace6-7fddfad19639']</msg>
<status status="PASS" starttime="20230729 15:09:26.449" endtime="20230729 15:09:26.501"/>
</kw>
<kw name="Set Variable" library="BuiltIn">
<var>${count}</var>
<arg>2</arg>
<doc>Returns the given values which can then be assigned to a variables.</doc>
<msg timestamp="20230729 15:09:26.504" level="INFO">${count} = 2</msg>
<status status="PASS" starttime="20230729 15:09:26.502" endtime="20230729 15:09:26.505"/>
</kw>
<kw name="Set Variable" library="BuiltIn">
<var>${stt}</var>
<arg>1</arg>
<doc>Returns the given values which can then be assigned to a variables.</doc>
<msg timestamp="20230729 15:09:26.510" level="INFO">${stt} = 1</msg>
<status status="PASS" starttime="20230729 15:09:26.506" endtime="20230729 15:09:26.510"/>
</kw>
<if>
<branch type="IF" condition="'${name}' == 'users'">
<for flavor="IN">
<var>${item}</var>
<value>@{elements}</value>
<iter>
<var name="${item}">element=7de2e84e-0e44-460b-a252-b45c02e74b9d</var>
<kw name="Get Text" library="Browser">
<var>${fullname}</var>
<arg>//tbody/tr[${count}]/td[1]/div[1]/span[1]</arg>
<tag>Assertion</tag>
<tag>Getter</tag>
<tag>PageContent</tag>
<doc>Returns text attribute of the element found by ``selector``.</doc>
<msg timestamp="20230729 15:09:26.580" level="INFO">Text: 'Libero nam magnam consequuntur eaque.'</msg>
<msg timestamp="20230729 15:09:26.581" level="INFO">${fullname} = Libero nam magnam consequuntur eaque.</msg>
<status status="PASS" starttime="20230729 15:09:26.516" endtime="20230729 15:09:26.582"/>
</kw>
<kw name="Get Text" library="Browser">
<var>${position}</var>
<arg>//tbody/tr[${count}]/td[2]</arg>
<tag>Assertion</tag>
<tag>Getter</tag>
<tag>PageContent</tag>
<doc>Returns text attribute of the element found by ``selector``.</doc>
<msg timestamp="20230729 15:09:26.646" level="INFO">Text: 'Developer'</msg>
<msg timestamp="20230729 15:09:26.646" level="INFO">${position} = Developer</msg>
<status status="PASS" starttime="20230729 15:09:26.583" endtime="20230729 15:09:26.648"/>
</kw>
<kw name="Get Text" library="Browser">
<var>${role}</var>
<arg>//tbody/tr[${count}]/td[3]</arg>
<tag>Assertion</tag>
<tag>Getter</tag>
<tag>PageContent</tag>
<doc>Returns text attribute of the element found by ``selector``.</doc>
<msg timestamp="20230729 15:09:26.704" level="INFO">Text: 'Supper Admin'</msg>
<msg timestamp="20230729 15:09:26.705" level="INFO">${role} = Supper Admin</msg>
<status status="PASS" starttime="20230729 15:09:26.649" endtime="20230729 15:09:26.707"/>
</kw>
<kw name="Get Text" library="Browser">
<var>${manager}</var>
<arg>//tbody/tr[${count}]/td[4]</arg>
<tag>Assertion</tag>
<tag>Getter</tag>
<tag>PageContent</tag>
<doc>Returns text attribute of the element found by ``selector``.</doc>
<msg timestamp="20230729 15:09:26.761" level="INFO">Text: ''</msg>
<msg timestamp="20230729 15:09:26.762" level="INFO">${manager} = </msg>
<status status="PASS" starttime="20230729 15:09:26.710" endtime="20230729 15:09:26.763"/>
</kw>
<kw name="Get Text" library="Browser">
<var>${team}</var>
<arg>//tbody/tr[${count}]/td[5]</arg>
<tag>Assertion</tag>
<tag>Getter</tag>
<tag>PageContent</tag>
<doc>Returns text attribute of the element found by ``selector``.</doc>
<msg timestamp="20230729 15:09:26.812" level="INFO">Text: ''</msg>
<msg timestamp="20230729 15:09:26.813" level="INFO">${team} = </msg>
<status status="PASS" starttime="20230729 15:09:26.764" endtime="20230729 15:09:26.814"/>
</kw>
<kw name="Get Text" library="Browser">
<var>${Email}</var>
<arg>//tbody/tr[${count}]/td[6]</arg>
<tag>Assertion</tag>
<tag>Getter</tag>
<tag>PageContent</tag>
<doc>Returns text attribute of the element found by ``selector``.</doc>
<msg timestamp="20230729 15:09:26.861" level="INFO">Text: 'hovannhat@admin.com'</msg>
<msg timestamp="20230729 15:09:26.862" level="INFO">${Email} = hovannhat@admin.com</msg>
<status status="PASS" starttime="20230729 15:09:26.816" endtime="20230729 15:09:26.864"/>
</kw>
<kw name="Get Text" library="Browser">
<var>${phone_number}</var>
<arg>//tbody/tr[${count}]/td[7]</arg>
<tag>Assertion</tag>
<tag>Getter</tag>
<tag>PageContent</tag>
<doc>Returns text attribute of the element found by ``selector``.</doc>
<msg timestamp="20230729 15:09:26.916" level="INFO">Text: '988417454123'</msg>
<msg timestamp="20230729 15:09:26.918" level="INFO">${phone_number} = 988417454123</msg>
<status status="PASS" starttime="20230729 15:09:26.865" endtime="20230729 15:09:26.919"/>
</kw>
<if>
<branch type="IF" condition="'${manager}' == '${EMPTY}'">
<kw name="Set Variable" library="BuiltIn">
<var>${manager}</var>
<arg>Không có quản lý</arg>
<doc>Returns the given values which can then be assigned to a variables.</doc>
<msg timestamp="20230729 15:09:26.925" level="INFO">${manager} = Không có quản lý</msg>
<status status="PASS" starttime="20230729 15:09:26.924" endtime="20230729 15:09:26.926"/>
</kw>
<status status="PASS" starttime="20230729 15:09:26.920" endtime="20230729 15:09:26.927"/>
</branch>
<status status="PASS" starttime="20230729 15:09:26.919" endtime="20230729 15:09:26.927"/>
</if>
<if>
<branch type="IF" condition="'${team}' == '${EMPTY}'">
<kw name="Set Variable" library="BuiltIn">
<var>${team}</var>
<arg>Không có nhóm</arg>
<doc>Returns the given values which can then be assigned to a variables.</doc>
<msg timestamp="20230729 15:09:26.936" level="INFO">${team} = Không có nhóm</msg>
<status status="PASS" starttime="20230729 15:09:26.935" endtime="20230729 15:09:26.936"/>
</kw>
<status status="PASS" starttime="20230729 15:09:26.928" endtime="20230729 15:09:26.937"/>
</branch>
<status status="PASS" starttime="20230729 15:09:26.928" endtime="20230729 15:09:26.937"/>
</if>
<kw name="Log To Console" library="BuiltIn">
<arg>${stt}. ${fullname} | ${position} | ${role} | ${manager} | ${team} | ${Email} | ${phone_number} |</arg>
<doc>Logs the given message to the console.</doc>
<status status="PASS" starttime="20230729 15:09:26.938" endtime="20230729 15:09:26.945"/>
</kw>
<kw name="Log To Console" library="BuiltIn">
<arg>========================================================================================================</arg>
<doc>Logs the given message to the console.</doc>
<status status="PASS" starttime="20230729 15:09:26.945" endtime="20230729 15:09:26.948"/>
</kw>
<kw name="Evaluate" library="BuiltIn">
<var>${count}</var>
<arg>${count} + 1</arg>
<doc>Evaluates the given expression in Python and returns the result.</doc>
<msg timestamp="20230729 15:09:26.949" level="INFO">${count} = 3</msg>
<status status="PASS" starttime="20230729 15:09:26.948" endtime="20230729 15:09:26.950"/>
</kw>
<kw name="Evaluate" library="BuiltIn">
<var>${stt}</var>
<arg>${stt} + 1</arg>
<doc>Evaluates the given expression in Python and returns the result.</doc>
<msg timestamp="20230729 15:09:26.951" level="INFO">${stt} = 2</msg>
<status status="PASS" starttime="20230729 15:09:26.950" endtime="20230729 15:09:26.952"/>
</kw>
<status status="PASS" starttime="20230729 15:09:26.514" endtime="20230729 15:09:26.953"/>
</iter>
<iter>
<var name="${item}">element=cec44cf4-f4dd-4a78-ace6-7fddfad19639</var>
<kw name="Get Text" library="Browser">
<var>${fullname}</var>
<arg>//tbody/tr[${count}]/td[1]/div[1]/span[1]</arg>
<tag>Assertion</tag>
<tag>Getter</tag>
<tag>PageContent</tag>
<doc>Returns text attribute of the element found by ``selector``.</doc>
<msg timestamp="20230729 15:09:27.001" level="INFO">Text: 'Minh Huyền Phạm'</msg>
<msg timestamp="20230729 15:09:27.002" level="INFO">${fullname} = Minh Huyền Phạm</msg>
<status status="PASS" starttime="20230729 15:09:26.955" endtime="20230729 15:09:27.003"/>
</kw>
<kw name="Get Text" library="Browser">
<var>${position}</var>
<arg>//tbody/tr[${count}]/td[2]</arg>
<tag>Assertion</tag>
<tag>Getter</tag>
<tag>PageContent</tag>
<doc>Returns text attribute of the element found by ``selector``.</doc>
<msg timestamp="20230729 15:09:27.061" level="INFO">Text: 'Developer'</msg>
<msg timestamp="20230729 15:09:27.062" level="INFO">${position} = Developer</msg>
<status status="PASS" starttime="20230729 15:09:27.006" endtime="20230729 15:09:27.063"/>
</kw>
<kw name="Get Text" library="Browser">
<var>${role}</var>
<arg>//tbody/tr[${count}]/td[3]</arg>
<tag>Assertion</tag>
<tag>Getter</tag>
<tag>PageContent</tag>
<doc>Returns text attribute of the element found by ``selector``.</doc>
<msg timestamp="20230729 15:09:27.131" level="INFO">Text: 'Supper Admin'</msg>
<msg timestamp="20230729 15:09:27.132" level="INFO">${role} = Supper Admin</msg>
<status status="PASS" starttime="20230729 15:09:27.064" endtime="20230729 15:09:27.133"/>
</kw>
<kw name="Get Text" library="Browser">
<var>${manager}</var>
<arg>//tbody/tr[${count}]/td[4]</arg>
<tag>Assertion</tag>
<tag>Getter</tag>
<tag>PageContent</tag>
<doc>Returns text attribute of the element found by ``selector``.</doc>
<msg timestamp="20230729 15:09:27.184" level="INFO">Text: ''</msg>
<msg timestamp="20230729 15:09:27.185" level="INFO">${manager} = </msg>
<status status="PASS" starttime="20230729 15:09:27.134" endtime="20230729 15:09:27.187"/>
</kw>
<kw name="Get Text" library="Browser">
<var>${team}</var>
<arg>//tbody/tr[${count}]/td[5]</arg>
<tag>Assertion</tag>
<tag>Getter</tag>
<tag>PageContent</tag>
<doc>Returns text attribute of the element found by ``selector``.</doc>
<msg timestamp="20230729 15:09:27.251" level="INFO">Text: ''</msg>
<msg timestamp="20230729 15:09:27.252" level="INFO">${team} = </msg>
<status status="PASS" starttime="20230729 15:09:27.188" endtime="20230729 15:09:27.254"/>
</kw>
<kw name="Get Text" library="Browser">
<var>${Email}</var>
<arg>//tbody/tr[${count}]/td[6]</arg>
<tag>Assertion</tag>
<tag>Getter</tag>
<tag>PageContent</tag>
<doc>Returns text attribute of the element found by ``selector``.</doc>
<msg timestamp="20230729 15:09:27.298" level="INFO">Text: 'admin@admin.com'</msg>
<msg timestamp="20230729 15:09:27.299" level="INFO">${Email} = admin@admin.com</msg>
<status status="PASS" starttime="20230729 15:09:27.255" endtime="20230729 15:09:27.300"/>
</kw>
<kw name="Get Text" library="Browser">
<var>${phone_number}</var>
<arg>//tbody/tr[${count}]/td[7]</arg>
<tag>Assertion</tag>
<tag>Getter</tag>
<tag>PageContent</tag>
<doc>Returns text attribute of the element found by ``selector``.</doc>
<msg timestamp="20230729 15:09:27.359" level="INFO">Text: '0134272836'</msg>
<msg timestamp="20230729 15:09:27.360" level="INFO">${phone_number} = 0134272836</msg>
<status status="PASS" starttime="20230729 15:09:27.302" endtime="20230729 15:09:27.362"/>
</kw>
<if>
<branch type="IF" condition="'${manager}' == '${EMPTY}'">
<kw name="Set Variable" library="BuiltIn">
<var>${manager}</var>
<arg>Không có quản lý</arg>
<doc>Returns the given values which can then be assigned to a variables.</doc>
<msg timestamp="20230729 15:09:27.369" level="INFO">${manager} = Không có quản lý</msg>
<status status="PASS" starttime="20230729 15:09:27.366" endtime="20230729 15:09:27.370"/>
</kw>
<status status="PASS" starttime="20230729 15:09:27.363" endtime="20230729 15:09:27.372"/>
</branch>
<status status="PASS" starttime="20230729 15:09:27.363" endtime="20230729 15:09:27.373"/>
</if>
<if>
<branch type="IF" condition="'${team}' == '${EMPTY}'">
<kw name="Set Variable" library="BuiltIn">
<var>${team}</var>
<arg>Không có nhóm</arg>
<doc>Returns the given values which can then be assigned to a variables.</doc>
<msg timestamp="20230729 15:09:27.382" level="INFO">${team} = Không có nhóm</msg>
<status status="PASS" starttime="20230729 15:09:27.379" endtime="20230729 15:09:27.383"/>
</kw>
<status status="PASS" starttime="20230729 15:09:27.374" endtime="20230729 15:09:27.383"/>
</branch>
<status status="PASS" starttime="20230729 15:09:27.373" endtime="20230729 15:09:27.384"/>
</if>
<kw name="Log To Console" library="BuiltIn">
<arg>${stt}. ${fullname} | ${position} | ${role} | ${manager} | ${team} | ${Email} | ${phone_number} |</arg>
<doc>Logs the given message to the console.</doc>
<status status="PASS" starttime="20230729 15:09:27.385" endtime="20230729 15:09:27.391"/>
</kw>
<kw name="Log To Console" library="BuiltIn">
<arg>========================================================================================================</arg>
<doc>Logs the given message to the console.</doc>
<status status="PASS" starttime="20230729 15:09:27.393" endtime="20230729 15:09:27.395"/>
</kw>
<kw name="Evaluate" library="BuiltIn">
<var>${count}</var>
<arg>${count} + 1</arg>
<doc>Evaluates the given expression in Python and returns the result.</doc>
<msg timestamp="20230729 15:09:27.398" level="INFO">${count} = 4</msg>
<status status="PASS" starttime="20230729 15:09:27.396" endtime="20230729 15:09:27.398"/>
</kw>
<kw name="Evaluate" library="BuiltIn">
<var>${stt}</var>
<arg>${stt} + 1</arg>
<doc>Evaluates the given expression in Python and returns the result.</doc>
<msg timestamp="20230729 15:09:27.402" level="INFO">${stt} = 3</msg>
<status status="PASS" starttime="20230729 15:09:27.400" endtime="20230729 15:09:27.404"/>
</kw>
<status status="PASS" starttime="20230729 15:09:26.953" endtime="20230729 15:09:27.405"/>
</iter>
<status status="PASS" starttime="20230729 15:09:26.513" endtime="20230729 15:09:27.406"/>
</for>
<status status="PASS" starttime="20230729 15:09:26.511" endtime="20230729 15:09:27.407"/>
</branch>
<branch type="ELSE IF" condition="'${name}' == 'teams'">
<for flavor="IN">
<var>${item}</var>
<value>@{elements}</value>
<iter>
<var name="${item}"/>
<kw name="Get Text" library="Browser">
<var>${team_name}</var>
<arg>//tbody[1]/tr[${count}]/td[1]</arg>
<tag>Assertion</tag>
<tag>Getter</tag>
<tag>PageContent</tag>
<doc>Returns text attribute of the element found by ``selector``.</doc>
<status status="NOT RUN" starttime="20230729 15:09:27.412" endtime="20230729 15:09:27.413"/>
</kw>
<kw name="Get Text" library="Browser">
<var>${manager}</var>
<arg>//tbody/tr[${count}]/td[2]/div[1]/span[1]</arg>
<tag>Assertion</tag>
<tag>Getter</tag>
<tag>PageContent</tag>
<doc>Returns text attribute of the element found by ``selector``.</doc>
<status status="NOT RUN" starttime="20230729 15:09:27.414" endtime="20230729 15:09:27.415"/>
</kw>
<kw name="Log To Console" library="BuiltIn">
<arg>${stt}. ${team_name} || ${manager}</arg>
<doc>Logs the given message to the console.</doc>
<status status="NOT RUN" starttime="20230729 15:09:27.416" endtime="20230729 15:09:27.417"/>
</kw>
<kw name="Log To Console" library="BuiltIn">
<arg>=======================================</arg>
<doc>Logs the given message to the console.</doc>
<status status="NOT RUN" starttime="20230729 15:09:27.419" endtime="20230729 15:09:27.420"/>
</kw>
<kw name="Evaluate" library="BuiltIn">
<var>${count}</var>
<arg>${count} + 1</arg>
<doc>Evaluates the given expression in Python and returns the result.</doc>
<status status="NOT RUN" starttime="20230729 15:09:27.422" endtime="20230729 15:09:27.423"/>
</kw>
<kw name="Evaluate" library="BuiltIn">
<var>${stt}</var>
<arg>${stt} + 1</arg>
<doc>Evaluates the given expression in Python and returns the result.</doc>
<status status="NOT RUN" starttime="20230729 15:09:27.425" endtime="20230729 15:09:27.425"/>
</kw>
<status status="NOT RUN" starttime="20230729 15:09:27.411" endtime="20230729 15:09:27.427"/>
</iter>
<status status="NOT RUN" starttime="20230729 15:09:27.410" endtime="20230729 15:09:27.428"/>
</for>
<status status="NOT RUN" starttime="20230729 15:09:27.409" endtime="20230729 15:09:27.428"/>
</branch>
<branch type="ELSE IF" condition="'${name}' == 'codes'">
<for flavor="IN">
<var>${item}</var>
<value>@{elements}</value>
<iter>
<var name="${item}"/>
<kw name="Get Text" library="Browser">
<var>${code}</var>
<arg>//tbody[1]/tr[${count}]/td[1]</arg>
<tag>Assertion</tag>
<tag>Getter</tag>
<tag>PageContent</tag>
<doc>Returns text attribute of the element found by ``selector``.</doc>
<status status="NOT RUN" starttime="20230729 15:09:27.432" endtime="20230729 15:09:27.433"/>
</kw>
<kw name="Get Text" library="Browser">
<var>${name_code}</var>
<arg>//tbody[1]/tr[${count}]/td[2]</arg>
<tag>Assertion</tag>
<tag>Getter</tag>
<tag>PageContent</tag>
<doc>Returns text attribute of the element found by ``selector``.</doc>
<status status="NOT RUN" starttime="20230729 15:09:27.434" endtime="20230729 15:09:27.435"/>
</kw>
<kw name="Get Text" library="Browser">
<var>${Description}</var>
<arg>//tbody[1]/tr[${count}]/td[3]</arg>
<tag>Assertion</tag>
<tag>Getter</tag>
<tag>PageContent</tag>
<doc>Returns text attribute of the element found by ``selector``.</doc>
<status status="NOT RUN" starttime="20230729 15:09:27.443" endtime="20230729 15:09:27.444"/>
</kw>
<kw name="Log To Console" library="BuiltIn">
<arg>${stt}. Mã: ${code} || Tên mã: ${name_code} || Mô tả: ${Description}</arg>
<doc>Logs the given message to the console.</doc>
<status status="NOT RUN" starttime="20230729 15:09:27.445" endtime="20230729 15:09:27.447"/>
</kw>
<kw name="Log To Console" library="BuiltIn">
<arg>===================================================================================</arg>
<doc>Logs the given message to the console.</doc>
<status status="NOT RUN" starttime="20230729 15:09:27.449" endtime="20230729 15:09:27.450"/>
</kw>
<kw name="Evaluate" library="BuiltIn">
<var>${count}</var>
<arg>${count} + 1</arg>
<doc>Evaluates the given expression in Python and returns the result.</doc>
<status status="NOT RUN" starttime="20230729 15:09:27.451" endtime="20230729 15:09:27.451"/>
</kw>
<kw name="Evaluate" library="BuiltIn">
<var>${stt}</var>
<arg>${stt} + 1</arg>
<doc>Evaluates the given expression in Python and returns the result.</doc>
<status status="NOT RUN" starttime="20230729 15:09:27.452" endtime="20230729 15:09:27.455"/>
</kw>
<status status="NOT RUN" starttime="20230729 15:09:27.430" endtime="20230729 15:09:27.456"/>
</iter>
<status status="NOT RUN" starttime="20230729 15:09:27.429" endtime="20230729 15:09:27.458"/>
</for>
<status status="NOT RUN" starttime="20230729 15:09:27.429" endtime="20230729 15:09:27.459"/>
</branch>
<branch type="ELSE IF" condition="'${name}' == 'data'">
<for flavor="IN">
<var>${item}</var>
<value>@{elements}</value>
<iter>
<var name="${item}"/>
<kw name="Get Text" library="Browser">
<var>${name_data}</var>
<arg>//tbody[1]/tr[${count}]/td[1]</arg>
<tag>Assertion</tag>
<tag>Getter</tag>
<tag>PageContent</tag>
<doc>Returns text attribute of the element found by ``selector``.</doc>
<status status="NOT RUN" starttime="20230729 15:09:27.466" endtime="20230729 15:09:27.467"/>
</kw>
<kw name="Get Text" library="Browser">
<var>${order}</var>
<arg>//tbody[1]/tr[${count}]/td[2]</arg>
<tag>Assertion</tag>
<tag>Getter</tag>
<tag>PageContent</tag>
<doc>Returns text attribute of the element found by ``selector``.</doc>
<status status="NOT RUN" starttime="20230729 15:09:27.475" endtime="20230729 15:09:27.476"/>
</kw>
<kw name="Log To Console" library="BuiltIn">
<arg>${stt}. Tên dữ liệu: ${name_data} || Order: ${order}</arg>
<doc>Logs the given message to the console.</doc>
<status status="NOT RUN" starttime="20230729 15:09:27.477" endtime="20230729 15:09:27.478"/>
</kw>
<kw name="Log To Console" library="BuiltIn">
<arg>===================================================================================</arg>
<doc>Logs the given message to the console.</doc>
<status status="NOT RUN" starttime="20230729 15:09:27.479" endtime="20230729 15:09:27.480"/>
</kw>
<kw name="Evaluate" library="BuiltIn">
<var>${count}</var>
<arg>${count} + 1</arg>
<doc>Evaluates the given expression in Python and returns the result.</doc>
<status status="NOT RUN" starttime="20230729 15:09:27.481" endtime="20230729 15:09:27.482"/>
</kw>
<kw name="Evaluate" library="BuiltIn">
<var>${stt}</var>
<arg>${stt} + 1</arg>
<doc>Evaluates the given expression in Python and returns the result.</doc>
<status status="NOT RUN" starttime="20230729 15:09:27.484" endtime="20230729 15:09:27.486"/>
</kw>
<status status="NOT RUN" starttime="20230729 15:09:27.465" endtime="20230729 15:09:27.489"/>
</iter>
<status status="NOT RUN" starttime="20230729 15:09:27.461" endtime="20230729 15:09:27.490"/>
</for>
<status status="NOT RUN" starttime="20230729 15:09:27.460" endtime="20230729 15:09:27.493"/>
</branch>
<status status="PASS" starttime="20230729 15:09:26.511" endtime="20230729 15:09:27.494"/>
</if>
<kw name="Evaluate" library="BuiltIn">
<var>${total}</var>
<arg>${count} - 2</arg>
<doc>Evaluates the given expression in Python and returns the result.</doc>
<msg timestamp="20230729 15:09:27.497" level="INFO">${total} = 2</msg>
<status status="PASS" starttime="20230729 15:09:27.494" endtime="20230729 15:09:27.500"/>
</kw>
<kw name="Log To Console" library="BuiltIn">
<arg>Tổng số lượng ${name} là: ${total}</arg>
<doc>Logs the given message to the console.</doc>
<status status="PASS" starttime="20230729 15:09:27.501" endtime="20230729 15:09:27.503"/>
</kw>
<status status="PASS" starttime="20230729 15:09:26.304" endtime="20230729 15:09:27.504"/>
</kw>
<kw name="Tear Down" library="common" type="TEARDOWN">
<kw name="Close Browser" library="Browser">
<arg>ALL</arg>
<tag>BrowserControl</tag>
<tag>Setter</tag>
<doc>Closes the current browser.</doc>
<msg timestamp="20230729 15:09:27.740" level="INFO">Closed all browsers</msg>
<status status="PASS" starttime="20230729 15:09:27.544" endtime="20230729 15:09:27.741"/>
</kw>
<status status="PASS" starttime="20230729 15:09:27.543" endtime="20230729 15:09:27.742"/>
</kw>
<status status="PASS" starttime="20230729 15:09:07.970" endtime="20230729 15:09:27.744"/>
</test>
<status status="PASS" starttime="20230729 15:09:03.099" endtime="20230729 15:09:27.763"/>
</suite>
<status status="PASS" starttime="20230729 15:09:03.083" endtime="20230729 15:09:27.780"/>
</suite>
<status status="PASS" starttime="20230729 15:09:03.073" endtime="20230729 15:09:27.786"/>
</suite>
<status status="PASS" starttime="20230729 15:09:02.942" endtime="20230729 15:09:27.793"/>
</suite>
<statistics>
<total>
<stat pass="1" fail="0" skip="0">All Tests</stat>
</total>
<tag>
</tag>
<suite>
<stat pass="1" fail="0" skip="0" id="s1" name="Vite-React-Ari">Vite-React-Ari</stat>
<stat pass="1" fail="0" skip="0" id="s1-s1" name="Test">Vite-React-Ari.Test</stat>
<stat pass="1" fail="0" skip="0" id="s1-s1-s1" name="Testcases">Vite-React-Ari.Test.Testcases</stat>
<stat pass="1" fail="0" skip="0" id="s1-s1-s1-s1" name="Admin Create user">Vite-React-Ari.Test.Testcases.Admin Create user</stat>
</suite>
</statistics>
<errors>
</errors>
</robot>
